{"Provider_Name": "Microsoft-Windows-Sysmon", "Provider_Guid": "{5770385f-c22a-43e0-bf4c-06f5698ffbd9}", "Provider": null, "EventID_Qualifiers": "", "EventID": "12", "Version": "2", "Level": "4", "Task": "12", "Opcode": "0", "Keywords": "0x8000000000000000", "TimeCreated_SystemTime": "2023-09-27 01:43:08.807224", "TimeCreated": null, "EventRecordID": "27633", "Correlation_ActivityID": "", "Correlation_RelatedActivityID": "", "Correlation": null, "Execution_ProcessID": "3368", "Execution_ThreadID": "4984", "Execution": null, "Channel": "Microsoft-Windows-Sysmon/Operational", "Computer": "DESKTOP-P5C3MUD", "Security_UserID": "S-1-5-18", "Security": null, "EventData_RuleName": "-", "EventData_EventType": "CreateKey", "EventData_UtcTime": "2023-09-27 01:43:08.794", "EventData_ProcessGuid": "{4557fbaa-88ac-6513-a124-000000000c00}", "EventData_ProcessId": "10448", "EventData_Image": "E:\\Software\\Microsoft Visual Studio\\VC\\Tools\\MSVC\\14.37.32822\\bin\\HostX86\\x86\\VCTIP.EXE", "EventData_TargetObject": "HKLM\\SOFTWARE\\Policies\\Microsoft\\Windows\\TenantRestrictions\\Payload", "EventData_User": "DESKTOP-P5C3MUD\\user"}
{"Provider_Name": "Microsoft-Windows-Sysmon", "Provider_Guid": "{5770385f-c22a-43e0-bf4c-06f5698ffbd9}", "Provider": null, "EventID_Qualifiers": "", "EventID": "7", "Version": "3", "Level": "4", "Task": "7", "Opcode": "0", "Keywords": "0x8000000000000000", "TimeCreated_SystemTime": "2023-09-27 01:43:08.810640", "TimeCreated": null, "EventRecordID": "27634", "Correlation_ActivityID": "", "Correlation_RelatedActivityID": "", "Correlation": null, "Execution_ProcessID": "3368", "Execution_ThreadID": "4984", "Execution": null, "Channel": "Microsoft-Windows-Sysmon/Operational", "Computer": "DESKTOP-P5C3MUD", "Security_UserID": "S-1-5-18", "Security": null, "EventData_RuleName": "-", "EventData_UtcTime": "2023-09-27 01:43:08.809", "EventData_ProcessGuid": "{4557fbaa-88ac-6513-a124-000000000c00}", "EventData_ProcessId": "10448", "EventData_Image": "E:\\Software\\Microsoft Visual Studio\\VC\\Tools\\MSVC\\14.37.32822\\bin\\Hostx86\\x86\\vctip.exe", "EventData_ImageLoaded": "C:\\Windows\\Microsoft.NET\\Framework\\v4.0.30319\\System.Windows.Forms.dll", "EventData_FileVersion": "4.8.9181.0 built by: NET481REL1LAST_C", "EventData_Description": ".NET Framework", "EventData_Product": "Microsoft\u00ae .NET Framework", "EventData_Company": "Microsoft Corporation", "EventData_OriginalFileName": "System.Windows.Forms.dll", "EventData_Hashes": "SHA1=F83AC5BE98D17B0A94E3BBBDC4530C914E466B23,MD5=2F92438A8F2887482FACD35DD52EA688,SHA256=B6B3FC6A76CE91BA152B94AD72093BB0DB11D534E97F6D3043B9EDBCD63AA0E0,IMPHASH=DAE02F32A21E03CE65412F6E56942DAA", "EventData_Signed": "true", "EventData_Signature": "Microsoft Corporation", "EventData_SignatureStatus": "Valid", "EventData_User": "DESKTOP-P5C3MUD\\user"}
{"Provider_Name": "Microsoft-Windows-Sysmon", "Provider_Guid": "{5770385f-c22a-43e0-bf4c-06f5698ffbd9}", "Provider": null, "EventID_Qualifiers": "", "EventID": "7", "Version": "3", "Level": "4", "Task": "7", "Opcode": "0", "Keywords": "0x8000000000000000", "TimeCreated_SystemTime": "2023-09-27 01:43:08.811428", "TimeCreated": null, "EventRecordID": "27635", "Correlation_ActivityID": "", "Correlation_RelatedActivityID": "", "Correlation": null, "Execution_ProcessID": "3368", "Execution_ThreadID": "4984", "Execution": null, "Channel": "Microsoft-Windows-Sysmon/Operational", "Computer": "DESKTOP-P5C3MUD", "Security_UserID": "S-1-5-18", "Security": null, "EventData_RuleName": "-", "EventData_UtcTime": "2023-09-27 01:43:08.809", "EventData_ProcessGuid": "{4557fbaa-88ac-6513-a124-000000000c00}", "EventData_ProcessId": "10448", "EventData_Image": "E:\\Software\\Microsoft Visual Studio\\VC\\Tools\\MSVC\\14.37.32822\\bin\\Hostx86\\x86\\vctip.exe", "EventData_ImageLoaded": "C:\\Windows\\Microsoft.NET\\Framework\\v4.0.30319\\System.Windows.Forms.dll", "EventData_FileVersion": "4.8.9181.0 built by: NET481REL1LAST_C", "EventData_Description": ".NET Framework", "EventData_Product": "Microsoft\u00ae .NET Framework", "EventData_Company": "Microsoft Corporation", "EventData_OriginalFileName": "System.Windows.Forms.dll", "EventData_Hashes": "SHA1=F83AC5BE98D17B0A94E3BBBDC4530C914E466B23,MD5=2F92438A8F2887482FACD35DD52EA688,SHA256=B6B3FC6A76CE91BA152B94AD72093BB0DB11D534E97F6D3043B9EDBCD63AA0E0,IMPHASH=DAE02F32A21E03CE65412F6E56942DAA", "EventData_Signed": "true", "EventData_Signature": "Microsoft Corporation", "EventData_SignatureStatus": "Valid", "EventData_User": "DESKTOP-P5C3MUD\\user"}
{"Provider_Name": "Microsoft-Windows-Sysmon", "Provider_Guid": "{5770385f-c22a-43e0-bf4c-06f5698ffbd9}", "Provider": null, "EventID_Qualifiers": "", "EventID": "12", "Version": "2", "Level": "4", "Task": "12", "Opcode": "0", "Keywords": "0x8000000000000000", "TimeCreated_SystemTime": "2023-09-27 01:43:08.811462", "TimeCreated": null, "EventRecordID": "27636", "Correlation_ActivityID": "", "Correlation_RelatedActivityID": "", "Correlation": null, "Execution_ProcessID": "3368", "Execution_ThreadID": "4984", "Execution": null, "Channel": "Microsoft-Windows-Sysmon/Operational", "Computer": "DESKTOP-P5C3MUD", "Security_UserID": "S-1-5-18", "Security": null, "EventData_RuleName": "-", "EventData_EventType": "CreateKey", "EventData_UtcTime": "2023-09-27 01:43:08.809", "EventData_ProcessGuid": "{4557fbaa-88ac-6513-a124-000000000c00}", "EventData_ProcessId": "10448", "EventData_Image": "E:\\Software\\Microsoft Visual Studio\\VC\\Tools\\MSVC\\14.37.32822\\bin\\HostX86\\x86\\VCTIP.EXE", "EventData_TargetObject": "HKU\\S-1-5-21-2994737283-653069417-2221972583-1001\\SOFTWARE\\Microsoft\\Windows\\CurrentVersion\\Internet Settings\\Connections", "EventData_User": "DESKTOP-P5C3MUD\\user"}
{"Provider_Name": "Microsoft-Windows-Sysmon", "Provider_Guid": "{5770385f-c22a-43e0-bf4c-06f5698ffbd9}", "Provider": null, "EventID_Qualifiers": "", "EventID": "26", "Version": "5", "Level": "4", "Task": "26", "Opcode": "0", "Keywords": "0x8000000000000000", "TimeCreated_SystemTime": "2023-09-27 01:43:08.820948", "TimeCreated": null, "EventRecordID": "27637", "Correlation_ActivityID": "", "Correlation_RelatedActivityID": "", "Correlation": null, "Execution_ProcessID": "3368", "Execution_ThreadID": "4984", "Execution": null, "Channel": "Microsoft-Windows-Sysmon/Operational", "Computer": "DESKTOP-P5C3MUD", "Security_UserID": "S-1-5-18", "Security": null, "EventData_RuleName": "-", "EventData_UtcTime": "2023-09-27 01:43:08.815", "EventData_ProcessGuid": "{4557fbaa-8862-6513-7a24-000000000c00}", "EventData_ProcessId": "13996", "EventData_User": "DESKTOP-P5C3MUD\\user", "EventData_Image": "E:\\Software\\Microsoft Visual Studio\\MSBuild\\Current\\Bin\\amd64\\MSBuild.exe", "EventData_TargetFilename": "E:\\Experiment\\WINDOWS\u9ed1\u5ba2\u7f16\u7a0b\u6280\u672f\u8be6\u89e3-\u914d\u5957\u8d44\u6e90\\\u7528\u6237\u5c42\\6\\Bypass UAC\\BypassUAC1_Test\\BypassUAC1_Test\\Debug\\BypassUAC1_Test.exe.recipe", "EventData_Hashes": "SHA1=86918A7FC2A6485E225BD83BE7816D789E8DB1F6,MD5=F2F346FA5704C5FC7C9049A956BBFA53,SHA256=6E7977F24176CE054043859B4F731BE94DBBF73FD039983DF46529D5E6A2E1EC,IMPHASH=00000000000000000000000000000000", "EventData_IsExecutable": "False"}
{"Provider_Name": "Microsoft-Windows-Sysmon", "Provider_Guid": "{5770385f-c22a-43e0-bf4c-06f5698ffbd9}", "Provider": null, "EventID_Qualifiers": "", "EventID": "11", "Version": "2", "Level": "4", "Task": "11", "Opcode": "0", "Keywords": "0x8000000000000000", "TimeCreated_SystemTime": "2023-09-27 01:43:08.821171", "TimeCreated": null, "EventRecordID": "27638", "Correlation_ActivityID": "", "Correlation_RelatedActivityID": "", "Correlation": null, "Execution_ProcessID": "3368", "Execution_ThreadID": "4984", "Execution": null, "Channel": "Microsoft-Windows-Sysmon/Operational", "Computer": "DESKTOP-P5C3MUD", "Security_UserID": "S-1-5-18", "Security": null, "EventData_RuleName": "-", "EventData_UtcTime": "2023-09-27 01:43:08.815", "EventData_ProcessGuid": "{4557fbaa-8862-6513-7a24-000000000c00}", "EventData_ProcessId": "13996", "EventData_Image": "E:\\Software\\Microsoft Visual Studio\\MSBuild\\Current\\Bin\\amd64\\MSBuild.exe", "EventData_TargetFilename": "E:\\Experiment\\WINDOWS\u9ed1\u5ba2\u7f16\u7a0b\u6280\u672f\u8be6\u89e3-\u914d\u5957\u8d44\u6e90\\\u7528\u6237\u5c42\\6\\Bypass UAC\\BypassUAC1_Test\\BypassUAC1_Test\\Debug\\BypassUAC1_Test.exe.recipe", "EventData_CreationUtcTime": "2023-09-27 01:42:02.278", "EventData_User": "DESKTOP-P5C3MUD\\user"}
{"Provider_Name": "Microsoft-Windows-Sysmon", "Provider_Guid": "{5770385f-c22a-43e0-bf4c-06f5698ffbd9}", "Provider": null, "EventID_Qualifiers": "", "EventID": "26", "Version": "5", "Level": "4", "Task": "26", "Opcode": "0", "Keywords": "0x8000000000000000", "TimeCreated_SystemTime": "2023-09-27 01:43:08.832396", "TimeCreated": null, "EventRecordID": "27639", "Correlation_ActivityID": "", "Correlation_RelatedActivityID": "", "Correlation": null, "Execution_ProcessID": "3368", "Execution_ThreadID": "4984", "Execution": null, "Channel": "Microsoft-Windows-Sysmon/Operational", "Computer": "DESKTOP-P5C3MUD", "Security_UserID": "S-1-5-18", "Security": null, "EventData_RuleName": "-", "EventData_UtcTime": "2023-09-27 01:43:08.825", "EventData_ProcessGuid": "{4557fbaa-8862-6513-7a24-000000000c00}", "EventData_ProcessId": "13996", "EventData_User": "DESKTOP-P5C3MUD\\user", "EventData_Image": "E:\\Software\\Microsoft Visual Studio\\MSBuild\\Current\\Bin\\amd64\\MSBuild.exe", "EventData_TargetFilename": "E:\\Experiment\\WINDOWS\u9ed1\u5ba2\u7f16\u7a0b\u6280\u672f\u8be6\u89e3-\u914d\u5957\u8d44\u6e90\\\u7528\u6237\u5c42\\6\\Bypass UAC\\BypassUAC1_Test\\BypassUAC1_Test\\Debug\\BypassUAC1_Test.tlog\\Cl.items.tlog", "EventData_Hashes": "SHA1=D64E36A01B7D963F1D549BFDC8F0C4094C49EA63,MD5=7D44D05C1BE45AEAB0A08F466CC03D52,SHA256=D27F16A67284235B0D179FE0758C246946B2A478429E0AA733B7D8421B6E182A,IMPHASH=00000000000000000000000000000000", "EventData_IsExecutable": "False"}
{"Provider_Name": "Microsoft-Windows-Sysmon", "Provider_Guid": "{5770385f-c22a-43e0-bf4c-06f5698ffbd9}", "Provider": null, "EventID_Qualifiers": "", "EventID": "11", "Version": "2", "Level": "4", "Task": "11", "Opcode": "0", "Keywords": "0x8000000000000000", "TimeCreated_SystemTime": "2023-09-27 01:43:08.832613", "TimeCreated": null, "EventRecordID": "27640", "Correlation_ActivityID": "", "Correlation_RelatedActivityID": "", "Correlation": null, "Execution_ProcessID": "3368", "Execution_ThreadID": "4984", "Execution": null, "Channel": "Microsoft-Windows-Sysmon/Operational", "Computer": "DESKTOP-P5C3MUD", "Security_UserID": "S-1-5-18", "Security": null, "EventData_RuleName": "-", "EventData_UtcTime": "2023-09-27 01:43:08.825", "EventData_ProcessGuid": "{4557fbaa-8862-6513-7a24-000000000c00}", "EventData_ProcessId": "13996", "EventData_Image": "E:\\Software\\Microsoft Visual Studio\\MSBuild\\Current\\Bin\\amd64\\MSBuild.exe", "EventData_TargetFilename": "E:\\Experiment\\WINDOWS\u9ed1\u5ba2\u7f16\u7a0b\u6280\u672f\u8be6\u89e3-\u914d\u5957\u8d44\u6e90\\\u7528\u6237\u5c42\\6\\Bypass UAC\\BypassUAC1_Test\\BypassUAC1_Test\\Debug\\BypassUAC1_Test.tlog\\Cl.items.tlog", "EventData_CreationUtcTime": "2023-09-27 01:42:02.294", "EventData_User": "DESKTOP-P5C3MUD\\user"}
{"Provider_Name": "Microsoft-Windows-Sysmon", "Provider_Guid": "{5770385f-c22a-43e0-bf4c-06f5698ffbd9}", "Provider": null, "EventID_Qualifiers": "", "EventID": "7", "Version": "3", "Level": "4", "Task": "7", "Opcode": "0", "Keywords": "0x8000000000000000", "TimeCreated_SystemTime": "2023-09-27 01:43:08.835331", "TimeCreated": null, "EventRecordID": "27641", "Correlation_ActivityID": "", "Correlation_RelatedActivityID": "", "Correlation": null, "Execution_ProcessID": "3368", "Execution_ThreadID": "4984", "Execution": null, "Channel": "Microsoft-Windows-Sysmon/Operational", "Computer": "DESKTOP-P5C3MUD", "Security_UserID": "S-1-5-18", "Security": null, "EventData_RuleName": "-", "EventData_UtcTime": "2023-09-27 01:43:08.825", "EventData_ProcessGuid": "{4557fbaa-88ac-6513-a124-000000000c00}", "EventData_ProcessId": "10448", "EventData_Image": "E:\\Software\\Microsoft Visual Studio\\VC\\Tools\\MSVC\\14.37.32822\\bin\\Hostx86\\x86\\vctip.exe", "EventData_ImageLoaded": "C:\\Windows\\SysWOW64\\wininet.dll", "EventData_FileVersion": "11.00.19041.3031 (WinBuild.160101.0800)", "EventData_Description": "Internet Extensions for Win32", "EventData_Product": "Internet Explorer", "EventData_Company": "Microsoft Corporation", "EventData_OriginalFileName": "wininet.dll", "EventData_Hashes": "SHA1=3402F3971B9873AB13BEC27BA1D7E7061FA2E43D,MD5=001786FE94EC78EBAF6206CC066143BF,SHA256=1D8B8559086598FAA384EEFBCA1397147CC4A5117AD9252B8FCCC4901AEF024E,IMPHASH=007CDDB46602F7A467D46B006D5D298C", "EventData_Signed": "true", "EventData_Signature": "Microsoft Windows", "EventData_SignatureStatus": "Valid", "EventData_User": "DESKTOP-P5C3MUD\\user"}
{"Provider_Name": "Microsoft-Windows-Sysmon", "Provider_Guid": "{5770385f-c22a-43e0-bf4c-06f5698ffbd9}", "Provider": null, "EventID_Qualifiers": "", "EventID": "7", "Version": "3", "Level": "4", "Task": "7", "Opcode": "0", "Keywords": "0x8000000000000000", "TimeCreated_SystemTime": "2023-09-27 01:43:08.836876", "TimeCreated": null, "EventRecordID": "27642", "Correlation_ActivityID": "", "Correlation_RelatedActivityID": "", "Correlation": null, "Execution_ProcessID": "3368", "Execution_ThreadID": "4984", "Execution": null, "Channel": "Microsoft-Windows-Sysmon/Operational", "Computer": "DESKTOP-P5C3MUD", "Security_UserID": "S-1-5-18", "Security": null, "EventData_RuleName": "-", "EventData_UtcTime": "2023-09-27 01:43:08.825", "EventData_ProcessGuid": "{4557fbaa-88ac-6513-a124-000000000c00}", "EventData_ProcessId": "10448", "EventData_Image": "E:\\Software\\Microsoft Visual Studio\\VC\\Tools\\MSVC\\14.37.32822\\bin\\Hostx86\\x86\\vctip.exe", "EventData_ImageLoaded": "C:\\Windows\\SysWOW64\\sspicli.dll", "EventData_FileVersion": "10.0.19041.3393 (WinBuild.160101.0800)", "EventData_Description": "Security Support Provider Interface", "EventData_Product": "Microsoft\u00ae Windows\u00ae Operating System", "EventData_Company": "Microsoft Corporation", "EventData_OriginalFileName": "security.dll", "EventData_Hashes": "SHA1=C0DDDE002A37969283D71421044348D3E5DB59DC,MD5=2A137EDEE727F5E1F526B34E5290211D,SHA256=9207DA7BCBFC73066487BB182910B0EBA23185E6806CC88A80F64562FD4710A0,IMPHASH=6D3B6BCF49F41B18A29B95CF2230F0A5", "EventData_Signed": "true", "EventData_Signature": "Microsoft Windows", "EventData_SignatureStatus": "Valid", "EventData_User": "DESKTOP-P5C3MUD\\user"}
{"Provider_Name": "Microsoft-Windows-Sysmon", "Provider_Guid": "{5770385f-c22a-43e0-bf4c-06f5698ffbd9}", "Provider": null, "EventID_Qualifiers": "", "EventID": "7", "Version": "3", "Level": "4", "Task": "7", "Opcode": "0", "Keywords": "0x8000000000000000", "TimeCreated_SystemTime": "2023-09-27 01:43:08.837370", "TimeCreated": null, "EventRecordID": "27643", "Correlation_ActivityID": "", "Correlation_RelatedActivityID": "", "Correlation": null, "Execution_ProcessID": "3368", "Execution_ThreadID": "4984", "Execution": null, "Channel": "Microsoft-Windows-Sysmon/Operational", "Computer": "DESKTOP-P5C3MUD", "Security_UserID": "S-1-5-18", "Security": null, "EventData_RuleName": "-", "EventData_UtcTime": "2023-09-27 01:43:08.825", "EventData_ProcessGuid": "{4557fbaa-88ac-6513-a124-000000000c00}", "EventData_ProcessId": "10448", "EventData_Image": "E:\\Software\\Microsoft Visual Studio\\VC\\Tools\\MSVC\\14.37.32822\\bin\\Hostx86\\x86\\vctip.exe", "EventData_ImageLoaded": "C:\\Windows\\SysWOW64\\uxtheme.dll", "EventData_FileVersion": "10.0.19041.3393 (WinBuild.160101.0800)", "EventData_Description": "Microsoft UxTheme Library", "EventData_Product": "Microsoft\u00ae Windows\u00ae Operating System", "EventData_Company": "Microsoft Corporation", "EventData_OriginalFileName": "UxTheme.dll", "EventData_Hashes": "SHA1=C3EF30215A98745EE9F0DB2E6A7EC020D14D39B9,MD5=EC2194FCEC4F8A60E2AD26ECBB84283E,SHA256=F419A6C909FB171EEF879F8EAE09C1D066CC1AE749F7ACE384336EC7BB333527,IMPHASH=5916A9C0B5155851814AF8CCCD02F321", "EventData_Signed": "true", "EventData_Signature": "Microsoft Windows", "EventData_SignatureStatus": "Valid", "EventData_User": "DESKTOP-P5C3MUD\\user"}
{"Provider_Name": "Microsoft-Windows-Sysmon", "Provider_Guid": "{5770385f-c22a-43e0-bf4c-06f5698ffbd9}", "Provider": null, "EventID_Qualifiers": "", "EventID": "10", "Version": "3", "Level": "4", "Task": "10", "Opcode": "0", "Keywords": "0x8000000000000000", "TimeCreated_SystemTime": "2023-09-27 01:43:08.837416", "TimeCreated": null, "EventRecordID": "27644", "Correlation_ActivityID": "", "Correlation_RelatedActivityID": "", "Correlation": null, "Execution_ProcessID": "3368", "Execution_ThreadID": "4984", "Execution": null, "Channel": "Microsoft-Windows-Sysmon/Operational", "Computer": "DESKTOP-P5C3MUD", "Security_UserID": "S-1-5-18", "Security": null, "EventData_RuleName": "-", "EventData_UtcTime": "2023-09-27 01:43:08.825", "EventData_SourceProcessGUID": "{4557fbaa-e7c4-6502-0c00-000000000c00}", "EventData_SourceProcessId": "700", "EventData_SourceThreadId": "824", "EventData_SourceImage": "C:\\Windows\\system32\\lsass.exe", "EventData_TargetProcessGUID": "{4557fbaa-88ac-6513-a124-000000000c00}", "EventData_TargetProcessId": "10448", "EventData_TargetImage": "E:\\Software\\Microsoft Visual Studio\\VC\\Tools\\MSVC\\14.37.32822\\bin\\HostX86\\x86\\VCTIP.EXE", "EventData_GrantedAccess": "0x00001478", "EventData_CallTrace": "C:\\Windows\\SYSTEM32\\ntdll.dll+9d314|C:\\Windows\\system32\\lsasrv.dll+bb32|C:\\Windows\\system32\\lsasrv.dll+bf50|C:\\Windows\\system32\\lsasrv.dll+c31b|C:\\Windows\\SYSTEM32\\SspiSrv.dll+1a82|C:\\Windows\\System32\\RPCRT4.dll+7b4b3|C:\\Windows\\System32\\RPCRT4.dll+7a282|C:\\Windows\\System32\\RPCRT4.dll+1e1ca|C:\\Windows\\System32\\RPCRT4.dll+5dfda|C:\\Windows\\System32\\RPCRT4.dll+59188|C:\\Windows\\System32\\RPCRT4.dll+3a3a6|C:\\Windows\\System32\\RPCRT4.dll+39cf8|C:\\Windows\\System32\\RPCRT4.dll+474bf|C:\\Windows\\System32\\RPCRT4.dll+468c8|C:\\Windows\\System32\\RPCRT4.dll+45eb1|C:\\Windows\\System32\\RPCRT4.dll+4591e|C:\\Windows\\System32\\RPCRT4.dll+4a032|C:\\Windows\\SYSTEM32\\ntdll.dll+20330|C:\\Windows\\SYSTEM32\\ntdll.dll+52f86|C:\\Windows\\System32\\KERNEL32.DLL+17344|C:\\Windows\\SYSTEM32\\ntdll.dll+526b1", "EventData_SourceUser": "NT AUTHORITY\\SYSTEM", "EventData_TargetUser": "DESKTOP-P5C3MUD\\user"}
{"Provider_Name": "Microsoft-Windows-Sysmon", "Provider_Guid": "{5770385f-c22a-43e0-bf4c-06f5698ffbd9}", "Provider": null, "EventID_Qualifiers": "", "EventID": "10", "Version": "3", "Level": "4", "Task": "10", "Opcode": "0", "Keywords": "0x8000000000000000", "TimeCreated_SystemTime": "2023-09-27 01:43:08.837650", "TimeCreated": null, "EventRecordID": "27645", "Correlation_ActivityID": "", "Correlation_RelatedActivityID": "", "Correlation": null, "Execution_ProcessID": "3368", "Execution_ThreadID": "4984", "Execution": null, "Channel": "Microsoft-Windows-Sysmon/Operational", "Computer": "DESKTOP-P5C3MUD", "Security_UserID": "S-1-5-18", "Security": null, "EventData_RuleName": "-", "EventData_UtcTime": "2023-09-27 01:43:08.825", "EventData_SourceProcessGUID": "{4557fbaa-e7c6-6502-1f00-000000000c00}", "EventData_SourceProcessId": "1528", "EventData_SourceThreadId": "1568", "EventData_SourceImage": "C:\\Windows\\System32\\svchost.exe", "EventData_TargetProcessGUID": "{4557fbaa-88ac-6513-a124-000000000c00}", "EventData_TargetProcessId": "10448", "EventData_TargetImage": "E:\\Software\\Microsoft Visual Studio\\VC\\Tools\\MSVC\\14.37.32822\\bin\\HostX86\\x86\\VCTIP.EXE", "EventData_GrantedAccess": "0x00001478", "EventData_CallTrace": "C:\\Windows\\SYSTEM32\\ntdll.dll+9d314|c:\\windows\\system32\\themeservice.dll+1bdb|c:\\windows\\system32\\themeservice.dll+1836|c:\\windows\\system32\\themeservice.dll+65ac|c:\\windows\\system32\\themeservice.dll+b9d8|c:\\windows\\system32\\themeservice.dll+a846|C:\\Windows\\System32\\svchost.exe+4340|C:\\Windows\\System32\\sechost.dll+dfd8|C:\\Windows\\System32\\KERNEL32.DLL+17344|C:\\Windows\\SYSTEM32\\ntdll.dll+526b1", "EventData_SourceUser": "NT AUTHORITY\\SYSTEM", "EventData_TargetUser": "DESKTOP-P5C3MUD\\user"}
{"Provider_Name": "Microsoft-Windows-Sysmon", "Provider_Guid": "{5770385f-c22a-43e0-bf4c-06f5698ffbd9}", "Provider": null, "EventID_Qualifiers": "", "EventID": "7", "Version": "3", "Level": "4", "Task": "7", "Opcode": "0", "Keywords": "0x8000000000000000", "TimeCreated_SystemTime": "2023-09-27 01:43:08.847729", "TimeCreated": null, "EventRecordID": "27646", "Correlation_ActivityID": "", "Correlation_RelatedActivityID": "", "Correlation": null, "Execution_ProcessID": "3368", "Execution_ThreadID": "4984", "Execution": null, "Channel": "Microsoft-Windows-Sysmon/Operational", "Computer": "DESKTOP-P5C3MUD", "Security_UserID": "S-1-5-18", "Security": null, "EventData_RuleName": "-", "EventData_UtcTime": "2023-09-27 01:43:08.841", "EventData_ProcessGuid": "{4557fbaa-88ac-6513-a124-000000000c00}", "EventData_ProcessId": "10448", "EventData_Image": "E:\\Software\\Microsoft Visual Studio\\VC\\Tools\\MSVC\\14.37.32822\\bin\\Hostx86\\x86\\vctip.exe", "EventData_ImageLoaded": "C:\\Windows\\SysWOW64\\iertutil.dll", "EventData_FileVersion": "11.00.19041.3324 (WinBuild.160101.0800)", "EventData_Description": "Run time utility for Internet Explorer", "EventData_Product": "Internet Explorer", "EventData_Company": "Microsoft Corporation", "EventData_OriginalFileName": "IeRtUtil.dll", "EventData_Hashes": "SHA1=66FBBCF001839B956799ED7FF55AA7849AAE99EB,MD5=B005BC2F29B9C0FCDA85D2CA826320D3,SHA256=2354B8B55E8E537BB52546EF4518E3C335E3935097554DBC88F296D66B4F1DF6,IMPHASH=CC1C505E95B06D3065C606704B311EEB", "EventData_Signed": "true", "EventData_Signature": "Microsoft Windows", "EventData_SignatureStatus": "Valid", "EventData_User": "DESKTOP-P5C3MUD\\user"}
{"Provider_Name": "Microsoft-Windows-Sysmon", "Provider_Guid": "{5770385f-c22a-43e0-bf4c-06f5698ffbd9}", "Provider": null, "EventID_Qualifiers": "", "EventID": "7", "Version": "3", "Level": "4", "Task": "7", "Opcode": "0", "Keywords": "0x8000000000000000", "TimeCreated_SystemTime": "2023-09-27 01:43:08.848297", "TimeCreated": null, "EventRecordID": "27647", "Correlation_ActivityID": "", "Correlation_RelatedActivityID": "", "Correlation": null, "Execution_ProcessID": "3368", "Execution_ThreadID": "4984", "Execution": null, "Channel": "Microsoft-Windows-Sysmon/Operational", "Computer": "DESKTOP-P5C3MUD", "Security_UserID": "S-1-5-18", "Security": null, "EventData_RuleName": "-", "EventData_UtcTime": "2023-09-27 01:43:08.841", "EventData_ProcessGuid": "{4557fbaa-88ac-6513-a124-000000000c00}", "EventData_ProcessId": "10448", "EventData_Image": "E:\\Software\\Microsoft Visual Studio\\VC\\Tools\\MSVC\\14.37.32822\\bin\\Hostx86\\x86\\vctip.exe", "EventData_ImageLoaded": "C:\\Windows\\SysWOW64\\msctf.dll", "EventData_FileVersion": "10.0.19041.2673 (WinBuild.160101.0800)", "EventData_Description": "MSCTF Server DLL", "EventData_Product": "Microsoft\u00ae Windows\u00ae Operating System", "EventData_Company": "Microsoft Corporation", "EventData_OriginalFileName": "MSCTF.DLL", "EventData_Hashes": "SHA1=0E9FA0F4DA37A940A2FF84D580A68E9DBA95581E,MD5=653F633BEB78E9CEC8F2AD06DEB11C71,SHA256=552DF1A94D06141C9FDC0B458BA35A4412F16DAAD6EED41F4539128C88C2FB13,IMPHASH=E80153460290A4B0AC4CB6722DFD6E0C", "EventData_Signed": "true", "EventData_Signature": "Microsoft Windows", "EventData_SignatureStatus": "Valid", "EventData_User": "DESKTOP-P5C3MUD\\user"}
{"Provider_Name": "Microsoft-Windows-Sysmon", "Provider_Guid": "{5770385f-c22a-43e0-bf4c-06f5698ffbd9}", "Provider": null, "EventID_Qualifiers": "", "EventID": "13", "Version": "2", "Level": "4", "Task": "13", "Opcode": "0", "Keywords": "0x8000000000000000", "TimeCreated_SystemTime": "2023-09-27 01:43:08.849400", "TimeCreated": null, "EventRecordID": "27648", "Correlation_ActivityID": "", "Correlation_RelatedActivityID": "", "Correlation": null, "Execution_ProcessID": "3368", "Execution_ThreadID": "4984", "Execution": null, "Channel": "Microsoft-Windows-Sysmon/Operational", "Computer": "DESKTOP-P5C3MUD", "Security_UserID": "S-1-5-18", "Security": null, "EventData_RuleName": "-", "EventData_EventType": "SetValue", "EventData_UtcTime": "2023-09-27 01:43:08.841", "EventData_ProcessGuid": "{4557fbaa-88ac-6513-a124-000000000c00}", "EventData_ProcessId": "10448", "EventData_Image": "E:\\Software\\Microsoft Visual Studio\\VC\\Tools\\MSVC\\14.37.32822\\bin\\HostX86\\x86\\VCTIP.EXE", "EventData_TargetObject": "HKU\\S-1-5-21-2994737283-653069417-2221972583-1001\\SOFTWARE\\Microsoft\\Windows\\CurrentVersion\\Internet Settings\\5.0\\Cache\\Content\\CachePrefix", "EventData_Details": "(Empty)", "EventData_User": "DESKTOP-P5C3MUD\\user"}
{"Provider_Name": "Microsoft-Windows-Sysmon", "Provider_Guid": "{5770385f-c22a-43e0-bf4c-06f5698ffbd9}", "Provider": null, "EventID_Qualifiers": "", "EventID": "13", "Version": "2", "Level": "4", "Task": "13", "Opcode": "0", "Keywords": "0x8000000000000000", "TimeCreated_SystemTime": "2023-09-27 01:43:08.849577", "TimeCreated": null, "EventRecordID": "27649", "Correlation_ActivityID": "", "Correlation_RelatedActivityID": "", "Correlation": null, "Execution_ProcessID": "3368", "Execution_ThreadID": "4984", "Execution": null, "Channel": "Microsoft-Windows-Sysmon/Operational", "Computer": "DESKTOP-P5C3MUD", "Security_UserID": "S-1-5-18", "Security": null, "EventData_RuleName": "-", "EventData_EventType": "SetValue", "EventData_UtcTime": "2023-09-27 01:43:08.841", "EventData_ProcessGuid": "{4557fbaa-88ac-6513-a124-000000000c00}", "EventData_ProcessId": "10448", "EventData_Image": "E:\\Software\\Microsoft Visual Studio\\VC\\Tools\\MSVC\\14.37.32822\\bin\\HostX86\\x86\\VCTIP.EXE", "EventData_TargetObject": "HKU\\S-1-5-21-2994737283-653069417-2221972583-1001\\SOFTWARE\\Microsoft\\Windows\\CurrentVersion\\Internet Settings\\5.0\\Cache\\Cookies\\CachePrefix", "EventData_Details": "Cookie:", "EventData_User": "DESKTOP-P5C3MUD\\user"}
{"Provider_Name": "Microsoft-Windows-Sysmon", "Provider_Guid": "{5770385f-c22a-43e0-bf4c-06f5698ffbd9}", "Provider": null, "EventID_Qualifiers": "", "EventID": "13", "Version": "2", "Level": "4", "Task": "13", "Opcode": "0", "Keywords": "0x8000000000000000", "TimeCreated_SystemTime": "2023-09-27 01:43:08.849920", "TimeCreated": null, "EventRecordID": "27650", "Correlation_ActivityID": "", "Correlation_RelatedActivityID": "", "Correlation": null, "Execution_ProcessID": "3368", "Execution_ThreadID": "4984", "Execution": null, "Channel": "Microsoft-Windows-Sysmon/Operational", "Computer": "DESKTOP-P5C3MUD", "Security_UserID": "S-1-5-18", "Security": null, "EventData_RuleName": "-", "EventData_EventType": "SetValue", "EventData_UtcTime": "2023-09-27 01:43:08.841", "EventData_ProcessGuid": "{4557fbaa-88ac-6513-a124-000000000c00}", "EventData_ProcessId": "10448", "EventData_Image": "E:\\Software\\Microsoft Visual Studio\\VC\\Tools\\MSVC\\14.37.32822\\bin\\HostX86\\x86\\VCTIP.EXE", "EventData_TargetObject": "HKU\\S-1-5-21-2994737283-653069417-2221972583-1001\\SOFTWARE\\Microsoft\\Windows\\CurrentVersion\\Internet Settings\\5.0\\Cache\\History\\CachePrefix", "EventData_Details": "Visited:", "EventData_User": "DESKTOP-P5C3MUD\\user"}
{"Provider_Name": "Microsoft-Windows-Sysmon", "Provider_Guid": "{5770385f-c22a-43e0-bf4c-06f5698ffbd9}", "Provider": null, "EventID_Qualifiers": "", "EventID": "5", "Version": "3", "Level": "4", "Task": "5", "Opcode": "0", "Keywords": "0x8000000000000000", "TimeCreated_SystemTime": "2023-09-27 01:43:08.867947", "TimeCreated": null, "EventRecordID": "27651", "Correlation_ActivityID": "", "Correlation_RelatedActivityID": "", "Correlation": null, "Execution_ProcessID": "3368", "Execution_ThreadID": "4984", "Execution": null, "Channel": "Microsoft-Windows-Sysmon/Operational", "Computer": "DESKTOP-P5C3MUD", "Security_UserID": "S-1-5-18", "Security": null, "EventData_RuleName": "-", "EventData_UtcTime": "2023-09-27 01:43:08.856", "EventData_ProcessGuid": "{4557fbaa-8862-6513-7a24-000000000c00}", "EventData_ProcessId": "13996", "EventData_Image": "E:\\Software\\Microsoft Visual Studio\\MSBuild\\Current\\Bin\\amd64\\MSBuild.exe", "EventData_User": "DESKTOP-P5C3MUD\\user"}
{"Provider_Name": "Microsoft-Windows-Sysmon", "Provider_Guid": "{5770385f-c22a-43e0-bf4c-06f5698ffbd9}", "Provider": null, "EventID_Qualifiers": "", "EventID": "5", "Version": "3", "Level": "4", "Task": "5", "Opcode": "0", "Keywords": "0x8000000000000000", "TimeCreated_SystemTime": "2023-09-27 01:43:08.870474", "TimeCreated": null, "EventRecordID": "27652", "Correlation_ActivityID": "", "Correlation_RelatedActivityID": "", "Correlation": null, "Execution_ProcessID": "3368", "Execution_ThreadID": "4984", "Execution": null, "Channel": "Microsoft-Windows-Sysmon/Operational", "Computer": "DESKTOP-P5C3MUD", "Security_UserID": "S-1-5-18", "Security": null, "EventData_RuleName": "-", "EventData_UtcTime": "2023-09-27 01:43:08.856", "EventData_ProcessGuid": "{4557fbaa-8862-6513-7b24-000000000c00}", "EventData_ProcessId": "14152", "EventData_Image": "C:\\Windows\\System32\\conhost.exe", "EventData_User": "DESKTOP-P5C3MUD\\user"}
{"Provider_Name": "Microsoft-Windows-Sysmon", "Provider_Guid": "{5770385f-c22a-43e0-bf4c-06f5698ffbd9}", "Provider": null, "EventID_Qualifiers": "", "EventID": "13", "Version": "2", "Level": "4", "Task": "13", "Opcode": "0", "Keywords": "0x8000000000000000", "TimeCreated_SystemTime": "2023-09-27 01:43:08.898066", "TimeCreated": null, "EventRecordID": "27653", "Correlation_ActivityID": "", "Correlation_RelatedActivityID": "", "Correlation": null, "Execution_ProcessID": "3368", "Execution_ThreadID": "4984", "Execution": null, "Channel": "Microsoft-Windows-Sysmon/Operational", "Computer": "DESKTOP-P5C3MUD", "Security_UserID": "S-1-5-18", "Security": null, "EventData_RuleName": "-", "EventData_EventType": "SetValue", "EventData_UtcTime": "2023-09-27 01:43:08.887", "EventData_ProcessGuid": "{4557fbaa-83de-6513-8423-000000000c00}", "EventData_ProcessId": "9912", "EventData_Image": "E:\\Software\\Microsoft Visual Studio\\Common7\\IDE\\devenv.exe", "EventData_TargetObject": "HKLM\\System\\CurrentControlSet\\Services\\bam\\State\\UserSettings\\S-1-5-21-2994737283-653069417-2221972583-1001\\\\Device\\HarddiskVolume6\\Software\\Microsoft Visual Studio\\Common7\\IDE\\CommonExtensions\\Platform\\Debugger\\VsDebugConsole.exe", "EventData_Details": "Binary Data", "EventData_User": "DESKTOP-P5C3MUD\\user"}
{"Provider_Name": "Microsoft-Windows-Sysmon", "Provider_Guid": "{5770385f-c22a-43e0-bf4c-06f5698ffbd9}", "Provider": null, "EventID_Qualifiers": "", "EventID": "1", "Version": "5", "Level": "4", "Task": "1", "Opcode": "0", "Keywords": "0x8000000000000000", "TimeCreated_SystemTime": "2023-09-27 01:43:08.898603", "TimeCreated": null, "EventRecordID": "27654", "Correlation_ActivityID": "", "Correlation_RelatedActivityID": "", "Correlation": null, "Execution_ProcessID": "3368", "Execution_ThreadID": "4984", "Execution": null, "Channel": "Microsoft-Windows-Sysmon/Operational", "Computer": "DESKTOP-P5C3MUD", "Security_UserID": "S-1-5-18", "Security": null, "EventData_RuleName": "-", "EventData_UtcTime": "2023-09-27 01:43:08.895", "EventData_ProcessGuid": "{4557fbaa-88ac-6513-a224-000000000c00}", "EventData_ProcessId": "1628", "EventData_Image": "E:\\Software\\Microsoft Visual Studio\\Common7\\IDE\\CommonExtensions\\Platform\\Debugger\\VsDebugConsole.exe", "EventData_FileVersion": "17.7.10718.1 commit:9224ba8c97a42d6ac25c23fb4366a52b064de770", "EventData_Description": "Visual Studio Debugger Console Application Resources", "EventData_Product": "Microsoft \u00ae Visual Studio \u00ae", "EventData_Company": "Microsoft Corporation", "EventData_OriginalFileName": "VsDebugConsole.exe", "EventData_CommandLine": "\"E:\\Software\\Microsoft Visual Studio\\Common7\\IDE\\CommonExtensions\\Platform\\Debugger\\VsDebugConsole.exe\" \\\\.\\pipe\\Microsoft-VisualStudio-Debug-Console-9912 Local\\{641F71C9-05A6-43E0-9369-86222711B7BB} /RootProcessId:9912", "EventData_CurrentDirectory": "E:\\Experiment\\WINDOWS\u9ed1\u5ba2\u7f16\u7a0b\u6280\u672f\u8be6\u89e3-\u914d\u5957\u8d44\u6e90\\\u7528\u6237\u5c42\\6\\Bypass UAC\\BypassUAC1_Test\\", "EventData_User": "DESKTOP-P5C3MUD\\user", "EventData_LogonGuid": "{4557fbaa-e7fd-6502-0fe6-0a0000000000}", "EventData_LogonId": "0x00000000000ae60f", "EventData_TerminalSessionId": "1", "EventData_IntegrityLevel": "High", "EventData_Hashes": "SHA1=6826F86055B3094243AF114642EA710AF82762C2,MD5=82CB4B3D3E0704EE54D4E5CC05E9C1CC,SHA256=644460B01963FB81100AAE079A219D6BD8611E5F9BC5D693181867FA1BF2C713,IMPHASH=B631B64F440EB70253DD68CC21D3E264", "EventData_ParentProcessGuid": "{4557fbaa-83de-6513-8423-000000000c00}", "EventData_ParentProcessId": "9912", "EventData_ParentImage": "E:\\Software\\Microsoft Visual Studio\\Common7\\IDE\\devenv.exe", "EventData_ParentCommandLine": "\"E:\\Software\\Microsoft Visual Studio\\Common7\\IDE\\devenv.exe\" ", "EventData_ParentUser": "DESKTOP-P5C3MUD\\user"}
{"Provider_Name": "Microsoft-Windows-Sysmon", "Provider_Guid": "{5770385f-c22a-43e0-bf4c-06f5698ffbd9}", "Provider": null, "EventID_Qualifiers": "", "EventID": "10", "Version": "3", "Level": "4", "Task": "10", "Opcode": "0", "Keywords": "0x8000000000000000", "TimeCreated_SystemTime": "2023-09-27 01:43:08.898739", "TimeCreated": null, "EventRecordID": "27655", "Correlation_ActivityID": "", "Correlation_RelatedActivityID": "", "Correlation": null, "Execution_ProcessID": "3368", "Execution_ThreadID": "4984", "Execution": null, "Channel": "Microsoft-Windows-Sysmon/Operational", "Computer": "DESKTOP-P5C3MUD", "Security_UserID": "S-1-5-18", "Security": null, "EventData_RuleName": "-", "EventData_UtcTime": "2023-09-27 01:43:08.887", "EventData_SourceProcessGUID": "{4557fbaa-83de-6513-8423-000000000c00}", "EventData_SourceProcessId": "9912", "EventData_SourceThreadId": "14272", "EventData_SourceImage": "E:\\Software\\Microsoft Visual Studio\\Common7\\IDE\\devenv.exe", "EventData_TargetProcessGUID": "{4557fbaa-88ac-6513-a224-000000000c00}", "EventData_TargetProcessId": "1628", "EventData_TargetImage": "E:\\Software\\Microsoft Visual Studio\\Common7\\IDE\\CommonExtensions\\Platform\\Debugger\\VsDebugConsole.exe", "EventData_GrantedAccess": "0x001fffff", "EventData_CallTrace": "C:\\Windows\\SYSTEM32\\ntdll.dll+9e764|C:\\Windows\\System32\\KERNELBASE.dll+5b473|C:\\Windows\\System32\\KERNELBASE.dll+597e6|C:\\Windows\\System32\\KERNEL32.DLL+1cec4|E:\\Software\\Microsoft Visual Studio\\Common7\\Packages\\Debugger\\vsdebugeng.impl.DLL+1977f|E:\\Software\\Microsoft Visual Studio\\Common7\\Packages\\Debugger\\vsdebugeng.impl.DLL+19141|E:\\Software\\Microsoft Visual Studio\\Common7\\Packages\\Debugger\\vsdebugeng.impl.DLL+184f8|E:\\Software\\Microsoft Visual Studio\\Common7\\Packages\\Debugger\\vsdebugeng.impl.DLL+1a110|E:\\Software\\Microsoft Visual Studio\\Common7\\Packages\\Debugger\\vsdebugeng.impl.DLL+1a98f|E:\\Software\\Microsoft Visual Studio\\Common7\\IDE\\vsdebugeng.dll+35c1|E:\\Software\\Microsoft Visual Studio\\Common7\\IDE\\vsdebugeng.dll+2ecb|E:\\Software\\Microsoft Visual Studio\\Common7\\IDE\\vsdebugeng.dll+2d67|C:\\Windows\\System32\\KERNEL32.DLL+17344|C:\\Windows\\SYSTEM32\\ntdll.dll+526b1", "EventData_SourceUser": "DESKTOP-P5C3MUD\\user", "EventData_TargetUser": "DESKTOP-P5C3MUD\\user"}
{"Provider_Name": "Microsoft-Windows-Sysmon", "Provider_Guid": "{5770385f-c22a-43e0-bf4c-06f5698ffbd9}", "Provider": null, "EventID_Qualifiers": "", "EventID": "10", "Version": "3", "Level": "4", "Task": "10", "Opcode": "0", "Keywords": "0x8000000000000000", "TimeCreated_SystemTime": "2023-09-27 01:43:08.898836", "TimeCreated": null, "EventRecordID": "27656", "Correlation_ActivityID": "", "Correlation_RelatedActivityID": "", "Correlation": null, "Execution_ProcessID": "3368", "Execution_ThreadID": "4984", "Execution": null, "Channel": "Microsoft-Windows-Sysmon/Operational", "Computer": "DESKTOP-P5C3MUD", "Security_UserID": "S-1-5-18", "Security": null, "EventData_RuleName": "-", "EventData_UtcTime": "2023-09-27 01:43:08.887", "EventData_SourceProcessGUID": "{4557fbaa-e7c4-6502-0900-000000000c00}", "EventData_SourceProcessId": "592", "EventData_SourceThreadId": "568", "EventData_SourceImage": "C:\\Windows\\system32\\csrss.exe", "EventData_TargetProcessGUID": "{4557fbaa-88ac-6513-a224-000000000c00}", "EventData_TargetProcessId": "1628", "EventData_TargetImage": "E:\\Software\\Microsoft Visual Studio\\Common7\\IDE\\CommonExtensions\\Platform\\Debugger\\VsDebugConsole.exe", "EventData_GrantedAccess": "0x001fffff", "EventData_CallTrace": "C:\\Windows\\SYSTEM32\\ntdll.dll+9d314|C:\\Windows\\system32\\basesrv.DLL+326f|C:\\Windows\\SYSTEM32\\CSRSRV.dll+6490|C:\\Windows\\SYSTEM32\\ntdll.dll+526bf", "EventData_SourceUser": "NT AUTHORITY\\SYSTEM", "EventData_TargetUser": "DESKTOP-P5C3MUD\\user"}
{"Provider_Name": "Microsoft-Windows-Sysmon", "Provider_Guid": "{5770385f-c22a-43e0-bf4c-06f5698ffbd9}", "Provider": null, "EventID_Qualifiers": "", "EventID": "7", "Version": "3", "Level": "4", "Task": "7", "Opcode": "0", "Keywords": "0x8000000000000000", "TimeCreated_SystemTime": "2023-09-27 01:43:08.899450", "TimeCreated": null, "EventRecordID": "27657", "Correlation_ActivityID": "", "Correlation_RelatedActivityID": "", "Correlation": null, "Execution_ProcessID": "3368", "Execution_ThreadID": "4984", "Execution": null, "Channel": "Microsoft-Windows-Sysmon/Operational", "Computer": "DESKTOP-P5C3MUD", "Security_UserID": "S-1-5-18", "Security": null, "EventData_RuleName": "-", "EventData_UtcTime": "2023-09-27 01:43:08.887", "EventData_ProcessGuid": "{4557fbaa-88ac-6513-a224-000000000c00}", "EventData_ProcessId": "1628", "EventData_Image": "E:\\Software\\Microsoft Visual Studio\\Common7\\IDE\\CommonExtensions\\Platform\\Debugger\\VsDebugConsole.exe", "EventData_ImageLoaded": "E:\\Software\\Microsoft Visual Studio\\Common7\\IDE\\CommonExtensions\\Platform\\Debugger\\VsDebugConsole.exe", "EventData_FileVersion": "17.7.10718.1 commit:9224ba8c97a42d6ac25c23fb4366a52b064de770", "EventData_Description": "Visual Studio Debugger Console Application Resources", "EventData_Product": "Microsoft \u00ae Visual Studio \u00ae", "EventData_Company": "Microsoft Corporation", "EventData_OriginalFileName": "VsDebugConsole.exe", "EventData_Hashes": "SHA1=6826F86055B3094243AF114642EA710AF82762C2,MD5=82CB4B3D3E0704EE54D4E5CC05E9C1CC,SHA256=644460B01963FB81100AAE079A219D6BD8611E5F9BC5D693181867FA1BF2C713,IMPHASH=B631B64F440EB70253DD68CC21D3E264", "EventData_Signed": "true", "EventData_Signature": "Microsoft Corporation", "EventData_SignatureStatus": "Valid", "EventData_User": "DESKTOP-P5C3MUD\\user"}
{"Provider_Name": "Microsoft-Windows-Sysmon", "Provider_Guid": "{5770385f-c22a-43e0-bf4c-06f5698ffbd9}", "Provider": null, "EventID_Qualifiers": "", "EventID": "7", "Version": "3", "Level": "4", "Task": "7", "Opcode": "0", "Keywords": "0x8000000000000000", "TimeCreated_SystemTime": "2023-09-27 01:43:08.899786", "TimeCreated": null, "EventRecordID": "27658", "Correlation_ActivityID": "", "Correlation_RelatedActivityID": "", "Correlation": null, "Execution_ProcessID": "3368", "Execution_ThreadID": "4984", "Execution": null, "Channel": "Microsoft-Windows-Sysmon/Operational", "Computer": "DESKTOP-P5C3MUD", "Security_UserID": "S-1-5-18", "Security": null, "EventData_RuleName": "-", "EventData_UtcTime": "2023-09-27 01:43:08.887", "EventData_ProcessGuid": "{4557fbaa-88ac-6513-a224-000000000c00}", "EventData_ProcessId": "1628", "EventData_Image": "E:\\Software\\Microsoft Visual Studio\\Common7\\IDE\\CommonExtensions\\Platform\\Debugger\\VsDebugConsole.exe", "EventData_ImageLoaded": "C:\\Windows\\System32\\ntdll.dll", "EventData_FileVersion": "10.0.19041.3393 (WinBuild.160101.0800)", "EventData_Description": "NT Layer DLL", "EventData_Product": "Microsoft\u00ae Windows\u00ae Operating System", "EventData_Company": "Microsoft Corporation", "EventData_OriginalFileName": "ntdll.dll", "EventData_Hashes": "SHA1=8047327CEFB24B1DFA5E1F4965FDB25C3E717642,MD5=62A8F85897022E08D1CCCB2C3AC6C8DE,SHA256=590E0BB26B4A24B0A787C7B8CACED643D8AECFE71140D1BD51A73D5D65B0AF94,IMPHASH=00000000000000000000000000000000", "EventData_Signed": "true", "EventData_Signature": "Microsoft Windows", "EventData_SignatureStatus": "Valid", "EventData_User": "DESKTOP-P5C3MUD\\user"}
{"Provider_Name": "Microsoft-Windows-Sysmon", "Provider_Guid": "{5770385f-c22a-43e0-bf4c-06f5698ffbd9}", "Provider": null, "EventID_Qualifiers": "", "EventID": "7", "Version": "3", "Level": "4", "Task": "7", "Opcode": "0", "Keywords": "0x8000000000000000", "TimeCreated_SystemTime": "2023-09-27 01:43:08.904293", "TimeCreated": null, "EventRecordID": "27659", "Correlation_ActivityID": "", "Correlation_RelatedActivityID": "", "Correlation": null, "Execution_ProcessID": "3368", "Execution_ThreadID": "4984", "Execution": null, "Channel": "Microsoft-Windows-Sysmon/Operational", "Computer": "DESKTOP-P5C3MUD", "Security_UserID": "S-1-5-18", "Security": null, "EventData_RuleName": "-", "EventData_UtcTime": "2023-09-27 01:43:08.903", "EventData_ProcessGuid": "{4557fbaa-88ac-6513-a224-000000000c00}", "EventData_ProcessId": "1628", "EventData_Image": "E:\\Software\\Microsoft Visual Studio\\Common7\\IDE\\CommonExtensions\\Platform\\Debugger\\VsDebugConsole.exe", "EventData_ImageLoaded": "C:\\Windows\\System32\\kernel32.dll", "EventData_FileVersion": "10.0.19041.3393 (WinBuild.160101.0800)", "EventData_Description": "Windows NT BASE API Client DLL", "EventData_Product": "Microsoft\u00ae Windows\u00ae Operating System", "EventData_Company": "Microsoft Corporation", "EventData_OriginalFileName": "kernel32", "EventData_Hashes": "SHA1=D57551055BD4E7644EDE2FFD76EAB966CD5612DA,MD5=D9DE98246BCB03964BBDBB4693B155DC,SHA256=C64B4EEFC2868E6E47E42254BDC7F3A817250E290C936E3C8AEF8720A8A8ED64,IMPHASH=F138C4A566A700DE3E7E024EE6C4D479", "EventData_Signed": "true", "EventData_Signature": "Microsoft Windows", "EventData_SignatureStatus": "Valid", "EventData_User": "DESKTOP-P5C3MUD\\user"}
{"Provider_Name": "Microsoft-Windows-Sysmon", "Provider_Guid": "{5770385f-c22a-43e0-bf4c-06f5698ffbd9}", "Provider": null, "EventID_Qualifiers": "", "EventID": "11", "Version": "2", "Level": "4", "Task": "11", "Opcode": "0", "Keywords": "0x8000000000000000", "TimeCreated_SystemTime": "2023-09-27 01:43:08.905815", "TimeCreated": null, "EventRecordID": "27660", "Correlation_ActivityID": "", "Correlation_RelatedActivityID": "", "Correlation": null, "Execution_ProcessID": "3368", "Execution_ThreadID": "4984", "Execution": null, "Channel": "Microsoft-Windows-Sysmon/Operational", "Computer": "DESKTOP-P5C3MUD", "Security_UserID": "S-1-5-18", "Security": null, "EventData_RuleName": "-", "EventData_UtcTime": "2023-09-27 01:43:08.903", "EventData_ProcessGuid": "{4557fbaa-83de-6513-8423-000000000c00}", "EventData_ProcessId": "9912", "EventData_Image": "E:\\Software\\Microsoft Visual Studio\\Common7\\IDE\\devenv.exe", "EventData_TargetFilename": "E:\\Experiment\\WINDOWS\u9ed1\u5ba2\u7f16\u7a0b\u6280\u672f\u8be6\u89e3-\u914d\u5957\u8d44\u6e90\\.vs\\slnx.sqlite-journal", "EventData_CreationUtcTime": "2023-09-27 01:43:08.903", "EventData_User": "DESKTOP-P5C3MUD\\user"}
{"Provider_Name": "Microsoft-Windows-Sysmon", "Provider_Guid": "{5770385f-c22a-43e0-bf4c-06f5698ffbd9}", "Provider": null, "EventID_Qualifiers": "", "EventID": "26", "Version": "5", "Level": "4", "Task": "26", "Opcode": "0", "Keywords": "0x8000000000000000", "TimeCreated_SystemTime": "2023-09-27 01:43:08.912609", "TimeCreated": null, "EventRecordID": "27661", "Correlation_ActivityID": "", "Correlation_RelatedActivityID": "", "Correlation": null, "Execution_ProcessID": "3368", "Execution_ThreadID": "4984", "Execution": null, "Channel": "Microsoft-Windows-Sysmon/Operational", "Computer": "DESKTOP-P5C3MUD", "Security_UserID": "S-1-5-18", "Security": null, "EventData_RuleName": "-", "EventData_UtcTime": "2023-09-27 01:43:08.903", "EventData_ProcessGuid": "{4557fbaa-83de-6513-8423-000000000c00}", "EventData_ProcessId": "9912", "EventData_User": "DESKTOP-P5C3MUD\\user", "EventData_Image": "E:\\Software\\Microsoft Visual Studio\\Common7\\IDE\\devenv.exe", "EventData_TargetFilename": "E:\\Experiment\\WINDOWS\u9ed1\u5ba2\u7f16\u7a0b\u6280\u672f\u8be6\u89e3-\u914d\u5957\u8d44\u6e90\\.vs\\slnx.sqlite-journal", "EventData_Hashes": "SHA1=D9DCDED91F8F3E9A424CE6351F6BF5C26179D5AF,MD5=0CD26C9CCAAF62F167BAB1D0A8A454EB,SHA256=EBB1189F62BF2BE53A7962D6A43CC269F5443C27F536BD0C43F1B9DF58221DA6,IMPHASH=00000000000000000000000000000000", "EventData_IsExecutable": "False"}
{"Provider_Name": "Microsoft-Windows-Sysmon", "Provider_Guid": "{5770385f-c22a-43e0-bf4c-06f5698ffbd9}", "Provider": null, "EventID_Qualifiers": "", "EventID": "11", "Version": "2", "Level": "4", "Task": "11", "Opcode": "0", "Keywords": "0x8000000000000000", "TimeCreated_SystemTime": "2023-09-27 01:43:08.915054", "TimeCreated": null, "EventRecordID": "27662", "Correlation_ActivityID": "", "Correlation_RelatedActivityID": "", "Correlation": null, "Execution_ProcessID": "3368", "Execution_ThreadID": "4984", "Execution": null, "Channel": "Microsoft-Windows-Sysmon/Operational", "Computer": "DESKTOP-P5C3MUD", "Security_UserID": "S-1-5-18", "Security": null, "EventData_RuleName": "-", "EventData_UtcTime": "2023-09-27 01:43:08.903", "EventData_ProcessGuid": "{4557fbaa-83de-6513-8423-000000000c00}", "EventData_ProcessId": "9912", "EventData_Image": "E:\\Software\\Microsoft Visual Studio\\Common7\\IDE\\devenv.exe", "EventData_TargetFilename": "E:\\Experiment\\WINDOWS\u9ed1\u5ba2\u7f16\u7a0b\u6280\u672f\u8be6\u89e3-\u914d\u5957\u8d44\u6e90\\.vs\\slnx.sqlite-journal", "EventData_CreationUtcTime": "2023-09-27 01:43:08.903", "EventData_User": "DESKTOP-P5C3MUD\\user"}
{"Provider_Name": "Microsoft-Windows-Sysmon", "Provider_Guid": "{5770385f-c22a-43e0-bf4c-06f5698ffbd9}", "Provider": null, "EventID_Qualifiers": "", "EventID": "7", "Version": "3", "Level": "4", "Task": "7", "Opcode": "0", "Keywords": "0x8000000000000000", "TimeCreated_SystemTime": "2023-09-27 01:43:08.918528", "TimeCreated": null, "EventRecordID": "27663", "Correlation_ActivityID": "", "Correlation_RelatedActivityID": "", "Correlation": null, "Execution_ProcessID": "3368", "Execution_ThreadID": "4984", "Execution": null, "Channel": "Microsoft-Windows-Sysmon/Operational", "Computer": "DESKTOP-P5C3MUD", "Security_UserID": "S-1-5-18", "Security": null, "EventData_RuleName": "-", "EventData_UtcTime": "2023-09-27 01:43:08.903", "EventData_ProcessGuid": "{4557fbaa-88ac-6513-a224-000000000c00}", "EventData_ProcessId": "1628", "EventData_Image": "E:\\Software\\Microsoft Visual Studio\\Common7\\IDE\\CommonExtensions\\Platform\\Debugger\\VsDebugConsole.exe", "EventData_ImageLoaded": "C:\\Windows\\System32\\KernelBase.dll", "EventData_FileVersion": "10.0.19041.3393 (WinBuild.160101.0800)", "EventData_Description": "Windows NT BASE API Client DLL", "EventData_Product": "Microsoft\u00ae Windows\u00ae Operating System", "EventData_Company": "Microsoft Corporation", "EventData_OriginalFileName": "Kernelbase.dll", "EventData_Hashes": "SHA1=9FDB286060B8D6D293492A13575E6359604EEFE1,MD5=5B5BFC918C4AA0585969747B7FD6D404,SHA256=0FC2A2C20479C2D1A99468DD90D6B37E79CF4E9A1617F7ACC3FA116EAAF1E1B3,IMPHASH=0B3D9CDD2A78F1035F845B59D17F0420", "EventData_Signed": "true", "EventData_Signature": "Microsoft Windows", "EventData_SignatureStatus": "Valid", "EventData_User": "DESKTOP-P5C3MUD\\user"}
{"Provider_Name": "Microsoft-Windows-Sysmon", "Provider_Guid": "{5770385f-c22a-43e0-bf4c-06f5698ffbd9}", "Provider": null, "EventID_Qualifiers": "", "EventID": "7", "Version": "3", "Level": "4", "Task": "7", "Opcode": "0", "Keywords": "0x8000000000000000", "TimeCreated_SystemTime": "2023-09-27 01:43:08.920366", "TimeCreated": null, "EventRecordID": "27664", "Correlation_ActivityID": "", "Correlation_RelatedActivityID": "", "Correlation": null, "Execution_ProcessID": "3368", "Execution_ThreadID": "4984", "Execution": null, "Channel": "Microsoft-Windows-Sysmon/Operational", "Computer": "DESKTOP-P5C3MUD", "Security_UserID": "S-1-5-18", "Security": null, "EventData_RuleName": "-", "EventData_UtcTime": "2023-09-27 01:43:08.919", "EventData_ProcessGuid": "{4557fbaa-83de-6513-8423-000000000c00}", "EventData_ProcessId": "9912", "EventData_Image": "E:\\Software\\Microsoft Visual Studio\\Common7\\IDE\\devenv.exe", "EventData_ImageLoaded": "E:\\Software\\Microsoft Visual Studio\\Common7\\IDE\\CommonExtensions\\Platform\\DiagnosticsHub\\x64\\DiagnosticsHub.StandardCollector.Bridge.dll", "EventData_FileVersion": "17.7.33921.2 built by: DiagHub_17.7_f4506808aea0719e20d10b915e0588944059a98f", "EventData_Description": "Microsoft (R) Visual Studio Standard Collector Bridge", "EventData_Product": "Microsoft\u00ae Visual Studio\u00ae", "EventData_Company": "Microsoft Corporation", "EventData_OriginalFileName": "DiagnosticsHub.StandardCollector.Bridge", "EventData_Hashes": "SHA1=996EE493DDDA8114D2957A1F6D0299E8E2BE6AB6,MD5=AE1EE814DB6BE02481A5BB7D031760C0,SHA256=EEAE37EC39A65B44309C973703A31BBF85FF13AA0B38E1668DED3455C5B55B1D,IMPHASH=4B5790CBF6B630FEC1338149616823B3", "EventData_Signed": "true", "EventData_Signature": "Microsoft Corporation", "EventData_SignatureStatus": "Valid", "EventData_User": "DESKTOP-P5C3MUD\\user"}
