{"Provider_Name": "Microsoft-Windows-Sysmon", "Provider_Guid": "{5770385f-c22a-43e0-bf4c-06f5698ffbd9}", "Provider": null, "EventID_Qualifiers": "", "EventID": "10", "Version": "3", "Level": "4", "Task": "10", "Opcode": "0", "Keywords": "0x8000000000000000", "TimeCreated_SystemTime": "2023-09-27 01:43:09.517183", "TimeCreated": null, "EventRecordID": "28177", "Correlation_ActivityID": "", "Correlation_RelatedActivityID": "", "Correlation": null, "Execution_ProcessID": "3368", "Execution_ThreadID": "4984", "Execution": null, "Channel": "Microsoft-Windows-Sysmon/Operational", "Computer": "DESKTOP-P5C3MUD", "Security_UserID": "S-1-5-18", "Security": null, "EventData_RuleName": "-", "EventData_UtcTime": "2023-09-27 01:43:09.512", "EventData_SourceProcessGUID": "{4557fbaa-e801-6502-8100-000000000c00}", "EventData_SourceProcessId": "5600", "EventData_SourceThreadId": "13476", "EventData_SourceImage": "C:\\Windows\\system32\\svchost.exe", "EventData_TargetProcessGUID": "{4557fbaa-88ad-6513-a724-000000000c00}", "EventData_TargetProcessId": "11348", "EventData_TargetImage": "C:\\Windows\\system32\\CompMgmtLauncher.exe", "EventData_GrantedAccess": "0x00001040", "EventData_CallTrace": "C:\\Windows\\SYSTEM32\\ntdll.dll+9df24|C:\\Windows\\System32\\RPCRT4.dll+4f034|C:\\Windows\\System32\\combase.dll+c89fc|C:\\Windows\\System32\\combase.dll+5b818|C:\\Windows\\System32\\combase.dll+5a99b|C:\\Windows\\System32\\combase.dll+5aaa4|C:\\Windows\\System32\\combase.dll+5a904|C:\\Windows\\System32\\combase.dll+7b72c|C:\\Windows\\System32\\combase.dll+7b34a|C:\\Windows\\System32\\combase.dll+8f8a4|C:\\Windows\\System32\\combase.dll+9a170|C:\\Windows\\System32\\combase.dll+9a08b|C:\\Windows\\System32\\combase.dll+99b80|C:\\Windows\\System32\\combase.dll+30d77|C:\\Windows\\System32\\combase.dll+b6809|C:\\Windows\\System32\\RPCRT4.dll+deb92|C:\\Windows\\System32\\RPCRT4.dll+1d479|C:\\Windows\\System32\\combase.dll+b5f1c|C:\\Windows\\System32\\RPCRT4.dll+5a74b|C:\\Windows\\System32\\combase.dll+8bad3|C:\\Windows\\System32\\combase.dll+8b85e|C:\\Windows\\System32\\combase.dll+baaa6|C:\\Windows\\System32\\combase.dll+31283|C:\\Windows\\System32\\combase.dll+b133d", "EventData_SourceUser": "NT AUTHORITY\\SYSTEM", "EventData_TargetUser": "DESKTOP-P5C3MUD\\user"}
{"Provider_Name": "Microsoft-Windows-Sysmon", "Provider_Guid": "{5770385f-c22a-43e0-bf4c-06f5698ffbd9}", "Provider": null, "EventID_Qualifiers": "", "EventID": "12", "Version": "2", "Level": "4", "Task": "12", "Opcode": "0", "Keywords": "0x8000000000000000", "TimeCreated_SystemTime": "2023-09-27 01:43:09.518295", "TimeCreated": null, "EventRecordID": "28178", "Correlation_ActivityID": "", "Correlation_RelatedActivityID": "", "Correlation": null, "Execution_ProcessID": "3368", "Execution_ThreadID": "4984", "Execution": null, "Channel": "Microsoft-Windows-Sysmon/Operational", "Computer": "DESKTOP-P5C3MUD", "Security_UserID": "S-1-5-18", "Security": null, "EventData_RuleName": "-", "EventData_EventType": "CreateKey", "EventData_UtcTime": "2023-09-27 01:43:09.512", "EventData_ProcessGuid": "{4557fbaa-e98b-6502-0d01-000000000c00}", "EventData_ProcessId": "6312", "EventData_Image": "C:\\Windows\\SystemApps\\ShellExperienceHost_cw5n1h2txyewy\\ShellExperienceHost.exe", "EventData_TargetObject": "\\REGISTRY\\A\\{c2c17731-0077-af09-8fc4-2213ad20b4b6}\\LocalState", "EventData_User": "DESKTOP-P5C3MUD\\user"}
{"Provider_Name": "Microsoft-Windows-Sysmon", "Provider_Guid": "{5770385f-c22a-43e0-bf4c-06f5698ffbd9}", "Provider": null, "EventID_Qualifiers": "", "EventID": "13", "Version": "2", "Level": "4", "Task": "13", "Opcode": "0", "Keywords": "0x8000000000000000", "TimeCreated_SystemTime": "2023-09-27 01:43:09.518341", "TimeCreated": null, "EventRecordID": "28179", "Correlation_ActivityID": "", "Correlation_RelatedActivityID": "", "Correlation": null, "Execution_ProcessID": "3368", "Execution_ThreadID": "4984", "Execution": null, "Channel": "Microsoft-Windows-Sysmon/Operational", "Computer": "DESKTOP-P5C3MUD", "Security_UserID": "S-1-5-18", "Security": null, "EventData_RuleName": "-", "EventData_EventType": "SetValue", "EventData_UtcTime": "2023-09-27 01:43:09.512", "EventData_ProcessGuid": "{4557fbaa-e98b-6502-0d01-000000000c00}", "EventData_ProcessId": "6312", "EventData_Image": "C:\\Windows\\SystemApps\\ShellExperienceHost_cw5n1h2txyewy\\ShellExperienceHost.exe", "EventData_TargetObject": "\\REGISTRY\\A\\{c2c17731-0077-af09-8fc4-2213ad20b4b6}\\LocalState\\PeekBadges", "EventData_Details": "Binary Data", "EventData_User": "DESKTOP-P5C3MUD\\user"}
{"Provider_Name": "Microsoft-Windows-Sysmon", "Provider_Guid": "{5770385f-c22a-43e0-bf4c-06f5698ffbd9}", "Provider": null, "EventID_Qualifiers": "", "EventID": "12", "Version": "2", "Level": "4", "Task": "12", "Opcode": "0", "Keywords": "0x8000000000000000", "TimeCreated_SystemTime": "2023-09-27 01:43:09.518997", "TimeCreated": null, "EventRecordID": "28180", "Correlation_ActivityID": "", "Correlation_RelatedActivityID": "", "Correlation": null, "Execution_ProcessID": "3368", "Execution_ThreadID": "4984", "Execution": null, "Channel": "Microsoft-Windows-Sysmon/Operational", "Computer": "DESKTOP-P5C3MUD", "Security_UserID": "S-1-5-18", "Security": null, "EventData_RuleName": "-", "EventData_EventType": "CreateKey", "EventData_UtcTime": "2023-09-27 01:43:09.512", "EventData_ProcessGuid": "{4557fbaa-e98b-6502-0d01-000000000c00}", "EventData_ProcessId": "6312", "EventData_Image": "C:\\Windows\\SystemApps\\ShellExperienceHost_cw5n1h2txyewy\\ShellExperienceHost.exe", "EventData_TargetObject": "\\REGISTRY\\A\\{c2c17731-0077-af09-8fc4-2213ad20b4b6}\\LocalState", "EventData_User": "DESKTOP-P5C3MUD\\user"}
{"Provider_Name": "Microsoft-Windows-Sysmon", "Provider_Guid": "{5770385f-c22a-43e0-bf4c-06f5698ffbd9}", "Provider": null, "EventID_Qualifiers": "", "EventID": "13", "Version": "2", "Level": "4", "Task": "13", "Opcode": "0", "Keywords": "0x8000000000000000", "TimeCreated_SystemTime": "2023-09-27 01:43:09.519022", "TimeCreated": null, "EventRecordID": "28181", "Correlation_ActivityID": "", "Correlation_RelatedActivityID": "", "Correlation": null, "Execution_ProcessID": "3368", "Execution_ThreadID": "4984", "Execution": null, "Channel": "Microsoft-Windows-Sysmon/Operational", "Computer": "DESKTOP-P5C3MUD", "Security_UserID": "S-1-5-18", "Security": null, "EventData_RuleName": "-", "EventData_EventType": "SetValue", "EventData_UtcTime": "2023-09-27 01:43:09.512", "EventData_ProcessGuid": "{4557fbaa-e98b-6502-0d01-000000000c00}", "EventData_ProcessId": "6312", "EventData_Image": "C:\\Windows\\SystemApps\\ShellExperienceHost_cw5n1h2txyewy\\ShellExperienceHost.exe", "EventData_TargetObject": "\\REGISTRY\\A\\{c2c17731-0077-af09-8fc4-2213ad20b4b6}\\LocalState\\PeekBadges", "EventData_Details": "Binary Data", "EventData_User": "DESKTOP-P5C3MUD\\user"}
{"Provider_Name": "Microsoft-Windows-Sysmon", "Provider_Guid": "{5770385f-c22a-43e0-bf4c-06f5698ffbd9}", "Provider": null, "EventID_Qualifiers": "", "EventID": "7", "Version": "3", "Level": "4", "Task": "7", "Opcode": "0", "Keywords": "0x8000000000000000", "TimeCreated_SystemTime": "2023-09-27 01:43:09.532400", "TimeCreated": null, "EventRecordID": "28182", "Correlation_ActivityID": "", "Correlation_RelatedActivityID": "", "Correlation": null, "Execution_ProcessID": "3368", "Execution_ThreadID": "4984", "Execution": null, "Channel": "Microsoft-Windows-Sysmon/Operational", "Computer": "DESKTOP-P5C3MUD", "Security_UserID": "S-1-5-18", "Security": null, "EventData_RuleName": "-", "EventData_UtcTime": "2023-09-27 01:43:09.528", "EventData_ProcessGuid": "{4557fbaa-88ad-6513-a724-000000000c00}", "EventData_ProcessId": "11348", "EventData_Image": "C:\\Windows\\System32\\CompMgmtLauncher.exe", "EventData_ImageLoaded": "C:\\Windows\\System32\\Windows.StateRepositoryCore.dll", "EventData_FileVersion": "10.0.19041.3155 (WinBuild.160101.0800)", "EventData_Description": "Windows StateRepository API Core", "EventData_Product": "Microsoft\u00ae Windows\u00ae Operating System", "EventData_Company": "Microsoft Corporation", "EventData_OriginalFileName": "Windows.StateRepositoryCore.dll", "EventData_Hashes": "SHA1=12566E65D07D19D4C214189009B552A1A0D34DF0,MD5=0B130D42F4930B9DF64FB68FE4532690,SHA256=AFA5383CDB0B1A605B3255C5DD10366A4EC13AABC12296EE3469D64D66CBDD71,IMPHASH=F91B654D0D97CAFD152655867501E522", "EventData_Signed": "true", "EventData_Signature": "Microsoft Windows", "EventData_SignatureStatus": "Valid", "EventData_User": "DESKTOP-P5C3MUD\\user"}
{"Provider_Name": "Microsoft-Windows-Sysmon", "Provider_Guid": "{5770385f-c22a-43e0-bf4c-06f5698ffbd9}", "Provider": null, "EventID_Qualifiers": "", "EventID": "12", "Version": "2", "Level": "4", "Task": "12", "Opcode": "0", "Keywords": "0x8000000000000000", "TimeCreated_SystemTime": "2023-09-27 01:43:09.534288", "TimeCreated": null, "EventRecordID": "28183", "Correlation_ActivityID": "", "Correlation_RelatedActivityID": "", "Correlation": null, "Execution_ProcessID": "3368", "Execution_ThreadID": "4984", "Execution": null, "Channel": "Microsoft-Windows-Sysmon/Operational", "Computer": "DESKTOP-P5C3MUD", "Security_UserID": "S-1-5-18", "Security": null, "EventData_RuleName": "-", "EventData_EventType": "CreateKey", "EventData_UtcTime": "2023-09-27 01:43:09.528", "EventData_ProcessGuid": "{4557fbaa-88ad-6513-a724-000000000c00}", "EventData_ProcessId": "11348", "EventData_Image": "C:\\Windows\\system32\\CompMgmtLauncher.exe", "EventData_TargetObject": "HKU\\S-1-5-21-2994737283-653069417-2221972583-1001\\SOFTWARE\\Microsoft\\Windows\\CurrentVersion\\Explorer", "EventData_User": "DESKTOP-P5C3MUD\\user"}
{"Provider_Name": "Microsoft-Windows-Sysmon", "Provider_Guid": "{5770385f-c22a-43e0-bf4c-06f5698ffbd9}", "Provider": null, "EventID_Qualifiers": "", "EventID": "13", "Version": "2", "Level": "4", "Task": "13", "Opcode": "0", "Keywords": "0x8000000000000000", "TimeCreated_SystemTime": "2023-09-27 01:43:09.534321", "TimeCreated": null, "EventRecordID": "28184", "Correlation_ActivityID": "", "Correlation_RelatedActivityID": "", "Correlation": null, "Execution_ProcessID": "3368", "Execution_ThreadID": "4984", "Execution": null, "Channel": "Microsoft-Windows-Sysmon/Operational", "Computer": "DESKTOP-P5C3MUD", "Security_UserID": "S-1-5-18", "Security": null, "EventData_RuleName": "-", "EventData_EventType": "SetValue", "EventData_UtcTime": "2023-09-27 01:43:09.528", "EventData_ProcessGuid": "{4557fbaa-88ad-6513-a724-000000000c00}", "EventData_ProcessId": "11348", "EventData_Image": "C:\\Windows\\system32\\CompMgmtLauncher.exe", "EventData_TargetObject": "HKU\\S-1-5-21-2994737283-653069417-2221972583-1001\\SOFTWARE\\Microsoft\\Windows\\CurrentVersion\\Explorer\\SlowContextMenuEntries", "EventData_Details": "Binary Data", "EventData_User": "DESKTOP-P5C3MUD\\user"}
{"Provider_Name": "Microsoft-Windows-Sysmon", "Provider_Guid": "{5770385f-c22a-43e0-bf4c-06f5698ffbd9}", "Provider": null, "EventID_Qualifiers": "", "EventID": "7", "Version": "3", "Level": "4", "Task": "7", "Opcode": "0", "Keywords": "0x8000000000000000", "TimeCreated_SystemTime": "2023-09-27 01:43:09.535736", "TimeCreated": null, "EventRecordID": "28185", "Correlation_ActivityID": "", "Correlation_RelatedActivityID": "", "Correlation": null, "Execution_ProcessID": "3368", "Execution_ThreadID": "4984", "Execution": null, "Channel": "Microsoft-Windows-Sysmon/Operational", "Computer": "DESKTOP-P5C3MUD", "Security_UserID": "S-1-5-18", "Security": null, "EventData_RuleName": "-", "EventData_UtcTime": "2023-09-27 01:43:09.528", "EventData_ProcessGuid": "{4557fbaa-88ad-6513-a724-000000000c00}", "EventData_ProcessId": "11348", "EventData_Image": "C:\\Windows\\System32\\CompMgmtLauncher.exe", "EventData_ImageLoaded": "C:\\Windows\\System32\\WindowsCodecs.dll", "EventData_FileVersion": "10.0.19041.1706 (WinBuild.160101.0800)", "EventData_Description": "Microsoft Windows Codecs Library", "EventData_Product": "Microsoft\u00ae Windows\u00ae Operating System", "EventData_Company": "Microsoft Corporation", "EventData_OriginalFileName": "WindowsCodecs", "EventData_Hashes": "SHA1=03942342FAA2E890BEA510C4012565E40A1566EA,MD5=5B7AE2640B9318E1CE39EF4125E379F3,SHA256=921B17739E0E3EEAFB0EC08E17D95F102730687F345B240F5331969E71F8E54A,IMPHASH=62DB43E556757C48FBD68E2603546987", "EventData_Signed": "true", "EventData_Signature": "Microsoft Windows", "EventData_SignatureStatus": "Valid", "EventData_User": "DESKTOP-P5C3MUD\\user"}
{"Provider_Name": "Microsoft-Windows-Sysmon", "Provider_Guid": "{5770385f-c22a-43e0-bf4c-06f5698ffbd9}", "Provider": null, "EventID_Qualifiers": "", "EventID": "7", "Version": "3", "Level": "4", "Task": "7", "Opcode": "0", "Keywords": "0x8000000000000000", "TimeCreated_SystemTime": "2023-09-27 01:43:09.540815", "TimeCreated": null, "EventRecordID": "28186", "Correlation_ActivityID": "", "Correlation_RelatedActivityID": "", "Correlation": null, "Execution_ProcessID": "3368", "Execution_ThreadID": "4984", "Execution": null, "Channel": "Microsoft-Windows-Sysmon/Operational", "Computer": "DESKTOP-P5C3MUD", "Security_UserID": "S-1-5-18", "Security": null, "EventData_RuleName": "-", "EventData_UtcTime": "2023-09-27 01:43:09.528", "EventData_ProcessGuid": "{4557fbaa-88ad-6513-a724-000000000c00}", "EventData_ProcessId": "11348", "EventData_Image": "C:\\Windows\\System32\\CompMgmtLauncher.exe", "EventData_ImageLoaded": "C:\\Windows\\System32\\drvstore.dll", "EventData_FileVersion": "10.0.19041.2546 (WinBuild.160101.0800)", "EventData_Description": "Driver Store API", "EventData_Product": "Microsoft\u00ae Windows\u00ae Operating System", "EventData_Company": "Microsoft Corporation", "EventData_OriginalFileName": "DRVSTORE.DLL", "EventData_Hashes": "SHA1=7CA507EBF59E2820D26DFC62688C320FE0537C6F,MD5=44B4346E742C2461A661A2142DD6D198,SHA256=31E420C686608F56F65218124C6E661ADF4E3983BE58099FCF31511A2577F836,IMPHASH=93C1E8D0FFAADAAD37BE2C01F095CAF5", "EventData_Signed": "true", "EventData_Signature": "Microsoft Windows", "EventData_SignatureStatus": "Valid", "EventData_User": "DESKTOP-P5C3MUD\\user"}
{"Provider_Name": "Microsoft-Windows-Sysmon", "Provider_Guid": "{5770385f-c22a-43e0-bf4c-06f5698ffbd9}", "Provider": null, "EventID_Qualifiers": "", "EventID": "7", "Version": "3", "Level": "4", "Task": "7", "Opcode": "0", "Keywords": "0x8000000000000000", "TimeCreated_SystemTime": "2023-09-27 01:43:09.541199", "TimeCreated": null, "EventRecordID": "28187", "Correlation_ActivityID": "", "Correlation_RelatedActivityID": "", "Correlation": null, "Execution_ProcessID": "3368", "Execution_ThreadID": "4984", "Execution": null, "Channel": "Microsoft-Windows-Sysmon/Operational", "Computer": "DESKTOP-P5C3MUD", "Security_UserID": "S-1-5-18", "Security": null, "EventData_RuleName": "-", "EventData_UtcTime": "2023-09-27 01:43:09.528", "EventData_ProcessGuid": "{4557fbaa-88ad-6513-a724-000000000c00}", "EventData_ProcessId": "11348", "EventData_Image": "C:\\Windows\\System32\\CompMgmtLauncher.exe", "EventData_ImageLoaded": "C:\\Windows\\System32\\devobj.dll", "EventData_FileVersion": "10.0.19041.3155 (WinBuild.160101.0800)", "EventData_Description": "Device Information Set DLL", "EventData_Product": "Microsoft\u00ae Windows\u00ae Operating System", "EventData_Company": "Microsoft Corporation", "EventData_OriginalFileName": "devinfoset.DLL", "EventData_Hashes": "SHA1=DE790F3E37D3836F820D00CDFC2C753862BE40AA,MD5=165851EEA207D0F2FEF345EB31A41931,SHA256=C7BA877131ADF35F6907A908C22D680C87CFEFEC996F901BF56C9B2CEF59E403,IMPHASH=FEF55AAF9D7E031972ED016FAA0E364C", "EventData_Signed": "true", "EventData_Signature": "Microsoft Windows", "EventData_SignatureStatus": "Valid", "EventData_User": "DESKTOP-P5C3MUD\\user"}
{"Provider_Name": "Microsoft-Windows-Sysmon", "Provider_Guid": "{5770385f-c22a-43e0-bf4c-06f5698ffbd9}", "Provider": null, "EventID_Qualifiers": "", "EventID": "7", "Version": "3", "Level": "4", "Task": "7", "Opcode": "0", "Keywords": "0x8000000000000000", "TimeCreated_SystemTime": "2023-09-27 01:43:09.541651", "TimeCreated": null, "EventRecordID": "28188", "Correlation_ActivityID": "", "Correlation_RelatedActivityID": "", "Correlation": null, "Execution_ProcessID": "3368", "Execution_ThreadID": "4984", "Execution": null, "Channel": "Microsoft-Windows-Sysmon/Operational", "Computer": "DESKTOP-P5C3MUD", "Security_UserID": "S-1-5-18", "Security": null, "EventData_RuleName": "-", "EventData_UtcTime": "2023-09-27 01:43:09.528", "EventData_ProcessGuid": "{4557fbaa-88ad-6513-a724-000000000c00}", "EventData_ProcessId": "11348", "EventData_Image": "C:\\Windows\\System32\\CompMgmtLauncher.exe", "EventData_ImageLoaded": "C:\\Windows\\System32\\nvapi64.dll", "EventData_FileVersion": "31.0.15.3598", "EventData_Description": "NVIDIA NVAPI Library, Version 535.98 ", "EventData_Product": "NVIDIA Windows drivers", "EventData_Company": "NVIDIA Corporation", "EventData_OriginalFileName": "nvapi.dll", "EventData_Hashes": "SHA1=0FD350DEF26CE1CB5D05D09B7B665044A3319BBE,MD5=E36457D9C9BDE2B397A6409EDA47975E,SHA256=0DFEBB5AC52F50C1D7F9A37FCE5B732A6595FF756074458E63E655D6789E2EDE,IMPHASH=8AA8A3495AB718C2AA1AA86B31D6911F", "EventData_Signed": "true", "EventData_Signature": "NVIDIA Corporation", "EventData_SignatureStatus": "Valid", "EventData_User": "DESKTOP-P5C3MUD\\user"}
{"Provider_Name": "Microsoft-Windows-Sysmon", "Provider_Guid": "{5770385f-c22a-43e0-bf4c-06f5698ffbd9}", "Provider": null, "EventID_Qualifiers": "", "EventID": "7", "Version": "3", "Level": "4", "Task": "7", "Opcode": "0", "Keywords": "0x8000000000000000", "TimeCreated_SystemTime": "2023-09-27 01:43:09.542002", "TimeCreated": null, "EventRecordID": "28189", "Correlation_ActivityID": "", "Correlation_RelatedActivityID": "", "Correlation": null, "Execution_ProcessID": "3368", "Execution_ThreadID": "4984", "Execution": null, "Channel": "Microsoft-Windows-Sysmon/Operational", "Computer": "DESKTOP-P5C3MUD", "Security_UserID": "S-1-5-18", "Security": null, "EventData_RuleName": "-", "EventData_UtcTime": "2023-09-27 01:43:09.528", "EventData_ProcessGuid": "{4557fbaa-88ad-6513-a724-000000000c00}", "EventData_ProcessId": "11348", "EventData_Image": "C:\\Windows\\System32\\CompMgmtLauncher.exe", "EventData_ImageLoaded": "C:\\Windows\\System32\\setupapi.dll", "EventData_FileVersion": "10.0.19041.3155 (WinBuild.160101.0800)", "EventData_Description": "Windows Setup API", "EventData_Product": "Microsoft\u00ae Windows\u00ae Operating System", "EventData_Company": "Microsoft Corporation", "EventData_OriginalFileName": "SETUPAPI.DLL", "EventData_Hashes": "SHA1=784673FFDF348363047ECC70A63857BABBD105A8,MD5=CEE70EFE9D3D74473986042679A939E3,SHA256=5B6460D3C31B012F8AD95F710065636E26A9234417829673823FA12FC9A5FCCE,IMPHASH=26488CAA7B146C0C8B92F04526524C41", "EventData_Signed": "true", "EventData_Signature": "Microsoft Windows", "EventData_SignatureStatus": "Valid", "EventData_User": "DESKTOP-P5C3MUD\\user"}
{"Provider_Name": "Microsoft-Windows-Sysmon", "Provider_Guid": "{5770385f-c22a-43e0-bf4c-06f5698ffbd9}", "Provider": null, "EventID_Qualifiers": "", "EventID": "7", "Version": "3", "Level": "4", "Task": "7", "Opcode": "0", "Keywords": "0x8000000000000000", "TimeCreated_SystemTime": "2023-09-27 01:43:09.543224", "TimeCreated": null, "EventRecordID": "28190", "Correlation_ActivityID": "", "Correlation_RelatedActivityID": "", "Correlation": null, "Execution_ProcessID": "3368", "Execution_ThreadID": "4988", "Execution": null, "Channel": "Microsoft-Windows-Sysmon/Operational", "Computer": "DESKTOP-P5C3MUD", "Security_UserID": "S-1-5-18", "Security": null, "EventData_RuleName": "-", "EventData_UtcTime": "2023-09-27 01:43:09.528", "EventData_ProcessGuid": "{4557fbaa-88ad-6513-a724-000000000c00}", "EventData_ProcessId": "11348", "EventData_Image": "C:\\Windows\\System32\\CompMgmtLauncher.exe", "EventData_ImageLoaded": "C:\\Windows\\System32\\cryptnet.dll", "EventData_FileVersion": "10.0.19041.906 (WinBuild.160101.0800)", "EventData_Description": "Crypto Network Related API", "EventData_Product": "Microsoft\u00ae Windows\u00ae Operating System", "EventData_Company": "Microsoft Corporation", "EventData_OriginalFileName": "CRYPTNET.DLL", "EventData_Hashes": "SHA1=2760F61791F838B19D00637580FD455D18DA84AC,MD5=FA0A5EDFB01E52069F4676189A59ACAE,SHA256=662C985C0E5413F156D905F5D934D6E4E8F3D8343227063426BD640E9C7296FF,IMPHASH=1BB913D1BE1C6B72F870212A6BB991F3", "EventData_Signed": "true", "EventData_Signature": "Microsoft Windows", "EventData_SignatureStatus": "Valid", "EventData_User": "DESKTOP-P5C3MUD\\user"}
{"Provider_Name": "Microsoft-Windows-Sysmon", "Provider_Guid": "{5770385f-c22a-43e0-bf4c-06f5698ffbd9}", "Provider": null, "EventID_Qualifiers": "", "EventID": "7", "Version": "3", "Level": "4", "Task": "7", "Opcode": "0", "Keywords": "0x8000000000000000", "TimeCreated_SystemTime": "2023-09-27 01:43:09.548290", "TimeCreated": null, "EventRecordID": "28191", "Correlation_ActivityID": "", "Correlation_RelatedActivityID": "", "Correlation": null, "Execution_ProcessID": "3368", "Execution_ThreadID": "4984", "Execution": null, "Channel": "Microsoft-Windows-Sysmon/Operational", "Computer": "DESKTOP-P5C3MUD", "Security_UserID": "S-1-5-18", "Security": null, "EventData_RuleName": "-", "EventData_UtcTime": "2023-09-27 01:43:09.544", "EventData_ProcessGuid": "{4557fbaa-88ad-6513-a724-000000000c00}", "EventData_ProcessId": "11348", "EventData_Image": "C:\\Windows\\System32\\CompMgmtLauncher.exe", "EventData_ImageLoaded": "C:\\Windows\\System32\\edputil.dll", "EventData_FileVersion": "10.0.19041.546 (WinBuild.160101.0800)", "EventData_Description": "EDP util", "EventData_Product": "Microsoft\u00ae Windows\u00ae Operating System", "EventData_Company": "Microsoft Corporation", "EventData_OriginalFileName": "EDPUTIL.DLL", "EventData_Hashes": "SHA1=38FC9713047055FD40D3777524ED3742B7DA4272,MD5=B14C8B8E3E73CEA720969ABBA2AFAC8A,SHA256=494B7E2E452A875C11DE6AE4EA9B7760B1AFE23E160638313E1CCEFBDFADDDC8,IMPHASH=3173150472840D83979F027AE2D1081C", "EventData_Signed": "true", "EventData_Signature": "Microsoft Windows", "EventData_SignatureStatus": "Valid", "EventData_User": "DESKTOP-P5C3MUD\\user"}
{"Provider_Name": "Microsoft-Windows-Sysmon", "Provider_Guid": "{5770385f-c22a-43e0-bf4c-06f5698ffbd9}", "Provider": null, "EventID_Qualifiers": "", "EventID": "7", "Version": "3", "Level": "4", "Task": "7", "Opcode": "0", "Keywords": "0x8000000000000000", "TimeCreated_SystemTime": "2023-09-27 01:43:09.548944", "TimeCreated": null, "EventRecordID": "28192", "Correlation_ActivityID": "", "Correlation_RelatedActivityID": "", "Correlation": null, "Execution_ProcessID": "3368", "Execution_ThreadID": "4984", "Execution": null, "Channel": "Microsoft-Windows-Sysmon/Operational", "Computer": "DESKTOP-P5C3MUD", "Security_UserID": "S-1-5-18", "Security": null, "EventData_RuleName": "-", "EventData_UtcTime": "2023-09-27 01:43:09.544", "EventData_ProcessGuid": "{4557fbaa-88ad-6513-a724-000000000c00}", "EventData_ProcessId": "11348", "EventData_Image": "C:\\Windows\\System32\\CompMgmtLauncher.exe", "EventData_ImageLoaded": "C:\\Windows\\System32\\Windows.UI.AppDefaults.dll", "EventData_FileVersion": "10.0.19041.1949 (WinBuild.160101.0800)", "EventData_Description": "App Defaults UX", "EventData_Product": "Microsoft\u00ae Windows\u00ae Operating System", "EventData_Company": "Microsoft Corporation", "EventData_OriginalFileName": "Windows.UI.AppDefaults.dll", "EventData_Hashes": "SHA1=4B30AC74D8FCB9388E36394FF37A1040B6716C46,MD5=69DCB811B03A4D32DFCAF2A3F6590089,SHA256=FAF3692AAD3F8FB1A772AE58B861CBCA3C85DA63FAED1A1B2094A6F829492FA3,IMPHASH=6F926F58BFFADAC66F9EB604818F5622", "EventData_Signed": "true", "EventData_Signature": "Microsoft Windows", "EventData_SignatureStatus": "Valid", "EventData_User": "DESKTOP-P5C3MUD\\user"}
{"Provider_Name": "Microsoft-Windows-Sysmon", "Provider_Guid": "{5770385f-c22a-43e0-bf4c-06f5698ffbd9}", "Provider": null, "EventID_Qualifiers": "", "EventID": "12", "Version": "2", "Level": "4", "Task": "12", "Opcode": "0", "Keywords": "0x8000000000000000", "TimeCreated_SystemTime": "2023-09-27 01:43:09.549061", "TimeCreated": null, "EventRecordID": "28193", "Correlation_ActivityID": "", "Correlation_RelatedActivityID": "", "Correlation": null, "Execution_ProcessID": "3368", "Execution_ThreadID": "4984", "Execution": null, "Channel": "Microsoft-Windows-Sysmon/Operational", "Computer": "DESKTOP-P5C3MUD", "Security_UserID": "S-1-5-18", "Security": null, "EventData_RuleName": "-", "EventData_EventType": "CreateKey", "EventData_UtcTime": "2023-09-27 01:43:09.544", "EventData_ProcessGuid": "{4557fbaa-88ad-6513-a724-000000000c00}", "EventData_ProcessId": "11348", "EventData_Image": "C:\\Windows\\system32\\CompMgmtLauncher.exe", "EventData_TargetObject": "HKU\\S-1-5-21-2994737283-653069417-2221972583-1001\\SOFTWARE\\Microsoft\\Windows\\CurrentVersion\\ApplicationAssociationToasts", "EventData_User": "DESKTOP-P5C3MUD\\user"}
{"Provider_Name": "Microsoft-Windows-Sysmon", "Provider_Guid": "{5770385f-c22a-43e0-bf4c-06f5698ffbd9}", "Provider": null, "EventID_Qualifiers": "", "EventID": "7", "Version": "3", "Level": "4", "Task": "7", "Opcode": "0", "Keywords": "0x8000000000000000", "TimeCreated_SystemTime": "2023-09-27 01:43:09.549858", "TimeCreated": null, "EventRecordID": "28194", "Correlation_ActivityID": "", "Correlation_RelatedActivityID": "", "Correlation": null, "Execution_ProcessID": "3368", "Execution_ThreadID": "4984", "Execution": null, "Channel": "Microsoft-Windows-Sysmon/Operational", "Computer": "DESKTOP-P5C3MUD", "Security_UserID": "S-1-5-18", "Security": null, "EventData_RuleName": "-", "EventData_UtcTime": "2023-09-27 01:43:09.544", "EventData_ProcessGuid": "{4557fbaa-88ad-6513-a724-000000000c00}", "EventData_ProcessId": "11348", "EventData_Image": "C:\\Windows\\System32\\CompMgmtLauncher.exe", "EventData_ImageLoaded": "C:\\Windows\\System32\\iertutil.dll", "EventData_FileVersion": "11.00.19041.3393 (WinBuild.160101.0800)", "EventData_Description": "Run time utility for Internet Explorer", "EventData_Product": "Internet Explorer", "EventData_Company": "Microsoft Corporation", "EventData_OriginalFileName": "IeRtUtil.dll", "EventData_Hashes": "SHA1=76D71179D53E74172BCEE215BE7E4255230A65EA,MD5=4574103CBCE92204E6A4C97E7B01C880,SHA256=9DA816B287AD6AD7E764CE8D4DD868C2065383FDAE1966AC2A32AAD64BFF87A1,IMPHASH=7B798070FAE21424BD1087A165D3974B", "EventData_Signed": "true", "EventData_Signature": "Microsoft Windows", "EventData_SignatureStatus": "Valid", "EventData_User": "DESKTOP-P5C3MUD\\user"}
{"Provider_Name": "Microsoft-Windows-Sysmon", "Provider_Guid": "{5770385f-c22a-43e0-bf4c-06f5698ffbd9}", "Provider": null, "EventID_Qualifiers": "", "EventID": "7", "Version": "3", "Level": "4", "Task": "7", "Opcode": "0", "Keywords": "0x8000000000000000", "TimeCreated_SystemTime": "2023-09-27 01:43:09.550030", "TimeCreated": null, "EventRecordID": "28195", "Correlation_ActivityID": "", "Correlation_RelatedActivityID": "", "Correlation": null, "Execution_ProcessID": "3368", "Execution_ThreadID": "4984", "Execution": null, "Channel": "Microsoft-Windows-Sysmon/Operational", "Computer": "DESKTOP-P5C3MUD", "Security_UserID": "S-1-5-18", "Security": null, "EventData_RuleName": "-", "EventData_UtcTime": "2023-09-27 01:43:09.544", "EventData_ProcessGuid": "{4557fbaa-88ad-6513-a724-000000000c00}", "EventData_ProcessId": "11348", "EventData_Image": "C:\\Windows\\System32\\CompMgmtLauncher.exe", "EventData_ImageLoaded": "C:\\Windows\\System32\\netutils.dll", "EventData_FileVersion": "10.0.19041.546 (WinBuild.160101.0800)", "EventData_Description": "Net Win32 API Helpers DLL", "EventData_Product": "Microsoft\u00ae Windows\u00ae Operating System", "EventData_Company": "Microsoft Corporation", "EventData_OriginalFileName": "NETUTILS.DLL", "EventData_Hashes": "SHA1=1038AA4D791515382EF14485601E74AE897122FE,MD5=87185311A6DE2E993E72502F58C1171F,SHA256=4B02305203AB1AC0E795B6467C1E17A00C17447941AEFBF91378186E2FC580D8,IMPHASH=2F3A8C2E0C916DDE0562583BEBDFFEB4", "EventData_Signed": "true", "EventData_Signature": "Microsoft Windows", "EventData_SignatureStatus": "Valid", "EventData_User": "DESKTOP-P5C3MUD\\user"}
{"Provider_Name": "Microsoft-Windows-Sysmon", "Provider_Guid": "{5770385f-c22a-43e0-bf4c-06f5698ffbd9}", "Provider": null, "EventID_Qualifiers": "", "EventID": "12", "Version": "2", "Level": "4", "Task": "12", "Opcode": "0", "Keywords": "0x8000000000000000", "TimeCreated_SystemTime": "2023-09-27 01:43:09.551073", "TimeCreated": null, "EventRecordID": "28196", "Correlation_ActivityID": "", "Correlation_RelatedActivityID": "", "Correlation": null, "Execution_ProcessID": "3368", "Execution_ThreadID": "4984", "Execution": null, "Channel": "Microsoft-Windows-Sysmon/Operational", "Computer": "DESKTOP-P5C3MUD", "Security_UserID": "S-1-5-18", "Security": null, "EventData_RuleName": "-", "EventData_EventType": "CreateKey", "EventData_UtcTime": "2023-09-27 01:43:09.544", "EventData_ProcessGuid": "{4557fbaa-88ad-6513-a724-000000000c00}", "EventData_ProcessId": "11348", "EventData_Image": "C:\\Windows\\system32\\CompMgmtLauncher.exe", "EventData_TargetObject": "HKU\\S-1-5-21-2994737283-653069417-2221972583-1001\\SOFTWARE\\Microsoft\\Windows\\CurrentVersion\\Internet Settings\\ZoneMap", "EventData_User": "DESKTOP-P5C3MUD\\user"}
{"Provider_Name": "Microsoft-Windows-Sysmon", "Provider_Guid": "{5770385f-c22a-43e0-bf4c-06f5698ffbd9}", "Provider": null, "EventID_Qualifiers": "", "EventID": "10", "Version": "3", "Level": "4", "Task": "10", "Opcode": "0", "Keywords": "0x8000000000000000", "TimeCreated_SystemTime": "2023-09-27 01:43:09.551428", "TimeCreated": null, "EventRecordID": "28197", "Correlation_ActivityID": "", "Correlation_RelatedActivityID": "", "Correlation": null, "Execution_ProcessID": "3368", "Execution_ThreadID": "4984", "Execution": null, "Channel": "Microsoft-Windows-Sysmon/Operational", "Computer": "DESKTOP-P5C3MUD", "Security_UserID": "S-1-5-18", "Security": null, "EventData_RuleName": "-", "EventData_UtcTime": "2023-09-27 01:43:09.544", "EventData_SourceProcessGUID": "{4557fbaa-e7c4-6502-0c00-000000000c00}", "EventData_SourceProcessId": "700", "EventData_SourceThreadId": "824", "EventData_SourceImage": "C:\\Windows\\system32\\lsass.exe", "EventData_TargetProcessGUID": "{4557fbaa-88ad-6513-a724-000000000c00}", "EventData_TargetProcessId": "11348", "EventData_TargetImage": "C:\\Windows\\system32\\CompMgmtLauncher.exe", "EventData_GrantedAccess": "0x00001478", "EventData_CallTrace": "C:\\Windows\\SYSTEM32\\ntdll.dll+9d314|C:\\Windows\\system32\\lsasrv.dll+bb32|C:\\Windows\\system32\\lsasrv.dll+bf50|C:\\Windows\\system32\\lsasrv.dll+c31b|C:\\Windows\\SYSTEM32\\SspiSrv.dll+1a82|C:\\Windows\\System32\\RPCRT4.dll+7b4b3|C:\\Windows\\System32\\RPCRT4.dll+de77b|C:\\Windows\\System32\\RPCRT4.dll+5be7c|C:\\Windows\\System32\\RPCRT4.dll+59188|C:\\Windows\\System32\\RPCRT4.dll+3a3a6|C:\\Windows\\System32\\RPCRT4.dll+39cf8|C:\\Windows\\System32\\RPCRT4.dll+474bf|C:\\Windows\\System32\\RPCRT4.dll+468c8|C:\\Windows\\System32\\RPCRT4.dll+45eb1|C:\\Windows\\System32\\RPCRT4.dll+4591e|C:\\Windows\\System32\\RPCRT4.dll+4a032|C:\\Windows\\SYSTEM32\\ntdll.dll+20330|C:\\Windows\\SYSTEM32\\ntdll.dll+52f86|C:\\Windows\\System32\\KERNEL32.DLL+17344|C:\\Windows\\SYSTEM32\\ntdll.dll+526b1", "EventData_SourceUser": "NT AUTHORITY\\SYSTEM", "EventData_TargetUser": "DESKTOP-P5C3MUD\\user"}
{"Provider_Name": "Microsoft-Windows-Sysmon", "Provider_Guid": "{5770385f-c22a-43e0-bf4c-06f5698ffbd9}", "Provider": null, "EventID_Qualifiers": "", "EventID": "13", "Version": "2", "Level": "4", "Task": "13", "Opcode": "0", "Keywords": "0x8000000000000000", "TimeCreated_SystemTime": "2023-09-27 01:43:09.551716", "TimeCreated": null, "EventRecordID": "28198", "Correlation_ActivityID": "", "Correlation_RelatedActivityID": "", "Correlation": null, "Execution_ProcessID": "3368", "Execution_ThreadID": "4984", "Execution": null, "Channel": "Microsoft-Windows-Sysmon/Operational", "Computer": "DESKTOP-P5C3MUD", "Security_UserID": "S-1-5-18", "Security": null, "EventData_RuleName": "-", "EventData_EventType": "SetValue", "EventData_UtcTime": "2023-09-27 01:43:09.544", "EventData_ProcessGuid": "{4557fbaa-88ad-6513-a724-000000000c00}", "EventData_ProcessId": "11348", "EventData_Image": "C:\\Windows\\system32\\CompMgmtLauncher.exe", "EventData_TargetObject": "HKU\\S-1-5-21-2994737283-653069417-2221972583-1001\\SOFTWARE\\Microsoft\\Windows\\CurrentVersion\\Internet Settings\\ZoneMap\\ProxyBypass", "EventData_Details": "DWORD (0x00000001)", "EventData_User": "DESKTOP-P5C3MUD\\user"}
{"Provider_Name": "Microsoft-Windows-Sysmon", "Provider_Guid": "{5770385f-c22a-43e0-bf4c-06f5698ffbd9}", "Provider": null, "EventID_Qualifiers": "", "EventID": "13", "Version": "2", "Level": "4", "Task": "13", "Opcode": "0", "Keywords": "0x8000000000000000", "TimeCreated_SystemTime": "2023-09-27 01:43:09.551743", "TimeCreated": null, "EventRecordID": "28199", "Correlation_ActivityID": "", "Correlation_RelatedActivityID": "", "Correlation": null, "Execution_ProcessID": "3368", "Execution_ThreadID": "4984", "Execution": null, "Channel": "Microsoft-Windows-Sysmon/Operational", "Computer": "DESKTOP-P5C3MUD", "Security_UserID": "S-1-5-18", "Security": null, "EventData_RuleName": "-", "EventData_EventType": "SetValue", "EventData_UtcTime": "2023-09-27 01:43:09.544", "EventData_ProcessGuid": "{4557fbaa-88ad-6513-a724-000000000c00}", "EventData_ProcessId": "11348", "EventData_Image": "C:\\Windows\\system32\\CompMgmtLauncher.exe", "EventData_TargetObject": "HKU\\S-1-5-21-2994737283-653069417-2221972583-1001\\SOFTWARE\\Microsoft\\Windows\\CurrentVersion\\Internet Settings\\ZoneMap\\IntranetName", "EventData_Details": "DWORD (0x00000001)", "EventData_User": "DESKTOP-P5C3MUD\\user"}
{"Provider_Name": "Microsoft-Windows-Sysmon", "Provider_Guid": "{5770385f-c22a-43e0-bf4c-06f5698ffbd9}", "Provider": null, "EventID_Qualifiers": "", "EventID": "13", "Version": "2", "Level": "4", "Task": "13", "Opcode": "0", "Keywords": "0x8000000000000000", "TimeCreated_SystemTime": "2023-09-27 01:43:09.551767", "TimeCreated": null, "EventRecordID": "28200", "Correlation_ActivityID": "", "Correlation_RelatedActivityID": "", "Correlation": null, "Execution_ProcessID": "3368", "Execution_ThreadID": "4984", "Execution": null, "Channel": "Microsoft-Windows-Sysmon/Operational", "Computer": "DESKTOP-P5C3MUD", "Security_UserID": "S-1-5-18", "Security": null, "EventData_RuleName": "-", "EventData_EventType": "SetValue", "EventData_UtcTime": "2023-09-27 01:43:09.544", "EventData_ProcessGuid": "{4557fbaa-88ad-6513-a724-000000000c00}", "EventData_ProcessId": "11348", "EventData_Image": "C:\\Windows\\system32\\CompMgmtLauncher.exe", "EventData_TargetObject": "HKU\\S-1-5-21-2994737283-653069417-2221972583-1001\\SOFTWARE\\Microsoft\\Windows\\CurrentVersion\\Internet Settings\\ZoneMap\\UNCAsIntranet", "EventData_Details": "DWORD (0x00000001)", "EventData_User": "DESKTOP-P5C3MUD\\user"}
{"Provider_Name": "Microsoft-Windows-Sysmon", "Provider_Guid": "{5770385f-c22a-43e0-bf4c-06f5698ffbd9}", "Provider": null, "EventID_Qualifiers": "", "EventID": "13", "Version": "2", "Level": "4", "Task": "13", "Opcode": "0", "Keywords": "0x8000000000000000", "TimeCreated_SystemTime": "2023-09-27 01:43:09.551792", "TimeCreated": null, "EventRecordID": "28201", "Correlation_ActivityID": "", "Correlation_RelatedActivityID": "", "Correlation": null, "Execution_ProcessID": "3368", "Execution_ThreadID": "4984", "Execution": null, "Channel": "Microsoft-Windows-Sysmon/Operational", "Computer": "DESKTOP-P5C3MUD", "Security_UserID": "S-1-5-18", "Security": null, "EventData_RuleName": "-", "EventData_EventType": "SetValue", "EventData_UtcTime": "2023-09-27 01:43:09.544", "EventData_ProcessGuid": "{4557fbaa-88ad-6513-a724-000000000c00}", "EventData_ProcessId": "11348", "EventData_Image": "C:\\Windows\\system32\\CompMgmtLauncher.exe", "EventData_TargetObject": "HKU\\S-1-5-21-2994737283-653069417-2221972583-1001\\SOFTWARE\\Microsoft\\Windows\\CurrentVersion\\Internet Settings\\ZoneMap\\AutoDetect", "EventData_Details": "DWORD (0x00000000)", "EventData_User": "DESKTOP-P5C3MUD\\user"}
{"Provider_Name": "Microsoft-Windows-Sysmon", "Provider_Guid": "{5770385f-c22a-43e0-bf4c-06f5698ffbd9}", "Provider": null, "EventID_Qualifiers": "", "EventID": "13", "Version": "2", "Level": "4", "Task": "13", "Opcode": "0", "Keywords": "0x8000000000000000", "TimeCreated_SystemTime": "2023-09-27 01:43:09.551922", "TimeCreated": null, "EventRecordID": "28202", "Correlation_ActivityID": "", "Correlation_RelatedActivityID": "", "Correlation": null, "Execution_ProcessID": "3368", "Execution_ThreadID": "4984", "Execution": null, "Channel": "Microsoft-Windows-Sysmon/Operational", "Computer": "DESKTOP-P5C3MUD", "Security_UserID": "S-1-5-18", "Security": null, "EventData_RuleName": "-", "EventData_EventType": "SetValue", "EventData_UtcTime": "2023-09-27 01:43:09.544", "EventData_ProcessGuid": "{4557fbaa-88ad-6513-a724-000000000c00}", "EventData_ProcessId": "11348", "EventData_Image": "C:\\Windows\\system32\\CompMgmtLauncher.exe", "EventData_TargetObject": "HKU\\S-1-5-21-2994737283-653069417-2221972583-1001\\SOFTWARE\\Microsoft\\Windows\\CurrentVersion\\Internet Settings\\ZoneMap\\ProxyBypass", "EventData_Details": "DWORD (0x00000001)", "EventData_User": "DESKTOP-P5C3MUD\\user"}
{"Provider_Name": "Microsoft-Windows-Sysmon", "Provider_Guid": "{5770385f-c22a-43e0-bf4c-06f5698ffbd9}", "Provider": null, "EventID_Qualifiers": "", "EventID": "13", "Version": "2", "Level": "4", "Task": "13", "Opcode": "0", "Keywords": "0x8000000000000000", "TimeCreated_SystemTime": "2023-09-27 01:43:09.551945", "TimeCreated": null, "EventRecordID": "28203", "Correlation_ActivityID": "", "Correlation_RelatedActivityID": "", "Correlation": null, "Execution_ProcessID": "3368", "Execution_ThreadID": "4984", "Execution": null, "Channel": "Microsoft-Windows-Sysmon/Operational", "Computer": "DESKTOP-P5C3MUD", "Security_UserID": "S-1-5-18", "Security": null, "EventData_RuleName": "-", "EventData_EventType": "SetValue", "EventData_UtcTime": "2023-09-27 01:43:09.544", "EventData_ProcessGuid": "{4557fbaa-88ad-6513-a724-000000000c00}", "EventData_ProcessId": "11348", "EventData_Image": "C:\\Windows\\system32\\CompMgmtLauncher.exe", "EventData_TargetObject": "HKU\\S-1-5-21-2994737283-653069417-2221972583-1001\\SOFTWARE\\Microsoft\\Windows\\CurrentVersion\\Internet Settings\\ZoneMap\\IntranetName", "EventData_Details": "DWORD (0x00000001)", "EventData_User": "DESKTOP-P5C3MUD\\user"}
{"Provider_Name": "Microsoft-Windows-Sysmon", "Provider_Guid": "{5770385f-c22a-43e0-bf4c-06f5698ffbd9}", "Provider": null, "EventID_Qualifiers": "", "EventID": "13", "Version": "2", "Level": "4", "Task": "13", "Opcode": "0", "Keywords": "0x8000000000000000", "TimeCreated_SystemTime": "2023-09-27 01:43:09.551968", "TimeCreated": null, "EventRecordID": "28204", "Correlation_ActivityID": "", "Correlation_RelatedActivityID": "", "Correlation": null, "Execution_ProcessID": "3368", "Execution_ThreadID": "4984", "Execution": null, "Channel": "Microsoft-Windows-Sysmon/Operational", "Computer": "DESKTOP-P5C3MUD", "Security_UserID": "S-1-5-18", "Security": null, "EventData_RuleName": "-", "EventData_EventType": "SetValue", "EventData_UtcTime": "2023-09-27 01:43:09.544", "EventData_ProcessGuid": "{4557fbaa-88ad-6513-a724-000000000c00}", "EventData_ProcessId": "11348", "EventData_Image": "C:\\Windows\\system32\\CompMgmtLauncher.exe", "EventData_TargetObject": "HKU\\S-1-5-21-2994737283-653069417-2221972583-1001\\SOFTWARE\\Microsoft\\Windows\\CurrentVersion\\Internet Settings\\ZoneMap\\UNCAsIntranet", "EventData_Details": "DWORD (0x00000001)", "EventData_User": "DESKTOP-P5C3MUD\\user"}
{"Provider_Name": "Microsoft-Windows-Sysmon", "Provider_Guid": "{5770385f-c22a-43e0-bf4c-06f5698ffbd9}", "Provider": null, "EventID_Qualifiers": "", "EventID": "13", "Version": "2", "Level": "4", "Task": "13", "Opcode": "0", "Keywords": "0x8000000000000000", "TimeCreated_SystemTime": "2023-09-27 01:43:09.551991", "TimeCreated": null, "EventRecordID": "28205", "Correlation_ActivityID": "", "Correlation_RelatedActivityID": "", "Correlation": null, "Execution_ProcessID": "3368", "Execution_ThreadID": "4984", "Execution": null, "Channel": "Microsoft-Windows-Sysmon/Operational", "Computer": "DESKTOP-P5C3MUD", "Security_UserID": "S-1-5-18", "Security": null, "EventData_RuleName": "-", "EventData_EventType": "SetValue", "EventData_UtcTime": "2023-09-27 01:43:09.544", "EventData_ProcessGuid": "{4557fbaa-88ad-6513-a724-000000000c00}", "EventData_ProcessId": "11348", "EventData_Image": "C:\\Windows\\system32\\CompMgmtLauncher.exe", "EventData_TargetObject": "HKU\\S-1-5-21-2994737283-653069417-2221972583-1001\\SOFTWARE\\Microsoft\\Windows\\CurrentVersion\\Internet Settings\\ZoneMap\\AutoDetect", "EventData_Details": "DWORD (0x00000000)", "EventData_User": "DESKTOP-P5C3MUD\\user"}
{"Provider_Name": "Microsoft-Windows-Sysmon", "Provider_Guid": "{5770385f-c22a-43e0-bf4c-06f5698ffbd9}", "Provider": null, "EventID_Qualifiers": "", "EventID": "7", "Version": "3", "Level": "4", "Task": "7", "Opcode": "0", "Keywords": "0x8000000000000000", "TimeCreated_SystemTime": "2023-09-27 01:43:09.553192", "TimeCreated": null, "EventRecordID": "28206", "Correlation_ActivityID": "", "Correlation_RelatedActivityID": "", "Correlation": null, "Execution_ProcessID": "3368", "Execution_ThreadID": "4984", "Execution": null, "Channel": "Microsoft-Windows-Sysmon/Operational", "Computer": "DESKTOP-P5C3MUD", "Security_UserID": "S-1-5-18", "Security": null, "EventData_RuleName": "-", "EventData_UtcTime": "2023-09-27 01:43:09.544", "EventData_ProcessGuid": "{4557fbaa-88ad-6513-a724-000000000c00}", "EventData_ProcessId": "11348", "EventData_Image": "C:\\Windows\\System32\\CompMgmtLauncher.exe", "EventData_ImageLoaded": "C:\\Windows\\System32\\virtdisk.dll", "EventData_FileVersion": "10.0.19041.2311 (WinBuild.160101.0800)", "EventData_Description": "Virtual Disk API DLL", "EventData_Product": "Microsoft\u00ae Windows\u00ae Operating System", "EventData_Company": "Microsoft Corporation", "EventData_OriginalFileName": "VIRTDISK.DLL", "EventData_Hashes": "SHA1=50B10C4A1E3D601E171A861B76DC3E5D45E3DC84,MD5=D446F8C341C1C7D917B6DF2C462B6F4D,SHA256=405855890D554E743BCA7CF5D78C6CB1E28E886E160E23548786AA1BA22BBA1B,IMPHASH=3DB3092182FBCA27994F3B6E175373E2", "EventData_Signed": "true", "EventData_Signature": "Microsoft Windows", "EventData_SignatureStatus": "Valid", "EventData_User": "DESKTOP-P5C3MUD\\user"}
{"Provider_Name": "Microsoft-Windows-Sysmon", "Provider_Guid": "{5770385f-c22a-43e0-bf4c-06f5698ffbd9}", "Provider": null, "EventID_Qualifiers": "", "EventID": "7", "Version": "3", "Level": "4", "Task": "7", "Opcode": "0", "Keywords": "0x8000000000000000", "TimeCreated_SystemTime": "2023-09-27 01:43:09.553762", "TimeCreated": null, "EventRecordID": "28207", "Correlation_ActivityID": "", "Correlation_RelatedActivityID": "", "Correlation": null, "Execution_ProcessID": "3368", "Execution_ThreadID": "4984", "Execution": null, "Channel": "Microsoft-Windows-Sysmon/Operational", "Computer": "DESKTOP-P5C3MUD", "Security_UserID": "S-1-5-18", "Security": null, "EventData_RuleName": "-", "EventData_UtcTime": "2023-09-27 01:43:09.544", "EventData_ProcessGuid": "{4557fbaa-88ad-6513-a724-000000000c00}", "EventData_ProcessId": "11348", "EventData_Image": "C:\\Windows\\System32\\CompMgmtLauncher.exe", "EventData_ImageLoaded": "C:\\Windows\\System32\\fltLib.dll", "EventData_FileVersion": "10.0.19041.546 (WinBuild.160101.0800)", "EventData_Description": "Filter Library", "EventData_Product": "Microsoft\u00ae Windows\u00ae Operating System", "EventData_Company": "Microsoft Corporation", "EventData_OriginalFileName": "filterLib.dll", "EventData_Hashes": "SHA1=FDA7D1317BC84FB6C0B8E229CA0954F643188449,MD5=D778391D413AFBDB9CE4896ACAACBD00,SHA256=755299E787CDB27F89FB6428D1F3415695EF097D9BA210558BE5A6C44354859F,IMPHASH=708386A4AFACE0FB31BA7C7F26C6B7F2", "EventData_Signed": "true", "EventData_Signature": "Microsoft Windows", "EventData_SignatureStatus": "Valid", "EventData_User": "DESKTOP-P5C3MUD\\user"}
{"Provider_Name": "Microsoft-Windows-Sysmon", "Provider_Guid": "{5770385f-c22a-43e0-bf4c-06f5698ffbd9}", "Provider": null, "EventID_Qualifiers": "", "EventID": "7", "Version": "3", "Level": "4", "Task": "7", "Opcode": "0", "Keywords": "0x8000000000000000", "TimeCreated_SystemTime": "2023-09-27 01:43:09.558315", "TimeCreated": null, "EventRecordID": "28208", "Correlation_ActivityID": "", "Correlation_RelatedActivityID": "", "Correlation": null, "Execution_ProcessID": "3368", "Execution_ThreadID": "4984", "Execution": null, "Channel": "Microsoft-Windows-Sysmon/Operational", "Computer": "DESKTOP-P5C3MUD", "Security_UserID": "S-1-5-18", "Security": null, "EventData_RuleName": "-", "EventData_UtcTime": "2023-09-27 01:43:09.544", "EventData_ProcessGuid": "{4557fbaa-88ad-6513-a724-000000000c00}", "EventData_ProcessId": "11348", "EventData_Image": "C:\\Windows\\System32\\CompMgmtLauncher.exe", "EventData_ImageLoaded": "C:\\Windows\\System32\\OneCoreCommonProxyStub.dll", "EventData_FileVersion": "10.0.19041.2546 (WinBuild.160101.0800)", "EventData_Description": "OneCore Common Proxy Stub", "EventData_Product": "Microsoft\u00ae Windows\u00ae Operating System", "EventData_Company": "Microsoft Corporation", "EventData_OriginalFileName": "OneCoreCommonProxyStub.dll", "EventData_Hashes": "SHA1=83C596AF4DF3C0203B706722EF856323AFB575DA,MD5=271BBA4E0CC9BAF66A66044E9A31659F,SHA256=EAD1D8061BE76EBFC8896E5520569518B4FD765D96CB521636852AB4B0D3E10C,IMPHASH=E20DAD2DC874B17CCC1F3ED8FB387E79", "EventData_Signed": "true", "EventData_Signature": "Microsoft Windows", "EventData_SignatureStatus": "Valid", "EventData_User": "DESKTOP-P5C3MUD\\user"}
{"Provider_Name": "Microsoft-Windows-Sysmon", "Provider_Guid": "{5770385f-c22a-43e0-bf4c-06f5698ffbd9}", "Provider": null, "EventID_Qualifiers": "", "EventID": "7", "Version": "3", "Level": "4", "Task": "7", "Opcode": "0", "Keywords": "0x8000000000000000", "TimeCreated_SystemTime": "2023-09-27 01:43:09.559467", "TimeCreated": null, "EventRecordID": "28209", "Correlation_ActivityID": "", "Correlation_RelatedActivityID": "", "Correlation": null, "Execution_ProcessID": "3368", "Execution_ThreadID": "4984", "Execution": null, "Channel": "Microsoft-Windows-Sysmon/Operational", "Computer": "DESKTOP-P5C3MUD", "Security_UserID": "S-1-5-18", "Security": null, "EventData_RuleName": "-", "EventData_UtcTime": "2023-09-27 01:43:09.544", "EventData_ProcessGuid": "{4557fbaa-88ad-6513-a724-000000000c00}", "EventData_ProcessId": "11348", "EventData_Image": "C:\\Windows\\System32\\CompMgmtLauncher.exe", "EventData_ImageLoaded": "C:\\Windows\\System32\\OneCoreUAPCommonProxyStub.dll", "EventData_FileVersion": "10.0.19041.3393 (WinBuild.160101.0800)", "EventData_Description": "OneCoreUAP Common Proxy Stub", "EventData_Product": "Microsoft\u00ae Windows\u00ae Operating System", "EventData_Company": "Microsoft Corporation", "EventData_OriginalFileName": "OneCoreUAPCommonProxyStub.dll", "EventData_Hashes": "SHA1=B16FDAEEA370B600A6DC3F930CC1926D0846987C,MD5=343FA7C5497B46C368E8B10E8C24652D,SHA256=89B7B94E7B867B19E40997B3511A7F62A93D68ECEC6C4E7973E5901D3BDE2372,IMPHASH=A0E6432C968858DD0420D3FBD27830AE", "EventData_Signed": "true", "EventData_Signature": "Microsoft Windows", "EventData_SignatureStatus": "Valid", "EventData_User": "DESKTOP-P5C3MUD\\user"}
{"Provider_Name": "Microsoft-Windows-Sysmon", "Provider_Guid": "{5770385f-c22a-43e0-bf4c-06f5698ffbd9}", "Provider": null, "EventID_Qualifiers": "", "EventID": "13", "Version": "2", "Level": "4", "Task": "13", "Opcode": "0", "Keywords": "0x8000000000000000", "TimeCreated_SystemTime": "2023-09-27 01:43:09.564087", "TimeCreated": null, "EventRecordID": "28210", "Correlation_ActivityID": "", "Correlation_RelatedActivityID": "", "Correlation": null, "Execution_ProcessID": "3368", "Execution_ThreadID": "4984", "Execution": null, "Channel": "Microsoft-Windows-Sysmon/Operational", "Computer": "DESKTOP-P5C3MUD", "Security_UserID": "S-1-5-18", "Security": null, "EventData_RuleName": "-", "EventData_EventType": "SetValue", "EventData_UtcTime": "2023-09-27 01:43:09.559", "EventData_ProcessGuid": "{4557fbaa-e7c8-6502-4e00-000000000c00}", "EventData_ProcessId": "3536", "EventData_Image": "C:\\ProgramData\\Microsoft\\Windows Defender\\Platform\\4.18.23080.2006-0\\MsMpEng.exe", "EventData_TargetObject": "HKLM\\SOFTWARE\\Microsoft\\Windows Defender\\Reporting\\SigUpdateTimestampsSinceLastHB", "EventData_Details": "(Empty)", "EventData_User": "NT AUTHORITY\\SYSTEM"}
