{"Provider_Name": "Microsoft-Windows-Sysmon", "Provider_Guid": "{5770385f-c22a-43e0-bf4c-06f5698ffbd9}", "Provider": null, "EventID_Qualifiers": "", "EventID": "5", "Version": "3", "Level": "4", "Task": "5", "Opcode": "0", "Keywords": "0x8000000000000000", "TimeCreated_SystemTime": "2023-09-27 04:33:04.365112", "TimeCreated": null, "EventRecordID": "29413", "Correlation_ActivityID": "", "Correlation_RelatedActivityID": "", "Correlation": null, "Execution_ProcessID": "3368", "Execution_ThreadID": "4984", "Execution": null, "Channel": "Microsoft-Windows-Sysmon/Operational", "Computer": "DESKTOP-P5C3MUD", "Security_UserID": "S-1-5-18", "Security": null, "EventData_RuleName": "-", "EventData_UtcTime": "2023-09-27 04:33:04.364", "EventData_ProcessGuid": "{4557fbaa-b07e-6513-8b25-000000000c00}", "EventData_ProcessId": "464", "EventData_Image": "C:\\Windows\\SysWOW64\\cmd.exe", "EventData_User": "DESKTOP-P5C3MUD\\user"}
{"Provider_Name": "Microsoft-Windows-Sysmon", "Provider_Guid": "{5770385f-c22a-43e0-bf4c-06f5698ffbd9}", "Provider": null, "EventID_Qualifiers": "", "EventID": "13", "Version": "2", "Level": "4", "Task": "13", "Opcode": "0", "Keywords": "0x8000000000000000", "TimeCreated_SystemTime": "2023-09-27 04:33:04.365231", "TimeCreated": null, "EventRecordID": "29414", "Correlation_ActivityID": "", "Correlation_RelatedActivityID": "", "Correlation": null, "Execution_ProcessID": "3368", "Execution_ThreadID": "4984", "Execution": null, "Channel": "Microsoft-Windows-Sysmon/Operational", "Computer": "DESKTOP-P5C3MUD", "Security_UserID": "S-1-5-18", "Security": null, "EventData_RuleName": "-", "EventData_EventType": "SetValue", "EventData_UtcTime": "2023-09-27 04:33:04.364", "EventData_ProcessGuid": "{4557fbaa-b07e-6513-8b25-000000000c00}", "EventData_ProcessId": "464", "EventData_Image": "C:\\Windows\\SysWOW64\\cmd.exe", "EventData_TargetObject": "HKLM\\System\\CurrentControlSet\\Services\\bam\\State\\UserSettings\\S-1-5-21-2994737283-653069417-2221972583-1001\\\\Device\\HarddiskVolume3\\Windows\\SysWOW64\\cmd.exe", "EventData_Details": "Binary Data", "EventData_User": "DESKTOP-P5C3MUD\\user"}
{"Provider_Name": "Microsoft-Windows-Sysmon", "Provider_Guid": "{5770385f-c22a-43e0-bf4c-06f5698ffbd9}", "Provider": null, "EventID_Qualifiers": "", "EventID": "10", "Version": "3", "Level": "4", "Task": "10", "Opcode": "0", "Keywords": "0x8000000000000000", "TimeCreated_SystemTime": "2023-09-27 04:33:04.367361", "TimeCreated": null, "EventRecordID": "29415", "Correlation_ActivityID": "", "Correlation_RelatedActivityID": "", "Correlation": null, "Execution_ProcessID": "3368", "Execution_ThreadID": "4984", "Execution": null, "Channel": "Microsoft-Windows-Sysmon/Operational", "Computer": "DESKTOP-P5C3MUD", "Security_UserID": "S-1-5-18", "Security": null, "EventData_RuleName": "-", "EventData_UtcTime": "2023-09-27 04:33:04.365", "EventData_SourceProcessGUID": "{4557fbaa-e806-6502-9c00-000000000c00}", "EventData_SourceProcessId": "3336", "EventData_SourceThreadId": "5748", "EventData_SourceImage": "C:\\Windows\\Explorer.EXE", "EventData_TargetProcessGUID": "{4557fbaa-b07e-6513-8625-000000000c00}", "EventData_TargetProcessId": "11876", "EventData_TargetImage": "C:\\Windows\\system32\\conhost.exe", "EventData_GrantedAccess": "0x00001410", "EventData_CallTrace": "C:\\Windows\\SYSTEM32\\ntdll.dll+9d314|C:\\Windows\\System32\\KERNELBASE.dll+308ee|C:\\Windows\\system32\\twinui.pcshell.dll+1f86f|C:\\Windows\\system32\\twinui.pcshell.dll+14d176|C:\\Windows\\System32\\KERNEL32.DLL+17344|C:\\Windows\\SYSTEM32\\ntdll.dll+526b1", "EventData_SourceUser": "DESKTOP-P5C3MUD\\user", "EventData_TargetUser": "DESKTOP-P5C3MUD\\user"}
{"Provider_Name": "Microsoft-Windows-Sysmon", "Provider_Guid": "{5770385f-c22a-43e0-bf4c-06f5698ffbd9}", "Provider": null, "EventID_Qualifiers": "", "EventID": "10", "Version": "3", "Level": "4", "Task": "10", "Opcode": "0", "Keywords": "0x8000000000000000", "TimeCreated_SystemTime": "2023-09-27 04:33:04.368105", "TimeCreated": null, "EventRecordID": "29416", "Correlation_ActivityID": "", "Correlation_RelatedActivityID": "", "Correlation": null, "Execution_ProcessID": "3368", "Execution_ThreadID": "4984", "Execution": null, "Channel": "Microsoft-Windows-Sysmon/Operational", "Computer": "DESKTOP-P5C3MUD", "Security_UserID": "S-1-5-18", "Security": null, "EventData_RuleName": "-", "EventData_UtcTime": "2023-09-27 04:33:04.367", "EventData_SourceProcessGUID": "{4557fbaa-e806-6502-9c00-000000000c00}", "EventData_SourceProcessId": "3336", "EventData_SourceThreadId": "5748", "EventData_SourceImage": "C:\\Windows\\Explorer.EXE", "EventData_TargetProcessGUID": "{4557fbaa-b07e-6513-8625-000000000c00}", "EventData_TargetProcessId": "11876", "EventData_TargetImage": "C:\\Windows\\system32\\conhost.exe", "EventData_GrantedAccess": "0x00001410", "EventData_CallTrace": "C:\\Windows\\SYSTEM32\\ntdll.dll+9d314|C:\\Windows\\System32\\KERNELBASE.dll+308ee|C:\\Windows\\System32\\appresolver.dll+24d21|C:\\Windows\\System32\\appresolver.dll+21ce7|C:\\Windows\\system32\\twinui.pcshell.dll+1fab7|C:\\Windows\\system32\\twinui.pcshell.dll+14d176|C:\\Windows\\System32\\KERNEL32.DLL+17344|C:\\Windows\\SYSTEM32\\ntdll.dll+526b1", "EventData_SourceUser": "DESKTOP-P5C3MUD\\user", "EventData_TargetUser": "DESKTOP-P5C3MUD\\user"}
{"Provider_Name": "Microsoft-Windows-Sysmon", "Provider_Guid": "{5770385f-c22a-43e0-bf4c-06f5698ffbd9}", "Provider": null, "EventID_Qualifiers": "", "EventID": "13", "Version": "2", "Level": "4", "Task": "13", "Opcode": "0", "Keywords": "0x8000000000000000", "TimeCreated_SystemTime": "2023-09-27 04:33:04.368153", "TimeCreated": null, "EventRecordID": "29417", "Correlation_ActivityID": "", "Correlation_RelatedActivityID": "", "Correlation": null, "Execution_ProcessID": "3368", "Execution_ThreadID": "4984", "Execution": null, "Channel": "Microsoft-Windows-Sysmon/Operational", "Computer": "DESKTOP-P5C3MUD", "Security_UserID": "S-1-5-18", "Security": null, "EventData_RuleName": "-", "EventData_EventType": "SetValue", "EventData_UtcTime": "2023-09-27 04:33:04.367", "EventData_ProcessGuid": "{4557fbaa-e806-6502-9c00-000000000c00}", "EventData_ProcessId": "3336", "EventData_Image": "C:\\Windows\\Explorer.EXE", "EventData_TargetObject": "HKU\\S-1-5-21-2994737283-653069417-2221972583-1001\\SOFTWARE\\Microsoft\\Windows\\CurrentVersion\\Explorer\\UserAssist\\{CEBFF5CD-ACE2-4F4F-9178-9926F41749EA}\\Count\\{Q65231O0-O2S1-4857-N4PR-N8R7P6RN7Q27}\\pzq.rkr", "EventData_Details": "Binary Data", "EventData_User": "DESKTOP-P5C3MUD\\user"}
{"Provider_Name": "Microsoft-Windows-Sysmon", "Provider_Guid": "{5770385f-c22a-43e0-bf4c-06f5698ffbd9}", "Provider": null, "EventID_Qualifiers": "", "EventID": "13", "Version": "2", "Level": "4", "Task": "13", "Opcode": "0", "Keywords": "0x8000000000000000", "TimeCreated_SystemTime": "2023-09-27 04:33:04.368183", "TimeCreated": null, "EventRecordID": "29418", "Correlation_ActivityID": "", "Correlation_RelatedActivityID": "", "Correlation": null, "Execution_ProcessID": "3368", "Execution_ThreadID": "4984", "Execution": null, "Channel": "Microsoft-Windows-Sysmon/Operational", "Computer": "DESKTOP-P5C3MUD", "Security_UserID": "S-1-5-18", "Security": null, "EventData_RuleName": "-", "EventData_EventType": "SetValue", "EventData_UtcTime": "2023-09-27 04:33:04.367", "EventData_ProcessGuid": "{4557fbaa-e806-6502-9c00-000000000c00}", "EventData_ProcessId": "3336", "EventData_Image": "C:\\Windows\\Explorer.EXE", "EventData_TargetObject": "HKU\\S-1-5-21-2994737283-653069417-2221972583-1001\\SOFTWARE\\Microsoft\\Windows\\CurrentVersion\\Explorer\\UserAssist\\{CEBFF5CD-ACE2-4F4F-9178-9926F41749EA}\\Count\\HRZR_PGYFRFFVBA", "EventData_Details": "Binary Data", "EventData_User": "DESKTOP-P5C3MUD\\user"}
{"Provider_Name": "Microsoft-Windows-Sysmon", "Provider_Guid": "{5770385f-c22a-43e0-bf4c-06f5698ffbd9}", "Provider": null, "EventID_Qualifiers": "", "EventID": "5", "Version": "3", "Level": "4", "Task": "5", "Opcode": "0", "Keywords": "0x8000000000000000", "TimeCreated_SystemTime": "2023-09-27 04:33:04.369041", "TimeCreated": null, "EventRecordID": "29419", "Correlation_ActivityID": "", "Correlation_RelatedActivityID": "", "Correlation": null, "Execution_ProcessID": "3368", "Execution_ThreadID": "4984", "Execution": null, "Channel": "Microsoft-Windows-Sysmon/Operational", "Computer": "DESKTOP-P5C3MUD", "Security_UserID": "S-1-5-18", "Security": null, "EventData_RuleName": "-", "EventData_UtcTime": "2023-09-27 04:33:04.368", "EventData_ProcessGuid": "{4557fbaa-b07e-6513-8c25-000000000c00}", "EventData_ProcessId": "13244", "EventData_Image": "C:\\Windows\\System32\\conhost.exe", "EventData_User": "DESKTOP-P5C3MUD\\user"}
{"Provider_Name": "Microsoft-Windows-Sysmon", "Provider_Guid": "{5770385f-c22a-43e0-bf4c-06f5698ffbd9}", "Provider": null, "EventID_Qualifiers": "", "EventID": "12", "Version": "2", "Level": "4", "Task": "12", "Opcode": "0", "Keywords": "0x8000000000000000", "TimeCreated_SystemTime": "2023-09-27 04:33:04.369381", "TimeCreated": null, "EventRecordID": "29420", "Correlation_ActivityID": "", "Correlation_RelatedActivityID": "", "Correlation": null, "Execution_ProcessID": "3368", "Execution_ThreadID": "4984", "Execution": null, "Channel": "Microsoft-Windows-Sysmon/Operational", "Computer": "DESKTOP-P5C3MUD", "Security_UserID": "S-1-5-18", "Security": null, "EventData_RuleName": "-", "EventData_EventType": "DeleteKey", "EventData_UtcTime": "2023-09-27 04:33:04.368", "EventData_ProcessGuid": "{4557fbaa-e806-6502-9c00-000000000c00}", "EventData_ProcessId": "3336", "EventData_Image": "C:\\Windows\\Explorer.EXE", "EventData_TargetObject": "HKU\\S-1-5-21-2994737283-653069417-2221972583-1001\\SOFTWARE\\Microsoft\\Windows\\CurrentVersion\\Explorer\\SessionInfo\\1\\ApplicationViewManagement\\W32:000000000019090E", "EventData_User": "DESKTOP-P5C3MUD\\user"}
{"Provider_Name": "Microsoft-Windows-Sysmon", "Provider_Guid": "{5770385f-c22a-43e0-bf4c-06f5698ffbd9}", "Provider": null, "EventID_Qualifiers": "", "EventID": "12", "Version": "2", "Level": "4", "Task": "12", "Opcode": "0", "Keywords": "0x8000000000000000", "TimeCreated_SystemTime": "2023-09-27 04:33:04.370180", "TimeCreated": null, "EventRecordID": "29421", "Correlation_ActivityID": "", "Correlation_RelatedActivityID": "", "Correlation": null, "Execution_ProcessID": "3368", "Execution_ThreadID": "4984", "Execution": null, "Channel": "Microsoft-Windows-Sysmon/Operational", "Computer": "DESKTOP-P5C3MUD", "Security_UserID": "S-1-5-18", "Security": null, "EventData_RuleName": "-", "EventData_EventType": "CreateKey", "EventData_UtcTime": "2023-09-27 04:33:04.369", "EventData_ProcessGuid": "{4557fbaa-e819-6502-cc00-000000000c00}", "EventData_ProcessId": "6548", "EventData_Image": "C:\\Windows\\system32\\ctfmon.exe", "EventData_TargetObject": "HKU\\S-1-5-21-2994737283-653069417-2221972583-1001\\SOFTWARE\\Microsoft\\Input\\TypingInsights", "EventData_User": "DESKTOP-P5C3MUD\\user"}
{"Provider_Name": "Microsoft-Windows-Sysmon", "Provider_Guid": "{5770385f-c22a-43e0-bf4c-06f5698ffbd9}", "Provider": null, "EventID_Qualifiers": "", "EventID": "13", "Version": "2", "Level": "4", "Task": "13", "Opcode": "0", "Keywords": "0x8000000000000000", "TimeCreated_SystemTime": "2023-09-27 04:33:04.370380", "TimeCreated": null, "EventRecordID": "29422", "Correlation_ActivityID": "", "Correlation_RelatedActivityID": "", "Correlation": null, "Execution_ProcessID": "3368", "Execution_ThreadID": "4984", "Execution": null, "Channel": "Microsoft-Windows-Sysmon/Operational", "Computer": "DESKTOP-P5C3MUD", "Security_UserID": "S-1-5-18", "Security": null, "EventData_RuleName": "-", "EventData_EventType": "SetValue", "EventData_UtcTime": "2023-09-27 04:33:04.369", "EventData_ProcessGuid": "{4557fbaa-e819-6502-cc00-000000000c00}", "EventData_ProcessId": "6548", "EventData_Image": "C:\\Windows\\system32\\ctfmon.exe", "EventData_TargetObject": "HKU\\S-1-5-21-2994737283-653069417-2221972583-1001\\SOFTWARE\\Microsoft\\Input\\TypingInsights\\Insights", "EventData_Details": "Binary Data", "EventData_User": "DESKTOP-P5C3MUD\\user"}
{"Provider_Name": "Microsoft-Windows-Sysmon", "Provider_Guid": "{5770385f-c22a-43e0-bf4c-06f5698ffbd9}", "Provider": null, "EventID_Qualifiers": "", "EventID": "10", "Version": "3", "Level": "4", "Task": "10", "Opcode": "0", "Keywords": "0x8000000000000000", "TimeCreated_SystemTime": "2023-09-27 04:33:04.372221", "TimeCreated": null, "EventRecordID": "29423", "Correlation_ActivityID": "", "Correlation_RelatedActivityID": "", "Correlation": null, "Execution_ProcessID": "3368", "Execution_ThreadID": "4984", "Execution": null, "Channel": "Microsoft-Windows-Sysmon/Operational", "Computer": "DESKTOP-P5C3MUD", "Security_UserID": "S-1-5-18", "Security": null, "EventData_RuleName": "-", "EventData_UtcTime": "2023-09-27 04:33:04.371", "EventData_SourceProcessGUID": "{4557fbaa-e7c5-6502-0d00-000000000c00}", "EventData_SourceProcessId": "868", "EventData_SourceThreadId": "9792", "EventData_SourceImage": "C:\\Windows\\system32\\svchost.exe", "EventData_TargetProcessGUID": "{4557fbaa-b07e-6513-8625-000000000c00}", "EventData_TargetProcessId": "11876", "EventData_TargetImage": "C:\\Windows\\system32\\conhost.exe", "EventData_GrantedAccess": "0x00002000", "EventData_CallTrace": "C:\\Windows\\SYSTEM32\\ntdll.dll+9d314|C:\\Windows\\SYSTEM32\\psmserviceexthost.dll+9f49|C:\\Windows\\SYSTEM32\\psmserviceexthost.dll+9d43|C:\\Windows\\SYSTEM32\\ntdll.dll+62dc9|C:\\Windows\\SYSTEM32\\ntdll.dll+62a51|C:\\Windows\\SYSTEM32\\ntdll.dll+628b0|C:\\Windows\\SYSTEM32\\ntdll.dll+10ebc|C:\\Windows\\SYSTEM32\\ntdll.dll+52f86|C:\\Windows\\System32\\KERNEL32.DLL+17344|C:\\Windows\\SYSTEM32\\ntdll.dll+526b1", "EventData_SourceUser": "NT AUTHORITY\\SYSTEM", "EventData_TargetUser": "DESKTOP-P5C3MUD\\user"}
{"Provider_Name": "Microsoft-Windows-Sysmon", "Provider_Guid": "{5770385f-c22a-43e0-bf4c-06f5698ffbd9}", "Provider": null, "EventID_Qualifiers": "", "EventID": "10", "Version": "3", "Level": "4", "Task": "10", "Opcode": "0", "Keywords": "0x8000000000000000", "TimeCreated_SystemTime": "2023-09-27 04:33:04.375368", "TimeCreated": null, "EventRecordID": "29424", "Correlation_ActivityID": "", "Correlation_RelatedActivityID": "", "Correlation": null, "Execution_ProcessID": "3368", "Execution_ThreadID": "4984", "Execution": null, "Channel": "Microsoft-Windows-Sysmon/Operational", "Computer": "DESKTOP-P5C3MUD", "Security_UserID": "S-1-5-18", "Security": null, "EventData_RuleName": "-", "EventData_UtcTime": "2023-09-27 04:33:04.372", "EventData_SourceProcessGUID": "{4557fbaa-e806-6502-9c00-000000000c00}", "EventData_SourceProcessId": "3336", "EventData_SourceThreadId": "2272", "EventData_SourceImage": "C:\\Windows\\Explorer.EXE", "EventData_TargetProcessGUID": "{4557fbaa-b07e-6513-8525-000000000c00}", "EventData_TargetProcessId": "7432", "EventData_TargetImage": "E:\\Experiment\\Windows Hacker Attack Program\\6\\Bypass UAC\\Test.exe", "EventData_GrantedAccess": "0x00002000", "EventData_CallTrace": "C:\\Windows\\SYSTEM32\\ntdll.dll+9d314|C:\\Windows\\System32\\KERNELBASE.dll+308ee|C:\\Windows\\system32\\twinui.dll+32833|C:\\Windows\\system32\\twinui.dll+68bdc|C:\\Windows\\system32\\twinui.dll+68b3c|C:\\Windows\\system32\\twinui.dll+60c7a|C:\\Windows\\system32\\twinui.dll+605aa|C:\\Windows\\system32\\twinui.dll+60e4b|C:\\Windows\\system32\\twinui.dll+6066d|C:\\Windows\\System32\\user32.dll+e858|C:\\Windows\\System32\\user32.dll+e299|C:\\Windows\\System32\\windows.immersiveshell.serviceprovider.dll+c7e3|C:\\Windows\\System32\\windows.immersiveshell.serviceprovider.dll+c377|C:\\Windows\\System32\\windows.immersiveshell.serviceprovider.dll+c9c7|C:\\Windows\\System32\\windows.immersiveshell.serviceprovider.dll+ca22|C:\\Windows\\System32\\KERNEL32.DLL+17344|C:\\Windows\\SYSTEM32\\ntdll.dll+526b1", "EventData_SourceUser": "DESKTOP-P5C3MUD\\user", "EventData_TargetUser": "DESKTOP-P5C3MUD\\user"}
{"Provider_Name": "Microsoft-Windows-Sysmon", "Provider_Guid": "{5770385f-c22a-43e0-bf4c-06f5698ffbd9}", "Provider": null, "EventID_Qualifiers": "", "EventID": "12", "Version": "2", "Level": "4", "Task": "12", "Opcode": "0", "Keywords": "0x8000000000000000", "TimeCreated_SystemTime": "2023-09-27 04:33:04.375401", "TimeCreated": null, "EventRecordID": "29425", "Correlation_ActivityID": "", "Correlation_RelatedActivityID": "", "Correlation": null, "Execution_ProcessID": "3368", "Execution_ThreadID": "4984", "Execution": null, "Channel": "Microsoft-Windows-Sysmon/Operational", "Computer": "DESKTOP-P5C3MUD", "Security_UserID": "S-1-5-18", "Security": null, "EventData_RuleName": "-", "EventData_EventType": "CreateKey", "EventData_UtcTime": "2023-09-27 04:33:04.373", "EventData_ProcessGuid": "{4557fbaa-e810-6502-ab00-000000000c00}", "EventData_ProcessId": "5648", "EventData_Image": "C:\\Windows\\SystemApps\\MicrosoftWindows.Client.CBS_cw5n1h2txyewy\\TextInputHost.exe", "EventData_TargetObject": "\\REGISTRY\\A\\{eb11bc1f-fa29-861c-f7d3-85b441d9e9db}\\LocalState", "EventData_User": "DESKTOP-P5C3MUD\\user"}
{"Provider_Name": "Microsoft-Windows-Sysmon", "Provider_Guid": "{5770385f-c22a-43e0-bf4c-06f5698ffbd9}", "Provider": null, "EventID_Qualifiers": "", "EventID": "12", "Version": "2", "Level": "4", "Task": "12", "Opcode": "0", "Keywords": "0x8000000000000000", "TimeCreated_SystemTime": "2023-09-27 04:33:04.375441", "TimeCreated": null, "EventRecordID": "29426", "Correlation_ActivityID": "", "Correlation_RelatedActivityID": "", "Correlation": null, "Execution_ProcessID": "3368", "Execution_ThreadID": "4984", "Execution": null, "Channel": "Microsoft-Windows-Sysmon/Operational", "Computer": "DESKTOP-P5C3MUD", "Security_UserID": "S-1-5-18", "Security": null, "EventData_RuleName": "-", "EventData_EventType": "CreateKey", "EventData_UtcTime": "2023-09-27 04:33:04.373", "EventData_ProcessGuid": "{4557fbaa-e810-6502-ab00-000000000c00}", "EventData_ProcessId": "5648", "EventData_Image": "C:\\Windows\\SystemApps\\MicrosoftWindows.Client.CBS_cw5n1h2txyewy\\TextInputHost.exe", "EventData_TargetObject": "\\REGISTRY\\A\\{eb11bc1f-fa29-861c-f7d3-85b441d9e9db}\\LocalState", "EventData_User": "DESKTOP-P5C3MUD\\user"}
{"Provider_Name": "Microsoft-Windows-Sysmon", "Provider_Guid": "{5770385f-c22a-43e0-bf4c-06f5698ffbd9}", "Provider": null, "EventID_Qualifiers": "", "EventID": "10", "Version": "3", "Level": "4", "Task": "10", "Opcode": "0", "Keywords": "0x8000000000000000", "TimeCreated_SystemTime": "2023-09-27 04:33:04.375467", "TimeCreated": null, "EventRecordID": "29427", "Correlation_ActivityID": "", "Correlation_RelatedActivityID": "", "Correlation": null, "Execution_ProcessID": "3368", "Execution_ThreadID": "4984", "Execution": null, "Channel": "Microsoft-Windows-Sysmon/Operational", "Computer": "DESKTOP-P5C3MUD", "Security_UserID": "S-1-5-18", "Security": null, "EventData_RuleName": "-", "EventData_UtcTime": "2023-09-27 04:33:04.374", "EventData_SourceProcessGUID": "{4557fbaa-e806-6502-9c00-000000000c00}", "EventData_SourceProcessId": "3336", "EventData_SourceThreadId": "5608", "EventData_SourceImage": "C:\\Windows\\Explorer.EXE", "EventData_TargetProcessGUID": "{4557fbaa-b07e-6513-8525-000000000c00}", "EventData_TargetProcessId": "7432", "EventData_TargetImage": "E:\\Experiment\\Windows Hacker Attack Program\\6\\Bypass UAC\\Test.exe", "EventData_GrantedAccess": "0x00001410", "EventData_CallTrace": "C:\\Windows\\SYSTEM32\\ntdll.dll+9d314|C:\\Windows\\System32\\KERNELBASE.dll+308ee|C:\\Windows\\System32\\appresolver.dll+24d21|C:\\Windows\\System32\\appresolver.dll+21ce7|C:\\Windows\\System32\\appresolver.dll+21a26|C:\\Windows\\Explorer.EXE+35220|C:\\Windows\\Explorer.EXE+35134|C:\\Windows\\Explorer.EXE+81040|C:\\Windows\\SYSTEM32\\windows.storage.dll+b3d2c|C:\\Windows\\SYSTEM32\\windows.storage.dll+b3971|C:\\Windows\\SYSTEM32\\windows.storage.dll+195e14|C:\\Windows\\System32\\shcore.dll+33106|C:\\Windows\\SYSTEM32\\ntdll.dll+6fca3|C:\\Windows\\SYSTEM32\\ntdll.dll+531ba|C:\\Windows\\System32\\KERNEL32.DLL+17344|C:\\Windows\\SYSTEM32\\ntdll.dll+526b1", "EventData_SourceUser": "DESKTOP-P5C3MUD\\user", "EventData_TargetUser": "DESKTOP-P5C3MUD\\user"}
{"Provider_Name": "Microsoft-Windows-Sysmon", "Provider_Guid": "{5770385f-c22a-43e0-bf4c-06f5698ffbd9}", "Provider": null, "EventID_Qualifiers": "", "EventID": "10", "Version": "3", "Level": "4", "Task": "10", "Opcode": "0", "Keywords": "0x8000000000000000", "TimeCreated_SystemTime": "2023-09-27 04:33:04.376560", "TimeCreated": null, "EventRecordID": "29428", "Correlation_ActivityID": "", "Correlation_RelatedActivityID": "", "Correlation": null, "Execution_ProcessID": "3368", "Execution_ThreadID": "4984", "Execution": null, "Channel": "Microsoft-Windows-Sysmon/Operational", "Computer": "DESKTOP-P5C3MUD", "Security_UserID": "S-1-5-18", "Security": null, "EventData_RuleName": "-", "EventData_UtcTime": "2023-09-27 04:33:04.375", "EventData_SourceProcessGUID": "{4557fbaa-e806-6502-9c00-000000000c00}", "EventData_SourceProcessId": "3336", "EventData_SourceThreadId": "2272", "EventData_SourceImage": "C:\\Windows\\Explorer.EXE", "EventData_TargetProcessGUID": "{4557fbaa-e810-6502-ab00-000000000c00}", "EventData_TargetProcessId": "5648", "EventData_TargetImage": "C:\\Windows\\SystemApps\\MicrosoftWindows.Client.CBS_cw5n1h2txyewy\\TextInputHost.exe", "EventData_GrantedAccess": "0x00002000", "EventData_CallTrace": "C:\\Windows\\SYSTEM32\\ntdll.dll+9d314|C:\\Windows\\System32\\KERNELBASE.dll+308ee|C:\\Windows\\system32\\twinui.dll+331cb|C:\\Windows\\system32\\twinui.dll+32a3c|C:\\Windows\\system32\\twinui.dll+68bdc|C:\\Windows\\system32\\twinui.dll+68b3c|C:\\Windows\\system32\\twinui.dll+60c7a|C:\\Windows\\system32\\twinui.dll+605aa|C:\\Windows\\system32\\twinui.dll+60e4b|C:\\Windows\\system32\\twinui.dll+6066d|C:\\Windows\\System32\\user32.dll+e858|C:\\Windows\\System32\\user32.dll+e299|C:\\Windows\\System32\\windows.immersiveshell.serviceprovider.dll+c7e3|C:\\Windows\\System32\\windows.immersiveshell.serviceprovider.dll+c377|C:\\Windows\\System32\\windows.immersiveshell.serviceprovider.dll+c9c7|C:\\Windows\\System32\\windows.immersiveshell.serviceprovider.dll+ca22|C:\\Windows\\System32\\KERNEL32.DLL+17344|C:\\Windows\\SYSTEM32\\ntdll.dll+526b1", "EventData_SourceUser": "DESKTOP-P5C3MUD\\user", "EventData_TargetUser": "DESKTOP-P5C3MUD\\user"}
{"Provider_Name": "Microsoft-Windows-Sysmon", "Provider_Guid": "{5770385f-c22a-43e0-bf4c-06f5698ffbd9}", "Provider": null, "EventID_Qualifiers": "", "EventID": "10", "Version": "3", "Level": "4", "Task": "10", "Opcode": "0", "Keywords": "0x8000000000000000", "TimeCreated_SystemTime": "2023-09-27 04:33:04.376650", "TimeCreated": null, "EventRecordID": "29429", "Correlation_ActivityID": "", "Correlation_RelatedActivityID": "", "Correlation": null, "Execution_ProcessID": "3368", "Execution_ThreadID": "4984", "Execution": null, "Channel": "Microsoft-Windows-Sysmon/Operational", "Computer": "DESKTOP-P5C3MUD", "Security_UserID": "S-1-5-18", "Security": null, "EventData_RuleName": "-", "EventData_UtcTime": "2023-09-27 04:33:04.375", "EventData_SourceProcessGUID": "{4557fbaa-e806-6502-9c00-000000000c00}", "EventData_SourceProcessId": "3336", "EventData_SourceThreadId": "2272", "EventData_SourceImage": "C:\\Windows\\Explorer.EXE", "EventData_TargetProcessGUID": "{4557fbaa-e98b-6502-0d01-000000000c00}", "EventData_TargetProcessId": "6312", "EventData_TargetImage": "C:\\Windows\\SystemApps\\ShellExperienceHost_cw5n1h2txyewy\\ShellExperienceHost.exe", "EventData_GrantedAccess": "0x00002000", "EventData_CallTrace": "C:\\Windows\\SYSTEM32\\ntdll.dll+9d314|C:\\Windows\\System32\\KERNELBASE.dll+308ee|C:\\Windows\\system32\\twinui.dll+331cb|C:\\Windows\\system32\\twinui.dll+32a3c|C:\\Windows\\system32\\twinui.dll+68bdc|C:\\Windows\\system32\\twinui.dll+68b3c|C:\\Windows\\system32\\twinui.dll+60c7a|C:\\Windows\\system32\\twinui.dll+605aa|C:\\Windows\\system32\\twinui.dll+60e4b|C:\\Windows\\system32\\twinui.dll+6066d|C:\\Windows\\System32\\user32.dll+e858|C:\\Windows\\System32\\user32.dll+e299|C:\\Windows\\System32\\windows.immersiveshell.serviceprovider.dll+c7e3|C:\\Windows\\System32\\windows.immersiveshell.serviceprovider.dll+c377|C:\\Windows\\System32\\windows.immersiveshell.serviceprovider.dll+c9c7|C:\\Windows\\System32\\windows.immersiveshell.serviceprovider.dll+ca22|C:\\Windows\\System32\\KERNEL32.DLL+17344|C:\\Windows\\SYSTEM32\\ntdll.dll+526b1", "EventData_SourceUser": "DESKTOP-P5C3MUD\\user", "EventData_TargetUser": "DESKTOP-P5C3MUD\\user"}
{"Provider_Name": "Microsoft-Windows-Sysmon", "Provider_Guid": "{5770385f-c22a-43e0-bf4c-06f5698ffbd9}", "Provider": null, "EventID_Qualifiers": "", "EventID": "10", "Version": "3", "Level": "4", "Task": "10", "Opcode": "0", "Keywords": "0x8000000000000000", "TimeCreated_SystemTime": "2023-09-27 04:33:04.376745", "TimeCreated": null, "EventRecordID": "29430", "Correlation_ActivityID": "", "Correlation_RelatedActivityID": "", "Correlation": null, "Execution_ProcessID": "3368", "Execution_ThreadID": "4984", "Execution": null, "Channel": "Microsoft-Windows-Sysmon/Operational", "Computer": "DESKTOP-P5C3MUD", "Security_UserID": "S-1-5-18", "Security": null, "EventData_RuleName": "-", "EventData_UtcTime": "2023-09-27 04:33:04.375", "EventData_SourceProcessGUID": "{4557fbaa-e806-6502-9c00-000000000c00}", "EventData_SourceProcessId": "3336", "EventData_SourceThreadId": "2272", "EventData_SourceImage": "C:\\Windows\\Explorer.EXE", "EventData_TargetProcessGUID": "{4557fbaa-e80c-6502-a400-000000000c00}", "EventData_TargetProcessId": "6492", "EventData_TargetImage": "C:\\Windows\\SystemApps\\Microsoft.Windows.Search_cw5n1h2txyewy\\SearchApp.exe", "EventData_GrantedAccess": "0x00002000", "EventData_CallTrace": "C:\\Windows\\SYSTEM32\\ntdll.dll+9d314|C:\\Windows\\System32\\KERNELBASE.dll+308ee|C:\\Windows\\system32\\twinui.dll+331cb|C:\\Windows\\system32\\twinui.dll+32a3c|C:\\Windows\\system32\\twinui.dll+68bdc|C:\\Windows\\system32\\twinui.dll+68b3c|C:\\Windows\\system32\\twinui.dll+60c7a|C:\\Windows\\system32\\twinui.dll+605aa|C:\\Windows\\system32\\twinui.dll+60e4b|C:\\Windows\\system32\\twinui.dll+6066d|C:\\Windows\\System32\\user32.dll+e858|C:\\Windows\\System32\\user32.dll+e299|C:\\Windows\\System32\\windows.immersiveshell.serviceprovider.dll+c7e3|C:\\Windows\\System32\\windows.immersiveshell.serviceprovider.dll+c377|C:\\Windows\\System32\\windows.immersiveshell.serviceprovider.dll+c9c7|C:\\Windows\\System32\\windows.immersiveshell.serviceprovider.dll+ca22|C:\\Windows\\System32\\KERNEL32.DLL+17344|C:\\Windows\\SYSTEM32\\ntdll.dll+526b1", "EventData_SourceUser": "DESKTOP-P5C3MUD\\user", "EventData_TargetUser": "DESKTOP-P5C3MUD\\user"}
{"Provider_Name": "Microsoft-Windows-Sysmon", "Provider_Guid": "{5770385f-c22a-43e0-bf4c-06f5698ffbd9}", "Provider": null, "EventID_Qualifiers": "", "EventID": "10", "Version": "3", "Level": "4", "Task": "10", "Opcode": "0", "Keywords": "0x8000000000000000", "TimeCreated_SystemTime": "2023-09-27 04:33:04.376810", "TimeCreated": null, "EventRecordID": "29431", "Correlation_ActivityID": "", "Correlation_RelatedActivityID": "", "Correlation": null, "Execution_ProcessID": "3368", "Execution_ThreadID": "4984", "Execution": null, "Channel": "Microsoft-Windows-Sysmon/Operational", "Computer": "DESKTOP-P5C3MUD", "Security_UserID": "S-1-5-18", "Security": null, "EventData_RuleName": "-", "EventData_UtcTime": "2023-09-27 04:33:04.376", "EventData_SourceProcessGUID": "{4557fbaa-e806-6502-9c00-000000000c00}", "EventData_SourceProcessId": "3336", "EventData_SourceThreadId": "2272", "EventData_SourceImage": "C:\\Windows\\Explorer.EXE", "EventData_TargetProcessGUID": "{4557fbaa-5088-6512-4820-000000000c00}", "EventData_TargetProcessId": "4316", "EventData_TargetImage": "C:\\Windows\\SystemApps\\Microsoft.Windows.StartMenuExperienceHost_cw5n1h2txyewy\\StartMenuExperienceHost.exe", "EventData_GrantedAccess": "0x00002000", "EventData_CallTrace": "C:\\Windows\\SYSTEM32\\ntdll.dll+9d314|C:\\Windows\\System32\\KERNELBASE.dll+308ee|C:\\Windows\\system32\\twinui.dll+331cb|C:\\Windows\\system32\\twinui.dll+32a3c|C:\\Windows\\system32\\twinui.dll+68bdc|C:\\Windows\\system32\\twinui.dll+68b3c|C:\\Windows\\system32\\twinui.dll+60c7a|C:\\Windows\\system32\\twinui.dll+605aa|C:\\Windows\\system32\\twinui.dll+60e4b|C:\\Windows\\system32\\twinui.dll+6066d|C:\\Windows\\System32\\user32.dll+e858|C:\\Windows\\System32\\user32.dll+e299|C:\\Windows\\System32\\windows.immersiveshell.serviceprovider.dll+c7e3|C:\\Windows\\System32\\windows.immersiveshell.serviceprovider.dll+c377|C:\\Windows\\System32\\windows.immersiveshell.serviceprovider.dll+c9c7|C:\\Windows\\System32\\windows.immersiveshell.serviceprovider.dll+ca22|C:\\Windows\\System32\\KERNEL32.DLL+17344|C:\\Windows\\SYSTEM32\\ntdll.dll+526b1", "EventData_SourceUser": "DESKTOP-P5C3MUD\\user", "EventData_TargetUser": "DESKTOP-P5C3MUD\\user"}
{"Provider_Name": "Microsoft-Windows-Sysmon", "Provider_Guid": "{5770385f-c22a-43e0-bf4c-06f5698ffbd9}", "Provider": null, "EventID_Qualifiers": "", "EventID": "13", "Version": "2", "Level": "4", "Task": "13", "Opcode": "0", "Keywords": "0x8000000000000000", "TimeCreated_SystemTime": "2023-09-27 04:33:04.376844", "TimeCreated": null, "EventRecordID": "29432", "Correlation_ActivityID": "", "Correlation_RelatedActivityID": "", "Correlation": null, "Execution_ProcessID": "3368", "Execution_ThreadID": "4984", "Execution": null, "Channel": "Microsoft-Windows-Sysmon/Operational", "Computer": "DESKTOP-P5C3MUD", "Security_UserID": "S-1-5-18", "Security": null, "EventData_RuleName": "-", "EventData_EventType": "SetValue", "EventData_UtcTime": "2023-09-27 04:33:04.376", "EventData_ProcessGuid": "{4557fbaa-e806-6502-9c00-000000000c00}", "EventData_ProcessId": "3336", "EventData_Image": "C:\\Windows\\Explorer.EXE", "EventData_TargetObject": "HKU\\S-1-5-21-2994737283-653069417-2221972583-1001\\SOFTWARE\\Microsoft\\Windows\\CurrentVersion\\ActivityDataModel\\ReaderRevisionInfo\\C576D885-A342-B9F1-2607-4651ECE05371", "EventData_Details": "Binary Data", "EventData_User": "DESKTOP-P5C3MUD\\user"}
{"Provider_Name": "Microsoft-Windows-Sysmon", "Provider_Guid": "{5770385f-c22a-43e0-bf4c-06f5698ffbd9}", "Provider": null, "EventID_Qualifiers": "", "EventID": "10", "Version": "3", "Level": "4", "Task": "10", "Opcode": "0", "Keywords": "0x8000000000000000", "TimeCreated_SystemTime": "2023-09-27 04:33:04.376873", "TimeCreated": null, "EventRecordID": "29433", "Correlation_ActivityID": "", "Correlation_RelatedActivityID": "", "Correlation": null, "Execution_ProcessID": "3368", "Execution_ThreadID": "4984", "Execution": null, "Channel": "Microsoft-Windows-Sysmon/Operational", "Computer": "DESKTOP-P5C3MUD", "Security_UserID": "S-1-5-18", "Security": null, "EventData_RuleName": "-", "EventData_UtcTime": "2023-09-27 04:33:04.376", "EventData_SourceProcessGUID": "{4557fbaa-e806-6502-9c00-000000000c00}", "EventData_SourceProcessId": "3336", "EventData_SourceThreadId": "2272", "EventData_SourceImage": "C:\\Windows\\Explorer.EXE", "EventData_TargetProcessGUID": "{4557fbaa-b07e-6513-8525-000000000c00}", "EventData_TargetProcessId": "7432", "EventData_TargetImage": "E:\\Experiment\\Windows Hacker Attack Program\\6\\Bypass UAC\\Test.exe", "EventData_GrantedAccess": "0x00002000", "EventData_CallTrace": "C:\\Windows\\SYSTEM32\\ntdll.dll+9d314|C:\\Windows\\System32\\KERNELBASE.dll+308ee|C:\\Windows\\system32\\twinui.dll+331cb|C:\\Windows\\system32\\twinui.dll+32a3c|C:\\Windows\\system32\\twinui.dll+68bdc|C:\\Windows\\system32\\twinui.dll+68b3c|C:\\Windows\\system32\\twinui.dll+60c7a|C:\\Windows\\system32\\twinui.dll+605aa|C:\\Windows\\system32\\twinui.dll+60e4b|C:\\Windows\\system32\\twinui.dll+6066d|C:\\Windows\\System32\\user32.dll+e858|C:\\Windows\\System32\\user32.dll+e299|C:\\Windows\\System32\\windows.immersiveshell.serviceprovider.dll+c7e3|C:\\Windows\\System32\\windows.immersiveshell.serviceprovider.dll+c377|C:\\Windows\\System32\\windows.immersiveshell.serviceprovider.dll+c9c7|C:\\Windows\\System32\\windows.immersiveshell.serviceprovider.dll+ca22|C:\\Windows\\System32\\KERNEL32.DLL+17344|C:\\Windows\\SYSTEM32\\ntdll.dll+526b1", "EventData_SourceUser": "DESKTOP-P5C3MUD\\user", "EventData_TargetUser": "DESKTOP-P5C3MUD\\user"}
{"Provider_Name": "Microsoft-Windows-Sysmon", "Provider_Guid": "{5770385f-c22a-43e0-bf4c-06f5698ffbd9}", "Provider": null, "EventID_Qualifiers": "", "EventID": "10", "Version": "3", "Level": "4", "Task": "10", "Opcode": "0", "Keywords": "0x8000000000000000", "TimeCreated_SystemTime": "2023-09-27 04:33:04.376945", "TimeCreated": null, "EventRecordID": "29434", "Correlation_ActivityID": "", "Correlation_RelatedActivityID": "", "Correlation": null, "Execution_ProcessID": "3368", "Execution_ThreadID": "4984", "Execution": null, "Channel": "Microsoft-Windows-Sysmon/Operational", "Computer": "DESKTOP-P5C3MUD", "Security_UserID": "S-1-5-18", "Security": null, "EventData_RuleName": "-", "EventData_UtcTime": "2023-09-27 04:33:04.376", "EventData_SourceProcessGUID": "{4557fbaa-e806-6502-9c00-000000000c00}", "EventData_SourceProcessId": "3336", "EventData_SourceThreadId": "2272", "EventData_SourceImage": "C:\\Windows\\Explorer.EXE", "EventData_TargetProcessGUID": "{4557fbaa-3813-6509-eb0c-000000000c00}", "EventData_TargetProcessId": "7504", "EventData_TargetImage": "C:\\Windows\\ImmersiveControlPanel\\SystemSettings.exe", "EventData_GrantedAccess": "0x00002000", "EventData_CallTrace": "C:\\Windows\\SYSTEM32\\ntdll.dll+9d314|C:\\Windows\\System32\\KERNELBASE.dll+308ee|C:\\Windows\\system32\\twinui.dll+331cb|C:\\Windows\\system32\\twinui.dll+32a3c|C:\\Windows\\system32\\twinui.dll+68bdc|C:\\Windows\\system32\\twinui.dll+68b3c|C:\\Windows\\system32\\twinui.dll+60c7a|C:\\Windows\\system32\\twinui.dll+605aa|C:\\Windows\\system32\\twinui.dll+60e4b|C:\\Windows\\system32\\twinui.dll+6066d|C:\\Windows\\System32\\user32.dll+e858|C:\\Windows\\System32\\user32.dll+e299|C:\\Windows\\System32\\windows.immersiveshell.serviceprovider.dll+c7e3|C:\\Windows\\System32\\windows.immersiveshell.serviceprovider.dll+c377|C:\\Windows\\System32\\windows.immersiveshell.serviceprovider.dll+c9c7|C:\\Windows\\System32\\windows.immersiveshell.serviceprovider.dll+ca22|C:\\Windows\\System32\\KERNEL32.DLL+17344|C:\\Windows\\SYSTEM32\\ntdll.dll+526b1", "EventData_SourceUser": "DESKTOP-P5C3MUD\\user", "EventData_TargetUser": "DESKTOP-P5C3MUD\\user"}
{"Provider_Name": "Microsoft-Windows-Sysmon", "Provider_Guid": "{5770385f-c22a-43e0-bf4c-06f5698ffbd9}", "Provider": null, "EventID_Qualifiers": "", "EventID": "10", "Version": "3", "Level": "4", "Task": "10", "Opcode": "0", "Keywords": "0x8000000000000000", "TimeCreated_SystemTime": "2023-09-27 04:33:04.377028", "TimeCreated": null, "EventRecordID": "29435", "Correlation_ActivityID": "", "Correlation_RelatedActivityID": "", "Correlation": null, "Execution_ProcessID": "3368", "Execution_ThreadID": "4984", "Execution": null, "Channel": "Microsoft-Windows-Sysmon/Operational", "Computer": "DESKTOP-P5C3MUD", "Security_UserID": "S-1-5-18", "Security": null, "EventData_RuleName": "-", "EventData_UtcTime": "2023-09-27 04:33:04.376", "EventData_SourceProcessGUID": "{4557fbaa-e806-6502-9c00-000000000c00}", "EventData_SourceProcessId": "3336", "EventData_SourceThreadId": "2272", "EventData_SourceImage": "C:\\Windows\\Explorer.EXE", "EventData_TargetProcessGUID": "{4557fbaa-d722-6506-1407-000000000c00}", "EventData_TargetProcessId": "10152", "EventData_TargetImage": "C:\\Windows\\system32\\ApplicationFrameHost.exe", "EventData_GrantedAccess": "0x00002000", "EventData_CallTrace": "C:\\Windows\\SYSTEM32\\ntdll.dll+9d314|C:\\Windows\\System32\\KERNELBASE.dll+308ee|C:\\Windows\\system32\\twinui.dll+331cb|C:\\Windows\\system32\\twinui.dll+32a3c|C:\\Windows\\system32\\twinui.dll+68bdc|C:\\Windows\\system32\\twinui.dll+68b3c|C:\\Windows\\system32\\twinui.dll+60c7a|C:\\Windows\\system32\\twinui.dll+605aa|C:\\Windows\\system32\\twinui.dll+60e4b|C:\\Windows\\system32\\twinui.dll+6066d|C:\\Windows\\System32\\user32.dll+e858|C:\\Windows\\System32\\user32.dll+e299|C:\\Windows\\System32\\windows.immersiveshell.serviceprovider.dll+c7e3|C:\\Windows\\System32\\windows.immersiveshell.serviceprovider.dll+c377|C:\\Windows\\System32\\windows.immersiveshell.serviceprovider.dll+c9c7|C:\\Windows\\System32\\windows.immersiveshell.serviceprovider.dll+ca22|C:\\Windows\\System32\\KERNEL32.DLL+17344|C:\\Windows\\SYSTEM32\\ntdll.dll+526b1", "EventData_SourceUser": "DESKTOP-P5C3MUD\\user", "EventData_TargetUser": "DESKTOP-P5C3MUD\\user"}
{"Provider_Name": "Microsoft-Windows-Sysmon", "Provider_Guid": "{5770385f-c22a-43e0-bf4c-06f5698ffbd9}", "Provider": null, "EventID_Qualifiers": "", "EventID": "10", "Version": "3", "Level": "4", "Task": "10", "Opcode": "0", "Keywords": "0x8000000000000000", "TimeCreated_SystemTime": "2023-09-27 04:33:04.377096", "TimeCreated": null, "EventRecordID": "29436", "Correlation_ActivityID": "", "Correlation_RelatedActivityID": "", "Correlation": null, "Execution_ProcessID": "3368", "Execution_ThreadID": "4984", "Execution": null, "Channel": "Microsoft-Windows-Sysmon/Operational", "Computer": "DESKTOP-P5C3MUD", "Security_UserID": "S-1-5-18", "Security": null, "EventData_RuleName": "-", "EventData_UtcTime": "2023-09-27 04:33:04.376", "EventData_SourceProcessGUID": "{4557fbaa-e806-6502-9c00-000000000c00}", "EventData_SourceProcessId": "3336", "EventData_SourceThreadId": "2272", "EventData_SourceImage": "C:\\Windows\\Explorer.EXE", "EventData_TargetProcessGUID": "{4557fbaa-3cc3-6509-4f0d-000000000c00}", "EventData_TargetProcessId": "5864", "EventData_TargetImage": "C:\\Program Files\\Google\\Chrome\\Application\\chrome.exe", "EventData_GrantedAccess": "0x00002000", "EventData_CallTrace": "C:\\Windows\\SYSTEM32\\ntdll.dll+9d314|C:\\Windows\\System32\\KERNELBASE.dll+308ee|C:\\Windows\\system32\\twinui.dll+331cb|C:\\Windows\\system32\\twinui.dll+32a3c|C:\\Windows\\system32\\twinui.dll+68bdc|C:\\Windows\\system32\\twinui.dll+68b3c|C:\\Windows\\system32\\twinui.dll+60c7a|C:\\Windows\\system32\\twinui.dll+605aa|C:\\Windows\\system32\\twinui.dll+60e4b|C:\\Windows\\system32\\twinui.dll+6066d|C:\\Windows\\System32\\user32.dll+e858|C:\\Windows\\System32\\user32.dll+e299|C:\\Windows\\System32\\windows.immersiveshell.serviceprovider.dll+c7e3|C:\\Windows\\System32\\windows.immersiveshell.serviceprovider.dll+c377|C:\\Windows\\System32\\windows.immersiveshell.serviceprovider.dll+c9c7|C:\\Windows\\System32\\windows.immersiveshell.serviceprovider.dll+ca22|C:\\Windows\\System32\\KERNEL32.DLL+17344|C:\\Windows\\SYSTEM32\\ntdll.dll+526b1", "EventData_SourceUser": "DESKTOP-P5C3MUD\\user", "EventData_TargetUser": "DESKTOP-P5C3MUD\\user"}
{"Provider_Name": "Microsoft-Windows-Sysmon", "Provider_Guid": "{5770385f-c22a-43e0-bf4c-06f5698ffbd9}", "Provider": null, "EventID_Qualifiers": "", "EventID": "13", "Version": "2", "Level": "4", "Task": "13", "Opcode": "0", "Keywords": "0x8000000000000000", "TimeCreated_SystemTime": "2023-09-27 04:33:04.378653", "TimeCreated": null, "EventRecordID": "29437", "Correlation_ActivityID": "", "Correlation_RelatedActivityID": "", "Correlation": null, "Execution_ProcessID": "3368", "Execution_ThreadID": "4984", "Execution": null, "Channel": "Microsoft-Windows-Sysmon/Operational", "Computer": "DESKTOP-P5C3MUD", "Security_UserID": "S-1-5-18", "Security": null, "EventData_RuleName": "-", "EventData_EventType": "SetValue", "EventData_UtcTime": "2023-09-27 04:33:04.377", "EventData_ProcessGuid": "{4557fbaa-e806-6502-9c00-000000000c00}", "EventData_ProcessId": "3336", "EventData_Image": "C:\\Windows\\Explorer.EXE", "EventData_TargetObject": "HKU\\S-1-5-21-2994737283-653069417-2221972583-1001\\SOFTWARE\\Microsoft\\Windows\\CurrentVersion\\ActivityDataModel\\ReaderRevisionInfo\\C576D885-A342-B9F1-2607-4651ECE05371", "EventData_Details": "Binary Data", "EventData_User": "DESKTOP-P5C3MUD\\user"}
{"Provider_Name": "Microsoft-Windows-Sysmon", "Provider_Guid": "{5770385f-c22a-43e0-bf4c-06f5698ffbd9}", "Provider": null, "EventID_Qualifiers": "", "EventID": "12", "Version": "2", "Level": "4", "Task": "12", "Opcode": "0", "Keywords": "0x8000000000000000", "TimeCreated_SystemTime": "2023-09-27 04:33:04.580837", "TimeCreated": null, "EventRecordID": "29438", "Correlation_ActivityID": "", "Correlation_RelatedActivityID": "", "Correlation": null, "Execution_ProcessID": "3368", "Execution_ThreadID": "4984", "Execution": null, "Channel": "Microsoft-Windows-Sysmon/Operational", "Computer": "DESKTOP-P5C3MUD", "Security_UserID": "S-1-5-18", "Security": null, "EventData_RuleName": "-", "EventData_EventType": "CreateKey", "EventData_UtcTime": "2023-09-27 04:33:04.580", "EventData_ProcessGuid": "{4557fbaa-83de-6513-8423-000000000c00}", "EventData_ProcessId": "9912", "EventData_Image": "E:\\Software\\Microsoft Visual Studio\\Common7\\IDE\\devenv.exe", "EventData_TargetObject": "HKU\\S-1-5-21-2994737283-653069417-2221972583-1001\\SOFTWARE\\Microsoft\\VSCommon\\17.0\\SQM\\PIDs\\9912", "EventData_User": "DESKTOP-P5C3MUD\\user"}
{"Provider_Name": "Microsoft-Windows-Sysmon", "Provider_Guid": "{5770385f-c22a-43e0-bf4c-06f5698ffbd9}", "Provider": null, "EventID_Qualifiers": "", "EventID": "13", "Version": "2", "Level": "4", "Task": "13", "Opcode": "0", "Keywords": "0x8000000000000000", "TimeCreated_SystemTime": "2023-09-27 04:33:04.580875", "TimeCreated": null, "EventRecordID": "29439", "Correlation_ActivityID": "", "Correlation_RelatedActivityID": "", "Correlation": null, "Execution_ProcessID": "3368", "Execution_ThreadID": "4984", "Execution": null, "Channel": "Microsoft-Windows-Sysmon/Operational", "Computer": "DESKTOP-P5C3MUD", "Security_UserID": "S-1-5-18", "Security": null, "EventData_RuleName": "-", "EventData_EventType": "SetValue", "EventData_UtcTime": "2023-09-27 04:33:04.580", "EventData_ProcessGuid": "{4557fbaa-83de-6513-8423-000000000c00}", "EventData_ProcessId": "9912", "EventData_Image": "E:\\Software\\Microsoft Visual Studio\\Common7\\IDE\\devenv.exe", "EventData_TargetObject": "HKU\\S-1-5-21-2994737283-653069417-2221972583-1001\\SOFTWARE\\Microsoft\\VSCommon\\17.0\\SQM\\PIDs\\9912\\DebuggerPresent", "EventData_Details": "DWORD (0x00000000)", "EventData_User": "DESKTOP-P5C3MUD\\user"}
{"Provider_Name": "Microsoft-Windows-Sysmon", "Provider_Guid": "{5770385f-c22a-43e0-bf4c-06f5698ffbd9}", "Provider": null, "EventID_Qualifiers": "", "EventID": "5", "Version": "3", "Level": "4", "Task": "5", "Opcode": "0", "Keywords": "0x8000000000000000", "TimeCreated_SystemTime": "2023-09-27 04:33:05.353933", "TimeCreated": null, "EventRecordID": "29440", "Correlation_ActivityID": "", "Correlation_RelatedActivityID": "", "Correlation": null, "Execution_ProcessID": "3368", "Execution_ThreadID": "4984", "Execution": null, "Channel": "Microsoft-Windows-Sysmon/Operational", "Computer": "DESKTOP-P5C3MUD", "Security_UserID": "S-1-5-18", "Security": null, "EventData_RuleName": "-", "EventData_UtcTime": "2023-09-27 04:33:05.353", "EventData_ProcessGuid": "{4557fbaa-b07e-6513-8825-000000000c00}", "EventData_ProcessId": "1760", "EventData_Image": "C:\\Windows\\SysWOW64\\cmd.exe", "EventData_User": "DESKTOP-P5C3MUD\\user"}
{"Provider_Name": "Microsoft-Windows-Sysmon", "Provider_Guid": "{5770385f-c22a-43e0-bf4c-06f5698ffbd9}", "Provider": null, "EventID_Qualifiers": "", "EventID": "13", "Version": "2", "Level": "4", "Task": "13", "Opcode": "0", "Keywords": "0x8000000000000000", "TimeCreated_SystemTime": "2023-09-27 04:33:05.354063", "TimeCreated": null, "EventRecordID": "29441", "Correlation_ActivityID": "", "Correlation_RelatedActivityID": "", "Correlation": null, "Execution_ProcessID": "3368", "Execution_ThreadID": "4984", "Execution": null, "Channel": "Microsoft-Windows-Sysmon/Operational", "Computer": "DESKTOP-P5C3MUD", "Security_UserID": "S-1-5-18", "Security": null, "EventData_RuleName": "-", "EventData_EventType": "SetValue", "EventData_UtcTime": "2023-09-27 04:33:05.353", "EventData_ProcessGuid": "{4557fbaa-b07e-6513-8825-000000000c00}", "EventData_ProcessId": "1760", "EventData_Image": "C:\\Windows\\SysWOW64\\cmd.exe", "EventData_TargetObject": "HKLM\\System\\CurrentControlSet\\Services\\bam\\State\\UserSettings\\S-1-5-21-2994737283-653069417-2221972583-1001\\\\Device\\HarddiskVolume3\\Windows\\SysWOW64\\cmd.exe", "EventData_Details": "Binary Data", "EventData_User": "DESKTOP-P5C3MUD\\user"}
{"Provider_Name": "Microsoft-Windows-Sysmon", "Provider_Guid": "{5770385f-c22a-43e0-bf4c-06f5698ffbd9}", "Provider": null, "EventID_Qualifiers": "", "EventID": "7", "Version": "3", "Level": "4", "Task": "7", "Opcode": "0", "Keywords": "0x8000000000000000", "TimeCreated_SystemTime": "2023-09-27 04:33:05.355396", "TimeCreated": null, "EventRecordID": "29442", "Correlation_ActivityID": "", "Correlation_RelatedActivityID": "", "Correlation": null, "Execution_ProcessID": "3368", "Execution_ThreadID": "4984", "Execution": null, "Channel": "Microsoft-Windows-Sysmon/Operational", "Computer": "DESKTOP-P5C3MUD", "Security_UserID": "S-1-5-18", "Security": null, "EventData_RuleName": "-", "EventData_UtcTime": "2023-09-27 04:33:05.354", "EventData_ProcessGuid": "{4557fbaa-b07e-6513-8525-000000000c00}", "EventData_ProcessId": "7432", "EventData_Image": "E:\\Experiment\\Windows Hacker Attack Program\\6\\Bypass UAC\\Test.exe", "EventData_ImageLoaded": "C:\\Windows\\SysWOW64\\kernel.appcore.dll", "EventData_FileVersion": "10.0.19041.546 (WinBuild.160101.0800)", "EventData_Description": "AppModel API Host", "EventData_Product": "Microsoft\u00ae Windows\u00ae Operating System", "EventData_Company": "Microsoft Corporation", "EventData_OriginalFileName": "kernel.appcore.dll", "EventData_Hashes": "SHA1=CFAB795E1930778A50F7B2010900B052399A3B48,MD5=537504FFB328C6AA752E1EAE14E93402,SHA256=8CECE4A563C2150B37B4AE402CFB9EB782DB14E03B260F4D13B88FB85BDFB31C,IMPHASH=5E7676746C605D2837550653B776CCFF", "EventData_Signed": "true", "EventData_Signature": "Microsoft Windows", "EventData_SignatureStatus": "Valid", "EventData_User": "DESKTOP-P5C3MUD\\user"}
{"Provider_Name": "Microsoft-Windows-Sysmon", "Provider_Guid": "{5770385f-c22a-43e0-bf4c-06f5698ffbd9}", "Provider": null, "EventID_Qualifiers": "", "EventID": "7", "Version": "3", "Level": "4", "Task": "7", "Opcode": "0", "Keywords": "0x8000000000000000", "TimeCreated_SystemTime": "2023-09-27 04:33:05.355606", "TimeCreated": null, "EventRecordID": "29443", "Correlation_ActivityID": "", "Correlation_RelatedActivityID": "", "Correlation": null, "Execution_ProcessID": "3368", "Execution_ThreadID": "4984", "Execution": null, "Channel": "Microsoft-Windows-Sysmon/Operational", "Computer": "DESKTOP-P5C3MUD", "Security_UserID": "S-1-5-18", "Security": null, "EventData_RuleName": "-", "EventData_UtcTime": "2023-09-27 04:33:05.354", "EventData_ProcessGuid": "{4557fbaa-b07e-6513-8525-000000000c00}", "EventData_ProcessId": "7432", "EventData_Image": "E:\\Experiment\\Windows Hacker Attack Program\\6\\Bypass UAC\\Test.exe", "EventData_ImageLoaded": "C:\\Windows\\SysWOW64\\msvcrt.dll", "EventData_FileVersion": "7.0.19041.546 (WinBuild.160101.0800)", "EventData_Description": "Windows NT CRT DLL", "EventData_Product": "Microsoft\u00ae Windows\u00ae Operating System", "EventData_Company": "Microsoft Corporation", "EventData_OriginalFileName": "msvcrt.dll", "EventData_Hashes": "SHA1=E75752978EDC470752DE9627A498794393C3B8EB,MD5=0DAA0D9DC786F95C8DC2CCC0221B2863,SHA256=279A03ACC810C1FE613BE283EB24762F0451DA9A6142ED3DC996A1D10FE2F692,IMPHASH=C3F466EF7F4926CB29A80701AE643FD4", "EventData_Signed": "true", "EventData_Signature": "Microsoft Windows", "EventData_SignatureStatus": "Valid", "EventData_User": "DESKTOP-P5C3MUD\\user"}
{"Provider_Name": "Microsoft-Windows-Sysmon", "Provider_Guid": "{5770385f-c22a-43e0-bf4c-06f5698ffbd9}", "Provider": null, "EventID_Qualifiers": "", "EventID": "5", "Version": "3", "Level": "4", "Task": "5", "Opcode": "0", "Keywords": "0x8000000000000000", "TimeCreated_SystemTime": "2023-09-27 04:33:05.356047", "TimeCreated": null, "EventRecordID": "29444", "Correlation_ActivityID": "", "Correlation_RelatedActivityID": "", "Correlation": null, "Execution_ProcessID": "3368", "Execution_ThreadID": "4984", "Execution": null, "Channel": "Microsoft-Windows-Sysmon/Operational", "Computer": "DESKTOP-P5C3MUD", "Security_UserID": "S-1-5-18", "Security": null, "EventData_RuleName": "-", "EventData_UtcTime": "2023-09-27 04:33:05.355", "EventData_ProcessGuid": "{4557fbaa-b07e-6513-8525-000000000c00}", "EventData_ProcessId": "7432", "EventData_Image": "E:\\Experiment\\Windows Hacker Attack Program\\6\\Bypass UAC\\Test.exe", "EventData_User": "DESKTOP-P5C3MUD\\user"}
{"Provider_Name": "Microsoft-Windows-Sysmon", "Provider_Guid": "{5770385f-c22a-43e0-bf4c-06f5698ffbd9}", "Provider": null, "EventID_Qualifiers": "", "EventID": "13", "Version": "2", "Level": "4", "Task": "13", "Opcode": "0", "Keywords": "0x8000000000000000", "TimeCreated_SystemTime": "2023-09-27 04:33:05.356155", "TimeCreated": null, "EventRecordID": "29445", "Correlation_ActivityID": "", "Correlation_RelatedActivityID": "", "Correlation": null, "Execution_ProcessID": "3368", "Execution_ThreadID": "4984", "Execution": null, "Channel": "Microsoft-Windows-Sysmon/Operational", "Computer": "DESKTOP-P5C3MUD", "Security_UserID": "S-1-5-18", "Security": null, "EventData_RuleName": "-", "EventData_EventType": "SetValue", "EventData_UtcTime": "2023-09-27 04:33:05.355", "EventData_ProcessGuid": "{4557fbaa-b07e-6513-8525-000000000c00}", "EventData_ProcessId": "7432", "EventData_Image": "E:\\Experiment\\Windows Hacker Attack Program\\6\\Bypass UAC\\Test.exe", "EventData_TargetObject": "HKLM\\System\\CurrentControlSet\\Services\\bam\\State\\UserSettings\\S-1-5-21-2994737283-653069417-2221972583-1001\\\\Device\\HarddiskVolume6\\Experiment\\Windows Hacker Attack Program\\6\\Bypass UAC\\Test.exe", "EventData_Details": "Binary Data", "EventData_User": "DESKTOP-P5C3MUD\\user"}
