{"Provider_Name": "Microsoft-Windows-Sysmon", "Provider_Guid": "{5770385f-c22a-43e0-bf4c-06f5698ffbd9}", "Provider": null, "EventID_Qualifiers": "", "EventID": "7", "Version": "3", "Level": "4", "Task": "7", "Opcode": "0", "Keywords": "0x8000000000000000", "TimeCreated_SystemTime": "2023-09-27 04:33:02.828890", "TimeCreated": null, "EventRecordID": "29288", "Correlation_ActivityID": "", "Correlation_RelatedActivityID": "", "Correlation": null, "Execution_ProcessID": "3368", "Execution_ThreadID": "4984", "Execution": null, "Channel": "Microsoft-Windows-Sysmon/Operational", "Computer": "DESKTOP-P5C3MUD", "Security_UserID": "S-1-5-18", "Security": null, "EventData_RuleName": "-", "EventData_UtcTime": "2023-09-27 04:33:02.828", "EventData_ProcessGuid": "{4557fbaa-b07e-6513-8a25-000000000c00}", "EventData_ProcessId": "8292", "EventData_Image": "C:\\Windows\\SysWOW64\\dllhost.exe", "EventData_ImageLoaded": "C:\\Windows\\SysWOW64\\ole32.dll", "EventData_FileVersion": "10.0.19041.2965 (WinBuild.160101.0800)", "EventData_Description": "Microsoft OLE for Windows", "EventData_Product": "Microsoft\u00ae Windows\u00ae Operating System", "EventData_Company": "Microsoft Corporation", "EventData_OriginalFileName": "OLE32.DLL", "EventData_Hashes": "SHA1=D0FB7120556F2B3DE0FE62097039801A1ECCCD5B,MD5=2D98EE760FDE367A9A5FE8B20647B051,SHA256=97E4541155602C572567C174ECE578B256D6D75519313651FA2B8DAB87AC3B63,IMPHASH=29778AA87C1475FFFDC1228742966A7F", "EventData_Signed": "true", "EventData_Signature": "Microsoft Windows", "EventData_SignatureStatus": "Valid", "EventData_User": "DESKTOP-P5C3MUD\\user"}
{"Provider_Name": "Microsoft-Windows-Sysmon", "Provider_Guid": "{5770385f-c22a-43e0-bf4c-06f5698ffbd9}", "Provider": null, "EventID_Qualifiers": "", "EventID": "7", "Version": "3", "Level": "4", "Task": "7", "Opcode": "0", "Keywords": "0x8000000000000000", "TimeCreated_SystemTime": "2023-09-27 04:33:02.829231", "TimeCreated": null, "EventRecordID": "29289", "Correlation_ActivityID": "", "Correlation_RelatedActivityID": "", "Correlation": null, "Execution_ProcessID": "3368", "Execution_ThreadID": "4984", "Execution": null, "Channel": "Microsoft-Windows-Sysmon/Operational", "Computer": "DESKTOP-P5C3MUD", "Security_UserID": "S-1-5-18", "Security": null, "EventData_RuleName": "-", "EventData_UtcTime": "2023-09-27 04:33:02.828", "EventData_ProcessGuid": "{4557fbaa-b07e-6513-8a25-000000000c00}", "EventData_ProcessId": "8292", "EventData_Image": "C:\\Windows\\SysWOW64\\dllhost.exe", "EventData_ImageLoaded": "C:\\Windows\\SysWOW64\\version.dll", "EventData_FileVersion": "10.0.19041.546 (WinBuild.160101.0800)", "EventData_Description": "Version Checking and File Installation Libraries", "EventData_Product": "Microsoft\u00ae Windows\u00ae Operating System", "EventData_Company": "Microsoft Corporation", "EventData_OriginalFileName": "VERSION.DLL", "EventData_Hashes": "SHA1=FB234C5AFA44388F6D4C8CFBF6090EAB0BF0C3F5,MD5=8EB300FCC7C8DAAD3716C6E53D4BE2FC,SHA256=747F954CFE4A42DE0683A6C74FE6CCE21EC67D72B681557C48ABE09A321CEA05,IMPHASH=950BA747DF1E77DF20CA4983A22E450B", "EventData_Signed": "true", "EventData_Signature": "Microsoft Windows", "EventData_SignatureStatus": "Valid", "EventData_User": "DESKTOP-P5C3MUD\\user"}
{"Provider_Name": "Microsoft-Windows-Sysmon", "Provider_Guid": "{5770385f-c22a-43e0-bf4c-06f5698ffbd9}", "Provider": null, "EventID_Qualifiers": "", "EventID": "7", "Version": "3", "Level": "4", "Task": "7", "Opcode": "0", "Keywords": "0x8000000000000000", "TimeCreated_SystemTime": "2023-09-27 04:33:02.830585", "TimeCreated": null, "EventRecordID": "29290", "Correlation_ActivityID": "", "Correlation_RelatedActivityID": "", "Correlation": null, "Execution_ProcessID": "3368", "Execution_ThreadID": "4984", "Execution": null, "Channel": "Microsoft-Windows-Sysmon/Operational", "Computer": "DESKTOP-P5C3MUD", "Security_UserID": "S-1-5-18", "Security": null, "EventData_RuleName": "-", "EventData_UtcTime": "2023-09-27 04:33:02.830", "EventData_ProcessGuid": "{4557fbaa-b07e-6513-8a25-000000000c00}", "EventData_ProcessId": "8292", "EventData_Image": "C:\\Windows\\SysWOW64\\dllhost.exe", "EventData_ImageLoaded": "C:\\Windows\\SysWOW64\\cmlua.dll", "EventData_FileVersion": "7.2.19041.1 (WinBuild.160101.0800)", "EventData_Description": "Connection Manager Admin API Helper", "EventData_Product": "Microsoft(R) Connection Manager", "EventData_Company": "Microsoft Corporation", "EventData_OriginalFileName": "CMLUA.DLL", "EventData_Hashes": "SHA1=536F60DA7DB4EB0EE19863405BE59A10F73913A4,MD5=982150AE441158CD3226E4BFF758F320,SHA256=84D354B08008323DADCE6A62746DB4D08ED09670A2A69636E452EEB87C0C8289,IMPHASH=3A0A431DAB919A456D2102D837D6D274", "EventData_Signed": "true", "EventData_Signature": "Microsoft Windows", "EventData_SignatureStatus": "Valid", "EventData_User": "DESKTOP-P5C3MUD\\user"}
{"Provider_Name": "Microsoft-Windows-Sysmon", "Provider_Guid": "{5770385f-c22a-43e0-bf4c-06f5698ffbd9}", "Provider": null, "EventID_Qualifiers": "", "EventID": "7", "Version": "3", "Level": "4", "Task": "7", "Opcode": "0", "Keywords": "0x8000000000000000", "TimeCreated_SystemTime": "2023-09-27 04:33:02.832159", "TimeCreated": null, "EventRecordID": "29291", "Correlation_ActivityID": "", "Correlation_RelatedActivityID": "", "Correlation": null, "Execution_ProcessID": "3368", "Execution_ThreadID": "4984", "Execution": null, "Channel": "Microsoft-Windows-Sysmon/Operational", "Computer": "DESKTOP-P5C3MUD", "Security_UserID": "S-1-5-18", "Security": null, "EventData_RuleName": "-", "EventData_UtcTime": "2023-09-27 04:33:02.831", "EventData_ProcessGuid": "{4557fbaa-b07e-6513-8725-000000000c00}", "EventData_ProcessId": "11840", "EventData_Image": "C:\\Windows\\SysWOW64\\rundll32.exe", "EventData_ImageLoaded": "C:\\Windows\\SysWOW64\\cmlua.dll", "EventData_FileVersion": "7.2.19041.1 (WinBuild.160101.0800)", "EventData_Description": "Connection Manager Admin API Helper", "EventData_Product": "Microsoft(R) Connection Manager", "EventData_Company": "Microsoft Corporation", "EventData_OriginalFileName": "CMLUA.DLL", "EventData_Hashes": "SHA1=536F60DA7DB4EB0EE19863405BE59A10F73913A4,MD5=982150AE441158CD3226E4BFF758F320,SHA256=84D354B08008323DADCE6A62746DB4D08ED09670A2A69636E452EEB87C0C8289,IMPHASH=3A0A431DAB919A456D2102D837D6D274", "EventData_Signed": "true", "EventData_Signature": "Microsoft Windows", "EventData_SignatureStatus": "Valid", "EventData_User": "DESKTOP-P5C3MUD\\user"}
{"Provider_Name": "Microsoft-Windows-Sysmon", "Provider_Guid": "{5770385f-c22a-43e0-bf4c-06f5698ffbd9}", "Provider": null, "EventID_Qualifiers": "", "EventID": "7", "Version": "3", "Level": "4", "Task": "7", "Opcode": "0", "Keywords": "0x8000000000000000", "TimeCreated_SystemTime": "2023-09-27 04:33:02.832409", "TimeCreated": null, "EventRecordID": "29292", "Correlation_ActivityID": "", "Correlation_RelatedActivityID": "", "Correlation": null, "Execution_ProcessID": "3368", "Execution_ThreadID": "4984", "Execution": null, "Channel": "Microsoft-Windows-Sysmon/Operational", "Computer": "DESKTOP-P5C3MUD", "Security_UserID": "S-1-5-18", "Security": null, "EventData_RuleName": "-", "EventData_UtcTime": "2023-09-27 04:33:02.832", "EventData_ProcessGuid": "{4557fbaa-b07e-6513-8725-000000000c00}", "EventData_ProcessId": "11840", "EventData_Image": "C:\\Windows\\SysWOW64\\rundll32.exe", "EventData_ImageLoaded": "C:\\Windows\\SysWOW64\\advapi32.dll", "EventData_FileVersion": "10.0.19041.3393 (WinBuild.160101.0800)", "EventData_Description": "Advanced Windows 32 Base API", "EventData_Product": "Microsoft\u00ae Windows\u00ae Operating System", "EventData_Company": "Microsoft Corporation", "EventData_OriginalFileName": "advapi32.dll", "EventData_Hashes": "SHA1=8AAD79A15A9A9DB4D315D8F7BC5D5FEA4203CA19,MD5=C479670B9CE1222FB7D086F38A86BC72,SHA256=45AF83A132CB37B6B9889A19813CCC61E96C3A21BB9DECBF99F6E804B11A884E,IMPHASH=B886D4EB85E07CE2A0E3D5AAE97C54C9", "EventData_Signed": "true", "EventData_Signature": "Microsoft Windows", "EventData_SignatureStatus": "Valid", "EventData_User": "DESKTOP-P5C3MUD\\user"}
{"Provider_Name": "Microsoft-Windows-Sysmon", "Provider_Guid": "{5770385f-c22a-43e0-bf4c-06f5698ffbd9}", "Provider": null, "EventID_Qualifiers": "", "EventID": "7", "Version": "3", "Level": "4", "Task": "7", "Opcode": "0", "Keywords": "0x8000000000000000", "TimeCreated_SystemTime": "2023-09-27 04:33:02.832611", "TimeCreated": null, "EventRecordID": "29293", "Correlation_ActivityID": "", "Correlation_RelatedActivityID": "", "Correlation": null, "Execution_ProcessID": "3368", "Execution_ThreadID": "4984", "Execution": null, "Channel": "Microsoft-Windows-Sysmon/Operational", "Computer": "DESKTOP-P5C3MUD", "Security_UserID": "S-1-5-18", "Security": null, "EventData_RuleName": "-", "EventData_UtcTime": "2023-09-27 04:33:02.832", "EventData_ProcessGuid": "{4557fbaa-b07e-6513-8725-000000000c00}", "EventData_ProcessId": "11840", "EventData_Image": "C:\\Windows\\SysWOW64\\rundll32.exe", "EventData_ImageLoaded": "C:\\Windows\\SysWOW64\\cmutil.dll", "EventData_FileVersion": "7.2.19041.1 (WinBuild.160101.0800)", "EventData_Description": "Microsoft Connection Manager Utility Lib", "EventData_Product": "Microsoft(R) Connection Manager", "EventData_Company": "Microsoft Corporation", "EventData_OriginalFileName": "CMUTIL.DLL", "EventData_Hashes": "SHA1=F2DA685C314A9CC07E0058514FACE8AC0EDEEAAC,MD5=9CFC5C7E355D292DBECC269F50DCAE24,SHA256=E16093F0D634A36C04A5BCEBB4FAF8EF4703C4059F58E51F4177ADEBC7DD1584,IMPHASH=07EDF7788B7811FEE77A38102CE915AB", "EventData_Signed": "true", "EventData_Signature": "Microsoft Windows", "EventData_SignatureStatus": "Valid", "EventData_User": "DESKTOP-P5C3MUD\\user"}
{"Provider_Name": "Microsoft-Windows-Sysmon", "Provider_Guid": "{5770385f-c22a-43e0-bf4c-06f5698ffbd9}", "Provider": null, "EventID_Qualifiers": "", "EventID": "7", "Version": "3", "Level": "4", "Task": "7", "Opcode": "0", "Keywords": "0x8000000000000000", "TimeCreated_SystemTime": "2023-09-27 04:33:02.832804", "TimeCreated": null, "EventRecordID": "29294", "Correlation_ActivityID": "", "Correlation_RelatedActivityID": "", "Correlation": null, "Execution_ProcessID": "3368", "Execution_ThreadID": "4984", "Execution": null, "Channel": "Microsoft-Windows-Sysmon/Operational", "Computer": "DESKTOP-P5C3MUD", "Security_UserID": "S-1-5-18", "Security": null, "EventData_RuleName": "-", "EventData_UtcTime": "2023-09-27 04:33:02.832", "EventData_ProcessGuid": "{4557fbaa-b07e-6513-8725-000000000c00}", "EventData_ProcessId": "11840", "EventData_Image": "C:\\Windows\\SysWOW64\\rundll32.exe", "EventData_ImageLoaded": "C:\\Windows\\SysWOW64\\version.dll", "EventData_FileVersion": "10.0.19041.546 (WinBuild.160101.0800)", "EventData_Description": "Version Checking and File Installation Libraries", "EventData_Product": "Microsoft\u00ae Windows\u00ae Operating System", "EventData_Company": "Microsoft Corporation", "EventData_OriginalFileName": "VERSION.DLL", "EventData_Hashes": "SHA1=FB234C5AFA44388F6D4C8CFBF6090EAB0BF0C3F5,MD5=8EB300FCC7C8DAAD3716C6E53D4BE2FC,SHA256=747F954CFE4A42DE0683A6C74FE6CCE21EC67D72B681557C48ABE09A321CEA05,IMPHASH=950BA747DF1E77DF20CA4983A22E450B", "EventData_Signed": "true", "EventData_Signature": "Microsoft Windows", "EventData_SignatureStatus": "Valid", "EventData_User": "DESKTOP-P5C3MUD\\user"}
{"Provider_Name": "Microsoft-Windows-Sysmon", "Provider_Guid": "{5770385f-c22a-43e0-bf4c-06f5698ffbd9}", "Provider": null, "EventID_Qualifiers": "", "EventID": "7", "Version": "3", "Level": "4", "Task": "7", "Opcode": "0", "Keywords": "0x8000000000000000", "TimeCreated_SystemTime": "2023-09-27 04:33:02.833969", "TimeCreated": null, "EventRecordID": "29295", "Correlation_ActivityID": "", "Correlation_RelatedActivityID": "", "Correlation": null, "Execution_ProcessID": "3368", "Execution_ThreadID": "4984", "Execution": null, "Channel": "Microsoft-Windows-Sysmon/Operational", "Computer": "DESKTOP-P5C3MUD", "Security_UserID": "S-1-5-18", "Security": null, "EventData_RuleName": "-", "EventData_UtcTime": "2023-09-27 04:33:02.833", "EventData_ProcessGuid": "{4557fbaa-b07e-6513-8a25-000000000c00}", "EventData_ProcessId": "8292", "EventData_Image": "C:\\Windows\\SysWOW64\\dllhost.exe", "EventData_ImageLoaded": "C:\\Windows\\SysWOW64\\SHCore.dll", "EventData_FileVersion": "10.0.19041.1645 (WinBuild.160101.0800)", "EventData_Description": "SHCORE", "EventData_Product": "Microsoft\u00ae Windows\u00ae Operating System", "EventData_Company": "Microsoft Corporation", "EventData_OriginalFileName": "SHCORE.dll", "EventData_Hashes": "SHA1=250DBB0FBDA2BFB4E03AFCB4C07C22B4AF1EECD9,MD5=2CE82BD239A502E5317D78978FCE3671,SHA256=66B6F29A092AB5B20DB60BD19F27816022F1775526B8E8848A4033DB80CA316A,IMPHASH=0DDCDD6020D74CA7555FB0D07CFD262B", "EventData_Signed": "true", "EventData_Signature": "Microsoft Windows", "EventData_SignatureStatus": "Valid", "EventData_User": "DESKTOP-P5C3MUD\\user"}
{"Provider_Name": "Microsoft-Windows-Sysmon", "Provider_Guid": "{5770385f-c22a-43e0-bf4c-06f5698ffbd9}", "Provider": null, "EventID_Qualifiers": "", "EventID": "7", "Version": "3", "Level": "4", "Task": "7", "Opcode": "0", "Keywords": "0x8000000000000000", "TimeCreated_SystemTime": "2023-09-27 04:33:02.834505", "TimeCreated": null, "EventRecordID": "29296", "Correlation_ActivityID": "", "Correlation_RelatedActivityID": "", "Correlation": null, "Execution_ProcessID": "3368", "Execution_ThreadID": "4984", "Execution": null, "Channel": "Microsoft-Windows-Sysmon/Operational", "Computer": "DESKTOP-P5C3MUD", "Security_UserID": "S-1-5-18", "Security": null, "EventData_RuleName": "-", "EventData_UtcTime": "2023-09-27 04:33:02.834", "EventData_ProcessGuid": "{4557fbaa-b07e-6513-8a25-000000000c00}", "EventData_ProcessId": "8292", "EventData_Image": "C:\\Windows\\SysWOW64\\dllhost.exe", "EventData_ImageLoaded": "C:\\Windows\\SysWOW64\\shlwapi.dll", "EventData_FileVersion": "10.0.19041.2075 (WinBuild.160101.0800)", "EventData_Description": "Shell Light-weight Utility Library", "EventData_Product": "Microsoft\u00ae Windows\u00ae Operating System", "EventData_Company": "Microsoft Corporation", "EventData_OriginalFileName": "SHLWAPI.DLL", "EventData_Hashes": "SHA1=EAB534D9FDF75EB3C08C026BB31FE423197F9CB6,MD5=AA94E5E3B47AF0B801CEA20185DC735E,SHA256=7DD506B7C39A12A383ED6B0F2F5C5ECE8E406893DCC4B877869AC4C1A8266D11,IMPHASH=69D5E7624245207078FE54B3CC3D1AC0", "EventData_Signed": "true", "EventData_Signature": "Microsoft Windows", "EventData_SignatureStatus": "Valid", "EventData_User": "DESKTOP-P5C3MUD\\user"}
{"Provider_Name": "Microsoft-Windows-Sysmon", "Provider_Guid": "{5770385f-c22a-43e0-bf4c-06f5698ffbd9}", "Provider": null, "EventID_Qualifiers": "", "EventID": "7", "Version": "3", "Level": "4", "Task": "7", "Opcode": "0", "Keywords": "0x8000000000000000", "TimeCreated_SystemTime": "2023-09-27 04:33:02.835125", "TimeCreated": null, "EventRecordID": "29297", "Correlation_ActivityID": "", "Correlation_RelatedActivityID": "", "Correlation": null, "Execution_ProcessID": "3368", "Execution_ThreadID": "4984", "Execution": null, "Channel": "Microsoft-Windows-Sysmon/Operational", "Computer": "DESKTOP-P5C3MUD", "Security_UserID": "S-1-5-18", "Security": null, "EventData_RuleName": "-", "EventData_UtcTime": "2023-09-27 04:33:02.834", "EventData_ProcessGuid": "{4557fbaa-b07e-6513-8a25-000000000c00}", "EventData_ProcessId": "8292", "EventData_Image": "C:\\Windows\\SysWOW64\\dllhost.exe", "EventData_ImageLoaded": "C:\\Windows\\SysWOW64\\windows.storage.dll", "EventData_FileVersion": "10.0.19041.3393 (WinBuild.160101.0800)", "EventData_Description": "Microsoft WinRT Storage API", "EventData_Product": "Microsoft\u00ae Windows\u00ae Operating System", "EventData_Company": "Microsoft Corporation", "EventData_OriginalFileName": "Windows.Storage.dll", "EventData_Hashes": "SHA1=D6D60732178C3217041D19B13F3CF726DA1DADAB,MD5=F97ACEEC17251928CFA31A95E303820D,SHA256=1F25C4A3099B75A4C5EE7670B7CED83A691AF3B74D12F1FCB0FCDD9A8AF62089,IMPHASH=6A606534006413D46D94744CC8620243", "EventData_Signed": "true", "EventData_Signature": "Microsoft Windows", "EventData_SignatureStatus": "Valid", "EventData_User": "DESKTOP-P5C3MUD\\user"}
{"Provider_Name": "Microsoft-Windows-Sysmon", "Provider_Guid": "{5770385f-c22a-43e0-bf4c-06f5698ffbd9}", "Provider": null, "EventID_Qualifiers": "", "EventID": "7", "Version": "3", "Level": "4", "Task": "7", "Opcode": "0", "Keywords": "0x8000000000000000", "TimeCreated_SystemTime": "2023-09-27 04:33:02.835382", "TimeCreated": null, "EventRecordID": "29298", "Correlation_ActivityID": "", "Correlation_RelatedActivityID": "", "Correlation": null, "Execution_ProcessID": "3368", "Execution_ThreadID": "4984", "Execution": null, "Channel": "Microsoft-Windows-Sysmon/Operational", "Computer": "DESKTOP-P5C3MUD", "Security_UserID": "S-1-5-18", "Security": null, "EventData_RuleName": "-", "EventData_UtcTime": "2023-09-27 04:33:02.835", "EventData_ProcessGuid": "{4557fbaa-b07e-6513-8a25-000000000c00}", "EventData_ProcessId": "8292", "EventData_Image": "C:\\Windows\\SysWOW64\\dllhost.exe", "EventData_ImageLoaded": "C:\\Windows\\SysWOW64\\wldp.dll", "EventData_FileVersion": "10.0.19041.3208 (WinBuild.160101.0800)", "EventData_Description": "Windows Lockdown Policy", "EventData_Product": "Microsoft\u00ae Windows\u00ae Operating System", "EventData_Company": "Microsoft Corporation", "EventData_OriginalFileName": "wldp.dll", "EventData_Hashes": "SHA1=ED5DC9EAEBF7DA28B441CCEBE2D643E9F9BBAD5A,MD5=841FEF896DA6602DC0A520E6F09B2F0C,SHA256=B0AE347B04037F0AE4EDE6616547C43ACD3F17EFF9D388779BAD261CB0637240,IMPHASH=99B6689EF11C269D31558670C853EC43", "EventData_Signed": "true", "EventData_Signature": "Microsoft Windows", "EventData_SignatureStatus": "Valid", "EventData_User": "DESKTOP-P5C3MUD\\user"}
{"Provider_Name": "Microsoft-Windows-Sysmon", "Provider_Guid": "{5770385f-c22a-43e0-bf4c-06f5698ffbd9}", "Provider": null, "EventID_Qualifiers": "", "EventID": "7", "Version": "3", "Level": "4", "Task": "7", "Opcode": "0", "Keywords": "0x8000000000000000", "TimeCreated_SystemTime": "2023-09-27 04:33:02.836529", "TimeCreated": null, "EventRecordID": "29299", "Correlation_ActivityID": "", "Correlation_RelatedActivityID": "", "Correlation": null, "Execution_ProcessID": "3368", "Execution_ThreadID": "4984", "Execution": null, "Channel": "Microsoft-Windows-Sysmon/Operational", "Computer": "DESKTOP-P5C3MUD", "Security_UserID": "S-1-5-18", "Security": null, "EventData_RuleName": "-", "EventData_UtcTime": "2023-09-27 04:33:02.836", "EventData_ProcessGuid": "{4557fbaa-b07e-6513-8a25-000000000c00}", "EventData_ProcessId": "8292", "EventData_Image": "C:\\Windows\\SysWOW64\\dllhost.exe", "EventData_ImageLoaded": "C:\\Windows\\SysWOW64\\propsys.dll", "EventData_FileVersion": "7.0.19041.1741 (WinBuild.160101.0800)", "EventData_Description": "Microsoft Property System", "EventData_Product": "Windows\u00ae Search", "EventData_Company": "Microsoft Corporation", "EventData_OriginalFileName": "propsys.dll", "EventData_Hashes": "SHA1=4C2EEB5581205EA2D8780FC87C9CD6C0F6B76B33,MD5=D0BE9998E409F4A9F626B32C920F7D0E,SHA256=E6C98E01CFAA30E063691A5A5ED1726B26E885DDB6DCE3ABED909C6DE893D20E,IMPHASH=26A7DB6941B6A1B05BD62D9DA1B5C3A2", "EventData_Signed": "true", "EventData_Signature": "Microsoft Windows", "EventData_SignatureStatus": "Valid", "EventData_User": "DESKTOP-P5C3MUD\\user"}
{"Provider_Name": "Microsoft-Windows-Sysmon", "Provider_Guid": "{5770385f-c22a-43e0-bf4c-06f5698ffbd9}", "Provider": null, "EventID_Qualifiers": "", "EventID": "7", "Version": "3", "Level": "4", "Task": "7", "Opcode": "0", "Keywords": "0x8000000000000000", "TimeCreated_SystemTime": "2023-09-27 04:33:02.837051", "TimeCreated": null, "EventRecordID": "29300", "Correlation_ActivityID": "", "Correlation_RelatedActivityID": "", "Correlation": null, "Execution_ProcessID": "3368", "Execution_ThreadID": "4984", "Execution": null, "Channel": "Microsoft-Windows-Sysmon/Operational", "Computer": "DESKTOP-P5C3MUD", "Security_UserID": "S-1-5-18", "Security": null, "EventData_RuleName": "-", "EventData_UtcTime": "2023-09-27 04:33:02.836", "EventData_ProcessGuid": "{4557fbaa-b07e-6513-8a25-000000000c00}", "EventData_ProcessId": "8292", "EventData_Image": "C:\\Windows\\SysWOW64\\dllhost.exe", "EventData_ImageLoaded": "C:\\Windows\\SysWOW64\\oleaut32.dll", "EventData_FileVersion": "10.0.19041.3208 (WinBuild.160101.0800)", "EventData_Description": "OLEAUT32.DLL", "EventData_Product": "Microsoft\u00ae Windows\u00ae Operating System", "EventData_Company": "Microsoft Corporation", "EventData_OriginalFileName": "OLEAUT32.DLL", "EventData_Hashes": "SHA1=8C11ED937D8C05B30876979C67372BF603CDA5F9,MD5=2D1322E5CE4586980675602C6E73BB01,SHA256=2EA46A4DA6A7A85D0403B7EABE7FC74D2DE806633B76F7693FB126C3FF7C3ECD,IMPHASH=B256CF51C33F5316420788FB85BA1531", "EventData_Signed": "true", "EventData_Signature": "Microsoft Windows", "EventData_SignatureStatus": "Valid", "EventData_User": "DESKTOP-P5C3MUD\\user"}
{"Provider_Name": "Microsoft-Windows-Sysmon", "Provider_Guid": "{5770385f-c22a-43e0-bf4c-06f5698ffbd9}", "Provider": null, "EventID_Qualifiers": "", "EventID": "7", "Version": "3", "Level": "4", "Task": "7", "Opcode": "0", "Keywords": "0x8000000000000000", "TimeCreated_SystemTime": "2023-09-27 04:33:02.840775", "TimeCreated": null, "EventRecordID": "29301", "Correlation_ActivityID": "", "Correlation_RelatedActivityID": "", "Correlation": null, "Execution_ProcessID": "3368", "Execution_ThreadID": "4984", "Execution": null, "Channel": "Microsoft-Windows-Sysmon/Operational", "Computer": "DESKTOP-P5C3MUD", "Security_UserID": "S-1-5-18", "Security": null, "EventData_RuleName": "-", "EventData_UtcTime": "2023-09-27 04:33:02.840", "EventData_ProcessGuid": "{4557fbaa-b07e-6513-8a25-000000000c00}", "EventData_ProcessId": "8292", "EventData_Image": "C:\\Windows\\SysWOW64\\dllhost.exe", "EventData_ImageLoaded": "C:\\Windows\\SysWOW64\\profapi.dll", "EventData_FileVersion": "10.0.19041.3155 (WinBuild.160101.0800)", "EventData_Description": "User Profile Basic API", "EventData_Product": "Microsoft\u00ae Windows\u00ae Operating System", "EventData_Company": "Microsoft Corporation", "EventData_OriginalFileName": "PROFAPI.DLL", "EventData_Hashes": "SHA1=A65F97117ABBA896D9976235E889BC0B51F894F9,MD5=138BE4F918828D5F07097355AED511E2,SHA256=351A99B44BF2135F4839BC38811F1EBF036381637C13BD380505B39E9AC50B61,IMPHASH=9316C5657859E2CD478276DF8244B5E4", "EventData_Signed": "true", "EventData_Signature": "Microsoft Windows", "EventData_SignatureStatus": "Valid", "EventData_User": "DESKTOP-P5C3MUD\\user"}
{"Provider_Name": "Microsoft-Windows-Sysmon", "Provider_Guid": "{5770385f-c22a-43e0-bf4c-06f5698ffbd9}", "Provider": null, "EventID_Qualifiers": "", "EventID": "7", "Version": "3", "Level": "4", "Task": "7", "Opcode": "0", "Keywords": "0x8000000000000000", "TimeCreated_SystemTime": "2023-09-27 04:33:02.842905", "TimeCreated": null, "EventRecordID": "29302", "Correlation_ActivityID": "", "Correlation_RelatedActivityID": "", "Correlation": null, "Execution_ProcessID": "3368", "Execution_ThreadID": "4984", "Execution": null, "Channel": "Microsoft-Windows-Sysmon/Operational", "Computer": "DESKTOP-P5C3MUD", "Security_UserID": "S-1-5-18", "Security": null, "EventData_RuleName": "-", "EventData_UtcTime": "2023-09-27 04:33:02.842", "EventData_ProcessGuid": "{4557fbaa-b07e-6513-8a25-000000000c00}", "EventData_ProcessId": "8292", "EventData_Image": "C:\\Windows\\SysWOW64\\dllhost.exe", "EventData_ImageLoaded": "C:\\Windows\\SysWOW64\\cfgmgr32.dll", "EventData_FileVersion": "10.0.19041.3155 (WinBuild.160101.0800)", "EventData_Description": "Configuration Manager DLL", "EventData_Product": "Microsoft\u00ae Windows\u00ae Operating System", "EventData_Company": "Microsoft Corporation", "EventData_OriginalFileName": "CFGMGR32.DLL", "EventData_Hashes": "SHA1=D760C1DFEFFD27A12D3447436B05548E4552AB3C,MD5=8A498D2293869B08D138888AFB6699BE,SHA256=98F86DABDE48B74BDC48118AA727DDE25C8A6EA7369D843692DD4281C22892CF,IMPHASH=BCAE3553D731BEB07A0959D30F946975", "EventData_Signed": "true", "EventData_Signature": "Microsoft Windows", "EventData_SignatureStatus": "Valid", "EventData_User": "DESKTOP-P5C3MUD\\user"}
{"Provider_Name": "Microsoft-Windows-Sysmon", "Provider_Guid": "{5770385f-c22a-43e0-bf4c-06f5698ffbd9}", "Provider": null, "EventID_Qualifiers": "", "EventID": "7", "Version": "3", "Level": "4", "Task": "7", "Opcode": "0", "Keywords": "0x8000000000000000", "TimeCreated_SystemTime": "2023-09-27 04:33:02.847708", "TimeCreated": null, "EventRecordID": "29303", "Correlation_ActivityID": "", "Correlation_RelatedActivityID": "", "Correlation": null, "Execution_ProcessID": "3368", "Execution_ThreadID": "4984", "Execution": null, "Channel": "Microsoft-Windows-Sysmon/Operational", "Computer": "DESKTOP-P5C3MUD", "Security_UserID": "S-1-5-18", "Security": null, "EventData_RuleName": "-", "EventData_UtcTime": "2023-09-27 04:33:02.847", "EventData_ProcessGuid": "{4557fbaa-b07e-6513-8a25-000000000c00}", "EventData_ProcessId": "8292", "EventData_Image": "C:\\Windows\\SysWOW64\\dllhost.exe", "EventData_ImageLoaded": "C:\\Windows\\SysWOW64\\Windows.StateRepositoryPS.dll", "EventData_FileVersion": "10.0.19041.3155 (WinBuild.160101.0800)", "EventData_Description": "Windows StateRepository Proxy/Stub Server", "EventData_Product": "Microsoft\u00ae Windows\u00ae Operating System", "EventData_Company": "Microsoft Corporation", "EventData_OriginalFileName": "Windows.StateRepositoryPS.dll", "EventData_Hashes": "SHA1=6FE7FAD065A1D86F62369978366D647716B7793B,MD5=B84C4F8715C689B657586393C8FAA7AD,SHA256=B6F501125C12B6D1786148FE27164F62396B6BDA597490DACA0628FB9C5EAB35,IMPHASH=EDE64A9585285F1ECFE7244992F4C65D", "EventData_Signed": "true", "EventData_Signature": "Microsoft Windows", "EventData_SignatureStatus": "Valid", "EventData_User": "DESKTOP-P5C3MUD\\user"}
{"Provider_Name": "Microsoft-Windows-Sysmon", "Provider_Guid": "{5770385f-c22a-43e0-bf4c-06f5698ffbd9}", "Provider": null, "EventID_Qualifiers": "", "EventID": "7", "Version": "3", "Level": "4", "Task": "7", "Opcode": "0", "Keywords": "0x8000000000000000", "TimeCreated_SystemTime": "2023-09-27 04:33:02.885857", "TimeCreated": null, "EventRecordID": "29304", "Correlation_ActivityID": "", "Correlation_RelatedActivityID": "", "Correlation": null, "Execution_ProcessID": "3368", "Execution_ThreadID": "4984", "Execution": null, "Channel": "Microsoft-Windows-Sysmon/Operational", "Computer": "DESKTOP-P5C3MUD", "Security_UserID": "S-1-5-18", "Security": null, "EventData_RuleName": "-", "EventData_UtcTime": "2023-09-27 04:33:02.885", "EventData_ProcessGuid": "{4557fbaa-b07e-6513-8a25-000000000c00}", "EventData_ProcessId": "8292", "EventData_Image": "C:\\Windows\\SysWOW64\\dllhost.exe", "EventData_ImageLoaded": "C:\\Windows\\SysWOW64\\WinTypes.dll", "EventData_FileVersion": "10.0.19041.3393 (WinBuild.160101.0800)", "EventData_Description": "Windows Base Types DLL", "EventData_Product": "Microsoft\u00ae Windows\u00ae Operating System", "EventData_Company": "Microsoft Corporation", "EventData_OriginalFileName": "WinTypes.dll", "EventData_Hashes": "SHA1=0FAFB0305C22BAC143F201639096EC1BA99D9534,MD5=2BEED50EA561C1D3EE0E5AA34D2B2F8A,SHA256=DC167406A908E9B9A2A91441B4F9E5C4F7DC5435DDF4A3DF2FDC5113FBB27376,IMPHASH=9F479C3B39D1F92F7C9F8F8D2761662D", "EventData_Signed": "true", "EventData_Signature": "Microsoft Windows", "EventData_SignatureStatus": "Valid", "EventData_User": "DESKTOP-P5C3MUD\\user"}
{"Provider_Name": "Microsoft-Windows-Sysmon", "Provider_Guid": "{5770385f-c22a-43e0-bf4c-06f5698ffbd9}", "Provider": null, "EventID_Qualifiers": "", "EventID": "7", "Version": "3", "Level": "4", "Task": "7", "Opcode": "0", "Keywords": "0x8000000000000000", "TimeCreated_SystemTime": "2023-09-27 04:33:02.892857", "TimeCreated": null, "EventRecordID": "29305", "Correlation_ActivityID": "", "Correlation_RelatedActivityID": "", "Correlation": null, "Execution_ProcessID": "3368", "Execution_ThreadID": "4984", "Execution": null, "Channel": "Microsoft-Windows-Sysmon/Operational", "Computer": "DESKTOP-P5C3MUD", "Security_UserID": "S-1-5-18", "Security": null, "EventData_RuleName": "-", "EventData_UtcTime": "2023-09-27 04:33:02.892", "EventData_ProcessGuid": "{4557fbaa-b07e-6513-8a25-000000000c00}", "EventData_ProcessId": "8292", "EventData_Image": "C:\\Windows\\SysWOW64\\dllhost.exe", "EventData_ImageLoaded": "C:\\Windows\\SysWOW64\\edputil.dll", "EventData_FileVersion": "10.0.19041.546 (WinBuild.160101.0800)", "EventData_Description": "EDP util", "EventData_Product": "Microsoft\u00ae Windows\u00ae Operating System", "EventData_Company": "Microsoft Corporation", "EventData_OriginalFileName": "EDPUTIL.DLL", "EventData_Hashes": "SHA1=62A8C57F2265ACCAA6FC5F56E93E67F041F9B705,MD5=ECED15665B33388155185E1D98FADC92,SHA256=B746E3FB47912A14E469109D6A5A0E2980A8F25F7B32AD8CFEBA8FEC3C7C8D62,IMPHASH=171D1EA50A24EB69B0039D5D15FB9236", "EventData_Signed": "true", "EventData_Signature": "Microsoft Windows", "EventData_SignatureStatus": "Valid", "EventData_User": "DESKTOP-P5C3MUD\\user"}
{"Provider_Name": "Microsoft-Windows-Sysmon", "Provider_Guid": "{5770385f-c22a-43e0-bf4c-06f5698ffbd9}", "Provider": null, "EventID_Qualifiers": "", "EventID": "7", "Version": "3", "Level": "4", "Task": "7", "Opcode": "0", "Keywords": "0x8000000000000000", "TimeCreated_SystemTime": "2023-09-27 04:33:02.893461", "TimeCreated": null, "EventRecordID": "29306", "Correlation_ActivityID": "", "Correlation_RelatedActivityID": "", "Correlation": null, "Execution_ProcessID": "3368", "Execution_ThreadID": "4984", "Execution": null, "Channel": "Microsoft-Windows-Sysmon/Operational", "Computer": "DESKTOP-P5C3MUD", "Security_UserID": "S-1-5-18", "Security": null, "EventData_RuleName": "-", "EventData_UtcTime": "2023-09-27 04:33:02.893", "EventData_ProcessGuid": "{4557fbaa-b07e-6513-8a25-000000000c00}", "EventData_ProcessId": "8292", "EventData_Image": "C:\\Windows\\SysWOW64\\dllhost.exe", "EventData_ImageLoaded": "C:\\Windows\\SysWOW64\\urlmon.dll", "EventData_FileVersion": "11.00.19041.3448 (WinBuild.160101.0800)", "EventData_Description": "OLE32 Extensions for Win32", "EventData_Product": "Internet Explorer", "EventData_Company": "Microsoft Corporation", "EventData_OriginalFileName": "UrlMon.dll", "EventData_Hashes": "SHA1=C309F481423E6239A2CFE11739E58C87E0DD2A9B,MD5=F4D5DC07CC376B96FADF1201D053A628,SHA256=38457520ED6984AFF72E7156922669F58EAAE96B06500EEA99235D025C670314,IMPHASH=240508A429EE4859A698334E13972340", "EventData_Signed": "true", "EventData_Signature": "Microsoft Windows", "EventData_SignatureStatus": "Valid", "EventData_User": "DESKTOP-P5C3MUD\\user"}
{"Provider_Name": "Microsoft-Windows-Sysmon", "Provider_Guid": "{5770385f-c22a-43e0-bf4c-06f5698ffbd9}", "Provider": null, "EventID_Qualifiers": "", "EventID": "7", "Version": "3", "Level": "4", "Task": "7", "Opcode": "0", "Keywords": "0x8000000000000000", "TimeCreated_SystemTime": "2023-09-27 04:33:02.893888", "TimeCreated": null, "EventRecordID": "29307", "Correlation_ActivityID": "", "Correlation_RelatedActivityID": "", "Correlation": null, "Execution_ProcessID": "3368", "Execution_ThreadID": "4984", "Execution": null, "Channel": "Microsoft-Windows-Sysmon/Operational", "Computer": "DESKTOP-P5C3MUD", "Security_UserID": "S-1-5-18", "Security": null, "EventData_RuleName": "-", "EventData_UtcTime": "2023-09-27 04:33:02.893", "EventData_ProcessGuid": "{4557fbaa-b07e-6513-8a25-000000000c00}", "EventData_ProcessId": "8292", "EventData_Image": "C:\\Windows\\SysWOW64\\dllhost.exe", "EventData_ImageLoaded": "C:\\Windows\\SysWOW64\\iertutil.dll", "EventData_FileVersion": "11.00.19041.3324 (WinBuild.160101.0800)", "EventData_Description": "Run time utility for Internet Explorer", "EventData_Product": "Internet Explorer", "EventData_Company": "Microsoft Corporation", "EventData_OriginalFileName": "IeRtUtil.dll", "EventData_Hashes": "SHA1=66FBBCF001839B956799ED7FF55AA7849AAE99EB,MD5=B005BC2F29B9C0FCDA85D2CA826320D3,SHA256=2354B8B55E8E537BB52546EF4518E3C335E3935097554DBC88F296D66B4F1DF6,IMPHASH=CC1C505E95B06D3065C606704B311EEB", "EventData_Signed": "true", "EventData_Signature": "Microsoft Windows", "EventData_SignatureStatus": "Valid", "EventData_User": "DESKTOP-P5C3MUD\\user"}
{"Provider_Name": "Microsoft-Windows-Sysmon", "Provider_Guid": "{5770385f-c22a-43e0-bf4c-06f5698ffbd9}", "Provider": null, "EventID_Qualifiers": "", "EventID": "7", "Version": "3", "Level": "4", "Task": "7", "Opcode": "0", "Keywords": "0x8000000000000000", "TimeCreated_SystemTime": "2023-09-27 04:33:02.894093", "TimeCreated": null, "EventRecordID": "29308", "Correlation_ActivityID": "", "Correlation_RelatedActivityID": "", "Correlation": null, "Execution_ProcessID": "3368", "Execution_ThreadID": "4984", "Execution": null, "Channel": "Microsoft-Windows-Sysmon/Operational", "Computer": "DESKTOP-P5C3MUD", "Security_UserID": "S-1-5-18", "Security": null, "EventData_RuleName": "-", "EventData_UtcTime": "2023-09-27 04:33:02.893", "EventData_ProcessGuid": "{4557fbaa-b07e-6513-8a25-000000000c00}", "EventData_ProcessId": "8292", "EventData_Image": "C:\\Windows\\SysWOW64\\dllhost.exe", "EventData_ImageLoaded": "C:\\Windows\\SysWOW64\\srvcli.dll", "EventData_FileVersion": "10.0.19041.3155 (WinBuild.160101.0800)", "EventData_Description": "Server Service Client DLL", "EventData_Product": "Microsoft\u00ae Windows\u00ae Operating System", "EventData_Company": "Microsoft Corporation", "EventData_OriginalFileName": "SRVCLI.DLL", "EventData_Hashes": "SHA1=BE2398496A6FE95DFEC335366887603C49EB968D,MD5=2844F21C6E9A3A6744B1ED09FEE87C13,SHA256=CA232D1F9B6B16328C5AA9C272269459401E14AEDA09C07E6170F595F6F1A3D3,IMPHASH=17696D08C24E5A478060B81A894D8529", "EventData_Signed": "true", "EventData_Signature": "Microsoft Windows", "EventData_SignatureStatus": "Valid", "EventData_User": "DESKTOP-P5C3MUD\\user"}
{"Provider_Name": "Microsoft-Windows-Sysmon", "Provider_Guid": "{5770385f-c22a-43e0-bf4c-06f5698ffbd9}", "Provider": null, "EventID_Qualifiers": "", "EventID": "7", "Version": "3", "Level": "4", "Task": "7", "Opcode": "0", "Keywords": "0x8000000000000000", "TimeCreated_SystemTime": "2023-09-27 04:33:02.894297", "TimeCreated": null, "EventRecordID": "29309", "Correlation_ActivityID": "", "Correlation_RelatedActivityID": "", "Correlation": null, "Execution_ProcessID": "3368", "Execution_ThreadID": "4984", "Execution": null, "Channel": "Microsoft-Windows-Sysmon/Operational", "Computer": "DESKTOP-P5C3MUD", "Security_UserID": "S-1-5-18", "Security": null, "EventData_RuleName": "-", "EventData_UtcTime": "2023-09-27 04:33:02.893", "EventData_ProcessGuid": "{4557fbaa-b07e-6513-8a25-000000000c00}", "EventData_ProcessId": "8292", "EventData_Image": "C:\\Windows\\SysWOW64\\dllhost.exe", "EventData_ImageLoaded": "C:\\Windows\\SysWOW64\\netutils.dll", "EventData_FileVersion": "10.0.19041.1466 (WinBuild.160101.0800)", "EventData_Description": "Net Win32 API Helpers DLL", "EventData_Product": "Microsoft\u00ae Windows\u00ae Operating System", "EventData_Company": "Microsoft Corporation", "EventData_OriginalFileName": "NETUTILS.DLL", "EventData_Hashes": "SHA1=B971FBEEAC2B156B6A8879BB5A84C708F19B2E1D,MD5=BF8876BCF653CBBBE25B9F839714EDEE,SHA256=C3B0ABFF9294EBB0545A1295F6DBC483CB0F29BEE1647917A2897B1F088E2B6B,IMPHASH=27B3D4DB18CEDDD65F4834C6B9F1A77A", "EventData_Signed": "true", "EventData_Signature": "Microsoft Windows", "EventData_SignatureStatus": "Valid", "EventData_User": "DESKTOP-P5C3MUD\\user"}
{"Provider_Name": "Microsoft-Windows-Sysmon", "Provider_Guid": "{5770385f-c22a-43e0-bf4c-06f5698ffbd9}", "Provider": null, "EventID_Qualifiers": "", "EventID": "12", "Version": "2", "Level": "4", "Task": "12", "Opcode": "0", "Keywords": "0x8000000000000000", "TimeCreated_SystemTime": "2023-09-27 04:33:02.895256", "TimeCreated": null, "EventRecordID": "29310", "Correlation_ActivityID": "", "Correlation_RelatedActivityID": "", "Correlation": null, "Execution_ProcessID": "3368", "Execution_ThreadID": "4984", "Execution": null, "Channel": "Microsoft-Windows-Sysmon/Operational", "Computer": "DESKTOP-P5C3MUD", "Security_UserID": "S-1-5-18", "Security": null, "EventData_RuleName": "-", "EventData_EventType": "CreateKey", "EventData_UtcTime": "2023-09-27 04:33:02.895", "EventData_ProcessGuid": "{4557fbaa-b07e-6513-8a25-000000000c00}", "EventData_ProcessId": "8292", "EventData_Image": "C:\\Windows\\SysWOW64\\DllHost.exe", "EventData_TargetObject": "HKU\\S-1-5-21-2994737283-653069417-2221972583-1001\\SOFTWARE\\Microsoft\\Windows\\CurrentVersion\\Internet Settings\\ZoneMap", "EventData_User": "DESKTOP-P5C3MUD\\user"}
{"Provider_Name": "Microsoft-Windows-Sysmon", "Provider_Guid": "{5770385f-c22a-43e0-bf4c-06f5698ffbd9}", "Provider": null, "EventID_Qualifiers": "", "EventID": "7", "Version": "3", "Level": "4", "Task": "7", "Opcode": "0", "Keywords": "0x8000000000000000", "TimeCreated_SystemTime": "2023-09-27 04:33:02.895817", "TimeCreated": null, "EventRecordID": "29311", "Correlation_ActivityID": "", "Correlation_RelatedActivityID": "", "Correlation": null, "Execution_ProcessID": "3368", "Execution_ThreadID": "4984", "Execution": null, "Channel": "Microsoft-Windows-Sysmon/Operational", "Computer": "DESKTOP-P5C3MUD", "Security_UserID": "S-1-5-18", "Security": null, "EventData_RuleName": "-", "EventData_UtcTime": "2023-09-27 04:33:02.895", "EventData_ProcessGuid": "{4557fbaa-b07e-6513-8a25-000000000c00}", "EventData_ProcessId": "8292", "EventData_Image": "C:\\Windows\\SysWOW64\\dllhost.exe", "EventData_ImageLoaded": "C:\\Windows\\SysWOW64\\sspicli.dll", "EventData_FileVersion": "10.0.19041.3393 (WinBuild.160101.0800)", "EventData_Description": "Security Support Provider Interface", "EventData_Product": "Microsoft\u00ae Windows\u00ae Operating System", "EventData_Company": "Microsoft Corporation", "EventData_OriginalFileName": "security.dll", "EventData_Hashes": "SHA1=C0DDDE002A37969283D71421044348D3E5DB59DC,MD5=2A137EDEE727F5E1F526B34E5290211D,SHA256=9207DA7BCBFC73066487BB182910B0EBA23185E6806CC88A80F64562FD4710A0,IMPHASH=6D3B6BCF49F41B18A29B95CF2230F0A5", "EventData_Signed": "true", "EventData_Signature": "Microsoft Windows", "EventData_SignatureStatus": "Valid", "EventData_User": "DESKTOP-P5C3MUD\\user"}
{"Provider_Name": "Microsoft-Windows-Sysmon", "Provider_Guid": "{5770385f-c22a-43e0-bf4c-06f5698ffbd9}", "Provider": null, "EventID_Qualifiers": "", "EventID": "10", "Version": "3", "Level": "4", "Task": "10", "Opcode": "0", "Keywords": "0x8000000000000000", "TimeCreated_SystemTime": "2023-09-27 04:33:02.896040", "TimeCreated": null, "EventRecordID": "29312", "Correlation_ActivityID": "", "Correlation_RelatedActivityID": "", "Correlation": null, "Execution_ProcessID": "3368", "Execution_ThreadID": "4984", "Execution": null, "Channel": "Microsoft-Windows-Sysmon/Operational", "Computer": "DESKTOP-P5C3MUD", "Security_UserID": "S-1-5-18", "Security": null, "EventData_RuleName": "-", "EventData_UtcTime": "2023-09-27 04:33:02.895", "EventData_SourceProcessGUID": "{4557fbaa-e7c4-6502-0c00-000000000c00}", "EventData_SourceProcessId": "700", "EventData_SourceThreadId": "824", "EventData_SourceImage": "C:\\Windows\\system32\\lsass.exe", "EventData_TargetProcessGUID": "{4557fbaa-b07e-6513-8a25-000000000c00}", "EventData_TargetProcessId": "8292", "EventData_TargetImage": "C:\\Windows\\SysWOW64\\DllHost.exe", "EventData_GrantedAccess": "0x00001478", "EventData_CallTrace": "C:\\Windows\\SYSTEM32\\ntdll.dll+9d314|C:\\Windows\\system32\\lsasrv.dll+bb32|C:\\Windows\\system32\\lsasrv.dll+bf50|C:\\Windows\\system32\\lsasrv.dll+c31b|C:\\Windows\\SYSTEM32\\SspiSrv.dll+1a82|C:\\Windows\\System32\\RPCRT4.dll+7b4b3|C:\\Windows\\System32\\RPCRT4.dll+7a282|C:\\Windows\\System32\\RPCRT4.dll+1e1ca|C:\\Windows\\System32\\RPCRT4.dll+5dfda|C:\\Windows\\System32\\RPCRT4.dll+59188|C:\\Windows\\System32\\RPCRT4.dll+3a3a6|C:\\Windows\\System32\\RPCRT4.dll+39cf8|C:\\Windows\\System32\\RPCRT4.dll+474bf|C:\\Windows\\System32\\RPCRT4.dll+468c8|C:\\Windows\\System32\\RPCRT4.dll+45eb1|C:\\Windows\\System32\\RPCRT4.dll+4591e|C:\\Windows\\System32\\RPCRT4.dll+4a032|C:\\Windows\\SYSTEM32\\ntdll.dll+20330|C:\\Windows\\SYSTEM32\\ntdll.dll+52f86|C:\\Windows\\System32\\KERNEL32.DLL+17344|C:\\Windows\\SYSTEM32\\ntdll.dll+526b1", "EventData_SourceUser": "NT AUTHORITY\\SYSTEM", "EventData_TargetUser": "DESKTOP-P5C3MUD\\user"}
{"Provider_Name": "Microsoft-Windows-Sysmon", "Provider_Guid": "{5770385f-c22a-43e0-bf4c-06f5698ffbd9}", "Provider": null, "EventID_Qualifiers": "", "EventID": "13", "Version": "2", "Level": "4", "Task": "13", "Opcode": "0", "Keywords": "0x8000000000000000", "TimeCreated_SystemTime": "2023-09-27 04:33:02.896442", "TimeCreated": null, "EventRecordID": "29313", "Correlation_ActivityID": "", "Correlation_RelatedActivityID": "", "Correlation": null, "Execution_ProcessID": "3368", "Execution_ThreadID": "4984", "Execution": null, "Channel": "Microsoft-Windows-Sysmon/Operational", "Computer": "DESKTOP-P5C3MUD", "Security_UserID": "S-1-5-18", "Security": null, "EventData_RuleName": "-", "EventData_EventType": "SetValue", "EventData_UtcTime": "2023-09-27 04:33:02.896", "EventData_ProcessGuid": "{4557fbaa-b07e-6513-8a25-000000000c00}", "EventData_ProcessId": "8292", "EventData_Image": "C:\\Windows\\SysWOW64\\DllHost.exe", "EventData_TargetObject": "HKU\\S-1-5-21-2994737283-653069417-2221972583-1001\\SOFTWARE\\Microsoft\\Windows\\CurrentVersion\\Internet Settings\\ZoneMap\\ProxyBypass", "EventData_Details": "DWORD (0x00000001)", "EventData_User": "DESKTOP-P5C3MUD\\user"}
{"Provider_Name": "Microsoft-Windows-Sysmon", "Provider_Guid": "{5770385f-c22a-43e0-bf4c-06f5698ffbd9}", "Provider": null, "EventID_Qualifiers": "", "EventID": "13", "Version": "2", "Level": "4", "Task": "13", "Opcode": "0", "Keywords": "0x8000000000000000", "TimeCreated_SystemTime": "2023-09-27 04:33:02.896469", "TimeCreated": null, "EventRecordID": "29314", "Correlation_ActivityID": "", "Correlation_RelatedActivityID": "", "Correlation": null, "Execution_ProcessID": "3368", "Execution_ThreadID": "4984", "Execution": null, "Channel": "Microsoft-Windows-Sysmon/Operational", "Computer": "DESKTOP-P5C3MUD", "Security_UserID": "S-1-5-18", "Security": null, "EventData_RuleName": "-", "EventData_EventType": "SetValue", "EventData_UtcTime": "2023-09-27 04:33:02.896", "EventData_ProcessGuid": "{4557fbaa-b07e-6513-8a25-000000000c00}", "EventData_ProcessId": "8292", "EventData_Image": "C:\\Windows\\SysWOW64\\DllHost.exe", "EventData_TargetObject": "HKU\\S-1-5-21-2994737283-653069417-2221972583-1001\\SOFTWARE\\Microsoft\\Windows\\CurrentVersion\\Internet Settings\\ZoneMap\\IntranetName", "EventData_Details": "DWORD (0x00000001)", "EventData_User": "DESKTOP-P5C3MUD\\user"}
{"Provider_Name": "Microsoft-Windows-Sysmon", "Provider_Guid": "{5770385f-c22a-43e0-bf4c-06f5698ffbd9}", "Provider": null, "EventID_Qualifiers": "", "EventID": "13", "Version": "2", "Level": "4", "Task": "13", "Opcode": "0", "Keywords": "0x8000000000000000", "TimeCreated_SystemTime": "2023-09-27 04:33:02.896492", "TimeCreated": null, "EventRecordID": "29315", "Correlation_ActivityID": "", "Correlation_RelatedActivityID": "", "Correlation": null, "Execution_ProcessID": "3368", "Execution_ThreadID": "4984", "Execution": null, "Channel": "Microsoft-Windows-Sysmon/Operational", "Computer": "DESKTOP-P5C3MUD", "Security_UserID": "S-1-5-18", "Security": null, "EventData_RuleName": "-", "EventData_EventType": "SetValue", "EventData_UtcTime": "2023-09-27 04:33:02.896", "EventData_ProcessGuid": "{4557fbaa-b07e-6513-8a25-000000000c00}", "EventData_ProcessId": "8292", "EventData_Image": "C:\\Windows\\SysWOW64\\DllHost.exe", "EventData_TargetObject": "HKU\\S-1-5-21-2994737283-653069417-2221972583-1001\\SOFTWARE\\Microsoft\\Windows\\CurrentVersion\\Internet Settings\\ZoneMap\\UNCAsIntranet", "EventData_Details": "DWORD (0x00000001)", "EventData_User": "DESKTOP-P5C3MUD\\user"}
{"Provider_Name": "Microsoft-Windows-Sysmon", "Provider_Guid": "{5770385f-c22a-43e0-bf4c-06f5698ffbd9}", "Provider": null, "EventID_Qualifiers": "", "EventID": "13", "Version": "2", "Level": "4", "Task": "13", "Opcode": "0", "Keywords": "0x8000000000000000", "TimeCreated_SystemTime": "2023-09-27 04:33:02.896517", "TimeCreated": null, "EventRecordID": "29316", "Correlation_ActivityID": "", "Correlation_RelatedActivityID": "", "Correlation": null, "Execution_ProcessID": "3368", "Execution_ThreadID": "4984", "Execution": null, "Channel": "Microsoft-Windows-Sysmon/Operational", "Computer": "DESKTOP-P5C3MUD", "Security_UserID": "S-1-5-18", "Security": null, "EventData_RuleName": "-", "EventData_EventType": "SetValue", "EventData_UtcTime": "2023-09-27 04:33:02.896", "EventData_ProcessGuid": "{4557fbaa-b07e-6513-8a25-000000000c00}", "EventData_ProcessId": "8292", "EventData_Image": "C:\\Windows\\SysWOW64\\DllHost.exe", "EventData_TargetObject": "HKU\\S-1-5-21-2994737283-653069417-2221972583-1001\\SOFTWARE\\Microsoft\\Windows\\CurrentVersion\\Internet Settings\\ZoneMap\\AutoDetect", "EventData_Details": "DWORD (0x00000000)", "EventData_User": "DESKTOP-P5C3MUD\\user"}
{"Provider_Name": "Microsoft-Windows-Sysmon", "Provider_Guid": "{5770385f-c22a-43e0-bf4c-06f5698ffbd9}", "Provider": null, "EventID_Qualifiers": "", "EventID": "13", "Version": "2", "Level": "4", "Task": "13", "Opcode": "0", "Keywords": "0x8000000000000000", "TimeCreated_SystemTime": "2023-09-27 04:33:02.896843", "TimeCreated": null, "EventRecordID": "29317", "Correlation_ActivityID": "", "Correlation_RelatedActivityID": "", "Correlation": null, "Execution_ProcessID": "3368", "Execution_ThreadID": "4984", "Execution": null, "Channel": "Microsoft-Windows-Sysmon/Operational", "Computer": "DESKTOP-P5C3MUD", "Security_UserID": "S-1-5-18", "Security": null, "EventData_RuleName": "-", "EventData_EventType": "SetValue", "EventData_UtcTime": "2023-09-27 04:33:02.896", "EventData_ProcessGuid": "{4557fbaa-b07e-6513-8a25-000000000c00}", "EventData_ProcessId": "8292", "EventData_Image": "C:\\Windows\\SysWOW64\\DllHost.exe", "EventData_TargetObject": "HKU\\S-1-5-21-2994737283-653069417-2221972583-1001\\SOFTWARE\\Microsoft\\Windows\\CurrentVersion\\Internet Settings\\ZoneMap\\ProxyBypass", "EventData_Details": "DWORD (0x00000001)", "EventData_User": "DESKTOP-P5C3MUD\\user"}
{"Provider_Name": "Microsoft-Windows-Sysmon", "Provider_Guid": "{5770385f-c22a-43e0-bf4c-06f5698ffbd9}", "Provider": null, "EventID_Qualifiers": "", "EventID": "13", "Version": "2", "Level": "4", "Task": "13", "Opcode": "0", "Keywords": "0x8000000000000000", "TimeCreated_SystemTime": "2023-09-27 04:33:02.896866", "TimeCreated": null, "EventRecordID": "29318", "Correlation_ActivityID": "", "Correlation_RelatedActivityID": "", "Correlation": null, "Execution_ProcessID": "3368", "Execution_ThreadID": "4984", "Execution": null, "Channel": "Microsoft-Windows-Sysmon/Operational", "Computer": "DESKTOP-P5C3MUD", "Security_UserID": "S-1-5-18", "Security": null, "EventData_RuleName": "-", "EventData_EventType": "SetValue", "EventData_UtcTime": "2023-09-27 04:33:02.896", "EventData_ProcessGuid": "{4557fbaa-b07e-6513-8a25-000000000c00}", "EventData_ProcessId": "8292", "EventData_Image": "C:\\Windows\\SysWOW64\\DllHost.exe", "EventData_TargetObject": "HKU\\S-1-5-21-2994737283-653069417-2221972583-1001\\SOFTWARE\\Microsoft\\Windows\\CurrentVersion\\Internet Settings\\ZoneMap\\IntranetName", "EventData_Details": "DWORD (0x00000001)", "EventData_User": "DESKTOP-P5C3MUD\\user"}
{"Provider_Name": "Microsoft-Windows-Sysmon", "Provider_Guid": "{5770385f-c22a-43e0-bf4c-06f5698ffbd9}", "Provider": null, "EventID_Qualifiers": "", "EventID": "13", "Version": "2", "Level": "4", "Task": "13", "Opcode": "0", "Keywords": "0x8000000000000000", "TimeCreated_SystemTime": "2023-09-27 04:33:02.896889", "TimeCreated": null, "EventRecordID": "29319", "Correlation_ActivityID": "", "Correlation_RelatedActivityID": "", "Correlation": null, "Execution_ProcessID": "3368", "Execution_ThreadID": "4984", "Execution": null, "Channel": "Microsoft-Windows-Sysmon/Operational", "Computer": "DESKTOP-P5C3MUD", "Security_UserID": "S-1-5-18", "Security": null, "EventData_RuleName": "-", "EventData_EventType": "SetValue", "EventData_UtcTime": "2023-09-27 04:33:02.896", "EventData_ProcessGuid": "{4557fbaa-b07e-6513-8a25-000000000c00}", "EventData_ProcessId": "8292", "EventData_Image": "C:\\Windows\\SysWOW64\\DllHost.exe", "EventData_TargetObject": "HKU\\S-1-5-21-2994737283-653069417-2221972583-1001\\SOFTWARE\\Microsoft\\Windows\\CurrentVersion\\Internet Settings\\ZoneMap\\UNCAsIntranet", "EventData_Details": "DWORD (0x00000001)", "EventData_User": "DESKTOP-P5C3MUD\\user"}
{"Provider_Name": "Microsoft-Windows-Sysmon", "Provider_Guid": "{5770385f-c22a-43e0-bf4c-06f5698ffbd9}", "Provider": null, "EventID_Qualifiers": "", "EventID": "13", "Version": "2", "Level": "4", "Task": "13", "Opcode": "0", "Keywords": "0x8000000000000000", "TimeCreated_SystemTime": "2023-09-27 04:33:02.896912", "TimeCreated": null, "EventRecordID": "29320", "Correlation_ActivityID": "", "Correlation_RelatedActivityID": "", "Correlation": null, "Execution_ProcessID": "3368", "Execution_ThreadID": "4984", "Execution": null, "Channel": "Microsoft-Windows-Sysmon/Operational", "Computer": "DESKTOP-P5C3MUD", "Security_UserID": "S-1-5-18", "Security": null, "EventData_RuleName": "-", "EventData_EventType": "SetValue", "EventData_UtcTime": "2023-09-27 04:33:02.896", "EventData_ProcessGuid": "{4557fbaa-b07e-6513-8a25-000000000c00}", "EventData_ProcessId": "8292", "EventData_Image": "C:\\Windows\\SysWOW64\\DllHost.exe", "EventData_TargetObject": "HKU\\S-1-5-21-2994737283-653069417-2221972583-1001\\SOFTWARE\\Microsoft\\Windows\\CurrentVersion\\Internet Settings\\ZoneMap\\AutoDetect", "EventData_Details": "DWORD (0x00000000)", "EventData_User": "DESKTOP-P5C3MUD\\user"}
