{"Provider_Name": "Microsoft-Windows-Sysmon", "Provider_Guid": "{5770385f-c22a-43e0-bf4c-06f5698ffbd9}", "Provider": null, "EventID_Qualifiers": "", "EventID": "18", "Version": "1", "Level": "4", "Task": "18", "Opcode": "0", "Keywords": "0x8000000000000000", "TimeCreated_SystemTime": "2023-09-27 01:43:09.052231", "TimeCreated": null, "EventRecordID": "27757", "Correlation_ActivityID": "", "Correlation_RelatedActivityID": "", "Correlation": null, "Execution_ProcessID": "3368", "Execution_ThreadID": "4984", "Execution": null, "Channel": "Microsoft-Windows-Sysmon/Operational", "Computer": "DESKTOP-P5C3MUD", "Security_UserID": "S-1-5-18", "Security": null, "EventData_RuleName": "-", "EventData_EventType": "ConnectPipe", "EventData_UtcTime": "2023-09-27 01:43:09.044", "EventData_ProcessGuid": "{4557fbaa-83de-6513-8423-000000000c00}", "EventData_ProcessId": "9912", "EventData_PipeName": "\\Microsoft-VisualStudio-Debug-Console-9912", "EventData_Image": "E:\\Software\\Microsoft Visual Studio\\Common7\\IDE\\devenv.exe", "EventData_User": "DESKTOP-P5C3MUD\\user"}
{"Provider_Name": "Microsoft-Windows-Sysmon", "Provider_Guid": "{5770385f-c22a-43e0-bf4c-06f5698ffbd9}", "Provider": null, "EventID_Qualifiers": "", "EventID": "13", "Version": "2", "Level": "4", "Task": "13", "Opcode": "0", "Keywords": "0x8000000000000000", "TimeCreated_SystemTime": "2023-09-27 01:43:09.056393", "TimeCreated": null, "EventRecordID": "27758", "Correlation_ActivityID": "", "Correlation_RelatedActivityID": "", "Correlation": null, "Execution_ProcessID": "3368", "Execution_ThreadID": "4984", "Execution": null, "Channel": "Microsoft-Windows-Sysmon/Operational", "Computer": "DESKTOP-P5C3MUD", "Security_UserID": "S-1-5-18", "Security": null, "EventData_RuleName": "-", "EventData_EventType": "SetValue", "EventData_UtcTime": "2023-09-27 01:43:09.044", "EventData_ProcessGuid": "{4557fbaa-88ac-6513-a224-000000000c00}", "EventData_ProcessId": "1628", "EventData_Image": "E:\\Software\\Microsoft Visual Studio\\Common7\\IDE\\CommonExtensions\\Platform\\Debugger\\VsDebugConsole.exe", "EventData_TargetObject": "HKLM\\System\\CurrentControlSet\\Services\\bam\\State\\UserSettings\\S-1-5-21-2994737283-653069417-2221972583-1001\\\\Device\\HarddiskVolume3\\Windows\\System32\\cmd.exe", "EventData_Details": "Binary Data", "EventData_User": "DESKTOP-P5C3MUD\\user"}
{"Provider_Name": "Microsoft-Windows-Sysmon", "Provider_Guid": "{5770385f-c22a-43e0-bf4c-06f5698ffbd9}", "Provider": null, "EventID_Qualifiers": "", "EventID": "1", "Version": "5", "Level": "4", "Task": "1", "Opcode": "0", "Keywords": "0x8000000000000000", "TimeCreated_SystemTime": "2023-09-27 01:43:09.057043", "TimeCreated": null, "EventRecordID": "27759", "Correlation_ActivityID": "", "Correlation_RelatedActivityID": "", "Correlation": null, "Execution_ProcessID": "3368", "Execution_ThreadID": "4984", "Execution": null, "Channel": "Microsoft-Windows-Sysmon/Operational", "Computer": "DESKTOP-P5C3MUD", "Security_UserID": "S-1-5-18", "Security": null, "EventData_RuleName": "-", "EventData_UtcTime": "2023-09-27 01:43:09.052", "EventData_ProcessGuid": "{4557fbaa-88ad-6513-a424-000000000c00}", "EventData_ProcessId": "5104", "EventData_Image": "C:\\Windows\\System32\\cmd.exe", "EventData_FileVersion": "10.0.19041.746 (WinBuild.160101.0800)", "EventData_Description": "Windows Command Processor", "EventData_Product": "Microsoft\u00ae Windows\u00ae Operating System", "EventData_Company": "Microsoft Corporation", "EventData_OriginalFileName": "Cmd.Exe", "EventData_CommandLine": "C:\\Windows\\system32\\cmd.exe /c cls", "EventData_CurrentDirectory": "E:\\Experiment\\WINDOWS\u9ed1\u5ba2\u7f16\u7a0b\u6280\u672f\u8be6\u89e3-\u914d\u5957\u8d44\u6e90\\\u7528\u6237\u5c42\\6\\Bypass UAC\\BypassUAC1_Test\\", "EventData_User": "DESKTOP-P5C3MUD\\user", "EventData_LogonGuid": "{4557fbaa-e7fd-6502-0fe6-0a0000000000}", "EventData_LogonId": "0x00000000000ae60f", "EventData_TerminalSessionId": "1", "EventData_IntegrityLevel": "High", "EventData_Hashes": "SHA1=F1EFB0FDDC156E4C61C5F78A54700E4E7984D55D,MD5=8A2122E8162DBEF04694B9C3E0B6CDEE,SHA256=B99D61D874728EDC0918CA0EB10EAB93D381E7367E377406E65963366C874450,IMPHASH=272245E2988E1E430500B852C4FB5E18", "EventData_ParentProcessGuid": "{4557fbaa-88ac-6513-a224-000000000c00}", "EventData_ParentProcessId": "1628", "EventData_ParentImage": "E:\\Software\\Microsoft Visual Studio\\Common7\\IDE\\CommonExtensions\\Platform\\Debugger\\VsDebugConsole.exe", "EventData_ParentCommandLine": "\"E:\\Software\\Microsoft Visual Studio\\Common7\\IDE\\CommonExtensions\\Platform\\Debugger\\VsDebugConsole.exe\" \\\\.\\pipe\\Microsoft-VisualStudio-Debug-Console-9912 Local\\{641F71C9-05A6-43E0-9369-86222711B7BB} /RootProcessId:9912", "EventData_ParentUser": "DESKTOP-P5C3MUD\\user"}
{"Provider_Name": "Microsoft-Windows-Sysmon", "Provider_Guid": "{5770385f-c22a-43e0-bf4c-06f5698ffbd9}", "Provider": null, "EventID_Qualifiers": "", "EventID": "10", "Version": "3", "Level": "4", "Task": "10", "Opcode": "0", "Keywords": "0x8000000000000000", "TimeCreated_SystemTime": "2023-09-27 01:43:09.057173", "TimeCreated": null, "EventRecordID": "27760", "Correlation_ActivityID": "", "Correlation_RelatedActivityID": "", "Correlation": null, "Execution_ProcessID": "3368", "Execution_ThreadID": "4984", "Execution": null, "Channel": "Microsoft-Windows-Sysmon/Operational", "Computer": "DESKTOP-P5C3MUD", "Security_UserID": "S-1-5-18", "Security": null, "EventData_RuleName": "-", "EventData_UtcTime": "2023-09-27 01:43:09.044", "EventData_SourceProcessGUID": "{4557fbaa-88ac-6513-a224-000000000c00}", "EventData_SourceProcessId": "1628", "EventData_SourceThreadId": "5340", "EventData_SourceImage": "E:\\Software\\Microsoft Visual Studio\\Common7\\IDE\\CommonExtensions\\Platform\\Debugger\\VsDebugConsole.exe", "EventData_TargetProcessGUID": "{4557fbaa-88ad-6513-a424-000000000c00}", "EventData_TargetProcessId": "5104", "EventData_TargetImage": "C:\\Windows\\system32\\cmd.exe", "EventData_GrantedAccess": "0x001fffff", "EventData_CallTrace": "C:\\Windows\\SYSTEM32\\ntdll.dll+9e764|C:\\Windows\\System32\\KERNELBASE.dll+5b473|C:\\Windows\\System32\\KERNELBASE.dll+597e6|C:\\Windows\\System32\\KERNEL32.DLL+1cec4|E:\\Software\\Microsoft Visual Studio\\Common7\\IDE\\CommonExtensions\\Platform\\Debugger\\VsDebugConsole.exe+1c485|E:\\Software\\Microsoft Visual Studio\\Common7\\IDE\\CommonExtensions\\Platform\\Debugger\\VsDebugConsole.exe+15069|E:\\Software\\Microsoft Visual Studio\\Common7\\IDE\\CommonExtensions\\Platform\\Debugger\\VsDebugConsole.exe+14e59|E:\\Software\\Microsoft Visual Studio\\Common7\\IDE\\CommonExtensions\\Platform\\Debugger\\VsDebugConsole.exe+f927|E:\\Software\\Microsoft Visual Studio\\Common7\\IDE\\CommonExtensions\\Platform\\Debugger\\VsDebugConsole.exe+1d39|E:\\Software\\Microsoft Visual Studio\\Common7\\IDE\\CommonExtensions\\Platform\\Debugger\\VsDebugConsole.exe+2637|E:\\Software\\Microsoft Visual Studio\\Common7\\IDE\\CommonExtensions\\Platform\\Debugger\\VsDebugConsole.exe+2a40|E:\\Software\\Microsoft Visual Studio\\Common7\\IDE\\CommonExtensions\\Platform\\Debugger\\VsDebugConsole.exe+2f09|E:\\Software\\Microsoft Visual Studio\\Common7\\IDE\\CommonExtensions\\Platform\\Debugger\\VsDebugConsole.exe+4b38|C:\\Windows\\System32\\KERNEL32.DLL+17344|C:\\Windows\\SYSTEM32\\ntdll.dll+526b1", "EventData_SourceUser": "DESKTOP-P5C3MUD\\user", "EventData_TargetUser": "DESKTOP-P5C3MUD\\user"}
{"Provider_Name": "Microsoft-Windows-Sysmon", "Provider_Guid": "{5770385f-c22a-43e0-bf4c-06f5698ffbd9}", "Provider": null, "EventID_Qualifiers": "", "EventID": "10", "Version": "3", "Level": "4", "Task": "10", "Opcode": "0", "Keywords": "0x8000000000000000", "TimeCreated_SystemTime": "2023-09-27 01:43:09.057253", "TimeCreated": null, "EventRecordID": "27761", "Correlation_ActivityID": "", "Correlation_RelatedActivityID": "", "Correlation": null, "Execution_ProcessID": "3368", "Execution_ThreadID": "4984", "Execution": null, "Channel": "Microsoft-Windows-Sysmon/Operational", "Computer": "DESKTOP-P5C3MUD", "Security_UserID": "S-1-5-18", "Security": null, "EventData_RuleName": "-", "EventData_UtcTime": "2023-09-27 01:43:09.044", "EventData_SourceProcessGUID": "{4557fbaa-e7c4-6502-0900-000000000c00}", "EventData_SourceProcessId": "592", "EventData_SourceThreadId": "744", "EventData_SourceImage": "C:\\Windows\\system32\\csrss.exe", "EventData_TargetProcessGUID": "{4557fbaa-88ad-6513-a424-000000000c00}", "EventData_TargetProcessId": "5104", "EventData_TargetImage": "C:\\Windows\\system32\\cmd.exe", "EventData_GrantedAccess": "0x001fffff", "EventData_CallTrace": "C:\\Windows\\SYSTEM32\\ntdll.dll+9d314|C:\\Windows\\system32\\basesrv.DLL+326f|C:\\Windows\\SYSTEM32\\CSRSRV.dll+6490|C:\\Windows\\SYSTEM32\\ntdll.dll+526bf", "EventData_SourceUser": "NT AUTHORITY\\SYSTEM", "EventData_TargetUser": "DESKTOP-P5C3MUD\\user"}
{"Provider_Name": "Microsoft-Windows-Sysmon", "Provider_Guid": "{5770385f-c22a-43e0-bf4c-06f5698ffbd9}", "Provider": null, "EventID_Qualifiers": "", "EventID": "7", "Version": "3", "Level": "4", "Task": "7", "Opcode": "0", "Keywords": "0x8000000000000000", "TimeCreated_SystemTime": "2023-09-27 01:43:09.057840", "TimeCreated": null, "EventRecordID": "27762", "Correlation_ActivityID": "", "Correlation_RelatedActivityID": "", "Correlation": null, "Execution_ProcessID": "3368", "Execution_ThreadID": "4984", "Execution": null, "Channel": "Microsoft-Windows-Sysmon/Operational", "Computer": "DESKTOP-P5C3MUD", "Security_UserID": "S-1-5-18", "Security": null, "EventData_RuleName": "-", "EventData_UtcTime": "2023-09-27 01:43:09.044", "EventData_ProcessGuid": "{4557fbaa-88ad-6513-a424-000000000c00}", "EventData_ProcessId": "5104", "EventData_Image": "C:\\Windows\\System32\\cmd.exe", "EventData_ImageLoaded": "C:\\Windows\\System32\\cmd.exe", "EventData_FileVersion": "10.0.19041.746 (WinBuild.160101.0800)", "EventData_Description": "Windows Command Processor", "EventData_Product": "Microsoft\u00ae Windows\u00ae Operating System", "EventData_Company": "Microsoft Corporation", "EventData_OriginalFileName": "Cmd.Exe", "EventData_Hashes": "SHA1=F1EFB0FDDC156E4C61C5F78A54700E4E7984D55D,MD5=8A2122E8162DBEF04694B9C3E0B6CDEE,SHA256=B99D61D874728EDC0918CA0EB10EAB93D381E7367E377406E65963366C874450,IMPHASH=272245E2988E1E430500B852C4FB5E18", "EventData_Signed": "true", "EventData_Signature": "Microsoft Windows", "EventData_SignatureStatus": "Valid", "EventData_User": "DESKTOP-P5C3MUD\\user"}
{"Provider_Name": "Microsoft-Windows-Sysmon", "Provider_Guid": "{5770385f-c22a-43e0-bf4c-06f5698ffbd9}", "Provider": null, "EventID_Qualifiers": "", "EventID": "7", "Version": "3", "Level": "4", "Task": "7", "Opcode": "0", "Keywords": "0x8000000000000000", "TimeCreated_SystemTime": "2023-09-27 01:43:09.058069", "TimeCreated": null, "EventRecordID": "27763", "Correlation_ActivityID": "", "Correlation_RelatedActivityID": "", "Correlation": null, "Execution_ProcessID": "3368", "Execution_ThreadID": "4984", "Execution": null, "Channel": "Microsoft-Windows-Sysmon/Operational", "Computer": "DESKTOP-P5C3MUD", "Security_UserID": "S-1-5-18", "Security": null, "EventData_RuleName": "-", "EventData_UtcTime": "2023-09-27 01:43:09.044", "EventData_ProcessGuid": "{4557fbaa-88ad-6513-a424-000000000c00}", "EventData_ProcessId": "5104", "EventData_Image": "C:\\Windows\\System32\\cmd.exe", "EventData_ImageLoaded": "C:\\Windows\\System32\\ntdll.dll", "EventData_FileVersion": "10.0.19041.3393 (WinBuild.160101.0800)", "EventData_Description": "NT Layer DLL", "EventData_Product": "Microsoft\u00ae Windows\u00ae Operating System", "EventData_Company": "Microsoft Corporation", "EventData_OriginalFileName": "ntdll.dll", "EventData_Hashes": "SHA1=8047327CEFB24B1DFA5E1F4965FDB25C3E717642,MD5=62A8F85897022E08D1CCCB2C3AC6C8DE,SHA256=590E0BB26B4A24B0A787C7B8CACED643D8AECFE71140D1BD51A73D5D65B0AF94,IMPHASH=00000000000000000000000000000000", "EventData_Signed": "true", "EventData_Signature": "Microsoft Windows", "EventData_SignatureStatus": "Valid", "EventData_User": "DESKTOP-P5C3MUD\\user"}
{"Provider_Name": "Microsoft-Windows-Sysmon", "Provider_Guid": "{5770385f-c22a-43e0-bf4c-06f5698ffbd9}", "Provider": null, "EventID_Qualifiers": "", "EventID": "7", "Version": "3", "Level": "4", "Task": "7", "Opcode": "0", "Keywords": "0x8000000000000000", "TimeCreated_SystemTime": "2023-09-27 01:43:09.058594", "TimeCreated": null, "EventRecordID": "27764", "Correlation_ActivityID": "", "Correlation_RelatedActivityID": "", "Correlation": null, "Execution_ProcessID": "3368", "Execution_ThreadID": "4984", "Execution": null, "Channel": "Microsoft-Windows-Sysmon/Operational", "Computer": "DESKTOP-P5C3MUD", "Security_UserID": "S-1-5-18", "Security": null, "EventData_RuleName": "-", "EventData_UtcTime": "2023-09-27 01:43:09.044", "EventData_ProcessGuid": "{4557fbaa-88ad-6513-a424-000000000c00}", "EventData_ProcessId": "5104", "EventData_Image": "C:\\Windows\\System32\\cmd.exe", "EventData_ImageLoaded": "C:\\Windows\\System32\\kernel32.dll", "EventData_FileVersion": "10.0.19041.3393 (WinBuild.160101.0800)", "EventData_Description": "Windows NT BASE API Client DLL", "EventData_Product": "Microsoft\u00ae Windows\u00ae Operating System", "EventData_Company": "Microsoft Corporation", "EventData_OriginalFileName": "kernel32", "EventData_Hashes": "SHA1=D57551055BD4E7644EDE2FFD76EAB966CD5612DA,MD5=D9DE98246BCB03964BBDBB4693B155DC,SHA256=C64B4EEFC2868E6E47E42254BDC7F3A817250E290C936E3C8AEF8720A8A8ED64,IMPHASH=F138C4A566A700DE3E7E024EE6C4D479", "EventData_Signed": "true", "EventData_Signature": "Microsoft Windows", "EventData_SignatureStatus": "Valid", "EventData_User": "DESKTOP-P5C3MUD\\user"}
{"Provider_Name": "Microsoft-Windows-Sysmon", "Provider_Guid": "{5770385f-c22a-43e0-bf4c-06f5698ffbd9}", "Provider": null, "EventID_Qualifiers": "", "EventID": "7", "Version": "3", "Level": "4", "Task": "7", "Opcode": "0", "Keywords": "0x8000000000000000", "TimeCreated_SystemTime": "2023-09-27 01:43:09.059006", "TimeCreated": null, "EventRecordID": "27765", "Correlation_ActivityID": "", "Correlation_RelatedActivityID": "", "Correlation": null, "Execution_ProcessID": "3368", "Execution_ThreadID": "4984", "Execution": null, "Channel": "Microsoft-Windows-Sysmon/Operational", "Computer": "DESKTOP-P5C3MUD", "Security_UserID": "S-1-5-18", "Security": null, "EventData_RuleName": "-", "EventData_UtcTime": "2023-09-27 01:43:09.044", "EventData_ProcessGuid": "{4557fbaa-88ad-6513-a424-000000000c00}", "EventData_ProcessId": "5104", "EventData_Image": "C:\\Windows\\System32\\cmd.exe", "EventData_ImageLoaded": "C:\\Windows\\System32\\KernelBase.dll", "EventData_FileVersion": "10.0.19041.3393 (WinBuild.160101.0800)", "EventData_Description": "Windows NT BASE API Client DLL", "EventData_Product": "Microsoft\u00ae Windows\u00ae Operating System", "EventData_Company": "Microsoft Corporation", "EventData_OriginalFileName": "Kernelbase.dll", "EventData_Hashes": "SHA1=9FDB286060B8D6D293492A13575E6359604EEFE1,MD5=5B5BFC918C4AA0585969747B7FD6D404,SHA256=0FC2A2C20479C2D1A99468DD90D6B37E79CF4E9A1617F7ACC3FA116EAAF1E1B3,IMPHASH=0B3D9CDD2A78F1035F845B59D17F0420", "EventData_Signed": "true", "EventData_Signature": "Microsoft Windows", "EventData_SignatureStatus": "Valid", "EventData_User": "DESKTOP-P5C3MUD\\user"}
{"Provider_Name": "Microsoft-Windows-Sysmon", "Provider_Guid": "{5770385f-c22a-43e0-bf4c-06f5698ffbd9}", "Provider": null, "EventID_Qualifiers": "", "EventID": "10", "Version": "3", "Level": "4", "Task": "10", "Opcode": "0", "Keywords": "0x8000000000000000", "TimeCreated_SystemTime": "2023-09-27 01:43:09.059559", "TimeCreated": null, "EventRecordID": "27766", "Correlation_ActivityID": "", "Correlation_RelatedActivityID": "", "Correlation": null, "Execution_ProcessID": "3368", "Execution_ThreadID": "4984", "Execution": null, "Channel": "Microsoft-Windows-Sysmon/Operational", "Computer": "DESKTOP-P5C3MUD", "Security_UserID": "S-1-5-18", "Security": null, "EventData_RuleName": "-", "EventData_UtcTime": "2023-09-27 01:43:09.044", "EventData_SourceProcessGUID": "{4557fbaa-88ac-6513-a324-000000000c00}", "EventData_SourceProcessId": "13948", "EventData_SourceThreadId": "6644", "EventData_SourceImage": "C:\\Windows\\system32\\conhost.exe", "EventData_TargetProcessGUID": "{4557fbaa-88ad-6513-a424-000000000c00}", "EventData_TargetProcessId": "5104", "EventData_TargetImage": "C:\\Windows\\system32\\cmd.exe", "EventData_GrantedAccess": "0x001fffff", "EventData_CallTrace": "C:\\Windows\\SYSTEM32\\ntdll.dll+9d314|C:\\Windows\\System32\\KERNELBASE.dll+308ee|C:\\Windows\\system32\\conhost.exe+13a99|C:\\Windows\\system32\\conhost.exe+13be1|C:\\Windows\\system32\\conhost.exe+13d67|C:\\Windows\\system32\\conhost.exe+1114c|C:\\Windows\\System32\\KERNEL32.DLL+17344|C:\\Windows\\SYSTEM32\\ntdll.dll+526b1", "EventData_SourceUser": "DESKTOP-P5C3MUD\\user", "EventData_TargetUser": "DESKTOP-P5C3MUD\\user"}
{"Provider_Name": "Microsoft-Windows-Sysmon", "Provider_Guid": "{5770385f-c22a-43e0-bf4c-06f5698ffbd9}", "Provider": null, "EventID_Qualifiers": "", "EventID": "7", "Version": "3", "Level": "4", "Task": "7", "Opcode": "0", "Keywords": "0x8000000000000000", "TimeCreated_SystemTime": "2023-09-27 01:43:09.060289", "TimeCreated": null, "EventRecordID": "27767", "Correlation_ActivityID": "", "Correlation_RelatedActivityID": "", "Correlation": null, "Execution_ProcessID": "3368", "Execution_ThreadID": "4984", "Execution": null, "Channel": "Microsoft-Windows-Sysmon/Operational", "Computer": "DESKTOP-P5C3MUD", "Security_UserID": "S-1-5-18", "Security": null, "EventData_RuleName": "-", "EventData_UtcTime": "2023-09-27 01:43:09.059", "EventData_ProcessGuid": "{4557fbaa-88ad-6513-a424-000000000c00}", "EventData_ProcessId": "5104", "EventData_Image": "C:\\Windows\\System32\\cmd.exe", "EventData_ImageLoaded": "C:\\Windows\\System32\\msvcrt.dll", "EventData_FileVersion": "7.0.19041.546 (WinBuild.160101.0800)", "EventData_Description": "Windows NT CRT DLL", "EventData_Product": "Microsoft\u00ae Windows\u00ae Operating System", "EventData_Company": "Microsoft Corporation", "EventData_OriginalFileName": "msvcrt.dll", "EventData_Hashes": "SHA1=5AFF4CFDEE689F127DF3C555281DC629D4D62318,MD5=A4F2D5942FB447CD48A5CEE414983E85,SHA256=DD7C8BC34CDBE30EF921395E874909BBF6BE53803822164F75F7207E9F085650,IMPHASH=1273683626EBBA703979F188A1E64237", "EventData_Signed": "true", "EventData_Signature": "Microsoft Windows", "EventData_SignatureStatus": "Valid", "EventData_User": "DESKTOP-P5C3MUD\\user"}
{"Provider_Name": "Microsoft-Windows-Sysmon", "Provider_Guid": "{5770385f-c22a-43e0-bf4c-06f5698ffbd9}", "Provider": null, "EventID_Qualifiers": "", "EventID": "7", "Version": "3", "Level": "4", "Task": "7", "Opcode": "0", "Keywords": "0x8000000000000000", "TimeCreated_SystemTime": "2023-09-27 01:43:09.060553", "TimeCreated": null, "EventRecordID": "27768", "Correlation_ActivityID": "", "Correlation_RelatedActivityID": "", "Correlation": null, "Execution_ProcessID": "3368", "Execution_ThreadID": "4984", "Execution": null, "Channel": "Microsoft-Windows-Sysmon/Operational", "Computer": "DESKTOP-P5C3MUD", "Security_UserID": "S-1-5-18", "Security": null, "EventData_RuleName": "-", "EventData_UtcTime": "2023-09-27 01:43:09.059", "EventData_ProcessGuid": "{4557fbaa-88ad-6513-a424-000000000c00}", "EventData_ProcessId": "5104", "EventData_Image": "C:\\Windows\\System32\\cmd.exe", "EventData_ImageLoaded": "C:\\Windows\\System32\\combase.dll", "EventData_FileVersion": "10.0.19041.3393 (WinBuild.160101.0800)", "EventData_Description": "Microsoft COM for Windows", "EventData_Product": "Microsoft\u00ae Windows\u00ae Operating System", "EventData_Company": "Microsoft Corporation", "EventData_OriginalFileName": "COMBASE.DLL", "EventData_Hashes": "SHA1=D7DA6A2585718B5EA8626DB5F4DACEB9DBB03D28,MD5=E9DEDBD9FC590F4AA8ADFC8DCE488A1A,SHA256=2AD3B7F4A2FE88AEDEB1AE79B3778DCCF74608EAACB0ED42B79519EE6CB03885,IMPHASH=86D63FCC59A250884FAE714B325D53BF", "EventData_Signed": "true", "EventData_Signature": "Microsoft Windows", "EventData_SignatureStatus": "Valid", "EventData_User": "DESKTOP-P5C3MUD\\user"}
{"Provider_Name": "Microsoft-Windows-Sysmon", "Provider_Guid": "{5770385f-c22a-43e0-bf4c-06f5698ffbd9}", "Provider": null, "EventID_Qualifiers": "", "EventID": "7", "Version": "3", "Level": "4", "Task": "7", "Opcode": "0", "Keywords": "0x8000000000000000", "TimeCreated_SystemTime": "2023-09-27 01:43:09.060770", "TimeCreated": null, "EventRecordID": "27769", "Correlation_ActivityID": "", "Correlation_RelatedActivityID": "", "Correlation": null, "Execution_ProcessID": "3368", "Execution_ThreadID": "4984", "Execution": null, "Channel": "Microsoft-Windows-Sysmon/Operational", "Computer": "DESKTOP-P5C3MUD", "Security_UserID": "S-1-5-18", "Security": null, "EventData_RuleName": "-", "EventData_UtcTime": "2023-09-27 01:43:09.059", "EventData_ProcessGuid": "{4557fbaa-88ad-6513-a424-000000000c00}", "EventData_ProcessId": "5104", "EventData_Image": "C:\\Windows\\System32\\cmd.exe", "EventData_ImageLoaded": "C:\\Windows\\System32\\ucrtbase.dll", "EventData_FileVersion": "10.0.19041.789 (WinBuild.160101.0800)", "EventData_Description": "Microsoft\u00ae C Runtime Library", "EventData_Product": "Microsoft\u00ae Windows\u00ae Operating System", "EventData_Company": "Microsoft Corporation", "EventData_OriginalFileName": "ucrtbase.dll", "EventData_Hashes": "SHA1=E82945E3E63FFEF0974D6DD74F2AEF2BF6D0A908,MD5=2C8FE06966D5085A595FFA3C98FE3098,SHA256=DE8D08D01291DF93821314176381F3D1AE863E6C5584A7F8EA42F0B94B15EF65,IMPHASH=405CDE0FC80C30DCC3D783173DBD4143", "EventData_Signed": "true", "EventData_Signature": "Microsoft Windows", "EventData_SignatureStatus": "Valid", "EventData_User": "DESKTOP-P5C3MUD\\user"}
{"Provider_Name": "Microsoft-Windows-Sysmon", "Provider_Guid": "{5770385f-c22a-43e0-bf4c-06f5698ffbd9}", "Provider": null, "EventID_Qualifiers": "", "EventID": "7", "Version": "3", "Level": "4", "Task": "7", "Opcode": "0", "Keywords": "0x8000000000000000", "TimeCreated_SystemTime": "2023-09-27 01:43:09.060942", "TimeCreated": null, "EventRecordID": "27770", "Correlation_ActivityID": "", "Correlation_RelatedActivityID": "", "Correlation": null, "Execution_ProcessID": "3368", "Execution_ThreadID": "4984", "Execution": null, "Channel": "Microsoft-Windows-Sysmon/Operational", "Computer": "DESKTOP-P5C3MUD", "Security_UserID": "S-1-5-18", "Security": null, "EventData_RuleName": "-", "EventData_UtcTime": "2023-09-27 01:43:09.059", "EventData_ProcessGuid": "{4557fbaa-88ad-6513-a424-000000000c00}", "EventData_ProcessId": "5104", "EventData_Image": "C:\\Windows\\System32\\cmd.exe", "EventData_ImageLoaded": "C:\\Windows\\System32\\rpcrt4.dll", "EventData_FileVersion": "10.0.19041.3448 (WinBuild.160101.0800)", "EventData_Description": "Remote Procedure Call Runtime", "EventData_Product": "Microsoft\u00ae Windows\u00ae Operating System", "EventData_Company": "Microsoft Corporation", "EventData_OriginalFileName": "rpcrt4.dll", "EventData_Hashes": "SHA1=6353D648B585C3FACA391B9E8D443B2A7CF78CDF,MD5=5A0FAC6E2991EFF83983A4F08384E962,SHA256=DA7DAC9F12A3DBCE66C0AF2EA3279DE5355B5001427820807E1273D6ED0678BA,IMPHASH=691FED08D927C769FAAC5041B85477B5", "EventData_Signed": "true", "EventData_Signature": "Microsoft Windows", "EventData_SignatureStatus": "Valid", "EventData_User": "DESKTOP-P5C3MUD\\user"}
{"Provider_Name": "Microsoft-Windows-Sysmon", "Provider_Guid": "{5770385f-c22a-43e0-bf4c-06f5698ffbd9}", "Provider": null, "EventID_Qualifiers": "", "EventID": "7", "Version": "3", "Level": "4", "Task": "7", "Opcode": "0", "Keywords": "0x8000000000000000", "TimeCreated_SystemTime": "2023-09-27 01:43:09.071808", "TimeCreated": null, "EventRecordID": "27771", "Correlation_ActivityID": "", "Correlation_RelatedActivityID": "", "Correlation": null, "Execution_ProcessID": "3368", "Execution_ThreadID": "4984", "Execution": null, "Channel": "Microsoft-Windows-Sysmon/Operational", "Computer": "DESKTOP-P5C3MUD", "Security_UserID": "S-1-5-18", "Security": null, "EventData_RuleName": "-", "EventData_UtcTime": "2023-09-27 01:43:09.059", "EventData_ProcessGuid": "{4557fbaa-88ac-6513-a124-000000000c00}", "EventData_ProcessId": "10448", "EventData_Image": "E:\\Software\\Microsoft Visual Studio\\VC\\Tools\\MSVC\\14.37.32822\\bin\\Hostx86\\x86\\vctip.exe", "EventData_ImageLoaded": "C:\\Windows\\assembly\\NativeImages_v4.0.30319_32\\System.Runteb92aa12#\\2663d267a8cb41357c5d1f77b6a9efab\\System.Runtime.Serialization.ni.dll", "EventData_FileVersion": "4.8.9037.0 built by: NET481REL1", "EventData_Description": "System.Runtime.Serialization.dll", "EventData_Product": "Microsoft\u00ae .NET Framework", "EventData_Company": "Microsoft Corporation", "EventData_OriginalFileName": "System.Runtime.Serialization.dll", "EventData_Hashes": "SHA1=AB36077D1C356CD72141505A5DDEF7F675F54A2F,MD5=679AA5772A4A1BF53B4A66B64D59E9F6,SHA256=3FFA223A6520E4328A3F033A8C237FBEC999288B9F63EC6F16878D75B2A2615B,IMPHASH=00000000000000000000000000000000", "EventData_Signed": "false", "EventData_Signature": "-", "EventData_SignatureStatus": "Unavailable", "EventData_User": "DESKTOP-P5C3MUD\\user"}
{"Provider_Name": "Microsoft-Windows-Sysmon", "Provider_Guid": "{5770385f-c22a-43e0-bf4c-06f5698ffbd9}", "Provider": null, "EventID_Qualifiers": "", "EventID": "5", "Version": "3", "Level": "4", "Task": "5", "Opcode": "0", "Keywords": "0x8000000000000000", "TimeCreated_SystemTime": "2023-09-27 01:43:09.092913", "TimeCreated": null, "EventRecordID": "27772", "Correlation_ActivityID": "", "Correlation_RelatedActivityID": "", "Correlation": null, "Execution_ProcessID": "3368", "Execution_ThreadID": "4984", "Execution": null, "Channel": "Microsoft-Windows-Sysmon/Operational", "Computer": "DESKTOP-P5C3MUD", "Security_UserID": "S-1-5-18", "Security": null, "EventData_RuleName": "-", "EventData_UtcTime": "2023-09-27 01:43:09.090", "EventData_ProcessGuid": "{4557fbaa-88ad-6513-a424-000000000c00}", "EventData_ProcessId": "5104", "EventData_Image": "C:\\Windows\\System32\\cmd.exe", "EventData_User": "DESKTOP-P5C3MUD\\user"}
{"Provider_Name": "Microsoft-Windows-Sysmon", "Provider_Guid": "{5770385f-c22a-43e0-bf4c-06f5698ffbd9}", "Provider": null, "EventID_Qualifiers": "", "EventID": "13", "Version": "2", "Level": "4", "Task": "13", "Opcode": "0", "Keywords": "0x8000000000000000", "TimeCreated_SystemTime": "2023-09-27 01:43:09.093063", "TimeCreated": null, "EventRecordID": "27773", "Correlation_ActivityID": "", "Correlation_RelatedActivityID": "", "Correlation": null, "Execution_ProcessID": "3368", "Execution_ThreadID": "4984", "Execution": null, "Channel": "Microsoft-Windows-Sysmon/Operational", "Computer": "DESKTOP-P5C3MUD", "Security_UserID": "S-1-5-18", "Security": null, "EventData_RuleName": "-", "EventData_EventType": "SetValue", "EventData_UtcTime": "2023-09-27 01:43:09.090", "EventData_ProcessGuid": "{4557fbaa-88ad-6513-a424-000000000c00}", "EventData_ProcessId": "5104", "EventData_Image": "C:\\Windows\\system32\\cmd.exe", "EventData_TargetObject": "HKLM\\System\\CurrentControlSet\\Services\\bam\\State\\UserSettings\\S-1-5-21-2994737283-653069417-2221972583-1001\\\\Device\\HarddiskVolume3\\Windows\\System32\\cmd.exe", "EventData_Details": "Binary Data", "EventData_User": "DESKTOP-P5C3MUD\\user"}
{"Provider_Name": "Microsoft-Windows-Sysmon", "Provider_Guid": "{5770385f-c22a-43e0-bf4c-06f5698ffbd9}", "Provider": null, "EventID_Qualifiers": "", "EventID": "7", "Version": "3", "Level": "4", "Task": "7", "Opcode": "0", "Keywords": "0x8000000000000000", "TimeCreated_SystemTime": "2023-09-27 01:43:09.094172", "TimeCreated": null, "EventRecordID": "27774", "Correlation_ActivityID": "", "Correlation_RelatedActivityID": "", "Correlation": null, "Execution_ProcessID": "3368", "Execution_ThreadID": "4984", "Execution": null, "Channel": "Microsoft-Windows-Sysmon/Operational", "Computer": "DESKTOP-P5C3MUD", "Security_UserID": "S-1-5-18", "Security": null, "EventData_RuleName": "-", "EventData_UtcTime": "2023-09-27 01:43:09.090", "EventData_ProcessGuid": "{4557fbaa-88ac-6513-a124-000000000c00}", "EventData_ProcessId": "10448", "EventData_Image": "E:\\Software\\Microsoft Visual Studio\\VC\\Tools\\MSVC\\14.37.32822\\bin\\Hostx86\\x86\\vctip.exe", "EventData_ImageLoaded": "C:\\Windows\\Microsoft.NET\\assembly\\GAC_32\\System.Data\\v4.0_4.0.0.0__b77a5c561934e089\\System.Data.dll", "EventData_FileVersion": "4.8.9166.0 built by: NET481REL1LAST_B", "EventData_Description": ".NET Framework", "EventData_Product": "Microsoft\u00ae .NET Framework", "EventData_Company": "Microsoft Corporation", "EventData_OriginalFileName": "system.data.dll", "EventData_Hashes": "SHA1=F0E49415F75BD4BC5583BDC06AA1509C4E5CE573,MD5=939DE3E03FD09122B47F3440814F33F9,SHA256=9449648AE0E5AB2A4CB3E7FF46BBB24C53100A3ED63E079FC7B8F4F2843AAA48,IMPHASH=025065F1F653F3ECEA3431275B0AC9EA", "EventData_Signed": "true", "EventData_Signature": "Microsoft Corporation", "EventData_SignatureStatus": "Valid", "EventData_User": "DESKTOP-P5C3MUD\\user"}
{"Provider_Name": "Microsoft-Windows-Sysmon", "Provider_Guid": "{5770385f-c22a-43e0-bf4c-06f5698ffbd9}", "Provider": null, "EventID_Qualifiers": "", "EventID": "7", "Version": "3", "Level": "4", "Task": "7", "Opcode": "0", "Keywords": "0x8000000000000000", "TimeCreated_SystemTime": "2023-09-27 01:43:09.094381", "TimeCreated": null, "EventRecordID": "27775", "Correlation_ActivityID": "", "Correlation_RelatedActivityID": "", "Correlation": null, "Execution_ProcessID": "3368", "Execution_ThreadID": "4984", "Execution": null, "Channel": "Microsoft-Windows-Sysmon/Operational", "Computer": "DESKTOP-P5C3MUD", "Security_UserID": "S-1-5-18", "Security": null, "EventData_RuleName": "-", "EventData_UtcTime": "2023-09-27 01:43:09.090", "EventData_ProcessGuid": "{4557fbaa-88ac-6513-a124-000000000c00}", "EventData_ProcessId": "10448", "EventData_Image": "E:\\Software\\Microsoft Visual Studio\\VC\\Tools\\MSVC\\14.37.32822\\bin\\Hostx86\\x86\\vctip.exe", "EventData_ImageLoaded": "C:\\Windows\\Microsoft.NET\\assembly\\GAC_32\\System.Data\\v4.0_4.0.0.0__b77a5c561934e089\\System.Data.dll", "EventData_FileVersion": "4.8.9166.0 built by: NET481REL1LAST_B", "EventData_Description": ".NET Framework", "EventData_Product": "Microsoft\u00ae .NET Framework", "EventData_Company": "Microsoft Corporation", "EventData_OriginalFileName": "system.data.dll", "EventData_Hashes": "SHA1=F0E49415F75BD4BC5583BDC06AA1509C4E5CE573,MD5=939DE3E03FD09122B47F3440814F33F9,SHA256=9449648AE0E5AB2A4CB3E7FF46BBB24C53100A3ED63E079FC7B8F4F2843AAA48,IMPHASH=025065F1F653F3ECEA3431275B0AC9EA", "EventData_Signed": "true", "EventData_Signature": "Microsoft Corporation", "EventData_SignatureStatus": "Valid", "EventData_User": "DESKTOP-P5C3MUD\\user"}
{"Provider_Name": "Microsoft-Windows-Sysmon", "Provider_Guid": "{5770385f-c22a-43e0-bf4c-06f5698ffbd9}", "Provider": null, "EventID_Qualifiers": "", "EventID": "7", "Version": "3", "Level": "4", "Task": "7", "Opcode": "0", "Keywords": "0x8000000000000000", "TimeCreated_SystemTime": "2023-09-27 01:43:09.096079", "TimeCreated": null, "EventRecordID": "27776", "Correlation_ActivityID": "", "Correlation_RelatedActivityID": "", "Correlation": null, "Execution_ProcessID": "3368", "Execution_ThreadID": "4984", "Execution": null, "Channel": "Microsoft-Windows-Sysmon/Operational", "Computer": "DESKTOP-P5C3MUD", "Security_UserID": "S-1-5-18", "Security": null, "EventData_RuleName": "-", "EventData_UtcTime": "2023-09-27 01:43:09.090", "EventData_ProcessGuid": "{4557fbaa-88ac-6513-a124-000000000c00}", "EventData_ProcessId": "10448", "EventData_Image": "E:\\Software\\Microsoft Visual Studio\\VC\\Tools\\MSVC\\14.37.32822\\bin\\Hostx86\\x86\\vctip.exe", "EventData_ImageLoaded": "C:\\Windows\\Microsoft.NET\\assembly\\GAC_32\\System.Data\\v4.0_4.0.0.0__b77a5c561934e089\\System.Data.dll", "EventData_FileVersion": "4.8.9166.0 built by: NET481REL1LAST_B", "EventData_Description": ".NET Framework", "EventData_Product": "Microsoft\u00ae .NET Framework", "EventData_Company": "Microsoft Corporation", "EventData_OriginalFileName": "system.data.dll", "EventData_Hashes": "SHA1=F0E49415F75BD4BC5583BDC06AA1509C4E5CE573,MD5=939DE3E03FD09122B47F3440814F33F9,SHA256=9449648AE0E5AB2A4CB3E7FF46BBB24C53100A3ED63E079FC7B8F4F2843AAA48,IMPHASH=025065F1F653F3ECEA3431275B0AC9EA", "EventData_Signed": "true", "EventData_Signature": "Microsoft Corporation", "EventData_SignatureStatus": "Valid", "EventData_User": "DESKTOP-P5C3MUD\\user"}
{"Provider_Name": "Microsoft-Windows-Sysmon", "Provider_Guid": "{5770385f-c22a-43e0-bf4c-06f5698ffbd9}", "Provider": null, "EventID_Qualifiers": "", "EventID": "7", "Version": "3", "Level": "4", "Task": "7", "Opcode": "0", "Keywords": "0x8000000000000000", "TimeCreated_SystemTime": "2023-09-27 01:43:09.100714", "TimeCreated": null, "EventRecordID": "27777", "Correlation_ActivityID": "", "Correlation_RelatedActivityID": "", "Correlation": null, "Execution_ProcessID": "3368", "Execution_ThreadID": "4984", "Execution": null, "Channel": "Microsoft-Windows-Sysmon/Operational", "Computer": "DESKTOP-P5C3MUD", "Security_UserID": "S-1-5-18", "Security": null, "EventData_RuleName": "-", "EventData_UtcTime": "2023-09-27 01:43:09.090", "EventData_ProcessGuid": "{4557fbaa-88ac-6513-a124-000000000c00}", "EventData_ProcessId": "10448", "EventData_Image": "E:\\Software\\Microsoft Visual Studio\\VC\\Tools\\MSVC\\14.37.32822\\bin\\Hostx86\\x86\\vctip.exe", "EventData_ImageLoaded": "C:\\Windows\\SysWOW64\\crypt32.dll", "EventData_FileVersion": "10.0.19041.3271 (WinBuild.160101.0800)", "EventData_Description": "Crypto API32", "EventData_Product": "Microsoft\u00ae Windows\u00ae Operating System", "EventData_Company": "Microsoft Corporation", "EventData_OriginalFileName": "CRYPT32.DLL", "EventData_Hashes": "SHA1=53A48D886E9ADF502233DB424E48EFD9B81B4800,MD5=3C103508BDBC8EAA2A322B76A41686C6,SHA256=9F8918F27045468AE6265F92B140250AC88F89119DAFA299E150BB1124FC9CD5,IMPHASH=11A83F184265D7EF4BF61ABA711A40A7", "EventData_Signed": "true", "EventData_Signature": "Microsoft Windows", "EventData_SignatureStatus": "Valid", "EventData_User": "DESKTOP-P5C3MUD\\user"}
{"Provider_Name": "Microsoft-Windows-Sysmon", "Provider_Guid": "{5770385f-c22a-43e0-bf4c-06f5698ffbd9}", "Provider": null, "EventID_Qualifiers": "", "EventID": "1", "Version": "5", "Level": "4", "Task": "1", "Opcode": "0", "Keywords": "0x8000000000000000", "TimeCreated_SystemTime": "2023-09-27 01:43:09.167141", "TimeCreated": null, "EventRecordID": "27778", "Correlation_ActivityID": "", "Correlation_RelatedActivityID": "", "Correlation": null, "Execution_ProcessID": "3368", "Execution_ThreadID": "4984", "Execution": null, "Channel": "Microsoft-Windows-Sysmon/Operational", "Computer": "DESKTOP-P5C3MUD", "Security_UserID": "S-1-5-18", "Security": null, "EventData_RuleName": "-", "EventData_UtcTime": "2023-09-27 01:43:09.160", "EventData_ProcessGuid": "{4557fbaa-88ad-6513-a524-000000000c00}", "EventData_ProcessId": "7784", "EventData_Image": "E:\\Experiment\\WINDOWS\u9ed1\u5ba2\u7f16\u7a0b\u6280\u672f\u8be6\u89e3-\u914d\u5957\u8d44\u6e90\\\u7528\u6237\u5c42\\6\\Bypass UAC\\BypassUAC1_Test\\Debug\\BypassUAC1_Test.exe", "EventData_FileVersion": "-", "EventData_Description": "-", "EventData_Product": "-", "EventData_Company": "-", "EventData_OriginalFileName": "-", "EventData_CommandLine": "\"E:\\Experiment\\WINDOWS\u9ed1\u5ba2\u7f16\u7a0b\u6280\u672f\u8be6\u89e3-\u914d\u5957\u8d44\u6e90\\\u7528\u6237\u5c42\\6\\Bypass UAC\\BypassUAC1_Test\\Debug\\BypassUAC1_Test.exe\" ", "EventData_CurrentDirectory": "E:\\Experiment\\WINDOWS\u9ed1\u5ba2\u7f16\u7a0b\u6280\u672f\u8be6\u89e3-\u914d\u5957\u8d44\u6e90\\\u7528\u6237\u5c42\\6\\Bypass UAC\\BypassUAC1_Test\\BypassUAC1_Test\\", "EventData_User": "DESKTOP-P5C3MUD\\user", "EventData_LogonGuid": "{4557fbaa-e7fd-6502-0fe6-0a0000000000}", "EventData_LogonId": "0x00000000000ae60f", "EventData_TerminalSessionId": "1", "EventData_IntegrityLevel": "High", "EventData_Hashes": "SHA1=2D2D77E22C0F2779E1314D0246A314FC02EF4476,MD5=3703A9E0F0EC54149E4A689460440382,SHA256=EEE7A3C815D5E84C1BB9D52C73F17E7945B9F18599E5C8D52AEF97728E0E54B5,IMPHASH=E89476A00EE6897BB8CE746588DEE493", "EventData_ParentProcessGuid": "{4557fbaa-88ac-6513-a224-000000000c00}", "EventData_ParentProcessId": "1628", "EventData_ParentImage": "E:\\Software\\Microsoft Visual Studio\\Common7\\IDE\\CommonExtensions\\Platform\\Debugger\\VsDebugConsole.exe", "EventData_ParentCommandLine": "\"E:\\Software\\Microsoft Visual Studio\\Common7\\IDE\\CommonExtensions\\Platform\\Debugger\\VsDebugConsole.exe\" \\\\.\\pipe\\Microsoft-VisualStudio-Debug-Console-9912 Local\\{641F71C9-05A6-43E0-9369-86222711B7BB} /RootProcessId:9912", "EventData_ParentUser": "DESKTOP-P5C3MUD\\user"}
{"Provider_Name": "Microsoft-Windows-Sysmon", "Provider_Guid": "{5770385f-c22a-43e0-bf4c-06f5698ffbd9}", "Provider": null, "EventID_Qualifiers": "", "EventID": "10", "Version": "3", "Level": "4", "Task": "10", "Opcode": "0", "Keywords": "0x8000000000000000", "TimeCreated_SystemTime": "2023-09-27 01:43:09.167267", "TimeCreated": null, "EventRecordID": "27779", "Correlation_ActivityID": "", "Correlation_RelatedActivityID": "", "Correlation": null, "Execution_ProcessID": "3368", "Execution_ThreadID": "4984", "Execution": null, "Channel": "Microsoft-Windows-Sysmon/Operational", "Computer": "DESKTOP-P5C3MUD", "Security_UserID": "S-1-5-18", "Security": null, "EventData_RuleName": "-", "EventData_UtcTime": "2023-09-27 01:43:09.153", "EventData_SourceProcessGUID": "{4557fbaa-88ac-6513-a224-000000000c00}", "EventData_SourceProcessId": "1628", "EventData_SourceThreadId": "5340", "EventData_SourceImage": "E:\\Software\\Microsoft Visual Studio\\Common7\\IDE\\CommonExtensions\\Platform\\Debugger\\VsDebugConsole.exe", "EventData_TargetProcessGUID": "{4557fbaa-88ad-6513-a524-000000000c00}", "EventData_TargetProcessId": "7784", "EventData_TargetImage": "E:\\Experiment\\WINDOWS\u9ed1\u5ba2\u7f16\u7a0b\u6280\u672f\u8be6\u89e3-\u914d\u5957\u8d44\u6e90\\\u7528\u6237\u5c42\\6\\Bypass UAC\\BypassUAC1_Test\\Debug\\BypassUAC1_Test.exe", "EventData_GrantedAccess": "0x001fffff", "EventData_CallTrace": "C:\\Windows\\SYSTEM32\\ntdll.dll+9e764|C:\\Windows\\System32\\KERNELBASE.dll+5b473|C:\\Windows\\System32\\KERNELBASE.dll+597e6|C:\\Windows\\System32\\KERNEL32.DLL+1cec4|E:\\Software\\Microsoft Visual Studio\\Common7\\IDE\\CommonExtensions\\Platform\\Debugger\\VsDebugConsole.exe+1dd4|E:\\Software\\Microsoft Visual Studio\\Common7\\IDE\\CommonExtensions\\Platform\\Debugger\\VsDebugConsole.exe+2637|E:\\Software\\Microsoft Visual Studio\\Common7\\IDE\\CommonExtensions\\Platform\\Debugger\\VsDebugConsole.exe+2a40|E:\\Software\\Microsoft Visual Studio\\Common7\\IDE\\CommonExtensions\\Platform\\Debugger\\VsDebugConsole.exe+2f09|E:\\Software\\Microsoft Visual Studio\\Common7\\IDE\\CommonExtensions\\Platform\\Debugger\\VsDebugConsole.exe+4b38|C:\\Windows\\System32\\KERNEL32.DLL+17344|C:\\Windows\\SYSTEM32\\ntdll.dll+526b1", "EventData_SourceUser": "DESKTOP-P5C3MUD\\user", "EventData_TargetUser": "DESKTOP-P5C3MUD\\user"}
{"Provider_Name": "Microsoft-Windows-Sysmon", "Provider_Guid": "{5770385f-c22a-43e0-bf4c-06f5698ffbd9}", "Provider": null, "EventID_Qualifiers": "", "EventID": "10", "Version": "3", "Level": "4", "Task": "10", "Opcode": "0", "Keywords": "0x8000000000000000", "TimeCreated_SystemTime": "2023-09-27 01:43:09.168299", "TimeCreated": null, "EventRecordID": "27780", "Correlation_ActivityID": "", "Correlation_RelatedActivityID": "", "Correlation": null, "Execution_ProcessID": "3368", "Execution_ThreadID": "4984", "Execution": null, "Channel": "Microsoft-Windows-Sysmon/Operational", "Computer": "DESKTOP-P5C3MUD", "Security_UserID": "S-1-5-18", "Security": null, "EventData_RuleName": "-", "EventData_UtcTime": "2023-09-27 01:43:09.153", "EventData_SourceProcessGUID": "{4557fbaa-e7c4-6502-0900-000000000c00}", "EventData_SourceProcessId": "592", "EventData_SourceThreadId": "568", "EventData_SourceImage": "C:\\Windows\\system32\\csrss.exe", "EventData_TargetProcessGUID": "{4557fbaa-88ad-6513-a524-000000000c00}", "EventData_TargetProcessId": "7784", "EventData_TargetImage": "E:\\Experiment\\WINDOWS\u9ed1\u5ba2\u7f16\u7a0b\u6280\u672f\u8be6\u89e3-\u914d\u5957\u8d44\u6e90\\\u7528\u6237\u5c42\\6\\Bypass UAC\\BypassUAC1_Test\\Debug\\BypassUAC1_Test.exe", "EventData_GrantedAccess": "0x001fffff", "EventData_CallTrace": "C:\\Windows\\SYSTEM32\\ntdll.dll+9d314|C:\\Windows\\system32\\basesrv.DLL+326f|C:\\Windows\\SYSTEM32\\CSRSRV.dll+6490|C:\\Windows\\SYSTEM32\\ntdll.dll+526bf", "EventData_SourceUser": "NT AUTHORITY\\SYSTEM", "EventData_TargetUser": "DESKTOP-P5C3MUD\\user"}
{"Provider_Name": "Microsoft-Windows-Sysmon", "Provider_Guid": "{5770385f-c22a-43e0-bf4c-06f5698ffbd9}", "Provider": null, "EventID_Qualifiers": "", "EventID": "10", "Version": "3", "Level": "4", "Task": "10", "Opcode": "0", "Keywords": "0x8000000000000000", "TimeCreated_SystemTime": "2023-09-27 01:43:09.168959", "TimeCreated": null, "EventRecordID": "27781", "Correlation_ActivityID": "", "Correlation_RelatedActivityID": "", "Correlation": null, "Execution_ProcessID": "3368", "Execution_ThreadID": "4984", "Execution": null, "Channel": "Microsoft-Windows-Sysmon/Operational", "Computer": "DESKTOP-P5C3MUD", "Security_UserID": "S-1-5-18", "Security": null, "EventData_RuleName": "-", "EventData_UtcTime": "2023-09-27 01:43:09.153", "EventData_SourceProcessGUID": "{4557fbaa-83de-6513-8423-000000000c00}", "EventData_SourceProcessId": "9912", "EventData_SourceThreadId": "14272", "EventData_SourceImage": "E:\\Software\\Microsoft Visual Studio\\Common7\\IDE\\devenv.exe", "EventData_TargetProcessGUID": "{4557fbaa-88ad-6513-a524-000000000c00}", "EventData_TargetProcessId": "7784", "EventData_TargetImage": "E:\\Experiment\\WINDOWS\u9ed1\u5ba2\u7f16\u7a0b\u6280\u672f\u8be6\u89e3-\u914d\u5957\u8d44\u6e90\\\u7528\u6237\u5c42\\6\\Bypass UAC\\BypassUAC1_Test\\Debug\\BypassUAC1_Test.exe", "EventData_GrantedAccess": "0x001fffff", "EventData_CallTrace": "C:\\Windows\\SYSTEM32\\ntdll.dll+9d314|C:\\Windows\\System32\\KERNELBASE.dll+308ee|E:\\Software\\Microsoft Visual Studio\\Common7\\Packages\\Debugger\\vsdebugeng.impl.DLL+18a94|E:\\Software\\Microsoft Visual Studio\\Common7\\Packages\\Debugger\\vsdebugeng.impl.DLL+1a2d5|E:\\Software\\Microsoft Visual Studio\\Common7\\Packages\\Debugger\\vsdebugeng.impl.DLL+1a98f|E:\\Software\\Microsoft Visual Studio\\Common7\\IDE\\vsdebugeng.dll+35c1|E:\\Software\\Microsoft Visual Studio\\Common7\\IDE\\vsdebugeng.dll+2ecb|E:\\Software\\Microsoft Visual Studio\\Common7\\IDE\\vsdebugeng.dll+2d67|C:\\Windows\\System32\\KERNEL32.DLL+17344|C:\\Windows\\SYSTEM32\\ntdll.dll+526b1", "EventData_SourceUser": "DESKTOP-P5C3MUD\\user", "EventData_TargetUser": "DESKTOP-P5C3MUD\\user"}
{"Provider_Name": "Microsoft-Windows-Sysmon", "Provider_Guid": "{5770385f-c22a-43e0-bf4c-06f5698ffbd9}", "Provider": null, "EventID_Qualifiers": "", "EventID": "12", "Version": "2", "Level": "4", "Task": "12", "Opcode": "0", "Keywords": "0x8000000000000000", "TimeCreated_SystemTime": "2023-09-27 01:43:09.170856", "TimeCreated": null, "EventRecordID": "27782", "Correlation_ActivityID": "", "Correlation_RelatedActivityID": "", "Correlation": null, "Execution_ProcessID": "3368", "Execution_ThreadID": "4984", "Execution": null, "Channel": "Microsoft-Windows-Sysmon/Operational", "Computer": "DESKTOP-P5C3MUD", "Security_UserID": "S-1-5-18", "Security": null, "EventData_RuleName": "-", "EventData_EventType": "CreateKey", "EventData_UtcTime": "2023-09-27 01:43:09.169", "EventData_ProcessGuid": "{4557fbaa-e819-6502-cc00-000000000c00}", "EventData_ProcessId": "6548", "EventData_Image": "C:\\Windows\\system32\\ctfmon.exe", "EventData_TargetObject": "HKU\\S-1-5-21-2994737283-653069417-2221972583-1001\\SOFTWARE\\Microsoft\\Input\\TypingInsights", "EventData_User": "DESKTOP-P5C3MUD\\user"}
{"Provider_Name": "Microsoft-Windows-Sysmon", "Provider_Guid": "{5770385f-c22a-43e0-bf4c-06f5698ffbd9}", "Provider": null, "EventID_Qualifiers": "", "EventID": "13", "Version": "2", "Level": "4", "Task": "13", "Opcode": "0", "Keywords": "0x8000000000000000", "TimeCreated_SystemTime": "2023-09-27 01:43:09.170889", "TimeCreated": null, "EventRecordID": "27783", "Correlation_ActivityID": "", "Correlation_RelatedActivityID": "", "Correlation": null, "Execution_ProcessID": "3368", "Execution_ThreadID": "4984", "Execution": null, "Channel": "Microsoft-Windows-Sysmon/Operational", "Computer": "DESKTOP-P5C3MUD", "Security_UserID": "S-1-5-18", "Security": null, "EventData_RuleName": "-", "EventData_EventType": "SetValue", "EventData_UtcTime": "2023-09-27 01:43:09.169", "EventData_ProcessGuid": "{4557fbaa-e819-6502-cc00-000000000c00}", "EventData_ProcessId": "6548", "EventData_Image": "C:\\Windows\\system32\\ctfmon.exe", "EventData_TargetObject": "HKU\\S-1-5-21-2994737283-653069417-2221972583-1001\\SOFTWARE\\Microsoft\\Input\\TypingInsights\\Insights", "EventData_Details": "Binary Data", "EventData_User": "DESKTOP-P5C3MUD\\user"}
{"Provider_Name": "Microsoft-Windows-Sysmon", "Provider_Guid": "{5770385f-c22a-43e0-bf4c-06f5698ffbd9}", "Provider": null, "EventID_Qualifiers": "", "EventID": "7", "Version": "3", "Level": "4", "Task": "7", "Opcode": "0", "Keywords": "0x8000000000000000", "TimeCreated_SystemTime": "2023-09-27 01:43:09.171291", "TimeCreated": null, "EventRecordID": "27784", "Correlation_ActivityID": "", "Correlation_RelatedActivityID": "", "Correlation": null, "Execution_ProcessID": "3368", "Execution_ThreadID": "4984", "Execution": null, "Channel": "Microsoft-Windows-Sysmon/Operational", "Computer": "DESKTOP-P5C3MUD", "Security_UserID": "S-1-5-18", "Security": null, "EventData_RuleName": "-", "EventData_UtcTime": "2023-09-27 01:43:09.169", "EventData_ProcessGuid": "{4557fbaa-88ad-6513-a524-000000000c00}", "EventData_ProcessId": "7784", "EventData_Image": "E:\\Experiment\\WINDOWS\u9ed1\u5ba2\u7f16\u7a0b\u6280\u672f\u8be6\u89e3-\u914d\u5957\u8d44\u6e90\\\u7528\u6237\u5c42\\6\\Bypass UAC\\BypassUAC1_Test\\Debug\\BypassUAC1_Test.exe", "EventData_ImageLoaded": "C:\\Windows\\System32\\ntdll.dll", "EventData_FileVersion": "10.0.19041.3393 (WinBuild.160101.0800)", "EventData_Description": "NT Layer DLL", "EventData_Product": "Microsoft\u00ae Windows\u00ae Operating System", "EventData_Company": "Microsoft Corporation", "EventData_OriginalFileName": "ntdll.dll", "EventData_Hashes": "SHA1=8047327CEFB24B1DFA5E1F4965FDB25C3E717642,MD5=62A8F85897022E08D1CCCB2C3AC6C8DE,SHA256=590E0BB26B4A24B0A787C7B8CACED643D8AECFE71140D1BD51A73D5D65B0AF94,IMPHASH=00000000000000000000000000000000", "EventData_Signed": "true", "EventData_Signature": "Microsoft Windows", "EventData_SignatureStatus": "Valid", "EventData_User": "DESKTOP-P5C3MUD\\user"}
{"Provider_Name": "Microsoft-Windows-Sysmon", "Provider_Guid": "{5770385f-c22a-43e0-bf4c-06f5698ffbd9}", "Provider": null, "EventID_Qualifiers": "", "EventID": "7", "Version": "3", "Level": "4", "Task": "7", "Opcode": "0", "Keywords": "0x8000000000000000", "TimeCreated_SystemTime": "2023-09-27 01:43:09.172064", "TimeCreated": null, "EventRecordID": "27785", "Correlation_ActivityID": "", "Correlation_RelatedActivityID": "", "Correlation": null, "Execution_ProcessID": "3368", "Execution_ThreadID": "4984", "Execution": null, "Channel": "Microsoft-Windows-Sysmon/Operational", "Computer": "DESKTOP-P5C3MUD", "Security_UserID": "S-1-5-18", "Security": null, "EventData_RuleName": "-", "EventData_UtcTime": "2023-09-27 01:43:09.169", "EventData_ProcessGuid": "{4557fbaa-88ad-6513-a524-000000000c00}", "EventData_ProcessId": "7784", "EventData_Image": "E:\\Experiment\\WINDOWS\u9ed1\u5ba2\u7f16\u7a0b\u6280\u672f\u8be6\u89e3-\u914d\u5957\u8d44\u6e90\\\u7528\u6237\u5c42\\6\\Bypass UAC\\BypassUAC1_Test\\Debug\\BypassUAC1_Test.exe", "EventData_ImageLoaded": "C:\\Windows\\SysWOW64\\ntdll.dll", "EventData_FileVersion": "10.0.19041.3393 (WinBuild.160101.0800)", "EventData_Description": "NT Layer DLL", "EventData_Product": "Microsoft\u00ae Windows\u00ae Operating System", "EventData_Company": "Microsoft Corporation", "EventData_OriginalFileName": "ntdll.dll", "EventData_Hashes": "SHA1=F295D781607346449289253F07DCB1423CAE1BE8,MD5=D813A601075A811B84141782D1B9FAF1,SHA256=98369370E3E0CFD3950B8C2121785C4EADBE621B7BEDD1BDF5B421548EA29AB8,IMPHASH=00000000000000000000000000000000", "EventData_Signed": "true", "EventData_Signature": "Microsoft Windows", "EventData_SignatureStatus": "Valid", "EventData_User": "DESKTOP-P5C3MUD\\user"}
