{"Provider_Name": "Microsoft-Windows-Sysmon", "Provider_Guid": "{5770385f-c22a-43e0-bf4c-06f5698ffbd9}", "Provider": null, "EventID_Qualifiers": "", "EventID": "12", "Version": "2", "Level": "4", "Task": "12", "Opcode": "0", "Keywords": "0x8000000000000000", "TimeCreated_SystemTime": "2023-09-27 01:43:09.438967", "TimeCreated": null, "EventRecordID": "28027", "Correlation_ActivityID": "", "Correlation_RelatedActivityID": "", "Correlation": null, "Execution_ProcessID": "3368", "Execution_ThreadID": "4984", "Execution": null, "Channel": "Microsoft-Windows-Sysmon/Operational", "Computer": "DESKTOP-P5C3MUD", "Security_UserID": "S-1-5-18", "Security": null, "EventData_RuleName": "-", "EventData_EventType": "CreateKey", "EventData_UtcTime": "2023-09-27 01:43:09.434", "EventData_ProcessGuid": "{4557fbaa-88ad-6513-a724-000000000c00}", "EventData_ProcessId": "11348", "EventData_Image": "C:\\Windows\\system32\\CompMgmtLauncher.exe", "EventData_TargetObject": "HKLM\\SOFTWARE\\Policies\\Microsoft\\SystemCertificates\\trust\\CTLs", "EventData_User": "DESKTOP-P5C3MUD\\user"}
{"Provider_Name": "Microsoft-Windows-Sysmon", "Provider_Guid": "{5770385f-c22a-43e0-bf4c-06f5698ffbd9}", "Provider": null, "EventID_Qualifiers": "", "EventID": "12", "Version": "2", "Level": "4", "Task": "12", "Opcode": "0", "Keywords": "0x8000000000000000", "TimeCreated_SystemTime": "2023-09-27 01:43:09.438986", "TimeCreated": null, "EventRecordID": "28028", "Correlation_ActivityID": "", "Correlation_RelatedActivityID": "", "Correlation": null, "Execution_ProcessID": "3368", "Execution_ThreadID": "4984", "Execution": null, "Channel": "Microsoft-Windows-Sysmon/Operational", "Computer": "DESKTOP-P5C3MUD", "Security_UserID": "S-1-5-18", "Security": null, "EventData_RuleName": "-", "EventData_EventType": "CreateKey", "EventData_UtcTime": "2023-09-27 01:43:09.434", "EventData_ProcessGuid": "{4557fbaa-88ad-6513-a724-000000000c00}", "EventData_ProcessId": "11348", "EventData_Image": "C:\\Windows\\system32\\CompMgmtLauncher.exe", "EventData_TargetObject": "HKLM\\SOFTWARE\\Microsoft\\EnterpriseCertificates\\Trust", "EventData_User": "DESKTOP-P5C3MUD\\user"}
{"Provider_Name": "Microsoft-Windows-Sysmon", "Provider_Guid": "{5770385f-c22a-43e0-bf4c-06f5698ffbd9}", "Provider": null, "EventID_Qualifiers": "", "EventID": "12", "Version": "2", "Level": "4", "Task": "12", "Opcode": "0", "Keywords": "0x8000000000000000", "TimeCreated_SystemTime": "2023-09-27 01:43:09.439001", "TimeCreated": null, "EventRecordID": "28029", "Correlation_ActivityID": "", "Correlation_RelatedActivityID": "", "Correlation": null, "Execution_ProcessID": "3368", "Execution_ThreadID": "4984", "Execution": null, "Channel": "Microsoft-Windows-Sysmon/Operational", "Computer": "DESKTOP-P5C3MUD", "Security_UserID": "S-1-5-18", "Security": null, "EventData_RuleName": "-", "EventData_EventType": "CreateKey", "EventData_UtcTime": "2023-09-27 01:43:09.434", "EventData_ProcessGuid": "{4557fbaa-88ad-6513-a724-000000000c00}", "EventData_ProcessId": "11348", "EventData_Image": "C:\\Windows\\system32\\CompMgmtLauncher.exe", "EventData_TargetObject": "HKLM\\SOFTWARE\\Microsoft\\EnterpriseCertificates\\Trust", "EventData_User": "DESKTOP-P5C3MUD\\user"}
{"Provider_Name": "Microsoft-Windows-Sysmon", "Provider_Guid": "{5770385f-c22a-43e0-bf4c-06f5698ffbd9}", "Provider": null, "EventID_Qualifiers": "", "EventID": "12", "Version": "2", "Level": "4", "Task": "12", "Opcode": "0", "Keywords": "0x8000000000000000", "TimeCreated_SystemTime": "2023-09-27 01:43:09.439020", "TimeCreated": null, "EventRecordID": "28030", "Correlation_ActivityID": "", "Correlation_RelatedActivityID": "", "Correlation": null, "Execution_ProcessID": "3368", "Execution_ThreadID": "4984", "Execution": null, "Channel": "Microsoft-Windows-Sysmon/Operational", "Computer": "DESKTOP-P5C3MUD", "Security_UserID": "S-1-5-18", "Security": null, "EventData_RuleName": "-", "EventData_EventType": "CreateKey", "EventData_UtcTime": "2023-09-27 01:43:09.434", "EventData_ProcessGuid": "{4557fbaa-88ad-6513-a724-000000000c00}", "EventData_ProcessId": "11348", "EventData_Image": "C:\\Windows\\system32\\CompMgmtLauncher.exe", "EventData_TargetObject": "HKLM\\SOFTWARE\\Microsoft\\EnterpriseCertificates\\Trust\\Certificates", "EventData_User": "DESKTOP-P5C3MUD\\user"}
{"Provider_Name": "Microsoft-Windows-Sysmon", "Provider_Guid": "{5770385f-c22a-43e0-bf4c-06f5698ffbd9}", "Provider": null, "EventID_Qualifiers": "", "EventID": "12", "Version": "2", "Level": "4", "Task": "12", "Opcode": "0", "Keywords": "0x8000000000000000", "TimeCreated_SystemTime": "2023-09-27 01:43:09.439037", "TimeCreated": null, "EventRecordID": "28031", "Correlation_ActivityID": "", "Correlation_RelatedActivityID": "", "Correlation": null, "Execution_ProcessID": "3368", "Execution_ThreadID": "4984", "Execution": null, "Channel": "Microsoft-Windows-Sysmon/Operational", "Computer": "DESKTOP-P5C3MUD", "Security_UserID": "S-1-5-18", "Security": null, "EventData_RuleName": "-", "EventData_EventType": "CreateKey", "EventData_UtcTime": "2023-09-27 01:43:09.434", "EventData_ProcessGuid": "{4557fbaa-88ad-6513-a724-000000000c00}", "EventData_ProcessId": "11348", "EventData_Image": "C:\\Windows\\system32\\CompMgmtLauncher.exe", "EventData_TargetObject": "HKLM\\SOFTWARE\\Microsoft\\EnterpriseCertificates\\Trust\\CRLs", "EventData_User": "DESKTOP-P5C3MUD\\user"}
{"Provider_Name": "Microsoft-Windows-Sysmon", "Provider_Guid": "{5770385f-c22a-43e0-bf4c-06f5698ffbd9}", "Provider": null, "EventID_Qualifiers": "", "EventID": "12", "Version": "2", "Level": "4", "Task": "12", "Opcode": "0", "Keywords": "0x8000000000000000", "TimeCreated_SystemTime": "2023-09-27 01:43:09.439054", "TimeCreated": null, "EventRecordID": "28032", "Correlation_ActivityID": "", "Correlation_RelatedActivityID": "", "Correlation": null, "Execution_ProcessID": "3368", "Execution_ThreadID": "4984", "Execution": null, "Channel": "Microsoft-Windows-Sysmon/Operational", "Computer": "DESKTOP-P5C3MUD", "Security_UserID": "S-1-5-18", "Security": null, "EventData_RuleName": "-", "EventData_EventType": "CreateKey", "EventData_UtcTime": "2023-09-27 01:43:09.434", "EventData_ProcessGuid": "{4557fbaa-88ad-6513-a724-000000000c00}", "EventData_ProcessId": "11348", "EventData_Image": "C:\\Windows\\system32\\CompMgmtLauncher.exe", "EventData_TargetObject": "HKLM\\SOFTWARE\\Microsoft\\EnterpriseCertificates\\Trust\\CTLs", "EventData_User": "DESKTOP-P5C3MUD\\user"}
{"Provider_Name": "Microsoft-Windows-Sysmon", "Provider_Guid": "{5770385f-c22a-43e0-bf4c-06f5698ffbd9}", "Provider": null, "EventID_Qualifiers": "", "EventID": "7", "Version": "3", "Level": "4", "Task": "7", "Opcode": "0", "Keywords": "0x8000000000000000", "TimeCreated_SystemTime": "2023-09-27 01:43:09.439175", "TimeCreated": null, "EventRecordID": "28033", "Correlation_ActivityID": "", "Correlation_RelatedActivityID": "", "Correlation": null, "Execution_ProcessID": "3368", "Execution_ThreadID": "4984", "Execution": null, "Channel": "Microsoft-Windows-Sysmon/Operational", "Computer": "DESKTOP-P5C3MUD", "Security_UserID": "S-1-5-18", "Security": null, "EventData_RuleName": "-", "EventData_UtcTime": "2023-09-27 01:43:09.434", "EventData_ProcessGuid": "{4557fbaa-88ad-6513-a724-000000000c00}", "EventData_ProcessId": "11348", "EventData_Image": "C:\\Windows\\System32\\CompMgmtLauncher.exe", "EventData_ImageLoaded": "C:\\Windows\\System32\\gpapi.dll", "EventData_FileVersion": "10.0.19041.3393 (WinBuild.160101.0800)", "EventData_Description": "Group Policy Client API", "EventData_Product": "Microsoft\u00ae Windows\u00ae Operating System", "EventData_Company": "Microsoft Corporation", "EventData_OriginalFileName": "gpapi.dll", "EventData_Hashes": "SHA1=216EE31F1642FC7841F6BCAE2079B014CAE93275,MD5=4901305FA74F250F53AEB90F8F7D2B46,SHA256=64FF5F11A70CDCF21B413074ED8A39456A583497D52D5BC2432351D8A0E39D85,IMPHASH=5DABEC1BC8E76084EDACD112F77CACD1", "EventData_Signed": "true", "EventData_Signature": "Microsoft Windows", "EventData_SignatureStatus": "Valid", "EventData_User": "DESKTOP-P5C3MUD\\user"}
{"Provider_Name": "Microsoft-Windows-Sysmon", "Provider_Guid": "{5770385f-c22a-43e0-bf4c-06f5698ffbd9}", "Provider": null, "EventID_Qualifiers": "", "EventID": "12", "Version": "2", "Level": "4", "Task": "12", "Opcode": "0", "Keywords": "0x8000000000000000", "TimeCreated_SystemTime": "2023-09-27 01:43:09.439207", "TimeCreated": null, "EventRecordID": "28034", "Correlation_ActivityID": "", "Correlation_RelatedActivityID": "", "Correlation": null, "Execution_ProcessID": "3368", "Execution_ThreadID": "4984", "Execution": null, "Channel": "Microsoft-Windows-Sysmon/Operational", "Computer": "DESKTOP-P5C3MUD", "Security_UserID": "S-1-5-18", "Security": null, "EventData_RuleName": "-", "EventData_EventType": "CreateKey", "EventData_UtcTime": "2023-09-27 01:43:09.434", "EventData_ProcessGuid": "{4557fbaa-e803-6502-8700-000000000c00}", "EventData_ProcessId": "5920", "EventData_Image": "C:\\Windows\\system32\\svchost.exe", "EventData_TargetObject": "HKU\\S-1-5-21-2994737283-653069417-2221972583-1001\\SOFTWARE\\Microsoft\\Windows\\CurrentVersion\\Notifications\\Settings\\Windows.Defender.SecurityCenter", "EventData_User": "DESKTOP-P5C3MUD\\user"}
{"Provider_Name": "Microsoft-Windows-Sysmon", "Provider_Guid": "{5770385f-c22a-43e0-bf4c-06f5698ffbd9}", "Provider": null, "EventID_Qualifiers": "", "EventID": "13", "Version": "2", "Level": "4", "Task": "13", "Opcode": "0", "Keywords": "0x8000000000000000", "TimeCreated_SystemTime": "2023-09-27 01:43:09.439276", "TimeCreated": null, "EventRecordID": "28035", "Correlation_ActivityID": "", "Correlation_RelatedActivityID": "", "Correlation": null, "Execution_ProcessID": "3368", "Execution_ThreadID": "4984", "Execution": null, "Channel": "Microsoft-Windows-Sysmon/Operational", "Computer": "DESKTOP-P5C3MUD", "Security_UserID": "S-1-5-18", "Security": null, "EventData_RuleName": "-", "EventData_EventType": "SetValue", "EventData_UtcTime": "2023-09-27 01:43:09.434", "EventData_ProcessGuid": "{4557fbaa-e803-6502-8700-000000000c00}", "EventData_ProcessId": "5920", "EventData_Image": "C:\\Windows\\system32\\svchost.exe", "EventData_TargetObject": "HKU\\S-1-5-21-2994737283-653069417-2221972583-1001\\SOFTWARE\\Microsoft\\Windows\\CurrentVersion\\Notifications\\Settings\\Windows.Defender.SecurityCenter\\LastNotificationAddedTime", "EventData_Details": "QWORD (0x01d9f0e3-0xf812884e)", "EventData_User": "DESKTOP-P5C3MUD\\user"}
{"Provider_Name": "Microsoft-Windows-Sysmon", "Provider_Guid": "{5770385f-c22a-43e0-bf4c-06f5698ffbd9}", "Provider": null, "EventID_Qualifiers": "", "EventID": "10", "Version": "3", "Level": "4", "Task": "10", "Opcode": "0", "Keywords": "0x8000000000000000", "TimeCreated_SystemTime": "2023-09-27 01:43:09.446543", "TimeCreated": null, "EventRecordID": "28036", "Correlation_ActivityID": "", "Correlation_RelatedActivityID": "", "Correlation": null, "Execution_ProcessID": "3368", "Execution_ThreadID": "4984", "Execution": null, "Channel": "Microsoft-Windows-Sysmon/Operational", "Computer": "DESKTOP-P5C3MUD", "Security_UserID": "S-1-5-18", "Security": null, "EventData_RuleName": "-", "EventData_UtcTime": "2023-09-27 01:43:09.434", "EventData_SourceProcessGUID": "{4557fbaa-e7c5-6502-0d00-000000000c00}", "EventData_SourceProcessId": "868", "EventData_SourceThreadId": "9564", "EventData_SourceImage": "C:\\Windows\\system32\\svchost.exe", "EventData_TargetProcessGUID": "{4557fbaa-e98b-6502-0d01-000000000c00}", "EventData_TargetProcessId": "6312", "EventData_TargetImage": "C:\\Windows\\SystemApps\\ShellExperienceHost_cw5n1h2txyewy\\ShellExperienceHost.exe", "EventData_GrantedAccess": "0x00003000", "EventData_CallTrace": "C:\\Windows\\SYSTEM32\\ntdll.dll+9d314|C:\\Windows\\SYSTEM32\\psmserviceexthost.dll+2a65f|C:\\Windows\\SYSTEM32\\psmserviceexthost.dll+23661|C:\\Windows\\SYSTEM32\\psmserviceexthost.dll+17dba|C:\\Windows\\SYSTEM32\\psmserviceexthost.dll+1ae36|C:\\Windows\\SYSTEM32\\psmserviceexthost.dll+18e4f|C:\\Windows\\SYSTEM32\\ntdll.dll+62230|C:\\Windows\\SYSTEM32\\ntdll.dll+531ba|C:\\Windows\\System32\\KERNEL32.DLL+17344|C:\\Windows\\SYSTEM32\\ntdll.dll+526b1", "EventData_SourceUser": "NT AUTHORITY\\SYSTEM", "EventData_TargetUser": "DESKTOP-P5C3MUD\\user"}
{"Provider_Name": "Microsoft-Windows-Sysmon", "Provider_Guid": "{5770385f-c22a-43e0-bf4c-06f5698ffbd9}", "Provider": null, "EventID_Qualifiers": "", "EventID": "7", "Version": "3", "Level": "4", "Task": "7", "Opcode": "0", "Keywords": "0x8000000000000000", "TimeCreated_SystemTime": "2023-09-27 01:43:09.446886", "TimeCreated": null, "EventRecordID": "28037", "Correlation_ActivityID": "", "Correlation_RelatedActivityID": "", "Correlation": null, "Execution_ProcessID": "3368", "Execution_ThreadID": "4988", "Execution": null, "Channel": "Microsoft-Windows-Sysmon/Operational", "Computer": "DESKTOP-P5C3MUD", "Security_UserID": "S-1-5-18", "Security": null, "EventData_RuleName": "-", "EventData_UtcTime": "2023-09-27 01:43:09.403", "EventData_ProcessGuid": "{4557fbaa-88ad-6513-a724-000000000c00}", "EventData_ProcessId": "11348", "EventData_Image": "C:\\Windows\\System32\\CompMgmtLauncher.exe", "EventData_ImageLoaded": "E:\\Software\\Winrar\\RarExt.dll", "EventData_FileVersion": "6.11.0", "EventData_Description": "WinRAR \u5916\u58f3\u6269\u5c55", "EventData_Product": "WinRAR \u538b\u7f29\u7ba1\u7406\u8f6f\u4ef6", "EventData_Company": "\u5168\u7403\u53d1\u884c\u5546 win.rar GmbH", "EventData_OriginalFileName": "RarExt.dll", "EventData_Hashes": "SHA1=5F5B7422CE5B92830B878188E1A5976E4EACB2F7,MD5=8ED281FA903EE6AB391752A80C624270,SHA256=834FAC43FAFE3741D021DE57304753914E9F8B596307620A19A93CFE7D7E5B9D,IMPHASH=A8504009DBC4ED5CFE4D78A42D3D110C", "EventData_Signed": "true", "EventData_Signature": "win.rar GmbH", "EventData_SignatureStatus": "Valid", "EventData_User": "DESKTOP-P5C3MUD\\user"}
{"Provider_Name": "Microsoft-Windows-Sysmon", "Provider_Guid": "{5770385f-c22a-43e0-bf4c-06f5698ffbd9}", "Provider": null, "EventID_Qualifiers": "", "EventID": "12", "Version": "2", "Level": "4", "Task": "12", "Opcode": "0", "Keywords": "0x8000000000000000", "TimeCreated_SystemTime": "2023-09-27 01:43:09.451750", "TimeCreated": null, "EventRecordID": "28038", "Correlation_ActivityID": "", "Correlation_RelatedActivityID": "", "Correlation": null, "Execution_ProcessID": "3368", "Execution_ThreadID": "4984", "Execution": null, "Channel": "Microsoft-Windows-Sysmon/Operational", "Computer": "DESKTOP-P5C3MUD", "Security_UserID": "S-1-5-18", "Security": null, "EventData_RuleName": "-", "EventData_EventType": "CreateKey", "EventData_UtcTime": "2023-09-27 01:43:09.450", "EventData_ProcessGuid": "{4557fbaa-e7c5-6502-0d00-000000000c00}", "EventData_ProcessId": "868", "EventData_Image": "C:\\Windows\\system32\\svchost.exe", "EventData_TargetObject": "HKU\\S-1-5-21-2994737283-653069417-2221972583-1001\\SOFTWARE\\Microsoft\\Windows NT\\CurrentVersion\\HostActivityManager", "EventData_User": "NT AUTHORITY\\SYSTEM"}
{"Provider_Name": "Microsoft-Windows-Sysmon", "Provider_Guid": "{5770385f-c22a-43e0-bf4c-06f5698ffbd9}", "Provider": null, "EventID_Qualifiers": "", "EventID": "7", "Version": "3", "Level": "4", "Task": "7", "Opcode": "0", "Keywords": "0x8000000000000000", "TimeCreated_SystemTime": "2023-09-27 01:43:09.451899", "TimeCreated": null, "EventRecordID": "28039", "Correlation_ActivityID": "", "Correlation_RelatedActivityID": "", "Correlation": null, "Execution_ProcessID": "3368", "Execution_ThreadID": "4988", "Execution": null, "Channel": "Microsoft-Windows-Sysmon/Operational", "Computer": "DESKTOP-P5C3MUD", "Security_UserID": "S-1-5-18", "Security": null, "EventData_RuleName": "-", "EventData_UtcTime": "2023-09-27 01:43:09.403", "EventData_ProcessGuid": "{4557fbaa-88ad-6513-a724-000000000c00}", "EventData_ProcessId": "11348", "EventData_Image": "C:\\Windows\\System32\\CompMgmtLauncher.exe", "EventData_ImageLoaded": "C:\\Windows\\System32\\msimg32.dll", "EventData_FileVersion": "10.0.19041.1466 (WinBuild.160101.0800)", "EventData_Description": "GDIEXT Client DLL", "EventData_Product": "Microsoft\u00ae Windows\u00ae Operating System", "EventData_Company": "Microsoft Corporation", "EventData_OriginalFileName": "gdiext", "EventData_Hashes": "SHA1=7B43A3AB7313D1AA7357631271EBF7EA8AACAAC3,MD5=D44EE076735FC850ECA92787B3E70B54,SHA256=057DB2498A0660BB1C4F28143CD9488BA52788891B3B84E5F690F7F8D035547A,IMPHASH=B7EF9630C9E2EAA54D80CF5332520503", "EventData_Signed": "true", "EventData_Signature": "Microsoft Windows", "EventData_SignatureStatus": "Valid", "EventData_User": "DESKTOP-P5C3MUD\\user"}
{"Provider_Name": "Microsoft-Windows-Sysmon", "Provider_Guid": "{5770385f-c22a-43e0-bf4c-06f5698ffbd9}", "Provider": null, "EventID_Qualifiers": "", "EventID": "7", "Version": "3", "Level": "4", "Task": "7", "Opcode": "0", "Keywords": "0x8000000000000000", "TimeCreated_SystemTime": "2023-09-27 01:43:09.454275", "TimeCreated": null, "EventRecordID": "28040", "Correlation_ActivityID": "", "Correlation_RelatedActivityID": "", "Correlation": null, "Execution_ProcessID": "3368", "Execution_ThreadID": "4984", "Execution": null, "Channel": "Microsoft-Windows-Sysmon/Operational", "Computer": "DESKTOP-P5C3MUD", "Security_UserID": "S-1-5-18", "Security": null, "EventData_RuleName": "-", "EventData_UtcTime": "2023-09-27 01:43:09.450", "EventData_ProcessGuid": "{4557fbaa-88ad-6513-a724-000000000c00}", "EventData_ProcessId": "11348", "EventData_Image": "C:\\Windows\\System32\\CompMgmtLauncher.exe", "EventData_ImageLoaded": "C:\\Windows\\System32\\msxml6.dll", "EventData_FileVersion": "6.30.19041.3393", "EventData_Description": "MSXML 6.0", "EventData_Product": "Microsoft XML Core Services", "EventData_Company": "Microsoft Corporation", "EventData_OriginalFileName": "MSXML6.dll", "EventData_Hashes": "SHA1=9E0FB03B8AFDC0A76E461F58F67B8711EF079C96,MD5=A3DDBCDAFE05F4818D6C53D729329D4B,SHA256=D6751A4811EB714AB7D433FB9EDA4F2E8538E6195A79C488E6F335DEE4308ED4,IMPHASH=270CBB0B9C5AF7C41C858BBF811401F3", "EventData_Signed": "true", "EventData_Signature": "Microsoft Windows", "EventData_SignatureStatus": "Valid", "EventData_User": "DESKTOP-P5C3MUD\\user"}
{"Provider_Name": "Microsoft-Windows-Sysmon", "Provider_Guid": "{5770385f-c22a-43e0-bf4c-06f5698ffbd9}", "Provider": null, "EventID_Qualifiers": "", "EventID": "12", "Version": "2", "Level": "4", "Task": "12", "Opcode": "0", "Keywords": "0x8000000000000000", "TimeCreated_SystemTime": "2023-09-27 01:43:09.456244", "TimeCreated": null, "EventRecordID": "28041", "Correlation_ActivityID": "", "Correlation_RelatedActivityID": "", "Correlation": null, "Execution_ProcessID": "3368", "Execution_ThreadID": "4984", "Execution": null, "Channel": "Microsoft-Windows-Sysmon/Operational", "Computer": "DESKTOP-P5C3MUD", "Security_UserID": "S-1-5-18", "Security": null, "EventData_RuleName": "-", "EventData_EventType": "CreateKey", "EventData_UtcTime": "2023-09-27 01:43:09.450", "EventData_ProcessGuid": "{4557fbaa-e7c5-6502-0d00-000000000c00}", "EventData_ProcessId": "868", "EventData_Image": "C:\\Windows\\system32\\svchost.exe", "EventData_TargetObject": "HKU\\S-1-5-21-2994737283-653069417-2221972583-1001\\SOFTWARE\\Microsoft\\Windows NT\\CurrentVersion\\HostActivityManager", "EventData_User": "NT AUTHORITY\\SYSTEM"}
{"Provider_Name": "Microsoft-Windows-Sysmon", "Provider_Guid": "{5770385f-c22a-43e0-bf4c-06f5698ffbd9}", "Provider": null, "EventID_Qualifiers": "", "EventID": "7", "Version": "3", "Level": "4", "Task": "7", "Opcode": "0", "Keywords": "0x8000000000000000", "TimeCreated_SystemTime": "2023-09-27 01:43:09.456562", "TimeCreated": null, "EventRecordID": "28042", "Correlation_ActivityID": "", "Correlation_RelatedActivityID": "", "Correlation": null, "Execution_ProcessID": "3368", "Execution_ThreadID": "4988", "Execution": null, "Channel": "Microsoft-Windows-Sysmon/Operational", "Computer": "DESKTOP-P5C3MUD", "Security_UserID": "S-1-5-18", "Security": null, "EventData_RuleName": "-", "EventData_UtcTime": "2023-09-27 01:43:09.419", "EventData_ProcessGuid": "{4557fbaa-88ad-6513-a724-000000000c00}", "EventData_ProcessId": "11348", "EventData_Image": "C:\\Windows\\System32\\CompMgmtLauncher.exe", "EventData_ImageLoaded": "C:\\Program Files\\Windows Defender\\shellext.dll", "EventData_FileVersion": "4.18.1907.16384 (WinBuild.160101.0800)", "EventData_Description": "Microsoft Security Client Shell Extension", "EventData_Product": "Microsoft\u00ae Windows\u00ae Operating System", "EventData_Company": "Microsoft Corporation", "EventData_OriginalFileName": "ShellExt.dll", "EventData_Hashes": "SHA1=D969B2AA05D1BB5A4D8339A848B98AD8CA8E0249,MD5=D9D32EB569C999806408B0BDB34C0DD6,SHA256=A7DD88F4568565CE0A76238FAED9010172CA63F96D31C07F735DDA04EBD79E57,IMPHASH=A93EF7C4BE19A9B226E04F9585EEB5AE", "EventData_Signed": "true", "EventData_Signature": "Microsoft Windows", "EventData_SignatureStatus": "Valid", "EventData_User": "DESKTOP-P5C3MUD\\user"}
{"Provider_Name": "Microsoft-Windows-Sysmon", "Provider_Guid": "{5770385f-c22a-43e0-bf4c-06f5698ffbd9}", "Provider": null, "EventID_Qualifiers": "", "EventID": "7", "Version": "3", "Level": "4", "Task": "7", "Opcode": "0", "Keywords": "0x8000000000000000", "TimeCreated_SystemTime": "2023-09-27 01:43:09.458876", "TimeCreated": null, "EventRecordID": "28043", "Correlation_ActivityID": "", "Correlation_RelatedActivityID": "", "Correlation": null, "Execution_ProcessID": "3368", "Execution_ThreadID": "4984", "Execution": null, "Channel": "Microsoft-Windows-Sysmon/Operational", "Computer": "DESKTOP-P5C3MUD", "Security_UserID": "S-1-5-18", "Security": null, "EventData_RuleName": "-", "EventData_UtcTime": "2023-09-27 01:43:09.450", "EventData_ProcessGuid": "{4557fbaa-88ad-6513-a724-000000000c00}", "EventData_ProcessId": "11348", "EventData_Image": "C:\\Windows\\System32\\CompMgmtLauncher.exe", "EventData_ImageLoaded": "C:\\Windows\\System32\\CoreMessaging.dll", "EventData_FileVersion": "10.0.19041.3393", "EventData_Description": "Microsoft CoreMessaging Dll", "EventData_Product": "Microsoft\u00ae Windows\u00ae Operating System", "EventData_Company": "Microsoft Corporation", "EventData_OriginalFileName": "CoreMessaging.dll", "EventData_Hashes": "SHA1=5ADD813F3BE0CE1B49183C560ABF6212B67EDE13,MD5=D8F552AC7C40F0ED3C4C15EFF4BD9378,SHA256=6931A4004CE8D8BD58D7213E3F67F4A60236FE84FAE9F729DA5C3FCBAF5549C9,IMPHASH=709EF95FC7F2757A4736822A17CB7871", "EventData_Signed": "true", "EventData_Signature": "Microsoft Windows", "EventData_SignatureStatus": "Valid", "EventData_User": "DESKTOP-P5C3MUD\\user"}
{"Provider_Name": "Microsoft-Windows-Sysmon", "Provider_Guid": "{5770385f-c22a-43e0-bf4c-06f5698ffbd9}", "Provider": null, "EventID_Qualifiers": "", "EventID": "7", "Version": "3", "Level": "4", "Task": "7", "Opcode": "0", "Keywords": "0x8000000000000000", "TimeCreated_SystemTime": "2023-09-27 01:43:09.459040", "TimeCreated": null, "EventRecordID": "28044", "Correlation_ActivityID": "", "Correlation_RelatedActivityID": "", "Correlation": null, "Execution_ProcessID": "3368", "Execution_ThreadID": "4984", "Execution": null, "Channel": "Microsoft-Windows-Sysmon/Operational", "Computer": "DESKTOP-P5C3MUD", "Security_UserID": "S-1-5-18", "Security": null, "EventData_RuleName": "-", "EventData_UtcTime": "2023-09-27 01:43:09.450", "EventData_ProcessGuid": "{4557fbaa-88ad-6513-a724-000000000c00}", "EventData_ProcessId": "11348", "EventData_Image": "C:\\Windows\\System32\\CompMgmtLauncher.exe", "EventData_ImageLoaded": "C:\\Windows\\System32\\ws2_32.dll", "EventData_FileVersion": "10.0.19041.546 (WinBuild.160101.0800)", "EventData_Description": "Windows Socket 2.0 32-Bit DLL", "EventData_Product": "Microsoft\u00ae Windows\u00ae Operating System", "EventData_Company": "Microsoft Corporation", "EventData_OriginalFileName": "ws2_32.dll", "EventData_Hashes": "SHA1=2865C9AD28810C59F5EEED6F894467C9EB2C4EE8,MD5=6EED88C1206032A2797ABF131C6242CF,SHA256=1F996574F38219CDD848375F517F8D86E17542BC84D64CCE63AA0C64CC15F22D,IMPHASH=6EEE61EF7874AA59D1A3452C72E61D5C", "EventData_Signed": "true", "EventData_Signature": "Microsoft Windows", "EventData_SignatureStatus": "Valid", "EventData_User": "DESKTOP-P5C3MUD\\user"}
{"Provider_Name": "Microsoft-Windows-Sysmon", "Provider_Guid": "{5770385f-c22a-43e0-bf4c-06f5698ffbd9}", "Provider": null, "EventID_Qualifiers": "", "EventID": "7", "Version": "3", "Level": "4", "Task": "7", "Opcode": "0", "Keywords": "0x8000000000000000", "TimeCreated_SystemTime": "2023-09-27 01:43:09.459797", "TimeCreated": null, "EventRecordID": "28045", "Correlation_ActivityID": "", "Correlation_RelatedActivityID": "", "Correlation": null, "Execution_ProcessID": "3368", "Execution_ThreadID": "4984", "Execution": null, "Channel": "Microsoft-Windows-Sysmon/Operational", "Computer": "DESKTOP-P5C3MUD", "Security_UserID": "S-1-5-18", "Security": null, "EventData_RuleName": "-", "EventData_UtcTime": "2023-09-27 01:43:09.450", "EventData_ProcessGuid": "{4557fbaa-88ad-6513-a724-000000000c00}", "EventData_ProcessId": "11348", "EventData_Image": "C:\\Windows\\System32\\CompMgmtLauncher.exe", "EventData_ImageLoaded": "C:\\Windows\\System32\\usermgrcli.dll", "EventData_FileVersion": "10.0.19041.546 (WinBuild.160101.0800)", "EventData_Description": "UserMgr API DLL", "EventData_Product": "Microsoft\u00ae Windows\u00ae Operating System", "EventData_Company": "Microsoft Corporation", "EventData_OriginalFileName": "usermgrcli.dll", "EventData_Hashes": "SHA1=194152FEABEEFE97E1765BC5A1FDF8F3467FCAC3,MD5=B64F34EF4C345B8E560040ADFC998E40,SHA256=5F5249141D1B81A2DCF53EA57FC891AD2FB03414D8DFD0A63E53980501166F19,IMPHASH=0A51776914DF4877E7C224045A441731", "EventData_Signed": "true", "EventData_Signature": "Microsoft Windows", "EventData_SignatureStatus": "Valid", "EventData_User": "DESKTOP-P5C3MUD\\user"}
{"Provider_Name": "Microsoft-Windows-Sysmon", "Provider_Guid": "{5770385f-c22a-43e0-bf4c-06f5698ffbd9}", "Provider": null, "EventID_Qualifiers": "", "EventID": "7", "Version": "3", "Level": "4", "Task": "7", "Opcode": "0", "Keywords": "0x8000000000000000", "TimeCreated_SystemTime": "2023-09-27 01:43:09.459906", "TimeCreated": null, "EventRecordID": "28046", "Correlation_ActivityID": "", "Correlation_RelatedActivityID": "", "Correlation": null, "Execution_ProcessID": "3368", "Execution_ThreadID": "4988", "Execution": null, "Channel": "Microsoft-Windows-Sysmon/Operational", "Computer": "DESKTOP-P5C3MUD", "Security_UserID": "S-1-5-18", "Security": null, "EventData_RuleName": "-", "EventData_UtcTime": "2023-09-27 01:43:09.419", "EventData_ProcessGuid": "{4557fbaa-88ad-6513-a724-000000000c00}", "EventData_ProcessId": "11348", "EventData_Image": "C:\\Windows\\System32\\CompMgmtLauncher.exe", "EventData_ImageLoaded": "C:\\Windows\\System32\\cryptsp.dll", "EventData_FileVersion": "10.0.19041.546 (WinBuild.160101.0800)", "EventData_Description": "Cryptographic Service Provider API", "EventData_Product": "Microsoft\u00ae Windows\u00ae Operating System", "EventData_Company": "Microsoft Corporation", "EventData_OriginalFileName": "cryptsp.dll", "EventData_Hashes": "SHA1=03AAA61CFDD8C9830383DEE534FC984EF0B815F7,MD5=A26D9BD5FE9F31F2D47F81EF95876749,SHA256=82027B8C6CE412F9C9731AF5E904291DAE944C3845EBFEF2AF86C8543C8AD5A7,IMPHASH=A9B9D04D0B53DC48ABB37BE77AD01B55", "EventData_Signed": "true", "EventData_Signature": "Microsoft Windows", "EventData_SignatureStatus": "Valid", "EventData_User": "DESKTOP-P5C3MUD\\user"}
{"Provider_Name": "Microsoft-Windows-Sysmon", "Provider_Guid": "{5770385f-c22a-43e0-bf4c-06f5698ffbd9}", "Provider": null, "EventID_Qualifiers": "", "EventID": "7", "Version": "3", "Level": "4", "Task": "7", "Opcode": "0", "Keywords": "0x8000000000000000", "TimeCreated_SystemTime": "2023-09-27 01:43:09.463472", "TimeCreated": null, "EventRecordID": "28047", "Correlation_ActivityID": "", "Correlation_RelatedActivityID": "", "Correlation": null, "Execution_ProcessID": "3368", "Execution_ThreadID": "4988", "Execution": null, "Channel": "Microsoft-Windows-Sysmon/Operational", "Computer": "DESKTOP-P5C3MUD", "Security_UserID": "S-1-5-18", "Security": null, "EventData_RuleName": "-", "EventData_UtcTime": "2023-09-27 01:43:09.419", "EventData_ProcessGuid": "{4557fbaa-88ad-6513-a724-000000000c00}", "EventData_ProcessId": "11348", "EventData_Image": "C:\\Windows\\System32\\CompMgmtLauncher.exe", "EventData_ImageLoaded": "C:\\Windows\\System32\\rsaenh.dll", "EventData_FileVersion": "10.0.19041.1052 (WinBuild.160101.0800)", "EventData_Description": "Microsoft Enhanced Cryptographic Provider", "EventData_Product": "Microsoft\u00ae Windows\u00ae Operating System", "EventData_Company": "Microsoft Corporation", "EventData_OriginalFileName": "rsaenh.dll", "EventData_Hashes": "SHA1=822C4FADBE633D524C6921CDF48848227FB60AB5,MD5=745A6645F03EFE4B893575565301E677,SHA256=C9FD8377D6C328B2F01C687DAC95E9005C8BB0A4AA230B12DAA7C3CD3367F19A,IMPHASH=A4C20B1A7B632846186AD47A0810709E", "EventData_Signed": "true", "EventData_Signature": "Microsoft Windows", "EventData_SignatureStatus": "Valid", "EventData_User": "DESKTOP-P5C3MUD\\user"}
{"Provider_Name": "Microsoft-Windows-Sysmon", "Provider_Guid": "{5770385f-c22a-43e0-bf4c-06f5698ffbd9}", "Provider": null, "EventID_Qualifiers": "", "EventID": "7", "Version": "3", "Level": "4", "Task": "7", "Opcode": "0", "Keywords": "0x8000000000000000", "TimeCreated_SystemTime": "2023-09-27 01:43:09.463524", "TimeCreated": null, "EventRecordID": "28048", "Correlation_ActivityID": "", "Correlation_RelatedActivityID": "", "Correlation": null, "Execution_ProcessID": "3368", "Execution_ThreadID": "4984", "Execution": null, "Channel": "Microsoft-Windows-Sysmon/Operational", "Computer": "DESKTOP-P5C3MUD", "Security_UserID": "S-1-5-18", "Security": null, "EventData_RuleName": "-", "EventData_UtcTime": "2023-09-27 01:43:09.450", "EventData_ProcessGuid": "{4557fbaa-88ad-6513-a724-000000000c00}", "EventData_ProcessId": "11348", "EventData_Image": "C:\\Windows\\System32\\CompMgmtLauncher.exe", "EventData_ImageLoaded": "C:\\Windows\\System32\\DriverStore\\FileRepository\\nv_dispig.inf_amd64_3c2bd4a1ec6d228e\\nv3dappshext.dll", "EventData_FileVersion": "6.14.15.3598", "EventData_Description": "NVIDIA Shell Extensions", "EventData_Product": "NVIDIA Shell Extensions", "EventData_Company": "NVIDIA Corporation", "EventData_OriginalFileName": "Nv3DAppShExt.dll", "EventData_Hashes": "SHA1=97BDF9AB4ECA2DCFB92FA401F536ADAAE6163EDE,MD5=C40E1B8B4273EEDCCEFC6E39B14F6CBA,SHA256=11D28AF44651DC6487F039E40BF2019F51C007EA76DACCD03682CAAE3F7FC181,IMPHASH=4B37F6AA85997C644101FD56C5535D0F", "EventData_Signed": "true", "EventData_Signature": "NVIDIA Corporation", "EventData_SignatureStatus": "Valid", "EventData_User": "DESKTOP-P5C3MUD\\user"}
{"Provider_Name": "Microsoft-Windows-Sysmon", "Provider_Guid": "{5770385f-c22a-43e0-bf4c-06f5698ffbd9}", "Provider": null, "EventID_Qualifiers": "", "EventID": "7", "Version": "3", "Level": "4", "Task": "7", "Opcode": "0", "Keywords": "0x8000000000000000", "TimeCreated_SystemTime": "2023-09-27 01:43:09.465843", "TimeCreated": null, "EventRecordID": "28049", "Correlation_ActivityID": "", "Correlation_RelatedActivityID": "", "Correlation": null, "Execution_ProcessID": "3368", "Execution_ThreadID": "4988", "Execution": null, "Channel": "Microsoft-Windows-Sysmon/Operational", "Computer": "DESKTOP-P5C3MUD", "Security_UserID": "S-1-5-18", "Security": null, "EventData_RuleName": "-", "EventData_UtcTime": "2023-09-27 01:43:09.419", "EventData_ProcessGuid": "{4557fbaa-88ad-6513-a724-000000000c00}", "EventData_ProcessId": "11348", "EventData_Image": "C:\\Windows\\System32\\CompMgmtLauncher.exe", "EventData_ImageLoaded": "C:\\Windows\\System32\\cryptbase.dll", "EventData_FileVersion": "10.0.19041.546 (WinBuild.160101.0800)", "EventData_Description": "Base cryptographic API DLL", "EventData_Product": "Microsoft\u00ae Windows\u00ae Operating System", "EventData_Company": "Microsoft Corporation", "EventData_OriginalFileName": "cryptbase.dll", "EventData_Hashes": "SHA1=9356BB02FC42E850639F001A104717233B441DDF,MD5=095B8F1C0F8EE3CAA09FCCA6CB92F6C0,SHA256=B50D007EE8764F7CADA9D9A395DA396201C8B18E6501B50AB809914A7588BAF1,IMPHASH=947563122A564336B8FE403CBB94531C", "EventData_Signed": "true", "EventData_Signature": "Microsoft Windows", "EventData_SignatureStatus": "Valid", "EventData_User": "DESKTOP-P5C3MUD\\user"}
{"Provider_Name": "Microsoft-Windows-Sysmon", "Provider_Guid": "{5770385f-c22a-43e0-bf4c-06f5698ffbd9}", "Provider": null, "EventID_Qualifiers": "", "EventID": "10", "Version": "3", "Level": "4", "Task": "10", "Opcode": "0", "Keywords": "0x8000000000000000", "TimeCreated_SystemTime": "2023-09-27 01:43:09.467407", "TimeCreated": null, "EventRecordID": "28050", "Correlation_ActivityID": "", "Correlation_RelatedActivityID": "", "Correlation": null, "Execution_ProcessID": "3368", "Execution_ThreadID": "4984", "Execution": null, "Channel": "Microsoft-Windows-Sysmon/Operational", "Computer": "DESKTOP-P5C3MUD", "Security_UserID": "S-1-5-18", "Security": null, "EventData_RuleName": "-", "EventData_UtcTime": "2023-09-27 01:43:09.465", "EventData_SourceProcessGUID": "{4557fbaa-e801-6502-8100-000000000c00}", "EventData_SourceProcessId": "5600", "EventData_SourceThreadId": "12284", "EventData_SourceImage": "C:\\Windows\\system32\\svchost.exe", "EventData_TargetProcessGUID": "{4557fbaa-88ad-6513-a724-000000000c00}", "EventData_TargetProcessId": "11348", "EventData_TargetImage": "C:\\Windows\\system32\\CompMgmtLauncher.exe", "EventData_GrantedAccess": "0x00001040", "EventData_CallTrace": "C:\\Windows\\SYSTEM32\\ntdll.dll+9df24|C:\\Windows\\System32\\RPCRT4.dll+4f034|C:\\Windows\\System32\\combase.dll+c89fc|C:\\Windows\\System32\\combase.dll+5b818|C:\\Windows\\System32\\combase.dll+5a99b|C:\\Windows\\System32\\combase.dll+5aaa4|C:\\Windows\\System32\\combase.dll+5a904|C:\\Windows\\System32\\combase.dll+7b72c|C:\\Windows\\System32\\combase.dll+7b34a|C:\\Windows\\System32\\combase.dll+8f8a4|C:\\Windows\\System32\\combase.dll+9a170|C:\\Windows\\System32\\combase.dll+9a08b|C:\\Windows\\System32\\combase.dll+99b80|C:\\Windows\\System32\\combase.dll+30d77|C:\\Windows\\System32\\combase.dll+b6809|C:\\Windows\\System32\\RPCRT4.dll+deb92|C:\\Windows\\System32\\RPCRT4.dll+1d479|C:\\Windows\\System32\\combase.dll+b5f1c|C:\\Windows\\System32\\RPCRT4.dll+5a74b|C:\\Windows\\System32\\combase.dll+8bad3|C:\\Windows\\System32\\combase.dll+8b85e|C:\\Windows\\System32\\combase.dll+baaa6|C:\\Windows\\System32\\combase.dll+31283|C:\\Windows\\System32\\combase.dll+b133d", "EventData_SourceUser": "NT AUTHORITY\\SYSTEM", "EventData_TargetUser": "DESKTOP-P5C3MUD\\user"}
{"Provider_Name": "Microsoft-Windows-Sysmon", "Provider_Guid": "{5770385f-c22a-43e0-bf4c-06f5698ffbd9}", "Provider": null, "EventID_Qualifiers": "", "EventID": "10", "Version": "3", "Level": "4", "Task": "10", "Opcode": "0", "Keywords": "0x8000000000000000", "TimeCreated_SystemTime": "2023-09-27 01:43:09.467899", "TimeCreated": null, "EventRecordID": "28051", "Correlation_ActivityID": "", "Correlation_RelatedActivityID": "", "Correlation": null, "Execution_ProcessID": "3368", "Execution_ThreadID": "4984", "Execution": null, "Channel": "Microsoft-Windows-Sysmon/Operational", "Computer": "DESKTOP-P5C3MUD", "Security_UserID": "S-1-5-18", "Security": null, "EventData_RuleName": "-", "EventData_UtcTime": "2023-09-27 01:43:09.465", "EventData_SourceProcessGUID": "{4557fbaa-e801-6502-8100-000000000c00}", "EventData_SourceProcessId": "5600", "EventData_SourceThreadId": "12284", "EventData_SourceImage": "C:\\Windows\\system32\\svchost.exe", "EventData_TargetProcessGUID": "{4557fbaa-88ad-6513-a724-000000000c00}", "EventData_TargetProcessId": "11348", "EventData_TargetImage": "C:\\Windows\\system32\\CompMgmtLauncher.exe", "EventData_GrantedAccess": "0x00001040", "EventData_CallTrace": "C:\\Windows\\SYSTEM32\\ntdll.dll+9df24|C:\\Windows\\System32\\RPCRT4.dll+4f034|C:\\Windows\\System32\\combase.dll+c89fc|C:\\Windows\\System32\\combase.dll+5b818|C:\\Windows\\System32\\combase.dll+5a99b|C:\\Windows\\System32\\combase.dll+5aaa4|C:\\Windows\\System32\\combase.dll+5a904|C:\\Windows\\System32\\combase.dll+7b72c|C:\\Windows\\System32\\combase.dll+7b34a|C:\\Windows\\System32\\combase.dll+8f8a4|C:\\Windows\\System32\\combase.dll+9a170|C:\\Windows\\System32\\combase.dll+9a08b|C:\\Windows\\System32\\combase.dll+99b80|C:\\Windows\\System32\\combase.dll+30d77|C:\\Windows\\System32\\combase.dll+b6809|C:\\Windows\\System32\\RPCRT4.dll+deb92|C:\\Windows\\System32\\RPCRT4.dll+1d479|C:\\Windows\\System32\\combase.dll+b5f1c|C:\\Windows\\System32\\RPCRT4.dll+5a74b|C:\\Windows\\System32\\combase.dll+8bad3|C:\\Windows\\System32\\combase.dll+8b85e|C:\\Windows\\System32\\combase.dll+baaa6|C:\\Windows\\System32\\combase.dll+31283|C:\\Windows\\System32\\combase.dll+b133d", "EventData_SourceUser": "NT AUTHORITY\\SYSTEM", "EventData_TargetUser": "DESKTOP-P5C3MUD\\user"}
{"Provider_Name": "Microsoft-Windows-Sysmon", "Provider_Guid": "{5770385f-c22a-43e0-bf4c-06f5698ffbd9}", "Provider": null, "EventID_Qualifiers": "", "EventID": "10", "Version": "3", "Level": "4", "Task": "10", "Opcode": "0", "Keywords": "0x8000000000000000", "TimeCreated_SystemTime": "2023-09-27 01:43:09.468386", "TimeCreated": null, "EventRecordID": "28052", "Correlation_ActivityID": "", "Correlation_RelatedActivityID": "", "Correlation": null, "Execution_ProcessID": "3368", "Execution_ThreadID": "4984", "Execution": null, "Channel": "Microsoft-Windows-Sysmon/Operational", "Computer": "DESKTOP-P5C3MUD", "Security_UserID": "S-1-5-18", "Security": null, "EventData_RuleName": "-", "EventData_UtcTime": "2023-09-27 01:43:09.465", "EventData_SourceProcessGUID": "{4557fbaa-e801-6502-8100-000000000c00}", "EventData_SourceProcessId": "5600", "EventData_SourceThreadId": "12284", "EventData_SourceImage": "C:\\Windows\\system32\\svchost.exe", "EventData_TargetProcessGUID": "{4557fbaa-88ad-6513-a724-000000000c00}", "EventData_TargetProcessId": "11348", "EventData_TargetImage": "C:\\Windows\\system32\\CompMgmtLauncher.exe", "EventData_GrantedAccess": "0x00001040", "EventData_CallTrace": "C:\\Windows\\SYSTEM32\\ntdll.dll+9df24|C:\\Windows\\System32\\RPCRT4.dll+4f034|C:\\Windows\\System32\\combase.dll+c89fc|C:\\Windows\\System32\\combase.dll+5b818|C:\\Windows\\System32\\combase.dll+5a99b|C:\\Windows\\System32\\combase.dll+5aaa4|C:\\Windows\\System32\\combase.dll+5a904|C:\\Windows\\System32\\combase.dll+7b72c|C:\\Windows\\System32\\combase.dll+7b34a|C:\\Windows\\System32\\combase.dll+8f8a4|C:\\Windows\\System32\\combase.dll+9a170|C:\\Windows\\System32\\combase.dll+9a08b|C:\\Windows\\System32\\combase.dll+99b80|C:\\Windows\\System32\\combase.dll+30d77|C:\\Windows\\System32\\combase.dll+b6809|C:\\Windows\\System32\\RPCRT4.dll+deb92|C:\\Windows\\System32\\RPCRT4.dll+1d479|C:\\Windows\\System32\\combase.dll+b5f1c|C:\\Windows\\System32\\RPCRT4.dll+5a74b|C:\\Windows\\System32\\combase.dll+8bad3|C:\\Windows\\System32\\combase.dll+8b85e|C:\\Windows\\System32\\combase.dll+baaa6|C:\\Windows\\System32\\combase.dll+31283|C:\\Windows\\System32\\combase.dll+b133d", "EventData_SourceUser": "NT AUTHORITY\\SYSTEM", "EventData_TargetUser": "DESKTOP-P5C3MUD\\user"}
{"Provider_Name": "Microsoft-Windows-Sysmon", "Provider_Guid": "{5770385f-c22a-43e0-bf4c-06f5698ffbd9}", "Provider": null, "EventID_Qualifiers": "", "EventID": "10", "Version": "3", "Level": "4", "Task": "10", "Opcode": "0", "Keywords": "0x8000000000000000", "TimeCreated_SystemTime": "2023-09-27 01:43:09.468872", "TimeCreated": null, "EventRecordID": "28053", "Correlation_ActivityID": "", "Correlation_RelatedActivityID": "", "Correlation": null, "Execution_ProcessID": "3368", "Execution_ThreadID": "4984", "Execution": null, "Channel": "Microsoft-Windows-Sysmon/Operational", "Computer": "DESKTOP-P5C3MUD", "Security_UserID": "S-1-5-18", "Security": null, "EventData_RuleName": "-", "EventData_UtcTime": "2023-09-27 01:43:09.465", "EventData_SourceProcessGUID": "{4557fbaa-e801-6502-8100-000000000c00}", "EventData_SourceProcessId": "5600", "EventData_SourceThreadId": "12284", "EventData_SourceImage": "C:\\Windows\\system32\\svchost.exe", "EventData_TargetProcessGUID": "{4557fbaa-88ad-6513-a724-000000000c00}", "EventData_TargetProcessId": "11348", "EventData_TargetImage": "C:\\Windows\\system32\\CompMgmtLauncher.exe", "EventData_GrantedAccess": "0x00001040", "EventData_CallTrace": "C:\\Windows\\SYSTEM32\\ntdll.dll+9df24|C:\\Windows\\System32\\RPCRT4.dll+4f034|C:\\Windows\\System32\\combase.dll+c89fc|C:\\Windows\\System32\\combase.dll+5b818|C:\\Windows\\System32\\combase.dll+5a99b|C:\\Windows\\System32\\combase.dll+5aaa4|C:\\Windows\\System32\\combase.dll+5a904|C:\\Windows\\System32\\combase.dll+7b72c|C:\\Windows\\System32\\combase.dll+7b34a|C:\\Windows\\System32\\combase.dll+8f8a4|C:\\Windows\\System32\\combase.dll+9a170|C:\\Windows\\System32\\combase.dll+9a08b|C:\\Windows\\System32\\combase.dll+99b80|C:\\Windows\\System32\\combase.dll+30d77|C:\\Windows\\System32\\combase.dll+b6809|C:\\Windows\\System32\\RPCRT4.dll+deb92|C:\\Windows\\System32\\RPCRT4.dll+1d479|C:\\Windows\\System32\\combase.dll+b5f1c|C:\\Windows\\System32\\RPCRT4.dll+5a74b|C:\\Windows\\System32\\combase.dll+8bad3|C:\\Windows\\System32\\combase.dll+8b85e|C:\\Windows\\System32\\combase.dll+baaa6|C:\\Windows\\System32\\combase.dll+31283|C:\\Windows\\System32\\combase.dll+b133d", "EventData_SourceUser": "NT AUTHORITY\\SYSTEM", "EventData_TargetUser": "DESKTOP-P5C3MUD\\user"}
{"Provider_Name": "Microsoft-Windows-Sysmon", "Provider_Guid": "{5770385f-c22a-43e0-bf4c-06f5698ffbd9}", "Provider": null, "EventID_Qualifiers": "", "EventID": "7", "Version": "3", "Level": "4", "Task": "7", "Opcode": "0", "Keywords": "0x8000000000000000", "TimeCreated_SystemTime": "2023-09-27 01:43:09.469007", "TimeCreated": null, "EventRecordID": "28054", "Correlation_ActivityID": "", "Correlation_RelatedActivityID": "", "Correlation": null, "Execution_ProcessID": "3368", "Execution_ThreadID": "4988", "Execution": null, "Channel": "Microsoft-Windows-Sysmon/Operational", "Computer": "DESKTOP-P5C3MUD", "Security_UserID": "S-1-5-18", "Security": null, "EventData_RuleName": "-", "EventData_UtcTime": "2023-09-27 01:43:09.434", "EventData_ProcessGuid": "{4557fbaa-88ad-6513-a724-000000000c00}", "EventData_ProcessId": "11348", "EventData_Image": "C:\\Windows\\System32\\CompMgmtLauncher.exe", "EventData_ImageLoaded": "C:\\Program Files\\Windows Defender\\EppManifest.dll", "EventData_FileVersion": "4.18.1907.16384 (WinBuild.160101.0800)", "EventData_Description": "User Interface Customization Resource Module", "EventData_Product": "Microsoft\u00ae Windows\u00ae Operating System", "EventData_Company": "Microsoft Corporation", "EventData_OriginalFileName": "EppManifest.dll", "EventData_Hashes": "SHA1=7E7BC93F3A993B6703ABABB0514763008B0E393E,MD5=54ABD7931A6492B29BBB3BB413B036BF,SHA256=00395278372FAAA6D1218598EDCF71C518A25FE1294444BA925D185340669F5E,IMPHASH=00000000000000000000000000000000", "EventData_Signed": "true", "EventData_Signature": "Microsoft Windows", "EventData_SignatureStatus": "Valid", "EventData_User": "DESKTOP-P5C3MUD\\user"}
{"Provider_Name": "Microsoft-Windows-Sysmon", "Provider_Guid": "{5770385f-c22a-43e0-bf4c-06f5698ffbd9}", "Provider": null, "EventID_Qualifiers": "", "EventID": "7", "Version": "3", "Level": "4", "Task": "7", "Opcode": "0", "Keywords": "0x8000000000000000", "TimeCreated_SystemTime": "2023-09-27 01:43:09.469204", "TimeCreated": null, "EventRecordID": "28055", "Correlation_ActivityID": "", "Correlation_RelatedActivityID": "", "Correlation": null, "Execution_ProcessID": "3368", "Execution_ThreadID": "4988", "Execution": null, "Channel": "Microsoft-Windows-Sysmon/Operational", "Computer": "DESKTOP-P5C3MUD", "Security_UserID": "S-1-5-18", "Security": null, "EventData_RuleName": "-", "EventData_UtcTime": "2023-09-27 01:43:09.434", "EventData_ProcessGuid": "{4557fbaa-88ad-6513-a724-000000000c00}", "EventData_ProcessId": "11348", "EventData_Image": "C:\\Windows\\System32\\CompMgmtLauncher.exe", "EventData_ImageLoaded": "C:\\Program Files\\Windows Defender\\EppManifest.dll", "EventData_FileVersion": "4.18.1907.16384 (WinBuild.160101.0800)", "EventData_Description": "User Interface Customization Resource Module", "EventData_Product": "Microsoft\u00ae Windows\u00ae Operating System", "EventData_Company": "Microsoft Corporation", "EventData_OriginalFileName": "EppManifest.dll", "EventData_Hashes": "SHA1=7E7BC93F3A993B6703ABABB0514763008B0E393E,MD5=54ABD7931A6492B29BBB3BB413B036BF,SHA256=00395278372FAAA6D1218598EDCF71C518A25FE1294444BA925D185340669F5E,IMPHASH=00000000000000000000000000000000", "EventData_Signed": "true", "EventData_Signature": "Microsoft Windows", "EventData_SignatureStatus": "Valid", "EventData_User": "DESKTOP-P5C3MUD\\user"}
{"Provider_Name": "Microsoft-Windows-Sysmon", "Provider_Guid": "{5770385f-c22a-43e0-bf4c-06f5698ffbd9}", "Provider": null, "EventID_Qualifiers": "", "EventID": "10", "Version": "3", "Level": "4", "Task": "10", "Opcode": "0", "Keywords": "0x8000000000000000", "TimeCreated_SystemTime": "2023-09-27 01:43:09.469391", "TimeCreated": null, "EventRecordID": "28056", "Correlation_ActivityID": "", "Correlation_RelatedActivityID": "", "Correlation": null, "Execution_ProcessID": "3368", "Execution_ThreadID": "4984", "Execution": null, "Channel": "Microsoft-Windows-Sysmon/Operational", "Computer": "DESKTOP-P5C3MUD", "Security_UserID": "S-1-5-18", "Security": null, "EventData_RuleName": "-", "EventData_UtcTime": "2023-09-27 01:43:09.465", "EventData_SourceProcessGUID": "{4557fbaa-e801-6502-8100-000000000c00}", "EventData_SourceProcessId": "5600", "EventData_SourceThreadId": "12284", "EventData_SourceImage": "C:\\Windows\\system32\\svchost.exe", "EventData_TargetProcessGUID": "{4557fbaa-88ad-6513-a724-000000000c00}", "EventData_TargetProcessId": "11348", "EventData_TargetImage": "C:\\Windows\\system32\\CompMgmtLauncher.exe", "EventData_GrantedAccess": "0x00001040", "EventData_CallTrace": "C:\\Windows\\SYSTEM32\\ntdll.dll+9df24|C:\\Windows\\System32\\RPCRT4.dll+4f034|C:\\Windows\\System32\\combase.dll+c89fc|C:\\Windows\\System32\\combase.dll+5b818|C:\\Windows\\System32\\combase.dll+5a99b|C:\\Windows\\System32\\combase.dll+5aaa4|C:\\Windows\\System32\\combase.dll+5a904|C:\\Windows\\System32\\combase.dll+7b72c|C:\\Windows\\System32\\combase.dll+7b34a|C:\\Windows\\System32\\combase.dll+8f8a4|C:\\Windows\\System32\\combase.dll+9a170|C:\\Windows\\System32\\combase.dll+9a08b|C:\\Windows\\System32\\combase.dll+99b80|C:\\Windows\\System32\\combase.dll+30d77|C:\\Windows\\System32\\combase.dll+b6809|C:\\Windows\\System32\\RPCRT4.dll+deb92|C:\\Windows\\System32\\RPCRT4.dll+1d479|C:\\Windows\\System32\\combase.dll+b5f1c|C:\\Windows\\System32\\RPCRT4.dll+5a74b|C:\\Windows\\System32\\combase.dll+8bad3|C:\\Windows\\System32\\combase.dll+8b85e|C:\\Windows\\System32\\combase.dll+baaa6|C:\\Windows\\System32\\combase.dll+31283|C:\\Windows\\System32\\combase.dll+b133d", "EventData_SourceUser": "NT AUTHORITY\\SYSTEM", "EventData_TargetUser": "DESKTOP-P5C3MUD\\user"}
{"Provider_Name": "Microsoft-Windows-Sysmon", "Provider_Guid": "{5770385f-c22a-43e0-bf4c-06f5698ffbd9}", "Provider": null, "EventID_Qualifiers": "", "EventID": "10", "Version": "3", "Level": "4", "Task": "10", "Opcode": "0", "Keywords": "0x8000000000000000", "TimeCreated_SystemTime": "2023-09-27 01:43:09.469860", "TimeCreated": null, "EventRecordID": "28057", "Correlation_ActivityID": "", "Correlation_RelatedActivityID": "", "Correlation": null, "Execution_ProcessID": "3368", "Execution_ThreadID": "4984", "Execution": null, "Channel": "Microsoft-Windows-Sysmon/Operational", "Computer": "DESKTOP-P5C3MUD", "Security_UserID": "S-1-5-18", "Security": null, "EventData_RuleName": "-", "EventData_UtcTime": "2023-09-27 01:43:09.465", "EventData_SourceProcessGUID": "{4557fbaa-e801-6502-8100-000000000c00}", "EventData_SourceProcessId": "5600", "EventData_SourceThreadId": "12284", "EventData_SourceImage": "C:\\Windows\\system32\\svchost.exe", "EventData_TargetProcessGUID": "{4557fbaa-88ad-6513-a724-000000000c00}", "EventData_TargetProcessId": "11348", "EventData_TargetImage": "C:\\Windows\\system32\\CompMgmtLauncher.exe", "EventData_GrantedAccess": "0x00001040", "EventData_CallTrace": "C:\\Windows\\SYSTEM32\\ntdll.dll+9df24|C:\\Windows\\System32\\RPCRT4.dll+4f034|C:\\Windows\\System32\\combase.dll+c89fc|C:\\Windows\\System32\\combase.dll+5b818|C:\\Windows\\System32\\combase.dll+5a99b|C:\\Windows\\System32\\combase.dll+5aaa4|C:\\Windows\\System32\\combase.dll+5a904|C:\\Windows\\System32\\combase.dll+7b72c|C:\\Windows\\System32\\combase.dll+7b34a|C:\\Windows\\System32\\combase.dll+8f8a4|C:\\Windows\\System32\\combase.dll+9a170|C:\\Windows\\System32\\combase.dll+9a08b|C:\\Windows\\System32\\combase.dll+99b80|C:\\Windows\\System32\\combase.dll+30d77|C:\\Windows\\System32\\combase.dll+b6809|C:\\Windows\\System32\\RPCRT4.dll+deb92|C:\\Windows\\System32\\RPCRT4.dll+1d479|C:\\Windows\\System32\\combase.dll+b5f1c|C:\\Windows\\System32\\RPCRT4.dll+5a74b|C:\\Windows\\System32\\combase.dll+8bad3|C:\\Windows\\System32\\combase.dll+8b85e|C:\\Windows\\System32\\combase.dll+baaa6|C:\\Windows\\System32\\combase.dll+31283|C:\\Windows\\System32\\combase.dll+b133d", "EventData_SourceUser": "NT AUTHORITY\\SYSTEM", "EventData_TargetUser": "DESKTOP-P5C3MUD\\user"}
