{"Provider_Name": "Microsoft-Windows-Sysmon", "Provider_Guid": "{5770385f-c22a-43e0-bf4c-06f5698ffbd9}", "Provider": null, "EventID_Qualifiers": "", "EventID": "7", "Version": "3", "Level": "4", "Task": "7", "Opcode": "0", "Keywords": "0x8000000000000000", "TimeCreated_SystemTime": "2023-09-27 01:43:08.622843", "TimeCreated": null, "EventRecordID": "27567", "Correlation_ActivityID": "", "Correlation_RelatedActivityID": "", "Correlation": null, "Execution_ProcessID": "3368", "Execution_ThreadID": "4984", "Execution": null, "Channel": "Microsoft-Windows-Sysmon/Operational", "Computer": "DESKTOP-P5C3MUD", "Security_UserID": "S-1-5-18", "Security": null, "EventData_RuleName": "-", "EventData_UtcTime": "2023-09-27 01:43:08.622", "EventData_ProcessGuid": "{4557fbaa-88ac-6513-a124-000000000c00}", "EventData_ProcessId": "10448", "EventData_Image": "E:\\Software\\Microsoft Visual Studio\\VC\\Tools\\MSVC\\14.37.32822\\bin\\Hostx86\\x86\\vctip.exe", "EventData_ImageLoaded": "C:\\Windows\\SysWOW64\\windows.storage.dll", "EventData_FileVersion": "10.0.19041.3393 (WinBuild.160101.0800)", "EventData_Description": "Microsoft WinRT Storage API", "EventData_Product": "Microsoft\u00ae Windows\u00ae Operating System", "EventData_Company": "Microsoft Corporation", "EventData_OriginalFileName": "Windows.Storage.dll", "EventData_Hashes": "SHA1=D6D60732178C3217041D19B13F3CF726DA1DADAB,MD5=F97ACEEC17251928CFA31A95E303820D,SHA256=1F25C4A3099B75A4C5EE7670B7CED83A691AF3B74D12F1FCB0FCDD9A8AF62089,IMPHASH=6A606534006413D46D94744CC8620243", "EventData_Signed": "true", "EventData_Signature": "Microsoft Windows", "EventData_SignatureStatus": "Valid", "EventData_User": "DESKTOP-P5C3MUD\\user"}
{"Provider_Name": "Microsoft-Windows-Sysmon", "Provider_Guid": "{5770385f-c22a-43e0-bf4c-06f5698ffbd9}", "Provider": null, "EventID_Qualifiers": "", "EventID": "7", "Version": "3", "Level": "4", "Task": "7", "Opcode": "0", "Keywords": "0x8000000000000000", "TimeCreated_SystemTime": "2023-09-27 01:43:08.623981", "TimeCreated": null, "EventRecordID": "27568", "Correlation_ActivityID": "", "Correlation_RelatedActivityID": "", "Correlation": null, "Execution_ProcessID": "3368", "Execution_ThreadID": "4984", "Execution": null, "Channel": "Microsoft-Windows-Sysmon/Operational", "Computer": "DESKTOP-P5C3MUD", "Security_UserID": "S-1-5-18", "Security": null, "EventData_RuleName": "-", "EventData_UtcTime": "2023-09-27 01:43:08.622", "EventData_ProcessGuid": "{4557fbaa-88ac-6513-a124-000000000c00}", "EventData_ProcessId": "10448", "EventData_Image": "E:\\Software\\Microsoft Visual Studio\\VC\\Tools\\MSVC\\14.37.32822\\bin\\Hostx86\\x86\\vctip.exe", "EventData_ImageLoaded": "C:\\Windows\\SysWOW64\\wldp.dll", "EventData_FileVersion": "10.0.19041.3208 (WinBuild.160101.0800)", "EventData_Description": "Windows Lockdown Policy", "EventData_Product": "Microsoft\u00ae Windows\u00ae Operating System", "EventData_Company": "Microsoft Corporation", "EventData_OriginalFileName": "wldp.dll", "EventData_Hashes": "SHA1=ED5DC9EAEBF7DA28B441CCEBE2D643E9F9BBAD5A,MD5=841FEF896DA6602DC0A520E6F09B2F0C,SHA256=B0AE347B04037F0AE4EDE6616547C43ACD3F17EFF9D388779BAD261CB0637240,IMPHASH=99B6689EF11C269D31558670C853EC43", "EventData_Signed": "true", "EventData_Signature": "Microsoft Windows", "EventData_SignatureStatus": "Valid", "EventData_User": "DESKTOP-P5C3MUD\\user"}
{"Provider_Name": "Microsoft-Windows-Sysmon", "Provider_Guid": "{5770385f-c22a-43e0-bf4c-06f5698ffbd9}", "Provider": null, "EventID_Qualifiers": "", "EventID": "7", "Version": "3", "Level": "4", "Task": "7", "Opcode": "0", "Keywords": "0x8000000000000000", "TimeCreated_SystemTime": "2023-09-27 01:43:08.624807", "TimeCreated": null, "EventRecordID": "27569", "Correlation_ActivityID": "", "Correlation_RelatedActivityID": "", "Correlation": null, "Execution_ProcessID": "3368", "Execution_ThreadID": "4984", "Execution": null, "Channel": "Microsoft-Windows-Sysmon/Operational", "Computer": "DESKTOP-P5C3MUD", "Security_UserID": "S-1-5-18", "Security": null, "EventData_RuleName": "-", "EventData_UtcTime": "2023-09-27 01:43:08.622", "EventData_ProcessGuid": "{4557fbaa-88ac-6513-a124-000000000c00}", "EventData_ProcessId": "10448", "EventData_Image": "E:\\Software\\Microsoft Visual Studio\\VC\\Tools\\MSVC\\14.37.32822\\bin\\Hostx86\\x86\\vctip.exe", "EventData_ImageLoaded": "C:\\Windows\\SysWOW64\\SHCore.dll", "EventData_FileVersion": "10.0.19041.1645 (WinBuild.160101.0800)", "EventData_Description": "SHCORE", "EventData_Product": "Microsoft\u00ae Windows\u00ae Operating System", "EventData_Company": "Microsoft Corporation", "EventData_OriginalFileName": "SHCORE.dll", "EventData_Hashes": "SHA1=250DBB0FBDA2BFB4E03AFCB4C07C22B4AF1EECD9,MD5=2CE82BD239A502E5317D78978FCE3671,SHA256=66B6F29A092AB5B20DB60BD19F27816022F1775526B8E8848A4033DB80CA316A,IMPHASH=0DDCDD6020D74CA7555FB0D07CFD262B", "EventData_Signed": "true", "EventData_Signature": "Microsoft Windows", "EventData_SignatureStatus": "Valid", "EventData_User": "DESKTOP-P5C3MUD\\user"}
{"Provider_Name": "Microsoft-Windows-Sysmon", "Provider_Guid": "{5770385f-c22a-43e0-bf4c-06f5698ffbd9}", "Provider": null, "EventID_Qualifiers": "", "EventID": "7", "Version": "3", "Level": "4", "Task": "7", "Opcode": "0", "Keywords": "0x8000000000000000", "TimeCreated_SystemTime": "2023-09-27 01:43:08.626040", "TimeCreated": null, "EventRecordID": "27570", "Correlation_ActivityID": "", "Correlation_RelatedActivityID": "", "Correlation": null, "Execution_ProcessID": "3368", "Execution_ThreadID": "4984", "Execution": null, "Channel": "Microsoft-Windows-Sysmon/Operational", "Computer": "DESKTOP-P5C3MUD", "Security_UserID": "S-1-5-18", "Security": null, "EventData_RuleName": "-", "EventData_UtcTime": "2023-09-27 01:43:08.622", "EventData_ProcessGuid": "{4557fbaa-88ac-6513-a124-000000000c00}", "EventData_ProcessId": "10448", "EventData_Image": "E:\\Software\\Microsoft Visual Studio\\VC\\Tools\\MSVC\\14.37.32822\\bin\\Hostx86\\x86\\vctip.exe", "EventData_ImageLoaded": "C:\\Windows\\SysWOW64\\profapi.dll", "EventData_FileVersion": "10.0.19041.3155 (WinBuild.160101.0800)", "EventData_Description": "User Profile Basic API", "EventData_Product": "Microsoft\u00ae Windows\u00ae Operating System", "EventData_Company": "Microsoft Corporation", "EventData_OriginalFileName": "PROFAPI.DLL", "EventData_Hashes": "SHA1=A65F97117ABBA896D9976235E889BC0B51F894F9,MD5=138BE4F918828D5F07097355AED511E2,SHA256=351A99B44BF2135F4839BC38811F1EBF036381637C13BD380505B39E9AC50B61,IMPHASH=9316C5657859E2CD478276DF8244B5E4", "EventData_Signed": "true", "EventData_Signature": "Microsoft Windows", "EventData_SignatureStatus": "Valid", "EventData_User": "DESKTOP-P5C3MUD\\user"}
{"Provider_Name": "Microsoft-Windows-Sysmon", "Provider_Guid": "{5770385f-c22a-43e0-bf4c-06f5698ffbd9}", "Provider": null, "EventID_Qualifiers": "", "EventID": "7", "Version": "3", "Level": "4", "Task": "7", "Opcode": "0", "Keywords": "0x8000000000000000", "TimeCreated_SystemTime": "2023-09-27 01:43:08.662598", "TimeCreated": null, "EventRecordID": "27571", "Correlation_ActivityID": "", "Correlation_RelatedActivityID": "", "Correlation": null, "Execution_ProcessID": "3368", "Execution_ThreadID": "4984", "Execution": null, "Channel": "Microsoft-Windows-Sysmon/Operational", "Computer": "DESKTOP-P5C3MUD", "Security_UserID": "S-1-5-18", "Security": null, "EventData_RuleName": "-", "EventData_UtcTime": "2023-09-27 01:43:08.653", "EventData_ProcessGuid": "{4557fbaa-88ac-6513-a124-000000000c00}", "EventData_ProcessId": "10448", "EventData_Image": "E:\\Software\\Microsoft Visual Studio\\VC\\Tools\\MSVC\\14.37.32822\\bin\\Hostx86\\x86\\vctip.exe", "EventData_ImageLoaded": "C:\\Windows\\SysWOW64\\IPHLPAPI.DLL", "EventData_FileVersion": "10.0.19041.3271 (WinBuild.160101.0800)", "EventData_Description": "IP Helper API", "EventData_Product": "Microsoft\u00ae Windows\u00ae Operating System", "EventData_Company": "Microsoft Corporation", "EventData_OriginalFileName": "iphlpapi.dll", "EventData_Hashes": "SHA1=37B629F45AE0AFDB38A42DD51ECEFE4FC3EBF767,MD5=2F704FDA1649614FCEFFB75BAA12BDD5,SHA256=A50CBF93C4FB10156A90B369C72F221F911660FA82AD67AF066614CE4F475BBF,IMPHASH=E78CCE9DD51B6DF71895888C3CD7480A", "EventData_Signed": "true", "EventData_Signature": "Microsoft Windows", "EventData_SignatureStatus": "Valid", "EventData_User": "DESKTOP-P5C3MUD\\user"}
{"Provider_Name": "Microsoft-Windows-Sysmon", "Provider_Guid": "{5770385f-c22a-43e0-bf4c-06f5698ffbd9}", "Provider": null, "EventID_Qualifiers": "", "EventID": "7", "Version": "3", "Level": "4", "Task": "7", "Opcode": "0", "Keywords": "0x8000000000000000", "TimeCreated_SystemTime": "2023-09-27 01:43:08.665575", "TimeCreated": null, "EventRecordID": "27572", "Correlation_ActivityID": "", "Correlation_RelatedActivityID": "", "Correlation": null, "Execution_ProcessID": "3368", "Execution_ThreadID": "4984", "Execution": null, "Channel": "Microsoft-Windows-Sysmon/Operational", "Computer": "DESKTOP-P5C3MUD", "Security_UserID": "S-1-5-18", "Security": null, "EventData_RuleName": "-", "EventData_UtcTime": "2023-09-27 01:43:08.653", "EventData_ProcessGuid": "{4557fbaa-88ac-6513-a124-000000000c00}", "EventData_ProcessId": "10448", "EventData_Image": "E:\\Software\\Microsoft Visual Studio\\VC\\Tools\\MSVC\\14.37.32822\\bin\\Hostx86\\x86\\vctip.exe", "EventData_ImageLoaded": "C:\\Windows\\SysWOW64\\dnsapi.dll", "EventData_FileVersion": "10.0.19041.3031 (WinBuild.160101.0800)", "EventData_Description": "DNS Client API DLL", "EventData_Product": "Microsoft\u00ae Windows\u00ae Operating System", "EventData_Company": "Microsoft Corporation", "EventData_OriginalFileName": "dnsapi", "EventData_Hashes": "SHA1=4FD7439561BAD44FCB2FFC5D1B6C6504E99EB2B0,MD5=F1AC5FCDF2A974E81EDF0B14A9F648AC,SHA256=6144392392A3F74D65E0FD8C36761770ABDB4446DCBB277C90D6D897480466A7,IMPHASH=B63042FCD2F55E6C69419576A45AC7EB", "EventData_Signed": "true", "EventData_Signature": "Microsoft Windows", "EventData_SignatureStatus": "Valid", "EventData_User": "DESKTOP-P5C3MUD\\user"}
{"Provider_Name": "Microsoft-Windows-Sysmon", "Provider_Guid": "{5770385f-c22a-43e0-bf4c-06f5698ffbd9}", "Provider": null, "EventID_Qualifiers": "", "EventID": "7", "Version": "3", "Level": "4", "Task": "7", "Opcode": "0", "Keywords": "0x8000000000000000", "TimeCreated_SystemTime": "2023-09-27 01:43:08.666248", "TimeCreated": null, "EventRecordID": "27573", "Correlation_ActivityID": "", "Correlation_RelatedActivityID": "", "Correlation": null, "Execution_ProcessID": "3368", "Execution_ThreadID": "4984", "Execution": null, "Channel": "Microsoft-Windows-Sysmon/Operational", "Computer": "DESKTOP-P5C3MUD", "Security_UserID": "S-1-5-18", "Security": null, "EventData_RuleName": "-", "EventData_UtcTime": "2023-09-27 01:43:08.653", "EventData_ProcessGuid": "{4557fbaa-88ac-6513-a124-000000000c00}", "EventData_ProcessId": "10448", "EventData_Image": "E:\\Software\\Microsoft Visual Studio\\VC\\Tools\\MSVC\\14.37.32822\\bin\\Hostx86\\x86\\vctip.exe", "EventData_ImageLoaded": "C:\\Windows\\SysWOW64\\nsi.dll", "EventData_FileVersion": "10.0.19041.610 (WinBuild.160101.0800)", "EventData_Description": "NSI User-mode interface DLL", "EventData_Product": "Microsoft\u00ae Windows\u00ae Operating System", "EventData_Company": "Microsoft Corporation", "EventData_OriginalFileName": "nsi.dll", "EventData_Hashes": "SHA1=9E3DF0709A82C13B2BBC0910A77A2DE108DEE303,MD5=CB579DC4BA186B955435125C2B5EB3B3,SHA256=3AE97808524D29A6C8714A3A633CB338DEB82C063B99C91A263238D79077E495,IMPHASH=9F19B08BA92C5E2D2FFFC1B3724649DB", "EventData_Signed": "true", "EventData_Signature": "Microsoft Windows", "EventData_SignatureStatus": "Valid", "EventData_User": "DESKTOP-P5C3MUD\\user"}
{"Provider_Name": "Microsoft-Windows-Sysmon", "Provider_Guid": "{5770385f-c22a-43e0-bf4c-06f5698ffbd9}", "Provider": null, "EventID_Qualifiers": "", "EventID": "7", "Version": "3", "Level": "4", "Task": "7", "Opcode": "0", "Keywords": "0x8000000000000000", "TimeCreated_SystemTime": "2023-09-27 01:43:08.667665", "TimeCreated": null, "EventRecordID": "27574", "Correlation_ActivityID": "", "Correlation_RelatedActivityID": "", "Correlation": null, "Execution_ProcessID": "3368", "Execution_ThreadID": "4984", "Execution": null, "Channel": "Microsoft-Windows-Sysmon/Operational", "Computer": "DESKTOP-P5C3MUD", "Security_UserID": "S-1-5-18", "Security": null, "EventData_RuleName": "-", "EventData_UtcTime": "2023-09-27 01:43:08.653", "EventData_ProcessGuid": "{4557fbaa-88ac-6513-a124-000000000c00}", "EventData_ProcessId": "10448", "EventData_Image": "E:\\Software\\Microsoft Visual Studio\\VC\\Tools\\MSVC\\14.37.32822\\bin\\Hostx86\\x86\\vctip.exe", "EventData_ImageLoaded": "C:\\Windows\\SysWOW64\\dhcpcsvc6.dll", "EventData_FileVersion": "10.0.19041.2673 (WinBuild.160101.0800)", "EventData_Description": "DHCPv6 Client", "EventData_Product": "Microsoft\u00ae Windows\u00ae Operating System", "EventData_Company": "Microsoft Corporation", "EventData_OriginalFileName": "dhcpcsvc6.dll", "EventData_Hashes": "SHA1=D19A89A262D50FF3B9696E7EB00545BBA09F3913,MD5=D296DCBB39C67CAEE8E1E528B82DF2F4,SHA256=1B601F68B626F373734F089B71F147A871AD77FC37D52626C54B981D44A16087,IMPHASH=E94762BBEAB21DC15D0ADC6BDBB8F97F", "EventData_Signed": "true", "EventData_Signature": "Microsoft Windows", "EventData_SignatureStatus": "Valid", "EventData_User": "DESKTOP-P5C3MUD\\user"}
{"Provider_Name": "Microsoft-Windows-Sysmon", "Provider_Guid": "{5770385f-c22a-43e0-bf4c-06f5698ffbd9}", "Provider": null, "EventID_Qualifiers": "", "EventID": "7", "Version": "3", "Level": "4", "Task": "7", "Opcode": "0", "Keywords": "0x8000000000000000", "TimeCreated_SystemTime": "2023-09-27 01:43:08.668680", "TimeCreated": null, "EventRecordID": "27575", "Correlation_ActivityID": "", "Correlation_RelatedActivityID": "", "Correlation": null, "Execution_ProcessID": "3368", "Execution_ThreadID": "4984", "Execution": null, "Channel": "Microsoft-Windows-Sysmon/Operational", "Computer": "DESKTOP-P5C3MUD", "Security_UserID": "S-1-5-18", "Security": null, "EventData_RuleName": "-", "EventData_UtcTime": "2023-09-27 01:43:08.653", "EventData_ProcessGuid": "{4557fbaa-88ac-6513-a124-000000000c00}", "EventData_ProcessId": "10448", "EventData_Image": "E:\\Software\\Microsoft Visual Studio\\VC\\Tools\\MSVC\\14.37.32822\\bin\\Hostx86\\x86\\vctip.exe", "EventData_ImageLoaded": "C:\\Windows\\SysWOW64\\dhcpcsvc.dll", "EventData_FileVersion": "10.0.19041.2673 (WinBuild.160101.0800)", "EventData_Description": "DHCP Client Service", "EventData_Product": "Microsoft\u00ae Windows\u00ae Operating System", "EventData_Company": "Microsoft Corporation", "EventData_OriginalFileName": "dhcpcsvc.dll", "EventData_Hashes": "SHA1=F93DFD4DCD4F6C62E6D007421165B6C15A54707F,MD5=B30E285CEB0B5B709C66A48CF8CF9BE8,SHA256=AC602A54DAC3CA67D7FD5219F8BA89446542D8A258749700120FCEC2B6738AE5,IMPHASH=63FC82444BE0DE4F05C0049583ECF84D", "EventData_Signed": "true", "EventData_Signature": "Microsoft Windows", "EventData_SignatureStatus": "Valid", "EventData_User": "DESKTOP-P5C3MUD\\user"}
{"Provider_Name": "Microsoft-Windows-Sysmon", "Provider_Guid": "{5770385f-c22a-43e0-bf4c-06f5698ffbd9}", "Provider": null, "EventID_Qualifiers": "", "EventID": "7", "Version": "3", "Level": "4", "Task": "7", "Opcode": "0", "Keywords": "0x8000000000000000", "TimeCreated_SystemTime": "2023-09-27 01:43:08.670317", "TimeCreated": null, "EventRecordID": "27576", "Correlation_ActivityID": "", "Correlation_RelatedActivityID": "", "Correlation": null, "Execution_ProcessID": "3368", "Execution_ThreadID": "4984", "Execution": null, "Channel": "Microsoft-Windows-Sysmon/Operational", "Computer": "DESKTOP-P5C3MUD", "Security_UserID": "S-1-5-18", "Security": null, "EventData_RuleName": "-", "EventData_UtcTime": "2023-09-27 01:43:08.669", "EventData_ProcessGuid": "{4557fbaa-88ac-6513-a124-000000000c00}", "EventData_ProcessId": "10448", "EventData_Image": "E:\\Software\\Microsoft Visual Studio\\VC\\Tools\\MSVC\\14.37.32822\\bin\\Hostx86\\x86\\vctip.exe", "EventData_ImageLoaded": "C:\\Windows\\SysWOW64\\winnsi.dll", "EventData_FileVersion": "10.0.19041.546 (WinBuild.160101.0800)", "EventData_Description": "Network Store Information RPC interface", "EventData_Product": "Microsoft\u00ae Windows\u00ae Operating System", "EventData_Company": "Microsoft Corporation", "EventData_OriginalFileName": "winnsi.dll", "EventData_Hashes": "SHA1=878E0CBDFFA9D140D388996A5E196C6BCF8867D2,MD5=DAB544FECAB29886D19243F90A1F2DBA,SHA256=2A59440ADE80768496AC791C6C3F3209491DBE1EB8F91C99B77D2ED25E7D8D6F,IMPHASH=FFEADC10214D273B929FE3C6578E8C76", "EventData_Signed": "true", "EventData_Signature": "Microsoft Windows", "EventData_SignatureStatus": "Valid", "EventData_User": "DESKTOP-P5C3MUD\\user"}
{"Provider_Name": "Microsoft-Windows-Sysmon", "Provider_Guid": "{5770385f-c22a-43e0-bf4c-06f5698ffbd9}", "Provider": null, "EventID_Qualifiers": "", "EventID": "7", "Version": "3", "Level": "4", "Task": "7", "Opcode": "0", "Keywords": "0x8000000000000000", "TimeCreated_SystemTime": "2023-09-27 01:43:08.723539", "TimeCreated": null, "EventRecordID": "27577", "Correlation_ActivityID": "", "Correlation_RelatedActivityID": "", "Correlation": null, "Execution_ProcessID": "3368", "Execution_ThreadID": "4984", "Execution": null, "Channel": "Microsoft-Windows-Sysmon/Operational", "Computer": "DESKTOP-P5C3MUD", "Security_UserID": "S-1-5-18", "Security": null, "EventData_RuleName": "-", "EventData_UtcTime": "2023-09-27 01:43:08.715", "EventData_ProcessGuid": "{4557fbaa-88ac-6513-a124-000000000c00}", "EventData_ProcessId": "10448", "EventData_Image": "E:\\Software\\Microsoft Visual Studio\\VC\\Tools\\MSVC\\14.37.32822\\bin\\Hostx86\\x86\\vctip.exe", "EventData_ImageLoaded": "E:\\Software\\Microsoft Visual Studio\\VC\\Tools\\MSVC\\14.37.32822\\bin\\Hostx86\\x86\\Microsoft.VisualStudio.RemoteControl.dll", "EventData_FileVersion": "16.3.44.28725", "EventData_Description": "Microsoft.VisualStudio.RemoteControl", "EventData_Product": "Microsoft\u00ae Visual Studio\u00ae", "EventData_Company": "Microsoft Corporation", "EventData_OriginalFileName": "Microsoft.VisualStudio.RemoteControl.dll", "EventData_Hashes": "SHA1=2765B2F2CD04A0E1DF7556DA551CE9D763BC5C4D,MD5=2338953AE2AB47DE1703F27E872E84BA,SHA256=BFC4890087C01F629FA09E744E5A861F9F68B504100CBCF805855FA5906D61C7,IMPHASH=DAE02F32A21E03CE65412F6E56942DAA", "EventData_Signed": "true", "EventData_Signature": "Microsoft Corporation", "EventData_SignatureStatus": "Valid", "EventData_User": "DESKTOP-P5C3MUD\\user"}
{"Provider_Name": "Microsoft-Windows-Sysmon", "Provider_Guid": "{5770385f-c22a-43e0-bf4c-06f5698ffbd9}", "Provider": null, "EventID_Qualifiers": "", "EventID": "7", "Version": "3", "Level": "4", "Task": "7", "Opcode": "0", "Keywords": "0x8000000000000000", "TimeCreated_SystemTime": "2023-09-27 01:43:08.723738", "TimeCreated": null, "EventRecordID": "27578", "Correlation_ActivityID": "", "Correlation_RelatedActivityID": "", "Correlation": null, "Execution_ProcessID": "3368", "Execution_ThreadID": "4984", "Execution": null, "Channel": "Microsoft-Windows-Sysmon/Operational", "Computer": "DESKTOP-P5C3MUD", "Security_UserID": "S-1-5-18", "Security": null, "EventData_RuleName": "-", "EventData_UtcTime": "2023-09-27 01:43:08.715", "EventData_ProcessGuid": "{4557fbaa-88ac-6513-a124-000000000c00}", "EventData_ProcessId": "10448", "EventData_Image": "E:\\Software\\Microsoft Visual Studio\\VC\\Tools\\MSVC\\14.37.32822\\bin\\Hostx86\\x86\\vctip.exe", "EventData_ImageLoaded": "E:\\Software\\Microsoft Visual Studio\\VC\\Tools\\MSVC\\14.37.32822\\bin\\Hostx86\\x86\\Microsoft.VisualStudio.RemoteControl.dll", "EventData_FileVersion": "16.3.44.28725", "EventData_Description": "Microsoft.VisualStudio.RemoteControl", "EventData_Product": "Microsoft\u00ae Visual Studio\u00ae", "EventData_Company": "Microsoft Corporation", "EventData_OriginalFileName": "Microsoft.VisualStudio.RemoteControl.dll", "EventData_Hashes": "SHA1=2765B2F2CD04A0E1DF7556DA551CE9D763BC5C4D,MD5=2338953AE2AB47DE1703F27E872E84BA,SHA256=BFC4890087C01F629FA09E744E5A861F9F68B504100CBCF805855FA5906D61C7,IMPHASH=DAE02F32A21E03CE65412F6E56942DAA", "EventData_Signed": "true", "EventData_Signature": "Microsoft Corporation", "EventData_SignatureStatus": "Valid", "EventData_User": "DESKTOP-P5C3MUD\\user"}
{"Provider_Name": "Microsoft-Windows-Sysmon", "Provider_Guid": "{5770385f-c22a-43e0-bf4c-06f5698ffbd9}", "Provider": null, "EventID_Qualifiers": "", "EventID": "7", "Version": "3", "Level": "4", "Task": "7", "Opcode": "0", "Keywords": "0x8000000000000000", "TimeCreated_SystemTime": "2023-09-27 01:43:08.729536", "TimeCreated": null, "EventRecordID": "27579", "Correlation_ActivityID": "", "Correlation_RelatedActivityID": "", "Correlation": null, "Execution_ProcessID": "3368", "Execution_ThreadID": "4984", "Execution": null, "Channel": "Microsoft-Windows-Sysmon/Operational", "Computer": "DESKTOP-P5C3MUD", "Security_UserID": "S-1-5-18", "Security": null, "EventData_RuleName": "-", "EventData_UtcTime": "2023-09-27 01:43:08.715", "EventData_ProcessGuid": "{4557fbaa-88ac-6513-a124-000000000c00}", "EventData_ProcessId": "10448", "EventData_Image": "E:\\Software\\Microsoft Visual Studio\\VC\\Tools\\MSVC\\14.37.32822\\bin\\Hostx86\\x86\\vctip.exe", "EventData_ImageLoaded": "C:\\Windows\\SysWOW64\\cryptsp.dll", "EventData_FileVersion": "10.0.19041.546 (WinBuild.160101.0800)", "EventData_Description": "Cryptographic Service Provider API", "EventData_Product": "Microsoft\u00ae Windows\u00ae Operating System", "EventData_Company": "Microsoft Corporation", "EventData_OriginalFileName": "cryptsp.dll", "EventData_Hashes": "SHA1=8155B9B85CE4F7030AB3432B2D008A8D5287B7AA,MD5=72B414320CAC426949ACC3E721ECFE81,SHA256=BB80A6FB355CF176C3253F3662DC7D0B2FBC3B4F842A53109A777973194B5CDB,IMPHASH=C54E88E35A24F5BA0A76FE0038B038A7", "EventData_Signed": "true", "EventData_Signature": "Microsoft Windows", "EventData_SignatureStatus": "Valid", "EventData_User": "DESKTOP-P5C3MUD\\user"}
{"Provider_Name": "Microsoft-Windows-Sysmon", "Provider_Guid": "{5770385f-c22a-43e0-bf4c-06f5698ffbd9}", "Provider": null, "EventID_Qualifiers": "", "EventID": "7", "Version": "3", "Level": "4", "Task": "7", "Opcode": "0", "Keywords": "0x8000000000000000", "TimeCreated_SystemTime": "2023-09-27 01:43:08.730078", "TimeCreated": null, "EventRecordID": "27580", "Correlation_ActivityID": "", "Correlation_RelatedActivityID": "", "Correlation": null, "Execution_ProcessID": "3368", "Execution_ThreadID": "4984", "Execution": null, "Channel": "Microsoft-Windows-Sysmon/Operational", "Computer": "DESKTOP-P5C3MUD", "Security_UserID": "S-1-5-18", "Security": null, "EventData_RuleName": "-", "EventData_UtcTime": "2023-09-27 01:43:08.715", "EventData_ProcessGuid": "{4557fbaa-88ac-6513-a124-000000000c00}", "EventData_ProcessId": "10448", "EventData_Image": "E:\\Software\\Microsoft Visual Studio\\VC\\Tools\\MSVC\\14.37.32822\\bin\\Hostx86\\x86\\vctip.exe", "EventData_ImageLoaded": "C:\\Windows\\SysWOW64\\rsaenh.dll", "EventData_FileVersion": "10.0.19041.1052 (WinBuild.160101.0800)", "EventData_Description": "Microsoft Enhanced Cryptographic Provider", "EventData_Product": "Microsoft\u00ae Windows\u00ae Operating System", "EventData_Company": "Microsoft Corporation", "EventData_OriginalFileName": "rsaenh.dll", "EventData_Hashes": "SHA1=186775F5F5D68F4BC3C058746FC56030CED9C550,MD5=78BE124BE88BC7CE603DAC531BFAF4C1,SHA256=66D0C8619A0F8DC10B375B0546CA4B4E7726185A3D0EF656EDA9FB0F7C81E4BE,IMPHASH=2EA454BE669039C6361F930648E83C20", "EventData_Signed": "true", "EventData_Signature": "Microsoft Windows", "EventData_SignatureStatus": "Valid", "EventData_User": "DESKTOP-P5C3MUD\\user"}
{"Provider_Name": "Microsoft-Windows-Sysmon", "Provider_Guid": "{5770385f-c22a-43e0-bf4c-06f5698ffbd9}", "Provider": null, "EventID_Qualifiers": "", "EventID": "7", "Version": "3", "Level": "4", "Task": "7", "Opcode": "0", "Keywords": "0x8000000000000000", "TimeCreated_SystemTime": "2023-09-27 01:43:08.730330", "TimeCreated": null, "EventRecordID": "27581", "Correlation_ActivityID": "", "Correlation_RelatedActivityID": "", "Correlation": null, "Execution_ProcessID": "3368", "Execution_ThreadID": "4984", "Execution": null, "Channel": "Microsoft-Windows-Sysmon/Operational", "Computer": "DESKTOP-P5C3MUD", "Security_UserID": "S-1-5-18", "Security": null, "EventData_RuleName": "-", "EventData_UtcTime": "2023-09-27 01:43:08.715", "EventData_ProcessGuid": "{4557fbaa-88ac-6513-a124-000000000c00}", "EventData_ProcessId": "10448", "EventData_Image": "E:\\Software\\Microsoft Visual Studio\\VC\\Tools\\MSVC\\14.37.32822\\bin\\Hostx86\\x86\\vctip.exe", "EventData_ImageLoaded": "C:\\Windows\\SysWOW64\\bcrypt.dll", "EventData_FileVersion": "10.0.19041.3208 (WinBuild.160101.0800)", "EventData_Description": "Windows Cryptographic Primitives Library (Wow64)", "EventData_Product": "Microsoft\u00ae Windows\u00ae Operating System", "EventData_Company": "Microsoft Corporation", "EventData_OriginalFileName": "bcrypt.dll", "EventData_Hashes": "SHA1=A5EA604AE96E7E49100D5F9ECA9DECC5186FB906,MD5=E32B2AC3E643B99D99596898CEC53114,SHA256=98607907F79424AA15A531B06D4C4543E21DDEBB2AAED12E7775C572CCDD924D,IMPHASH=B6A247BEBBE359A2C85C40344E34AB03", "EventData_Signed": "true", "EventData_Signature": "Microsoft Windows", "EventData_SignatureStatus": "Valid", "EventData_User": "DESKTOP-P5C3MUD\\user"}
{"Provider_Name": "Microsoft-Windows-Sysmon", "Provider_Guid": "{5770385f-c22a-43e0-bf4c-06f5698ffbd9}", "Provider": null, "EventID_Qualifiers": "", "EventID": "7", "Version": "3", "Level": "4", "Task": "7", "Opcode": "0", "Keywords": "0x8000000000000000", "TimeCreated_SystemTime": "2023-09-27 01:43:08.730921", "TimeCreated": null, "EventRecordID": "27582", "Correlation_ActivityID": "", "Correlation_RelatedActivityID": "", "Correlation": null, "Execution_ProcessID": "3368", "Execution_ThreadID": "4984", "Execution": null, "Channel": "Microsoft-Windows-Sysmon/Operational", "Computer": "DESKTOP-P5C3MUD", "Security_UserID": "S-1-5-18", "Security": null, "EventData_RuleName": "-", "EventData_UtcTime": "2023-09-27 01:43:08.715", "EventData_ProcessGuid": "{4557fbaa-88ac-6513-a124-000000000c00}", "EventData_ProcessId": "10448", "EventData_Image": "E:\\Software\\Microsoft Visual Studio\\VC\\Tools\\MSVC\\14.37.32822\\bin\\Hostx86\\x86\\vctip.exe", "EventData_ImageLoaded": "C:\\Windows\\SysWOW64\\cryptbase.dll", "EventData_FileVersion": "10.0.19041.546 (WinBuild.160101.0800)", "EventData_Description": "Base cryptographic API DLL", "EventData_Product": "Microsoft\u00ae Windows\u00ae Operating System", "EventData_Company": "Microsoft Corporation", "EventData_OriginalFileName": "cryptbase.dll", "EventData_Hashes": "SHA1=577E38BBE2DB46DC580E4E3EAD23EB1868AA3B9F,MD5=9E1D8E1E7E3BFDF4779366BF1460D004,SHA256=6464346BC05B9A43FCE7B3E8BFD5DC5213275E639A1D2D078108D8D64FF7B746,IMPHASH=0BE75B543C0F25B405F5788FEEC9F429", "EventData_Signed": "true", "EventData_Signature": "Microsoft Windows", "EventData_SignatureStatus": "Valid", "EventData_User": "DESKTOP-P5C3MUD\\user"}
{"Provider_Name": "Microsoft-Windows-Sysmon", "Provider_Guid": "{5770385f-c22a-43e0-bf4c-06f5698ffbd9}", "Provider": null, "EventID_Qualifiers": "", "EventID": "10", "Version": "3", "Level": "4", "Task": "10", "Opcode": "0", "Keywords": "0x8000000000000000", "TimeCreated_SystemTime": "2023-09-27 01:43:08.736128", "TimeCreated": null, "EventRecordID": "27583", "Correlation_ActivityID": "", "Correlation_RelatedActivityID": "", "Correlation": null, "Execution_ProcessID": "3368", "Execution_ThreadID": "4984", "Execution": null, "Channel": "Microsoft-Windows-Sysmon/Operational", "Computer": "DESKTOP-P5C3MUD", "Security_UserID": "S-1-5-18", "Security": null, "EventData_RuleName": "-", "EventData_UtcTime": "2023-09-27 01:43:08.731", "EventData_SourceProcessGUID": "{4557fbaa-e7c6-6502-1000-000000000c00}", "EventData_SourceProcessId": "992", "EventData_SourceThreadId": "11116", "EventData_SourceImage": "C:\\Windows\\system32\\svchost.exe", "EventData_TargetProcessGUID": "{4557fbaa-88ac-6513-a124-000000000c00}", "EventData_TargetProcessId": "10448", "EventData_TargetImage": "E:\\Software\\Microsoft Visual Studio\\VC\\Tools\\MSVC\\14.37.32822\\bin\\HostX86\\x86\\VCTIP.EXE", "EventData_GrantedAccess": "0x00100000", "EventData_CallTrace": "C:\\Windows\\SYSTEM32\\ntdll.dll+9df24|C:\\Windows\\System32\\RPCRT4.dll+4f034|c:\\windows\\system32\\rpcss.dll+fb25|c:\\windows\\system32\\rpcss.dll+e417|C:\\Windows\\System32\\RPCRT4.dll+7b4b3|C:\\Windows\\System32\\RPCRT4.dll+7a282|C:\\Windows\\System32\\RPCRT4.dll+1e1ca|C:\\Windows\\System32\\RPCRT4.dll+5dfda|C:\\Windows\\System32\\RPCRT4.dll+59188|C:\\Windows\\System32\\RPCRT4.dll+3a3a6|C:\\Windows\\System32\\RPCRT4.dll+39cf8|C:\\Windows\\System32\\RPCRT4.dll+474bf|C:\\Windows\\System32\\RPCRT4.dll+468c8|C:\\Windows\\System32\\RPCRT4.dll+45eb1|C:\\Windows\\System32\\RPCRT4.dll+4591e|C:\\Windows\\System32\\RPCRT4.dll+4a032|C:\\Windows\\SYSTEM32\\ntdll.dll+20330|C:\\Windows\\SYSTEM32\\ntdll.dll+52f86|C:\\Windows\\System32\\KERNEL32.DLL+17344|C:\\Windows\\SYSTEM32\\ntdll.dll+526b1", "EventData_SourceUser": "NT AUTHORITY\\NETWORK SERVICE", "EventData_TargetUser": "DESKTOP-P5C3MUD\\user"}
{"Provider_Name": "Microsoft-Windows-Sysmon", "Provider_Guid": "{5770385f-c22a-43e0-bf4c-06f5698ffbd9}", "Provider": null, "EventID_Qualifiers": "", "EventID": "17", "Version": "1", "Level": "4", "Task": "17", "Opcode": "0", "Keywords": "0x8000000000000000", "TimeCreated_SystemTime": "2023-09-27 01:43:08.738926", "TimeCreated": null, "EventRecordID": "27584", "Correlation_ActivityID": "", "Correlation_RelatedActivityID": "", "Correlation": null, "Execution_ProcessID": "3368", "Execution_ThreadID": "4984", "Execution": null, "Channel": "Microsoft-Windows-Sysmon/Operational", "Computer": "DESKTOP-P5C3MUD", "Security_UserID": "S-1-5-18", "Security": null, "EventData_RuleName": "-", "EventData_EventType": "CreatePipe", "EventData_UtcTime": "2023-09-27 01:43:08.731", "EventData_ProcessGuid": "{4557fbaa-88ac-6513-a124-000000000c00}", "EventData_ProcessId": "10448", "EventData_PipeName": "\\VCTIP_14.37.32822.0_PIPE", "EventData_Image": "E:\\Software\\Microsoft Visual Studio\\VC\\Tools\\MSVC\\14.37.32822\\bin\\HostX86\\x86\\VCTIP.EXE", "EventData_User": "DESKTOP-P5C3MUD\\user"}
{"Provider_Name": "Microsoft-Windows-Sysmon", "Provider_Guid": "{5770385f-c22a-43e0-bf4c-06f5698ffbd9}", "Provider": null, "EventID_Qualifiers": "", "EventID": "18", "Version": "1", "Level": "4", "Task": "18", "Opcode": "0", "Keywords": "0x8000000000000000", "TimeCreated_SystemTime": "2023-09-27 01:43:08.739845", "TimeCreated": null, "EventRecordID": "27585", "Correlation_ActivityID": "", "Correlation_RelatedActivityID": "", "Correlation": null, "Execution_ProcessID": "3368", "Execution_ThreadID": "4984", "Execution": null, "Channel": "Microsoft-Windows-Sysmon/Operational", "Computer": "DESKTOP-P5C3MUD", "Security_UserID": "S-1-5-18", "Security": null, "EventData_RuleName": "-", "EventData_EventType": "ConnectPipe", "EventData_UtcTime": "2023-09-27 01:43:08.731", "EventData_ProcessGuid": "{4557fbaa-88aa-6513-9d24-000000000c00}", "EventData_ProcessId": "9000", "EventData_PipeName": "\\VCTIP_14.37.32822.0_PIPE", "EventData_Image": "E:\\Software\\Microsoft Visual Studio\\VC\\Tools\\MSVC\\14.37.32822\\bin\\HostX86\\x86\\link.exe", "EventData_User": "DESKTOP-P5C3MUD\\user"}
{"Provider_Name": "Microsoft-Windows-Sysmon", "Provider_Guid": "{5770385f-c22a-43e0-bf4c-06f5698ffbd9}", "Provider": null, "EventID_Qualifiers": "", "EventID": "5", "Version": "3", "Level": "4", "Task": "5", "Opcode": "0", "Keywords": "0x8000000000000000", "TimeCreated_SystemTime": "2023-09-27 01:43:08.744902", "TimeCreated": null, "EventRecordID": "27586", "Correlation_ActivityID": "", "Correlation_RelatedActivityID": "", "Correlation": null, "Execution_ProcessID": "3368", "Execution_ThreadID": "4984", "Execution": null, "Channel": "Microsoft-Windows-Sysmon/Operational", "Computer": "DESKTOP-P5C3MUD", "Security_UserID": "S-1-5-18", "Security": null, "EventData_RuleName": "-", "EventData_UtcTime": "2023-09-27 01:43:08.731", "EventData_ProcessGuid": "{4557fbaa-88aa-6513-9d24-000000000c00}", "EventData_ProcessId": "9000", "EventData_Image": "E:\\Software\\Microsoft Visual Studio\\VC\\Tools\\MSVC\\14.37.32822\\bin\\Hostx86\\x86\\link.exe", "EventData_User": "DESKTOP-P5C3MUD\\user"}
{"Provider_Name": "Microsoft-Windows-Sysmon", "Provider_Guid": "{5770385f-c22a-43e0-bf4c-06f5698ffbd9}", "Provider": null, "EventID_Qualifiers": "", "EventID": "7", "Version": "3", "Level": "4", "Task": "7", "Opcode": "0", "Keywords": "0x8000000000000000", "TimeCreated_SystemTime": "2023-09-27 01:43:08.748859", "TimeCreated": null, "EventRecordID": "27587", "Correlation_ActivityID": "", "Correlation_RelatedActivityID": "", "Correlation": null, "Execution_ProcessID": "3368", "Execution_ThreadID": "4984", "Execution": null, "Channel": "Microsoft-Windows-Sysmon/Operational", "Computer": "DESKTOP-P5C3MUD", "Security_UserID": "S-1-5-18", "Security": null, "EventData_RuleName": "-", "EventData_UtcTime": "2023-09-27 01:43:08.747", "EventData_ProcessGuid": "{4557fbaa-88aa-6513-9b24-000000000c00}", "EventData_ProcessId": "10388", "EventData_Image": "E:\\Software\\Microsoft Visual Studio\\MSBuild\\Current\\Bin\\amd64\\Tracker.exe", "EventData_ImageLoaded": "C:\\Windows\\System32\\kernel.appcore.dll", "EventData_FileVersion": "10.0.19041.546 (WinBuild.160101.0800)", "EventData_Description": "AppModel API Host", "EventData_Product": "Microsoft\u00ae Windows\u00ae Operating System", "EventData_Company": "Microsoft Corporation", "EventData_OriginalFileName": "kernel.appcore.dll", "EventData_Hashes": "SHA1=CDBA1CC8FD390B4F8101B5A22B0AA0BA5605C7DB,MD5=AF68FDDB20DF61ECE812B542176949E4,SHA256=7D6C60195DFB05EEC27377AE25D9AD259D7FDF85FA71D2AA855FD4129C2AADC2,IMPHASH=C24B24FA5FB3285D15231007B6E54465", "EventData_Signed": "true", "EventData_Signature": "Microsoft Windows", "EventData_SignatureStatus": "Valid", "EventData_User": "DESKTOP-P5C3MUD\\user"}
{"Provider_Name": "Microsoft-Windows-Sysmon", "Provider_Guid": "{5770385f-c22a-43e0-bf4c-06f5698ffbd9}", "Provider": null, "EventID_Qualifiers": "", "EventID": "7", "Version": "3", "Level": "4", "Task": "7", "Opcode": "0", "Keywords": "0x8000000000000000", "TimeCreated_SystemTime": "2023-09-27 01:43:08.750866", "TimeCreated": null, "EventRecordID": "27588", "Correlation_ActivityID": "", "Correlation_RelatedActivityID": "", "Correlation": null, "Execution_ProcessID": "3368", "Execution_ThreadID": "4984", "Execution": null, "Channel": "Microsoft-Windows-Sysmon/Operational", "Computer": "DESKTOP-P5C3MUD", "Security_UserID": "S-1-5-18", "Security": null, "EventData_RuleName": "-", "EventData_UtcTime": "2023-09-27 01:43:08.747", "EventData_ProcessGuid": "{4557fbaa-88ac-6513-a124-000000000c00}", "EventData_ProcessId": "10448", "EventData_Image": "E:\\Software\\Microsoft Visual Studio\\VC\\Tools\\MSVC\\14.37.32822\\bin\\Hostx86\\x86\\vctip.exe", "EventData_ImageLoaded": "C:\\Windows\\assembly\\NativeImages_v4.0.30319_32\\System.Configuration\\40d3ae96716f745125d48b4305d8300a\\System.Configuration.ni.dll", "EventData_FileVersion": "4.8.9037.0 built by: NET481REL1", "EventData_Description": "System.Configuration.dll", "EventData_Product": "Microsoft\u00ae .NET Framework", "EventData_Company": "Microsoft Corporation", "EventData_OriginalFileName": "System.Configuration.dll", "EventData_Hashes": "SHA1=150AED7770655D6B35864FBF47029E78AEE30F83,MD5=0E174D148D087031B2EFAE45582379BC,SHA256=CF38346C35D4C0F56E6A194DE111FA1F839FB2CDC1C5A281B1173C2321348931,IMPHASH=00000000000000000000000000000000", "EventData_Signed": "false", "EventData_Signature": "-", "EventData_SignatureStatus": "Unavailable", "EventData_User": "DESKTOP-P5C3MUD\\user"}
{"Provider_Name": "Microsoft-Windows-Sysmon", "Provider_Guid": "{5770385f-c22a-43e0-bf4c-06f5698ffbd9}", "Provider": null, "EventID_Qualifiers": "", "EventID": "7", "Version": "3", "Level": "4", "Task": "7", "Opcode": "0", "Keywords": "0x8000000000000000", "TimeCreated_SystemTime": "2023-09-27 01:43:08.751793", "TimeCreated": null, "EventRecordID": "27589", "Correlation_ActivityID": "", "Correlation_RelatedActivityID": "", "Correlation": null, "Execution_ProcessID": "3368", "Execution_ThreadID": "4984", "Execution": null, "Channel": "Microsoft-Windows-Sysmon/Operational", "Computer": "DESKTOP-P5C3MUD", "Security_UserID": "S-1-5-18", "Security": null, "EventData_RuleName": "-", "EventData_UtcTime": "2023-09-27 01:43:08.747", "EventData_ProcessGuid": "{4557fbaa-88aa-6513-9b24-000000000c00}", "EventData_ProcessId": "10388", "EventData_Image": "E:\\Software\\Microsoft Visual Studio\\MSBuild\\Current\\Bin\\amd64\\Tracker.exe", "EventData_ImageLoaded": "C:\\Windows\\System32\\msvcrt.dll", "EventData_FileVersion": "7.0.19041.546 (WinBuild.160101.0800)", "EventData_Description": "Windows NT CRT DLL", "EventData_Product": "Microsoft\u00ae Windows\u00ae Operating System", "EventData_Company": "Microsoft Corporation", "EventData_OriginalFileName": "msvcrt.dll", "EventData_Hashes": "SHA1=5AFF4CFDEE689F127DF3C555281DC629D4D62318,MD5=A4F2D5942FB447CD48A5CEE414983E85,SHA256=DD7C8BC34CDBE30EF921395E874909BBF6BE53803822164F75F7207E9F085650,IMPHASH=1273683626EBBA703979F188A1E64237", "EventData_Signed": "true", "EventData_Signature": "Microsoft Windows", "EventData_SignatureStatus": "Valid", "EventData_User": "DESKTOP-P5C3MUD\\user"}
{"Provider_Name": "Microsoft-Windows-Sysmon", "Provider_Guid": "{5770385f-c22a-43e0-bf4c-06f5698ffbd9}", "Provider": null, "EventID_Qualifiers": "", "EventID": "5", "Version": "3", "Level": "4", "Task": "5", "Opcode": "0", "Keywords": "0x8000000000000000", "TimeCreated_SystemTime": "2023-09-27 01:43:08.752409", "TimeCreated": null, "EventRecordID": "27590", "Correlation_ActivityID": "", "Correlation_RelatedActivityID": "", "Correlation": null, "Execution_ProcessID": "3368", "Execution_ThreadID": "4984", "Execution": null, "Channel": "Microsoft-Windows-Sysmon/Operational", "Computer": "DESKTOP-P5C3MUD", "Security_UserID": "S-1-5-18", "Security": null, "EventData_RuleName": "-", "EventData_UtcTime": "2023-09-27 01:43:08.747", "EventData_ProcessGuid": "{4557fbaa-88aa-6513-9b24-000000000c00}", "EventData_ProcessId": "10388", "EventData_Image": "E:\\Software\\Microsoft Visual Studio\\MSBuild\\Current\\Bin\\amd64\\Tracker.exe", "EventData_User": "DESKTOP-P5C3MUD\\user"}
{"Provider_Name": "Microsoft-Windows-Sysmon", "Provider_Guid": "{5770385f-c22a-43e0-bf4c-06f5698ffbd9}", "Provider": null, "EventID_Qualifiers": "", "EventID": "5", "Version": "3", "Level": "4", "Task": "5", "Opcode": "0", "Keywords": "0x8000000000000000", "TimeCreated_SystemTime": "2023-09-27 01:43:08.753059", "TimeCreated": null, "EventRecordID": "27591", "Correlation_ActivityID": "", "Correlation_RelatedActivityID": "", "Correlation": null, "Execution_ProcessID": "3368", "Execution_ThreadID": "4984", "Execution": null, "Channel": "Microsoft-Windows-Sysmon/Operational", "Computer": "DESKTOP-P5C3MUD", "Security_UserID": "S-1-5-18", "Security": null, "EventData_RuleName": "-", "EventData_UtcTime": "2023-09-27 01:43:08.747", "EventData_ProcessGuid": "{4557fbaa-88aa-6513-9c24-000000000c00}", "EventData_ProcessId": "11792", "EventData_Image": "C:\\Windows\\System32\\conhost.exe", "EventData_User": "DESKTOP-P5C3MUD\\user"}
{"Provider_Name": "Microsoft-Windows-Sysmon", "Provider_Guid": "{5770385f-c22a-43e0-bf4c-06f5698ffbd9}", "Provider": null, "EventID_Qualifiers": "", "EventID": "26", "Version": "5", "Level": "4", "Task": "26", "Opcode": "0", "Keywords": "0x8000000000000000", "TimeCreated_SystemTime": "2023-09-27 01:43:08.753929", "TimeCreated": null, "EventRecordID": "27592", "Correlation_ActivityID": "", "Correlation_RelatedActivityID": "", "Correlation": null, "Execution_ProcessID": "3368", "Execution_ThreadID": "4984", "Execution": null, "Channel": "Microsoft-Windows-Sysmon/Operational", "Computer": "DESKTOP-P5C3MUD", "Security_UserID": "S-1-5-18", "Security": null, "EventData_RuleName": "-", "EventData_UtcTime": "2023-09-27 01:43:08.747", "EventData_ProcessGuid": "{4557fbaa-8862-6513-7a24-000000000c00}", "EventData_ProcessId": "13996", "EventData_User": "DESKTOP-P5C3MUD\\user", "EventData_Image": "E:\\Software\\Microsoft Visual Studio\\MSBuild\\Current\\Bin\\amd64\\MSBuild.exe", "EventData_TargetFilename": "C:\\Users\\user\\AppData\\Local\\Temp\\MSBuildTempuser\\tmpbc5a3589fbc44a3cab6955e8a1a36f98.rsp", "EventData_Hashes": "SHA1=8848314BDB52807A38EE22594F9DF6A75713A544,MD5=2B581F38D8788A40B050B302D9F17B74,SHA256=C4C62ED0606D88579D70F166E708C8620412DF03D8E2BDCCE84631B88A071C80,IMPHASH=00000000000000000000000000000000", "EventData_IsExecutable": "False"}
{"Provider_Name": "Microsoft-Windows-Sysmon", "Provider_Guid": "{5770385f-c22a-43e0-bf4c-06f5698ffbd9}", "Provider": null, "EventID_Qualifiers": "", "EventID": "26", "Version": "5", "Level": "4", "Task": "26", "Opcode": "0", "Keywords": "0x8000000000000000", "TimeCreated_SystemTime": "2023-09-27 01:43:08.754623", "TimeCreated": null, "EventRecordID": "27593", "Correlation_ActivityID": "", "Correlation_RelatedActivityID": "", "Correlation": null, "Execution_ProcessID": "3368", "Execution_ThreadID": "4984", "Execution": null, "Channel": "Microsoft-Windows-Sysmon/Operational", "Computer": "DESKTOP-P5C3MUD", "Security_UserID": "S-1-5-18", "Security": null, "EventData_RuleName": "-", "EventData_UtcTime": "2023-09-27 01:43:08.747", "EventData_ProcessGuid": "{4557fbaa-8862-6513-7a24-000000000c00}", "EventData_ProcessId": "13996", "EventData_User": "DESKTOP-P5C3MUD\\user", "EventData_Image": "E:\\Software\\Microsoft Visual Studio\\MSBuild\\Current\\Bin\\amd64\\MSBuild.exe", "EventData_TargetFilename": "C:\\Users\\user\\AppData\\Local\\Temp\\tmp0e8dc45065214e6a92b2b426f924b781.tmp", "EventData_Hashes": "SHA1=0634D2243173A5726C1DB98C15E753E449342939,MD5=76B4EE69B48C6ED813F9BCBBB9B22C43,SHA256=6DF965F991BC2FD0FDAD86130DB2BCEF92A5CF790C4B3E062D2DDEEA63960C0F,IMPHASH=00000000000000000000000000000000", "EventData_IsExecutable": "False"}
{"Provider_Name": "Microsoft-Windows-Sysmon", "Provider_Guid": "{5770385f-c22a-43e0-bf4c-06f5698ffbd9}", "Provider": null, "EventID_Qualifiers": "", "EventID": "7", "Version": "3", "Level": "4", "Task": "7", "Opcode": "0", "Keywords": "0x8000000000000000", "TimeCreated_SystemTime": "2023-09-27 01:43:08.758343", "TimeCreated": null, "EventRecordID": "27594", "Correlation_ActivityID": "", "Correlation_RelatedActivityID": "", "Correlation": null, "Execution_ProcessID": "3368", "Execution_ThreadID": "4984", "Execution": null, "Channel": "Microsoft-Windows-Sysmon/Operational", "Computer": "DESKTOP-P5C3MUD", "Security_UserID": "S-1-5-18", "Security": null, "EventData_RuleName": "-", "EventData_UtcTime": "2023-09-27 01:43:08.747", "EventData_ProcessGuid": "{4557fbaa-88ac-6513-a124-000000000c00}", "EventData_ProcessId": "10448", "EventData_Image": "E:\\Software\\Microsoft Visual Studio\\VC\\Tools\\MSVC\\14.37.32822\\bin\\Hostx86\\x86\\vctip.exe", "EventData_ImageLoaded": "C:\\Windows\\Microsoft.NET\\assembly\\GAC_MSIL\\System.Drawing\\v4.0_4.0.0.0__b03f5f7f11d50a3a\\System.Drawing.dll", "EventData_FileVersion": "4.8.9037.0 built by: NET481REL1", "EventData_Description": ".NET Framework", "EventData_Product": "Microsoft\u00ae .NET Framework", "EventData_Company": "Microsoft Corporation", "EventData_OriginalFileName": "System.Drawing.dll", "EventData_Hashes": "SHA1=E5A96E214B22FEB3917B25828EC423B7F4412E56,MD5=89BE4D034158C999EE0163404E99DE0A,SHA256=E2B4072E3FCE12E5B9CAF9A0C818F25C7A96BD6B3E84AB89B60A1225C124ACC2,IMPHASH=DAE02F32A21E03CE65412F6E56942DAA", "EventData_Signed": "true", "EventData_Signature": "Microsoft Corporation", "EventData_SignatureStatus": "Valid", "EventData_User": "DESKTOP-P5C3MUD\\user"}
{"Provider_Name": "Microsoft-Windows-Sysmon", "Provider_Guid": "{5770385f-c22a-43e0-bf4c-06f5698ffbd9}", "Provider": null, "EventID_Qualifiers": "", "EventID": "7", "Version": "3", "Level": "4", "Task": "7", "Opcode": "0", "Keywords": "0x8000000000000000", "TimeCreated_SystemTime": "2023-09-27 01:43:08.758545", "TimeCreated": null, "EventRecordID": "27595", "Correlation_ActivityID": "", "Correlation_RelatedActivityID": "", "Correlation": null, "Execution_ProcessID": "3368", "Execution_ThreadID": "4984", "Execution": null, "Channel": "Microsoft-Windows-Sysmon/Operational", "Computer": "DESKTOP-P5C3MUD", "Security_UserID": "S-1-5-18", "Security": null, "EventData_RuleName": "-", "EventData_UtcTime": "2023-09-27 01:43:08.747", "EventData_ProcessGuid": "{4557fbaa-88ac-6513-a124-000000000c00}", "EventData_ProcessId": "10448", "EventData_Image": "E:\\Software\\Microsoft Visual Studio\\VC\\Tools\\MSVC\\14.37.32822\\bin\\Hostx86\\x86\\vctip.exe", "EventData_ImageLoaded": "C:\\Windows\\Microsoft.NET\\assembly\\GAC_MSIL\\System.Drawing\\v4.0_4.0.0.0__b03f5f7f11d50a3a\\System.Drawing.dll", "EventData_FileVersion": "4.8.9037.0 built by: NET481REL1", "EventData_Description": ".NET Framework", "EventData_Product": "Microsoft\u00ae .NET Framework", "EventData_Company": "Microsoft Corporation", "EventData_OriginalFileName": "System.Drawing.dll", "EventData_Hashes": "SHA1=E5A96E214B22FEB3917B25828EC423B7F4412E56,MD5=89BE4D034158C999EE0163404E99DE0A,SHA256=E2B4072E3FCE12E5B9CAF9A0C818F25C7A96BD6B3E84AB89B60A1225C124ACC2,IMPHASH=DAE02F32A21E03CE65412F6E56942DAA", "EventData_Signed": "true", "EventData_Signature": "Microsoft Corporation", "EventData_SignatureStatus": "Valid", "EventData_User": "DESKTOP-P5C3MUD\\user"}
{"Provider_Name": "Microsoft-Windows-Sysmon", "Provider_Guid": "{5770385f-c22a-43e0-bf4c-06f5698ffbd9}", "Provider": null, "EventID_Qualifiers": "", "EventID": "26", "Version": "5", "Level": "4", "Task": "26", "Opcode": "0", "Keywords": "0x8000000000000000", "TimeCreated_SystemTime": "2023-09-27 01:43:08.761192", "TimeCreated": null, "EventRecordID": "27596", "Correlation_ActivityID": "", "Correlation_RelatedActivityID": "", "Correlation": null, "Execution_ProcessID": "3368", "Execution_ThreadID": "4984", "Execution": null, "Channel": "Microsoft-Windows-Sysmon/Operational", "Computer": "DESKTOP-P5C3MUD", "Security_UserID": "S-1-5-18", "Security": null, "EventData_RuleName": "-", "EventData_UtcTime": "2023-09-27 01:43:08.747", "EventData_ProcessGuid": "{4557fbaa-e7c6-6502-1e00-000000000c00}", "EventData_ProcessId": "1520", "EventData_User": "NT AUTHORITY\\SYSTEM", "EventData_Image": "C:\\Windows\\system32\\svchost.exe", "EventData_TargetFilename": "C:\\Windows\\Prefetch\\LINK.EXE-C87C97E0.pf", "EventData_Hashes": "SHA1=EFA455100445771FBC1AF0E1D6AB5BBB72EA169D,MD5=090D94D6D696BF69A0ABE5ACCE8FA160,SHA256=0F9AFD00A5DA9AE0F04B7A07056B03221B7BF74D5343C3A91297C0BB63C039E4,IMPHASH=00000000000000000000000000000000", "EventData_IsExecutable": "False"}
{"Provider_Name": "Microsoft-Windows-Sysmon", "Provider_Guid": "{5770385f-c22a-43e0-bf4c-06f5698ffbd9}", "Provider": null, "EventID_Qualifiers": "", "EventID": "11", "Version": "2", "Level": "4", "Task": "11", "Opcode": "0", "Keywords": "0x8000000000000000", "TimeCreated_SystemTime": "2023-09-27 01:43:08.761311", "TimeCreated": null, "EventRecordID": "27597", "Correlation_ActivityID": "", "Correlation_RelatedActivityID": "", "Correlation": null, "Execution_ProcessID": "3368", "Execution_ThreadID": "4984", "Execution": null, "Channel": "Microsoft-Windows-Sysmon/Operational", "Computer": "DESKTOP-P5C3MUD", "Security_UserID": "S-1-5-18", "Security": null, "EventData_RuleName": "-", "EventData_UtcTime": "2023-09-27 01:43:08.747", "EventData_ProcessGuid": "{4557fbaa-e7c6-6502-1e00-000000000c00}", "EventData_ProcessId": "1520", "EventData_Image": "C:\\Windows\\system32\\svchost.exe", "EventData_TargetFilename": "C:\\Windows\\Prefetch\\LINK.EXE-C87C97E0.pf", "EventData_CreationUtcTime": "2023-09-27 01:42:02.200", "EventData_User": "NT AUTHORITY\\SYSTEM"}
{"Provider_Name": "Microsoft-Windows-Sysmon", "Provider_Guid": "{5770385f-c22a-43e0-bf4c-06f5698ffbd9}", "Provider": null, "EventID_Qualifiers": "", "EventID": "7", "Version": "3", "Level": "4", "Task": "7", "Opcode": "0", "Keywords": "0x8000000000000000", "TimeCreated_SystemTime": "2023-09-27 01:43:08.784634", "TimeCreated": null, "EventRecordID": "27598", "Correlation_ActivityID": "", "Correlation_RelatedActivityID": "", "Correlation": null, "Execution_ProcessID": "3368", "Execution_ThreadID": "4984", "Execution": null, "Channel": "Microsoft-Windows-Sysmon/Operational", "Computer": "DESKTOP-P5C3MUD", "Security_UserID": "S-1-5-18", "Security": null, "EventData_RuleName": "-", "EventData_UtcTime": "2023-09-27 01:43:08.778", "EventData_ProcessGuid": "{4557fbaa-88ac-6513-a124-000000000c00}", "EventData_ProcessId": "10448", "EventData_Image": "E:\\Software\\Microsoft Visual Studio\\VC\\Tools\\MSVC\\14.37.32822\\bin\\Hostx86\\x86\\vctip.exe", "EventData_ImageLoaded": "C:\\Windows\\assembly\\NativeImages_v4.0.30319_32\\System.Xml\\7cb0174c9ef96b3a1cc0e514400a8e5d\\System.Xml.ni.dll", "EventData_FileVersion": "4.8.9037.0 built by: NET481REL1", "EventData_Description": ".NET Framework", "EventData_Product": "Microsoft\u00ae .NET Framework", "EventData_Company": "Microsoft Corporation", "EventData_OriginalFileName": "System.Xml.dll", "EventData_Hashes": "SHA1=0F3CB24F7F9293EBEF03B5943A315C5F88D118A8,MD5=27904AB911829E6CD3415A47EE8F7A9F,SHA256=E325C9762310C6581C835D6E8CABD27F2647E7BFD918DAC3EDC7645EF93EE699,IMPHASH=00000000000000000000000000000000", "EventData_Signed": "false", "EventData_Signature": "-", "EventData_SignatureStatus": "Unavailable", "EventData_User": "DESKTOP-P5C3MUD\\user"}
