{"Provider_Name": "Microsoft-Windows-Sysmon", "Provider_Guid": "{5770385f-c22a-43e0-bf4c-06f5698ffbd9}", "Provider": null, "EventID_Qualifiers": "", "EventID": "10", "Version": "3", "Level": "4", "Task": "10", "Opcode": "0", "Keywords": "0x8000000000000000", "TimeCreated_SystemTime": "2023-09-27 01:43:09.470320", "TimeCreated": null, "EventRecordID": "28058", "Correlation_ActivityID": "", "Correlation_RelatedActivityID": "", "Correlation": null, "Execution_ProcessID": "3368", "Execution_ThreadID": "4984", "Execution": null, "Channel": "Microsoft-Windows-Sysmon/Operational", "Computer": "DESKTOP-P5C3MUD", "Security_UserID": "S-1-5-18", "Security": null, "EventData_RuleName": "-", "EventData_UtcTime": "2023-09-27 01:43:09.465", "EventData_SourceProcessGUID": "{4557fbaa-e801-6502-8100-000000000c00}", "EventData_SourceProcessId": "5600", "EventData_SourceThreadId": "12284", "EventData_SourceImage": "C:\\Windows\\system32\\svchost.exe", "EventData_TargetProcessGUID": "{4557fbaa-88ad-6513-a724-000000000c00}", "EventData_TargetProcessId": "11348", "EventData_TargetImage": "C:\\Windows\\system32\\CompMgmtLauncher.exe", "EventData_GrantedAccess": "0x00001040", "EventData_CallTrace": "C:\\Windows\\SYSTEM32\\ntdll.dll+9df24|C:\\Windows\\System32\\RPCRT4.dll+4f034|C:\\Windows\\System32\\combase.dll+c89fc|C:\\Windows\\System32\\combase.dll+5b818|C:\\Windows\\System32\\combase.dll+5a99b|C:\\Windows\\System32\\combase.dll+5aaa4|C:\\Windows\\System32\\combase.dll+5a904|C:\\Windows\\System32\\combase.dll+7b72c|C:\\Windows\\System32\\combase.dll+7b34a|C:\\Windows\\System32\\combase.dll+8f8a4|C:\\Windows\\System32\\combase.dll+9a170|C:\\Windows\\System32\\combase.dll+9a08b|C:\\Windows\\System32\\combase.dll+99b80|C:\\Windows\\System32\\combase.dll+30d77|C:\\Windows\\System32\\combase.dll+b6809|C:\\Windows\\System32\\RPCRT4.dll+deb92|C:\\Windows\\System32\\RPCRT4.dll+1d479|C:\\Windows\\System32\\combase.dll+b5f1c|C:\\Windows\\System32\\RPCRT4.dll+5a74b|C:\\Windows\\System32\\combase.dll+8bad3|C:\\Windows\\System32\\combase.dll+8b85e|C:\\Windows\\System32\\combase.dll+baaa6|C:\\Windows\\System32\\combase.dll+31283|C:\\Windows\\System32\\combase.dll+b133d", "EventData_SourceUser": "NT AUTHORITY\\SYSTEM", "EventData_TargetUser": "DESKTOP-P5C3MUD\\user"}
{"Provider_Name": "Microsoft-Windows-Sysmon", "Provider_Guid": "{5770385f-c22a-43e0-bf4c-06f5698ffbd9}", "Provider": null, "EventID_Qualifiers": "", "EventID": "10", "Version": "3", "Level": "4", "Task": "10", "Opcode": "0", "Keywords": "0x8000000000000000", "TimeCreated_SystemTime": "2023-09-27 01:43:09.470758", "TimeCreated": null, "EventRecordID": "28059", "Correlation_ActivityID": "", "Correlation_RelatedActivityID": "", "Correlation": null, "Execution_ProcessID": "3368", "Execution_ThreadID": "4984", "Execution": null, "Channel": "Microsoft-Windows-Sysmon/Operational", "Computer": "DESKTOP-P5C3MUD", "Security_UserID": "S-1-5-18", "Security": null, "EventData_RuleName": "-", "EventData_UtcTime": "2023-09-27 01:43:09.465", "EventData_SourceProcessGUID": "{4557fbaa-e801-6502-8100-000000000c00}", "EventData_SourceProcessId": "5600", "EventData_SourceThreadId": "12284", "EventData_SourceImage": "C:\\Windows\\system32\\svchost.exe", "EventData_TargetProcessGUID": "{4557fbaa-88ad-6513-a724-000000000c00}", "EventData_TargetProcessId": "11348", "EventData_TargetImage": "C:\\Windows\\system32\\CompMgmtLauncher.exe", "EventData_GrantedAccess": "0x00001040", "EventData_CallTrace": "C:\\Windows\\SYSTEM32\\ntdll.dll+9df24|C:\\Windows\\System32\\RPCRT4.dll+4f034|C:\\Windows\\System32\\combase.dll+c89fc|C:\\Windows\\System32\\combase.dll+5b818|C:\\Windows\\System32\\combase.dll+5a99b|C:\\Windows\\System32\\combase.dll+5aaa4|C:\\Windows\\System32\\combase.dll+5a904|C:\\Windows\\System32\\combase.dll+7b72c|C:\\Windows\\System32\\combase.dll+7b34a|C:\\Windows\\System32\\combase.dll+8f8a4|C:\\Windows\\System32\\combase.dll+9a170|C:\\Windows\\System32\\combase.dll+9a08b|C:\\Windows\\System32\\combase.dll+99b80|C:\\Windows\\System32\\combase.dll+30d77|C:\\Windows\\System32\\combase.dll+b6809|C:\\Windows\\System32\\RPCRT4.dll+deb92|C:\\Windows\\System32\\RPCRT4.dll+1d479|C:\\Windows\\System32\\combase.dll+b5f1c|C:\\Windows\\System32\\RPCRT4.dll+5a74b|C:\\Windows\\System32\\combase.dll+8bad3|C:\\Windows\\System32\\combase.dll+8b85e|C:\\Windows\\System32\\combase.dll+baaa6|C:\\Windows\\System32\\combase.dll+31283|C:\\Windows\\System32\\combase.dll+b133d", "EventData_SourceUser": "NT AUTHORITY\\SYSTEM", "EventData_TargetUser": "DESKTOP-P5C3MUD\\user"}
{"Provider_Name": "Microsoft-Windows-Sysmon", "Provider_Guid": "{5770385f-c22a-43e0-bf4c-06f5698ffbd9}", "Provider": null, "EventID_Qualifiers": "", "EventID": "10", "Version": "3", "Level": "4", "Task": "10", "Opcode": "0", "Keywords": "0x8000000000000000", "TimeCreated_SystemTime": "2023-09-27 01:43:09.471222", "TimeCreated": null, "EventRecordID": "28060", "Correlation_ActivityID": "", "Correlation_RelatedActivityID": "", "Correlation": null, "Execution_ProcessID": "3368", "Execution_ThreadID": "4984", "Execution": null, "Channel": "Microsoft-Windows-Sysmon/Operational", "Computer": "DESKTOP-P5C3MUD", "Security_UserID": "S-1-5-18", "Security": null, "EventData_RuleName": "-", "EventData_UtcTime": "2023-09-27 01:43:09.465", "EventData_SourceProcessGUID": "{4557fbaa-e801-6502-8100-000000000c00}", "EventData_SourceProcessId": "5600", "EventData_SourceThreadId": "12284", "EventData_SourceImage": "C:\\Windows\\system32\\svchost.exe", "EventData_TargetProcessGUID": "{4557fbaa-88ad-6513-a724-000000000c00}", "EventData_TargetProcessId": "11348", "EventData_TargetImage": "C:\\Windows\\system32\\CompMgmtLauncher.exe", "EventData_GrantedAccess": "0x00001040", "EventData_CallTrace": "C:\\Windows\\SYSTEM32\\ntdll.dll+9df24|C:\\Windows\\System32\\RPCRT4.dll+4f034|C:\\Windows\\System32\\combase.dll+c89fc|C:\\Windows\\System32\\combase.dll+5b818|C:\\Windows\\System32\\combase.dll+5a99b|C:\\Windows\\System32\\combase.dll+5aaa4|C:\\Windows\\System32\\combase.dll+5a904|C:\\Windows\\System32\\combase.dll+7b72c|C:\\Windows\\System32\\combase.dll+7b34a|C:\\Windows\\System32\\combase.dll+8f8a4|C:\\Windows\\System32\\combase.dll+9a170|C:\\Windows\\System32\\combase.dll+9a08b|C:\\Windows\\System32\\combase.dll+99b80|C:\\Windows\\System32\\combase.dll+30d77|C:\\Windows\\System32\\combase.dll+b6809|C:\\Windows\\System32\\RPCRT4.dll+deb92|C:\\Windows\\System32\\RPCRT4.dll+1d479|C:\\Windows\\System32\\combase.dll+b5f1c|C:\\Windows\\System32\\RPCRT4.dll+5a74b|C:\\Windows\\System32\\combase.dll+8bad3|C:\\Windows\\System32\\combase.dll+8b85e|C:\\Windows\\System32\\combase.dll+baaa6|C:\\Windows\\System32\\combase.dll+31283|C:\\Windows\\System32\\combase.dll+b133d", "EventData_SourceUser": "NT AUTHORITY\\SYSTEM", "EventData_TargetUser": "DESKTOP-P5C3MUD\\user"}
{"Provider_Name": "Microsoft-Windows-Sysmon", "Provider_Guid": "{5770385f-c22a-43e0-bf4c-06f5698ffbd9}", "Provider": null, "EventID_Qualifiers": "", "EventID": "10", "Version": "3", "Level": "4", "Task": "10", "Opcode": "0", "Keywords": "0x8000000000000000", "TimeCreated_SystemTime": "2023-09-27 01:43:09.471695", "TimeCreated": null, "EventRecordID": "28061", "Correlation_ActivityID": "", "Correlation_RelatedActivityID": "", "Correlation": null, "Execution_ProcessID": "3368", "Execution_ThreadID": "4984", "Execution": null, "Channel": "Microsoft-Windows-Sysmon/Operational", "Computer": "DESKTOP-P5C3MUD", "Security_UserID": "S-1-5-18", "Security": null, "EventData_RuleName": "-", "EventData_UtcTime": "2023-09-27 01:43:09.465", "EventData_SourceProcessGUID": "{4557fbaa-e801-6502-8100-000000000c00}", "EventData_SourceProcessId": "5600", "EventData_SourceThreadId": "12284", "EventData_SourceImage": "C:\\Windows\\system32\\svchost.exe", "EventData_TargetProcessGUID": "{4557fbaa-88ad-6513-a724-000000000c00}", "EventData_TargetProcessId": "11348", "EventData_TargetImage": "C:\\Windows\\system32\\CompMgmtLauncher.exe", "EventData_GrantedAccess": "0x00001040", "EventData_CallTrace": "C:\\Windows\\SYSTEM32\\ntdll.dll+9df24|C:\\Windows\\System32\\RPCRT4.dll+4f034|C:\\Windows\\System32\\combase.dll+c89fc|C:\\Windows\\System32\\combase.dll+5b818|C:\\Windows\\System32\\combase.dll+5a99b|C:\\Windows\\System32\\combase.dll+5aaa4|C:\\Windows\\System32\\combase.dll+5a904|C:\\Windows\\System32\\combase.dll+7b72c|C:\\Windows\\System32\\combase.dll+7b34a|C:\\Windows\\System32\\combase.dll+8f8a4|C:\\Windows\\System32\\combase.dll+9a170|C:\\Windows\\System32\\combase.dll+9a08b|C:\\Windows\\System32\\combase.dll+99b80|C:\\Windows\\System32\\combase.dll+30d77|C:\\Windows\\System32\\combase.dll+b6809|C:\\Windows\\System32\\RPCRT4.dll+deb92|C:\\Windows\\System32\\RPCRT4.dll+1d479|C:\\Windows\\System32\\combase.dll+b5f1c|C:\\Windows\\System32\\RPCRT4.dll+5a74b|C:\\Windows\\System32\\combase.dll+8bad3|C:\\Windows\\System32\\combase.dll+8b85e|C:\\Windows\\System32\\combase.dll+baaa6|C:\\Windows\\System32\\combase.dll+31283|C:\\Windows\\System32\\combase.dll+b133d", "EventData_SourceUser": "NT AUTHORITY\\SYSTEM", "EventData_TargetUser": "DESKTOP-P5C3MUD\\user"}
{"Provider_Name": "Microsoft-Windows-Sysmon", "Provider_Guid": "{5770385f-c22a-43e0-bf4c-06f5698ffbd9}", "Provider": null, "EventID_Qualifiers": "", "EventID": "10", "Version": "3", "Level": "4", "Task": "10", "Opcode": "0", "Keywords": "0x8000000000000000", "TimeCreated_SystemTime": "2023-09-27 01:43:09.472126", "TimeCreated": null, "EventRecordID": "28062", "Correlation_ActivityID": "", "Correlation_RelatedActivityID": "", "Correlation": null, "Execution_ProcessID": "3368", "Execution_ThreadID": "4984", "Execution": null, "Channel": "Microsoft-Windows-Sysmon/Operational", "Computer": "DESKTOP-P5C3MUD", "Security_UserID": "S-1-5-18", "Security": null, "EventData_RuleName": "-", "EventData_UtcTime": "2023-09-27 01:43:09.465", "EventData_SourceProcessGUID": "{4557fbaa-e801-6502-8100-000000000c00}", "EventData_SourceProcessId": "5600", "EventData_SourceThreadId": "12284", "EventData_SourceImage": "C:\\Windows\\system32\\svchost.exe", "EventData_TargetProcessGUID": "{4557fbaa-88ad-6513-a724-000000000c00}", "EventData_TargetProcessId": "11348", "EventData_TargetImage": "C:\\Windows\\system32\\CompMgmtLauncher.exe", "EventData_GrantedAccess": "0x00001040", "EventData_CallTrace": "C:\\Windows\\SYSTEM32\\ntdll.dll+9df24|C:\\Windows\\System32\\RPCRT4.dll+4f034|C:\\Windows\\System32\\combase.dll+c89fc|C:\\Windows\\System32\\combase.dll+5b818|C:\\Windows\\System32\\combase.dll+5a99b|C:\\Windows\\System32\\combase.dll+5aaa4|C:\\Windows\\System32\\combase.dll+5a904|C:\\Windows\\System32\\combase.dll+7b72c|C:\\Windows\\System32\\combase.dll+7b34a|C:\\Windows\\System32\\combase.dll+8f8a4|C:\\Windows\\System32\\combase.dll+9a170|C:\\Windows\\System32\\combase.dll+9a08b|C:\\Windows\\System32\\combase.dll+99b80|C:\\Windows\\System32\\combase.dll+30d77|C:\\Windows\\System32\\combase.dll+b6809|C:\\Windows\\System32\\RPCRT4.dll+deb92|C:\\Windows\\System32\\RPCRT4.dll+1d479|C:\\Windows\\System32\\combase.dll+b5f1c|C:\\Windows\\System32\\RPCRT4.dll+5a74b|C:\\Windows\\System32\\combase.dll+8bad3|C:\\Windows\\System32\\combase.dll+8b85e|C:\\Windows\\System32\\combase.dll+baaa6|C:\\Windows\\System32\\combase.dll+31283|C:\\Windows\\System32\\combase.dll+b133d", "EventData_SourceUser": "NT AUTHORITY\\SYSTEM", "EventData_TargetUser": "DESKTOP-P5C3MUD\\user"}
{"Provider_Name": "Microsoft-Windows-Sysmon", "Provider_Guid": "{5770385f-c22a-43e0-bf4c-06f5698ffbd9}", "Provider": null, "EventID_Qualifiers": "", "EventID": "10", "Version": "3", "Level": "4", "Task": "10", "Opcode": "0", "Keywords": "0x8000000000000000", "TimeCreated_SystemTime": "2023-09-27 01:43:09.472588", "TimeCreated": null, "EventRecordID": "28063", "Correlation_ActivityID": "", "Correlation_RelatedActivityID": "", "Correlation": null, "Execution_ProcessID": "3368", "Execution_ThreadID": "4984", "Execution": null, "Channel": "Microsoft-Windows-Sysmon/Operational", "Computer": "DESKTOP-P5C3MUD", "Security_UserID": "S-1-5-18", "Security": null, "EventData_RuleName": "-", "EventData_UtcTime": "2023-09-27 01:43:09.465", "EventData_SourceProcessGUID": "{4557fbaa-e801-6502-8100-000000000c00}", "EventData_SourceProcessId": "5600", "EventData_SourceThreadId": "12284", "EventData_SourceImage": "C:\\Windows\\system32\\svchost.exe", "EventData_TargetProcessGUID": "{4557fbaa-88ad-6513-a724-000000000c00}", "EventData_TargetProcessId": "11348", "EventData_TargetImage": "C:\\Windows\\system32\\CompMgmtLauncher.exe", "EventData_GrantedAccess": "0x00001040", "EventData_CallTrace": "C:\\Windows\\SYSTEM32\\ntdll.dll+9df24|C:\\Windows\\System32\\RPCRT4.dll+4f034|C:\\Windows\\System32\\combase.dll+c89fc|C:\\Windows\\System32\\combase.dll+5b818|C:\\Windows\\System32\\combase.dll+5a99b|C:\\Windows\\System32\\combase.dll+5aaa4|C:\\Windows\\System32\\combase.dll+5a904|C:\\Windows\\System32\\combase.dll+7b72c|C:\\Windows\\System32\\combase.dll+7b34a|C:\\Windows\\System32\\combase.dll+8f8a4|C:\\Windows\\System32\\combase.dll+9a170|C:\\Windows\\System32\\combase.dll+9a08b|C:\\Windows\\System32\\combase.dll+99b80|C:\\Windows\\System32\\combase.dll+30d77|C:\\Windows\\System32\\combase.dll+b6809|C:\\Windows\\System32\\RPCRT4.dll+deb92|C:\\Windows\\System32\\RPCRT4.dll+1d479|C:\\Windows\\System32\\combase.dll+b5f1c|C:\\Windows\\System32\\RPCRT4.dll+5a74b|C:\\Windows\\System32\\combase.dll+8bad3|C:\\Windows\\System32\\combase.dll+8b85e|C:\\Windows\\System32\\combase.dll+baaa6|C:\\Windows\\System32\\combase.dll+31283|C:\\Windows\\System32\\combase.dll+b133d", "EventData_SourceUser": "NT AUTHORITY\\SYSTEM", "EventData_TargetUser": "DESKTOP-P5C3MUD\\user"}
{"Provider_Name": "Microsoft-Windows-Sysmon", "Provider_Guid": "{5770385f-c22a-43e0-bf4c-06f5698ffbd9}", "Provider": null, "EventID_Qualifiers": "", "EventID": "10", "Version": "3", "Level": "4", "Task": "10", "Opcode": "0", "Keywords": "0x8000000000000000", "TimeCreated_SystemTime": "2023-09-27 01:43:09.473053", "TimeCreated": null, "EventRecordID": "28064", "Correlation_ActivityID": "", "Correlation_RelatedActivityID": "", "Correlation": null, "Execution_ProcessID": "3368", "Execution_ThreadID": "4984", "Execution": null, "Channel": "Microsoft-Windows-Sysmon/Operational", "Computer": "DESKTOP-P5C3MUD", "Security_UserID": "S-1-5-18", "Security": null, "EventData_RuleName": "-", "EventData_UtcTime": "2023-09-27 01:43:09.465", "EventData_SourceProcessGUID": "{4557fbaa-e801-6502-8100-000000000c00}", "EventData_SourceProcessId": "5600", "EventData_SourceThreadId": "12284", "EventData_SourceImage": "C:\\Windows\\system32\\svchost.exe", "EventData_TargetProcessGUID": "{4557fbaa-88ad-6513-a724-000000000c00}", "EventData_TargetProcessId": "11348", "EventData_TargetImage": "C:\\Windows\\system32\\CompMgmtLauncher.exe", "EventData_GrantedAccess": "0x00001040", "EventData_CallTrace": "C:\\Windows\\SYSTEM32\\ntdll.dll+9df24|C:\\Windows\\System32\\RPCRT4.dll+4f034|C:\\Windows\\System32\\combase.dll+c89fc|C:\\Windows\\System32\\combase.dll+5b818|C:\\Windows\\System32\\combase.dll+5a99b|C:\\Windows\\System32\\combase.dll+5aaa4|C:\\Windows\\System32\\combase.dll+5a904|C:\\Windows\\System32\\combase.dll+7b72c|C:\\Windows\\System32\\combase.dll+7b34a|C:\\Windows\\System32\\combase.dll+8f8a4|C:\\Windows\\System32\\combase.dll+9a170|C:\\Windows\\System32\\combase.dll+9a08b|C:\\Windows\\System32\\combase.dll+99b80|C:\\Windows\\System32\\combase.dll+30d77|C:\\Windows\\System32\\combase.dll+b6809|C:\\Windows\\System32\\RPCRT4.dll+deb92|C:\\Windows\\System32\\RPCRT4.dll+1d479|C:\\Windows\\System32\\combase.dll+b5f1c|C:\\Windows\\System32\\RPCRT4.dll+5a74b|C:\\Windows\\System32\\combase.dll+8bad3|C:\\Windows\\System32\\combase.dll+8b85e|C:\\Windows\\System32\\combase.dll+baaa6|C:\\Windows\\System32\\combase.dll+31283|C:\\Windows\\System32\\combase.dll+b133d", "EventData_SourceUser": "NT AUTHORITY\\SYSTEM", "EventData_TargetUser": "DESKTOP-P5C3MUD\\user"}
{"Provider_Name": "Microsoft-Windows-Sysmon", "Provider_Guid": "{5770385f-c22a-43e0-bf4c-06f5698ffbd9}", "Provider": null, "EventID_Qualifiers": "", "EventID": "10", "Version": "3", "Level": "4", "Task": "10", "Opcode": "0", "Keywords": "0x8000000000000000", "TimeCreated_SystemTime": "2023-09-27 01:43:09.473528", "TimeCreated": null, "EventRecordID": "28065", "Correlation_ActivityID": "", "Correlation_RelatedActivityID": "", "Correlation": null, "Execution_ProcessID": "3368", "Execution_ThreadID": "4984", "Execution": null, "Channel": "Microsoft-Windows-Sysmon/Operational", "Computer": "DESKTOP-P5C3MUD", "Security_UserID": "S-1-5-18", "Security": null, "EventData_RuleName": "-", "EventData_UtcTime": "2023-09-27 01:43:09.465", "EventData_SourceProcessGUID": "{4557fbaa-e801-6502-8100-000000000c00}", "EventData_SourceProcessId": "5600", "EventData_SourceThreadId": "12284", "EventData_SourceImage": "C:\\Windows\\system32\\svchost.exe", "EventData_TargetProcessGUID": "{4557fbaa-88ad-6513-a724-000000000c00}", "EventData_TargetProcessId": "11348", "EventData_TargetImage": "C:\\Windows\\system32\\CompMgmtLauncher.exe", "EventData_GrantedAccess": "0x00001040", "EventData_CallTrace": "C:\\Windows\\SYSTEM32\\ntdll.dll+9df24|C:\\Windows\\System32\\RPCRT4.dll+4f034|C:\\Windows\\System32\\combase.dll+c89fc|C:\\Windows\\System32\\combase.dll+5b818|C:\\Windows\\System32\\combase.dll+5a99b|C:\\Windows\\System32\\combase.dll+5aaa4|C:\\Windows\\System32\\combase.dll+5a904|C:\\Windows\\System32\\combase.dll+7b72c|C:\\Windows\\System32\\combase.dll+7b34a|C:\\Windows\\System32\\combase.dll+8f8a4|C:\\Windows\\System32\\combase.dll+9a170|C:\\Windows\\System32\\combase.dll+9a08b|C:\\Windows\\System32\\combase.dll+99b80|C:\\Windows\\System32\\combase.dll+30d77|C:\\Windows\\System32\\combase.dll+b6809|C:\\Windows\\System32\\RPCRT4.dll+deb92|C:\\Windows\\System32\\RPCRT4.dll+1d479|C:\\Windows\\System32\\combase.dll+b5f1c|C:\\Windows\\System32\\RPCRT4.dll+5a74b|C:\\Windows\\System32\\combase.dll+8bad3|C:\\Windows\\System32\\combase.dll+8b85e|C:\\Windows\\System32\\combase.dll+baaa6|C:\\Windows\\System32\\combase.dll+31283|C:\\Windows\\System32\\combase.dll+b133d", "EventData_SourceUser": "NT AUTHORITY\\SYSTEM", "EventData_TargetUser": "DESKTOP-P5C3MUD\\user"}
{"Provider_Name": "Microsoft-Windows-Sysmon", "Provider_Guid": "{5770385f-c22a-43e0-bf4c-06f5698ffbd9}", "Provider": null, "EventID_Qualifiers": "", "EventID": "10", "Version": "3", "Level": "4", "Task": "10", "Opcode": "0", "Keywords": "0x8000000000000000", "TimeCreated_SystemTime": "2023-09-27 01:43:09.473989", "TimeCreated": null, "EventRecordID": "28066", "Correlation_ActivityID": "", "Correlation_RelatedActivityID": "", "Correlation": null, "Execution_ProcessID": "3368", "Execution_ThreadID": "4984", "Execution": null, "Channel": "Microsoft-Windows-Sysmon/Operational", "Computer": "DESKTOP-P5C3MUD", "Security_UserID": "S-1-5-18", "Security": null, "EventData_RuleName": "-", "EventData_UtcTime": "2023-09-27 01:43:09.465", "EventData_SourceProcessGUID": "{4557fbaa-e801-6502-8100-000000000c00}", "EventData_SourceProcessId": "5600", "EventData_SourceThreadId": "12284", "EventData_SourceImage": "C:\\Windows\\system32\\svchost.exe", "EventData_TargetProcessGUID": "{4557fbaa-88ad-6513-a724-000000000c00}", "EventData_TargetProcessId": "11348", "EventData_TargetImage": "C:\\Windows\\system32\\CompMgmtLauncher.exe", "EventData_GrantedAccess": "0x00001040", "EventData_CallTrace": "C:\\Windows\\SYSTEM32\\ntdll.dll+9df24|C:\\Windows\\System32\\RPCRT4.dll+4f034|C:\\Windows\\System32\\combase.dll+c89fc|C:\\Windows\\System32\\combase.dll+5b818|C:\\Windows\\System32\\combase.dll+5a99b|C:\\Windows\\System32\\combase.dll+5aaa4|C:\\Windows\\System32\\combase.dll+5a904|C:\\Windows\\System32\\combase.dll+7b72c|C:\\Windows\\System32\\combase.dll+7b34a|C:\\Windows\\System32\\combase.dll+8f8a4|C:\\Windows\\System32\\combase.dll+9a170|C:\\Windows\\System32\\combase.dll+9a08b|C:\\Windows\\System32\\combase.dll+99b80|C:\\Windows\\System32\\combase.dll+30d77|C:\\Windows\\System32\\combase.dll+b6809|C:\\Windows\\System32\\RPCRT4.dll+deb92|C:\\Windows\\System32\\RPCRT4.dll+1d479|C:\\Windows\\System32\\combase.dll+b5f1c|C:\\Windows\\System32\\RPCRT4.dll+5a74b|C:\\Windows\\System32\\combase.dll+8bad3|C:\\Windows\\System32\\combase.dll+8b85e|C:\\Windows\\System32\\combase.dll+baaa6|C:\\Windows\\System32\\combase.dll+31283|C:\\Windows\\System32\\combase.dll+b133d", "EventData_SourceUser": "NT AUTHORITY\\SYSTEM", "EventData_TargetUser": "DESKTOP-P5C3MUD\\user"}
{"Provider_Name": "Microsoft-Windows-Sysmon", "Provider_Guid": "{5770385f-c22a-43e0-bf4c-06f5698ffbd9}", "Provider": null, "EventID_Qualifiers": "", "EventID": "10", "Version": "3", "Level": "4", "Task": "10", "Opcode": "0", "Keywords": "0x8000000000000000", "TimeCreated_SystemTime": "2023-09-27 01:43:09.474451", "TimeCreated": null, "EventRecordID": "28067", "Correlation_ActivityID": "", "Correlation_RelatedActivityID": "", "Correlation": null, "Execution_ProcessID": "3368", "Execution_ThreadID": "4984", "Execution": null, "Channel": "Microsoft-Windows-Sysmon/Operational", "Computer": "DESKTOP-P5C3MUD", "Security_UserID": "S-1-5-18", "Security": null, "EventData_RuleName": "-", "EventData_UtcTime": "2023-09-27 01:43:09.465", "EventData_SourceProcessGUID": "{4557fbaa-e801-6502-8100-000000000c00}", "EventData_SourceProcessId": "5600", "EventData_SourceThreadId": "12284", "EventData_SourceImage": "C:\\Windows\\system32\\svchost.exe", "EventData_TargetProcessGUID": "{4557fbaa-88ad-6513-a724-000000000c00}", "EventData_TargetProcessId": "11348", "EventData_TargetImage": "C:\\Windows\\system32\\CompMgmtLauncher.exe", "EventData_GrantedAccess": "0x00001040", "EventData_CallTrace": "C:\\Windows\\SYSTEM32\\ntdll.dll+9df24|C:\\Windows\\System32\\RPCRT4.dll+4f034|C:\\Windows\\System32\\combase.dll+c89fc|C:\\Windows\\System32\\combase.dll+5b818|C:\\Windows\\System32\\combase.dll+5a99b|C:\\Windows\\System32\\combase.dll+5aaa4|C:\\Windows\\System32\\combase.dll+5a904|C:\\Windows\\System32\\combase.dll+7b72c|C:\\Windows\\System32\\combase.dll+7b34a|C:\\Windows\\System32\\combase.dll+8f8a4|C:\\Windows\\System32\\combase.dll+9a170|C:\\Windows\\System32\\combase.dll+9a08b|C:\\Windows\\System32\\combase.dll+99b80|C:\\Windows\\System32\\combase.dll+30d77|C:\\Windows\\System32\\combase.dll+b6809|C:\\Windows\\System32\\RPCRT4.dll+deb92|C:\\Windows\\System32\\RPCRT4.dll+1d479|C:\\Windows\\System32\\combase.dll+b5f1c|C:\\Windows\\System32\\RPCRT4.dll+5a74b|C:\\Windows\\System32\\combase.dll+8bad3|C:\\Windows\\System32\\combase.dll+8b85e|C:\\Windows\\System32\\combase.dll+baaa6|C:\\Windows\\System32\\combase.dll+31283|C:\\Windows\\System32\\combase.dll+b133d", "EventData_SourceUser": "NT AUTHORITY\\SYSTEM", "EventData_TargetUser": "DESKTOP-P5C3MUD\\user"}
{"Provider_Name": "Microsoft-Windows-Sysmon", "Provider_Guid": "{5770385f-c22a-43e0-bf4c-06f5698ffbd9}", "Provider": null, "EventID_Qualifiers": "", "EventID": "10", "Version": "3", "Level": "4", "Task": "10", "Opcode": "0", "Keywords": "0x8000000000000000", "TimeCreated_SystemTime": "2023-09-27 01:43:09.474874", "TimeCreated": null, "EventRecordID": "28068", "Correlation_ActivityID": "", "Correlation_RelatedActivityID": "", "Correlation": null, "Execution_ProcessID": "3368", "Execution_ThreadID": "4984", "Execution": null, "Channel": "Microsoft-Windows-Sysmon/Operational", "Computer": "DESKTOP-P5C3MUD", "Security_UserID": "S-1-5-18", "Security": null, "EventData_RuleName": "-", "EventData_UtcTime": "2023-09-27 01:43:09.465", "EventData_SourceProcessGUID": "{4557fbaa-e801-6502-8100-000000000c00}", "EventData_SourceProcessId": "5600", "EventData_SourceThreadId": "12284", "EventData_SourceImage": "C:\\Windows\\system32\\svchost.exe", "EventData_TargetProcessGUID": "{4557fbaa-88ad-6513-a724-000000000c00}", "EventData_TargetProcessId": "11348", "EventData_TargetImage": "C:\\Windows\\system32\\CompMgmtLauncher.exe", "EventData_GrantedAccess": "0x00001040", "EventData_CallTrace": "C:\\Windows\\SYSTEM32\\ntdll.dll+9df24|C:\\Windows\\System32\\RPCRT4.dll+4f034|C:\\Windows\\System32\\combase.dll+c89fc|C:\\Windows\\System32\\combase.dll+5b818|C:\\Windows\\System32\\combase.dll+5a99b|C:\\Windows\\System32\\combase.dll+5aaa4|C:\\Windows\\System32\\combase.dll+5a904|C:\\Windows\\System32\\combase.dll+7b72c|C:\\Windows\\System32\\combase.dll+7b34a|C:\\Windows\\System32\\combase.dll+8f8a4|C:\\Windows\\System32\\combase.dll+9a170|C:\\Windows\\System32\\combase.dll+9a08b|C:\\Windows\\System32\\combase.dll+99b80|C:\\Windows\\System32\\combase.dll+30d77|C:\\Windows\\System32\\combase.dll+b6809|C:\\Windows\\System32\\RPCRT4.dll+deb92|C:\\Windows\\System32\\RPCRT4.dll+1d479|C:\\Windows\\System32\\combase.dll+b5f1c|C:\\Windows\\System32\\RPCRT4.dll+5a74b|C:\\Windows\\System32\\combase.dll+8bad3|C:\\Windows\\System32\\combase.dll+8b85e|C:\\Windows\\System32\\combase.dll+baaa6|C:\\Windows\\System32\\combase.dll+31283|C:\\Windows\\System32\\combase.dll+b133d", "EventData_SourceUser": "NT AUTHORITY\\SYSTEM", "EventData_TargetUser": "DESKTOP-P5C3MUD\\user"}
{"Provider_Name": "Microsoft-Windows-Sysmon", "Provider_Guid": "{5770385f-c22a-43e0-bf4c-06f5698ffbd9}", "Provider": null, "EventID_Qualifiers": "", "EventID": "10", "Version": "3", "Level": "4", "Task": "10", "Opcode": "0", "Keywords": "0x8000000000000000", "TimeCreated_SystemTime": "2023-09-27 01:43:09.475298", "TimeCreated": null, "EventRecordID": "28069", "Correlation_ActivityID": "", "Correlation_RelatedActivityID": "", "Correlation": null, "Execution_ProcessID": "3368", "Execution_ThreadID": "4984", "Execution": null, "Channel": "Microsoft-Windows-Sysmon/Operational", "Computer": "DESKTOP-P5C3MUD", "Security_UserID": "S-1-5-18", "Security": null, "EventData_RuleName": "-", "EventData_UtcTime": "2023-09-27 01:43:09.465", "EventData_SourceProcessGUID": "{4557fbaa-e801-6502-8100-000000000c00}", "EventData_SourceProcessId": "5600", "EventData_SourceThreadId": "12284", "EventData_SourceImage": "C:\\Windows\\system32\\svchost.exe", "EventData_TargetProcessGUID": "{4557fbaa-88ad-6513-a724-000000000c00}", "EventData_TargetProcessId": "11348", "EventData_TargetImage": "C:\\Windows\\system32\\CompMgmtLauncher.exe", "EventData_GrantedAccess": "0x00001040", "EventData_CallTrace": "C:\\Windows\\SYSTEM32\\ntdll.dll+9df24|C:\\Windows\\System32\\RPCRT4.dll+4f034|C:\\Windows\\System32\\combase.dll+c89fc|C:\\Windows\\System32\\combase.dll+5b818|C:\\Windows\\System32\\combase.dll+5a99b|C:\\Windows\\System32\\combase.dll+5aaa4|C:\\Windows\\System32\\combase.dll+5a904|C:\\Windows\\System32\\combase.dll+7b72c|C:\\Windows\\System32\\combase.dll+7b34a|C:\\Windows\\System32\\combase.dll+8f8a4|C:\\Windows\\System32\\combase.dll+9a170|C:\\Windows\\System32\\combase.dll+9a08b|C:\\Windows\\System32\\combase.dll+99b80|C:\\Windows\\System32\\combase.dll+30d77|C:\\Windows\\System32\\combase.dll+b6809|C:\\Windows\\System32\\RPCRT4.dll+deb92|C:\\Windows\\System32\\RPCRT4.dll+1d479|C:\\Windows\\System32\\combase.dll+b5f1c|C:\\Windows\\System32\\RPCRT4.dll+5a74b|C:\\Windows\\System32\\combase.dll+8bad3|C:\\Windows\\System32\\combase.dll+8b85e|C:\\Windows\\System32\\combase.dll+baaa6|C:\\Windows\\System32\\combase.dll+31283|C:\\Windows\\System32\\combase.dll+b133d", "EventData_SourceUser": "NT AUTHORITY\\SYSTEM", "EventData_TargetUser": "DESKTOP-P5C3MUD\\user"}
{"Provider_Name": "Microsoft-Windows-Sysmon", "Provider_Guid": "{5770385f-c22a-43e0-bf4c-06f5698ffbd9}", "Provider": null, "EventID_Qualifiers": "", "EventID": "10", "Version": "3", "Level": "4", "Task": "10", "Opcode": "0", "Keywords": "0x8000000000000000", "TimeCreated_SystemTime": "2023-09-27 01:43:09.475718", "TimeCreated": null, "EventRecordID": "28070", "Correlation_ActivityID": "", "Correlation_RelatedActivityID": "", "Correlation": null, "Execution_ProcessID": "3368", "Execution_ThreadID": "4984", "Execution": null, "Channel": "Microsoft-Windows-Sysmon/Operational", "Computer": "DESKTOP-P5C3MUD", "Security_UserID": "S-1-5-18", "Security": null, "EventData_RuleName": "-", "EventData_UtcTime": "2023-09-27 01:43:09.465", "EventData_SourceProcessGUID": "{4557fbaa-e801-6502-8100-000000000c00}", "EventData_SourceProcessId": "5600", "EventData_SourceThreadId": "12284", "EventData_SourceImage": "C:\\Windows\\system32\\svchost.exe", "EventData_TargetProcessGUID": "{4557fbaa-88ad-6513-a724-000000000c00}", "EventData_TargetProcessId": "11348", "EventData_TargetImage": "C:\\Windows\\system32\\CompMgmtLauncher.exe", "EventData_GrantedAccess": "0x00001040", "EventData_CallTrace": "C:\\Windows\\SYSTEM32\\ntdll.dll+9df24|C:\\Windows\\System32\\RPCRT4.dll+4f034|C:\\Windows\\System32\\combase.dll+c89fc|C:\\Windows\\System32\\combase.dll+5b818|C:\\Windows\\System32\\combase.dll+5a99b|C:\\Windows\\System32\\combase.dll+5aaa4|C:\\Windows\\System32\\combase.dll+5a904|C:\\Windows\\System32\\combase.dll+7b72c|C:\\Windows\\System32\\combase.dll+7b34a|C:\\Windows\\System32\\combase.dll+8f8a4|C:\\Windows\\System32\\combase.dll+9a170|C:\\Windows\\System32\\combase.dll+9a08b|C:\\Windows\\System32\\combase.dll+99b80|C:\\Windows\\System32\\combase.dll+30d77|C:\\Windows\\System32\\combase.dll+b6809|C:\\Windows\\System32\\RPCRT4.dll+deb92|C:\\Windows\\System32\\RPCRT4.dll+1d479|C:\\Windows\\System32\\combase.dll+b5f1c|C:\\Windows\\System32\\RPCRT4.dll+5a74b|C:\\Windows\\System32\\combase.dll+8bad3|C:\\Windows\\System32\\combase.dll+8b85e|C:\\Windows\\System32\\combase.dll+baaa6|C:\\Windows\\System32\\combase.dll+31283|C:\\Windows\\System32\\combase.dll+b133d", "EventData_SourceUser": "NT AUTHORITY\\SYSTEM", "EventData_TargetUser": "DESKTOP-P5C3MUD\\user"}
{"Provider_Name": "Microsoft-Windows-Sysmon", "Provider_Guid": "{5770385f-c22a-43e0-bf4c-06f5698ffbd9}", "Provider": null, "EventID_Qualifiers": "", "EventID": "10", "Version": "3", "Level": "4", "Task": "10", "Opcode": "0", "Keywords": "0x8000000000000000", "TimeCreated_SystemTime": "2023-09-27 01:43:09.476170", "TimeCreated": null, "EventRecordID": "28071", "Correlation_ActivityID": "", "Correlation_RelatedActivityID": "", "Correlation": null, "Execution_ProcessID": "3368", "Execution_ThreadID": "4984", "Execution": null, "Channel": "Microsoft-Windows-Sysmon/Operational", "Computer": "DESKTOP-P5C3MUD", "Security_UserID": "S-1-5-18", "Security": null, "EventData_RuleName": "-", "EventData_UtcTime": "2023-09-27 01:43:09.465", "EventData_SourceProcessGUID": "{4557fbaa-e801-6502-8100-000000000c00}", "EventData_SourceProcessId": "5600", "EventData_SourceThreadId": "12284", "EventData_SourceImage": "C:\\Windows\\system32\\svchost.exe", "EventData_TargetProcessGUID": "{4557fbaa-88ad-6513-a724-000000000c00}", "EventData_TargetProcessId": "11348", "EventData_TargetImage": "C:\\Windows\\system32\\CompMgmtLauncher.exe", "EventData_GrantedAccess": "0x00001040", "EventData_CallTrace": "C:\\Windows\\SYSTEM32\\ntdll.dll+9df24|C:\\Windows\\System32\\RPCRT4.dll+4f034|C:\\Windows\\System32\\combase.dll+c89fc|C:\\Windows\\System32\\combase.dll+5b818|C:\\Windows\\System32\\combase.dll+5a99b|C:\\Windows\\System32\\combase.dll+5aaa4|C:\\Windows\\System32\\combase.dll+5a904|C:\\Windows\\System32\\combase.dll+7b72c|C:\\Windows\\System32\\combase.dll+7b34a|C:\\Windows\\System32\\combase.dll+8f8a4|C:\\Windows\\System32\\combase.dll+9a170|C:\\Windows\\System32\\combase.dll+9a08b|C:\\Windows\\System32\\combase.dll+99b80|C:\\Windows\\System32\\combase.dll+30d77|C:\\Windows\\System32\\combase.dll+b6809|C:\\Windows\\System32\\RPCRT4.dll+deb92|C:\\Windows\\System32\\RPCRT4.dll+1d479|C:\\Windows\\System32\\combase.dll+b5f1c|C:\\Windows\\System32\\RPCRT4.dll+5a74b|C:\\Windows\\System32\\combase.dll+8bad3|C:\\Windows\\System32\\combase.dll+8b85e|C:\\Windows\\System32\\combase.dll+baaa6|C:\\Windows\\System32\\combase.dll+31283|C:\\Windows\\System32\\combase.dll+b133d", "EventData_SourceUser": "NT AUTHORITY\\SYSTEM", "EventData_TargetUser": "DESKTOP-P5C3MUD\\user"}
{"Provider_Name": "Microsoft-Windows-Sysmon", "Provider_Guid": "{5770385f-c22a-43e0-bf4c-06f5698ffbd9}", "Provider": null, "EventID_Qualifiers": "", "EventID": "26", "Version": "5", "Level": "4", "Task": "26", "Opcode": "0", "Keywords": "0x8000000000000000", "TimeCreated_SystemTime": "2023-09-27 01:43:09.476370", "TimeCreated": null, "EventRecordID": "28072", "Correlation_ActivityID": "", "Correlation_RelatedActivityID": "", "Correlation": null, "Execution_ProcessID": "3368", "Execution_ThreadID": "4984", "Execution": null, "Channel": "Microsoft-Windows-Sysmon/Operational", "Computer": "DESKTOP-P5C3MUD", "Security_UserID": "S-1-5-18", "Security": null, "EventData_RuleName": "-", "EventData_UtcTime": "2023-09-27 01:43:09.465", "EventData_ProcessGuid": "{4557fbaa-e7c6-6502-1e00-000000000c00}", "EventData_ProcessId": "1520", "EventData_User": "NT AUTHORITY\\SYSTEM", "EventData_Image": "C:\\Windows\\system32\\svchost.exe", "EventData_TargetFilename": "C:\\Windows\\Prefetch\\SECURITYHEALTHHOST.EXE-06344EE9.pf", "EventData_Hashes": "SHA1=EE7A1A015F5334FAA7B7FA66E0B1D6E2E532D9F8,MD5=E60D80811C199FFB6B4D0323A6BFF0C0,SHA256=D3FEDE493042337727677A0515D44F5B4CE81F8EB994CDB5716DBE5A9AB82563,IMPHASH=00000000000000000000000000000000", "EventData_IsExecutable": "False"}
{"Provider_Name": "Microsoft-Windows-Sysmon", "Provider_Guid": "{5770385f-c22a-43e0-bf4c-06f5698ffbd9}", "Provider": null, "EventID_Qualifiers": "", "EventID": "11", "Version": "2", "Level": "4", "Task": "11", "Opcode": "0", "Keywords": "0x8000000000000000", "TimeCreated_SystemTime": "2023-09-27 01:43:09.476553", "TimeCreated": null, "EventRecordID": "28073", "Correlation_ActivityID": "", "Correlation_RelatedActivityID": "", "Correlation": null, "Execution_ProcessID": "3368", "Execution_ThreadID": "4984", "Execution": null, "Channel": "Microsoft-Windows-Sysmon/Operational", "Computer": "DESKTOP-P5C3MUD", "Security_UserID": "S-1-5-18", "Security": null, "EventData_RuleName": "-", "EventData_UtcTime": "2023-09-27 01:43:09.465", "EventData_ProcessGuid": "{4557fbaa-e7c6-6502-1e00-000000000c00}", "EventData_ProcessId": "1520", "EventData_Image": "C:\\Windows\\system32\\svchost.exe", "EventData_TargetFilename": "C:\\Windows\\Prefetch\\SECURITYHEALTHHOST.EXE-06344EE9.pf", "EventData_CreationUtcTime": "2023-09-27 01:23:24.872", "EventData_User": "NT AUTHORITY\\SYSTEM"}
{"Provider_Name": "Microsoft-Windows-Sysmon", "Provider_Guid": "{5770385f-c22a-43e0-bf4c-06f5698ffbd9}", "Provider": null, "EventID_Qualifiers": "", "EventID": "10", "Version": "3", "Level": "4", "Task": "10", "Opcode": "0", "Keywords": "0x8000000000000000", "TimeCreated_SystemTime": "2023-09-27 01:43:09.476589", "TimeCreated": null, "EventRecordID": "28074", "Correlation_ActivityID": "", "Correlation_RelatedActivityID": "", "Correlation": null, "Execution_ProcessID": "3368", "Execution_ThreadID": "4984", "Execution": null, "Channel": "Microsoft-Windows-Sysmon/Operational", "Computer": "DESKTOP-P5C3MUD", "Security_UserID": "S-1-5-18", "Security": null, "EventData_RuleName": "-", "EventData_UtcTime": "2023-09-27 01:43:09.465", "EventData_SourceProcessGUID": "{4557fbaa-e801-6502-8100-000000000c00}", "EventData_SourceProcessId": "5600", "EventData_SourceThreadId": "12284", "EventData_SourceImage": "C:\\Windows\\system32\\svchost.exe", "EventData_TargetProcessGUID": "{4557fbaa-88ad-6513-a724-000000000c00}", "EventData_TargetProcessId": "11348", "EventData_TargetImage": "C:\\Windows\\system32\\CompMgmtLauncher.exe", "EventData_GrantedAccess": "0x00001040", "EventData_CallTrace": "C:\\Windows\\SYSTEM32\\ntdll.dll+9df24|C:\\Windows\\System32\\RPCRT4.dll+4f034|C:\\Windows\\System32\\combase.dll+c89fc|C:\\Windows\\System32\\combase.dll+5b818|C:\\Windows\\System32\\combase.dll+5a99b|C:\\Windows\\System32\\combase.dll+5aaa4|C:\\Windows\\System32\\combase.dll+5a904|C:\\Windows\\System32\\combase.dll+7b72c|C:\\Windows\\System32\\combase.dll+7b34a|C:\\Windows\\System32\\combase.dll+8f8a4|C:\\Windows\\System32\\combase.dll+9a170|C:\\Windows\\System32\\combase.dll+9a08b|C:\\Windows\\System32\\combase.dll+99b80|C:\\Windows\\System32\\combase.dll+30d77|C:\\Windows\\System32\\combase.dll+b6809|C:\\Windows\\System32\\RPCRT4.dll+deb92|C:\\Windows\\System32\\RPCRT4.dll+1d479|C:\\Windows\\System32\\combase.dll+b5f1c|C:\\Windows\\System32\\RPCRT4.dll+5a74b|C:\\Windows\\System32\\combase.dll+8bad3|C:\\Windows\\System32\\combase.dll+8b85e|C:\\Windows\\System32\\combase.dll+baaa6|C:\\Windows\\System32\\combase.dll+31283|C:\\Windows\\System32\\combase.dll+b133d", "EventData_SourceUser": "NT AUTHORITY\\SYSTEM", "EventData_TargetUser": "DESKTOP-P5C3MUD\\user"}
{"Provider_Name": "Microsoft-Windows-Sysmon", "Provider_Guid": "{5770385f-c22a-43e0-bf4c-06f5698ffbd9}", "Provider": null, "EventID_Qualifiers": "", "EventID": "10", "Version": "3", "Level": "4", "Task": "10", "Opcode": "0", "Keywords": "0x8000000000000000", "TimeCreated_SystemTime": "2023-09-27 01:43:09.477024", "TimeCreated": null, "EventRecordID": "28075", "Correlation_ActivityID": "", "Correlation_RelatedActivityID": "", "Correlation": null, "Execution_ProcessID": "3368", "Execution_ThreadID": "4984", "Execution": null, "Channel": "Microsoft-Windows-Sysmon/Operational", "Computer": "DESKTOP-P5C3MUD", "Security_UserID": "S-1-5-18", "Security": null, "EventData_RuleName": "-", "EventData_UtcTime": "2023-09-27 01:43:09.465", "EventData_SourceProcessGUID": "{4557fbaa-e801-6502-8100-000000000c00}", "EventData_SourceProcessId": "5600", "EventData_SourceThreadId": "12284", "EventData_SourceImage": "C:\\Windows\\system32\\svchost.exe", "EventData_TargetProcessGUID": "{4557fbaa-88ad-6513-a724-000000000c00}", "EventData_TargetProcessId": "11348", "EventData_TargetImage": "C:\\Windows\\system32\\CompMgmtLauncher.exe", "EventData_GrantedAccess": "0x00001040", "EventData_CallTrace": "C:\\Windows\\SYSTEM32\\ntdll.dll+9df24|C:\\Windows\\System32\\RPCRT4.dll+4f034|C:\\Windows\\System32\\combase.dll+c89fc|C:\\Windows\\System32\\combase.dll+5b818|C:\\Windows\\System32\\combase.dll+5a99b|C:\\Windows\\System32\\combase.dll+5aaa4|C:\\Windows\\System32\\combase.dll+5a904|C:\\Windows\\System32\\combase.dll+7b72c|C:\\Windows\\System32\\combase.dll+7b34a|C:\\Windows\\System32\\combase.dll+8f8a4|C:\\Windows\\System32\\combase.dll+9a170|C:\\Windows\\System32\\combase.dll+9a08b|C:\\Windows\\System32\\combase.dll+99b80|C:\\Windows\\System32\\combase.dll+30d77|C:\\Windows\\System32\\combase.dll+b6809|C:\\Windows\\System32\\RPCRT4.dll+deb92|C:\\Windows\\System32\\RPCRT4.dll+1d479|C:\\Windows\\System32\\combase.dll+b5f1c|C:\\Windows\\System32\\RPCRT4.dll+5a74b|C:\\Windows\\System32\\combase.dll+8bad3|C:\\Windows\\System32\\combase.dll+8b85e|C:\\Windows\\System32\\combase.dll+baaa6|C:\\Windows\\System32\\combase.dll+31283|C:\\Windows\\System32\\combase.dll+b133d", "EventData_SourceUser": "NT AUTHORITY\\SYSTEM", "EventData_TargetUser": "DESKTOP-P5C3MUD\\user"}
{"Provider_Name": "Microsoft-Windows-Sysmon", "Provider_Guid": "{5770385f-c22a-43e0-bf4c-06f5698ffbd9}", "Provider": null, "EventID_Qualifiers": "", "EventID": "10", "Version": "3", "Level": "4", "Task": "10", "Opcode": "0", "Keywords": "0x8000000000000000", "TimeCreated_SystemTime": "2023-09-27 01:43:09.477442", "TimeCreated": null, "EventRecordID": "28076", "Correlation_ActivityID": "", "Correlation_RelatedActivityID": "", "Correlation": null, "Execution_ProcessID": "3368", "Execution_ThreadID": "4984", "Execution": null, "Channel": "Microsoft-Windows-Sysmon/Operational", "Computer": "DESKTOP-P5C3MUD", "Security_UserID": "S-1-5-18", "Security": null, "EventData_RuleName": "-", "EventData_UtcTime": "2023-09-27 01:43:09.465", "EventData_SourceProcessGUID": "{4557fbaa-e801-6502-8100-000000000c00}", "EventData_SourceProcessId": "5600", "EventData_SourceThreadId": "12284", "EventData_SourceImage": "C:\\Windows\\system32\\svchost.exe", "EventData_TargetProcessGUID": "{4557fbaa-88ad-6513-a724-000000000c00}", "EventData_TargetProcessId": "11348", "EventData_TargetImage": "C:\\Windows\\system32\\CompMgmtLauncher.exe", "EventData_GrantedAccess": "0x00001040", "EventData_CallTrace": "C:\\Windows\\SYSTEM32\\ntdll.dll+9df24|C:\\Windows\\System32\\RPCRT4.dll+4f034|C:\\Windows\\System32\\combase.dll+c89fc|C:\\Windows\\System32\\combase.dll+5b818|C:\\Windows\\System32\\combase.dll+5a99b|C:\\Windows\\System32\\combase.dll+5aaa4|C:\\Windows\\System32\\combase.dll+5a904|C:\\Windows\\System32\\combase.dll+7b72c|C:\\Windows\\System32\\combase.dll+7b34a|C:\\Windows\\System32\\combase.dll+8f8a4|C:\\Windows\\System32\\combase.dll+9a170|C:\\Windows\\System32\\combase.dll+9a08b|C:\\Windows\\System32\\combase.dll+99b80|C:\\Windows\\System32\\combase.dll+30d77|C:\\Windows\\System32\\combase.dll+b6809|C:\\Windows\\System32\\RPCRT4.dll+deb92|C:\\Windows\\System32\\RPCRT4.dll+1d479|C:\\Windows\\System32\\combase.dll+b5f1c|C:\\Windows\\System32\\RPCRT4.dll+5a74b|C:\\Windows\\System32\\combase.dll+8bad3|C:\\Windows\\System32\\combase.dll+8b85e|C:\\Windows\\System32\\combase.dll+baaa6|C:\\Windows\\System32\\combase.dll+31283|C:\\Windows\\System32\\combase.dll+b133d", "EventData_SourceUser": "NT AUTHORITY\\SYSTEM", "EventData_TargetUser": "DESKTOP-P5C3MUD\\user"}
{"Provider_Name": "Microsoft-Windows-Sysmon", "Provider_Guid": "{5770385f-c22a-43e0-bf4c-06f5698ffbd9}", "Provider": null, "EventID_Qualifiers": "", "EventID": "10", "Version": "3", "Level": "4", "Task": "10", "Opcode": "0", "Keywords": "0x8000000000000000", "TimeCreated_SystemTime": "2023-09-27 01:43:09.477915", "TimeCreated": null, "EventRecordID": "28077", "Correlation_ActivityID": "", "Correlation_RelatedActivityID": "", "Correlation": null, "Execution_ProcessID": "3368", "Execution_ThreadID": "4984", "Execution": null, "Channel": "Microsoft-Windows-Sysmon/Operational", "Computer": "DESKTOP-P5C3MUD", "Security_UserID": "S-1-5-18", "Security": null, "EventData_RuleName": "-", "EventData_UtcTime": "2023-09-27 01:43:09.465", "EventData_SourceProcessGUID": "{4557fbaa-e801-6502-8100-000000000c00}", "EventData_SourceProcessId": "5600", "EventData_SourceThreadId": "12284", "EventData_SourceImage": "C:\\Windows\\system32\\svchost.exe", "EventData_TargetProcessGUID": "{4557fbaa-88ad-6513-a724-000000000c00}", "EventData_TargetProcessId": "11348", "EventData_TargetImage": "C:\\Windows\\system32\\CompMgmtLauncher.exe", "EventData_GrantedAccess": "0x00001040", "EventData_CallTrace": "C:\\Windows\\SYSTEM32\\ntdll.dll+9df24|C:\\Windows\\System32\\RPCRT4.dll+4f034|C:\\Windows\\System32\\combase.dll+c89fc|C:\\Windows\\System32\\combase.dll+5b818|C:\\Windows\\System32\\combase.dll+5a99b|C:\\Windows\\System32\\combase.dll+5aaa4|C:\\Windows\\System32\\combase.dll+5a904|C:\\Windows\\System32\\combase.dll+7b72c|C:\\Windows\\System32\\combase.dll+7b34a|C:\\Windows\\System32\\combase.dll+8f8a4|C:\\Windows\\System32\\combase.dll+9a170|C:\\Windows\\System32\\combase.dll+9a08b|C:\\Windows\\System32\\combase.dll+99b80|C:\\Windows\\System32\\combase.dll+30d77|C:\\Windows\\System32\\combase.dll+b6809|C:\\Windows\\System32\\RPCRT4.dll+deb92|C:\\Windows\\System32\\RPCRT4.dll+1d479|C:\\Windows\\System32\\combase.dll+b5f1c|C:\\Windows\\System32\\RPCRT4.dll+5a74b|C:\\Windows\\System32\\combase.dll+8bad3|C:\\Windows\\System32\\combase.dll+8b85e|C:\\Windows\\System32\\combase.dll+baaa6|C:\\Windows\\System32\\combase.dll+31283|C:\\Windows\\System32\\combase.dll+b133d", "EventData_SourceUser": "NT AUTHORITY\\SYSTEM", "EventData_TargetUser": "DESKTOP-P5C3MUD\\user"}
{"Provider_Name": "Microsoft-Windows-Sysmon", "Provider_Guid": "{5770385f-c22a-43e0-bf4c-06f5698ffbd9}", "Provider": null, "EventID_Qualifiers": "", "EventID": "10", "Version": "3", "Level": "4", "Task": "10", "Opcode": "0", "Keywords": "0x8000000000000000", "TimeCreated_SystemTime": "2023-09-27 01:43:09.478319", "TimeCreated": null, "EventRecordID": "28078", "Correlation_ActivityID": "", "Correlation_RelatedActivityID": "", "Correlation": null, "Execution_ProcessID": "3368", "Execution_ThreadID": "4984", "Execution": null, "Channel": "Microsoft-Windows-Sysmon/Operational", "Computer": "DESKTOP-P5C3MUD", "Security_UserID": "S-1-5-18", "Security": null, "EventData_RuleName": "-", "EventData_UtcTime": "2023-09-27 01:43:09.465", "EventData_SourceProcessGUID": "{4557fbaa-e801-6502-8100-000000000c00}", "EventData_SourceProcessId": "5600", "EventData_SourceThreadId": "12284", "EventData_SourceImage": "C:\\Windows\\system32\\svchost.exe", "EventData_TargetProcessGUID": "{4557fbaa-88ad-6513-a724-000000000c00}", "EventData_TargetProcessId": "11348", "EventData_TargetImage": "C:\\Windows\\system32\\CompMgmtLauncher.exe", "EventData_GrantedAccess": "0x00001040", "EventData_CallTrace": "C:\\Windows\\SYSTEM32\\ntdll.dll+9df24|C:\\Windows\\System32\\RPCRT4.dll+4f034|C:\\Windows\\System32\\combase.dll+c89fc|C:\\Windows\\System32\\combase.dll+5b818|C:\\Windows\\System32\\combase.dll+5a99b|C:\\Windows\\System32\\combase.dll+5aaa4|C:\\Windows\\System32\\combase.dll+5a904|C:\\Windows\\System32\\combase.dll+7b72c|C:\\Windows\\System32\\combase.dll+7b34a|C:\\Windows\\System32\\combase.dll+8f8a4|C:\\Windows\\System32\\combase.dll+9a170|C:\\Windows\\System32\\combase.dll+9a08b|C:\\Windows\\System32\\combase.dll+99b80|C:\\Windows\\System32\\combase.dll+30d77|C:\\Windows\\System32\\combase.dll+b6809|C:\\Windows\\System32\\RPCRT4.dll+deb92|C:\\Windows\\System32\\RPCRT4.dll+1d479|C:\\Windows\\System32\\combase.dll+b5f1c|C:\\Windows\\System32\\RPCRT4.dll+5a74b|C:\\Windows\\System32\\combase.dll+8bad3|C:\\Windows\\System32\\combase.dll+8b85e|C:\\Windows\\System32\\combase.dll+baaa6|C:\\Windows\\System32\\combase.dll+31283|C:\\Windows\\System32\\combase.dll+b133d", "EventData_SourceUser": "NT AUTHORITY\\SYSTEM", "EventData_TargetUser": "DESKTOP-P5C3MUD\\user"}
{"Provider_Name": "Microsoft-Windows-Sysmon", "Provider_Guid": "{5770385f-c22a-43e0-bf4c-06f5698ffbd9}", "Provider": null, "EventID_Qualifiers": "", "EventID": "7", "Version": "3", "Level": "4", "Task": "7", "Opcode": "0", "Keywords": "0x8000000000000000", "TimeCreated_SystemTime": "2023-09-27 01:43:09.478655", "TimeCreated": null, "EventRecordID": "28079", "Correlation_ActivityID": "", "Correlation_RelatedActivityID": "", "Correlation": null, "Execution_ProcessID": "3368", "Execution_ThreadID": "4988", "Execution": null, "Channel": "Microsoft-Windows-Sysmon/Operational", "Computer": "DESKTOP-P5C3MUD", "Security_UserID": "S-1-5-18", "Security": null, "EventData_RuleName": "-", "EventData_UtcTime": "2023-09-27 01:43:09.450", "EventData_ProcessGuid": "{4557fbaa-88ad-6513-a724-000000000c00}", "EventData_ProcessId": "11348", "EventData_Image": "C:\\Windows\\System32\\CompMgmtLauncher.exe", "EventData_ImageLoaded": "C:\\Windows\\System32\\StartTileData.dll", "EventData_FileVersion": "10.0.19041.3393 (WinBuild.160101.0800)", "EventData_Description": "Start Tile Data InProc Server", "EventData_Product": "Microsoft\u00ae Windows\u00ae Operating System", "EventData_Company": "Microsoft Corporation", "EventData_OriginalFileName": "StartTileData.dll", "EventData_Hashes": "SHA1=F3E297A7C74DAF1AD87C7D3029BBC9C914FA60A7,MD5=3D35EDB42DF340AFE2B1171EA8542090,SHA256=C74775CAECF76C48BB8B6E2A52C5B9E3F3A58C38AFF8BEABBBCA6C5022DB6BCF,IMPHASH=C45C4700CD0B287A559794AC8E843B52", "EventData_Signed": "true", "EventData_Signature": "Microsoft Windows", "EventData_SignatureStatus": "Valid", "EventData_User": "DESKTOP-P5C3MUD\\user"}
{"Provider_Name": "Microsoft-Windows-Sysmon", "Provider_Guid": "{5770385f-c22a-43e0-bf4c-06f5698ffbd9}", "Provider": null, "EventID_Qualifiers": "", "EventID": "10", "Version": "3", "Level": "4", "Task": "10", "Opcode": "0", "Keywords": "0x8000000000000000", "TimeCreated_SystemTime": "2023-09-27 01:43:09.478745", "TimeCreated": null, "EventRecordID": "28080", "Correlation_ActivityID": "", "Correlation_RelatedActivityID": "", "Correlation": null, "Execution_ProcessID": "3368", "Execution_ThreadID": "4984", "Execution": null, "Channel": "Microsoft-Windows-Sysmon/Operational", "Computer": "DESKTOP-P5C3MUD", "Security_UserID": "S-1-5-18", "Security": null, "EventData_RuleName": "-", "EventData_UtcTime": "2023-09-27 01:43:09.465", "EventData_SourceProcessGUID": "{4557fbaa-e801-6502-8100-000000000c00}", "EventData_SourceProcessId": "5600", "EventData_SourceThreadId": "12284", "EventData_SourceImage": "C:\\Windows\\system32\\svchost.exe", "EventData_TargetProcessGUID": "{4557fbaa-88ad-6513-a724-000000000c00}", "EventData_TargetProcessId": "11348", "EventData_TargetImage": "C:\\Windows\\system32\\CompMgmtLauncher.exe", "EventData_GrantedAccess": "0x00001040", "EventData_CallTrace": "C:\\Windows\\SYSTEM32\\ntdll.dll+9df24|C:\\Windows\\System32\\RPCRT4.dll+4f034|C:\\Windows\\System32\\combase.dll+c89fc|C:\\Windows\\System32\\combase.dll+5b818|C:\\Windows\\System32\\combase.dll+5a99b|C:\\Windows\\System32\\combase.dll+5aaa4|C:\\Windows\\System32\\combase.dll+5a904|C:\\Windows\\System32\\combase.dll+7b72c|C:\\Windows\\System32\\combase.dll+7b34a|C:\\Windows\\System32\\combase.dll+8f8a4|C:\\Windows\\System32\\combase.dll+9a170|C:\\Windows\\System32\\combase.dll+9a08b|C:\\Windows\\System32\\combase.dll+99b80|C:\\Windows\\System32\\combase.dll+30d77|C:\\Windows\\System32\\combase.dll+b6809|C:\\Windows\\System32\\RPCRT4.dll+deb92|C:\\Windows\\System32\\RPCRT4.dll+1d479|C:\\Windows\\System32\\combase.dll+b5f1c|C:\\Windows\\System32\\RPCRT4.dll+5a74b|C:\\Windows\\System32\\combase.dll+8bad3|C:\\Windows\\System32\\combase.dll+8b85e|C:\\Windows\\System32\\combase.dll+baaa6|C:\\Windows\\System32\\combase.dll+31283|C:\\Windows\\System32\\combase.dll+b133d", "EventData_SourceUser": "NT AUTHORITY\\SYSTEM", "EventData_TargetUser": "DESKTOP-P5C3MUD\\user"}
