{"Provider_Name": "Microsoft-Windows-Sysmon", "Provider_Guid": "{5770385f-c22a-43e0-bf4c-06f5698ffbd9}", "Provider": null, "EventID_Qualifiers": "", "EventID": "10", "Version": "3", "Level": "4", "Task": "10", "Opcode": "0", "Keywords": "0x8000000000000000", "TimeCreated_SystemTime": "2023-09-27 01:43:09.506945", "TimeCreated": null, "EventRecordID": "28152", "Correlation_ActivityID": "", "Correlation_RelatedActivityID": "", "Correlation": null, "Execution_ProcessID": "3368", "Execution_ThreadID": "4984", "Execution": null, "Channel": "Microsoft-Windows-Sysmon/Operational", "Computer": "DESKTOP-P5C3MUD", "Security_UserID": "S-1-5-18", "Security": null, "EventData_RuleName": "-", "EventData_UtcTime": "2023-09-27 01:43:09.497", "EventData_SourceProcessGUID": "{4557fbaa-e801-6502-8100-000000000c00}", "EventData_SourceProcessId": "5600", "EventData_SourceThreadId": "4448", "EventData_SourceImage": "C:\\Windows\\system32\\svchost.exe", "EventData_TargetProcessGUID": "{4557fbaa-88ad-6513-a724-000000000c00}", "EventData_TargetProcessId": "11348", "EventData_TargetImage": "C:\\Windows\\system32\\CompMgmtLauncher.exe", "EventData_GrantedAccess": "0x00001040", "EventData_CallTrace": "C:\\Windows\\SYSTEM32\\ntdll.dll+9df24|C:\\Windows\\System32\\RPCRT4.dll+4f034|C:\\Windows\\System32\\combase.dll+c89fc|C:\\Windows\\System32\\combase.dll+5b818|C:\\Windows\\System32\\combase.dll+5a99b|C:\\Windows\\System32\\combase.dll+5aaa4|C:\\Windows\\System32\\combase.dll+5a904|C:\\Windows\\System32\\combase.dll+7b72c|C:\\Windows\\System32\\combase.dll+7b34a|C:\\Windows\\System32\\combase.dll+8f8a4|C:\\Windows\\System32\\combase.dll+9a170|C:\\Windows\\System32\\combase.dll+9a08b|C:\\Windows\\System32\\combase.dll+99b80|C:\\Windows\\System32\\combase.dll+30d77|C:\\Windows\\System32\\combase.dll+b6809|C:\\Windows\\System32\\RPCRT4.dll+deb92|C:\\Windows\\System32\\RPCRT4.dll+1d479|C:\\Windows\\System32\\combase.dll+b5f1c|C:\\Windows\\System32\\RPCRT4.dll+5a74b|C:\\Windows\\System32\\combase.dll+8bad3|C:\\Windows\\System32\\combase.dll+8b85e|C:\\Windows\\System32\\combase.dll+baaa6|C:\\Windows\\System32\\combase.dll+31283|C:\\Windows\\System32\\combase.dll+b133d", "EventData_SourceUser": "NT AUTHORITY\\SYSTEM", "EventData_TargetUser": "DESKTOP-P5C3MUD\\user"}
{"Provider_Name": "Microsoft-Windows-Sysmon", "Provider_Guid": "{5770385f-c22a-43e0-bf4c-06f5698ffbd9}", "Provider": null, "EventID_Qualifiers": "", "EventID": "10", "Version": "3", "Level": "4", "Task": "10", "Opcode": "0", "Keywords": "0x8000000000000000", "TimeCreated_SystemTime": "2023-09-27 01:43:09.507410", "TimeCreated": null, "EventRecordID": "28153", "Correlation_ActivityID": "", "Correlation_RelatedActivityID": "", "Correlation": null, "Execution_ProcessID": "3368", "Execution_ThreadID": "4984", "Execution": null, "Channel": "Microsoft-Windows-Sysmon/Operational", "Computer": "DESKTOP-P5C3MUD", "Security_UserID": "S-1-5-18", "Security": null, "EventData_RuleName": "-", "EventData_UtcTime": "2023-09-27 01:43:09.497", "EventData_SourceProcessGUID": "{4557fbaa-e801-6502-8100-000000000c00}", "EventData_SourceProcessId": "5600", "EventData_SourceThreadId": "4448", "EventData_SourceImage": "C:\\Windows\\system32\\svchost.exe", "EventData_TargetProcessGUID": "{4557fbaa-88ad-6513-a724-000000000c00}", "EventData_TargetProcessId": "11348", "EventData_TargetImage": "C:\\Windows\\system32\\CompMgmtLauncher.exe", "EventData_GrantedAccess": "0x00001040", "EventData_CallTrace": "C:\\Windows\\SYSTEM32\\ntdll.dll+9df24|C:\\Windows\\System32\\RPCRT4.dll+4f034|C:\\Windows\\System32\\combase.dll+c89fc|C:\\Windows\\System32\\combase.dll+5b818|C:\\Windows\\System32\\combase.dll+5a99b|C:\\Windows\\System32\\combase.dll+5aaa4|C:\\Windows\\System32\\combase.dll+5a904|C:\\Windows\\System32\\combase.dll+7b72c|C:\\Windows\\System32\\combase.dll+7b34a|C:\\Windows\\System32\\combase.dll+8f8a4|C:\\Windows\\System32\\combase.dll+9a170|C:\\Windows\\System32\\combase.dll+9a08b|C:\\Windows\\System32\\combase.dll+99b80|C:\\Windows\\System32\\combase.dll+30d77|C:\\Windows\\System32\\combase.dll+b6809|C:\\Windows\\System32\\RPCRT4.dll+deb92|C:\\Windows\\System32\\RPCRT4.dll+1d479|C:\\Windows\\System32\\combase.dll+b5f1c|C:\\Windows\\System32\\RPCRT4.dll+5a74b|C:\\Windows\\System32\\combase.dll+8bad3|C:\\Windows\\System32\\combase.dll+8b85e|C:\\Windows\\System32\\combase.dll+baaa6|C:\\Windows\\System32\\combase.dll+31283|C:\\Windows\\System32\\combase.dll+b133d", "EventData_SourceUser": "NT AUTHORITY\\SYSTEM", "EventData_TargetUser": "DESKTOP-P5C3MUD\\user"}
{"Provider_Name": "Microsoft-Windows-Sysmon", "Provider_Guid": "{5770385f-c22a-43e0-bf4c-06f5698ffbd9}", "Provider": null, "EventID_Qualifiers": "", "EventID": "10", "Version": "3", "Level": "4", "Task": "10", "Opcode": "0", "Keywords": "0x8000000000000000", "TimeCreated_SystemTime": "2023-09-27 01:43:09.507843", "TimeCreated": null, "EventRecordID": "28154", "Correlation_ActivityID": "", "Correlation_RelatedActivityID": "", "Correlation": null, "Execution_ProcessID": "3368", "Execution_ThreadID": "4984", "Execution": null, "Channel": "Microsoft-Windows-Sysmon/Operational", "Computer": "DESKTOP-P5C3MUD", "Security_UserID": "S-1-5-18", "Security": null, "EventData_RuleName": "-", "EventData_UtcTime": "2023-09-27 01:43:09.497", "EventData_SourceProcessGUID": "{4557fbaa-e801-6502-8100-000000000c00}", "EventData_SourceProcessId": "5600", "EventData_SourceThreadId": "12892", "EventData_SourceImage": "C:\\Windows\\system32\\svchost.exe", "EventData_TargetProcessGUID": "{4557fbaa-88ad-6513-a724-000000000c00}", "EventData_TargetProcessId": "11348", "EventData_TargetImage": "C:\\Windows\\system32\\CompMgmtLauncher.exe", "EventData_GrantedAccess": "0x00001040", "EventData_CallTrace": "C:\\Windows\\SYSTEM32\\ntdll.dll+9df24|C:\\Windows\\System32\\RPCRT4.dll+4f034|C:\\Windows\\System32\\combase.dll+c89fc|C:\\Windows\\System32\\combase.dll+5b818|C:\\Windows\\System32\\combase.dll+5a99b|C:\\Windows\\System32\\combase.dll+5aaa4|C:\\Windows\\System32\\combase.dll+5a904|C:\\Windows\\System32\\combase.dll+7b72c|C:\\Windows\\System32\\combase.dll+7b34a|C:\\Windows\\System32\\combase.dll+8f8a4|C:\\Windows\\System32\\combase.dll+9a170|C:\\Windows\\System32\\combase.dll+9a08b|C:\\Windows\\System32\\combase.dll+99b80|C:\\Windows\\System32\\combase.dll+30d77|C:\\Windows\\System32\\combase.dll+b6809|C:\\Windows\\System32\\RPCRT4.dll+deb92|C:\\Windows\\System32\\RPCRT4.dll+1d479|C:\\Windows\\System32\\combase.dll+b5f1c|C:\\Windows\\System32\\RPCRT4.dll+5a74b|C:\\Windows\\System32\\combase.dll+8bad3|C:\\Windows\\System32\\combase.dll+8b85e|C:\\Windows\\System32\\combase.dll+baaa6|C:\\Windows\\System32\\combase.dll+31283|C:\\Windows\\System32\\combase.dll+b133d", "EventData_SourceUser": "NT AUTHORITY\\SYSTEM", "EventData_TargetUser": "DESKTOP-P5C3MUD\\user"}
{"Provider_Name": "Microsoft-Windows-Sysmon", "Provider_Guid": "{5770385f-c22a-43e0-bf4c-06f5698ffbd9}", "Provider": null, "EventID_Qualifiers": "", "EventID": "10", "Version": "3", "Level": "4", "Task": "10", "Opcode": "0", "Keywords": "0x8000000000000000", "TimeCreated_SystemTime": "2023-09-27 01:43:09.508287", "TimeCreated": null, "EventRecordID": "28155", "Correlation_ActivityID": "", "Correlation_RelatedActivityID": "", "Correlation": null, "Execution_ProcessID": "3368", "Execution_ThreadID": "4984", "Execution": null, "Channel": "Microsoft-Windows-Sysmon/Operational", "Computer": "DESKTOP-P5C3MUD", "Security_UserID": "S-1-5-18", "Security": null, "EventData_RuleName": "-", "EventData_UtcTime": "2023-09-27 01:43:09.497", "EventData_SourceProcessGUID": "{4557fbaa-e801-6502-8100-000000000c00}", "EventData_SourceProcessId": "5600", "EventData_SourceThreadId": "12892", "EventData_SourceImage": "C:\\Windows\\system32\\svchost.exe", "EventData_TargetProcessGUID": "{4557fbaa-88ad-6513-a724-000000000c00}", "EventData_TargetProcessId": "11348", "EventData_TargetImage": "C:\\Windows\\system32\\CompMgmtLauncher.exe", "EventData_GrantedAccess": "0x00001040", "EventData_CallTrace": "C:\\Windows\\SYSTEM32\\ntdll.dll+9df24|C:\\Windows\\System32\\RPCRT4.dll+4f034|C:\\Windows\\System32\\combase.dll+c89fc|C:\\Windows\\System32\\combase.dll+5b818|C:\\Windows\\System32\\combase.dll+5a99b|C:\\Windows\\System32\\combase.dll+5aaa4|C:\\Windows\\System32\\combase.dll+5a904|C:\\Windows\\System32\\combase.dll+7b72c|C:\\Windows\\System32\\combase.dll+7b34a|C:\\Windows\\System32\\combase.dll+8f8a4|C:\\Windows\\System32\\combase.dll+9a170|C:\\Windows\\System32\\combase.dll+9a08b|C:\\Windows\\System32\\combase.dll+99b80|C:\\Windows\\System32\\combase.dll+30d77|C:\\Windows\\System32\\combase.dll+b6809|C:\\Windows\\System32\\RPCRT4.dll+deb92|C:\\Windows\\System32\\RPCRT4.dll+1d479|C:\\Windows\\System32\\combase.dll+b5f1c|C:\\Windows\\System32\\RPCRT4.dll+5a74b|C:\\Windows\\System32\\combase.dll+8bad3|C:\\Windows\\System32\\combase.dll+8b85e|C:\\Windows\\System32\\combase.dll+baaa6|C:\\Windows\\System32\\combase.dll+31283|C:\\Windows\\System32\\combase.dll+b133d", "EventData_SourceUser": "NT AUTHORITY\\SYSTEM", "EventData_TargetUser": "DESKTOP-P5C3MUD\\user"}
{"Provider_Name": "Microsoft-Windows-Sysmon", "Provider_Guid": "{5770385f-c22a-43e0-bf4c-06f5698ffbd9}", "Provider": null, "EventID_Qualifiers": "", "EventID": "12", "Version": "2", "Level": "4", "Task": "12", "Opcode": "0", "Keywords": "0x8000000000000000", "TimeCreated_SystemTime": "2023-09-27 01:43:09.508612", "TimeCreated": null, "EventRecordID": "28156", "Correlation_ActivityID": "", "Correlation_RelatedActivityID": "", "Correlation": null, "Execution_ProcessID": "3368", "Execution_ThreadID": "4984", "Execution": null, "Channel": "Microsoft-Windows-Sysmon/Operational", "Computer": "DESKTOP-P5C3MUD", "Security_UserID": "S-1-5-18", "Security": null, "EventData_RuleName": "-", "EventData_EventType": "CreateKey", "EventData_UtcTime": "2023-09-27 01:43:09.497", "EventData_ProcessGuid": "{4557fbaa-e80c-6502-a300-000000000c00}", "EventData_ProcessId": "6456", "EventData_Image": "C:\\Windows\\system32\\SearchIndexer.exe", "EventData_TargetObject": "HKLM\\SOFTWARE\\Microsoft\\Windows Search\\CrawlScopeManager\\Windows\\SystemIndex", "EventData_User": "NT AUTHORITY\\SYSTEM"}
{"Provider_Name": "Microsoft-Windows-Sysmon", "Provider_Guid": "{5770385f-c22a-43e0-bf4c-06f5698ffbd9}", "Provider": null, "EventID_Qualifiers": "", "EventID": "12", "Version": "2", "Level": "4", "Task": "12", "Opcode": "0", "Keywords": "0x8000000000000000", "TimeCreated_SystemTime": "2023-09-27 01:43:09.508684", "TimeCreated": null, "EventRecordID": "28157", "Correlation_ActivityID": "", "Correlation_RelatedActivityID": "", "Correlation": null, "Execution_ProcessID": "3368", "Execution_ThreadID": "4984", "Execution": null, "Channel": "Microsoft-Windows-Sysmon/Operational", "Computer": "DESKTOP-P5C3MUD", "Security_UserID": "S-1-5-18", "Security": null, "EventData_RuleName": "-", "EventData_EventType": "CreateKey", "EventData_UtcTime": "2023-09-27 01:43:09.497", "EventData_ProcessGuid": "{4557fbaa-e80c-6502-a300-000000000c00}", "EventData_ProcessId": "6456", "EventData_Image": "C:\\Windows\\system32\\SearchIndexer.exe", "EventData_TargetObject": "HKLM\\SOFTWARE\\Microsoft\\Windows Search\\CrawlScopeManager\\Windows\\SystemIndex", "EventData_User": "NT AUTHORITY\\SYSTEM"}
{"Provider_Name": "Microsoft-Windows-Sysmon", "Provider_Guid": "{5770385f-c22a-43e0-bf4c-06f5698ffbd9}", "Provider": null, "EventID_Qualifiers": "", "EventID": "10", "Version": "3", "Level": "4", "Task": "10", "Opcode": "0", "Keywords": "0x8000000000000000", "TimeCreated_SystemTime": "2023-09-27 01:43:09.508770", "TimeCreated": null, "EventRecordID": "28158", "Correlation_ActivityID": "", "Correlation_RelatedActivityID": "", "Correlation": null, "Execution_ProcessID": "3368", "Execution_ThreadID": "4984", "Execution": null, "Channel": "Microsoft-Windows-Sysmon/Operational", "Computer": "DESKTOP-P5C3MUD", "Security_UserID": "S-1-5-18", "Security": null, "EventData_RuleName": "-", "EventData_UtcTime": "2023-09-27 01:43:09.497", "EventData_SourceProcessGUID": "{4557fbaa-e801-6502-8100-000000000c00}", "EventData_SourceProcessId": "5600", "EventData_SourceThreadId": "12892", "EventData_SourceImage": "C:\\Windows\\system32\\svchost.exe", "EventData_TargetProcessGUID": "{4557fbaa-88ad-6513-a724-000000000c00}", "EventData_TargetProcessId": "11348", "EventData_TargetImage": "C:\\Windows\\system32\\CompMgmtLauncher.exe", "EventData_GrantedAccess": "0x00001040", "EventData_CallTrace": "C:\\Windows\\SYSTEM32\\ntdll.dll+9df24|C:\\Windows\\System32\\RPCRT4.dll+4f034|C:\\Windows\\System32\\combase.dll+c89fc|C:\\Windows\\System32\\combase.dll+5b818|C:\\Windows\\System32\\combase.dll+5a99b|C:\\Windows\\System32\\combase.dll+5aaa4|C:\\Windows\\System32\\combase.dll+5a904|C:\\Windows\\System32\\combase.dll+7b72c|C:\\Windows\\System32\\combase.dll+7b34a|C:\\Windows\\System32\\combase.dll+8f8a4|C:\\Windows\\System32\\combase.dll+9a170|C:\\Windows\\System32\\combase.dll+9a08b|C:\\Windows\\System32\\combase.dll+99b80|C:\\Windows\\System32\\combase.dll+30d77|C:\\Windows\\System32\\combase.dll+b6809|C:\\Windows\\System32\\RPCRT4.dll+deb92|C:\\Windows\\System32\\RPCRT4.dll+1d479|C:\\Windows\\System32\\combase.dll+b5f1c|C:\\Windows\\System32\\RPCRT4.dll+5a74b|C:\\Windows\\System32\\combase.dll+8bad3|C:\\Windows\\System32\\combase.dll+8b85e|C:\\Windows\\System32\\combase.dll+baaa6|C:\\Windows\\System32\\combase.dll+31283|C:\\Windows\\System32\\combase.dll+b133d", "EventData_SourceUser": "NT AUTHORITY\\SYSTEM", "EventData_TargetUser": "DESKTOP-P5C3MUD\\user"}
{"Provider_Name": "Microsoft-Windows-Sysmon", "Provider_Guid": "{5770385f-c22a-43e0-bf4c-06f5698ffbd9}", "Provider": null, "EventID_Qualifiers": "", "EventID": "12", "Version": "2", "Level": "4", "Task": "12", "Opcode": "0", "Keywords": "0x8000000000000000", "TimeCreated_SystemTime": "2023-09-27 01:43:09.509266", "TimeCreated": null, "EventRecordID": "28159", "Correlation_ActivityID": "", "Correlation_RelatedActivityID": "", "Correlation": null, "Execution_ProcessID": "3368", "Execution_ThreadID": "4984", "Execution": null, "Channel": "Microsoft-Windows-Sysmon/Operational", "Computer": "DESKTOP-P5C3MUD", "Security_UserID": "S-1-5-18", "Security": null, "EventData_RuleName": "-", "EventData_EventType": "CreateKey", "EventData_UtcTime": "2023-09-27 01:43:09.497", "EventData_ProcessGuid": "{4557fbaa-e80c-6502-a300-000000000c00}", "EventData_ProcessId": "6456", "EventData_Image": "C:\\Windows\\system32\\SearchIndexer.exe", "EventData_TargetObject": "HKLM\\SOFTWARE\\Microsoft\\Windows Search\\CrawlScopeManager\\Windows\\SystemIndex", "EventData_User": "NT AUTHORITY\\SYSTEM"}
{"Provider_Name": "Microsoft-Windows-Sysmon", "Provider_Guid": "{5770385f-c22a-43e0-bf4c-06f5698ffbd9}", "Provider": null, "EventID_Qualifiers": "", "EventID": "10", "Version": "3", "Level": "4", "Task": "10", "Opcode": "0", "Keywords": "0x8000000000000000", "TimeCreated_SystemTime": "2023-09-27 01:43:09.509350", "TimeCreated": null, "EventRecordID": "28160", "Correlation_ActivityID": "", "Correlation_RelatedActivityID": "", "Correlation": null, "Execution_ProcessID": "3368", "Execution_ThreadID": "4984", "Execution": null, "Channel": "Microsoft-Windows-Sysmon/Operational", "Computer": "DESKTOP-P5C3MUD", "Security_UserID": "S-1-5-18", "Security": null, "EventData_RuleName": "-", "EventData_UtcTime": "2023-09-27 01:43:09.497", "EventData_SourceProcessGUID": "{4557fbaa-e801-6502-8100-000000000c00}", "EventData_SourceProcessId": "5600", "EventData_SourceThreadId": "12892", "EventData_SourceImage": "C:\\Windows\\system32\\svchost.exe", "EventData_TargetProcessGUID": "{4557fbaa-88ad-6513-a724-000000000c00}", "EventData_TargetProcessId": "11348", "EventData_TargetImage": "C:\\Windows\\system32\\CompMgmtLauncher.exe", "EventData_GrantedAccess": "0x00001040", "EventData_CallTrace": "C:\\Windows\\SYSTEM32\\ntdll.dll+9df24|C:\\Windows\\System32\\RPCRT4.dll+4f034|C:\\Windows\\System32\\combase.dll+c89fc|C:\\Windows\\System32\\combase.dll+5b818|C:\\Windows\\System32\\combase.dll+5a99b|C:\\Windows\\System32\\combase.dll+5aaa4|C:\\Windows\\System32\\combase.dll+5a904|C:\\Windows\\System32\\combase.dll+7b72c|C:\\Windows\\System32\\combase.dll+7b34a|C:\\Windows\\System32\\combase.dll+8f8a4|C:\\Windows\\System32\\combase.dll+9a170|C:\\Windows\\System32\\combase.dll+9a08b|C:\\Windows\\System32\\combase.dll+99b80|C:\\Windows\\System32\\combase.dll+30d77|C:\\Windows\\System32\\combase.dll+b6809|C:\\Windows\\System32\\RPCRT4.dll+deb92|C:\\Windows\\System32\\RPCRT4.dll+1d479|C:\\Windows\\System32\\combase.dll+b5f1c|C:\\Windows\\System32\\RPCRT4.dll+5a74b|C:\\Windows\\System32\\combase.dll+8bad3|C:\\Windows\\System32\\combase.dll+8b85e|C:\\Windows\\System32\\combase.dll+baaa6|C:\\Windows\\System32\\combase.dll+31283|C:\\Windows\\System32\\combase.dll+b133d", "EventData_SourceUser": "NT AUTHORITY\\SYSTEM", "EventData_TargetUser": "DESKTOP-P5C3MUD\\user"}
{"Provider_Name": "Microsoft-Windows-Sysmon", "Provider_Guid": "{5770385f-c22a-43e0-bf4c-06f5698ffbd9}", "Provider": null, "EventID_Qualifiers": "", "EventID": "7", "Version": "3", "Level": "4", "Task": "7", "Opcode": "0", "Keywords": "0x8000000000000000", "TimeCreated_SystemTime": "2023-09-27 01:43:09.510727", "TimeCreated": null, "EventRecordID": "28161", "Correlation_ActivityID": "", "Correlation_RelatedActivityID": "", "Correlation": null, "Execution_ProcessID": "3368", "Execution_ThreadID": "4984", "Execution": null, "Channel": "Microsoft-Windows-Sysmon/Operational", "Computer": "DESKTOP-P5C3MUD", "Security_UserID": "S-1-5-18", "Security": null, "EventData_RuleName": "-", "EventData_UtcTime": "2023-09-27 01:43:09.497", "EventData_ProcessGuid": "{4557fbaa-88ad-6513-a724-000000000c00}", "EventData_ProcessId": "11348", "EventData_Image": "C:\\Windows\\System32\\CompMgmtLauncher.exe", "EventData_ImageLoaded": "C:\\Windows\\System32\\WinTypes.dll", "EventData_FileVersion": "10.0.19041.3393 (WinBuild.160101.0800)", "EventData_Description": "Windows Base Types DLL", "EventData_Product": "Microsoft\u00ae Windows\u00ae Operating System", "EventData_Company": "Microsoft Corporation", "EventData_OriginalFileName": "WinTypes.dll", "EventData_Hashes": "SHA1=3F6E10E658E558E06D1CA50176465CFBDAF63EC7,MD5=2CC365DE50503A7498D1A8EB7DD64A53,SHA256=FFD4A36E5880669D0CCE8FAC83AE328ACDAB24ECC7A13E4DA26896A5B131BC13,IMPHASH=29DAF5F20C970881AB4F6C896AC969CE", "EventData_Signed": "true", "EventData_Signature": "Microsoft Windows", "EventData_SignatureStatus": "Valid", "EventData_User": "DESKTOP-P5C3MUD\\user"}
{"Provider_Name": "Microsoft-Windows-Sysmon", "Provider_Guid": "{5770385f-c22a-43e0-bf4c-06f5698ffbd9}", "Provider": null, "EventID_Qualifiers": "", "EventID": "12", "Version": "2", "Level": "4", "Task": "12", "Opcode": "0", "Keywords": "0x8000000000000000", "TimeCreated_SystemTime": "2023-09-27 01:43:09.511517", "TimeCreated": null, "EventRecordID": "28162", "Correlation_ActivityID": "", "Correlation_RelatedActivityID": "", "Correlation": null, "Execution_ProcessID": "3368", "Execution_ThreadID": "4984", "Execution": null, "Channel": "Microsoft-Windows-Sysmon/Operational", "Computer": "DESKTOP-P5C3MUD", "Security_UserID": "S-1-5-18", "Security": null, "EventData_RuleName": "-", "EventData_EventType": "CreateKey", "EventData_UtcTime": "2023-09-27 01:43:09.497", "EventData_ProcessGuid": "{4557fbaa-e80c-6502-a300-000000000c00}", "EventData_ProcessId": "6456", "EventData_Image": "C:\\Windows\\system32\\SearchIndexer.exe", "EventData_TargetObject": "HKLM\\SOFTWARE\\Microsoft\\Windows Search\\CrawlScopeManager\\Windows\\SystemIndex", "EventData_User": "NT AUTHORITY\\SYSTEM"}
{"Provider_Name": "Microsoft-Windows-Sysmon", "Provider_Guid": "{5770385f-c22a-43e0-bf4c-06f5698ffbd9}", "Provider": null, "EventID_Qualifiers": "", "EventID": "12", "Version": "2", "Level": "4", "Task": "12", "Opcode": "0", "Keywords": "0x8000000000000000", "TimeCreated_SystemTime": "2023-09-27 01:43:09.511581", "TimeCreated": null, "EventRecordID": "28163", "Correlation_ActivityID": "", "Correlation_RelatedActivityID": "", "Correlation": null, "Execution_ProcessID": "3368", "Execution_ThreadID": "4984", "Execution": null, "Channel": "Microsoft-Windows-Sysmon/Operational", "Computer": "DESKTOP-P5C3MUD", "Security_UserID": "S-1-5-18", "Security": null, "EventData_RuleName": "-", "EventData_EventType": "CreateKey", "EventData_UtcTime": "2023-09-27 01:43:09.497", "EventData_ProcessGuid": "{4557fbaa-e80c-6502-a300-000000000c00}", "EventData_ProcessId": "6456", "EventData_Image": "C:\\Windows\\system32\\SearchIndexer.exe", "EventData_TargetObject": "HKLM\\SOFTWARE\\Microsoft\\Windows Search\\CrawlScopeManager\\Windows\\SystemIndex", "EventData_User": "NT AUTHORITY\\SYSTEM"}
{"Provider_Name": "Microsoft-Windows-Sysmon", "Provider_Guid": "{5770385f-c22a-43e0-bf4c-06f5698ffbd9}", "Provider": null, "EventID_Qualifiers": "", "EventID": "12", "Version": "2", "Level": "4", "Task": "12", "Opcode": "0", "Keywords": "0x8000000000000000", "TimeCreated_SystemTime": "2023-09-27 01:43:09.511986", "TimeCreated": null, "EventRecordID": "28164", "Correlation_ActivityID": "", "Correlation_RelatedActivityID": "", "Correlation": null, "Execution_ProcessID": "3368", "Execution_ThreadID": "4984", "Execution": null, "Channel": "Microsoft-Windows-Sysmon/Operational", "Computer": "DESKTOP-P5C3MUD", "Security_UserID": "S-1-5-18", "Security": null, "EventData_RuleName": "-", "EventData_EventType": "CreateKey", "EventData_UtcTime": "2023-09-27 01:43:09.497", "EventData_ProcessGuid": "{4557fbaa-e80c-6502-a300-000000000c00}", "EventData_ProcessId": "6456", "EventData_Image": "C:\\Windows\\system32\\SearchIndexer.exe", "EventData_TargetObject": "HKLM\\SOFTWARE\\Microsoft\\Windows Search\\CrawlScopeManager\\Windows\\SystemIndex", "EventData_User": "NT AUTHORITY\\SYSTEM"}
{"Provider_Name": "Microsoft-Windows-Sysmon", "Provider_Guid": "{5770385f-c22a-43e0-bf4c-06f5698ffbd9}", "Provider": null, "EventID_Qualifiers": "", "EventID": "10", "Version": "3", "Level": "4", "Task": "10", "Opcode": "0", "Keywords": "0x8000000000000000", "TimeCreated_SystemTime": "2023-09-27 01:43:09.512169", "TimeCreated": null, "EventRecordID": "28165", "Correlation_ActivityID": "", "Correlation_RelatedActivityID": "", "Correlation": null, "Execution_ProcessID": "3368", "Execution_ThreadID": "4984", "Execution": null, "Channel": "Microsoft-Windows-Sysmon/Operational", "Computer": "DESKTOP-P5C3MUD", "Security_UserID": "S-1-5-18", "Security": null, "EventData_RuleName": "-", "EventData_UtcTime": "2023-09-27 01:43:09.497", "EventData_SourceProcessGUID": "{4557fbaa-e801-6502-8100-000000000c00}", "EventData_SourceProcessId": "5600", "EventData_SourceThreadId": "12892", "EventData_SourceImage": "C:\\Windows\\system32\\svchost.exe", "EventData_TargetProcessGUID": "{4557fbaa-88ad-6513-a724-000000000c00}", "EventData_TargetProcessId": "11348", "EventData_TargetImage": "C:\\Windows\\system32\\CompMgmtLauncher.exe", "EventData_GrantedAccess": "0x00001040", "EventData_CallTrace": "C:\\Windows\\SYSTEM32\\ntdll.dll+9df24|C:\\Windows\\System32\\RPCRT4.dll+4f034|C:\\Windows\\System32\\combase.dll+c89fc|C:\\Windows\\System32\\combase.dll+5b818|C:\\Windows\\System32\\combase.dll+5a99b|C:\\Windows\\System32\\combase.dll+5aaa4|C:\\Windows\\System32\\combase.dll+5a904|C:\\Windows\\System32\\combase.dll+7b72c|C:\\Windows\\System32\\combase.dll+7b34a|C:\\Windows\\System32\\combase.dll+8f8a4|C:\\Windows\\System32\\combase.dll+9a170|C:\\Windows\\System32\\combase.dll+9a08b|C:\\Windows\\System32\\combase.dll+99b80|C:\\Windows\\System32\\combase.dll+30d77|C:\\Windows\\System32\\combase.dll+b6809|C:\\Windows\\System32\\RPCRT4.dll+deb92|C:\\Windows\\System32\\RPCRT4.dll+1d479|C:\\Windows\\System32\\combase.dll+b5f1c|C:\\Windows\\System32\\RPCRT4.dll+5a74b|C:\\Windows\\System32\\combase.dll+8bad3|C:\\Windows\\System32\\combase.dll+8b85e|C:\\Windows\\System32\\combase.dll+baaa6|C:\\Windows\\System32\\combase.dll+31283|C:\\Windows\\System32\\combase.dll+b133d", "EventData_SourceUser": "NT AUTHORITY\\SYSTEM", "EventData_TargetUser": "DESKTOP-P5C3MUD\\user"}
{"Provider_Name": "Microsoft-Windows-Sysmon", "Provider_Guid": "{5770385f-c22a-43e0-bf4c-06f5698ffbd9}", "Provider": null, "EventID_Qualifiers": "", "EventID": "10", "Version": "3", "Level": "4", "Task": "10", "Opcode": "0", "Keywords": "0x8000000000000000", "TimeCreated_SystemTime": "2023-09-27 01:43:09.512630", "TimeCreated": null, "EventRecordID": "28166", "Correlation_ActivityID": "", "Correlation_RelatedActivityID": "", "Correlation": null, "Execution_ProcessID": "3368", "Execution_ThreadID": "4984", "Execution": null, "Channel": "Microsoft-Windows-Sysmon/Operational", "Computer": "DESKTOP-P5C3MUD", "Security_UserID": "S-1-5-18", "Security": null, "EventData_RuleName": "-", "EventData_UtcTime": "2023-09-27 01:43:09.497", "EventData_SourceProcessGUID": "{4557fbaa-e801-6502-8100-000000000c00}", "EventData_SourceProcessId": "5600", "EventData_SourceThreadId": "12892", "EventData_SourceImage": "C:\\Windows\\system32\\svchost.exe", "EventData_TargetProcessGUID": "{4557fbaa-88ad-6513-a724-000000000c00}", "EventData_TargetProcessId": "11348", "EventData_TargetImage": "C:\\Windows\\system32\\CompMgmtLauncher.exe", "EventData_GrantedAccess": "0x00001040", "EventData_CallTrace": "C:\\Windows\\SYSTEM32\\ntdll.dll+9df24|C:\\Windows\\System32\\RPCRT4.dll+4f034|C:\\Windows\\System32\\combase.dll+c89fc|C:\\Windows\\System32\\combase.dll+5b818|C:\\Windows\\System32\\combase.dll+5a99b|C:\\Windows\\System32\\combase.dll+5aaa4|C:\\Windows\\System32\\combase.dll+5a904|C:\\Windows\\System32\\combase.dll+7b72c|C:\\Windows\\System32\\combase.dll+7b34a|C:\\Windows\\System32\\combase.dll+8f8a4|C:\\Windows\\System32\\combase.dll+9a170|C:\\Windows\\System32\\combase.dll+9a08b|C:\\Windows\\System32\\combase.dll+99b80|C:\\Windows\\System32\\combase.dll+30d77|C:\\Windows\\System32\\combase.dll+b6809|C:\\Windows\\System32\\RPCRT4.dll+deb92|C:\\Windows\\System32\\RPCRT4.dll+1d479|C:\\Windows\\System32\\combase.dll+b5f1c|C:\\Windows\\System32\\RPCRT4.dll+5a74b|C:\\Windows\\System32\\combase.dll+8bad3|C:\\Windows\\System32\\combase.dll+8b85e|C:\\Windows\\System32\\combase.dll+baaa6|C:\\Windows\\System32\\combase.dll+31283|C:\\Windows\\System32\\combase.dll+b133d", "EventData_SourceUser": "NT AUTHORITY\\SYSTEM", "EventData_TargetUser": "DESKTOP-P5C3MUD\\user"}
{"Provider_Name": "Microsoft-Windows-Sysmon", "Provider_Guid": "{5770385f-c22a-43e0-bf4c-06f5698ffbd9}", "Provider": null, "EventID_Qualifiers": "", "EventID": "10", "Version": "3", "Level": "4", "Task": "10", "Opcode": "0", "Keywords": "0x8000000000000000", "TimeCreated_SystemTime": "2023-09-27 01:43:09.513508", "TimeCreated": null, "EventRecordID": "28167", "Correlation_ActivityID": "", "Correlation_RelatedActivityID": "", "Correlation": null, "Execution_ProcessID": "3368", "Execution_ThreadID": "4984", "Execution": null, "Channel": "Microsoft-Windows-Sysmon/Operational", "Computer": "DESKTOP-P5C3MUD", "Security_UserID": "S-1-5-18", "Security": null, "EventData_RuleName": "-", "EventData_UtcTime": "2023-09-27 01:43:09.512", "EventData_SourceProcessGUID": "{4557fbaa-e801-6502-8100-000000000c00}", "EventData_SourceProcessId": "5600", "EventData_SourceThreadId": "12892", "EventData_SourceImage": "C:\\Windows\\system32\\svchost.exe", "EventData_TargetProcessGUID": "{4557fbaa-88ad-6513-a724-000000000c00}", "EventData_TargetProcessId": "11348", "EventData_TargetImage": "C:\\Windows\\system32\\CompMgmtLauncher.exe", "EventData_GrantedAccess": "0x00001040", "EventData_CallTrace": "C:\\Windows\\SYSTEM32\\ntdll.dll+9df24|C:\\Windows\\System32\\RPCRT4.dll+4f034|C:\\Windows\\System32\\combase.dll+c89fc|C:\\Windows\\System32\\combase.dll+5b818|C:\\Windows\\System32\\combase.dll+5a99b|C:\\Windows\\System32\\combase.dll+5aaa4|C:\\Windows\\System32\\combase.dll+5a904|C:\\Windows\\System32\\combase.dll+7b72c|C:\\Windows\\System32\\combase.dll+7b34a|C:\\Windows\\System32\\combase.dll+8f8a4|C:\\Windows\\System32\\combase.dll+9a170|C:\\Windows\\System32\\combase.dll+9a08b|C:\\Windows\\System32\\combase.dll+99b80|C:\\Windows\\System32\\combase.dll+30d77|C:\\Windows\\System32\\combase.dll+b6809|C:\\Windows\\System32\\RPCRT4.dll+deb92|C:\\Windows\\System32\\RPCRT4.dll+1d479|C:\\Windows\\System32\\combase.dll+b5f1c|C:\\Windows\\System32\\RPCRT4.dll+5a74b|C:\\Windows\\System32\\combase.dll+8bad3|C:\\Windows\\System32\\combase.dll+8b85e|C:\\Windows\\System32\\combase.dll+baaa6|C:\\Windows\\System32\\combase.dll+31283|C:\\Windows\\System32\\combase.dll+b133d", "EventData_SourceUser": "NT AUTHORITY\\SYSTEM", "EventData_TargetUser": "DESKTOP-P5C3MUD\\user"}
{"Provider_Name": "Microsoft-Windows-Sysmon", "Provider_Guid": "{5770385f-c22a-43e0-bf4c-06f5698ffbd9}", "Provider": null, "EventID_Qualifiers": "", "EventID": "10", "Version": "3", "Level": "4", "Task": "10", "Opcode": "0", "Keywords": "0x8000000000000000", "TimeCreated_SystemTime": "2023-09-27 01:43:09.513680", "TimeCreated": null, "EventRecordID": "28168", "Correlation_ActivityID": "", "Correlation_RelatedActivityID": "", "Correlation": null, "Execution_ProcessID": "3368", "Execution_ThreadID": "4984", "Execution": null, "Channel": "Microsoft-Windows-Sysmon/Operational", "Computer": "DESKTOP-P5C3MUD", "Security_UserID": "S-1-5-18", "Security": null, "EventData_RuleName": "-", "EventData_UtcTime": "2023-09-27 01:43:09.512", "EventData_SourceProcessGUID": "{4557fbaa-e801-6502-8100-000000000c00}", "EventData_SourceProcessId": "5600", "EventData_SourceThreadId": "4448", "EventData_SourceImage": "C:\\Windows\\system32\\svchost.exe", "EventData_TargetProcessGUID": "{4557fbaa-88ad-6513-a724-000000000c00}", "EventData_TargetProcessId": "11348", "EventData_TargetImage": "C:\\Windows\\system32\\CompMgmtLauncher.exe", "EventData_GrantedAccess": "0x00001040", "EventData_CallTrace": "C:\\Windows\\SYSTEM32\\ntdll.dll+9df24|C:\\Windows\\System32\\RPCRT4.dll+4f034|C:\\Windows\\System32\\combase.dll+c89fc|C:\\Windows\\System32\\combase.dll+5b818|C:\\Windows\\System32\\combase.dll+5a99b|C:\\Windows\\System32\\combase.dll+5aaa4|C:\\Windows\\System32\\combase.dll+5a904|C:\\Windows\\System32\\combase.dll+7b72c|C:\\Windows\\System32\\combase.dll+7b34a|C:\\Windows\\System32\\combase.dll+8f8a4|C:\\Windows\\System32\\combase.dll+9a170|C:\\Windows\\System32\\combase.dll+9a08b|C:\\Windows\\System32\\combase.dll+99b80|C:\\Windows\\System32\\combase.dll+30d77|C:\\Windows\\System32\\combase.dll+b6809|C:\\Windows\\System32\\RPCRT4.dll+deb92|C:\\Windows\\System32\\RPCRT4.dll+1d479|C:\\Windows\\System32\\combase.dll+b5f1c|C:\\Windows\\System32\\RPCRT4.dll+5a74b|C:\\Windows\\System32\\combase.dll+8bad3|C:\\Windows\\System32\\combase.dll+8b85e|C:\\Windows\\System32\\combase.dll+baaa6|C:\\Windows\\System32\\combase.dll+31283|C:\\Windows\\System32\\combase.dll+b133d", "EventData_SourceUser": "NT AUTHORITY\\SYSTEM", "EventData_TargetUser": "DESKTOP-P5C3MUD\\user"}
{"Provider_Name": "Microsoft-Windows-Sysmon", "Provider_Guid": "{5770385f-c22a-43e0-bf4c-06f5698ffbd9}", "Provider": null, "EventID_Qualifiers": "", "EventID": "10", "Version": "3", "Level": "4", "Task": "10", "Opcode": "0", "Keywords": "0x8000000000000000", "TimeCreated_SystemTime": "2023-09-27 01:43:09.514233", "TimeCreated": null, "EventRecordID": "28169", "Correlation_ActivityID": "", "Correlation_RelatedActivityID": "", "Correlation": null, "Execution_ProcessID": "3368", "Execution_ThreadID": "4984", "Execution": null, "Channel": "Microsoft-Windows-Sysmon/Operational", "Computer": "DESKTOP-P5C3MUD", "Security_UserID": "S-1-5-18", "Security": null, "EventData_RuleName": "-", "EventData_UtcTime": "2023-09-27 01:43:09.512", "EventData_SourceProcessGUID": "{4557fbaa-e801-6502-8100-000000000c00}", "EventData_SourceProcessId": "5600", "EventData_SourceThreadId": "4448", "EventData_SourceImage": "C:\\Windows\\system32\\svchost.exe", "EventData_TargetProcessGUID": "{4557fbaa-88ad-6513-a724-000000000c00}", "EventData_TargetProcessId": "11348", "EventData_TargetImage": "C:\\Windows\\system32\\CompMgmtLauncher.exe", "EventData_GrantedAccess": "0x00001040", "EventData_CallTrace": "C:\\Windows\\SYSTEM32\\ntdll.dll+9df24|C:\\Windows\\System32\\RPCRT4.dll+4f034|C:\\Windows\\System32\\combase.dll+c89fc|C:\\Windows\\System32\\combase.dll+5b818|C:\\Windows\\System32\\combase.dll+5a99b|C:\\Windows\\System32\\combase.dll+5aaa4|C:\\Windows\\System32\\combase.dll+5a904|C:\\Windows\\System32\\combase.dll+7b72c|C:\\Windows\\System32\\combase.dll+7b34a|C:\\Windows\\System32\\combase.dll+8f8a4|C:\\Windows\\System32\\combase.dll+9a170|C:\\Windows\\System32\\combase.dll+9a08b|C:\\Windows\\System32\\combase.dll+99b80|C:\\Windows\\System32\\combase.dll+30d77|C:\\Windows\\System32\\combase.dll+b6809|C:\\Windows\\System32\\RPCRT4.dll+deb92|C:\\Windows\\System32\\RPCRT4.dll+1d479|C:\\Windows\\System32\\combase.dll+b5f1c|C:\\Windows\\System32\\RPCRT4.dll+5a74b|C:\\Windows\\System32\\combase.dll+8bad3|C:\\Windows\\System32\\combase.dll+8b85e|C:\\Windows\\System32\\combase.dll+baaa6|C:\\Windows\\System32\\combase.dll+31283|C:\\Windows\\System32\\combase.dll+b133d", "EventData_SourceUser": "NT AUTHORITY\\SYSTEM", "EventData_TargetUser": "DESKTOP-P5C3MUD\\user"}
{"Provider_Name": "Microsoft-Windows-Sysmon", "Provider_Guid": "{5770385f-c22a-43e0-bf4c-06f5698ffbd9}", "Provider": null, "EventID_Qualifiers": "", "EventID": "10", "Version": "3", "Level": "4", "Task": "10", "Opcode": "0", "Keywords": "0x8000000000000000", "TimeCreated_SystemTime": "2023-09-27 01:43:09.514795", "TimeCreated": null, "EventRecordID": "28170", "Correlation_ActivityID": "", "Correlation_RelatedActivityID": "", "Correlation": null, "Execution_ProcessID": "3368", "Execution_ThreadID": "4984", "Execution": null, "Channel": "Microsoft-Windows-Sysmon/Operational", "Computer": "DESKTOP-P5C3MUD", "Security_UserID": "S-1-5-18", "Security": null, "EventData_RuleName": "-", "EventData_UtcTime": "2023-09-27 01:43:09.512", "EventData_SourceProcessGUID": "{4557fbaa-e801-6502-8100-000000000c00}", "EventData_SourceProcessId": "5600", "EventData_SourceThreadId": "12284", "EventData_SourceImage": "C:\\Windows\\system32\\svchost.exe", "EventData_TargetProcessGUID": "{4557fbaa-88ad-6513-a724-000000000c00}", "EventData_TargetProcessId": "11348", "EventData_TargetImage": "C:\\Windows\\system32\\CompMgmtLauncher.exe", "EventData_GrantedAccess": "0x00001040", "EventData_CallTrace": "C:\\Windows\\SYSTEM32\\ntdll.dll+9df24|C:\\Windows\\System32\\RPCRT4.dll+4f034|C:\\Windows\\System32\\combase.dll+c89fc|C:\\Windows\\System32\\combase.dll+5b818|C:\\Windows\\System32\\combase.dll+5a99b|C:\\Windows\\System32\\combase.dll+5aaa4|C:\\Windows\\System32\\combase.dll+5a904|C:\\Windows\\System32\\combase.dll+7b72c|C:\\Windows\\System32\\combase.dll+7b34a|C:\\Windows\\System32\\combase.dll+8f8a4|C:\\Windows\\System32\\combase.dll+9a170|C:\\Windows\\System32\\combase.dll+9a08b|C:\\Windows\\System32\\combase.dll+99b80|C:\\Windows\\System32\\combase.dll+30d77|C:\\Windows\\System32\\combase.dll+b6809|C:\\Windows\\System32\\RPCRT4.dll+deb92|C:\\Windows\\System32\\RPCRT4.dll+1d479|C:\\Windows\\System32\\combase.dll+b5f1c|C:\\Windows\\System32\\RPCRT4.dll+5a74b|C:\\Windows\\System32\\combase.dll+8bad3|C:\\Windows\\System32\\combase.dll+8b85e|C:\\Windows\\System32\\combase.dll+baaa6|C:\\Windows\\System32\\combase.dll+31283|C:\\Windows\\System32\\combase.dll+b133d", "EventData_SourceUser": "NT AUTHORITY\\SYSTEM", "EventData_TargetUser": "DESKTOP-P5C3MUD\\user"}
{"Provider_Name": "Microsoft-Windows-Sysmon", "Provider_Guid": "{5770385f-c22a-43e0-bf4c-06f5698ffbd9}", "Provider": null, "EventID_Qualifiers": "", "EventID": "10", "Version": "3", "Level": "4", "Task": "10", "Opcode": "0", "Keywords": "0x8000000000000000", "TimeCreated_SystemTime": "2023-09-27 01:43:09.516052", "TimeCreated": null, "EventRecordID": "28171", "Correlation_ActivityID": "", "Correlation_RelatedActivityID": "", "Correlation": null, "Execution_ProcessID": "3368", "Execution_ThreadID": "4984", "Execution": null, "Channel": "Microsoft-Windows-Sysmon/Operational", "Computer": "DESKTOP-P5C3MUD", "Security_UserID": "S-1-5-18", "Security": null, "EventData_RuleName": "-", "EventData_UtcTime": "2023-09-27 01:43:09.512", "EventData_SourceProcessGUID": "{4557fbaa-e98c-6502-0e01-000000000c00}", "EventData_SourceProcessId": "1232", "EventData_SourceThreadId": "2384", "EventData_SourceImage": "C:\\Windows\\System32\\RuntimeBroker.exe", "EventData_TargetProcessGUID": "{4557fbaa-e98b-6502-0d01-000000000c00}", "EventData_TargetProcessId": "6312", "EventData_TargetImage": "C:\\Windows\\SystemApps\\ShellExperienceHost_cw5n1h2txyewy\\ShellExperienceHost.exe", "EventData_GrantedAccess": "0x00001010", "EventData_CallTrace": "C:\\Windows\\SYSTEM32\\ntdll.dll+9df24|C:\\Windows\\System32\\RPCRT4.dll+4f034|C:\\Windows\\System32\\combase.dll+c89fc|C:\\Windows\\SYSTEM32\\windows.storage.dll+13bf6a|C:\\Windows\\SYSTEM32\\windows.storage.dll+172a5a|C:\\Windows\\SYSTEM32\\windows.storage.dll+1729fa|C:\\Windows\\SYSTEM32\\windows.storage.dll+1cbd8b|C:\\Windows\\SYSTEM32\\windows.storage.dll+7d553|C:\\Windows\\SYSTEM32\\windows.storage.dll+7d4fe|C:\\Windows\\System32\\RPCRT4.dll+7b4b3|C:\\Windows\\System32\\RPCRT4.dll+de77b|C:\\Windows\\System32\\RPCRT4.dll+1d479|C:\\Windows\\System32\\combase.dll+b5f1c|C:\\Windows\\System32\\RPCRT4.dll+5a74b|C:\\Windows\\System32\\combase.dll+8bad3|C:\\Windows\\System32\\combase.dll+8b85e|C:\\Windows\\System32\\combase.dll+96114|C:\\Windows\\System32\\combase.dll+91286|C:\\Windows\\System32\\combase.dll+31283|C:\\Windows\\System32\\combase.dll+c80a4|C:\\Windows\\System32\\combase.dll+89d7d|C:\\Windows\\System32\\combase.dll+25036|C:\\Windows\\System32\\combase.dll+835fa|C:\\Windows\\System32\\user32.dll+e858", "EventData_SourceUser": "DESKTOP-P5C3MUD\\user", "EventData_TargetUser": "DESKTOP-P5C3MUD\\user"}
{"Provider_Name": "Microsoft-Windows-Sysmon", "Provider_Guid": "{5770385f-c22a-43e0-bf4c-06f5698ffbd9}", "Provider": null, "EventID_Qualifiers": "", "EventID": "10", "Version": "3", "Level": "4", "Task": "10", "Opcode": "0", "Keywords": "0x8000000000000000", "TimeCreated_SystemTime": "2023-09-27 01:43:09.516087", "TimeCreated": null, "EventRecordID": "28172", "Correlation_ActivityID": "", "Correlation_RelatedActivityID": "", "Correlation": null, "Execution_ProcessID": "3368", "Execution_ThreadID": "4984", "Execution": null, "Channel": "Microsoft-Windows-Sysmon/Operational", "Computer": "DESKTOP-P5C3MUD", "Security_UserID": "S-1-5-18", "Security": null, "EventData_RuleName": "-", "EventData_UtcTime": "2023-09-27 01:43:09.512", "EventData_SourceProcessGUID": "{4557fbaa-e801-6502-8100-000000000c00}", "EventData_SourceProcessId": "5600", "EventData_SourceThreadId": "12284", "EventData_SourceImage": "C:\\Windows\\system32\\svchost.exe", "EventData_TargetProcessGUID": "{4557fbaa-88ad-6513-a724-000000000c00}", "EventData_TargetProcessId": "11348", "EventData_TargetImage": "C:\\Windows\\system32\\CompMgmtLauncher.exe", "EventData_GrantedAccess": "0x00001040", "EventData_CallTrace": "C:\\Windows\\SYSTEM32\\ntdll.dll+9df24|C:\\Windows\\System32\\RPCRT4.dll+4f034|C:\\Windows\\System32\\combase.dll+c89fc|C:\\Windows\\System32\\combase.dll+5b818|C:\\Windows\\System32\\combase.dll+5a99b|C:\\Windows\\System32\\combase.dll+5aaa4|C:\\Windows\\System32\\combase.dll+5a904|C:\\Windows\\System32\\combase.dll+7b72c|C:\\Windows\\System32\\combase.dll+7b34a|C:\\Windows\\System32\\combase.dll+8f8a4|C:\\Windows\\System32\\combase.dll+9a170|C:\\Windows\\System32\\combase.dll+9a08b|C:\\Windows\\System32\\combase.dll+99b80|C:\\Windows\\System32\\combase.dll+30d77|C:\\Windows\\System32\\combase.dll+b6809|C:\\Windows\\System32\\RPCRT4.dll+deb92|C:\\Windows\\System32\\RPCRT4.dll+1d479|C:\\Windows\\System32\\combase.dll+b5f1c|C:\\Windows\\System32\\RPCRT4.dll+5a74b|C:\\Windows\\System32\\combase.dll+8bad3|C:\\Windows\\System32\\combase.dll+8b85e|C:\\Windows\\System32\\combase.dll+baaa6|C:\\Windows\\System32\\combase.dll+31283|C:\\Windows\\System32\\combase.dll+b133d", "EventData_SourceUser": "NT AUTHORITY\\SYSTEM", "EventData_TargetUser": "DESKTOP-P5C3MUD\\user"}
{"Provider_Name": "Microsoft-Windows-Sysmon", "Provider_Guid": "{5770385f-c22a-43e0-bf4c-06f5698ffbd9}", "Provider": null, "EventID_Qualifiers": "", "EventID": "10", "Version": "3", "Level": "4", "Task": "10", "Opcode": "0", "Keywords": "0x8000000000000000", "TimeCreated_SystemTime": "2023-09-27 01:43:09.516176", "TimeCreated": null, "EventRecordID": "28173", "Correlation_ActivityID": "", "Correlation_RelatedActivityID": "", "Correlation": null, "Execution_ProcessID": "3368", "Execution_ThreadID": "4984", "Execution": null, "Channel": "Microsoft-Windows-Sysmon/Operational", "Computer": "DESKTOP-P5C3MUD", "Security_UserID": "S-1-5-18", "Security": null, "EventData_RuleName": "-", "EventData_UtcTime": "2023-09-27 01:43:09.512", "EventData_SourceProcessGUID": "{4557fbaa-e98c-6502-0e01-000000000c00}", "EventData_SourceProcessId": "1232", "EventData_SourceThreadId": "2384", "EventData_SourceImage": "C:\\Windows\\System32\\RuntimeBroker.exe", "EventData_TargetProcessGUID": "{4557fbaa-e98b-6502-0d01-000000000c00}", "EventData_TargetProcessId": "6312", "EventData_TargetImage": "C:\\Windows\\SystemApps\\ShellExperienceHost_cw5n1h2txyewy\\ShellExperienceHost.exe", "EventData_GrantedAccess": "0x00001010", "EventData_CallTrace": "C:\\Windows\\SYSTEM32\\ntdll.dll+9df24|C:\\Windows\\System32\\RPCRT4.dll+4f034|C:\\Windows\\System32\\combase.dll+c89fc|C:\\Windows\\SYSTEM32\\windows.storage.dll+13bf6a|C:\\Windows\\SYSTEM32\\windows.storage.dll+172a5a|C:\\Windows\\SYSTEM32\\windows.storage.dll+1729fa|C:\\Windows\\SYSTEM32\\windows.storage.dll+1cbd8b|C:\\Windows\\SYSTEM32\\windows.storage.dll+7d553|C:\\Windows\\SYSTEM32\\windows.storage.dll+7d4fe|C:\\Windows\\System32\\RPCRT4.dll+7b4b3|C:\\Windows\\System32\\RPCRT4.dll+de77b|C:\\Windows\\System32\\RPCRT4.dll+1d479|C:\\Windows\\System32\\combase.dll+b5f1c|C:\\Windows\\System32\\RPCRT4.dll+5a74b|C:\\Windows\\System32\\combase.dll+8bad3|C:\\Windows\\System32\\combase.dll+8b85e|C:\\Windows\\System32\\combase.dll+96114|C:\\Windows\\System32\\combase.dll+91286|C:\\Windows\\System32\\combase.dll+31283|C:\\Windows\\System32\\combase.dll+c80a4|C:\\Windows\\System32\\combase.dll+89d7d|C:\\Windows\\System32\\combase.dll+25036|C:\\Windows\\System32\\combase.dll+835fa|C:\\Windows\\System32\\user32.dll+e858", "EventData_SourceUser": "DESKTOP-P5C3MUD\\user", "EventData_TargetUser": "DESKTOP-P5C3MUD\\user"}
{"Provider_Name": "Microsoft-Windows-Sysmon", "Provider_Guid": "{5770385f-c22a-43e0-bf4c-06f5698ffbd9}", "Provider": null, "EventID_Qualifiers": "", "EventID": "10", "Version": "3", "Level": "4", "Task": "10", "Opcode": "0", "Keywords": "0x8000000000000000", "TimeCreated_SystemTime": "2023-09-27 01:43:09.516203", "TimeCreated": null, "EventRecordID": "28174", "Correlation_ActivityID": "", "Correlation_RelatedActivityID": "", "Correlation": null, "Execution_ProcessID": "3368", "Execution_ThreadID": "4984", "Execution": null, "Channel": "Microsoft-Windows-Sysmon/Operational", "Computer": "DESKTOP-P5C3MUD", "Security_UserID": "S-1-5-18", "Security": null, "EventData_RuleName": "-", "EventData_UtcTime": "2023-09-27 01:43:09.512", "EventData_SourceProcessGUID": "{4557fbaa-e801-6502-8100-000000000c00}", "EventData_SourceProcessId": "5600", "EventData_SourceThreadId": "4448", "EventData_SourceImage": "C:\\Windows\\system32\\svchost.exe", "EventData_TargetProcessGUID": "{4557fbaa-88ad-6513-a724-000000000c00}", "EventData_TargetProcessId": "11348", "EventData_TargetImage": "C:\\Windows\\system32\\CompMgmtLauncher.exe", "EventData_GrantedAccess": "0x00001040", "EventData_CallTrace": "C:\\Windows\\SYSTEM32\\ntdll.dll+9df24|C:\\Windows\\System32\\RPCRT4.dll+4f034|C:\\Windows\\System32\\combase.dll+c89fc|C:\\Windows\\System32\\combase.dll+5b818|C:\\Windows\\System32\\combase.dll+5a99b|C:\\Windows\\System32\\combase.dll+5aaa4|C:\\Windows\\System32\\combase.dll+5a904|C:\\Windows\\System32\\combase.dll+7b72c|C:\\Windows\\System32\\combase.dll+7b34a|C:\\Windows\\System32\\combase.dll+8f8a4|C:\\Windows\\System32\\combase.dll+9a170|C:\\Windows\\System32\\combase.dll+9a08b|C:\\Windows\\System32\\combase.dll+99b80|C:\\Windows\\System32\\combase.dll+30d77|C:\\Windows\\System32\\combase.dll+b6809|C:\\Windows\\System32\\RPCRT4.dll+deb92|C:\\Windows\\System32\\RPCRT4.dll+1d479|C:\\Windows\\System32\\combase.dll+b5f1c|C:\\Windows\\System32\\RPCRT4.dll+5a74b|C:\\Windows\\System32\\combase.dll+8bad3|C:\\Windows\\System32\\combase.dll+8b85e|C:\\Windows\\System32\\combase.dll+baaa6|C:\\Windows\\System32\\combase.dll+31283|C:\\Windows\\System32\\combase.dll+b133d", "EventData_SourceUser": "NT AUTHORITY\\SYSTEM", "EventData_TargetUser": "DESKTOP-P5C3MUD\\user"}
{"Provider_Name": "Microsoft-Windows-Sysmon", "Provider_Guid": "{5770385f-c22a-43e0-bf4c-06f5698ffbd9}", "Provider": null, "EventID_Qualifiers": "", "EventID": "10", "Version": "3", "Level": "4", "Task": "10", "Opcode": "0", "Keywords": "0x8000000000000000", "TimeCreated_SystemTime": "2023-09-27 01:43:09.516245", "TimeCreated": null, "EventRecordID": "28175", "Correlation_ActivityID": "", "Correlation_RelatedActivityID": "", "Correlation": null, "Execution_ProcessID": "3368", "Execution_ThreadID": "4984", "Execution": null, "Channel": "Microsoft-Windows-Sysmon/Operational", "Computer": "DESKTOP-P5C3MUD", "Security_UserID": "S-1-5-18", "Security": null, "EventData_RuleName": "-", "EventData_UtcTime": "2023-09-27 01:43:09.512", "EventData_SourceProcessGUID": "{4557fbaa-e801-6502-8100-000000000c00}", "EventData_SourceProcessId": "5600", "EventData_SourceThreadId": "12892", "EventData_SourceImage": "C:\\Windows\\system32\\svchost.exe", "EventData_TargetProcessGUID": "{4557fbaa-88ad-6513-a724-000000000c00}", "EventData_TargetProcessId": "11348", "EventData_TargetImage": "C:\\Windows\\system32\\CompMgmtLauncher.exe", "EventData_GrantedAccess": "0x00001040", "EventData_CallTrace": "C:\\Windows\\SYSTEM32\\ntdll.dll+9df24|C:\\Windows\\System32\\RPCRT4.dll+4f034|C:\\Windows\\System32\\combase.dll+c89fc|C:\\Windows\\System32\\combase.dll+5b818|C:\\Windows\\System32\\combase.dll+5a99b|C:\\Windows\\System32\\combase.dll+5aaa4|C:\\Windows\\System32\\combase.dll+5a904|C:\\Windows\\System32\\combase.dll+7b72c|C:\\Windows\\System32\\combase.dll+7b34a|C:\\Windows\\System32\\combase.dll+8f8a4|C:\\Windows\\System32\\combase.dll+9a170|C:\\Windows\\System32\\combase.dll+9a08b|C:\\Windows\\System32\\combase.dll+99b80|C:\\Windows\\System32\\combase.dll+30d77|C:\\Windows\\System32\\combase.dll+b6809|C:\\Windows\\System32\\RPCRT4.dll+deb92|C:\\Windows\\System32\\RPCRT4.dll+1d479|C:\\Windows\\System32\\combase.dll+b5f1c|C:\\Windows\\System32\\RPCRT4.dll+5a74b|C:\\Windows\\System32\\combase.dll+8bad3|C:\\Windows\\System32\\combase.dll+8b85e|C:\\Windows\\System32\\combase.dll+baaa6|C:\\Windows\\System32\\combase.dll+31283|C:\\Windows\\System32\\combase.dll+b133d", "EventData_SourceUser": "NT AUTHORITY\\SYSTEM", "EventData_TargetUser": "DESKTOP-P5C3MUD\\user"}
{"Provider_Name": "Microsoft-Windows-Sysmon", "Provider_Guid": "{5770385f-c22a-43e0-bf4c-06f5698ffbd9}", "Provider": null, "EventID_Qualifiers": "", "EventID": "10", "Version": "3", "Level": "4", "Task": "10", "Opcode": "0", "Keywords": "0x8000000000000000", "TimeCreated_SystemTime": "2023-09-27 01:43:09.516676", "TimeCreated": null, "EventRecordID": "28176", "Correlation_ActivityID": "", "Correlation_RelatedActivityID": "", "Correlation": null, "Execution_ProcessID": "3368", "Execution_ThreadID": "4984", "Execution": null, "Channel": "Microsoft-Windows-Sysmon/Operational", "Computer": "DESKTOP-P5C3MUD", "Security_UserID": "S-1-5-18", "Security": null, "EventData_RuleName": "-", "EventData_UtcTime": "2023-09-27 01:43:09.512", "EventData_SourceProcessGUID": "{4557fbaa-e801-6502-8100-000000000c00}", "EventData_SourceProcessId": "5600", "EventData_SourceThreadId": "13476", "EventData_SourceImage": "C:\\Windows\\system32\\svchost.exe", "EventData_TargetProcessGUID": "{4557fbaa-88ad-6513-a724-000000000c00}", "EventData_TargetProcessId": "11348", "EventData_TargetImage": "C:\\Windows\\system32\\CompMgmtLauncher.exe", "EventData_GrantedAccess": "0x00001040", "EventData_CallTrace": "C:\\Windows\\SYSTEM32\\ntdll.dll+9df24|C:\\Windows\\System32\\RPCRT4.dll+4f034|C:\\Windows\\System32\\combase.dll+c89fc|C:\\Windows\\System32\\combase.dll+5b818|C:\\Windows\\System32\\combase.dll+5a99b|C:\\Windows\\System32\\combase.dll+5aaa4|C:\\Windows\\System32\\combase.dll+5a904|C:\\Windows\\System32\\combase.dll+7b72c|C:\\Windows\\System32\\combase.dll+7b34a|C:\\Windows\\System32\\combase.dll+8f8a4|C:\\Windows\\System32\\combase.dll+9a170|C:\\Windows\\System32\\combase.dll+9a08b|C:\\Windows\\System32\\combase.dll+99b80|C:\\Windows\\System32\\combase.dll+30d77|C:\\Windows\\System32\\combase.dll+b6809|C:\\Windows\\System32\\RPCRT4.dll+deb92|C:\\Windows\\System32\\RPCRT4.dll+1d479|C:\\Windows\\System32\\combase.dll+b5f1c|C:\\Windows\\System32\\RPCRT4.dll+5a74b|C:\\Windows\\System32\\combase.dll+8bad3|C:\\Windows\\System32\\combase.dll+8b85e|C:\\Windows\\System32\\combase.dll+baaa6|C:\\Windows\\System32\\combase.dll+31283|C:\\Windows\\System32\\combase.dll+b133d", "EventData_SourceUser": "NT AUTHORITY\\SYSTEM", "EventData_TargetUser": "DESKTOP-P5C3MUD\\user"}
