{"Provider_Name": "Microsoft-Windows-Sysmon", "Provider_Guid": "{5770385f-c22a-43e0-bf4c-06f5698ffbd9}", "Provider": null, "EventID_Qualifiers": "", "EventID": "26", "Version": "5", "Level": "4", "Task": "26", "Opcode": "0", "Keywords": "0x8000000000000000", "TimeCreated_SystemTime": "2023-09-27 01:43:07.635174", "TimeCreated": null, "EventRecordID": "27470", "Correlation_ActivityID": "", "Correlation_RelatedActivityID": "", "Correlation": null, "Execution_ProcessID": "3368", "Execution_ThreadID": "4984", "Execution": null, "Channel": "Microsoft-Windows-Sysmon/Operational", "Computer": "DESKTOP-P5C3MUD", "Security_UserID": "S-1-5-18", "Security": null, "EventData_RuleName": "-", "EventData_UtcTime": "2023-09-27 01:43:07.622", "EventData_ProcessGuid": "{4557fbaa-83de-6513-8423-000000000c00}", "EventData_ProcessId": "9912", "EventData_User": "DESKTOP-P5C3MUD\\user", "EventData_Image": "E:\\Software\\Microsoft Visual Studio\\Common7\\IDE\\devenv.exe", "EventData_TargetFilename": "E:\\Experiment\\WINDOWS\u9ed1\u5ba2\u7f16\u7a0b\u6280\u672f\u8be6\u89e3-\u914d\u5957\u8d44\u6e90\\.vs\\slnx.sqlite-journal", "EventData_Hashes": "SHA1=0025861E771CF62E210611974E7215A9DC46B196,MD5=20AE6D7B06FE4A1C5E4882B6F4B3B51C,SHA256=6ABDAE98251FCD0A01ADA53AC21606123E4C15990530E8DFF6679C6D3944BFB6,IMPHASH=00000000000000000000000000000000", "EventData_IsExecutable": "False"}
{"Provider_Name": "Microsoft-Windows-Sysmon", "Provider_Guid": "{5770385f-c22a-43e0-bf4c-06f5698ffbd9}", "Provider": null, "EventID_Qualifiers": "", "EventID": "11", "Version": "2", "Level": "4", "Task": "11", "Opcode": "0", "Keywords": "0x8000000000000000", "TimeCreated_SystemTime": "2023-09-27 01:43:07.635719", "TimeCreated": null, "EventRecordID": "27471", "Correlation_ActivityID": "", "Correlation_RelatedActivityID": "", "Correlation": null, "Execution_ProcessID": "3368", "Execution_ThreadID": "4984", "Execution": null, "Channel": "Microsoft-Windows-Sysmon/Operational", "Computer": "DESKTOP-P5C3MUD", "Security_UserID": "S-1-5-18", "Security": null, "EventData_RuleName": "-", "EventData_UtcTime": "2023-09-27 01:43:07.622", "EventData_ProcessGuid": "{4557fbaa-83de-6513-8423-000000000c00}", "EventData_ProcessId": "9912", "EventData_Image": "E:\\Software\\Microsoft Visual Studio\\Common7\\IDE\\devenv.exe", "EventData_TargetFilename": "E:\\Experiment\\WINDOWS\u9ed1\u5ba2\u7f16\u7a0b\u6280\u672f\u8be6\u89e3-\u914d\u5957\u8d44\u6e90\\.vs\\slnx.sqlite-journal", "EventData_CreationUtcTime": "2023-09-27 01:43:07.622", "EventData_User": "DESKTOP-P5C3MUD\\user"}
{"Provider_Name": "Microsoft-Windows-Sysmon", "Provider_Guid": "{5770385f-c22a-43e0-bf4c-06f5698ffbd9}", "Provider": null, "EventID_Qualifiers": "", "EventID": "26", "Version": "5", "Level": "4", "Task": "26", "Opcode": "0", "Keywords": "0x8000000000000000", "TimeCreated_SystemTime": "2023-09-27 01:43:07.639769", "TimeCreated": null, "EventRecordID": "27472", "Correlation_ActivityID": "", "Correlation_RelatedActivityID": "", "Correlation": null, "Execution_ProcessID": "3368", "Execution_ThreadID": "4984", "Execution": null, "Channel": "Microsoft-Windows-Sysmon/Operational", "Computer": "DESKTOP-P5C3MUD", "Security_UserID": "S-1-5-18", "Security": null, "EventData_RuleName": "-", "EventData_UtcTime": "2023-09-27 01:43:07.637", "EventData_ProcessGuid": "{4557fbaa-83de-6513-8423-000000000c00}", "EventData_ProcessId": "9912", "EventData_User": "DESKTOP-P5C3MUD\\user", "EventData_Image": "E:\\Software\\Microsoft Visual Studio\\Common7\\IDE\\devenv.exe", "EventData_TargetFilename": "E:\\Experiment\\WINDOWS\u9ed1\u5ba2\u7f16\u7a0b\u6280\u672f\u8be6\u89e3-\u914d\u5957\u8d44\u6e90\\.vs\\slnx.sqlite-journal", "EventData_Hashes": "SHA1=44BA05132CE433C2284E9A04ED966944747792A8,MD5=D77BBD0232C8B82401D0C08F7A588144,SHA256=AEFF15455545DAD1E3166128AC720B9D95C197C28507B2AE52B47BBB8A11AC7D,IMPHASH=00000000000000000000000000000000", "EventData_IsExecutable": "False"}
{"Provider_Name": "Microsoft-Windows-Sysmon", "Provider_Guid": "{5770385f-c22a-43e0-bf4c-06f5698ffbd9}", "Provider": null, "EventID_Qualifiers": "", "EventID": "11", "Version": "2", "Level": "4", "Task": "11", "Opcode": "0", "Keywords": "0x8000000000000000", "TimeCreated_SystemTime": "2023-09-27 01:43:07.639994", "TimeCreated": null, "EventRecordID": "27473", "Correlation_ActivityID": "", "Correlation_RelatedActivityID": "", "Correlation": null, "Execution_ProcessID": "3368", "Execution_ThreadID": "4984", "Execution": null, "Channel": "Microsoft-Windows-Sysmon/Operational", "Computer": "DESKTOP-P5C3MUD", "Security_UserID": "S-1-5-18", "Security": null, "EventData_RuleName": "-", "EventData_UtcTime": "2023-09-27 01:43:07.637", "EventData_ProcessGuid": "{4557fbaa-83de-6513-8423-000000000c00}", "EventData_ProcessId": "9912", "EventData_Image": "E:\\Software\\Microsoft Visual Studio\\Common7\\IDE\\devenv.exe", "EventData_TargetFilename": "E:\\Experiment\\WINDOWS\u9ed1\u5ba2\u7f16\u7a0b\u6280\u672f\u8be6\u89e3-\u914d\u5957\u8d44\u6e90\\.vs\\slnx.sqlite-journal", "EventData_CreationUtcTime": "2023-09-27 01:43:07.637", "EventData_User": "DESKTOP-P5C3MUD\\user"}
{"Provider_Name": "Microsoft-Windows-Sysmon", "Provider_Guid": "{5770385f-c22a-43e0-bf4c-06f5698ffbd9}", "Provider": null, "EventID_Qualifiers": "", "EventID": "26", "Version": "5", "Level": "4", "Task": "26", "Opcode": "0", "Keywords": "0x8000000000000000", "TimeCreated_SystemTime": "2023-09-27 01:43:07.644487", "TimeCreated": null, "EventRecordID": "27474", "Correlation_ActivityID": "", "Correlation_RelatedActivityID": "", "Correlation": null, "Execution_ProcessID": "3368", "Execution_ThreadID": "4984", "Execution": null, "Channel": "Microsoft-Windows-Sysmon/Operational", "Computer": "DESKTOP-P5C3MUD", "Security_UserID": "S-1-5-18", "Security": null, "EventData_RuleName": "-", "EventData_UtcTime": "2023-09-27 01:43:07.637", "EventData_ProcessGuid": "{4557fbaa-83de-6513-8423-000000000c00}", "EventData_ProcessId": "9912", "EventData_User": "DESKTOP-P5C3MUD\\user", "EventData_Image": "E:\\Software\\Microsoft Visual Studio\\Common7\\IDE\\devenv.exe", "EventData_TargetFilename": "E:\\Experiment\\WINDOWS\u9ed1\u5ba2\u7f16\u7a0b\u6280\u672f\u8be6\u89e3-\u914d\u5957\u8d44\u6e90\\.vs\\slnx.sqlite-journal", "EventData_Hashes": "SHA1=E6F7F1BB19BF2DD2F68C9D884E71723C2AB2FC2D,MD5=66485D56136D35D294F2A08FF529288C,SHA256=781F553013B445FA0793226905AA12231C64BAF4FBF8554A5BA9767DF7A00421,IMPHASH=00000000000000000000000000000000", "EventData_IsExecutable": "False"}
{"Provider_Name": "Microsoft-Windows-Sysmon", "Provider_Guid": "{5770385f-c22a-43e0-bf4c-06f5698ffbd9}", "Provider": null, "EventID_Qualifiers": "", "EventID": "11", "Version": "2", "Level": "4", "Task": "11", "Opcode": "0", "Keywords": "0x8000000000000000", "TimeCreated_SystemTime": "2023-09-27 01:43:07.644718", "TimeCreated": null, "EventRecordID": "27475", "Correlation_ActivityID": "", "Correlation_RelatedActivityID": "", "Correlation": null, "Execution_ProcessID": "3368", "Execution_ThreadID": "4984", "Execution": null, "Channel": "Microsoft-Windows-Sysmon/Operational", "Computer": "DESKTOP-P5C3MUD", "Security_UserID": "S-1-5-18", "Security": null, "EventData_RuleName": "-", "EventData_UtcTime": "2023-09-27 01:43:07.637", "EventData_ProcessGuid": "{4557fbaa-83de-6513-8423-000000000c00}", "EventData_ProcessId": "9912", "EventData_Image": "E:\\Software\\Microsoft Visual Studio\\Common7\\IDE\\devenv.exe", "EventData_TargetFilename": "E:\\Experiment\\WINDOWS\u9ed1\u5ba2\u7f16\u7a0b\u6280\u672f\u8be6\u89e3-\u914d\u5957\u8d44\u6e90\\.vs\\slnx.sqlite-journal", "EventData_CreationUtcTime": "2023-09-27 01:43:07.637", "EventData_User": "DESKTOP-P5C3MUD\\user"}
{"Provider_Name": "Microsoft-Windows-Sysmon", "Provider_Guid": "{5770385f-c22a-43e0-bf4c-06f5698ffbd9}", "Provider": null, "EventID_Qualifiers": "", "EventID": "26", "Version": "5", "Level": "4", "Task": "26", "Opcode": "0", "Keywords": "0x8000000000000000", "TimeCreated_SystemTime": "2023-09-27 01:43:07.709261", "TimeCreated": null, "EventRecordID": "27476", "Correlation_ActivityID": "", "Correlation_RelatedActivityID": "", "Correlation": null, "Execution_ProcessID": "3368", "Execution_ThreadID": "4984", "Execution": null, "Channel": "Microsoft-Windows-Sysmon/Operational", "Computer": "DESKTOP-P5C3MUD", "Security_UserID": "S-1-5-18", "Security": null, "EventData_RuleName": "-", "EventData_UtcTime": "2023-09-27 01:43:07.700", "EventData_ProcessGuid": "{4557fbaa-83de-6513-8423-000000000c00}", "EventData_ProcessId": "9912", "EventData_User": "DESKTOP-P5C3MUD\\user", "EventData_Image": "E:\\Software\\Microsoft Visual Studio\\Common7\\IDE\\devenv.exe", "EventData_TargetFilename": "E:\\Experiment\\WINDOWS\u9ed1\u5ba2\u7f16\u7a0b\u6280\u672f\u8be6\u89e3-\u914d\u5957\u8d44\u6e90\\.vs\\slnx.sqlite-journal", "EventData_Hashes": "SHA1=0478C03B84F9682953938272C301946B25AF5C5A,MD5=BF0A924D58C55C52B539F719F9A60A62,SHA256=23826CAD0AE71960D4DCBBF70087688284E87986FEA95AFCF9725989B82C0870,IMPHASH=00000000000000000000000000000000", "EventData_IsExecutable": "False"}
{"Provider_Name": "Microsoft-Windows-Sysmon", "Provider_Guid": "{5770385f-c22a-43e0-bf4c-06f5698ffbd9}", "Provider": null, "EventID_Qualifiers": "", "EventID": "11", "Version": "2", "Level": "4", "Task": "11", "Opcode": "0", "Keywords": "0x8000000000000000", "TimeCreated_SystemTime": "2023-09-27 01:43:07.709528", "TimeCreated": null, "EventRecordID": "27477", "Correlation_ActivityID": "", "Correlation_RelatedActivityID": "", "Correlation": null, "Execution_ProcessID": "3368", "Execution_ThreadID": "4984", "Execution": null, "Channel": "Microsoft-Windows-Sysmon/Operational", "Computer": "DESKTOP-P5C3MUD", "Security_UserID": "S-1-5-18", "Security": null, "EventData_RuleName": "-", "EventData_UtcTime": "2023-09-27 01:43:07.700", "EventData_ProcessGuid": "{4557fbaa-83de-6513-8423-000000000c00}", "EventData_ProcessId": "9912", "EventData_Image": "E:\\Software\\Microsoft Visual Studio\\Common7\\IDE\\devenv.exe", "EventData_TargetFilename": "E:\\Experiment\\WINDOWS\u9ed1\u5ba2\u7f16\u7a0b\u6280\u672f\u8be6\u89e3-\u914d\u5957\u8d44\u6e90\\.vs\\slnx.sqlite-journal", "EventData_CreationUtcTime": "2023-09-27 01:43:07.700", "EventData_User": "DESKTOP-P5C3MUD\\user"}
{"Provider_Name": "Microsoft-Windows-Sysmon", "Provider_Guid": "{5770385f-c22a-43e0-bf4c-06f5698ffbd9}", "Provider": null, "EventID_Qualifiers": "", "EventID": "26", "Version": "5", "Level": "4", "Task": "26", "Opcode": "0", "Keywords": "0x8000000000000000", "TimeCreated_SystemTime": "2023-09-27 01:43:07.713364", "TimeCreated": null, "EventRecordID": "27478", "Correlation_ActivityID": "", "Correlation_RelatedActivityID": "", "Correlation": null, "Execution_ProcessID": "3368", "Execution_ThreadID": "4984", "Execution": null, "Channel": "Microsoft-Windows-Sysmon/Operational", "Computer": "DESKTOP-P5C3MUD", "Security_UserID": "S-1-5-18", "Security": null, "EventData_RuleName": "-", "EventData_UtcTime": "2023-09-27 01:43:07.700", "EventData_ProcessGuid": "{4557fbaa-83de-6513-8423-000000000c00}", "EventData_ProcessId": "9912", "EventData_User": "DESKTOP-P5C3MUD\\user", "EventData_Image": "E:\\Software\\Microsoft Visual Studio\\Common7\\IDE\\devenv.exe", "EventData_TargetFilename": "E:\\Experiment\\WINDOWS\u9ed1\u5ba2\u7f16\u7a0b\u6280\u672f\u8be6\u89e3-\u914d\u5957\u8d44\u6e90\\.vs\\slnx.sqlite-journal", "EventData_Hashes": "SHA1=A4F3E4EB0B45ACDC4275DDB4EA22FE9284222B55,MD5=8C501794C7F4E9F5290B6FB88D12D459,SHA256=69AFF42BE146741BED22164C06A01492A3EAA9DA4CF42BE40B00DE9188ADC214,IMPHASH=00000000000000000000000000000000", "EventData_IsExecutable": "False"}
{"Provider_Name": "Microsoft-Windows-Sysmon", "Provider_Guid": "{5770385f-c22a-43e0-bf4c-06f5698ffbd9}", "Provider": null, "EventID_Qualifiers": "", "EventID": "11", "Version": "2", "Level": "4", "Task": "11", "Opcode": "0", "Keywords": "0x8000000000000000", "TimeCreated_SystemTime": "2023-09-27 01:43:07.713581", "TimeCreated": null, "EventRecordID": "27479", "Correlation_ActivityID": "", "Correlation_RelatedActivityID": "", "Correlation": null, "Execution_ProcessID": "3368", "Execution_ThreadID": "4984", "Execution": null, "Channel": "Microsoft-Windows-Sysmon/Operational", "Computer": "DESKTOP-P5C3MUD", "Security_UserID": "S-1-5-18", "Security": null, "EventData_RuleName": "-", "EventData_UtcTime": "2023-09-27 01:43:07.700", "EventData_ProcessGuid": "{4557fbaa-83de-6513-8423-000000000c00}", "EventData_ProcessId": "9912", "EventData_Image": "E:\\Software\\Microsoft Visual Studio\\Common7\\IDE\\devenv.exe", "EventData_TargetFilename": "E:\\Experiment\\WINDOWS\u9ed1\u5ba2\u7f16\u7a0b\u6280\u672f\u8be6\u89e3-\u914d\u5957\u8d44\u6e90\\.vs\\slnx.sqlite-journal", "EventData_CreationUtcTime": "2023-09-27 01:43:07.700", "EventData_User": "DESKTOP-P5C3MUD\\user"}
{"Provider_Name": "Microsoft-Windows-Sysmon", "Provider_Guid": "{5770385f-c22a-43e0-bf4c-06f5698ffbd9}", "Provider": null, "EventID_Qualifiers": "", "EventID": "26", "Version": "5", "Level": "4", "Task": "26", "Opcode": "0", "Keywords": "0x8000000000000000", "TimeCreated_SystemTime": "2023-09-27 01:43:07.718426", "TimeCreated": null, "EventRecordID": "27480", "Correlation_ActivityID": "", "Correlation_RelatedActivityID": "", "Correlation": null, "Execution_ProcessID": "3368", "Execution_ThreadID": "4984", "Execution": null, "Channel": "Microsoft-Windows-Sysmon/Operational", "Computer": "DESKTOP-P5C3MUD", "Security_UserID": "S-1-5-18", "Security": null, "EventData_RuleName": "-", "EventData_UtcTime": "2023-09-27 01:43:07.715", "EventData_ProcessGuid": "{4557fbaa-83de-6513-8423-000000000c00}", "EventData_ProcessId": "9912", "EventData_User": "DESKTOP-P5C3MUD\\user", "EventData_Image": "E:\\Software\\Microsoft Visual Studio\\Common7\\IDE\\devenv.exe", "EventData_TargetFilename": "E:\\Experiment\\WINDOWS\u9ed1\u5ba2\u7f16\u7a0b\u6280\u672f\u8be6\u89e3-\u914d\u5957\u8d44\u6e90\\.vs\\slnx.sqlite-journal", "EventData_Hashes": "SHA1=B981A1B197C5B23F891A46CB5D9E48278C04577D,MD5=57506097ADC81979FD9480AB2F091389,SHA256=63D29C28CEBCBDEB8D4C3D637FBFCD4ACF35A4332AA10E74FEDE84323E3B58C7,IMPHASH=00000000000000000000000000000000", "EventData_IsExecutable": "False"}
{"Provider_Name": "Microsoft-Windows-Sysmon", "Provider_Guid": "{5770385f-c22a-43e0-bf4c-06f5698ffbd9}", "Provider": null, "EventID_Qualifiers": "", "EventID": "11", "Version": "2", "Level": "4", "Task": "11", "Opcode": "0", "Keywords": "0x8000000000000000", "TimeCreated_SystemTime": "2023-09-27 01:43:07.718655", "TimeCreated": null, "EventRecordID": "27481", "Correlation_ActivityID": "", "Correlation_RelatedActivityID": "", "Correlation": null, "Execution_ProcessID": "3368", "Execution_ThreadID": "4984", "Execution": null, "Channel": "Microsoft-Windows-Sysmon/Operational", "Computer": "DESKTOP-P5C3MUD", "Security_UserID": "S-1-5-18", "Security": null, "EventData_RuleName": "-", "EventData_UtcTime": "2023-09-27 01:43:07.715", "EventData_ProcessGuid": "{4557fbaa-83de-6513-8423-000000000c00}", "EventData_ProcessId": "9912", "EventData_Image": "E:\\Software\\Microsoft Visual Studio\\Common7\\IDE\\devenv.exe", "EventData_TargetFilename": "E:\\Experiment\\WINDOWS\u9ed1\u5ba2\u7f16\u7a0b\u6280\u672f\u8be6\u89e3-\u914d\u5957\u8d44\u6e90\\.vs\\slnx.sqlite-journal", "EventData_CreationUtcTime": "2023-09-27 01:43:07.715", "EventData_User": "DESKTOP-P5C3MUD\\user"}
{"Provider_Name": "Microsoft-Windows-Sysmon", "Provider_Guid": "{5770385f-c22a-43e0-bf4c-06f5698ffbd9}", "Provider": null, "EventID_Qualifiers": "", "EventID": "26", "Version": "5", "Level": "4", "Task": "26", "Opcode": "0", "Keywords": "0x8000000000000000", "TimeCreated_SystemTime": "2023-09-27 01:43:07.722429", "TimeCreated": null, "EventRecordID": "27482", "Correlation_ActivityID": "", "Correlation_RelatedActivityID": "", "Correlation": null, "Execution_ProcessID": "3368", "Execution_ThreadID": "4984", "Execution": null, "Channel": "Microsoft-Windows-Sysmon/Operational", "Computer": "DESKTOP-P5C3MUD", "Security_UserID": "S-1-5-18", "Security": null, "EventData_RuleName": "-", "EventData_UtcTime": "2023-09-27 01:43:07.715", "EventData_ProcessGuid": "{4557fbaa-83de-6513-8423-000000000c00}", "EventData_ProcessId": "9912", "EventData_User": "DESKTOP-P5C3MUD\\user", "EventData_Image": "E:\\Software\\Microsoft Visual Studio\\Common7\\IDE\\devenv.exe", "EventData_TargetFilename": "E:\\Experiment\\WINDOWS\u9ed1\u5ba2\u7f16\u7a0b\u6280\u672f\u8be6\u89e3-\u914d\u5957\u8d44\u6e90\\.vs\\slnx.sqlite-journal", "EventData_Hashes": "SHA1=B7DB778A3305289F3E0510DC57D7AE27036FCD30,MD5=811668B178AE9DF2F26185F44469C6BB,SHA256=353A66E0C67D60CCA43266B7E208A2F11B28DA0CBD67D7E258E0B663F4458922,IMPHASH=00000000000000000000000000000000", "EventData_IsExecutable": "False"}
{"Provider_Name": "Microsoft-Windows-Sysmon", "Provider_Guid": "{5770385f-c22a-43e0-bf4c-06f5698ffbd9}", "Provider": null, "EventID_Qualifiers": "", "EventID": "11", "Version": "2", "Level": "4", "Task": "11", "Opcode": "0", "Keywords": "0x8000000000000000", "TimeCreated_SystemTime": "2023-09-27 01:43:07.722656", "TimeCreated": null, "EventRecordID": "27483", "Correlation_ActivityID": "", "Correlation_RelatedActivityID": "", "Correlation": null, "Execution_ProcessID": "3368", "Execution_ThreadID": "4984", "Execution": null, "Channel": "Microsoft-Windows-Sysmon/Operational", "Computer": "DESKTOP-P5C3MUD", "Security_UserID": "S-1-5-18", "Security": null, "EventData_RuleName": "-", "EventData_UtcTime": "2023-09-27 01:43:07.715", "EventData_ProcessGuid": "{4557fbaa-83de-6513-8423-000000000c00}", "EventData_ProcessId": "9912", "EventData_Image": "E:\\Software\\Microsoft Visual Studio\\Common7\\IDE\\devenv.exe", "EventData_TargetFilename": "E:\\Experiment\\WINDOWS\u9ed1\u5ba2\u7f16\u7a0b\u6280\u672f\u8be6\u89e3-\u914d\u5957\u8d44\u6e90\\.vs\\slnx.sqlite-journal", "EventData_CreationUtcTime": "2023-09-27 01:43:07.715", "EventData_User": "DESKTOP-P5C3MUD\\user"}
{"Provider_Name": "Microsoft-Windows-Sysmon", "Provider_Guid": "{5770385f-c22a-43e0-bf4c-06f5698ffbd9}", "Provider": null, "EventID_Qualifiers": "", "EventID": "26", "Version": "5", "Level": "4", "Task": "26", "Opcode": "0", "Keywords": "0x8000000000000000", "TimeCreated_SystemTime": "2023-09-27 01:43:07.726810", "TimeCreated": null, "EventRecordID": "27484", "Correlation_ActivityID": "", "Correlation_RelatedActivityID": "", "Correlation": null, "Execution_ProcessID": "3368", "Execution_ThreadID": "4984", "Execution": null, "Channel": "Microsoft-Windows-Sysmon/Operational", "Computer": "DESKTOP-P5C3MUD", "Security_UserID": "S-1-5-18", "Security": null, "EventData_RuleName": "-", "EventData_UtcTime": "2023-09-27 01:43:07.715", "EventData_ProcessGuid": "{4557fbaa-83de-6513-8423-000000000c00}", "EventData_ProcessId": "9912", "EventData_User": "DESKTOP-P5C3MUD\\user", "EventData_Image": "E:\\Software\\Microsoft Visual Studio\\Common7\\IDE\\devenv.exe", "EventData_TargetFilename": "E:\\Experiment\\WINDOWS\u9ed1\u5ba2\u7f16\u7a0b\u6280\u672f\u8be6\u89e3-\u914d\u5957\u8d44\u6e90\\.vs\\slnx.sqlite-journal", "EventData_Hashes": "SHA1=7176D9DD42697629388634390EF2164AE0E856EE,MD5=669CBACD0C9F35B06D0173F41C304595,SHA256=FACFCD598F313B37F44BC614D60FB7D9B26EA973D8D38E2E21A2F7DA44355D02,IMPHASH=00000000000000000000000000000000", "EventData_IsExecutable": "False"}
{"Provider_Name": "Microsoft-Windows-Sysmon", "Provider_Guid": "{5770385f-c22a-43e0-bf4c-06f5698ffbd9}", "Provider": null, "EventID_Qualifiers": "", "EventID": "11", "Version": "2", "Level": "4", "Task": "11", "Opcode": "0", "Keywords": "0x8000000000000000", "TimeCreated_SystemTime": "2023-09-27 01:43:07.727482", "TimeCreated": null, "EventRecordID": "27485", "Correlation_ActivityID": "", "Correlation_RelatedActivityID": "", "Correlation": null, "Execution_ProcessID": "3368", "Execution_ThreadID": "4984", "Execution": null, "Channel": "Microsoft-Windows-Sysmon/Operational", "Computer": "DESKTOP-P5C3MUD", "Security_UserID": "S-1-5-18", "Security": null, "EventData_RuleName": "-", "EventData_UtcTime": "2023-09-27 01:43:07.715", "EventData_ProcessGuid": "{4557fbaa-83de-6513-8423-000000000c00}", "EventData_ProcessId": "9912", "EventData_Image": "E:\\Software\\Microsoft Visual Studio\\Common7\\IDE\\devenv.exe", "EventData_TargetFilename": "E:\\Experiment\\WINDOWS\u9ed1\u5ba2\u7f16\u7a0b\u6280\u672f\u8be6\u89e3-\u914d\u5957\u8d44\u6e90\\.vs\\slnx.sqlite-journal", "EventData_CreationUtcTime": "2023-09-27 01:43:07.715", "EventData_User": "DESKTOP-P5C3MUD\\user"}
{"Provider_Name": "Microsoft-Windows-Sysmon", "Provider_Guid": "{5770385f-c22a-43e0-bf4c-06f5698ffbd9}", "Provider": null, "EventID_Qualifiers": "", "EventID": "26", "Version": "5", "Level": "4", "Task": "26", "Opcode": "0", "Keywords": "0x8000000000000000", "TimeCreated_SystemTime": "2023-09-27 01:43:07.733398", "TimeCreated": null, "EventRecordID": "27486", "Correlation_ActivityID": "", "Correlation_RelatedActivityID": "", "Correlation": null, "Execution_ProcessID": "3368", "Execution_ThreadID": "4984", "Execution": null, "Channel": "Microsoft-Windows-Sysmon/Operational", "Computer": "DESKTOP-P5C3MUD", "Security_UserID": "S-1-5-18", "Security": null, "EventData_RuleName": "-", "EventData_UtcTime": "2023-09-27 01:43:07.731", "EventData_ProcessGuid": "{4557fbaa-83de-6513-8423-000000000c00}", "EventData_ProcessId": "9912", "EventData_User": "DESKTOP-P5C3MUD\\user", "EventData_Image": "E:\\Software\\Microsoft Visual Studio\\Common7\\IDE\\devenv.exe", "EventData_TargetFilename": "E:\\Experiment\\WINDOWS\u9ed1\u5ba2\u7f16\u7a0b\u6280\u672f\u8be6\u89e3-\u914d\u5957\u8d44\u6e90\\.vs\\slnx.sqlite-journal", "EventData_Hashes": "SHA1=4444A3704310C09748521FC7EEEF733417B040AB,MD5=3ECA32ADD981E97C08F5ECFE6CB24EE8,SHA256=E06048B6294FEB99BEEB3B13C3D6F0F53352EC1713FD9DA3C8DB9C2E7FE32933,IMPHASH=00000000000000000000000000000000", "EventData_IsExecutable": "False"}
{"Provider_Name": "Microsoft-Windows-Sysmon", "Provider_Guid": "{5770385f-c22a-43e0-bf4c-06f5698ffbd9}", "Provider": null, "EventID_Qualifiers": "", "EventID": "11", "Version": "2", "Level": "4", "Task": "11", "Opcode": "0", "Keywords": "0x8000000000000000", "TimeCreated_SystemTime": "2023-09-27 01:43:07.733887", "TimeCreated": null, "EventRecordID": "27487", "Correlation_ActivityID": "", "Correlation_RelatedActivityID": "", "Correlation": null, "Execution_ProcessID": "3368", "Execution_ThreadID": "4984", "Execution": null, "Channel": "Microsoft-Windows-Sysmon/Operational", "Computer": "DESKTOP-P5C3MUD", "Security_UserID": "S-1-5-18", "Security": null, "EventData_RuleName": "-", "EventData_UtcTime": "2023-09-27 01:43:07.731", "EventData_ProcessGuid": "{4557fbaa-83de-6513-8423-000000000c00}", "EventData_ProcessId": "9912", "EventData_Image": "E:\\Software\\Microsoft Visual Studio\\Common7\\IDE\\devenv.exe", "EventData_TargetFilename": "E:\\Experiment\\WINDOWS\u9ed1\u5ba2\u7f16\u7a0b\u6280\u672f\u8be6\u89e3-\u914d\u5957\u8d44\u6e90\\.vs\\slnx.sqlite-journal", "EventData_CreationUtcTime": "2023-09-27 01:43:07.731", "EventData_User": "DESKTOP-P5C3MUD\\user"}
{"Provider_Name": "Microsoft-Windows-Sysmon", "Provider_Guid": "{5770385f-c22a-43e0-bf4c-06f5698ffbd9}", "Provider": null, "EventID_Qualifiers": "", "EventID": "26", "Version": "5", "Level": "4", "Task": "26", "Opcode": "0", "Keywords": "0x8000000000000000", "TimeCreated_SystemTime": "2023-09-27 01:43:07.737970", "TimeCreated": null, "EventRecordID": "27488", "Correlation_ActivityID": "", "Correlation_RelatedActivityID": "", "Correlation": null, "Execution_ProcessID": "3368", "Execution_ThreadID": "4984", "Execution": null, "Channel": "Microsoft-Windows-Sysmon/Operational", "Computer": "DESKTOP-P5C3MUD", "Security_UserID": "S-1-5-18", "Security": null, "EventData_RuleName": "-", "EventData_UtcTime": "2023-09-27 01:43:07.731", "EventData_ProcessGuid": "{4557fbaa-83de-6513-8423-000000000c00}", "EventData_ProcessId": "9912", "EventData_User": "DESKTOP-P5C3MUD\\user", "EventData_Image": "E:\\Software\\Microsoft Visual Studio\\Common7\\IDE\\devenv.exe", "EventData_TargetFilename": "E:\\Experiment\\WINDOWS\u9ed1\u5ba2\u7f16\u7a0b\u6280\u672f\u8be6\u89e3-\u914d\u5957\u8d44\u6e90\\.vs\\slnx.sqlite-journal", "EventData_Hashes": "SHA1=211BA3A8BD204E80035210F9B4330A8ED7519F01,MD5=AF94214E224B66AAF26EFED1CB98C838,SHA256=35D500D22B9DC6755FE9A359ABAC3CA8B43B01789D2588070EDD9C01A10ACCE3,IMPHASH=00000000000000000000000000000000", "EventData_IsExecutable": "False"}
{"Provider_Name": "Microsoft-Windows-Sysmon", "Provider_Guid": "{5770385f-c22a-43e0-bf4c-06f5698ffbd9}", "Provider": null, "EventID_Qualifiers": "", "EventID": "11", "Version": "2", "Level": "4", "Task": "11", "Opcode": "0", "Keywords": "0x8000000000000000", "TimeCreated_SystemTime": "2023-09-27 01:43:07.738194", "TimeCreated": null, "EventRecordID": "27489", "Correlation_ActivityID": "", "Correlation_RelatedActivityID": "", "Correlation": null, "Execution_ProcessID": "3368", "Execution_ThreadID": "4984", "Execution": null, "Channel": "Microsoft-Windows-Sysmon/Operational", "Computer": "DESKTOP-P5C3MUD", "Security_UserID": "S-1-5-18", "Security": null, "EventData_RuleName": "-", "EventData_UtcTime": "2023-09-27 01:43:07.731", "EventData_ProcessGuid": "{4557fbaa-83de-6513-8423-000000000c00}", "EventData_ProcessId": "9912", "EventData_Image": "E:\\Software\\Microsoft Visual Studio\\Common7\\IDE\\devenv.exe", "EventData_TargetFilename": "E:\\Experiment\\WINDOWS\u9ed1\u5ba2\u7f16\u7a0b\u6280\u672f\u8be6\u89e3-\u914d\u5957\u8d44\u6e90\\.vs\\slnx.sqlite-journal", "EventData_CreationUtcTime": "2023-09-27 01:43:07.731", "EventData_User": "DESKTOP-P5C3MUD\\user"}
{"Provider_Name": "Microsoft-Windows-Sysmon", "Provider_Guid": "{5770385f-c22a-43e0-bf4c-06f5698ffbd9}", "Provider": null, "EventID_Qualifiers": "", "EventID": "26", "Version": "5", "Level": "4", "Task": "26", "Opcode": "0", "Keywords": "0x8000000000000000", "TimeCreated_SystemTime": "2023-09-27 01:43:07.742437", "TimeCreated": null, "EventRecordID": "27490", "Correlation_ActivityID": "", "Correlation_RelatedActivityID": "", "Correlation": null, "Execution_ProcessID": "3368", "Execution_ThreadID": "4984", "Execution": null, "Channel": "Microsoft-Windows-Sysmon/Operational", "Computer": "DESKTOP-P5C3MUD", "Security_UserID": "S-1-5-18", "Security": null, "EventData_RuleName": "-", "EventData_UtcTime": "2023-09-27 01:43:07.731", "EventData_ProcessGuid": "{4557fbaa-83de-6513-8423-000000000c00}", "EventData_ProcessId": "9912", "EventData_User": "DESKTOP-P5C3MUD\\user", "EventData_Image": "E:\\Software\\Microsoft Visual Studio\\Common7\\IDE\\devenv.exe", "EventData_TargetFilename": "E:\\Experiment\\WINDOWS\u9ed1\u5ba2\u7f16\u7a0b\u6280\u672f\u8be6\u89e3-\u914d\u5957\u8d44\u6e90\\.vs\\slnx.sqlite-journal", "EventData_Hashes": "SHA1=EC249E283744E5D14A6E29A6AD97D5C255608A2F,MD5=6E48CEE02F4F02A1E8D0CBD881549D7C,SHA256=852850956D78A113452C8A14986C9C50DAD2B37AFA8C20351699597E749B339D,IMPHASH=00000000000000000000000000000000", "EventData_IsExecutable": "False"}
{"Provider_Name": "Microsoft-Windows-Sysmon", "Provider_Guid": "{5770385f-c22a-43e0-bf4c-06f5698ffbd9}", "Provider": null, "EventID_Qualifiers": "", "EventID": "11", "Version": "2", "Level": "4", "Task": "11", "Opcode": "0", "Keywords": "0x8000000000000000", "TimeCreated_SystemTime": "2023-09-27 01:43:07.742662", "TimeCreated": null, "EventRecordID": "27491", "Correlation_ActivityID": "", "Correlation_RelatedActivityID": "", "Correlation": null, "Execution_ProcessID": "3368", "Execution_ThreadID": "4984", "Execution": null, "Channel": "Microsoft-Windows-Sysmon/Operational", "Computer": "DESKTOP-P5C3MUD", "Security_UserID": "S-1-5-18", "Security": null, "EventData_RuleName": "-", "EventData_UtcTime": "2023-09-27 01:43:07.731", "EventData_ProcessGuid": "{4557fbaa-83de-6513-8423-000000000c00}", "EventData_ProcessId": "9912", "EventData_Image": "E:\\Software\\Microsoft Visual Studio\\Common7\\IDE\\devenv.exe", "EventData_TargetFilename": "E:\\Experiment\\WINDOWS\u9ed1\u5ba2\u7f16\u7a0b\u6280\u672f\u8be6\u89e3-\u914d\u5957\u8d44\u6e90\\.vs\\slnx.sqlite-journal", "EventData_CreationUtcTime": "2023-09-27 01:43:07.731", "EventData_User": "DESKTOP-P5C3MUD\\user"}
{"Provider_Name": "Microsoft-Windows-Sysmon", "Provider_Guid": "{5770385f-c22a-43e0-bf4c-06f5698ffbd9}", "Provider": null, "EventID_Qualifiers": "", "EventID": "26", "Version": "5", "Level": "4", "Task": "26", "Opcode": "0", "Keywords": "0x8000000000000000", "TimeCreated_SystemTime": "2023-09-27 01:43:07.747589", "TimeCreated": null, "EventRecordID": "27492", "Correlation_ActivityID": "", "Correlation_RelatedActivityID": "", "Correlation": null, "Execution_ProcessID": "3368", "Execution_ThreadID": "4984", "Execution": null, "Channel": "Microsoft-Windows-Sysmon/Operational", "Computer": "DESKTOP-P5C3MUD", "Security_UserID": "S-1-5-18", "Security": null, "EventData_RuleName": "-", "EventData_UtcTime": "2023-09-27 01:43:07.747", "EventData_ProcessGuid": "{4557fbaa-83de-6513-8423-000000000c00}", "EventData_ProcessId": "9912", "EventData_User": "DESKTOP-P5C3MUD\\user", "EventData_Image": "E:\\Software\\Microsoft Visual Studio\\Common7\\IDE\\devenv.exe", "EventData_TargetFilename": "E:\\Experiment\\WINDOWS\u9ed1\u5ba2\u7f16\u7a0b\u6280\u672f\u8be6\u89e3-\u914d\u5957\u8d44\u6e90\\.vs\\slnx.sqlite-journal", "EventData_Hashes": "SHA1=03A74A735528ADFFE641D205FDFC4C4B31BC8AD5,MD5=600A1F5090422FB2F017433C490EA692,SHA256=03E1669DA73592D035C34B1516F432933E3EFEF206F46126038084120D7652F7,IMPHASH=00000000000000000000000000000000", "EventData_IsExecutable": "False"}
{"Provider_Name": "Microsoft-Windows-Sysmon", "Provider_Guid": "{5770385f-c22a-43e0-bf4c-06f5698ffbd9}", "Provider": null, "EventID_Qualifiers": "", "EventID": "11", "Version": "2", "Level": "4", "Task": "11", "Opcode": "0", "Keywords": "0x8000000000000000", "TimeCreated_SystemTime": "2023-09-27 01:43:07.747829", "TimeCreated": null, "EventRecordID": "27493", "Correlation_ActivityID": "", "Correlation_RelatedActivityID": "", "Correlation": null, "Execution_ProcessID": "3368", "Execution_ThreadID": "4984", "Execution": null, "Channel": "Microsoft-Windows-Sysmon/Operational", "Computer": "DESKTOP-P5C3MUD", "Security_UserID": "S-1-5-18", "Security": null, "EventData_RuleName": "-", "EventData_UtcTime": "2023-09-27 01:43:07.747", "EventData_ProcessGuid": "{4557fbaa-83de-6513-8423-000000000c00}", "EventData_ProcessId": "9912", "EventData_Image": "E:\\Software\\Microsoft Visual Studio\\Common7\\IDE\\devenv.exe", "EventData_TargetFilename": "E:\\Experiment\\WINDOWS\u9ed1\u5ba2\u7f16\u7a0b\u6280\u672f\u8be6\u89e3-\u914d\u5957\u8d44\u6e90\\.vs\\slnx.sqlite-journal", "EventData_CreationUtcTime": "2023-09-27 01:43:07.747", "EventData_User": "DESKTOP-P5C3MUD\\user"}
{"Provider_Name": "Microsoft-Windows-Sysmon", "Provider_Guid": "{5770385f-c22a-43e0-bf4c-06f5698ffbd9}", "Provider": null, "EventID_Qualifiers": "", "EventID": "26", "Version": "5", "Level": "4", "Task": "26", "Opcode": "0", "Keywords": "0x8000000000000000", "TimeCreated_SystemTime": "2023-09-27 01:43:07.751743", "TimeCreated": null, "EventRecordID": "27494", "Correlation_ActivityID": "", "Correlation_RelatedActivityID": "", "Correlation": null, "Execution_ProcessID": "3368", "Execution_ThreadID": "4984", "Execution": null, "Channel": "Microsoft-Windows-Sysmon/Operational", "Computer": "DESKTOP-P5C3MUD", "Security_UserID": "S-1-5-18", "Security": null, "EventData_RuleName": "-", "EventData_UtcTime": "2023-09-27 01:43:07.747", "EventData_ProcessGuid": "{4557fbaa-83de-6513-8423-000000000c00}", "EventData_ProcessId": "9912", "EventData_User": "DESKTOP-P5C3MUD\\user", "EventData_Image": "E:\\Software\\Microsoft Visual Studio\\Common7\\IDE\\devenv.exe", "EventData_TargetFilename": "E:\\Experiment\\WINDOWS\u9ed1\u5ba2\u7f16\u7a0b\u6280\u672f\u8be6\u89e3-\u914d\u5957\u8d44\u6e90\\.vs\\slnx.sqlite-journal", "EventData_Hashes": "SHA1=0A2048E3EC3F513B43A8EEBC8798636918F7D23E,MD5=7A56B22C0F420A7C3C80191BFD117C32,SHA256=ED0458B68B942C874E3B3F3B94BD3CC90A94D84DA92401E51B6BDDF187FFAF69,IMPHASH=00000000000000000000000000000000", "EventData_IsExecutable": "False"}
{"Provider_Name": "Microsoft-Windows-Sysmon", "Provider_Guid": "{5770385f-c22a-43e0-bf4c-06f5698ffbd9}", "Provider": null, "EventID_Qualifiers": "", "EventID": "11", "Version": "2", "Level": "4", "Task": "11", "Opcode": "0", "Keywords": "0x8000000000000000", "TimeCreated_SystemTime": "2023-09-27 01:43:07.751978", "TimeCreated": null, "EventRecordID": "27495", "Correlation_ActivityID": "", "Correlation_RelatedActivityID": "", "Correlation": null, "Execution_ProcessID": "3368", "Execution_ThreadID": "4984", "Execution": null, "Channel": "Microsoft-Windows-Sysmon/Operational", "Computer": "DESKTOP-P5C3MUD", "Security_UserID": "S-1-5-18", "Security": null, "EventData_RuleName": "-", "EventData_UtcTime": "2023-09-27 01:43:07.747", "EventData_ProcessGuid": "{4557fbaa-83de-6513-8423-000000000c00}", "EventData_ProcessId": "9912", "EventData_Image": "E:\\Software\\Microsoft Visual Studio\\Common7\\IDE\\devenv.exe", "EventData_TargetFilename": "E:\\Experiment\\WINDOWS\u9ed1\u5ba2\u7f16\u7a0b\u6280\u672f\u8be6\u89e3-\u914d\u5957\u8d44\u6e90\\.vs\\slnx.sqlite-journal", "EventData_CreationUtcTime": "2023-09-27 01:43:07.747", "EventData_User": "DESKTOP-P5C3MUD\\user"}
{"Provider_Name": "Microsoft-Windows-Sysmon", "Provider_Guid": "{5770385f-c22a-43e0-bf4c-06f5698ffbd9}", "Provider": null, "EventID_Qualifiers": "", "EventID": "26", "Version": "5", "Level": "4", "Task": "26", "Opcode": "0", "Keywords": "0x8000000000000000", "TimeCreated_SystemTime": "2023-09-27 01:43:07.756266", "TimeCreated": null, "EventRecordID": "27496", "Correlation_ActivityID": "", "Correlation_RelatedActivityID": "", "Correlation": null, "Execution_ProcessID": "3368", "Execution_ThreadID": "4984", "Execution": null, "Channel": "Microsoft-Windows-Sysmon/Operational", "Computer": "DESKTOP-P5C3MUD", "Security_UserID": "S-1-5-18", "Security": null, "EventData_RuleName": "-", "EventData_UtcTime": "2023-09-27 01:43:07.747", "EventData_ProcessGuid": "{4557fbaa-83de-6513-8423-000000000c00}", "EventData_ProcessId": "9912", "EventData_User": "DESKTOP-P5C3MUD\\user", "EventData_Image": "E:\\Software\\Microsoft Visual Studio\\Common7\\IDE\\devenv.exe", "EventData_TargetFilename": "E:\\Experiment\\WINDOWS\u9ed1\u5ba2\u7f16\u7a0b\u6280\u672f\u8be6\u89e3-\u914d\u5957\u8d44\u6e90\\.vs\\slnx.sqlite-journal", "EventData_Hashes": "SHA1=F964052562BE696C8DE6C284513A04F030ADD54C,MD5=66EB3E1AFF259080552E5419D982961C,SHA256=2595CCFBCF2788F43DD5649A01F6E375CB937B27923A183A9A1068821345FC37,IMPHASH=00000000000000000000000000000000", "EventData_IsExecutable": "False"}
{"Provider_Name": "Microsoft-Windows-Sysmon", "Provider_Guid": "{5770385f-c22a-43e0-bf4c-06f5698ffbd9}", "Provider": null, "EventID_Qualifiers": "", "EventID": "11", "Version": "2", "Level": "4", "Task": "11", "Opcode": "0", "Keywords": "0x8000000000000000", "TimeCreated_SystemTime": "2023-09-27 01:43:07.756491", "TimeCreated": null, "EventRecordID": "27497", "Correlation_ActivityID": "", "Correlation_RelatedActivityID": "", "Correlation": null, "Execution_ProcessID": "3368", "Execution_ThreadID": "4984", "Execution": null, "Channel": "Microsoft-Windows-Sysmon/Operational", "Computer": "DESKTOP-P5C3MUD", "Security_UserID": "S-1-5-18", "Security": null, "EventData_RuleName": "-", "EventData_UtcTime": "2023-09-27 01:43:07.747", "EventData_ProcessGuid": "{4557fbaa-83de-6513-8423-000000000c00}", "EventData_ProcessId": "9912", "EventData_Image": "E:\\Software\\Microsoft Visual Studio\\Common7\\IDE\\devenv.exe", "EventData_TargetFilename": "E:\\Experiment\\WINDOWS\u9ed1\u5ba2\u7f16\u7a0b\u6280\u672f\u8be6\u89e3-\u914d\u5957\u8d44\u6e90\\.vs\\slnx.sqlite-journal", "EventData_CreationUtcTime": "2023-09-27 01:43:07.747", "EventData_User": "DESKTOP-P5C3MUD\\user"}
{"Provider_Name": "Microsoft-Windows-Sysmon", "Provider_Guid": "{5770385f-c22a-43e0-bf4c-06f5698ffbd9}", "Provider": null, "EventID_Qualifiers": "", "EventID": "26", "Version": "5", "Level": "4", "Task": "26", "Opcode": "0", "Keywords": "0x8000000000000000", "TimeCreated_SystemTime": "2023-09-27 01:43:07.759918", "TimeCreated": null, "EventRecordID": "27498", "Correlation_ActivityID": "", "Correlation_RelatedActivityID": "", "Correlation": null, "Execution_ProcessID": "3368", "Execution_ThreadID": "4984", "Execution": null, "Channel": "Microsoft-Windows-Sysmon/Operational", "Computer": "DESKTOP-P5C3MUD", "Security_UserID": "S-1-5-18", "Security": null, "EventData_RuleName": "-", "EventData_UtcTime": "2023-09-27 01:43:07.747", "EventData_ProcessGuid": "{4557fbaa-83de-6513-8423-000000000c00}", "EventData_ProcessId": "9912", "EventData_User": "DESKTOP-P5C3MUD\\user", "EventData_Image": "E:\\Software\\Microsoft Visual Studio\\Common7\\IDE\\devenv.exe", "EventData_TargetFilename": "E:\\Experiment\\WINDOWS\u9ed1\u5ba2\u7f16\u7a0b\u6280\u672f\u8be6\u89e3-\u914d\u5957\u8d44\u6e90\\.vs\\slnx.sqlite-journal", "EventData_Hashes": "SHA1=D057B210817B1F090390184574CA340DE4BD601A,MD5=8327BA3762E4A339939261A51EADEFE7,SHA256=3BE59E90B569BE567FBBFDE904420D5E2A8F54FFBEFCFDEB96213553D5F47C71,IMPHASH=00000000000000000000000000000000", "EventData_IsExecutable": "False"}
{"Provider_Name": "Microsoft-Windows-Sysmon", "Provider_Guid": "{5770385f-c22a-43e0-bf4c-06f5698ffbd9}", "Provider": null, "EventID_Qualifiers": "", "EventID": "11", "Version": "2", "Level": "4", "Task": "11", "Opcode": "0", "Keywords": "0x8000000000000000", "TimeCreated_SystemTime": "2023-09-27 01:43:07.760136", "TimeCreated": null, "EventRecordID": "27499", "Correlation_ActivityID": "", "Correlation_RelatedActivityID": "", "Correlation": null, "Execution_ProcessID": "3368", "Execution_ThreadID": "4984", "Execution": null, "Channel": "Microsoft-Windows-Sysmon/Operational", "Computer": "DESKTOP-P5C3MUD", "Security_UserID": "S-1-5-18", "Security": null, "EventData_RuleName": "-", "EventData_UtcTime": "2023-09-27 01:43:07.747", "EventData_ProcessGuid": "{4557fbaa-83de-6513-8423-000000000c00}", "EventData_ProcessId": "9912", "EventData_Image": "E:\\Software\\Microsoft Visual Studio\\Common7\\IDE\\devenv.exe", "EventData_TargetFilename": "E:\\Experiment\\WINDOWS\u9ed1\u5ba2\u7f16\u7a0b\u6280\u672f\u8be6\u89e3-\u914d\u5957\u8d44\u6e90\\.vs\\slnx.sqlite-journal", "EventData_CreationUtcTime": "2023-09-27 01:43:07.747", "EventData_User": "DESKTOP-P5C3MUD\\user"}
{"Provider_Name": "Microsoft-Windows-Sysmon", "Provider_Guid": "{5770385f-c22a-43e0-bf4c-06f5698ffbd9}", "Provider": null, "EventID_Qualifiers": "", "EventID": "26", "Version": "5", "Level": "4", "Task": "26", "Opcode": "0", "Keywords": "0x8000000000000000", "TimeCreated_SystemTime": "2023-09-27 01:43:07.764000", "TimeCreated": null, "EventRecordID": "27500", "Correlation_ActivityID": "", "Correlation_RelatedActivityID": "", "Correlation": null, "Execution_ProcessID": "3368", "Execution_ThreadID": "4984", "Execution": null, "Channel": "Microsoft-Windows-Sysmon/Operational", "Computer": "DESKTOP-P5C3MUD", "Security_UserID": "S-1-5-18", "Security": null, "EventData_RuleName": "-", "EventData_UtcTime": "2023-09-27 01:43:07.762", "EventData_ProcessGuid": "{4557fbaa-83de-6513-8423-000000000c00}", "EventData_ProcessId": "9912", "EventData_User": "DESKTOP-P5C3MUD\\user", "EventData_Image": "E:\\Software\\Microsoft Visual Studio\\Common7\\IDE\\devenv.exe", "EventData_TargetFilename": "E:\\Experiment\\WINDOWS\u9ed1\u5ba2\u7f16\u7a0b\u6280\u672f\u8be6\u89e3-\u914d\u5957\u8d44\u6e90\\.vs\\slnx.sqlite-journal", "EventData_Hashes": "SHA1=5524524DA8B10E3F0EB0B6AE89A4E74B14A9DE1E,MD5=7DA3ECFAD534B058D2DAA93469FBFFA2,SHA256=4107B7987CDF57A8655C32C19A59DF28E1A233F5921647234EEDB85C5EC412D0,IMPHASH=00000000000000000000000000000000", "EventData_IsExecutable": "False"}
{"Provider_Name": "Microsoft-Windows-Sysmon", "Provider_Guid": "{5770385f-c22a-43e0-bf4c-06f5698ffbd9}", "Provider": null, "EventID_Qualifiers": "", "EventID": "11", "Version": "2", "Level": "4", "Task": "11", "Opcode": "0", "Keywords": "0x8000000000000000", "TimeCreated_SystemTime": "2023-09-27 01:43:07.764521", "TimeCreated": null, "EventRecordID": "27501", "Correlation_ActivityID": "", "Correlation_RelatedActivityID": "", "Correlation": null, "Execution_ProcessID": "3368", "Execution_ThreadID": "4984", "Execution": null, "Channel": "Microsoft-Windows-Sysmon/Operational", "Computer": "DESKTOP-P5C3MUD", "Security_UserID": "S-1-5-18", "Security": null, "EventData_RuleName": "-", "EventData_UtcTime": "2023-09-27 01:43:07.762", "EventData_ProcessGuid": "{4557fbaa-83de-6513-8423-000000000c00}", "EventData_ProcessId": "9912", "EventData_Image": "E:\\Software\\Microsoft Visual Studio\\Common7\\IDE\\devenv.exe", "EventData_TargetFilename": "E:\\Experiment\\WINDOWS\u9ed1\u5ba2\u7f16\u7a0b\u6280\u672f\u8be6\u89e3-\u914d\u5957\u8d44\u6e90\\.vs\\slnx.sqlite-journal", "EventData_CreationUtcTime": "2023-09-27 01:43:07.762", "EventData_User": "DESKTOP-P5C3MUD\\user"}
{"Provider_Name": "Microsoft-Windows-Sysmon", "Provider_Guid": "{5770385f-c22a-43e0-bf4c-06f5698ffbd9}", "Provider": null, "EventID_Qualifiers": "", "EventID": "26", "Version": "5", "Level": "4", "Task": "26", "Opcode": "0", "Keywords": "0x8000000000000000", "TimeCreated_SystemTime": "2023-09-27 01:43:07.770088", "TimeCreated": null, "EventRecordID": "27502", "Correlation_ActivityID": "", "Correlation_RelatedActivityID": "", "Correlation": null, "Execution_ProcessID": "3368", "Execution_ThreadID": "4984", "Execution": null, "Channel": "Microsoft-Windows-Sysmon/Operational", "Computer": "DESKTOP-P5C3MUD", "Security_UserID": "S-1-5-18", "Security": null, "EventData_RuleName": "-", "EventData_UtcTime": "2023-09-27 01:43:07.762", "EventData_ProcessGuid": "{4557fbaa-83de-6513-8423-000000000c00}", "EventData_ProcessId": "9912", "EventData_User": "DESKTOP-P5C3MUD\\user", "EventData_Image": "E:\\Software\\Microsoft Visual Studio\\Common7\\IDE\\devenv.exe", "EventData_TargetFilename": "E:\\Experiment\\WINDOWS\u9ed1\u5ba2\u7f16\u7a0b\u6280\u672f\u8be6\u89e3-\u914d\u5957\u8d44\u6e90\\.vs\\slnx.sqlite-journal", "EventData_Hashes": "SHA1=254A2C9A23B22AC145F695D3DC6B227E9E36A888,MD5=A0102FA75F35E4ED62C3039CE629B573,SHA256=00B28CCC84D49CD7B928DD8285529554DC4CBC3FF17154B79FA435FD8B521B50,IMPHASH=00000000000000000000000000000000", "EventData_IsExecutable": "False"}
{"Provider_Name": "Microsoft-Windows-Sysmon", "Provider_Guid": "{5770385f-c22a-43e0-bf4c-06f5698ffbd9}", "Provider": null, "EventID_Qualifiers": "", "EventID": "12", "Version": "2", "Level": "4", "Task": "12", "Opcode": "0", "Keywords": "0x8000000000000000", "TimeCreated_SystemTime": "2023-09-27 01:43:08.082743", "TimeCreated": null, "EventRecordID": "27503", "Correlation_ActivityID": "", "Correlation_RelatedActivityID": "", "Correlation": null, "Execution_ProcessID": "3368", "Execution_ThreadID": "4984", "Execution": null, "Channel": "Microsoft-Windows-Sysmon/Operational", "Computer": "DESKTOP-P5C3MUD", "Security_UserID": "S-1-5-18", "Security": null, "EventData_RuleName": "-", "EventData_EventType": "CreateKey", "EventData_UtcTime": "2023-09-27 01:43:08.075", "EventData_ProcessGuid": "{4557fbaa-e7c8-6502-4e00-000000000c00}", "EventData_ProcessId": "3536", "EventData_Image": "C:\\ProgramData\\Microsoft\\Windows Defender\\Platform\\4.18.23080.2006-0\\MsMpEng.exe", "EventData_TargetObject": "HKU\\.DEFAULT\\Software\\Microsoft\\Windows Defender", "EventData_User": "NT AUTHORITY\\SYSTEM"}
{"Provider_Name": "Microsoft-Windows-Sysmon", "Provider_Guid": "{5770385f-c22a-43e0-bf4c-06f5698ffbd9}", "Provider": null, "EventID_Qualifiers": "", "EventID": "13", "Version": "2", "Level": "4", "Task": "13", "Opcode": "0", "Keywords": "0x8000000000000000", "TimeCreated_SystemTime": "2023-09-27 01:43:08.082802", "TimeCreated": null, "EventRecordID": "27504", "Correlation_ActivityID": "", "Correlation_RelatedActivityID": "", "Correlation": null, "Execution_ProcessID": "3368", "Execution_ThreadID": "4984", "Execution": null, "Channel": "Microsoft-Windows-Sysmon/Operational", "Computer": "DESKTOP-P5C3MUD", "Security_UserID": "S-1-5-18", "Security": null, "EventData_RuleName": "-", "EventData_EventType": "SetValue", "EventData_UtcTime": "2023-09-27 01:43:08.075", "EventData_ProcessGuid": "{4557fbaa-e7c8-6502-4e00-000000000c00}", "EventData_ProcessId": "3536", "EventData_Image": "C:\\ProgramData\\Microsoft\\Windows Defender\\Platform\\4.18.23080.2006-0\\MsMpEng.exe", "EventData_TargetObject": "HKU\\.DEFAULT\\Software\\Microsoft\\Windows Defender\\CachedProxyAccessType ", "EventData_Details": "DWORD (0x00000001)", "EventData_User": "NT AUTHORITY\\SYSTEM"}
{"Provider_Name": "Microsoft-Windows-Sysmon", "Provider_Guid": "{5770385f-c22a-43e0-bf4c-06f5698ffbd9}", "Provider": null, "EventID_Qualifiers": "", "EventID": "13", "Version": "2", "Level": "4", "Task": "13", "Opcode": "0", "Keywords": "0x8000000000000000", "TimeCreated_SystemTime": "2023-09-27 01:43:08.082846", "TimeCreated": null, "EventRecordID": "27505", "Correlation_ActivityID": "", "Correlation_RelatedActivityID": "", "Correlation": null, "Execution_ProcessID": "3368", "Execution_ThreadID": "4984", "Execution": null, "Channel": "Microsoft-Windows-Sysmon/Operational", "Computer": "DESKTOP-P5C3MUD", "Security_UserID": "S-1-5-18", "Security": null, "EventData_RuleName": "-", "EventData_EventType": "SetValue", "EventData_UtcTime": "2023-09-27 01:43:08.075", "EventData_ProcessGuid": "{4557fbaa-e7c8-6502-4e00-000000000c00}", "EventData_ProcessId": "3536", "EventData_Image": "C:\\ProgramData\\Microsoft\\Windows Defender\\Platform\\4.18.23080.2006-0\\MsMpEng.exe", "EventData_TargetObject": "HKU\\.DEFAULT\\Software\\Microsoft\\Windows Defender\\CachedProxy", "EventData_Details": "(Empty)", "EventData_User": "NT AUTHORITY\\SYSTEM"}
{"Provider_Name": "Microsoft-Windows-Sysmon", "Provider_Guid": "{5770385f-c22a-43e0-bf4c-06f5698ffbd9}", "Provider": null, "EventID_Qualifiers": "", "EventID": "13", "Version": "2", "Level": "4", "Task": "13", "Opcode": "0", "Keywords": "0x8000000000000000", "TimeCreated_SystemTime": "2023-09-27 01:43:08.082884", "TimeCreated": null, "EventRecordID": "27506", "Correlation_ActivityID": "", "Correlation_RelatedActivityID": "", "Correlation": null, "Execution_ProcessID": "3368", "Execution_ThreadID": "4984", "Execution": null, "Channel": "Microsoft-Windows-Sysmon/Operational", "Computer": "DESKTOP-P5C3MUD", "Security_UserID": "S-1-5-18", "Security": null, "EventData_RuleName": "-", "EventData_EventType": "SetValue", "EventData_UtcTime": "2023-09-27 01:43:08.075", "EventData_ProcessGuid": "{4557fbaa-e7c8-6502-4e00-000000000c00}", "EventData_ProcessId": "3536", "EventData_Image": "C:\\ProgramData\\Microsoft\\Windows Defender\\Platform\\4.18.23080.2006-0\\MsMpEng.exe", "EventData_TargetObject": "HKU\\.DEFAULT\\Software\\Microsoft\\Windows Defender\\CachedProxyBypass", "EventData_Details": "(Empty)", "EventData_User": "NT AUTHORITY\\SYSTEM"}
{"Provider_Name": "Microsoft-Windows-Sysmon", "Provider_Guid": "{5770385f-c22a-43e0-bf4c-06f5698ffbd9}", "Provider": null, "EventID_Qualifiers": "", "EventID": "13", "Version": "2", "Level": "4", "Task": "13", "Opcode": "0", "Keywords": "0x8000000000000000", "TimeCreated_SystemTime": "2023-09-27 01:43:08.083170", "TimeCreated": null, "EventRecordID": "27507", "Correlation_ActivityID": "", "Correlation_RelatedActivityID": "", "Correlation": null, "Execution_ProcessID": "3368", "Execution_ThreadID": "4984", "Execution": null, "Channel": "Microsoft-Windows-Sysmon/Operational", "Computer": "DESKTOP-P5C3MUD", "Security_UserID": "S-1-5-18", "Security": null, "EventData_RuleName": "-", "EventData_EventType": "SetValue", "EventData_UtcTime": "2023-09-27 01:43:08.075", "EventData_ProcessGuid": "{4557fbaa-e7c8-6502-4e00-000000000c00}", "EventData_ProcessId": "3536", "EventData_Image": "C:\\ProgramData\\Microsoft\\Windows Defender\\Platform\\4.18.23080.2006-0\\MsMpEng.exe", "EventData_TargetObject": "HKLM\\SOFTWARE\\Microsoft\\Windows Defender\\Spynet\\LastMAPSSuccessTime", "EventData_Details": "Binary Data", "EventData_User": "NT AUTHORITY\\SYSTEM"}
{"Provider_Name": "Microsoft-Windows-Sysmon", "Provider_Guid": "{5770385f-c22a-43e0-bf4c-06f5698ffbd9}", "Provider": null, "EventID_Qualifiers": "", "EventID": "11", "Version": "2", "Level": "4", "Task": "11", "Opcode": "0", "Keywords": "0x8000000000000000", "TimeCreated_SystemTime": "2023-09-27 01:43:08.083809", "TimeCreated": null, "EventRecordID": "27508", "Correlation_ActivityID": "", "Correlation_RelatedActivityID": "", "Correlation": null, "Execution_ProcessID": "3368", "Execution_ThreadID": "4984", "Execution": null, "Channel": "Microsoft-Windows-Sysmon/Operational", "Computer": "DESKTOP-P5C3MUD", "Security_UserID": "S-1-5-18", "Security": null, "EventData_RuleName": "-", "EventData_UtcTime": "2023-09-27 01:43:08.075", "EventData_ProcessGuid": "{4557fbaa-e7c8-6502-4e00-000000000c00}", "EventData_ProcessId": "3536", "EventData_Image": "C:\\ProgramData\\Microsoft\\Windows Defender\\Platform\\4.18.23080.2006-0\\MsMpEng.exe", "EventData_TargetFilename": "C:\\ProgramData\\Microsoft\\Windows Defender\\Scans\\History\\Store\\67D2FBEFC11E4AB38A2D69852038281C", "EventData_CreationUtcTime": "2023-09-27 01:43:08.075", "EventData_User": "NT AUTHORITY\\SYSTEM"}
