{"Provider_Name": "Microsoft-Windows-Sysmon", "Provider_Guid": "{5770385f-c22a-43e0-bf4c-06f5698ffbd9}", "Provider": null, "EventID_Qualifiers": "", "EventID": "7", "Version": "3", "Level": "4", "Task": "7", "Opcode": "0", "Keywords": "0x8000000000000000", "TimeCreated_SystemTime": "2023-09-27 04:33:02.677715", "TimeCreated": null, "EventRecordID": "28984", "Correlation_ActivityID": "", "Correlation_RelatedActivityID": "", "Correlation": null, "Execution_ProcessID": "3368", "Execution_ThreadID": "4984", "Execution": null, "Channel": "Microsoft-Windows-Sysmon/Operational", "Computer": "DESKTOP-P5C3MUD", "Security_UserID": "S-1-5-18", "Security": null, "EventData_RuleName": "-", "EventData_UtcTime": "2023-09-27 04:33:02.673", "EventData_ProcessGuid": "{4557fbaa-b07e-6513-8825-000000000c00}", "EventData_ProcessId": "1760", "EventData_Image": "C:\\Windows\\SysWOW64\\cmd.exe", "EventData_ImageLoaded": "C:\\Windows\\SysWOW64\\KernelBase.dll", "EventData_FileVersion": "10.0.19041.3448 (WinBuild.160101.0800)", "EventData_Description": "Windows NT BASE API Client DLL", "EventData_Product": "Microsoft\u00ae Windows\u00ae Operating System", "EventData_Company": "Microsoft Corporation", "EventData_OriginalFileName": "Kernelbase.dll", "EventData_Hashes": "SHA1=808C0FD5F176E63F836A15BDC9AA8B88A954F233,MD5=3F1A8BEFE4BA40CD5220FAD3EB8C1779,SHA256=7903849CBA0225BBA2449D0A8060D4B30CD15CA0AE1A0E89CAEA3CF157E6B7C2,IMPHASH=E3A1A46D2013C06F525DEB7AF0080C47", "EventData_Signed": "true", "EventData_Signature": "Microsoft Windows", "EventData_SignatureStatus": "Valid", "EventData_User": "DESKTOP-P5C3MUD\\user"}
{"Provider_Name": "Microsoft-Windows-Sysmon", "Provider_Guid": "{5770385f-c22a-43e0-bf4c-06f5698ffbd9}", "Provider": null, "EventID_Qualifiers": "", "EventID": "10", "Version": "3", "Level": "4", "Task": "10", "Opcode": "0", "Keywords": "0x8000000000000000", "TimeCreated_SystemTime": "2023-09-27 04:33:02.677776", "TimeCreated": null, "EventRecordID": "28985", "Correlation_ActivityID": "", "Correlation_RelatedActivityID": "", "Correlation": null, "Execution_ProcessID": "3368", "Execution_ThreadID": "4984", "Execution": null, "Channel": "Microsoft-Windows-Sysmon/Operational", "Computer": "DESKTOP-P5C3MUD", "Security_UserID": "S-1-5-18", "Security": null, "EventData_RuleName": "-", "EventData_UtcTime": "2023-09-27 04:33:02.674", "EventData_SourceProcessGUID": "{4557fbaa-b07e-6513-8625-000000000c00}", "EventData_SourceProcessId": "11876", "EventData_SourceThreadId": "14188", "EventData_SourceImage": "C:\\Windows\\system32\\conhost.exe", "EventData_TargetProcessGUID": "{4557fbaa-b07e-6513-8825-000000000c00}", "EventData_TargetProcessId": "1760", "EventData_TargetImage": "C:\\Windows\\SysWOW64\\cmd.exe", "EventData_GrantedAccess": "0x001fffff", "EventData_CallTrace": "C:\\Windows\\SYSTEM32\\ntdll.dll+9d314|C:\\Windows\\System32\\KERNELBASE.dll+308ee|C:\\Windows\\system32\\conhost.exe+13a99|C:\\Windows\\system32\\conhost.exe+13be1|C:\\Windows\\system32\\conhost.exe+13d67|C:\\Windows\\system32\\conhost.exe+1114c|C:\\Windows\\System32\\KERNEL32.DLL+17344|C:\\Windows\\SYSTEM32\\ntdll.dll+526b1", "EventData_SourceUser": "DESKTOP-P5C3MUD\\user", "EventData_TargetUser": "DESKTOP-P5C3MUD\\user"}
{"Provider_Name": "Microsoft-Windows-Sysmon", "Provider_Guid": "{5770385f-c22a-43e0-bf4c-06f5698ffbd9}", "Provider": null, "EventID_Qualifiers": "", "EventID": "7", "Version": "3", "Level": "4", "Task": "7", "Opcode": "0", "Keywords": "0x8000000000000000", "TimeCreated_SystemTime": "2023-09-27 04:33:02.678328", "TimeCreated": null, "EventRecordID": "28986", "Correlation_ActivityID": "", "Correlation_RelatedActivityID": "", "Correlation": null, "Execution_ProcessID": "3368", "Execution_ThreadID": "4984", "Execution": null, "Channel": "Microsoft-Windows-Sysmon/Operational", "Computer": "DESKTOP-P5C3MUD", "Security_UserID": "S-1-5-18", "Security": null, "EventData_RuleName": "-", "EventData_UtcTime": "2023-09-27 04:33:02.674", "EventData_ProcessGuid": "{4557fbaa-b07e-6513-8725-000000000c00}", "EventData_ProcessId": "11840", "EventData_Image": "C:\\Windows\\SysWOW64\\rundll32.exe", "EventData_ImageLoaded": "C:\\Windows\\SysWOW64\\mpr.dll", "EventData_FileVersion": "10.0.19041.1806 (WinBuild.160101.0800)", "EventData_Description": "Multiple Provider Router DLL", "EventData_Product": "Microsoft\u00ae Windows\u00ae Operating System", "EventData_Company": "Microsoft Corporation", "EventData_OriginalFileName": "mpr.dll", "EventData_Hashes": "SHA1=46904D2B5E67B4D9E3DD2C58D176BD55CC3CCC91,MD5=BCF21EB78B9EE680119A882C97418756,SHA256=BEAB8CC9E8F60F89B183CCC5254BCF26E0515CCBF08FE11F32C14B7F99E329CF,IMPHASH=85E7CB96F8CF9AA23D636135B5BE7EFB", "EventData_Signed": "true", "EventData_Signature": "Microsoft Windows", "EventData_SignatureStatus": "Valid", "EventData_User": "DESKTOP-P5C3MUD\\user"}
{"Provider_Name": "Microsoft-Windows-Sysmon", "Provider_Guid": "{5770385f-c22a-43e0-bf4c-06f5698ffbd9}", "Provider": null, "EventID_Qualifiers": "", "EventID": "7", "Version": "3", "Level": "4", "Task": "7", "Opcode": "0", "Keywords": "0x8000000000000000", "TimeCreated_SystemTime": "2023-09-27 04:33:02.678808", "TimeCreated": null, "EventRecordID": "28987", "Correlation_ActivityID": "", "Correlation_RelatedActivityID": "", "Correlation": null, "Execution_ProcessID": "3368", "Execution_ThreadID": "4984", "Execution": null, "Channel": "Microsoft-Windows-Sysmon/Operational", "Computer": "DESKTOP-P5C3MUD", "Security_UserID": "S-1-5-18", "Security": null, "EventData_RuleName": "-", "EventData_UtcTime": "2023-09-27 04:33:02.675", "EventData_ProcessGuid": "{4557fbaa-b07e-6513-8725-000000000c00}", "EventData_ProcessId": "11840", "EventData_Image": "C:\\Windows\\SysWOW64\\rundll32.exe", "EventData_ImageLoaded": "C:\\Windows\\SysWOW64\\sfc.dll", "EventData_FileVersion": "10.0.19041.2075 (WinBuild.160101.0800)", "EventData_Description": "Windows File Protection", "EventData_Product": "Microsoft\u00ae Windows\u00ae Operating System", "EventData_Company": "Microsoft Corporation", "EventData_OriginalFileName": "sfc.dll", "EventData_Hashes": "SHA1=DE0616FFCD715DE570A91A12EE0BD522A9DEFDB0,MD5=344D80CCF73A5C5B59A7508749A4B5C8,SHA256=01560CAC4E46584B80093786F7A44A374D5F42CA0B53431A1E004817020BC778,IMPHASH=00000000000000000000000000000000", "EventData_Signed": "true", "EventData_Signature": "Microsoft Windows", "EventData_SignatureStatus": "Valid", "EventData_User": "DESKTOP-P5C3MUD\\user"}
{"Provider_Name": "Microsoft-Windows-Sysmon", "Provider_Guid": "{5770385f-c22a-43e0-bf4c-06f5698ffbd9}", "Provider": null, "EventID_Qualifiers": "", "EventID": "7", "Version": "3", "Level": "4", "Task": "7", "Opcode": "0", "Keywords": "0x8000000000000000", "TimeCreated_SystemTime": "2023-09-27 04:33:02.679029", "TimeCreated": null, "EventRecordID": "28988", "Correlation_ActivityID": "", "Correlation_RelatedActivityID": "", "Correlation": null, "Execution_ProcessID": "3368", "Execution_ThreadID": "4984", "Execution": null, "Channel": "Microsoft-Windows-Sysmon/Operational", "Computer": "DESKTOP-P5C3MUD", "Security_UserID": "S-1-5-18", "Security": null, "EventData_RuleName": "-", "EventData_UtcTime": "2023-09-27 04:33:02.675", "EventData_ProcessGuid": "{4557fbaa-b07e-6513-8825-000000000c00}", "EventData_ProcessId": "1760", "EventData_Image": "C:\\Windows\\SysWOW64\\cmd.exe", "EventData_ImageLoaded": "C:\\Windows\\SysWOW64\\msvcrt.dll", "EventData_FileVersion": "7.0.19041.546 (WinBuild.160101.0800)", "EventData_Description": "Windows NT CRT DLL", "EventData_Product": "Microsoft\u00ae Windows\u00ae Operating System", "EventData_Company": "Microsoft Corporation", "EventData_OriginalFileName": "msvcrt.dll", "EventData_Hashes": "SHA1=E75752978EDC470752DE9627A498794393C3B8EB,MD5=0DAA0D9DC786F95C8DC2CCC0221B2863,SHA256=279A03ACC810C1FE613BE283EB24762F0451DA9A6142ED3DC996A1D10FE2F692,IMPHASH=C3F466EF7F4926CB29A80701AE643FD4", "EventData_Signed": "true", "EventData_Signature": "Microsoft Windows", "EventData_SignatureStatus": "Valid", "EventData_User": "DESKTOP-P5C3MUD\\user"}
{"Provider_Name": "Microsoft-Windows-Sysmon", "Provider_Guid": "{5770385f-c22a-43e0-bf4c-06f5698ffbd9}", "Provider": null, "EventID_Qualifiers": "", "EventID": "7", "Version": "3", "Level": "4", "Task": "7", "Opcode": "0", "Keywords": "0x8000000000000000", "TimeCreated_SystemTime": "2023-09-27 04:33:02.679249", "TimeCreated": null, "EventRecordID": "28989", "Correlation_ActivityID": "", "Correlation_RelatedActivityID": "", "Correlation": null, "Execution_ProcessID": "3368", "Execution_ThreadID": "4984", "Execution": null, "Channel": "Microsoft-Windows-Sysmon/Operational", "Computer": "DESKTOP-P5C3MUD", "Security_UserID": "S-1-5-18", "Security": null, "EventData_RuleName": "-", "EventData_UtcTime": "2023-09-27 04:33:02.675", "EventData_ProcessGuid": "{4557fbaa-b07e-6513-8725-000000000c00}", "EventData_ProcessId": "11840", "EventData_Image": "C:\\Windows\\SysWOW64\\rundll32.exe", "EventData_ImageLoaded": "C:\\Windows\\SysWOW64\\winspool.drv", "EventData_FileVersion": "10.0.19041.3031 (WinBuild.160101.0800)", "EventData_Description": "Windows Spooler Driver", "EventData_Product": "Microsoft\u00ae Windows\u00ae Operating System", "EventData_Company": "Microsoft Corporation", "EventData_OriginalFileName": "winspool.drv", "EventData_Hashes": "SHA1=15720FD2F6C281E9CF80D0B63A63A2D370898BAC,MD5=C295BFDC2B07FF4A1AD0198E0970D72C,SHA256=F4222AA6F9B3F8ACCB9B51C3CA7152BE75FE585ACA65671FFFB9C00A0DFE2F53,IMPHASH=228E6E6574E30C59B6ADDA6AE9A38BEC", "EventData_Signed": "true", "EventData_Signature": "Microsoft Windows", "EventData_SignatureStatus": "Valid", "EventData_User": "DESKTOP-P5C3MUD\\user"}
{"Provider_Name": "Microsoft-Windows-Sysmon", "Provider_Guid": "{5770385f-c22a-43e0-bf4c-06f5698ffbd9}", "Provider": null, "EventID_Qualifiers": "", "EventID": "7", "Version": "3", "Level": "4", "Task": "7", "Opcode": "0", "Keywords": "0x8000000000000000", "TimeCreated_SystemTime": "2023-09-27 04:33:02.679520", "TimeCreated": null, "EventRecordID": "28990", "Correlation_ActivityID": "", "Correlation_RelatedActivityID": "", "Correlation": null, "Execution_ProcessID": "3368", "Execution_ThreadID": "4984", "Execution": null, "Channel": "Microsoft-Windows-Sysmon/Operational", "Computer": "DESKTOP-P5C3MUD", "Security_UserID": "S-1-5-18", "Security": null, "EventData_RuleName": "-", "EventData_UtcTime": "2023-09-27 04:33:02.675", "EventData_ProcessGuid": "{4557fbaa-b07e-6513-8825-000000000c00}", "EventData_ProcessId": "1760", "EventData_Image": "C:\\Windows\\SysWOW64\\cmd.exe", "EventData_ImageLoaded": "C:\\Windows\\SysWOW64\\combase.dll", "EventData_FileVersion": "10.0.19041.3393 (WinBuild.160101.0800)", "EventData_Description": "Microsoft COM for Windows", "EventData_Product": "Microsoft\u00ae Windows\u00ae Operating System", "EventData_Company": "Microsoft Corporation", "EventData_OriginalFileName": "COMBASE.DLL", "EventData_Hashes": "SHA1=1F2DE3557C29229C2616FBDF8E559FAEB0ECBC22,MD5=63A2251530E8F9331D7A4992C84BE114,SHA256=B2370A72F174E476823DF62180380428287554FE7105B0F5FC59F4CD2D1DBEA9,IMPHASH=0E7DBCDD9169F88354984E1C8B8310BD", "EventData_Signed": "true", "EventData_Signature": "Microsoft Windows", "EventData_SignatureStatus": "Valid", "EventData_User": "DESKTOP-P5C3MUD\\user"}
{"Provider_Name": "Microsoft-Windows-Sysmon", "Provider_Guid": "{5770385f-c22a-43e0-bf4c-06f5698ffbd9}", "Provider": null, "EventID_Qualifiers": "", "EventID": "7", "Version": "3", "Level": "4", "Task": "7", "Opcode": "0", "Keywords": "0x8000000000000000", "TimeCreated_SystemTime": "2023-09-27 04:33:02.679729", "TimeCreated": null, "EventRecordID": "28991", "Correlation_ActivityID": "", "Correlation_RelatedActivityID": "", "Correlation": null, "Execution_ProcessID": "3368", "Execution_ThreadID": "4984", "Execution": null, "Channel": "Microsoft-Windows-Sysmon/Operational", "Computer": "DESKTOP-P5C3MUD", "Security_UserID": "S-1-5-18", "Security": null, "EventData_RuleName": "-", "EventData_UtcTime": "2023-09-27 04:33:02.675", "EventData_ProcessGuid": "{4557fbaa-b07e-6513-8725-000000000c00}", "EventData_ProcessId": "11840", "EventData_Image": "C:\\Windows\\SysWOW64\\rundll32.exe", "EventData_ImageLoaded": "C:\\Windows\\SysWOW64\\SHCore.dll", "EventData_FileVersion": "10.0.19041.1645 (WinBuild.160101.0800)", "EventData_Description": "SHCORE", "EventData_Product": "Microsoft\u00ae Windows\u00ae Operating System", "EventData_Company": "Microsoft Corporation", "EventData_OriginalFileName": "SHCORE.dll", "EventData_Hashes": "SHA1=250DBB0FBDA2BFB4E03AFCB4C07C22B4AF1EECD9,MD5=2CE82BD239A502E5317D78978FCE3671,SHA256=66B6F29A092AB5B20DB60BD19F27816022F1775526B8E8848A4033DB80CA316A,IMPHASH=0DDCDD6020D74CA7555FB0D07CFD262B", "EventData_Signed": "true", "EventData_Signature": "Microsoft Windows", "EventData_SignatureStatus": "Valid", "EventData_User": "DESKTOP-P5C3MUD\\user"}
{"Provider_Name": "Microsoft-Windows-Sysmon", "Provider_Guid": "{5770385f-c22a-43e0-bf4c-06f5698ffbd9}", "Provider": null, "EventID_Qualifiers": "", "EventID": "7", "Version": "3", "Level": "4", "Task": "7", "Opcode": "0", "Keywords": "0x8000000000000000", "TimeCreated_SystemTime": "2023-09-27 04:33:02.679924", "TimeCreated": null, "EventRecordID": "28992", "Correlation_ActivityID": "", "Correlation_RelatedActivityID": "", "Correlation": null, "Execution_ProcessID": "3368", "Execution_ThreadID": "4984", "Execution": null, "Channel": "Microsoft-Windows-Sysmon/Operational", "Computer": "DESKTOP-P5C3MUD", "Security_UserID": "S-1-5-18", "Security": null, "EventData_RuleName": "-", "EventData_UtcTime": "2023-09-27 04:33:02.675", "EventData_ProcessGuid": "{4557fbaa-b07e-6513-8825-000000000c00}", "EventData_ProcessId": "1760", "EventData_Image": "C:\\Windows\\SysWOW64\\cmd.exe", "EventData_ImageLoaded": "C:\\Windows\\SysWOW64\\ucrtbase.dll", "EventData_FileVersion": "10.0.19041.789 (WinBuild.160101.0800)", "EventData_Description": "Microsoft\u00ae C Runtime Library", "EventData_Product": "Microsoft\u00ae Windows\u00ae Operating System", "EventData_Company": "Microsoft Corporation", "EventData_OriginalFileName": "ucrtbase.dll", "EventData_Hashes": "SHA1=54D14ACE2F00A93C28984A577EBB47929D29E3CF,MD5=DF160B9471E9CE9AA4EFCFE625673310,SHA256=C8DBD811BB85D7E17D457C7938C15EF39DBDE395F82E967387E082F2C9860748,IMPHASH=EA37CB467EA2ADB2B776C1C8C105007C", "EventData_Signed": "true", "EventData_Signature": "Microsoft Windows", "EventData_SignatureStatus": "Valid", "EventData_User": "DESKTOP-P5C3MUD\\user"}
{"Provider_Name": "Microsoft-Windows-Sysmon", "Provider_Guid": "{5770385f-c22a-43e0-bf4c-06f5698ffbd9}", "Provider": null, "EventID_Qualifiers": "", "EventID": "7", "Version": "3", "Level": "4", "Task": "7", "Opcode": "0", "Keywords": "0x8000000000000000", "TimeCreated_SystemTime": "2023-09-27 04:33:02.680143", "TimeCreated": null, "EventRecordID": "28993", "Correlation_ActivityID": "", "Correlation_RelatedActivityID": "", "Correlation": null, "Execution_ProcessID": "3368", "Execution_ThreadID": "4984", "Execution": null, "Channel": "Microsoft-Windows-Sysmon/Operational", "Computer": "DESKTOP-P5C3MUD", "Security_UserID": "S-1-5-18", "Security": null, "EventData_RuleName": "-", "EventData_UtcTime": "2023-09-27 04:33:02.676", "EventData_ProcessGuid": "{4557fbaa-b07e-6513-8825-000000000c00}", "EventData_ProcessId": "1760", "EventData_Image": "C:\\Windows\\SysWOW64\\cmd.exe", "EventData_ImageLoaded": "C:\\Windows\\SysWOW64\\rpcrt4.dll", "EventData_FileVersion": "10.0.19041.3448 (WinBuild.160101.0800)", "EventData_Description": "Remote Procedure Call Runtime", "EventData_Product": "Microsoft\u00ae Windows\u00ae Operating System", "EventData_Company": "Microsoft Corporation", "EventData_OriginalFileName": "rpcrt4.dll", "EventData_Hashes": "SHA1=A86C6B7883654CDB2D6B446B84C749293B40E27A,MD5=D9A3FD4E06F4BB6005BEF228A9BC08D7,SHA256=8E4F558FC90B69911E72E3F7018065C7AAD748F14B7FBA08E8B33895342BF055,IMPHASH=D37A3BA972D11ECDBBDCA2130202D5AC", "EventData_Signed": "true", "EventData_Signature": "Microsoft Windows", "EventData_SignatureStatus": "Valid", "EventData_User": "DESKTOP-P5C3MUD\\user"}
{"Provider_Name": "Microsoft-Windows-Sysmon", "Provider_Guid": "{5770385f-c22a-43e0-bf4c-06f5698ffbd9}", "Provider": null, "EventID_Qualifiers": "", "EventID": "7", "Version": "3", "Level": "4", "Task": "7", "Opcode": "0", "Keywords": "0x8000000000000000", "TimeCreated_SystemTime": "2023-09-27 04:33:02.680338", "TimeCreated": null, "EventRecordID": "28994", "Correlation_ActivityID": "", "Correlation_RelatedActivityID": "", "Correlation": null, "Execution_ProcessID": "3368", "Execution_ThreadID": "4984", "Execution": null, "Channel": "Microsoft-Windows-Sysmon/Operational", "Computer": "DESKTOP-P5C3MUD", "Security_UserID": "S-1-5-18", "Security": null, "EventData_RuleName": "-", "EventData_UtcTime": "2023-09-27 04:33:02.676", "EventData_ProcessGuid": "{4557fbaa-b07e-6513-8725-000000000c00}", "EventData_ProcessId": "11840", "EventData_Image": "C:\\Windows\\SysWOW64\\rundll32.exe", "EventData_ImageLoaded": "C:\\Windows\\SysWOW64\\sfc_os.dll", "EventData_FileVersion": "10.0.19041.2311 (WinBuild.160101.0800)", "EventData_Description": "Windows File Protection", "EventData_Product": "Microsoft\u00ae Windows\u00ae Operating System", "EventData_Company": "Microsoft Corporation", "EventData_OriginalFileName": "sfc_os.dll", "EventData_Hashes": "SHA1=A2837A609035574741516A6669A7E38588E9D5A2,MD5=E2F738CF7AEE0560CD7405F0580523CF,SHA256=3841A8EF83CB3E7AD78D1868CBA8AB31F0728C3BC6F661DA74F86B8D1531C8BB,IMPHASH=67534DB21EE37F24F2DBB023BA6EBC06", "EventData_Signed": "true", "EventData_Signature": "Microsoft Windows", "EventData_SignatureStatus": "Valid", "EventData_User": "DESKTOP-P5C3MUD\\user"}
{"Provider_Name": "Microsoft-Windows-Sysmon", "Provider_Guid": "{5770385f-c22a-43e0-bf4c-06f5698ffbd9}", "Provider": null, "EventID_Qualifiers": "", "EventID": "7", "Version": "3", "Level": "4", "Task": "7", "Opcode": "0", "Keywords": "0x8000000000000000", "TimeCreated_SystemTime": "2023-09-27 04:33:02.680565", "TimeCreated": null, "EventRecordID": "28995", "Correlation_ActivityID": "", "Correlation_RelatedActivityID": "", "Correlation": null, "Execution_ProcessID": "3368", "Execution_ThreadID": "4984", "Execution": null, "Channel": "Microsoft-Windows-Sysmon/Operational", "Computer": "DESKTOP-P5C3MUD", "Security_UserID": "S-1-5-18", "Security": null, "EventData_RuleName": "-", "EventData_UtcTime": "2023-09-27 04:33:02.678", "EventData_ProcessGuid": "{4557fbaa-b07e-6513-8725-000000000c00}", "EventData_ProcessId": "11840", "EventData_Image": "C:\\Windows\\SysWOW64\\rundll32.exe", "EventData_ImageLoaded": "C:\\Windows\\SysWOW64\\imm32.dll", "EventData_FileVersion": "10.0.19041.2673 (WinBuild.160101.0800)", "EventData_Description": "Multi-User Windows IMM32 API Client DLL", "EventData_Product": "Microsoft\u00ae Windows\u00ae Operating System", "EventData_Company": "Microsoft Corporation", "EventData_OriginalFileName": "imm32", "EventData_Hashes": "SHA1=0B40DBF7C20BE27BE1B2F8CA32452AF641F9D4DA,MD5=20D31264C2A8D891076B4B4FD808F871,SHA256=480D3F2E715AD17F55886F338E83F177E4530F5044F8BFC47ED35549AE348D09,IMPHASH=9E5EF8989C8F00935E2AB878FBB77214", "EventData_Signed": "true", "EventData_Signature": "Microsoft Windows", "EventData_SignatureStatus": "Valid", "EventData_User": "DESKTOP-P5C3MUD\\user"}
{"Provider_Name": "Microsoft-Windows-Sysmon", "Provider_Guid": "{5770385f-c22a-43e0-bf4c-06f5698ffbd9}", "Provider": null, "EventID_Qualifiers": "", "EventID": "7", "Version": "3", "Level": "4", "Task": "7", "Opcode": "0", "Keywords": "0x8000000000000000", "TimeCreated_SystemTime": "2023-09-27 04:33:02.681219", "TimeCreated": null, "EventRecordID": "28996", "Correlation_ActivityID": "", "Correlation_RelatedActivityID": "", "Correlation": null, "Execution_ProcessID": "3368", "Execution_ThreadID": "4984", "Execution": null, "Channel": "Microsoft-Windows-Sysmon/Operational", "Computer": "DESKTOP-P5C3MUD", "Security_UserID": "S-1-5-18", "Security": null, "EventData_RuleName": "-", "EventData_UtcTime": "2023-09-27 04:33:02.680", "EventData_ProcessGuid": "{4557fbaa-b07e-6513-8725-000000000c00}", "EventData_ProcessId": "11840", "EventData_Image": "C:\\Windows\\SysWOW64\\rundll32.exe", "EventData_ImageLoaded": "C:\\Windows\\SysWOW64\\imagehlp.dll", "EventData_FileVersion": "10.0.19041.1415 (WinBuild.160101.0800)", "EventData_Description": "Windows NT Image Helper", "EventData_Product": "Microsoft\u00ae Windows\u00ae Operating System", "EventData_Company": "Microsoft Corporation", "EventData_OriginalFileName": "IMAGEHLP.DLL", "EventData_Hashes": "SHA1=1D554FB98FD1D1DE73CC674F7CFD95F98E065F4B,MD5=2B25F430DC3946971CC590A410B06E84,SHA256=E179021FF936FD49BA7449514BDEA77AD4747A0445B0BED6EA5CBF66BACCA293,IMPHASH=4C371FEDAFCC3935BEAE01693F137C74", "EventData_Signed": "true", "EventData_Signature": "Microsoft Windows", "EventData_SignatureStatus": "Valid", "EventData_User": "DESKTOP-P5C3MUD\\user"}
{"Provider_Name": "Microsoft-Windows-Sysmon", "Provider_Guid": "{5770385f-c22a-43e0-bf4c-06f5698ffbd9}", "Provider": null, "EventID_Qualifiers": "", "EventID": "7", "Version": "3", "Level": "4", "Task": "7", "Opcode": "0", "Keywords": "0x8000000000000000", "TimeCreated_SystemTime": "2023-09-27 04:33:02.736921", "TimeCreated": null, "EventRecordID": "28997", "Correlation_ActivityID": "", "Correlation_RelatedActivityID": "", "Correlation": null, "Execution_ProcessID": "3368", "Execution_ThreadID": "4984", "Execution": null, "Channel": "Microsoft-Windows-Sysmon/Operational", "Computer": "DESKTOP-P5C3MUD", "Security_UserID": "S-1-5-18", "Security": null, "EventData_RuleName": "-", "EventData_UtcTime": "2023-09-27 04:33:02.736", "EventData_ProcessGuid": "{4557fbaa-b07e-6513-8725-000000000c00}", "EventData_ProcessId": "11840", "EventData_Image": "C:\\Windows\\SysWOW64\\rundll32.exe", "EventData_ImageLoaded": "E:\\Experiment\\Windows Hacker Attack Program\\6\\Bypass UAC\\BypassUAC2_Test.dll", "EventData_FileVersion": "-", "EventData_Description": "-", "EventData_Product": "-", "EventData_Company": "-", "EventData_OriginalFileName": "-", "EventData_Hashes": "SHA1=53A85D953280C492C7B83251727E466FE27A44A6,MD5=18A2E37D586A7E4C10493E3E37DECB57,SHA256=5171AC9046710B4CB1EBF3C971E7E81CF7201BBD686284DF1B8412646328A8F8,IMPHASH=D66F8A4FB0F4C5D9C2B3A6D4ECDA9D99", "EventData_Signed": "false", "EventData_Signature": "-", "EventData_SignatureStatus": "Unavailable", "EventData_User": "DESKTOP-P5C3MUD\\user"}
{"Provider_Name": "Microsoft-Windows-Sysmon", "Provider_Guid": "{5770385f-c22a-43e0-bf4c-06f5698ffbd9}", "Provider": null, "EventID_Qualifiers": "", "EventID": "7", "Version": "3", "Level": "4", "Task": "7", "Opcode": "0", "Keywords": "0x8000000000000000", "TimeCreated_SystemTime": "2023-09-27 04:33:02.737608", "TimeCreated": null, "EventRecordID": "28998", "Correlation_ActivityID": "", "Correlation_RelatedActivityID": "", "Correlation": null, "Execution_ProcessID": "3368", "Execution_ThreadID": "4984", "Execution": null, "Channel": "Microsoft-Windows-Sysmon/Operational", "Computer": "DESKTOP-P5C3MUD", "Security_UserID": "S-1-5-18", "Security": null, "EventData_RuleName": "-", "EventData_UtcTime": "2023-09-27 04:33:02.737", "EventData_ProcessGuid": "{4557fbaa-b07e-6513-8725-000000000c00}", "EventData_ProcessId": "11840", "EventData_Image": "C:\\Windows\\SysWOW64\\rundll32.exe", "EventData_ImageLoaded": "C:\\Windows\\SysWOW64\\ole32.dll", "EventData_FileVersion": "10.0.19041.2965 (WinBuild.160101.0800)", "EventData_Description": "Microsoft OLE for Windows", "EventData_Product": "Microsoft\u00ae Windows\u00ae Operating System", "EventData_Company": "Microsoft Corporation", "EventData_OriginalFileName": "OLE32.DLL", "EventData_Hashes": "SHA1=D0FB7120556F2B3DE0FE62097039801A1ECCCD5B,MD5=2D98EE760FDE367A9A5FE8B20647B051,SHA256=97E4541155602C572567C174ECE578B256D6D75519313651FA2B8DAB87AC3B63,IMPHASH=29778AA87C1475FFFDC1228742966A7F", "EventData_Signed": "true", "EventData_Signature": "Microsoft Windows", "EventData_SignatureStatus": "Valid", "EventData_User": "DESKTOP-P5C3MUD\\user"}
{"Provider_Name": "Microsoft-Windows-Sysmon", "Provider_Guid": "{5770385f-c22a-43e0-bf4c-06f5698ffbd9}", "Provider": null, "EventID_Qualifiers": "", "EventID": "7", "Version": "3", "Level": "4", "Task": "7", "Opcode": "0", "Keywords": "0x8000000000000000", "TimeCreated_SystemTime": "2023-09-27 04:33:02.739861", "TimeCreated": null, "EventRecordID": "28999", "Correlation_ActivityID": "", "Correlation_RelatedActivityID": "", "Correlation": null, "Execution_ProcessID": "3368", "Execution_ThreadID": "4984", "Execution": null, "Channel": "Microsoft-Windows-Sysmon/Operational", "Computer": "DESKTOP-P5C3MUD", "Security_UserID": "S-1-5-18", "Security": null, "EventData_RuleName": "-", "EventData_UtcTime": "2023-09-27 04:33:02.739", "EventData_ProcessGuid": "{4557fbaa-b07e-6513-8725-000000000c00}", "EventData_ProcessId": "11840", "EventData_Image": "C:\\Windows\\SysWOW64\\rundll32.exe", "EventData_ImageLoaded": "C:\\Windows\\SysWOW64\\uxtheme.dll", "EventData_FileVersion": "10.0.19041.3393 (WinBuild.160101.0800)", "EventData_Description": "Microsoft UxTheme Library", "EventData_Product": "Microsoft\u00ae Windows\u00ae Operating System", "EventData_Company": "Microsoft Corporation", "EventData_OriginalFileName": "UxTheme.dll", "EventData_Hashes": "SHA1=C3EF30215A98745EE9F0DB2E6A7EC020D14D39B9,MD5=EC2194FCEC4F8A60E2AD26ECBB84283E,SHA256=F419A6C909FB171EEF879F8EAE09C1D066CC1AE749F7ACE384336EC7BB333527,IMPHASH=5916A9C0B5155851814AF8CCCD02F321", "EventData_Signed": "true", "EventData_Signature": "Microsoft Windows", "EventData_SignatureStatus": "Valid", "EventData_User": "DESKTOP-P5C3MUD\\user"}
{"Provider_Name": "Microsoft-Windows-Sysmon", "Provider_Guid": "{5770385f-c22a-43e0-bf4c-06f5698ffbd9}", "Provider": null, "EventID_Qualifiers": "", "EventID": "10", "Version": "3", "Level": "4", "Task": "10", "Opcode": "0", "Keywords": "0x8000000000000000", "TimeCreated_SystemTime": "2023-09-27 04:33:02.740002", "TimeCreated": null, "EventRecordID": "29000", "Correlation_ActivityID": "", "Correlation_RelatedActivityID": "", "Correlation": null, "Execution_ProcessID": "3368", "Execution_ThreadID": "4984", "Execution": null, "Channel": "Microsoft-Windows-Sysmon/Operational", "Computer": "DESKTOP-P5C3MUD", "Security_UserID": "S-1-5-18", "Security": null, "EventData_RuleName": "-", "EventData_UtcTime": "2023-09-27 04:33:02.739", "EventData_SourceProcessGUID": "{4557fbaa-e7c6-6502-1f00-000000000c00}", "EventData_SourceProcessId": "1528", "EventData_SourceThreadId": "1568", "EventData_SourceImage": "C:\\Windows\\System32\\svchost.exe", "EventData_TargetProcessGUID": "{4557fbaa-b07e-6513-8725-000000000c00}", "EventData_TargetProcessId": "11840", "EventData_TargetImage": "C:\\Windows\\SysWOW64\\rundll32.exe", "EventData_GrantedAccess": "0x00001478", "EventData_CallTrace": "C:\\Windows\\SYSTEM32\\ntdll.dll+9d314|c:\\windows\\system32\\themeservice.dll+1bdb|c:\\windows\\system32\\themeservice.dll+1836|c:\\windows\\system32\\themeservice.dll+65ac|c:\\windows\\system32\\themeservice.dll+b9d8|c:\\windows\\system32\\themeservice.dll+a846|C:\\Windows\\System32\\svchost.exe+4340|C:\\Windows\\System32\\sechost.dll+dfd8|C:\\Windows\\System32\\KERNEL32.DLL+17344|C:\\Windows\\SYSTEM32\\ntdll.dll+526b1", "EventData_SourceUser": "NT AUTHORITY\\SYSTEM", "EventData_TargetUser": "DESKTOP-P5C3MUD\\user"}
{"Provider_Name": "Microsoft-Windows-Sysmon", "Provider_Guid": "{5770385f-c22a-43e0-bf4c-06f5698ffbd9}", "Provider": null, "EventID_Qualifiers": "", "EventID": "7", "Version": "3", "Level": "4", "Task": "7", "Opcode": "0", "Keywords": "0x8000000000000000", "TimeCreated_SystemTime": "2023-09-27 04:33:02.741037", "TimeCreated": null, "EventRecordID": "29001", "Correlation_ActivityID": "", "Correlation_RelatedActivityID": "", "Correlation": null, "Execution_ProcessID": "3368", "Execution_ThreadID": "4984", "Execution": null, "Channel": "Microsoft-Windows-Sysmon/Operational", "Computer": "DESKTOP-P5C3MUD", "Security_UserID": "S-1-5-18", "Security": null, "EventData_RuleName": "-", "EventData_UtcTime": "2023-09-27 04:33:02.740", "EventData_ProcessGuid": "{4557fbaa-b07e-6513-8725-000000000c00}", "EventData_ProcessId": "11840", "EventData_Image": "C:\\Windows\\SysWOW64\\rundll32.exe", "EventData_ImageLoaded": "C:\\Windows\\SysWOW64\\msctf.dll", "EventData_FileVersion": "10.0.19041.2673 (WinBuild.160101.0800)", "EventData_Description": "MSCTF Server DLL", "EventData_Product": "Microsoft\u00ae Windows\u00ae Operating System", "EventData_Company": "Microsoft Corporation", "EventData_OriginalFileName": "MSCTF.DLL", "EventData_Hashes": "SHA1=0E9FA0F4DA37A940A2FF84D580A68E9DBA95581E,MD5=653F633BEB78E9CEC8F2AD06DEB11C71,SHA256=552DF1A94D06141C9FDC0B458BA35A4412F16DAAD6EED41F4539128C88C2FB13,IMPHASH=E80153460290A4B0AC4CB6722DFD6E0C", "EventData_Signed": "true", "EventData_Signature": "Microsoft Windows", "EventData_SignatureStatus": "Valid", "EventData_User": "DESKTOP-P5C3MUD\\user"}
{"Provider_Name": "Microsoft-Windows-Sysmon", "Provider_Guid": "{5770385f-c22a-43e0-bf4c-06f5698ffbd9}", "Provider": null, "EventID_Qualifiers": "", "EventID": "7", "Version": "3", "Level": "4", "Task": "7", "Opcode": "0", "Keywords": "0x8000000000000000", "TimeCreated_SystemTime": "2023-09-27 04:33:02.741266", "TimeCreated": null, "EventRecordID": "29002", "Correlation_ActivityID": "", "Correlation_RelatedActivityID": "", "Correlation": null, "Execution_ProcessID": "3368", "Execution_ThreadID": "4984", "Execution": null, "Channel": "Microsoft-Windows-Sysmon/Operational", "Computer": "DESKTOP-P5C3MUD", "Security_UserID": "S-1-5-18", "Security": null, "EventData_RuleName": "-", "EventData_UtcTime": "2023-09-27 04:33:02.740", "EventData_ProcessGuid": "{4557fbaa-b07e-6513-8725-000000000c00}", "EventData_ProcessId": "11840", "EventData_Image": "C:\\Windows\\SysWOW64\\rundll32.exe", "EventData_ImageLoaded": "C:\\Windows\\SysWOW64\\sechost.dll", "EventData_FileVersion": "10.0.19041.3393 (WinBuild.160101.0800)", "EventData_Description": "Host for SCM/SDDL/LSA Lookup APIs", "EventData_Product": "Microsoft\u00ae Windows\u00ae Operating System", "EventData_Company": "Microsoft Corporation", "EventData_OriginalFileName": "sechost.dll", "EventData_Hashes": "SHA1=4BF3AF6916AC2F751867ED198E07FB242297728A,MD5=DAEFADA813D2869856F1AF0225B1E906,SHA256=E1AC2D4AC069E3F98EFD1B377410F0D23154C288E2DE780FA69DB0233C689290,IMPHASH=938E7EF741C79C98B2F57128B2F6C3CB", "EventData_Signed": "true", "EventData_Signature": "Microsoft Windows", "EventData_SignatureStatus": "Valid", "EventData_User": "DESKTOP-P5C3MUD\\user"}
{"Provider_Name": "Microsoft-Windows-Sysmon", "Provider_Guid": "{5770385f-c22a-43e0-bf4c-06f5698ffbd9}", "Provider": null, "EventID_Qualifiers": "", "EventID": "7", "Version": "3", "Level": "4", "Task": "7", "Opcode": "0", "Keywords": "0x8000000000000000", "TimeCreated_SystemTime": "2023-09-27 04:33:02.742924", "TimeCreated": null, "EventRecordID": "29003", "Correlation_ActivityID": "", "Correlation_RelatedActivityID": "", "Correlation": null, "Execution_ProcessID": "3368", "Execution_ThreadID": "4984", "Execution": null, "Channel": "Microsoft-Windows-Sysmon/Operational", "Computer": "DESKTOP-P5C3MUD", "Security_UserID": "S-1-5-18", "Security": null, "EventData_RuleName": "-", "EventData_UtcTime": "2023-09-27 04:33:02.742", "EventData_ProcessGuid": "{4557fbaa-b07e-6513-8725-000000000c00}", "EventData_ProcessId": "11840", "EventData_Image": "C:\\Windows\\SysWOW64\\rundll32.exe", "EventData_ImageLoaded": "C:\\Windows\\SysWOW64\\kernel.appcore.dll", "EventData_FileVersion": "10.0.19041.546 (WinBuild.160101.0800)", "EventData_Description": "AppModel API Host", "EventData_Product": "Microsoft\u00ae Windows\u00ae Operating System", "EventData_Company": "Microsoft Corporation", "EventData_OriginalFileName": "kernel.appcore.dll", "EventData_Hashes": "SHA1=CFAB795E1930778A50F7B2010900B052399A3B48,MD5=537504FFB328C6AA752E1EAE14E93402,SHA256=8CECE4A563C2150B37B4AE402CFB9EB782DB14E03B260F4D13B88FB85BDFB31C,IMPHASH=5E7676746C605D2837550653B776CCFF", "EventData_Signed": "true", "EventData_Signature": "Microsoft Windows", "EventData_SignatureStatus": "Valid", "EventData_User": "DESKTOP-P5C3MUD\\user"}
{"Provider_Name": "Microsoft-Windows-Sysmon", "Provider_Guid": "{5770385f-c22a-43e0-bf4c-06f5698ffbd9}", "Provider": null, "EventID_Qualifiers": "", "EventID": "7", "Version": "3", "Level": "4", "Task": "7", "Opcode": "0", "Keywords": "0x8000000000000000", "TimeCreated_SystemTime": "2023-09-27 04:33:02.743319", "TimeCreated": null, "EventRecordID": "29004", "Correlation_ActivityID": "", "Correlation_RelatedActivityID": "", "Correlation": null, "Execution_ProcessID": "3368", "Execution_ThreadID": "4984", "Execution": null, "Channel": "Microsoft-Windows-Sysmon/Operational", "Computer": "DESKTOP-P5C3MUD", "Security_UserID": "S-1-5-18", "Security": null, "EventData_RuleName": "-", "EventData_UtcTime": "2023-09-27 04:33:02.742", "EventData_ProcessGuid": "{4557fbaa-b07e-6513-8725-000000000c00}", "EventData_ProcessId": "11840", "EventData_Image": "C:\\Windows\\SysWOW64\\rundll32.exe", "EventData_ImageLoaded": "C:\\Windows\\SysWOW64\\bcryptprimitives.dll", "EventData_FileVersion": "10.0.19041.2486 (WinBuild.160101.0800)", "EventData_Description": "Windows Cryptographic Primitives Library", "EventData_Product": "Microsoft\u00ae Windows\u00ae Operating System", "EventData_Company": "Microsoft Corporation", "EventData_OriginalFileName": "bcryptprimitives.dll", "EventData_Hashes": "SHA1=B662F1CBAE8A3608BF87E5BE02884F92E81745E6,MD5=9E8BA45B07F55C4C08C9BA76E34F5ED7,SHA256=F4D8260E33561582DA9615DAAB36998E6BE8A794EBD9BF36EA6BA002C9704B18,IMPHASH=4CCE8D9ECC924490B99F23B06CC1BE0C", "EventData_Signed": "true", "EventData_Signature": "Microsoft Windows", "EventData_SignatureStatus": "Valid", "EventData_User": "DESKTOP-P5C3MUD\\user"}
{"Provider_Name": "Microsoft-Windows-Sysmon", "Provider_Guid": "{5770385f-c22a-43e0-bf4c-06f5698ffbd9}", "Provider": null, "EventID_Qualifiers": "", "EventID": "7", "Version": "3", "Level": "4", "Task": "7", "Opcode": "0", "Keywords": "0x8000000000000000", "TimeCreated_SystemTime": "2023-09-27 04:33:02.744320", "TimeCreated": null, "EventRecordID": "29005", "Correlation_ActivityID": "", "Correlation_RelatedActivityID": "", "Correlation": null, "Execution_ProcessID": "3368", "Execution_ThreadID": "4984", "Execution": null, "Channel": "Microsoft-Windows-Sysmon/Operational", "Computer": "DESKTOP-P5C3MUD", "Security_UserID": "S-1-5-18", "Security": null, "EventData_RuleName": "-", "EventData_UtcTime": "2023-09-27 04:33:02.743", "EventData_ProcessGuid": "{4557fbaa-b07e-6513-8725-000000000c00}", "EventData_ProcessId": "11840", "EventData_Image": "C:\\Windows\\SysWOW64\\rundll32.exe", "EventData_ImageLoaded": "C:\\Windows\\SysWOW64\\clbcatq.dll", "EventData_FileVersion": "2001.12.10941.16384 (WinBuild.160101.0800)", "EventData_Description": "COM+ Configuration Catalog", "EventData_Product": "Microsoft\u00ae Windows\u00ae Operating System", "EventData_Company": "Microsoft Corporation", "EventData_OriginalFileName": "CLBCATQ.DLL", "EventData_Hashes": "SHA1=72071283AAABA4696E6DC1AB51F94F2897F7F304,MD5=7A2F0E784489DC1FF58106FE7DC7DE13,SHA256=F3B4E833CDCCE3432A078E93FB3FA1083AD58D91401FAB6F70245FE756952AD2,IMPHASH=72E996BD66DB98942D19F8D0D6F7E897", "EventData_Signed": "true", "EventData_Signature": "Microsoft Windows", "EventData_SignatureStatus": "Valid", "EventData_User": "DESKTOP-P5C3MUD\\user"}
{"Provider_Name": "Microsoft-Windows-Sysmon", "Provider_Guid": "{5770385f-c22a-43e0-bf4c-06f5698ffbd9}", "Provider": null, "EventID_Qualifiers": "", "EventID": "7", "Version": "3", "Level": "4", "Task": "7", "Opcode": "0", "Keywords": "0x8000000000000000", "TimeCreated_SystemTime": "2023-09-27 04:33:02.745468", "TimeCreated": null, "EventRecordID": "29006", "Correlation_ActivityID": "", "Correlation_RelatedActivityID": "", "Correlation": null, "Execution_ProcessID": "3368", "Execution_ThreadID": "4984", "Execution": null, "Channel": "Microsoft-Windows-Sysmon/Operational", "Computer": "DESKTOP-P5C3MUD", "Security_UserID": "S-1-5-18", "Security": null, "EventData_RuleName": "-", "EventData_UtcTime": "2023-09-27 04:33:02.745", "EventData_ProcessGuid": "{4557fbaa-b07e-6513-8725-000000000c00}", "EventData_ProcessId": "11840", "EventData_Image": "C:\\Windows\\SysWOW64\\rundll32.exe", "EventData_ImageLoaded": "C:\\Windows\\SysWOW64\\comsvcs.dll", "EventData_FileVersion": "2001.12.10941.16384 (WinBuild.160101.0800)", "EventData_Description": "COM+ Services", "EventData_Product": "Microsoft\u00ae Windows\u00ae Operating System", "EventData_Company": "Microsoft Corporation", "EventData_OriginalFileName": "COMSVCS.DLL", "EventData_Hashes": "SHA1=95EFB5526E1416FACED2114E022A3514BCE9A0BD,MD5=93F5A48E559FD1CFB514CF9C071EB306,SHA256=A9F244AB3E12E7703101B7A4518B4FE9580E98E6DFB18A31DEED0B09DA2B6D7F,IMPHASH=281D618F4E6271E527E6386EA6F748DE", "EventData_Signed": "true", "EventData_Signature": "Microsoft Windows", "EventData_SignatureStatus": "Valid", "EventData_User": "DESKTOP-P5C3MUD\\user"}
{"Provider_Name": "Microsoft-Windows-Sysmon", "Provider_Guid": "{5770385f-c22a-43e0-bf4c-06f5698ffbd9}", "Provider": null, "EventID_Qualifiers": "", "EventID": "7", "Version": "3", "Level": "4", "Task": "7", "Opcode": "0", "Keywords": "0x8000000000000000", "TimeCreated_SystemTime": "2023-09-27 04:33:02.746414", "TimeCreated": null, "EventRecordID": "29007", "Correlation_ActivityID": "", "Correlation_RelatedActivityID": "", "Correlation": null, "Execution_ProcessID": "3368", "Execution_ThreadID": "4984", "Execution": null, "Channel": "Microsoft-Windows-Sysmon/Operational", "Computer": "DESKTOP-P5C3MUD", "Security_UserID": "S-1-5-18", "Security": null, "EventData_RuleName": "-", "EventData_UtcTime": "2023-09-27 04:33:02.746", "EventData_ProcessGuid": "{4557fbaa-b07e-6513-8725-000000000c00}", "EventData_ProcessId": "11840", "EventData_Image": "C:\\Windows\\SysWOW64\\rundll32.exe", "EventData_ImageLoaded": "C:\\Windows\\SysWOW64\\cryptsp.dll", "EventData_FileVersion": "10.0.19041.546 (WinBuild.160101.0800)", "EventData_Description": "Cryptographic Service Provider API", "EventData_Product": "Microsoft\u00ae Windows\u00ae Operating System", "EventData_Company": "Microsoft Corporation", "EventData_OriginalFileName": "cryptsp.dll", "EventData_Hashes": "SHA1=8155B9B85CE4F7030AB3432B2D008A8D5287B7AA,MD5=72B414320CAC426949ACC3E721ECFE81,SHA256=BB80A6FB355CF176C3253F3662DC7D0B2FBC3B4F842A53109A777973194B5CDB,IMPHASH=C54E88E35A24F5BA0A76FE0038B038A7", "EventData_Signed": "true", "EventData_Signature": "Microsoft Windows", "EventData_SignatureStatus": "Valid", "EventData_User": "DESKTOP-P5C3MUD\\user"}
{"Provider_Name": "Microsoft-Windows-Sysmon", "Provider_Guid": "{5770385f-c22a-43e0-bf4c-06f5698ffbd9}", "Provider": null, "EventID_Qualifiers": "", "EventID": "7", "Version": "3", "Level": "4", "Task": "7", "Opcode": "0", "Keywords": "0x8000000000000000", "TimeCreated_SystemTime": "2023-09-27 04:33:02.746891", "TimeCreated": null, "EventRecordID": "29008", "Correlation_ActivityID": "", "Correlation_RelatedActivityID": "", "Correlation": null, "Execution_ProcessID": "3368", "Execution_ThreadID": "4984", "Execution": null, "Channel": "Microsoft-Windows-Sysmon/Operational", "Computer": "DESKTOP-P5C3MUD", "Security_UserID": "S-1-5-18", "Security": null, "EventData_RuleName": "-", "EventData_UtcTime": "2023-09-27 04:33:02.746", "EventData_ProcessGuid": "{4557fbaa-b07e-6513-8725-000000000c00}", "EventData_ProcessId": "11840", "EventData_Image": "C:\\Windows\\SysWOW64\\rundll32.exe", "EventData_ImageLoaded": "C:\\Windows\\SysWOW64\\rsaenh.dll", "EventData_FileVersion": "10.0.19041.1052 (WinBuild.160101.0800)", "EventData_Description": "Microsoft Enhanced Cryptographic Provider", "EventData_Product": "Microsoft\u00ae Windows\u00ae Operating System", "EventData_Company": "Microsoft Corporation", "EventData_OriginalFileName": "rsaenh.dll", "EventData_Hashes": "SHA1=186775F5F5D68F4BC3C058746FC56030CED9C550,MD5=78BE124BE88BC7CE603DAC531BFAF4C1,SHA256=66D0C8619A0F8DC10B375B0546CA4B4E7726185A3D0EF656EDA9FB0F7C81E4BE,IMPHASH=2EA454BE669039C6361F930648E83C20", "EventData_Signed": "true", "EventData_Signature": "Microsoft Windows", "EventData_SignatureStatus": "Valid", "EventData_User": "DESKTOP-P5C3MUD\\user"}
{"Provider_Name": "Microsoft-Windows-Sysmon", "Provider_Guid": "{5770385f-c22a-43e0-bf4c-06f5698ffbd9}", "Provider": null, "EventID_Qualifiers": "", "EventID": "7", "Version": "3", "Level": "4", "Task": "7", "Opcode": "0", "Keywords": "0x8000000000000000", "TimeCreated_SystemTime": "2023-09-27 04:33:02.747572", "TimeCreated": null, "EventRecordID": "29009", "Correlation_ActivityID": "", "Correlation_RelatedActivityID": "", "Correlation": null, "Execution_ProcessID": "3368", "Execution_ThreadID": "4984", "Execution": null, "Channel": "Microsoft-Windows-Sysmon/Operational", "Computer": "DESKTOP-P5C3MUD", "Security_UserID": "S-1-5-18", "Security": null, "EventData_RuleName": "-", "EventData_UtcTime": "2023-09-27 04:33:02.747", "EventData_ProcessGuid": "{4557fbaa-b07e-6513-8725-000000000c00}", "EventData_ProcessId": "11840", "EventData_Image": "C:\\Windows\\SysWOW64\\rundll32.exe", "EventData_ImageLoaded": "C:\\Windows\\SysWOW64\\cryptbase.dll", "EventData_FileVersion": "10.0.19041.546 (WinBuild.160101.0800)", "EventData_Description": "Base cryptographic API DLL", "EventData_Product": "Microsoft\u00ae Windows\u00ae Operating System", "EventData_Company": "Microsoft Corporation", "EventData_OriginalFileName": "cryptbase.dll", "EventData_Hashes": "SHA1=577E38BBE2DB46DC580E4E3EAD23EB1868AA3B9F,MD5=9E1D8E1E7E3BFDF4779366BF1460D004,SHA256=6464346BC05B9A43FCE7B3E8BFD5DC5213275E639A1D2D078108D8D64FF7B746,IMPHASH=0BE75B543C0F25B405F5788FEEC9F429", "EventData_Signed": "true", "EventData_Signature": "Microsoft Windows", "EventData_SignatureStatus": "Valid", "EventData_User": "DESKTOP-P5C3MUD\\user"}
{"Provider_Name": "Microsoft-Windows-Sysmon", "Provider_Guid": "{5770385f-c22a-43e0-bf4c-06f5698ffbd9}", "Provider": null, "EventID_Qualifiers": "", "EventID": "10", "Version": "3", "Level": "4", "Task": "10", "Opcode": "0", "Keywords": "0x8000000000000000", "TimeCreated_SystemTime": "2023-09-27 04:33:02.748413", "TimeCreated": null, "EventRecordID": "29010", "Correlation_ActivityID": "", "Correlation_RelatedActivityID": "", "Correlation": null, "Execution_ProcessID": "3368", "Execution_ThreadID": "4984", "Execution": null, "Channel": "Microsoft-Windows-Sysmon/Operational", "Computer": "DESKTOP-P5C3MUD", "Security_UserID": "S-1-5-18", "Security": null, "EventData_RuleName": "-", "EventData_UtcTime": "2023-09-27 04:33:02.748", "EventData_SourceProcessGUID": "{4557fbaa-e7c6-6502-1000-000000000c00}", "EventData_SourceProcessId": "992", "EventData_SourceThreadId": "2472", "EventData_SourceImage": "C:\\Windows\\system32\\svchost.exe", "EventData_TargetProcessGUID": "{4557fbaa-b07e-6513-8725-000000000c00}", "EventData_TargetProcessId": "11840", "EventData_TargetImage": "C:\\Windows\\SysWOW64\\rundll32.exe", "EventData_GrantedAccess": "0x00100000", "EventData_CallTrace": "C:\\Windows\\SYSTEM32\\ntdll.dll+9df24|C:\\Windows\\System32\\RPCRT4.dll+4f034|c:\\windows\\system32\\rpcss.dll+fb25|c:\\windows\\system32\\rpcss.dll+e417|C:\\Windows\\System32\\RPCRT4.dll+7b4b3|C:\\Windows\\System32\\RPCRT4.dll+7a282|C:\\Windows\\System32\\RPCRT4.dll+1e1ca|C:\\Windows\\System32\\RPCRT4.dll+5dfda|C:\\Windows\\System32\\RPCRT4.dll+59188|C:\\Windows\\System32\\RPCRT4.dll+3a3a6|C:\\Windows\\System32\\RPCRT4.dll+39cf8|C:\\Windows\\System32\\RPCRT4.dll+474bf|C:\\Windows\\System32\\RPCRT4.dll+468c8|C:\\Windows\\System32\\RPCRT4.dll+45eb1|C:\\Windows\\System32\\RPCRT4.dll+4591e|C:\\Windows\\System32\\RPCRT4.dll+4a032|C:\\Windows\\SYSTEM32\\ntdll.dll+20330|C:\\Windows\\SYSTEM32\\ntdll.dll+52f86|C:\\Windows\\System32\\KERNEL32.DLL+17344|C:\\Windows\\SYSTEM32\\ntdll.dll+526b1", "EventData_SourceUser": "NT AUTHORITY\\NETWORK SERVICE", "EventData_TargetUser": "DESKTOP-P5C3MUD\\user"}
{"Provider_Name": "Microsoft-Windows-Sysmon", "Provider_Guid": "{5770385f-c22a-43e0-bf4c-06f5698ffbd9}", "Provider": null, "EventID_Qualifiers": "", "EventID": "10", "Version": "3", "Level": "4", "Task": "10", "Opcode": "0", "Keywords": "0x8000000000000000", "TimeCreated_SystemTime": "2023-09-27 04:33:02.750053", "TimeCreated": null, "EventRecordID": "29011", "Correlation_ActivityID": "", "Correlation_RelatedActivityID": "", "Correlation": null, "Execution_ProcessID": "3368", "Execution_ThreadID": "4984", "Execution": null, "Channel": "Microsoft-Windows-Sysmon/Operational", "Computer": "DESKTOP-P5C3MUD", "Security_UserID": "S-1-5-18", "Security": null, "EventData_RuleName": "-", "EventData_UtcTime": "2023-09-27 04:33:02.749", "EventData_SourceProcessGUID": "{4557fbaa-e84e-6502-ef00-000000000c00}", "EventData_SourceProcessId": "1092", "EventData_SourceThreadId": "7116", "EventData_SourceImage": "C:\\Windows\\system32\\svchost.exe", "EventData_TargetProcessGUID": "{4557fbaa-e7c6-6502-1000-000000000c00}", "EventData_TargetProcessId": "992", "EventData_TargetImage": "C:\\Windows\\system32\\svchost.exe", "EventData_GrantedAccess": "0x001014c0", "EventData_CallTrace": "C:\\Windows\\SYSTEM32\\ntdll.dll+9d314|c:\\windows\\system32\\appinfo.dll+173fe|c:\\windows\\system32\\appinfo.dll+23170|C:\\Windows\\System32\\RPCRT4.dll+4826b|C:\\Windows\\System32\\RPCRT4.dll+466cd|C:\\Windows\\System32\\RPCRT4.dll+45eb1|C:\\Windows\\System32\\RPCRT4.dll+4591e|C:\\Windows\\System32\\RPCRT4.dll+4a032|C:\\Windows\\SYSTEM32\\ntdll.dll+20330|C:\\Windows\\SYSTEM32\\ntdll.dll+52f86|C:\\Windows\\System32\\KERNEL32.DLL+17344|C:\\Windows\\SYSTEM32\\ntdll.dll+526b1", "EventData_SourceUser": "NT AUTHORITY\\SYSTEM", "EventData_TargetUser": "NT AUTHORITY\\NETWORK SERVICE"}
{"Provider_Name": "Microsoft-Windows-Sysmon", "Provider_Guid": "{5770385f-c22a-43e0-bf4c-06f5698ffbd9}", "Provider": null, "EventID_Qualifiers": "", "EventID": "10", "Version": "3", "Level": "4", "Task": "10", "Opcode": "0", "Keywords": "0x8000000000000000", "TimeCreated_SystemTime": "2023-09-27 04:33:02.750122", "TimeCreated": null, "EventRecordID": "29012", "Correlation_ActivityID": "", "Correlation_RelatedActivityID": "", "Correlation": null, "Execution_ProcessID": "3368", "Execution_ThreadID": "4984", "Execution": null, "Channel": "Microsoft-Windows-Sysmon/Operational", "Computer": "DESKTOP-P5C3MUD", "Security_UserID": "S-1-5-18", "Security": null, "EventData_RuleName": "-", "EventData_UtcTime": "2023-09-27 04:33:02.749", "EventData_SourceProcessGUID": "{4557fbaa-e84e-6502-ef00-000000000c00}", "EventData_SourceProcessId": "1092", "EventData_SourceThreadId": "7116", "EventData_SourceImage": "C:\\Windows\\system32\\svchost.exe", "EventData_TargetProcessGUID": "{4557fbaa-e7c6-6502-1000-000000000c00}", "EventData_TargetProcessId": "992", "EventData_TargetImage": "C:\\Windows\\system32\\svchost.exe", "EventData_GrantedAccess": "0x001014c0", "EventData_CallTrace": "C:\\Windows\\SYSTEM32\\ntdll.dll+9d314|c:\\windows\\system32\\appinfo.dll+173fe|c:\\windows\\system32\\appinfo.dll+22ec0|c:\\windows\\system32\\appinfo.dll+239b6|C:\\Windows\\System32\\RPCRT4.dll+7b4b3|C:\\Windows\\System32\\RPCRT4.dll+dc5ea|C:\\Windows\\System32\\RPCRT4.dll+59188|C:\\Windows\\System32\\RPCRT4.dll+3a3a6|C:\\Windows\\System32\\RPCRT4.dll+39fd6|C:\\Windows\\System32\\RPCRT4.dll+4730f|C:\\Windows\\System32\\RPCRT4.dll+468c8|C:\\Windows\\System32\\RPCRT4.dll+45eb1|C:\\Windows\\System32\\RPCRT4.dll+4591e|C:\\Windows\\System32\\RPCRT4.dll+4a032|C:\\Windows\\SYSTEM32\\ntdll.dll+20330|C:\\Windows\\SYSTEM32\\ntdll.dll+52f86|C:\\Windows\\System32\\KERNEL32.DLL+17344|C:\\Windows\\SYSTEM32\\ntdll.dll+526b1", "EventData_SourceUser": "NT AUTHORITY\\SYSTEM", "EventData_TargetUser": "NT AUTHORITY\\NETWORK SERVICE"}
{"Provider_Name": "Microsoft-Windows-Sysmon", "Provider_Guid": "{5770385f-c22a-43e0-bf4c-06f5698ffbd9}", "Provider": null, "EventID_Qualifiers": "", "EventID": "1", "Version": "5", "Level": "4", "Task": "1", "Opcode": "0", "Keywords": "0x8000000000000000", "TimeCreated_SystemTime": "2023-09-27 04:33:02.754826", "TimeCreated": null, "EventRecordID": "29013", "Correlation_ActivityID": "", "Correlation_RelatedActivityID": "", "Correlation": null, "Execution_ProcessID": "3368", "Execution_ThreadID": "4984", "Execution": null, "Channel": "Microsoft-Windows-Sysmon/Operational", "Computer": "DESKTOP-P5C3MUD", "Security_UserID": "S-1-5-18", "Security": null, "EventData_RuleName": "-", "EventData_UtcTime": "2023-09-27 04:33:02.750", "EventData_ProcessGuid": "{4557fbaa-b07e-6513-8925-000000000c00}", "EventData_ProcessId": "8244", "EventData_Image": "C:\\Windows\\System32\\consent.exe", "EventData_FileVersion": "10.0.19041.1865 (WinBuild.160101.0800)", "EventData_Description": "Consent UI for administrative applications", "EventData_Product": "Microsoft\u00ae Windows\u00ae Operating System", "EventData_Company": "Microsoft Corporation", "EventData_OriginalFileName": "consent.exe", "EventData_CommandLine": "consent.exe 1092 334 0000017BE4C101D0", "EventData_CurrentDirectory": "C:\\Windows\\system32\\", "EventData_User": "NT AUTHORITY\\SYSTEM", "EventData_LogonGuid": "{4557fbaa-e7c4-6502-e703-000000000000}", "EventData_LogonId": "0x00000000000003e7", "EventData_TerminalSessionId": "1", "EventData_IntegrityLevel": "System", "EventData_Hashes": "SHA1=F766665736B999B6D5F641DDBF145D028329D91E,MD5=DD5032EF160209E470E2612A8A3D5F59,SHA256=7FF00DE6D57E83E0A3D566935C7557F11F9B12270529582987FF14EE65502EA6,IMPHASH=7001337914CFB426620F508E54CDF72F", "EventData_ParentProcessGuid": "{4557fbaa-e84e-6502-ef00-000000000c00}", "EventData_ParentProcessId": "1092", "EventData_ParentImage": "C:\\Windows\\System32\\svchost.exe", "EventData_ParentCommandLine": "C:\\Windows\\system32\\svchost.exe -k netsvcs -p -s Appinfo", "EventData_ParentUser": "NT AUTHORITY\\SYSTEM"}
