{"Provider_Name": "Microsoft-Windows-Sysmon", "Provider_Guid": "{5770385f-c22a-43e0-bf4c-06f5698ffbd9}", "Provider": null, "EventID_Qualifiers": "", "EventID": "7", "Version": "3", "Level": "4", "Task": "7", "Opcode": "0", "Keywords": "0x8000000000000000", "TimeCreated_SystemTime": "2023-09-27 01:43:08.789440", "TimeCreated": null, "EventRecordID": "27599", "Correlation_ActivityID": "", "Correlation_RelatedActivityID": "", "Correlation": null, "Execution_ProcessID": "3368", "Execution_ThreadID": "4984", "Execution": null, "Channel": "Microsoft-Windows-Sysmon/Operational", "Computer": "DESKTOP-P5C3MUD", "Security_UserID": "S-1-5-18", "Security": null, "EventData_RuleName": "-", "EventData_UtcTime": "2023-09-27 01:43:08.778", "EventData_ProcessGuid": "{4557fbaa-88ac-6513-a124-000000000c00}", "EventData_ProcessId": "10448", "EventData_Image": "E:\\Software\\Microsoft Visual Studio\\VC\\Tools\\MSVC\\14.37.32822\\bin\\Hostx86\\x86\\vctip.exe", "EventData_ImageLoaded": "C:\\Windows\\SysWOW64\\psapi.dll", "EventData_FileVersion": "10.0.19041.546 (WinBuild.160101.0800)", "EventData_Description": "Process Status Helper", "EventData_Product": "Microsoft\u00ae Windows\u00ae Operating System", "EventData_Company": "Microsoft Corporation", "EventData_OriginalFileName": "PSAPI", "EventData_Hashes": "SHA1=C3EB735B1C8C1DADAB0D5A55D1F6240F35A0EFD1,MD5=568355DCCCCE8141DCAAA5B222FA5ABF,SHA256=927183EE69F11D9B979C1DA51A3A973274EC684BB9361696C7423298A5055869,IMPHASH=C92635D501F395C41AE84007194A43CD", "EventData_Signed": "true", "EventData_Signature": "Microsoft Windows", "EventData_SignatureStatus": "Valid", "EventData_User": "DESKTOP-P5C3MUD\\user"}
{"Provider_Name": "Microsoft-Windows-Sysmon", "Provider_Guid": "{5770385f-c22a-43e0-bf4c-06f5698ffbd9}", "Provider": null, "EventID_Qualifiers": "", "EventID": "7", "Version": "3", "Level": "4", "Task": "7", "Opcode": "0", "Keywords": "0x8000000000000000", "TimeCreated_SystemTime": "2023-09-27 01:43:08.795111", "TimeCreated": null, "EventRecordID": "27600", "Correlation_ActivityID": "", "Correlation_RelatedActivityID": "", "Correlation": null, "Execution_ProcessID": "3368", "Execution_ThreadID": "4984", "Execution": null, "Channel": "Microsoft-Windows-Sysmon/Operational", "Computer": "DESKTOP-P5C3MUD", "Security_UserID": "S-1-5-18", "Security": null, "EventData_RuleName": "-", "EventData_UtcTime": "2023-09-27 01:43:08.794", "EventData_ProcessGuid": "{4557fbaa-88ac-6513-a124-000000000c00}", "EventData_ProcessId": "10448", "EventData_Image": "E:\\Software\\Microsoft Visual Studio\\VC\\Tools\\MSVC\\14.37.32822\\bin\\Hostx86\\x86\\vctip.exe", "EventData_ImageLoaded": "C:\\Windows\\SysWOW64\\rasapi32.dll", "EventData_FileVersion": "10.0.19041.1865 (WinBuild.160101.0800)", "EventData_Description": "Remote Access API", "EventData_Product": "Microsoft\u00ae Windows\u00ae Operating System", "EventData_Company": "Microsoft Corporation", "EventData_OriginalFileName": "rasapi32.dll", "EventData_Hashes": "SHA1=8854964A680E4DD89BA27D97CC9957D59A103DB1,MD5=9E46B41BD79CBA1341A1FA01BC835469,SHA256=B3F762D340AB469296480008D9A99EAB8DD192ACF3325E5AD1C59B2B3C0BCB5F,IMPHASH=F76EB790ED22CC089A4E45F5D7C9A899", "EventData_Signed": "true", "EventData_Signature": "Microsoft Windows", "EventData_SignatureStatus": "Valid", "EventData_User": "DESKTOP-P5C3MUD\\user"}
{"Provider_Name": "Microsoft-Windows-Sysmon", "Provider_Guid": "{5770385f-c22a-43e0-bf4c-06f5698ffbd9}", "Provider": null, "EventID_Qualifiers": "", "EventID": "26", "Version": "5", "Level": "4", "Task": "26", "Opcode": "0", "Keywords": "0x8000000000000000", "TimeCreated_SystemTime": "2023-09-27 01:43:08.795139", "TimeCreated": null, "EventRecordID": "27601", "Correlation_ActivityID": "", "Correlation_RelatedActivityID": "", "Correlation": null, "Execution_ProcessID": "3368", "Execution_ThreadID": "4984", "Execution": null, "Channel": "Microsoft-Windows-Sysmon/Operational", "Computer": "DESKTOP-P5C3MUD", "Security_UserID": "S-1-5-18", "Security": null, "EventData_RuleName": "-", "EventData_UtcTime": "2023-09-27 01:43:08.794", "EventData_ProcessGuid": "{4557fbaa-8862-6513-7a24-000000000c00}", "EventData_ProcessId": "13996", "EventData_User": "DESKTOP-P5C3MUD\\user", "EventData_Image": "E:\\Software\\Microsoft Visual Studio\\MSBuild\\Current\\Bin\\amd64\\MSBuild.exe", "EventData_TargetFilename": "E:\\Experiment\\WINDOWS\u9ed1\u5ba2\u7f16\u7a0b\u6280\u672f\u8be6\u89e3-\u914d\u5957\u8d44\u6e90\\\u7528\u6237\u5c42\\6\\Bypass UAC\\BypassUAC1_Test\\BypassUAC1_Test\\Debug\\BypassUAC1_Test.tlog\\link.write.1.tlog", "EventData_Hashes": "SHA1=9428B3D941A598E41BFB74CBA00D96DDE20BAE67,MD5=223F55A0474E15E4BAC7D0D88D8FAEFC,SHA256=34404DBADAA260BA7411C0D2FE6FC8161584155402206D8CA27C64F75E3F8C1B,IMPHASH=00000000000000000000000000000000", "EventData_IsExecutable": "False"}
{"Provider_Name": "Microsoft-Windows-Sysmon", "Provider_Guid": "{5770385f-c22a-43e0-bf4c-06f5698ffbd9}", "Provider": null, "EventID_Qualifiers": "", "EventID": "11", "Version": "2", "Level": "4", "Task": "11", "Opcode": "0", "Keywords": "0x8000000000000000", "TimeCreated_SystemTime": "2023-09-27 01:43:08.795160", "TimeCreated": null, "EventRecordID": "27602", "Correlation_ActivityID": "", "Correlation_RelatedActivityID": "", "Correlation": null, "Execution_ProcessID": "3368", "Execution_ThreadID": "4984", "Execution": null, "Channel": "Microsoft-Windows-Sysmon/Operational", "Computer": "DESKTOP-P5C3MUD", "Security_UserID": "S-1-5-18", "Security": null, "EventData_RuleName": "-", "EventData_UtcTime": "2023-09-27 01:43:08.794", "EventData_ProcessGuid": "{4557fbaa-8862-6513-7a24-000000000c00}", "EventData_ProcessId": "13996", "EventData_Image": "E:\\Software\\Microsoft Visual Studio\\MSBuild\\Current\\Bin\\amd64\\MSBuild.exe", "EventData_TargetFilename": "E:\\Experiment\\WINDOWS\u9ed1\u5ba2\u7f16\u7a0b\u6280\u672f\u8be6\u89e3-\u914d\u5957\u8d44\u6e90\\\u7528\u6237\u5c42\\6\\Bypass UAC\\BypassUAC1_Test\\BypassUAC1_Test\\Debug\\BypassUAC1_Test.tlog\\link.write.1.tlog", "EventData_CreationUtcTime": "2023-09-27 01:42:02.200", "EventData_User": "DESKTOP-P5C3MUD\\user"}
{"Provider_Name": "Microsoft-Windows-Sysmon", "Provider_Guid": "{5770385f-c22a-43e0-bf4c-06f5698ffbd9}", "Provider": null, "EventID_Qualifiers": "", "EventID": "26", "Version": "5", "Level": "4", "Task": "26", "Opcode": "0", "Keywords": "0x8000000000000000", "TimeCreated_SystemTime": "2023-09-27 01:43:08.795595", "TimeCreated": null, "EventRecordID": "27603", "Correlation_ActivityID": "", "Correlation_RelatedActivityID": "", "Correlation": null, "Execution_ProcessID": "3368", "Execution_ThreadID": "4984", "Execution": null, "Channel": "Microsoft-Windows-Sysmon/Operational", "Computer": "DESKTOP-P5C3MUD", "Security_UserID": "S-1-5-18", "Security": null, "EventData_RuleName": "-", "EventData_UtcTime": "2023-09-27 01:43:08.794", "EventData_ProcessGuid": "{4557fbaa-8862-6513-7a24-000000000c00}", "EventData_ProcessId": "13996", "EventData_User": "DESKTOP-P5C3MUD\\user", "EventData_Image": "E:\\Software\\Microsoft Visual Studio\\MSBuild\\Current\\Bin\\amd64\\MSBuild.exe", "EventData_TargetFilename": "E:\\Experiment\\WINDOWS\u9ed1\u5ba2\u7f16\u7a0b\u6280\u672f\u8be6\u89e3-\u914d\u5957\u8d44\u6e90\\\u7528\u6237\u5c42\\6\\Bypass UAC\\BypassUAC1_Test\\BypassUAC1_Test\\Debug\\BypassUAC1_Test.tlog\\link-cvtres.write.1.tlog", "EventData_Hashes": "SHA1=F96AB7A3899F58E916CD5260EA726FE0A2EE254C,MD5=48043723446419A098143533C5584E2E,SHA256=FED2DCC0D1AB3B2E4B917112C4AB64E448A718E740FB630F5F8636A37CD6126B,IMPHASH=00000000000000000000000000000000", "EventData_IsExecutable": "False"}
{"Provider_Name": "Microsoft-Windows-Sysmon", "Provider_Guid": "{5770385f-c22a-43e0-bf4c-06f5698ffbd9}", "Provider": null, "EventID_Qualifiers": "", "EventID": "7", "Version": "3", "Level": "4", "Task": "7", "Opcode": "0", "Keywords": "0x8000000000000000", "TimeCreated_SystemTime": "2023-09-27 01:43:08.795980", "TimeCreated": null, "EventRecordID": "27604", "Correlation_ActivityID": "", "Correlation_RelatedActivityID": "", "Correlation": null, "Execution_ProcessID": "3368", "Execution_ThreadID": "4984", "Execution": null, "Channel": "Microsoft-Windows-Sysmon/Operational", "Computer": "DESKTOP-P5C3MUD", "Security_UserID": "S-1-5-18", "Security": null, "EventData_RuleName": "-", "EventData_UtcTime": "2023-09-27 01:43:08.794", "EventData_ProcessGuid": "{4557fbaa-88ac-6513-a124-000000000c00}", "EventData_ProcessId": "10448", "EventData_Image": "E:\\Software\\Microsoft Visual Studio\\VC\\Tools\\MSVC\\14.37.32822\\bin\\Hostx86\\x86\\vctip.exe", "EventData_ImageLoaded": "C:\\Windows\\SysWOW64\\rasman.dll", "EventData_FileVersion": "10.0.19041.1949 (WinBuild.160101.0800)", "EventData_Description": "Remote Access Connection Manager", "EventData_Product": "Microsoft\u00ae Windows\u00ae Operating System", "EventData_Company": "Microsoft Corporation", "EventData_OriginalFileName": "Rasman.dll", "EventData_Hashes": "SHA1=5B5BC0336A5F8157F02AA16B8044D1434F139D0C,MD5=0FC64334C47ED73226F0A8A245B9012B,SHA256=42ABB306C1278B36CAEF57EBD5C3074EC50E0C7CB8B5E35C5981FDC5B1E38887,IMPHASH=23458D5DF6D8EE94EE2F70CDCFE0414A", "EventData_Signed": "true", "EventData_Signature": "Microsoft Windows", "EventData_SignatureStatus": "Valid", "EventData_User": "DESKTOP-P5C3MUD\\user"}
{"Provider_Name": "Microsoft-Windows-Sysmon", "Provider_Guid": "{5770385f-c22a-43e0-bf4c-06f5698ffbd9}", "Provider": null, "EventID_Qualifiers": "", "EventID": "11", "Version": "2", "Level": "4", "Task": "11", "Opcode": "0", "Keywords": "0x8000000000000000", "TimeCreated_SystemTime": "2023-09-27 01:43:08.796001", "TimeCreated": null, "EventRecordID": "27605", "Correlation_ActivityID": "", "Correlation_RelatedActivityID": "", "Correlation": null, "Execution_ProcessID": "3368", "Execution_ThreadID": "4984", "Execution": null, "Channel": "Microsoft-Windows-Sysmon/Operational", "Computer": "DESKTOP-P5C3MUD", "Security_UserID": "S-1-5-18", "Security": null, "EventData_RuleName": "-", "EventData_UtcTime": "2023-09-27 01:43:08.794", "EventData_ProcessGuid": "{4557fbaa-8862-6513-7a24-000000000c00}", "EventData_ProcessId": "13996", "EventData_Image": "E:\\Software\\Microsoft Visual Studio\\MSBuild\\Current\\Bin\\amd64\\MSBuild.exe", "EventData_TargetFilename": "E:\\Experiment\\WINDOWS\u9ed1\u5ba2\u7f16\u7a0b\u6280\u672f\u8be6\u89e3-\u914d\u5957\u8d44\u6e90\\\u7528\u6237\u5c42\\6\\Bypass UAC\\BypassUAC1_Test\\BypassUAC1_Test\\Debug\\BypassUAC1_Test.tlog\\link-cvtres.write.1.tlog", "EventData_CreationUtcTime": "2023-09-27 01:43:07.294", "EventData_User": "DESKTOP-P5C3MUD\\user"}
{"Provider_Name": "Microsoft-Windows-Sysmon", "Provider_Guid": "{5770385f-c22a-43e0-bf4c-06f5698ffbd9}", "Provider": null, "EventID_Qualifiers": "", "EventID": "26", "Version": "5", "Level": "4", "Task": "26", "Opcode": "0", "Keywords": "0x8000000000000000", "TimeCreated_SystemTime": "2023-09-27 01:43:08.796511", "TimeCreated": null, "EventRecordID": "27606", "Correlation_ActivityID": "", "Correlation_RelatedActivityID": "", "Correlation": null, "Execution_ProcessID": "3368", "Execution_ThreadID": "4984", "Execution": null, "Channel": "Microsoft-Windows-Sysmon/Operational", "Computer": "DESKTOP-P5C3MUD", "Security_UserID": "S-1-5-18", "Security": null, "EventData_RuleName": "-", "EventData_UtcTime": "2023-09-27 01:43:08.794", "EventData_ProcessGuid": "{4557fbaa-8862-6513-7a24-000000000c00}", "EventData_ProcessId": "13996", "EventData_User": "DESKTOP-P5C3MUD\\user", "EventData_Image": "E:\\Software\\Microsoft Visual Studio\\MSBuild\\Current\\Bin\\amd64\\MSBuild.exe", "EventData_TargetFilename": "E:\\Experiment\\WINDOWS\u9ed1\u5ba2\u7f16\u7a0b\u6280\u672f\u8be6\u89e3-\u914d\u5957\u8d44\u6e90\\\u7528\u6237\u5c42\\6\\Bypass UAC\\BypassUAC1_Test\\BypassUAC1_Test\\Debug\\BypassUAC1_Test.tlog\\link-rc.write.1.tlog", "EventData_Hashes": "SHA1=771C453880BDBACE4C6F06F5E97351E288A09F18,MD5=1BCA7C9B3299950975021AF824F00E94,SHA256=3C2FDF157AE823059C6966BED94C726BF336795ED7366C46FA2B69FA2E6A3EB2,IMPHASH=00000000000000000000000000000000", "EventData_IsExecutable": "False"}
{"Provider_Name": "Microsoft-Windows-Sysmon", "Provider_Guid": "{5770385f-c22a-43e0-bf4c-06f5698ffbd9}", "Provider": null, "EventID_Qualifiers": "", "EventID": "11", "Version": "2", "Level": "4", "Task": "11", "Opcode": "0", "Keywords": "0x8000000000000000", "TimeCreated_SystemTime": "2023-09-27 01:43:08.796669", "TimeCreated": null, "EventRecordID": "27607", "Correlation_ActivityID": "", "Correlation_RelatedActivityID": "", "Correlation": null, "Execution_ProcessID": "3368", "Execution_ThreadID": "4984", "Execution": null, "Channel": "Microsoft-Windows-Sysmon/Operational", "Computer": "DESKTOP-P5C3MUD", "Security_UserID": "S-1-5-18", "Security": null, "EventData_RuleName": "-", "EventData_UtcTime": "2023-09-27 01:43:08.794", "EventData_ProcessGuid": "{4557fbaa-8862-6513-7a24-000000000c00}", "EventData_ProcessId": "13996", "EventData_Image": "E:\\Software\\Microsoft Visual Studio\\MSBuild\\Current\\Bin\\amd64\\MSBuild.exe", "EventData_TargetFilename": "E:\\Experiment\\WINDOWS\u9ed1\u5ba2\u7f16\u7a0b\u6280\u672f\u8be6\u89e3-\u914d\u5957\u8d44\u6e90\\\u7528\u6237\u5c42\\6\\Bypass UAC\\BypassUAC1_Test\\BypassUAC1_Test\\Debug\\BypassUAC1_Test.tlog\\link-rc.write.1.tlog", "EventData_CreationUtcTime": "2023-09-27 01:43:07.231", "EventData_User": "DESKTOP-P5C3MUD\\user"}
{"Provider_Name": "Microsoft-Windows-Sysmon", "Provider_Guid": "{5770385f-c22a-43e0-bf4c-06f5698ffbd9}", "Provider": null, "EventID_Qualifiers": "", "EventID": "7", "Version": "3", "Level": "4", "Task": "7", "Opcode": "0", "Keywords": "0x8000000000000000", "TimeCreated_SystemTime": "2023-09-27 01:43:08.797070", "TimeCreated": null, "EventRecordID": "27608", "Correlation_ActivityID": "", "Correlation_RelatedActivityID": "", "Correlation": null, "Execution_ProcessID": "3368", "Execution_ThreadID": "4984", "Execution": null, "Channel": "Microsoft-Windows-Sysmon/Operational", "Computer": "DESKTOP-P5C3MUD", "Security_UserID": "S-1-5-18", "Security": null, "EventData_RuleName": "-", "EventData_UtcTime": "2023-09-27 01:43:08.794", "EventData_ProcessGuid": "{4557fbaa-88ac-6513-a124-000000000c00}", "EventData_ProcessId": "10448", "EventData_Image": "E:\\Software\\Microsoft Visual Studio\\VC\\Tools\\MSVC\\14.37.32822\\bin\\Hostx86\\x86\\vctip.exe", "EventData_ImageLoaded": "C:\\Windows\\SysWOW64\\rtutils.dll", "EventData_FileVersion": "10.0.19041.3031 (WinBuild.160101.0800)", "EventData_Description": "Routing Utilities", "EventData_Product": "Microsoft\u00ae Windows\u00ae Operating System", "EventData_Company": "Microsoft Corporation", "EventData_OriginalFileName": "RTUTILS.DLL", "EventData_Hashes": "SHA1=E6F0DB3F3F8C1946F007500D2533EEE5459116F6,MD5=CC8C372C192DB430F7D54ACD4156763E,SHA256=32E37FDC10A0878BA6696B06566E75C5CD9F2B1B8D26CD64C7B84FE3D08BBA1C,IMPHASH=038EC293586F71AECE52AC8CE116C53F", "EventData_Signed": "true", "EventData_Signature": "Microsoft Windows", "EventData_SignatureStatus": "Valid", "EventData_User": "DESKTOP-P5C3MUD\\user"}
{"Provider_Name": "Microsoft-Windows-Sysmon", "Provider_Guid": "{5770385f-c22a-43e0-bf4c-06f5698ffbd9}", "Provider": null, "EventID_Qualifiers": "", "EventID": "12", "Version": "2", "Level": "4", "Task": "12", "Opcode": "0", "Keywords": "0x8000000000000000", "TimeCreated_SystemTime": "2023-09-27 01:43:08.797113", "TimeCreated": null, "EventRecordID": "27609", "Correlation_ActivityID": "", "Correlation_RelatedActivityID": "", "Correlation": null, "Execution_ProcessID": "3368", "Execution_ThreadID": "4984", "Execution": null, "Channel": "Microsoft-Windows-Sysmon/Operational", "Computer": "DESKTOP-P5C3MUD", "Security_UserID": "S-1-5-18", "Security": null, "EventData_RuleName": "-", "EventData_EventType": "CreateKey", "EventData_UtcTime": "2023-09-27 01:43:08.794", "EventData_ProcessGuid": "{4557fbaa-88ac-6513-a124-000000000c00}", "EventData_ProcessId": "10448", "EventData_Image": "E:\\Software\\Microsoft Visual Studio\\VC\\Tools\\MSVC\\14.37.32822\\bin\\HostX86\\x86\\VCTIP.EXE", "EventData_TargetObject": "HKLM\\SOFTWARE\\WOW6432Node\\Microsoft\\Tracing", "EventData_User": "DESKTOP-P5C3MUD\\user"}
{"Provider_Name": "Microsoft-Windows-Sysmon", "Provider_Guid": "{5770385f-c22a-43e0-bf4c-06f5698ffbd9}", "Provider": null, "EventID_Qualifiers": "", "EventID": "26", "Version": "5", "Level": "4", "Task": "26", "Opcode": "0", "Keywords": "0x8000000000000000", "TimeCreated_SystemTime": "2023-09-27 01:43:08.797228", "TimeCreated": null, "EventRecordID": "27610", "Correlation_ActivityID": "", "Correlation_RelatedActivityID": "", "Correlation": null, "Execution_ProcessID": "3368", "Execution_ThreadID": "4984", "Execution": null, "Channel": "Microsoft-Windows-Sysmon/Operational", "Computer": "DESKTOP-P5C3MUD", "Security_UserID": "S-1-5-18", "Security": null, "EventData_RuleName": "-", "EventData_UtcTime": "2023-09-27 01:43:08.794", "EventData_ProcessGuid": "{4557fbaa-8862-6513-7a24-000000000c00}", "EventData_ProcessId": "13996", "EventData_User": "DESKTOP-P5C3MUD\\user", "EventData_Image": "E:\\Software\\Microsoft Visual Studio\\MSBuild\\Current\\Bin\\amd64\\MSBuild.exe", "EventData_TargetFilename": "E:\\Experiment\\WINDOWS\u9ed1\u5ba2\u7f16\u7a0b\u6280\u672f\u8be6\u89e3-\u914d\u5957\u8d44\u6e90\\\u7528\u6237\u5c42\\6\\Bypass UAC\\BypassUAC1_Test\\BypassUAC1_Test\\Debug\\BypassUAC1_Test.tlog\\link.write.1.tlog", "EventData_Hashes": "SHA1=D62636D8CAEC13F04E28442A0A6FA1AFEB024BBB,MD5=F3B25701FE362EC84616A93A45CE9998,SHA256=B3D510EF04275CA8E698E5B3CBB0ECE3949EF9252F0CDC839E9EE347409A2209,IMPHASH=00000000000000000000000000000000", "EventData_IsExecutable": "False"}
{"Provider_Name": "Microsoft-Windows-Sysmon", "Provider_Guid": "{5770385f-c22a-43e0-bf4c-06f5698ffbd9}", "Provider": null, "EventID_Qualifiers": "", "EventID": "11", "Version": "2", "Level": "4", "Task": "11", "Opcode": "0", "Keywords": "0x8000000000000000", "TimeCreated_SystemTime": "2023-09-27 01:43:08.797472", "TimeCreated": null, "EventRecordID": "27611", "Correlation_ActivityID": "", "Correlation_RelatedActivityID": "", "Correlation": null, "Execution_ProcessID": "3368", "Execution_ThreadID": "4984", "Execution": null, "Channel": "Microsoft-Windows-Sysmon/Operational", "Computer": "DESKTOP-P5C3MUD", "Security_UserID": "S-1-5-18", "Security": null, "EventData_RuleName": "-", "EventData_UtcTime": "2023-09-27 01:43:08.794", "EventData_ProcessGuid": "{4557fbaa-8862-6513-7a24-000000000c00}", "EventData_ProcessId": "13996", "EventData_Image": "E:\\Software\\Microsoft Visual Studio\\MSBuild\\Current\\Bin\\amd64\\MSBuild.exe", "EventData_TargetFilename": "E:\\Experiment\\WINDOWS\u9ed1\u5ba2\u7f16\u7a0b\u6280\u672f\u8be6\u89e3-\u914d\u5957\u8d44\u6e90\\\u7528\u6237\u5c42\\6\\Bypass UAC\\BypassUAC1_Test\\BypassUAC1_Test\\Debug\\BypassUAC1_Test.tlog\\link.write.1.tlog", "EventData_CreationUtcTime": "2023-09-27 01:42:02.200", "EventData_User": "DESKTOP-P5C3MUD\\user"}
{"Provider_Name": "Microsoft-Windows-Sysmon", "Provider_Guid": "{5770385f-c22a-43e0-bf4c-06f5698ffbd9}", "Provider": null, "EventID_Qualifiers": "", "EventID": "7", "Version": "3", "Level": "4", "Task": "7", "Opcode": "0", "Keywords": "0x8000000000000000", "TimeCreated_SystemTime": "2023-09-27 01:43:08.798012", "TimeCreated": null, "EventRecordID": "27612", "Correlation_ActivityID": "", "Correlation_RelatedActivityID": "", "Correlation": null, "Execution_ProcessID": "3368", "Execution_ThreadID": "4984", "Execution": null, "Channel": "Microsoft-Windows-Sysmon/Operational", "Computer": "DESKTOP-P5C3MUD", "Security_UserID": "S-1-5-18", "Security": null, "EventData_RuleName": "-", "EventData_UtcTime": "2023-09-27 01:43:08.794", "EventData_ProcessGuid": "{4557fbaa-88ac-6513-a124-000000000c00}", "EventData_ProcessId": "10448", "EventData_Image": "E:\\Software\\Microsoft Visual Studio\\VC\\Tools\\MSVC\\14.37.32822\\bin\\Hostx86\\x86\\vctip.exe", "EventData_ImageLoaded": "C:\\Windows\\SysWOW64\\ws2_32.dll", "EventData_FileVersion": "10.0.19041.546 (WinBuild.160101.0800)", "EventData_Description": "Windows Socket 2.0 32-Bit DLL", "EventData_Product": "Microsoft\u00ae Windows\u00ae Operating System", "EventData_Company": "Microsoft Corporation", "EventData_OriginalFileName": "ws2_32.dll", "EventData_Hashes": "SHA1=6C2781EADF53B3742D16DAB2F164BAF813F7AC85,MD5=8D7DB101A7211FE3309DC4DC8CF2DD0A,SHA256=93DB7C9699594CAA19490280842FBEBEC3877278C92128B92E63D75FCD01397A,IMPHASH=EE5D442F1418DBA7B8404A20C0DBBA4F", "EventData_Signed": "true", "EventData_Signature": "Microsoft Windows", "EventData_SignatureStatus": "Valid", "EventData_User": "DESKTOP-P5C3MUD\\user"}
{"Provider_Name": "Microsoft-Windows-Sysmon", "Provider_Guid": "{5770385f-c22a-43e0-bf4c-06f5698ffbd9}", "Provider": null, "EventID_Qualifiers": "", "EventID": "26", "Version": "5", "Level": "4", "Task": "26", "Opcode": "0", "Keywords": "0x8000000000000000", "TimeCreated_SystemTime": "2023-09-27 01:43:08.798237", "TimeCreated": null, "EventRecordID": "27613", "Correlation_ActivityID": "", "Correlation_RelatedActivityID": "", "Correlation": null, "Execution_ProcessID": "3368", "Execution_ThreadID": "4984", "Execution": null, "Channel": "Microsoft-Windows-Sysmon/Operational", "Computer": "DESKTOP-P5C3MUD", "Security_UserID": "S-1-5-18", "Security": null, "EventData_RuleName": "-", "EventData_UtcTime": "2023-09-27 01:43:08.794", "EventData_ProcessGuid": "{4557fbaa-8862-6513-7a24-000000000c00}", "EventData_ProcessId": "13996", "EventData_User": "DESKTOP-P5C3MUD\\user", "EventData_Image": "E:\\Software\\Microsoft Visual Studio\\MSBuild\\Current\\Bin\\amd64\\MSBuild.exe", "EventData_TargetFilename": "E:\\Experiment\\WINDOWS\u9ed1\u5ba2\u7f16\u7a0b\u6280\u672f\u8be6\u89e3-\u914d\u5957\u8d44\u6e90\\\u7528\u6237\u5c42\\6\\Bypass UAC\\BypassUAC1_Test\\BypassUAC1_Test\\Debug\\BypassUAC1_Test.tlog\\link-cvtres.write.1.tlog", "EventData_Hashes": "SHA1=D62636D8CAEC13F04E28442A0A6FA1AFEB024BBB,MD5=F3B25701FE362EC84616A93A45CE9998,SHA256=B3D510EF04275CA8E698E5B3CBB0ECE3949EF9252F0CDC839E9EE347409A2209,IMPHASH=00000000000000000000000000000000", "EventData_IsExecutable": "False"}
{"Provider_Name": "Microsoft-Windows-Sysmon", "Provider_Guid": "{5770385f-c22a-43e0-bf4c-06f5698ffbd9}", "Provider": null, "EventID_Qualifiers": "", "EventID": "26", "Version": "5", "Level": "4", "Task": "26", "Opcode": "0", "Keywords": "0x8000000000000000", "TimeCreated_SystemTime": "2023-09-27 01:43:08.798710", "TimeCreated": null, "EventRecordID": "27614", "Correlation_ActivityID": "", "Correlation_RelatedActivityID": "", "Correlation": null, "Execution_ProcessID": "3368", "Execution_ThreadID": "4984", "Execution": null, "Channel": "Microsoft-Windows-Sysmon/Operational", "Computer": "DESKTOP-P5C3MUD", "Security_UserID": "S-1-5-18", "Security": null, "EventData_RuleName": "-", "EventData_UtcTime": "2023-09-27 01:43:08.794", "EventData_ProcessGuid": "{4557fbaa-8862-6513-7a24-000000000c00}", "EventData_ProcessId": "13996", "EventData_User": "DESKTOP-P5C3MUD\\user", "EventData_Image": "E:\\Software\\Microsoft Visual Studio\\MSBuild\\Current\\Bin\\amd64\\MSBuild.exe", "EventData_TargetFilename": "E:\\Experiment\\WINDOWS\u9ed1\u5ba2\u7f16\u7a0b\u6280\u672f\u8be6\u89e3-\u914d\u5957\u8d44\u6e90\\\u7528\u6237\u5c42\\6\\Bypass UAC\\BypassUAC1_Test\\BypassUAC1_Test\\Debug\\BypassUAC1_Test.tlog\\link-rc.write.1.tlog", "EventData_Hashes": "SHA1=D62636D8CAEC13F04E28442A0A6FA1AFEB024BBB,MD5=F3B25701FE362EC84616A93A45CE9998,SHA256=B3D510EF04275CA8E698E5B3CBB0ECE3949EF9252F0CDC839E9EE347409A2209,IMPHASH=00000000000000000000000000000000", "EventData_IsExecutable": "False"}
{"Provider_Name": "Microsoft-Windows-Sysmon", "Provider_Guid": "{5770385f-c22a-43e0-bf4c-06f5698ffbd9}", "Provider": null, "EventID_Qualifiers": "", "EventID": "26", "Version": "5", "Level": "4", "Task": "26", "Opcode": "0", "Keywords": "0x8000000000000000", "TimeCreated_SystemTime": "2023-09-27 01:43:08.799698", "TimeCreated": null, "EventRecordID": "27615", "Correlation_ActivityID": "", "Correlation_RelatedActivityID": "", "Correlation": null, "Execution_ProcessID": "3368", "Execution_ThreadID": "4984", "Execution": null, "Channel": "Microsoft-Windows-Sysmon/Operational", "Computer": "DESKTOP-P5C3MUD", "Security_UserID": "S-1-5-18", "Security": null, "EventData_RuleName": "-", "EventData_UtcTime": "2023-09-27 01:43:08.794", "EventData_ProcessGuid": "{4557fbaa-8862-6513-7a24-000000000c00}", "EventData_ProcessId": "13996", "EventData_User": "DESKTOP-P5C3MUD\\user", "EventData_Image": "E:\\Software\\Microsoft Visual Studio\\MSBuild\\Current\\Bin\\amd64\\MSBuild.exe", "EventData_TargetFilename": "E:\\Experiment\\WINDOWS\u9ed1\u5ba2\u7f16\u7a0b\u6280\u672f\u8be6\u89e3-\u914d\u5957\u8d44\u6e90\\\u7528\u6237\u5c42\\6\\Bypass UAC\\BypassUAC1_Test\\BypassUAC1_Test\\Debug\\BypassUAC1_Test.tlog\\link.read.1.tlog", "EventData_Hashes": "SHA1=FC9042C7F659476A007E06F8775F47C54E1E3308,MD5=151D9055B900BDD40054149D4438B784,SHA256=1EDCA228D321D37484496392B18617E73F3AB1C46B1A59D4AD9440C96465D55F,IMPHASH=00000000000000000000000000000000", "EventData_IsExecutable": "False"}
{"Provider_Name": "Microsoft-Windows-Sysmon", "Provider_Guid": "{5770385f-c22a-43e0-bf4c-06f5698ffbd9}", "Provider": null, "EventID_Qualifiers": "", "EventID": "7", "Version": "3", "Level": "4", "Task": "7", "Opcode": "0", "Keywords": "0x8000000000000000", "TimeCreated_SystemTime": "2023-09-27 01:43:08.800135", "TimeCreated": null, "EventRecordID": "27616", "Correlation_ActivityID": "", "Correlation_RelatedActivityID": "", "Correlation": null, "Execution_ProcessID": "3368", "Execution_ThreadID": "4984", "Execution": null, "Channel": "Microsoft-Windows-Sysmon/Operational", "Computer": "DESKTOP-P5C3MUD", "Security_UserID": "S-1-5-18", "Security": null, "EventData_RuleName": "-", "EventData_UtcTime": "2023-09-27 01:43:08.794", "EventData_ProcessGuid": "{4557fbaa-88ac-6513-a124-000000000c00}", "EventData_ProcessId": "10448", "EventData_Image": "E:\\Software\\Microsoft Visual Studio\\VC\\Tools\\MSVC\\14.37.32822\\bin\\Hostx86\\x86\\vctip.exe", "EventData_ImageLoaded": "C:\\Windows\\SysWOW64\\mswsock.dll", "EventData_FileVersion": "10.0.19041.546 (WinBuild.160101.0800)", "EventData_Description": "Microsoft Windows Sockets 2.0 Service Provider", "EventData_Product": "Microsoft\u00ae Windows\u00ae Operating System", "EventData_Company": "Microsoft Corporation", "EventData_OriginalFileName": "mswsock.dll", "EventData_Hashes": "SHA1=8ACD6BED9113D021C60ED490E9842E247992C237,MD5=32ACBB4A0F2EB31E8E69AEF3CBCD8B73,SHA256=D0A0FA22428119878FBB3D451FFFDD21602C9196FFE5EFB989F44816D3280C6E,IMPHASH=071027C1CB3C97B7FB28CFC5C2C5A45C", "EventData_Signed": "true", "EventData_Signature": "Microsoft Windows", "EventData_SignatureStatus": "Valid", "EventData_User": "DESKTOP-P5C3MUD\\user"}
{"Provider_Name": "Microsoft-Windows-Sysmon", "Provider_Guid": "{5770385f-c22a-43e0-bf4c-06f5698ffbd9}", "Provider": null, "EventID_Qualifiers": "", "EventID": "11", "Version": "2", "Level": "4", "Task": "11", "Opcode": "0", "Keywords": "0x8000000000000000", "TimeCreated_SystemTime": "2023-09-27 01:43:08.800154", "TimeCreated": null, "EventRecordID": "27617", "Correlation_ActivityID": "", "Correlation_RelatedActivityID": "", "Correlation": null, "Execution_ProcessID": "3368", "Execution_ThreadID": "4984", "Execution": null, "Channel": "Microsoft-Windows-Sysmon/Operational", "Computer": "DESKTOP-P5C3MUD", "Security_UserID": "S-1-5-18", "Security": null, "EventData_RuleName": "-", "EventData_UtcTime": "2023-09-27 01:43:08.794", "EventData_ProcessGuid": "{4557fbaa-8862-6513-7a24-000000000c00}", "EventData_ProcessId": "13996", "EventData_Image": "E:\\Software\\Microsoft Visual Studio\\MSBuild\\Current\\Bin\\amd64\\MSBuild.exe", "EventData_TargetFilename": "E:\\Experiment\\WINDOWS\u9ed1\u5ba2\u7f16\u7a0b\u6280\u672f\u8be6\u89e3-\u914d\u5957\u8d44\u6e90\\\u7528\u6237\u5c42\\6\\Bypass UAC\\BypassUAC1_Test\\BypassUAC1_Test\\Debug\\BypassUAC1_Test.tlog\\link.read.1.tlog", "EventData_CreationUtcTime": "2023-09-27 01:42:02.184", "EventData_User": "DESKTOP-P5C3MUD\\user"}
{"Provider_Name": "Microsoft-Windows-Sysmon", "Provider_Guid": "{5770385f-c22a-43e0-bf4c-06f5698ffbd9}", "Provider": null, "EventID_Qualifiers": "", "EventID": "26", "Version": "5", "Level": "4", "Task": "26", "Opcode": "0", "Keywords": "0x8000000000000000", "TimeCreated_SystemTime": "2023-09-27 01:43:08.800621", "TimeCreated": null, "EventRecordID": "27618", "Correlation_ActivityID": "", "Correlation_RelatedActivityID": "", "Correlation": null, "Execution_ProcessID": "3368", "Execution_ThreadID": "4984", "Execution": null, "Channel": "Microsoft-Windows-Sysmon/Operational", "Computer": "DESKTOP-P5C3MUD", "Security_UserID": "S-1-5-18", "Security": null, "EventData_RuleName": "-", "EventData_UtcTime": "2023-09-27 01:43:08.794", "EventData_ProcessGuid": "{4557fbaa-8862-6513-7a24-000000000c00}", "EventData_ProcessId": "13996", "EventData_User": "DESKTOP-P5C3MUD\\user", "EventData_Image": "E:\\Software\\Microsoft Visual Studio\\MSBuild\\Current\\Bin\\amd64\\MSBuild.exe", "EventData_TargetFilename": "E:\\Experiment\\WINDOWS\u9ed1\u5ba2\u7f16\u7a0b\u6280\u672f\u8be6\u89e3-\u914d\u5957\u8d44\u6e90\\\u7528\u6237\u5c42\\6\\Bypass UAC\\BypassUAC1_Test\\BypassUAC1_Test\\Debug\\BypassUAC1_Test.tlog\\link-cvtres.read.1.tlog", "EventData_Hashes": "SHA1=507EE11AA5B82C786AFD154BE4F85E0606D12422,MD5=F8292F05B0197A73A2F0CA402EA99E2A,SHA256=1D0DC18073187CC879F74E63DD00A3AB0080050DA79F0ABFA19D1F2C6D223B24,IMPHASH=00000000000000000000000000000000", "EventData_IsExecutable": "False"}
{"Provider_Name": "Microsoft-Windows-Sysmon", "Provider_Guid": "{5770385f-c22a-43e0-bf4c-06f5698ffbd9}", "Provider": null, "EventID_Qualifiers": "", "EventID": "11", "Version": "2", "Level": "4", "Task": "11", "Opcode": "0", "Keywords": "0x8000000000000000", "TimeCreated_SystemTime": "2023-09-27 01:43:08.801037", "TimeCreated": null, "EventRecordID": "27619", "Correlation_ActivityID": "", "Correlation_RelatedActivityID": "", "Correlation": null, "Execution_ProcessID": "3368", "Execution_ThreadID": "4984", "Execution": null, "Channel": "Microsoft-Windows-Sysmon/Operational", "Computer": "DESKTOP-P5C3MUD", "Security_UserID": "S-1-5-18", "Security": null, "EventData_RuleName": "-", "EventData_UtcTime": "2023-09-27 01:43:08.794", "EventData_ProcessGuid": "{4557fbaa-8862-6513-7a24-000000000c00}", "EventData_ProcessId": "13996", "EventData_Image": "E:\\Software\\Microsoft Visual Studio\\MSBuild\\Current\\Bin\\amd64\\MSBuild.exe", "EventData_TargetFilename": "E:\\Experiment\\WINDOWS\u9ed1\u5ba2\u7f16\u7a0b\u6280\u672f\u8be6\u89e3-\u914d\u5957\u8d44\u6e90\\\u7528\u6237\u5c42\\6\\Bypass UAC\\BypassUAC1_Test\\BypassUAC1_Test\\Debug\\BypassUAC1_Test.tlog\\link-cvtres.read.1.tlog", "EventData_CreationUtcTime": "2023-09-27 01:43:07.294", "EventData_User": "DESKTOP-P5C3MUD\\user"}
{"Provider_Name": "Microsoft-Windows-Sysmon", "Provider_Guid": "{5770385f-c22a-43e0-bf4c-06f5698ffbd9}", "Provider": null, "EventID_Qualifiers": "", "EventID": "10", "Version": "3", "Level": "4", "Task": "10", "Opcode": "0", "Keywords": "0x8000000000000000", "TimeCreated_SystemTime": "2023-09-27 01:43:08.801357", "TimeCreated": null, "EventRecordID": "27620", "Correlation_ActivityID": "", "Correlation_RelatedActivityID": "", "Correlation": null, "Execution_ProcessID": "3368", "Execution_ThreadID": "4984", "Execution": null, "Channel": "Microsoft-Windows-Sysmon/Operational", "Computer": "DESKTOP-P5C3MUD", "Security_UserID": "S-1-5-18", "Security": null, "EventData_RuleName": "-", "EventData_UtcTime": "2023-09-27 01:43:08.794", "EventData_SourceProcessGUID": "{4557fbaa-e7c9-6502-5100-000000000c00}", "EventData_SourceProcessId": "3824", "EventData_SourceThreadId": "10908", "EventData_SourceImage": "C:\\Windows\\System32\\svchost.exe", "EventData_TargetProcessGUID": "{4557fbaa-88ac-6513-a124-000000000c00}", "EventData_TargetProcessId": "10448", "EventData_TargetImage": "E:\\Software\\Microsoft Visual Studio\\VC\\Tools\\MSVC\\14.37.32822\\bin\\HostX86\\x86\\VCTIP.EXE", "EventData_GrantedAccess": "0x00000040", "EventData_CallTrace": "C:\\Windows\\SYSTEM32\\ntdll.dll+9d314|C:\\Windows\\System32\\KERNELBASE.dll+308ee|c:\\windows\\system32\\rasmans.dll+15b2|c:\\windows\\system32\\rasmans.dll+187c|c:\\windows\\system32\\rasmans.dll+28aa1|c:\\windows\\system32\\rasmans.dll+374de|c:\\windows\\system32\\rasmans.dll+12a68|c:\\windows\\system32\\rasmans.dll+f795|C:\\Windows\\System32\\RPCRT4.dll+7b4b3|C:\\Windows\\System32\\RPCRT4.dll+7a282|C:\\Windows\\System32\\RPCRT4.dll+1e1ca|C:\\Windows\\System32\\RPCRT4.dll+5dfda|C:\\Windows\\System32\\RPCRT4.dll+59188|C:\\Windows\\System32\\RPCRT4.dll+3a3a6|C:\\Windows\\System32\\RPCRT4.dll+39cf8|C:\\Windows\\System32\\RPCRT4.dll+474bf|C:\\Windows\\System32\\RPCRT4.dll+468c8|C:\\Windows\\System32\\RPCRT4.dll+45eb1|C:\\Windows\\System32\\RPCRT4.dll+4591e|C:\\Windows\\System32\\RPCRT4.dll+4a032|C:\\Windows\\SYSTEM32\\ntdll.dll+20330|C:\\Windows\\SYSTEM32\\ntdll.dll+52f86|C:\\Windows\\System32\\KERNEL32.DLL+17344|C:\\Windows\\SYSTEM32\\ntdll.dll+526b1", "EventData_SourceUser": "NT AUTHORITY\\SYSTEM", "EventData_TargetUser": "DESKTOP-P5C3MUD\\user"}
{"Provider_Name": "Microsoft-Windows-Sysmon", "Provider_Guid": "{5770385f-c22a-43e0-bf4c-06f5698ffbd9}", "Provider": null, "EventID_Qualifiers": "", "EventID": "26", "Version": "5", "Level": "4", "Task": "26", "Opcode": "0", "Keywords": "0x8000000000000000", "TimeCreated_SystemTime": "2023-09-27 01:43:08.801519", "TimeCreated": null, "EventRecordID": "27621", "Correlation_ActivityID": "", "Correlation_RelatedActivityID": "", "Correlation": null, "Execution_ProcessID": "3368", "Execution_ThreadID": "4984", "Execution": null, "Channel": "Microsoft-Windows-Sysmon/Operational", "Computer": "DESKTOP-P5C3MUD", "Security_UserID": "S-1-5-18", "Security": null, "EventData_RuleName": "-", "EventData_UtcTime": "2023-09-27 01:43:08.794", "EventData_ProcessGuid": "{4557fbaa-8862-6513-7a24-000000000c00}", "EventData_ProcessId": "13996", "EventData_User": "DESKTOP-P5C3MUD\\user", "EventData_Image": "E:\\Software\\Microsoft Visual Studio\\MSBuild\\Current\\Bin\\amd64\\MSBuild.exe", "EventData_TargetFilename": "E:\\Experiment\\WINDOWS\u9ed1\u5ba2\u7f16\u7a0b\u6280\u672f\u8be6\u89e3-\u914d\u5957\u8d44\u6e90\\\u7528\u6237\u5c42\\6\\Bypass UAC\\BypassUAC1_Test\\BypassUAC1_Test\\Debug\\BypassUAC1_Test.tlog\\link-rc.read.1.tlog", "EventData_Hashes": "SHA1=2C9CB50A4B3130C442CF277A90C83D39FA24ED04,MD5=6EF42D9A694D5B236F3AA308AC98FD21,SHA256=FCB91C4A13C9A213D1DE94170612358C40BB20802EF303F7D220D8AEA67B8F7A,IMPHASH=00000000000000000000000000000000", "EventData_IsExecutable": "False"}
{"Provider_Name": "Microsoft-Windows-Sysmon", "Provider_Guid": "{5770385f-c22a-43e0-bf4c-06f5698ffbd9}", "Provider": null, "EventID_Qualifiers": "", "EventID": "11", "Version": "2", "Level": "4", "Task": "11", "Opcode": "0", "Keywords": "0x8000000000000000", "TimeCreated_SystemTime": "2023-09-27 01:43:08.801773", "TimeCreated": null, "EventRecordID": "27622", "Correlation_ActivityID": "", "Correlation_RelatedActivityID": "", "Correlation": null, "Execution_ProcessID": "3368", "Execution_ThreadID": "4984", "Execution": null, "Channel": "Microsoft-Windows-Sysmon/Operational", "Computer": "DESKTOP-P5C3MUD", "Security_UserID": "S-1-5-18", "Security": null, "EventData_RuleName": "-", "EventData_UtcTime": "2023-09-27 01:43:08.794", "EventData_ProcessGuid": "{4557fbaa-8862-6513-7a24-000000000c00}", "EventData_ProcessId": "13996", "EventData_Image": "E:\\Software\\Microsoft Visual Studio\\MSBuild\\Current\\Bin\\amd64\\MSBuild.exe", "EventData_TargetFilename": "E:\\Experiment\\WINDOWS\u9ed1\u5ba2\u7f16\u7a0b\u6280\u672f\u8be6\u89e3-\u914d\u5957\u8d44\u6e90\\\u7528\u6237\u5c42\\6\\Bypass UAC\\BypassUAC1_Test\\BypassUAC1_Test\\Debug\\BypassUAC1_Test.tlog\\link-rc.read.1.tlog", "EventData_CreationUtcTime": "2023-09-27 01:43:07.231", "EventData_User": "DESKTOP-P5C3MUD\\user"}
{"Provider_Name": "Microsoft-Windows-Sysmon", "Provider_Guid": "{5770385f-c22a-43e0-bf4c-06f5698ffbd9}", "Provider": null, "EventID_Qualifiers": "", "EventID": "26", "Version": "5", "Level": "4", "Task": "26", "Opcode": "0", "Keywords": "0x8000000000000000", "TimeCreated_SystemTime": "2023-09-27 01:43:08.802328", "TimeCreated": null, "EventRecordID": "27623", "Correlation_ActivityID": "", "Correlation_RelatedActivityID": "", "Correlation": null, "Execution_ProcessID": "3368", "Execution_ThreadID": "4984", "Execution": null, "Channel": "Microsoft-Windows-Sysmon/Operational", "Computer": "DESKTOP-P5C3MUD", "Security_UserID": "S-1-5-18", "Security": null, "EventData_RuleName": "-", "EventData_UtcTime": "2023-09-27 01:43:08.794", "EventData_ProcessGuid": "{4557fbaa-8862-6513-7a24-000000000c00}", "EventData_ProcessId": "13996", "EventData_User": "DESKTOP-P5C3MUD\\user", "EventData_Image": "E:\\Software\\Microsoft Visual Studio\\MSBuild\\Current\\Bin\\amd64\\MSBuild.exe", "EventData_TargetFilename": "E:\\Experiment\\WINDOWS\u9ed1\u5ba2\u7f16\u7a0b\u6280\u672f\u8be6\u89e3-\u914d\u5957\u8d44\u6e90\\\u7528\u6237\u5c42\\6\\Bypass UAC\\BypassUAC1_Test\\BypassUAC1_Test\\Debug\\BypassUAC1_Test.tlog\\link.read.1.tlog", "EventData_Hashes": "SHA1=D62636D8CAEC13F04E28442A0A6FA1AFEB024BBB,MD5=F3B25701FE362EC84616A93A45CE9998,SHA256=B3D510EF04275CA8E698E5B3CBB0ECE3949EF9252F0CDC839E9EE347409A2209,IMPHASH=00000000000000000000000000000000", "EventData_IsExecutable": "False"}
{"Provider_Name": "Microsoft-Windows-Sysmon", "Provider_Guid": "{5770385f-c22a-43e0-bf4c-06f5698ffbd9}", "Provider": null, "EventID_Qualifiers": "", "EventID": "11", "Version": "2", "Level": "4", "Task": "11", "Opcode": "0", "Keywords": "0x8000000000000000", "TimeCreated_SystemTime": "2023-09-27 01:43:08.802515", "TimeCreated": null, "EventRecordID": "27624", "Correlation_ActivityID": "", "Correlation_RelatedActivityID": "", "Correlation": null, "Execution_ProcessID": "3368", "Execution_ThreadID": "4984", "Execution": null, "Channel": "Microsoft-Windows-Sysmon/Operational", "Computer": "DESKTOP-P5C3MUD", "Security_UserID": "S-1-5-18", "Security": null, "EventData_RuleName": "-", "EventData_UtcTime": "2023-09-27 01:43:08.794", "EventData_ProcessGuid": "{4557fbaa-8862-6513-7a24-000000000c00}", "EventData_ProcessId": "13996", "EventData_Image": "E:\\Software\\Microsoft Visual Studio\\MSBuild\\Current\\Bin\\amd64\\MSBuild.exe", "EventData_TargetFilename": "E:\\Experiment\\WINDOWS\u9ed1\u5ba2\u7f16\u7a0b\u6280\u672f\u8be6\u89e3-\u914d\u5957\u8d44\u6e90\\\u7528\u6237\u5c42\\6\\Bypass UAC\\BypassUAC1_Test\\BypassUAC1_Test\\Debug\\BypassUAC1_Test.tlog\\link.read.1.tlog", "EventData_CreationUtcTime": "2023-09-27 01:42:02.184", "EventData_User": "DESKTOP-P5C3MUD\\user"}
{"Provider_Name": "Microsoft-Windows-Sysmon", "Provider_Guid": "{5770385f-c22a-43e0-bf4c-06f5698ffbd9}", "Provider": null, "EventID_Qualifiers": "", "EventID": "26", "Version": "5", "Level": "4", "Task": "26", "Opcode": "0", "Keywords": "0x8000000000000000", "TimeCreated_SystemTime": "2023-09-27 01:43:08.803268", "TimeCreated": null, "EventRecordID": "27625", "Correlation_ActivityID": "", "Correlation_RelatedActivityID": "", "Correlation": null, "Execution_ProcessID": "3368", "Execution_ThreadID": "4984", "Execution": null, "Channel": "Microsoft-Windows-Sysmon/Operational", "Computer": "DESKTOP-P5C3MUD", "Security_UserID": "S-1-5-18", "Security": null, "EventData_RuleName": "-", "EventData_UtcTime": "2023-09-27 01:43:08.794", "EventData_ProcessGuid": "{4557fbaa-8862-6513-7a24-000000000c00}", "EventData_ProcessId": "13996", "EventData_User": "DESKTOP-P5C3MUD\\user", "EventData_Image": "E:\\Software\\Microsoft Visual Studio\\MSBuild\\Current\\Bin\\amd64\\MSBuild.exe", "EventData_TargetFilename": "E:\\Experiment\\WINDOWS\u9ed1\u5ba2\u7f16\u7a0b\u6280\u672f\u8be6\u89e3-\u914d\u5957\u8d44\u6e90\\\u7528\u6237\u5c42\\6\\Bypass UAC\\BypassUAC1_Test\\BypassUAC1_Test\\Debug\\BypassUAC1_Test.tlog\\link-cvtres.read.1.tlog", "EventData_Hashes": "SHA1=D62636D8CAEC13F04E28442A0A6FA1AFEB024BBB,MD5=F3B25701FE362EC84616A93A45CE9998,SHA256=B3D510EF04275CA8E698E5B3CBB0ECE3949EF9252F0CDC839E9EE347409A2209,IMPHASH=00000000000000000000000000000000", "EventData_IsExecutable": "False"}
{"Provider_Name": "Microsoft-Windows-Sysmon", "Provider_Guid": "{5770385f-c22a-43e0-bf4c-06f5698ffbd9}", "Provider": null, "EventID_Qualifiers": "", "EventID": "26", "Version": "5", "Level": "4", "Task": "26", "Opcode": "0", "Keywords": "0x8000000000000000", "TimeCreated_SystemTime": "2023-09-27 01:43:08.803722", "TimeCreated": null, "EventRecordID": "27626", "Correlation_ActivityID": "", "Correlation_RelatedActivityID": "", "Correlation": null, "Execution_ProcessID": "3368", "Execution_ThreadID": "4984", "Execution": null, "Channel": "Microsoft-Windows-Sysmon/Operational", "Computer": "DESKTOP-P5C3MUD", "Security_UserID": "S-1-5-18", "Security": null, "EventData_RuleName": "-", "EventData_UtcTime": "2023-09-27 01:43:08.794", "EventData_ProcessGuid": "{4557fbaa-8862-6513-7a24-000000000c00}", "EventData_ProcessId": "13996", "EventData_User": "DESKTOP-P5C3MUD\\user", "EventData_Image": "E:\\Software\\Microsoft Visual Studio\\MSBuild\\Current\\Bin\\amd64\\MSBuild.exe", "EventData_TargetFilename": "E:\\Experiment\\WINDOWS\u9ed1\u5ba2\u7f16\u7a0b\u6280\u672f\u8be6\u89e3-\u914d\u5957\u8d44\u6e90\\\u7528\u6237\u5c42\\6\\Bypass UAC\\BypassUAC1_Test\\BypassUAC1_Test\\Debug\\BypassUAC1_Test.tlog\\link-rc.read.1.tlog", "EventData_Hashes": "SHA1=D62636D8CAEC13F04E28442A0A6FA1AFEB024BBB,MD5=F3B25701FE362EC84616A93A45CE9998,SHA256=B3D510EF04275CA8E698E5B3CBB0ECE3949EF9252F0CDC839E9EE347409A2209,IMPHASH=00000000000000000000000000000000", "EventData_IsExecutable": "False"}
{"Provider_Name": "Microsoft-Windows-Sysmon", "Provider_Guid": "{5770385f-c22a-43e0-bf4c-06f5698ffbd9}", "Provider": null, "EventID_Qualifiers": "", "EventID": "26", "Version": "5", "Level": "4", "Task": "26", "Opcode": "0", "Keywords": "0x8000000000000000", "TimeCreated_SystemTime": "2023-09-27 01:43:08.804644", "TimeCreated": null, "EventRecordID": "27627", "Correlation_ActivityID": "", "Correlation_RelatedActivityID": "", "Correlation": null, "Execution_ProcessID": "3368", "Execution_ThreadID": "4984", "Execution": null, "Channel": "Microsoft-Windows-Sysmon/Operational", "Computer": "DESKTOP-P5C3MUD", "Security_UserID": "S-1-5-18", "Security": null, "EventData_RuleName": "-", "EventData_UtcTime": "2023-09-27 01:43:08.794", "EventData_ProcessGuid": "{4557fbaa-8862-6513-7a24-000000000c00}", "EventData_ProcessId": "13996", "EventData_User": "DESKTOP-P5C3MUD\\user", "EventData_Image": "E:\\Software\\Microsoft Visual Studio\\MSBuild\\Current\\Bin\\amd64\\MSBuild.exe", "EventData_TargetFilename": "E:\\Experiment\\WINDOWS\u9ed1\u5ba2\u7f16\u7a0b\u6280\u672f\u8be6\u89e3-\u914d\u5957\u8d44\u6e90\\\u7528\u6237\u5c42\\6\\Bypass UAC\\BypassUAC1_Test\\BypassUAC1_Test\\Debug\\BypassUAC1_Test.tlog\\link.command.1.tlog", "EventData_Hashes": "SHA1=5657071DB47A62FDCC9ADEE98A984638C90B409F,MD5=60061E651E4A3E54DDCB913A8F43CAF2,SHA256=B14A4AF76FDB88471682E322E264B1B9D364ED6ECAA0DDC2B227737994B19A67,IMPHASH=00000000000000000000000000000000", "EventData_IsExecutable": "False"}
{"Provider_Name": "Microsoft-Windows-Sysmon", "Provider_Guid": "{5770385f-c22a-43e0-bf4c-06f5698ffbd9}", "Provider": null, "EventID_Qualifiers": "", "EventID": "11", "Version": "2", "Level": "4", "Task": "11", "Opcode": "0", "Keywords": "0x8000000000000000", "TimeCreated_SystemTime": "2023-09-27 01:43:08.804834", "TimeCreated": null, "EventRecordID": "27628", "Correlation_ActivityID": "", "Correlation_RelatedActivityID": "", "Correlation": null, "Execution_ProcessID": "3368", "Execution_ThreadID": "4984", "Execution": null, "Channel": "Microsoft-Windows-Sysmon/Operational", "Computer": "DESKTOP-P5C3MUD", "Security_UserID": "S-1-5-18", "Security": null, "EventData_RuleName": "-", "EventData_UtcTime": "2023-09-27 01:43:08.794", "EventData_ProcessGuid": "{4557fbaa-8862-6513-7a24-000000000c00}", "EventData_ProcessId": "13996", "EventData_Image": "E:\\Software\\Microsoft Visual Studio\\MSBuild\\Current\\Bin\\amd64\\MSBuild.exe", "EventData_TargetFilename": "E:\\Experiment\\WINDOWS\u9ed1\u5ba2\u7f16\u7a0b\u6280\u672f\u8be6\u89e3-\u914d\u5957\u8d44\u6e90\\\u7528\u6237\u5c42\\6\\Bypass UAC\\BypassUAC1_Test\\BypassUAC1_Test\\Debug\\BypassUAC1_Test.tlog\\link.command.1.tlog", "EventData_CreationUtcTime": "2023-09-27 01:42:02.247", "EventData_User": "DESKTOP-P5C3MUD\\user"}
{"Provider_Name": "Microsoft-Windows-Sysmon", "Provider_Guid": "{5770385f-c22a-43e0-bf4c-06f5698ffbd9}", "Provider": null, "EventID_Qualifiers": "", "EventID": "7", "Version": "3", "Level": "4", "Task": "7", "Opcode": "0", "Keywords": "0x8000000000000000", "TimeCreated_SystemTime": "2023-09-27 01:43:08.805746", "TimeCreated": null, "EventRecordID": "27629", "Correlation_ActivityID": "", "Correlation_RelatedActivityID": "", "Correlation": null, "Execution_ProcessID": "3368", "Execution_ThreadID": "4984", "Execution": null, "Channel": "Microsoft-Windows-Sysmon/Operational", "Computer": "DESKTOP-P5C3MUD", "Security_UserID": "S-1-5-18", "Security": null, "EventData_RuleName": "-", "EventData_UtcTime": "2023-09-27 01:43:08.794", "EventData_ProcessGuid": "{4557fbaa-88ac-6513-a124-000000000c00}", "EventData_ProcessId": "10448", "EventData_Image": "E:\\Software\\Microsoft Visual Studio\\VC\\Tools\\MSVC\\14.37.32822\\bin\\Hostx86\\x86\\vctip.exe", "EventData_ImageLoaded": "C:\\Windows\\SysWOW64\\winhttp.dll", "EventData_FileVersion": "10.0.19041.3031 (WinBuild.160101.0800)", "EventData_Description": "Windows HTTP Services", "EventData_Product": "Microsoft\u00ae Windows\u00ae Operating System", "EventData_Company": "Microsoft Corporation", "EventData_OriginalFileName": "winhttp.dll", "EventData_Hashes": "SHA1=EA869269C18124F47095D17BE78A0D51BCE9FA02,MD5=797616CC1DBFE20C38C3FF59D873D5F4,SHA256=FDBC00DF793A66610B9607AD251235E15B166D5B928F18725B18035663606BAB,IMPHASH=CE2F72A01BA427DCF567162432545802", "EventData_Signed": "true", "EventData_Signature": "Microsoft Windows", "EventData_SignatureStatus": "Valid", "EventData_User": "DESKTOP-P5C3MUD\\user"}
{"Provider_Name": "Microsoft-Windows-Sysmon", "Provider_Guid": "{5770385f-c22a-43e0-bf4c-06f5698ffbd9}", "Provider": null, "EventID_Qualifiers": "", "EventID": "7", "Version": "3", "Level": "4", "Task": "7", "Opcode": "0", "Keywords": "0x8000000000000000", "TimeCreated_SystemTime": "2023-09-27 01:43:08.806971", "TimeCreated": null, "EventRecordID": "27630", "Correlation_ActivityID": "", "Correlation_RelatedActivityID": "", "Correlation": null, "Execution_ProcessID": "3368", "Execution_ThreadID": "4984", "Execution": null, "Channel": "Microsoft-Windows-Sysmon/Operational", "Computer": "DESKTOP-P5C3MUD", "Security_UserID": "S-1-5-18", "Security": null, "EventData_RuleName": "-", "EventData_UtcTime": "2023-09-27 01:43:08.794", "EventData_ProcessGuid": "{4557fbaa-88ac-6513-a124-000000000c00}", "EventData_ProcessId": "10448", "EventData_Image": "E:\\Software\\Microsoft Visual Studio\\VC\\Tools\\MSVC\\14.37.32822\\bin\\Hostx86\\x86\\vctip.exe", "EventData_ImageLoaded": "C:\\Windows\\SysWOW64\\OnDemandConnRouteHelper.dll", "EventData_FileVersion": "10.0.19041.2311 (WinBuild.160101.0800)", "EventData_Description": "On Demand Connctiond Route Helper", "EventData_Product": "Microsoft\u00ae Windows\u00ae Operating System", "EventData_Company": "Microsoft Corporation", "EventData_OriginalFileName": "OnDemandConnRouteHelper.dll", "EventData_Hashes": "SHA1=116BF7D521673AA31999FC094CBF414BE085B4F9,MD5=C7E0FA201A1B78894E2CE2A4B7CA3D4D,SHA256=F354FABE2D7133E29DA2026DFF60B3879624B4D9ED7FC54F8EC08911D86E243F,IMPHASH=8954DAE4E81C2A4CB35B9A1F9086A11D", "EventData_Signed": "true", "EventData_Signature": "Microsoft Windows", "EventData_SignatureStatus": "Valid", "EventData_User": "DESKTOP-P5C3MUD\\user"}
{"Provider_Name": "Microsoft-Windows-Sysmon", "Provider_Guid": "{5770385f-c22a-43e0-bf4c-06f5698ffbd9}", "Provider": null, "EventID_Qualifiers": "", "EventID": "12", "Version": "2", "Level": "4", "Task": "12", "Opcode": "0", "Keywords": "0x8000000000000000", "TimeCreated_SystemTime": "2023-09-27 01:43:08.807066", "TimeCreated": null, "EventRecordID": "27631", "Correlation_ActivityID": "", "Correlation_RelatedActivityID": "", "Correlation": null, "Execution_ProcessID": "3368", "Execution_ThreadID": "4984", "Execution": null, "Channel": "Microsoft-Windows-Sysmon/Operational", "Computer": "DESKTOP-P5C3MUD", "Security_UserID": "S-1-5-18", "Security": null, "EventData_RuleName": "-", "EventData_EventType": "CreateKey", "EventData_UtcTime": "2023-09-27 01:43:08.794", "EventData_ProcessGuid": "{4557fbaa-88ac-6513-a124-000000000c00}", "EventData_ProcessId": "10448", "EventData_Image": "E:\\Software\\Microsoft Visual Studio\\VC\\Tools\\MSVC\\14.37.32822\\bin\\HostX86\\x86\\VCTIP.EXE", "EventData_TargetObject": "HKLM\\SOFTWARE\\Policies\\Microsoft\\Windows\\TenantRestrictions\\Payload", "EventData_User": "DESKTOP-P5C3MUD\\user"}
{"Provider_Name": "Microsoft-Windows-Sysmon", "Provider_Guid": "{5770385f-c22a-43e0-bf4c-06f5698ffbd9}", "Provider": null, "EventID_Qualifiers": "", "EventID": "12", "Version": "2", "Level": "4", "Task": "12", "Opcode": "0", "Keywords": "0x8000000000000000", "TimeCreated_SystemTime": "2023-09-27 01:43:08.807203", "TimeCreated": null, "EventRecordID": "27632", "Correlation_ActivityID": "", "Correlation_RelatedActivityID": "", "Correlation": null, "Execution_ProcessID": "3368", "Execution_ThreadID": "4984", "Execution": null, "Channel": "Microsoft-Windows-Sysmon/Operational", "Computer": "DESKTOP-P5C3MUD", "Security_UserID": "S-1-5-18", "Security": null, "EventData_RuleName": "-", "EventData_EventType": "CreateKey", "EventData_UtcTime": "2023-09-27 01:43:08.794", "EventData_ProcessGuid": "{4557fbaa-88ac-6513-a124-000000000c00}", "EventData_ProcessId": "10448", "EventData_Image": "E:\\Software\\Microsoft Visual Studio\\VC\\Tools\\MSVC\\14.37.32822\\bin\\HostX86\\x86\\VCTIP.EXE", "EventData_TargetObject": "HKLM\\SOFTWARE\\Policies\\Microsoft\\Windows\\TenantRestrictions\\Payload", "EventData_User": "DESKTOP-P5C3MUD\\user"}
