{"Provider_Name": "Microsoft-Windows-Sysmon", "Provider_Guid": "{5770385f-c22a-43e0-bf4c-06f5698ffbd9}", "Provider": null, "EventID_Qualifiers": "", "EventID": "11", "Version": "2", "Level": "4", "Task": "11", "Opcode": "0", "Keywords": "0x8000000000000000", "TimeCreated_SystemTime": "2023-09-27 01:43:06.758640", "TimeCreated": null, "EventRecordID": "27212", "Correlation_ActivityID": "", "Correlation_RelatedActivityID": "", "Correlation": null, "Execution_ProcessID": "3368", "Execution_ThreadID": "4984", "Execution": null, "Channel": "Microsoft-Windows-Sysmon/Operational", "Computer": "DESKTOP-P5C3MUD", "Security_UserID": "S-1-5-18", "Security": null, "EventData_RuleName": "-", "EventData_UtcTime": "2023-09-27 01:43:06.747", "EventData_ProcessGuid": "{4557fbaa-8862-6513-7a24-000000000c00}", "EventData_ProcessId": "13996", "EventData_Image": "E:\\Software\\Microsoft Visual Studio\\MSBuild\\Current\\Bin\\amd64\\MSBuild.exe", "EventData_TargetFilename": "E:\\Experiment\\WINDOWS\u9ed1\u5ba2\u7f16\u7a0b\u6280\u672f\u8be6\u89e3-\u914d\u5957\u8d44\u6e90\\\u7528\u6237\u5c42\\6\\Bypass UAC\\BypassUAC1_Test\\BypassUAC1_Test\\Debug\\BypassUAC1_Test.tlog\\BypassUAC1_Test.lastbuildstate", "EventData_CreationUtcTime": "2023-09-27 01:41:58.059", "EventData_User": "DESKTOP-P5C3MUD\\user"}
{"Provider_Name": "Microsoft-Windows-Sysmon", "Provider_Guid": "{5770385f-c22a-43e0-bf4c-06f5698ffbd9}", "Provider": null, "EventID_Qualifiers": "", "EventID": "11", "Version": "2", "Level": "4", "Task": "11", "Opcode": "0", "Keywords": "0x8000000000000000", "TimeCreated_SystemTime": "2023-09-27 01:43:06.759472", "TimeCreated": null, "EventRecordID": "27213", "Correlation_ActivityID": "", "Correlation_RelatedActivityID": "", "Correlation": null, "Execution_ProcessID": "3368", "Execution_ThreadID": "4984", "Execution": null, "Channel": "Microsoft-Windows-Sysmon/Operational", "Computer": "DESKTOP-P5C3MUD", "Security_UserID": "S-1-5-18", "Security": null, "EventData_RuleName": "-", "EventData_UtcTime": "2023-09-27 01:43:06.747", "EventData_ProcessGuid": "{4557fbaa-8862-6513-7a24-000000000c00}", "EventData_ProcessId": "13996", "EventData_Image": "E:\\Software\\Microsoft Visual Studio\\MSBuild\\Current\\Bin\\amd64\\MSBuild.exe", "EventData_TargetFilename": "E:\\Experiment\\WINDOWS\u9ed1\u5ba2\u7f16\u7a0b\u6280\u672f\u8be6\u89e3-\u914d\u5957\u8d44\u6e90\\\u7528\u6237\u5c42\\6\\Bypass UAC\\BypassUAC1_Test\\BypassUAC1_Test\\Debug\\BypassUAC1_Test.tlog\\unsuccessfulbuild", "EventData_CreationUtcTime": "2023-09-27 01:43:06.747", "EventData_User": "DESKTOP-P5C3MUD\\user"}
{"Provider_Name": "Microsoft-Windows-Sysmon", "Provider_Guid": "{5770385f-c22a-43e0-bf4c-06f5698ffbd9}", "Provider": null, "EventID_Qualifiers": "", "EventID": "26", "Version": "5", "Level": "4", "Task": "26", "Opcode": "0", "Keywords": "0x8000000000000000", "TimeCreated_SystemTime": "2023-09-27 01:43:06.803856", "TimeCreated": null, "EventRecordID": "27214", "Correlation_ActivityID": "", "Correlation_RelatedActivityID": "", "Correlation": null, "Execution_ProcessID": "3368", "Execution_ThreadID": "4984", "Execution": null, "Channel": "Microsoft-Windows-Sysmon/Operational", "Computer": "DESKTOP-P5C3MUD", "Security_UserID": "S-1-5-18", "Security": null, "EventData_RuleName": "-", "EventData_UtcTime": "2023-09-27 01:43:06.794", "EventData_ProcessGuid": "{4557fbaa-8862-6513-7a24-000000000c00}", "EventData_ProcessId": "13996", "EventData_User": "DESKTOP-P5C3MUD\\user", "EventData_Image": "E:\\Software\\Microsoft Visual Studio\\MSBuild\\Current\\Bin\\amd64\\MSBuild.exe", "EventData_TargetFilename": "E:\\Experiment\\WINDOWS\u9ed1\u5ba2\u7f16\u7a0b\u6280\u672f\u8be6\u89e3-\u914d\u5957\u8d44\u6e90\\\u7528\u6237\u5c42\\6\\Bypass UAC\\BypassUAC1_Test\\BypassUAC1_Test\\Debug\\BypassUAC1_Test.tlog\\link.read.1.tlog", "EventData_Hashes": "SHA1=1EC3C3ACEFAC5519D07E22E5B602963BBBDB16B5,MD5=365FE1738503C350D97E3C59A92D39E8,SHA256=59B96CF39EDD6E94F84554A481BF494C606C010FFD04C07BB5117C1CF6944F30,IMPHASH=00000000000000000000000000000000", "EventData_IsExecutable": "False"}
{"Provider_Name": "Microsoft-Windows-Sysmon", "Provider_Guid": "{5770385f-c22a-43e0-bf4c-06f5698ffbd9}", "Provider": null, "EventID_Qualifiers": "", "EventID": "11", "Version": "2", "Level": "4", "Task": "11", "Opcode": "0", "Keywords": "0x8000000000000000", "TimeCreated_SystemTime": "2023-09-27 01:43:06.804096", "TimeCreated": null, "EventRecordID": "27215", "Correlation_ActivityID": "", "Correlation_RelatedActivityID": "", "Correlation": null, "Execution_ProcessID": "3368", "Execution_ThreadID": "4984", "Execution": null, "Channel": "Microsoft-Windows-Sysmon/Operational", "Computer": "DESKTOP-P5C3MUD", "Security_UserID": "S-1-5-18", "Security": null, "EventData_RuleName": "-", "EventData_UtcTime": "2023-09-27 01:43:06.794", "EventData_ProcessGuid": "{4557fbaa-8862-6513-7a24-000000000c00}", "EventData_ProcessId": "13996", "EventData_Image": "E:\\Software\\Microsoft Visual Studio\\MSBuild\\Current\\Bin\\amd64\\MSBuild.exe", "EventData_TargetFilename": "E:\\Experiment\\WINDOWS\u9ed1\u5ba2\u7f16\u7a0b\u6280\u672f\u8be6\u89e3-\u914d\u5957\u8d44\u6e90\\\u7528\u6237\u5c42\\6\\Bypass UAC\\BypassUAC1_Test\\BypassUAC1_Test\\Debug\\BypassUAC1_Test.tlog\\link.read.1.tlog", "EventData_CreationUtcTime": "2023-09-27 01:42:02.184", "EventData_User": "DESKTOP-P5C3MUD\\user"}
{"Provider_Name": "Microsoft-Windows-Sysmon", "Provider_Guid": "{5770385f-c22a-43e0-bf4c-06f5698ffbd9}", "Provider": null, "EventID_Qualifiers": "", "EventID": "26", "Version": "5", "Level": "4", "Task": "26", "Opcode": "0", "Keywords": "0x8000000000000000", "TimeCreated_SystemTime": "2023-09-27 01:43:06.804642", "TimeCreated": null, "EventRecordID": "27216", "Correlation_ActivityID": "", "Correlation_RelatedActivityID": "", "Correlation": null, "Execution_ProcessID": "3368", "Execution_ThreadID": "4984", "Execution": null, "Channel": "Microsoft-Windows-Sysmon/Operational", "Computer": "DESKTOP-P5C3MUD", "Security_UserID": "S-1-5-18", "Security": null, "EventData_RuleName": "-", "EventData_UtcTime": "2023-09-27 01:43:06.794", "EventData_ProcessGuid": "{4557fbaa-8862-6513-7a24-000000000c00}", "EventData_ProcessId": "13996", "EventData_User": "DESKTOP-P5C3MUD\\user", "EventData_Image": "E:\\Software\\Microsoft Visual Studio\\MSBuild\\Current\\Bin\\amd64\\MSBuild.exe", "EventData_TargetFilename": "E:\\Experiment\\WINDOWS\u9ed1\u5ba2\u7f16\u7a0b\u6280\u672f\u8be6\u89e3-\u914d\u5957\u8d44\u6e90\\\u7528\u6237\u5c42\\6\\Bypass UAC\\BypassUAC1_Test\\BypassUAC1_Test\\Debug\\BypassUAC1_Test.tlog\\link.read.1.tlog", "EventData_Hashes": "SHA1=D62636D8CAEC13F04E28442A0A6FA1AFEB024BBB,MD5=F3B25701FE362EC84616A93A45CE9998,SHA256=B3D510EF04275CA8E698E5B3CBB0ECE3949EF9252F0CDC839E9EE347409A2209,IMPHASH=00000000000000000000000000000000", "EventData_IsExecutable": "False"}
{"Provider_Name": "Microsoft-Windows-Sysmon", "Provider_Guid": "{5770385f-c22a-43e0-bf4c-06f5698ffbd9}", "Provider": null, "EventID_Qualifiers": "", "EventID": "11", "Version": "2", "Level": "4", "Task": "11", "Opcode": "0", "Keywords": "0x8000000000000000", "TimeCreated_SystemTime": "2023-09-27 01:43:06.804888", "TimeCreated": null, "EventRecordID": "27217", "Correlation_ActivityID": "", "Correlation_RelatedActivityID": "", "Correlation": null, "Execution_ProcessID": "3368", "Execution_ThreadID": "4984", "Execution": null, "Channel": "Microsoft-Windows-Sysmon/Operational", "Computer": "DESKTOP-P5C3MUD", "Security_UserID": "S-1-5-18", "Security": null, "EventData_RuleName": "-", "EventData_UtcTime": "2023-09-27 01:43:06.794", "EventData_ProcessGuid": "{4557fbaa-8862-6513-7a24-000000000c00}", "EventData_ProcessId": "13996", "EventData_Image": "E:\\Software\\Microsoft Visual Studio\\MSBuild\\Current\\Bin\\amd64\\MSBuild.exe", "EventData_TargetFilename": "E:\\Experiment\\WINDOWS\u9ed1\u5ba2\u7f16\u7a0b\u6280\u672f\u8be6\u89e3-\u914d\u5957\u8d44\u6e90\\\u7528\u6237\u5c42\\6\\Bypass UAC\\BypassUAC1_Test\\BypassUAC1_Test\\Debug\\BypassUAC1_Test.tlog\\link.read.1.tlog", "EventData_CreationUtcTime": "2023-09-27 01:42:02.184", "EventData_User": "DESKTOP-P5C3MUD\\user"}
{"Provider_Name": "Microsoft-Windows-Sysmon", "Provider_Guid": "{5770385f-c22a-43e0-bf4c-06f5698ffbd9}", "Provider": null, "EventID_Qualifiers": "", "EventID": "26", "Version": "5", "Level": "4", "Task": "26", "Opcode": "0", "Keywords": "0x8000000000000000", "TimeCreated_SystemTime": "2023-09-27 01:43:06.805387", "TimeCreated": null, "EventRecordID": "27218", "Correlation_ActivityID": "", "Correlation_RelatedActivityID": "", "Correlation": null, "Execution_ProcessID": "3368", "Execution_ThreadID": "4984", "Execution": null, "Channel": "Microsoft-Windows-Sysmon/Operational", "Computer": "DESKTOP-P5C3MUD", "Security_UserID": "S-1-5-18", "Security": null, "EventData_RuleName": "-", "EventData_UtcTime": "2023-09-27 01:43:06.794", "EventData_ProcessGuid": "{4557fbaa-8862-6513-7a24-000000000c00}", "EventData_ProcessId": "13996", "EventData_User": "DESKTOP-P5C3MUD\\user", "EventData_Image": "E:\\Software\\Microsoft Visual Studio\\MSBuild\\Current\\Bin\\amd64\\MSBuild.exe", "EventData_TargetFilename": "E:\\Experiment\\WINDOWS\u9ed1\u5ba2\u7f16\u7a0b\u6280\u672f\u8be6\u89e3-\u914d\u5957\u8d44\u6e90\\\u7528\u6237\u5c42\\6\\Bypass UAC\\BypassUAC1_Test\\BypassUAC1_Test\\Debug\\BypassUAC1_Test.tlog\\link.write.1.tlog", "EventData_Hashes": "SHA1=74E43C78511CA3B6EAFB90F744E1EEBD608549D4,MD5=57CDE8E56991534FCA192192B9062F1F,SHA256=9A2A7F2C8DE581116A3DCD0B73E3341B348E9DD0E692F40BC94328CDA5391627,IMPHASH=00000000000000000000000000000000", "EventData_IsExecutable": "False"}
{"Provider_Name": "Microsoft-Windows-Sysmon", "Provider_Guid": "{5770385f-c22a-43e0-bf4c-06f5698ffbd9}", "Provider": null, "EventID_Qualifiers": "", "EventID": "11", "Version": "2", "Level": "4", "Task": "11", "Opcode": "0", "Keywords": "0x8000000000000000", "TimeCreated_SystemTime": "2023-09-27 01:43:06.805590", "TimeCreated": null, "EventRecordID": "27219", "Correlation_ActivityID": "", "Correlation_RelatedActivityID": "", "Correlation": null, "Execution_ProcessID": "3368", "Execution_ThreadID": "4984", "Execution": null, "Channel": "Microsoft-Windows-Sysmon/Operational", "Computer": "DESKTOP-P5C3MUD", "Security_UserID": "S-1-5-18", "Security": null, "EventData_RuleName": "-", "EventData_UtcTime": "2023-09-27 01:43:06.794", "EventData_ProcessGuid": "{4557fbaa-8862-6513-7a24-000000000c00}", "EventData_ProcessId": "13996", "EventData_Image": "E:\\Software\\Microsoft Visual Studio\\MSBuild\\Current\\Bin\\amd64\\MSBuild.exe", "EventData_TargetFilename": "E:\\Experiment\\WINDOWS\u9ed1\u5ba2\u7f16\u7a0b\u6280\u672f\u8be6\u89e3-\u914d\u5957\u8d44\u6e90\\\u7528\u6237\u5c42\\6\\Bypass UAC\\BypassUAC1_Test\\BypassUAC1_Test\\Debug\\BypassUAC1_Test.tlog\\link.write.1.tlog", "EventData_CreationUtcTime": "2023-09-27 01:42:02.200", "EventData_User": "DESKTOP-P5C3MUD\\user"}
{"Provider_Name": "Microsoft-Windows-Sysmon", "Provider_Guid": "{5770385f-c22a-43e0-bf4c-06f5698ffbd9}", "Provider": null, "EventID_Qualifiers": "", "EventID": "26", "Version": "5", "Level": "4", "Task": "26", "Opcode": "0", "Keywords": "0x8000000000000000", "TimeCreated_SystemTime": "2023-09-27 01:43:06.806051", "TimeCreated": null, "EventRecordID": "27220", "Correlation_ActivityID": "", "Correlation_RelatedActivityID": "", "Correlation": null, "Execution_ProcessID": "3368", "Execution_ThreadID": "4984", "Execution": null, "Channel": "Microsoft-Windows-Sysmon/Operational", "Computer": "DESKTOP-P5C3MUD", "Security_UserID": "S-1-5-18", "Security": null, "EventData_RuleName": "-", "EventData_UtcTime": "2023-09-27 01:43:06.794", "EventData_ProcessGuid": "{4557fbaa-8862-6513-7a24-000000000c00}", "EventData_ProcessId": "13996", "EventData_User": "DESKTOP-P5C3MUD\\user", "EventData_Image": "E:\\Software\\Microsoft Visual Studio\\MSBuild\\Current\\Bin\\amd64\\MSBuild.exe", "EventData_TargetFilename": "E:\\Experiment\\WINDOWS\u9ed1\u5ba2\u7f16\u7a0b\u6280\u672f\u8be6\u89e3-\u914d\u5957\u8d44\u6e90\\\u7528\u6237\u5c42\\6\\Bypass UAC\\BypassUAC1_Test\\BypassUAC1_Test\\Debug\\BypassUAC1_Test.tlog\\link.write.1.tlog", "EventData_Hashes": "SHA1=D62636D8CAEC13F04E28442A0A6FA1AFEB024BBB,MD5=F3B25701FE362EC84616A93A45CE9998,SHA256=B3D510EF04275CA8E698E5B3CBB0ECE3949EF9252F0CDC839E9EE347409A2209,IMPHASH=00000000000000000000000000000000", "EventData_IsExecutable": "False"}
{"Provider_Name": "Microsoft-Windows-Sysmon", "Provider_Guid": "{5770385f-c22a-43e0-bf4c-06f5698ffbd9}", "Provider": null, "EventID_Qualifiers": "", "EventID": "11", "Version": "2", "Level": "4", "Task": "11", "Opcode": "0", "Keywords": "0x8000000000000000", "TimeCreated_SystemTime": "2023-09-27 01:43:06.806252", "TimeCreated": null, "EventRecordID": "27221", "Correlation_ActivityID": "", "Correlation_RelatedActivityID": "", "Correlation": null, "Execution_ProcessID": "3368", "Execution_ThreadID": "4984", "Execution": null, "Channel": "Microsoft-Windows-Sysmon/Operational", "Computer": "DESKTOP-P5C3MUD", "Security_UserID": "S-1-5-18", "Security": null, "EventData_RuleName": "-", "EventData_UtcTime": "2023-09-27 01:43:06.794", "EventData_ProcessGuid": "{4557fbaa-8862-6513-7a24-000000000c00}", "EventData_ProcessId": "13996", "EventData_Image": "E:\\Software\\Microsoft Visual Studio\\MSBuild\\Current\\Bin\\amd64\\MSBuild.exe", "EventData_TargetFilename": "E:\\Experiment\\WINDOWS\u9ed1\u5ba2\u7f16\u7a0b\u6280\u672f\u8be6\u89e3-\u914d\u5957\u8d44\u6e90\\\u7528\u6237\u5c42\\6\\Bypass UAC\\BypassUAC1_Test\\BypassUAC1_Test\\Debug\\BypassUAC1_Test.tlog\\link.write.1.tlog", "EventData_CreationUtcTime": "2023-09-27 01:42:02.200", "EventData_User": "DESKTOP-P5C3MUD\\user"}
{"Provider_Name": "Microsoft-Windows-Sysmon", "Provider_Guid": "{5770385f-c22a-43e0-bf4c-06f5698ffbd9}", "Provider": null, "EventID_Qualifiers": "", "EventID": "11", "Version": "2", "Level": "4", "Task": "11", "Opcode": "0", "Keywords": "0x8000000000000000", "TimeCreated_SystemTime": "2023-09-27 01:43:06.859392", "TimeCreated": null, "EventRecordID": "27222", "Correlation_ActivityID": "", "Correlation_RelatedActivityID": "", "Correlation": null, "Execution_ProcessID": "3368", "Execution_ThreadID": "4984", "Execution": null, "Channel": "Microsoft-Windows-Sysmon/Operational", "Computer": "DESKTOP-P5C3MUD", "Security_UserID": "S-1-5-18", "Security": null, "EventData_RuleName": "-", "EventData_UtcTime": "2023-09-27 01:43:06.856", "EventData_ProcessGuid": "{4557fbaa-83de-6513-8423-000000000c00}", "EventData_ProcessId": "9912", "EventData_Image": "E:\\Software\\Microsoft Visual Studio\\Common7\\IDE\\devenv.exe", "EventData_TargetFilename": "E:\\Experiment\\WINDOWS\u9ed1\u5ba2\u7f16\u7a0b\u6280\u672f\u8be6\u89e3-\u914d\u5957\u8d44\u6e90\\.vs\\slnx.sqlite-journal", "EventData_CreationUtcTime": "2023-09-27 01:43:06.856", "EventData_User": "DESKTOP-P5C3MUD\\user"}
{"Provider_Name": "Microsoft-Windows-Sysmon", "Provider_Guid": "{5770385f-c22a-43e0-bf4c-06f5698ffbd9}", "Provider": null, "EventID_Qualifiers": "", "EventID": "26", "Version": "5", "Level": "4", "Task": "26", "Opcode": "0", "Keywords": "0x8000000000000000", "TimeCreated_SystemTime": "2023-09-27 01:43:06.864370", "TimeCreated": null, "EventRecordID": "27223", "Correlation_ActivityID": "", "Correlation_RelatedActivityID": "", "Correlation": null, "Execution_ProcessID": "3368", "Execution_ThreadID": "4984", "Execution": null, "Channel": "Microsoft-Windows-Sysmon/Operational", "Computer": "DESKTOP-P5C3MUD", "Security_UserID": "S-1-5-18", "Security": null, "EventData_RuleName": "-", "EventData_UtcTime": "2023-09-27 01:43:06.856", "EventData_ProcessGuid": "{4557fbaa-83de-6513-8423-000000000c00}", "EventData_ProcessId": "9912", "EventData_User": "DESKTOP-P5C3MUD\\user", "EventData_Image": "E:\\Software\\Microsoft Visual Studio\\Common7\\IDE\\devenv.exe", "EventData_TargetFilename": "E:\\Experiment\\WINDOWS\u9ed1\u5ba2\u7f16\u7a0b\u6280\u672f\u8be6\u89e3-\u914d\u5957\u8d44\u6e90\\.vs\\slnx.sqlite-journal", "EventData_Hashes": "SHA1=40C0D8677D2BA8449E1650578D511FFB9BB80F83,MD5=8C89ECC2C307DB764A52B48A4D0A7132,SHA256=E31506C3E64CC1DBF0343C45F04BF9EE9ECEB5795F600494A979ACBACE74D7F4,IMPHASH=00000000000000000000000000000000", "EventData_IsExecutable": "False"}
{"Provider_Name": "Microsoft-Windows-Sysmon", "Provider_Guid": "{5770385f-c22a-43e0-bf4c-06f5698ffbd9}", "Provider": null, "EventID_Qualifiers": "", "EventID": "11", "Version": "2", "Level": "4", "Task": "11", "Opcode": "0", "Keywords": "0x8000000000000000", "TimeCreated_SystemTime": "2023-09-27 01:43:06.864616", "TimeCreated": null, "EventRecordID": "27224", "Correlation_ActivityID": "", "Correlation_RelatedActivityID": "", "Correlation": null, "Execution_ProcessID": "3368", "Execution_ThreadID": "4984", "Execution": null, "Channel": "Microsoft-Windows-Sysmon/Operational", "Computer": "DESKTOP-P5C3MUD", "Security_UserID": "S-1-5-18", "Security": null, "EventData_RuleName": "-", "EventData_UtcTime": "2023-09-27 01:43:06.856", "EventData_ProcessGuid": "{4557fbaa-83de-6513-8423-000000000c00}", "EventData_ProcessId": "9912", "EventData_Image": "E:\\Software\\Microsoft Visual Studio\\Common7\\IDE\\devenv.exe", "EventData_TargetFilename": "E:\\Experiment\\WINDOWS\u9ed1\u5ba2\u7f16\u7a0b\u6280\u672f\u8be6\u89e3-\u914d\u5957\u8d44\u6e90\\.vs\\slnx.sqlite-journal", "EventData_CreationUtcTime": "2023-09-27 01:43:06.856", "EventData_User": "DESKTOP-P5C3MUD\\user"}
{"Provider_Name": "Microsoft-Windows-Sysmon", "Provider_Guid": "{5770385f-c22a-43e0-bf4c-06f5698ffbd9}", "Provider": null, "EventID_Qualifiers": "", "EventID": "26", "Version": "5", "Level": "4", "Task": "26", "Opcode": "0", "Keywords": "0x8000000000000000", "TimeCreated_SystemTime": "2023-09-27 01:43:06.869421", "TimeCreated": null, "EventRecordID": "27225", "Correlation_ActivityID": "", "Correlation_RelatedActivityID": "", "Correlation": null, "Execution_ProcessID": "3368", "Execution_ThreadID": "4984", "Execution": null, "Channel": "Microsoft-Windows-Sysmon/Operational", "Computer": "DESKTOP-P5C3MUD", "Security_UserID": "S-1-5-18", "Security": null, "EventData_RuleName": "-", "EventData_UtcTime": "2023-09-27 01:43:06.856", "EventData_ProcessGuid": "{4557fbaa-83de-6513-8423-000000000c00}", "EventData_ProcessId": "9912", "EventData_User": "DESKTOP-P5C3MUD\\user", "EventData_Image": "E:\\Software\\Microsoft Visual Studio\\Common7\\IDE\\devenv.exe", "EventData_TargetFilename": "E:\\Experiment\\WINDOWS\u9ed1\u5ba2\u7f16\u7a0b\u6280\u672f\u8be6\u89e3-\u914d\u5957\u8d44\u6e90\\.vs\\slnx.sqlite-journal", "EventData_Hashes": "SHA1=FDF7B52B3AECD00CDAE2A90245AA59BB9FDE5C03,MD5=08C242E9824BC7EE2D833569647E0F3B,SHA256=FE8B827B60708E78608DED550ED7FA1114354F7D37D6C0E9B36B9DC2287D92EA,IMPHASH=00000000000000000000000000000000", "EventData_IsExecutable": "False"}
{"Provider_Name": "Microsoft-Windows-Sysmon", "Provider_Guid": "{5770385f-c22a-43e0-bf4c-06f5698ffbd9}", "Provider": null, "EventID_Qualifiers": "", "EventID": "11", "Version": "2", "Level": "4", "Task": "11", "Opcode": "0", "Keywords": "0x8000000000000000", "TimeCreated_SystemTime": "2023-09-27 01:43:06.869707", "TimeCreated": null, "EventRecordID": "27226", "Correlation_ActivityID": "", "Correlation_RelatedActivityID": "", "Correlation": null, "Execution_ProcessID": "3368", "Execution_ThreadID": "4984", "Execution": null, "Channel": "Microsoft-Windows-Sysmon/Operational", "Computer": "DESKTOP-P5C3MUD", "Security_UserID": "S-1-5-18", "Security": null, "EventData_RuleName": "-", "EventData_UtcTime": "2023-09-27 01:43:06.856", "EventData_ProcessGuid": "{4557fbaa-83de-6513-8423-000000000c00}", "EventData_ProcessId": "9912", "EventData_Image": "E:\\Software\\Microsoft Visual Studio\\Common7\\IDE\\devenv.exe", "EventData_TargetFilename": "E:\\Experiment\\WINDOWS\u9ed1\u5ba2\u7f16\u7a0b\u6280\u672f\u8be6\u89e3-\u914d\u5957\u8d44\u6e90\\.vs\\slnx.sqlite-journal", "EventData_CreationUtcTime": "2023-09-27 01:43:06.856", "EventData_User": "DESKTOP-P5C3MUD\\user"}
{"Provider_Name": "Microsoft-Windows-Sysmon", "Provider_Guid": "{5770385f-c22a-43e0-bf4c-06f5698ffbd9}", "Provider": null, "EventID_Qualifiers": "", "EventID": "26", "Version": "5", "Level": "4", "Task": "26", "Opcode": "0", "Keywords": "0x8000000000000000", "TimeCreated_SystemTime": "2023-09-27 01:43:06.874147", "TimeCreated": null, "EventRecordID": "27227", "Correlation_ActivityID": "", "Correlation_RelatedActivityID": "", "Correlation": null, "Execution_ProcessID": "3368", "Execution_ThreadID": "4984", "Execution": null, "Channel": "Microsoft-Windows-Sysmon/Operational", "Computer": "DESKTOP-P5C3MUD", "Security_UserID": "S-1-5-18", "Security": null, "EventData_RuleName": "-", "EventData_UtcTime": "2023-09-27 01:43:06.872", "EventData_ProcessGuid": "{4557fbaa-83de-6513-8423-000000000c00}", "EventData_ProcessId": "9912", "EventData_User": "DESKTOP-P5C3MUD\\user", "EventData_Image": "E:\\Software\\Microsoft Visual Studio\\Common7\\IDE\\devenv.exe", "EventData_TargetFilename": "E:\\Experiment\\WINDOWS\u9ed1\u5ba2\u7f16\u7a0b\u6280\u672f\u8be6\u89e3-\u914d\u5957\u8d44\u6e90\\.vs\\slnx.sqlite-journal", "EventData_Hashes": "SHA1=191A657A1F2CBEE78D8F8613E87EE0F7C27E41E8,MD5=B9C533A82895FBEC5B5A4640E4364AD8,SHA256=3B57C638582286F42A5898DF7A8CBD9D6AF73FCC198CDCA2ABDB97365F80BC02,IMPHASH=00000000000000000000000000000000", "EventData_IsExecutable": "False"}
{"Provider_Name": "Microsoft-Windows-Sysmon", "Provider_Guid": "{5770385f-c22a-43e0-bf4c-06f5698ffbd9}", "Provider": null, "EventID_Qualifiers": "", "EventID": "11", "Version": "2", "Level": "4", "Task": "11", "Opcode": "0", "Keywords": "0x8000000000000000", "TimeCreated_SystemTime": "2023-09-27 01:43:06.874395", "TimeCreated": null, "EventRecordID": "27228", "Correlation_ActivityID": "", "Correlation_RelatedActivityID": "", "Correlation": null, "Execution_ProcessID": "3368", "Execution_ThreadID": "4984", "Execution": null, "Channel": "Microsoft-Windows-Sysmon/Operational", "Computer": "DESKTOP-P5C3MUD", "Security_UserID": "S-1-5-18", "Security": null, "EventData_RuleName": "-", "EventData_UtcTime": "2023-09-27 01:43:06.872", "EventData_ProcessGuid": "{4557fbaa-83de-6513-8423-000000000c00}", "EventData_ProcessId": "9912", "EventData_Image": "E:\\Software\\Microsoft Visual Studio\\Common7\\IDE\\devenv.exe", "EventData_TargetFilename": "E:\\Experiment\\WINDOWS\u9ed1\u5ba2\u7f16\u7a0b\u6280\u672f\u8be6\u89e3-\u914d\u5957\u8d44\u6e90\\.vs\\slnx.sqlite-journal", "EventData_CreationUtcTime": "2023-09-27 01:43:06.872", "EventData_User": "DESKTOP-P5C3MUD\\user"}
{"Provider_Name": "Microsoft-Windows-Sysmon", "Provider_Guid": "{5770385f-c22a-43e0-bf4c-06f5698ffbd9}", "Provider": null, "EventID_Qualifiers": "", "EventID": "26", "Version": "5", "Level": "4", "Task": "26", "Opcode": "0", "Keywords": "0x8000000000000000", "TimeCreated_SystemTime": "2023-09-27 01:43:06.878830", "TimeCreated": null, "EventRecordID": "27229", "Correlation_ActivityID": "", "Correlation_RelatedActivityID": "", "Correlation": null, "Execution_ProcessID": "3368", "Execution_ThreadID": "4984", "Execution": null, "Channel": "Microsoft-Windows-Sysmon/Operational", "Computer": "DESKTOP-P5C3MUD", "Security_UserID": "S-1-5-18", "Security": null, "EventData_RuleName": "-", "EventData_UtcTime": "2023-09-27 01:43:06.872", "EventData_ProcessGuid": "{4557fbaa-83de-6513-8423-000000000c00}", "EventData_ProcessId": "9912", "EventData_User": "DESKTOP-P5C3MUD\\user", "EventData_Image": "E:\\Software\\Microsoft Visual Studio\\Common7\\IDE\\devenv.exe", "EventData_TargetFilename": "E:\\Experiment\\WINDOWS\u9ed1\u5ba2\u7f16\u7a0b\u6280\u672f\u8be6\u89e3-\u914d\u5957\u8d44\u6e90\\.vs\\slnx.sqlite-journal", "EventData_Hashes": "SHA1=81F506B571FC17B9DDDF1F4BEBC48BE76CB317EF,MD5=E8BB4888E9893E4A38F3EF49339BDBFE,SHA256=2951ABF4F654BFA33B5D11AD59465B744894925A6B7C985BCEEE4065E1F7DB3C,IMPHASH=00000000000000000000000000000000", "EventData_IsExecutable": "False"}
{"Provider_Name": "Microsoft-Windows-Sysmon", "Provider_Guid": "{5770385f-c22a-43e0-bf4c-06f5698ffbd9}", "Provider": null, "EventID_Qualifiers": "", "EventID": "11", "Version": "2", "Level": "4", "Task": "11", "Opcode": "0", "Keywords": "0x8000000000000000", "TimeCreated_SystemTime": "2023-09-27 01:43:06.879133", "TimeCreated": null, "EventRecordID": "27230", "Correlation_ActivityID": "", "Correlation_RelatedActivityID": "", "Correlation": null, "Execution_ProcessID": "3368", "Execution_ThreadID": "4984", "Execution": null, "Channel": "Microsoft-Windows-Sysmon/Operational", "Computer": "DESKTOP-P5C3MUD", "Security_UserID": "S-1-5-18", "Security": null, "EventData_RuleName": "-", "EventData_UtcTime": "2023-09-27 01:43:06.872", "EventData_ProcessGuid": "{4557fbaa-83de-6513-8423-000000000c00}", "EventData_ProcessId": "9912", "EventData_Image": "E:\\Software\\Microsoft Visual Studio\\Common7\\IDE\\devenv.exe", "EventData_TargetFilename": "E:\\Experiment\\WINDOWS\u9ed1\u5ba2\u7f16\u7a0b\u6280\u672f\u8be6\u89e3-\u914d\u5957\u8d44\u6e90\\.vs\\slnx.sqlite-journal", "EventData_CreationUtcTime": "2023-09-27 01:43:06.872", "EventData_User": "DESKTOP-P5C3MUD\\user"}
{"Provider_Name": "Microsoft-Windows-Sysmon", "Provider_Guid": "{5770385f-c22a-43e0-bf4c-06f5698ffbd9}", "Provider": null, "EventID_Qualifiers": "", "EventID": "26", "Version": "5", "Level": "4", "Task": "26", "Opcode": "0", "Keywords": "0x8000000000000000", "TimeCreated_SystemTime": "2023-09-27 01:43:06.883459", "TimeCreated": null, "EventRecordID": "27231", "Correlation_ActivityID": "", "Correlation_RelatedActivityID": "", "Correlation": null, "Execution_ProcessID": "3368", "Execution_ThreadID": "4984", "Execution": null, "Channel": "Microsoft-Windows-Sysmon/Operational", "Computer": "DESKTOP-P5C3MUD", "Security_UserID": "S-1-5-18", "Security": null, "EventData_RuleName": "-", "EventData_UtcTime": "2023-09-27 01:43:06.872", "EventData_ProcessGuid": "{4557fbaa-83de-6513-8423-000000000c00}", "EventData_ProcessId": "9912", "EventData_User": "DESKTOP-P5C3MUD\\user", "EventData_Image": "E:\\Software\\Microsoft Visual Studio\\Common7\\IDE\\devenv.exe", "EventData_TargetFilename": "E:\\Experiment\\WINDOWS\u9ed1\u5ba2\u7f16\u7a0b\u6280\u672f\u8be6\u89e3-\u914d\u5957\u8d44\u6e90\\.vs\\slnx.sqlite-journal", "EventData_Hashes": "SHA1=FB276BE7CFC5266D3C4064F69EC689786713937C,MD5=3D6E60BC81EF9A27C8B96159DBBF0762,SHA256=3379FB9C8A8FF1B02FE541F7E9D8A1725296143039D41B3C1274EC696789F06C,IMPHASH=00000000000000000000000000000000", "EventData_IsExecutable": "False"}
{"Provider_Name": "Microsoft-Windows-Sysmon", "Provider_Guid": "{5770385f-c22a-43e0-bf4c-06f5698ffbd9}", "Provider": null, "EventID_Qualifiers": "", "EventID": "11", "Version": "2", "Level": "4", "Task": "11", "Opcode": "0", "Keywords": "0x8000000000000000", "TimeCreated_SystemTime": "2023-09-27 01:43:06.883829", "TimeCreated": null, "EventRecordID": "27232", "Correlation_ActivityID": "", "Correlation_RelatedActivityID": "", "Correlation": null, "Execution_ProcessID": "3368", "Execution_ThreadID": "4984", "Execution": null, "Channel": "Microsoft-Windows-Sysmon/Operational", "Computer": "DESKTOP-P5C3MUD", "Security_UserID": "S-1-5-18", "Security": null, "EventData_RuleName": "-", "EventData_UtcTime": "2023-09-27 01:43:06.872", "EventData_ProcessGuid": "{4557fbaa-83de-6513-8423-000000000c00}", "EventData_ProcessId": "9912", "EventData_Image": "E:\\Software\\Microsoft Visual Studio\\Common7\\IDE\\devenv.exe", "EventData_TargetFilename": "E:\\Experiment\\WINDOWS\u9ed1\u5ba2\u7f16\u7a0b\u6280\u672f\u8be6\u89e3-\u914d\u5957\u8d44\u6e90\\.vs\\slnx.sqlite-journal", "EventData_CreationUtcTime": "2023-09-27 01:43:06.872", "EventData_User": "DESKTOP-P5C3MUD\\user"}
{"Provider_Name": "Microsoft-Windows-Sysmon", "Provider_Guid": "{5770385f-c22a-43e0-bf4c-06f5698ffbd9}", "Provider": null, "EventID_Qualifiers": "", "EventID": "11", "Version": "2", "Level": "4", "Task": "11", "Opcode": "0", "Keywords": "0x8000000000000000", "TimeCreated_SystemTime": "2023-09-27 01:43:06.894463", "TimeCreated": null, "EventRecordID": "27233", "Correlation_ActivityID": "", "Correlation_RelatedActivityID": "", "Correlation": null, "Execution_ProcessID": "3368", "Execution_ThreadID": "4984", "Execution": null, "Channel": "Microsoft-Windows-Sysmon/Operational", "Computer": "DESKTOP-P5C3MUD", "Security_UserID": "S-1-5-18", "Security": null, "EventData_RuleName": "-", "EventData_UtcTime": "2023-09-27 01:43:06.887", "EventData_ProcessGuid": "{4557fbaa-8862-6513-7a24-000000000c00}", "EventData_ProcessId": "13996", "EventData_Image": "E:\\Software\\Microsoft Visual Studio\\MSBuild\\Current\\Bin\\amd64\\MSBuild.exe", "EventData_TargetFilename": "C:\\Users\\user\\AppData\\Local\\Temp\\tmp0e8dc45065214e6a92b2b426f924b781.tmp", "EventData_CreationUtcTime": "2023-09-27 01:43:06.887", "EventData_User": "DESKTOP-P5C3MUD\\user"}
{"Provider_Name": "Microsoft-Windows-Sysmon", "Provider_Guid": "{5770385f-c22a-43e0-bf4c-06f5698ffbd9}", "Provider": null, "EventID_Qualifiers": "", "EventID": "26", "Version": "5", "Level": "4", "Task": "26", "Opcode": "0", "Keywords": "0x8000000000000000", "TimeCreated_SystemTime": "2023-09-27 01:43:06.894753", "TimeCreated": null, "EventRecordID": "27234", "Correlation_ActivityID": "", "Correlation_RelatedActivityID": "", "Correlation": null, "Execution_ProcessID": "3368", "Execution_ThreadID": "4984", "Execution": null, "Channel": "Microsoft-Windows-Sysmon/Operational", "Computer": "DESKTOP-P5C3MUD", "Security_UserID": "S-1-5-18", "Security": null, "EventData_RuleName": "-", "EventData_UtcTime": "2023-09-27 01:43:06.887", "EventData_ProcessGuid": "{4557fbaa-8862-6513-7a24-000000000c00}", "EventData_ProcessId": "13996", "EventData_User": "DESKTOP-P5C3MUD\\user", "EventData_Image": "E:\\Software\\Microsoft Visual Studio\\MSBuild\\Current\\Bin\\amd64\\MSBuild.exe", "EventData_TargetFilename": "C:\\Users\\user\\AppData\\Local\\Temp\\tmp0e8dc45065214e6a92b2b426f924b781.tmp", "EventData_Hashes": "SHA1=DA39A3EE5E6B4B0D3255BFEF95601890AFD80709,MD5=D41D8CD98F00B204E9800998ECF8427E,SHA256=E3B0C44298FC1C149AFBF4C8996FB92427AE41E4649B934CA495991B7852B855,IMPHASH=00000000000000000000000000000000", "EventData_IsExecutable": "False"}
{"Provider_Name": "Microsoft-Windows-Sysmon", "Provider_Guid": "{5770385f-c22a-43e0-bf4c-06f5698ffbd9}", "Provider": null, "EventID_Qualifiers": "", "EventID": "11", "Version": "2", "Level": "4", "Task": "11", "Opcode": "0", "Keywords": "0x8000000000000000", "TimeCreated_SystemTime": "2023-09-27 01:43:06.894859", "TimeCreated": null, "EventRecordID": "27235", "Correlation_ActivityID": "", "Correlation_RelatedActivityID": "", "Correlation": null, "Execution_ProcessID": "3368", "Execution_ThreadID": "4984", "Execution": null, "Channel": "Microsoft-Windows-Sysmon/Operational", "Computer": "DESKTOP-P5C3MUD", "Security_UserID": "S-1-5-18", "Security": null, "EventData_RuleName": "-", "EventData_UtcTime": "2023-09-27 01:43:06.887", "EventData_ProcessGuid": "{4557fbaa-8862-6513-7a24-000000000c00}", "EventData_ProcessId": "13996", "EventData_Image": "E:\\Software\\Microsoft Visual Studio\\MSBuild\\Current\\Bin\\amd64\\MSBuild.exe", "EventData_TargetFilename": "C:\\Users\\user\\AppData\\Local\\Temp\\tmp0e8dc45065214e6a92b2b426f924b781.tmp", "EventData_CreationUtcTime": "2023-09-27 01:43:06.887", "EventData_User": "DESKTOP-P5C3MUD\\user"}
{"Provider_Name": "Microsoft-Windows-Sysmon", "Provider_Guid": "{5770385f-c22a-43e0-bf4c-06f5698ffbd9}", "Provider": null, "EventID_Qualifiers": "", "EventID": "11", "Version": "2", "Level": "4", "Task": "11", "Opcode": "0", "Keywords": "0x8000000000000000", "TimeCreated_SystemTime": "2023-09-27 01:43:06.895386", "TimeCreated": null, "EventRecordID": "27236", "Correlation_ActivityID": "", "Correlation_RelatedActivityID": "", "Correlation": null, "Execution_ProcessID": "3368", "Execution_ThreadID": "4984", "Execution": null, "Channel": "Microsoft-Windows-Sysmon/Operational", "Computer": "DESKTOP-P5C3MUD", "Security_UserID": "S-1-5-18", "Security": null, "EventData_RuleName": "-", "EventData_UtcTime": "2023-09-27 01:43:06.887", "EventData_ProcessGuid": "{4557fbaa-8862-6513-7a24-000000000c00}", "EventData_ProcessId": "13996", "EventData_Image": "E:\\Software\\Microsoft Visual Studio\\MSBuild\\Current\\Bin\\amd64\\MSBuild.exe", "EventData_TargetFilename": "C:\\Users\\user\\AppData\\Local\\Temp\\MSBuildTempuser\\tmpbc5a3589fbc44a3cab6955e8a1a36f98.rsp", "EventData_CreationUtcTime": "2023-09-27 01:43:06.887", "EventData_User": "DESKTOP-P5C3MUD\\user"}
{"Provider_Name": "Microsoft-Windows-Sysmon", "Provider_Guid": "{5770385f-c22a-43e0-bf4c-06f5698ffbd9}", "Provider": null, "EventID_Qualifiers": "", "EventID": "26", "Version": "5", "Level": "4", "Task": "26", "Opcode": "0", "Keywords": "0x8000000000000000", "TimeCreated_SystemTime": "2023-09-27 01:43:06.898514", "TimeCreated": null, "EventRecordID": "27237", "Correlation_ActivityID": "", "Correlation_RelatedActivityID": "", "Correlation": null, "Execution_ProcessID": "3368", "Execution_ThreadID": "4984", "Execution": null, "Channel": "Microsoft-Windows-Sysmon/Operational", "Computer": "DESKTOP-P5C3MUD", "Security_UserID": "S-1-5-18", "Security": null, "EventData_RuleName": "-", "EventData_UtcTime": "2023-09-27 01:43:06.887", "EventData_ProcessGuid": "{4557fbaa-83de-6513-8423-000000000c00}", "EventData_ProcessId": "9912", "EventData_User": "DESKTOP-P5C3MUD\\user", "EventData_Image": "E:\\Software\\Microsoft Visual Studio\\Common7\\IDE\\devenv.exe", "EventData_TargetFilename": "E:\\Experiment\\WINDOWS\u9ed1\u5ba2\u7f16\u7a0b\u6280\u672f\u8be6\u89e3-\u914d\u5957\u8d44\u6e90\\.vs\\slnx.sqlite-journal", "EventData_Hashes": "SHA1=084F70191FD1824DA950D5F4186D9A5CF628E8F4,MD5=2F276E20AF8AAA6D68BCC06D544EFC90,SHA256=C2B789BA2A0ED6262B81E936BF7ED1EE9D1D5EA7CFA617D6E25F25A3F2D52763,IMPHASH=00000000000000000000000000000000", "EventData_IsExecutable": "False"}
{"Provider_Name": "Microsoft-Windows-Sysmon", "Provider_Guid": "{5770385f-c22a-43e0-bf4c-06f5698ffbd9}", "Provider": null, "EventID_Qualifiers": "", "EventID": "11", "Version": "2", "Level": "4", "Task": "11", "Opcode": "0", "Keywords": "0x8000000000000000", "TimeCreated_SystemTime": "2023-09-27 01:43:06.898781", "TimeCreated": null, "EventRecordID": "27238", "Correlation_ActivityID": "", "Correlation_RelatedActivityID": "", "Correlation": null, "Execution_ProcessID": "3368", "Execution_ThreadID": "4984", "Execution": null, "Channel": "Microsoft-Windows-Sysmon/Operational", "Computer": "DESKTOP-P5C3MUD", "Security_UserID": "S-1-5-18", "Security": null, "EventData_RuleName": "-", "EventData_UtcTime": "2023-09-27 01:43:06.887", "EventData_ProcessGuid": "{4557fbaa-83de-6513-8423-000000000c00}", "EventData_ProcessId": "9912", "EventData_Image": "E:\\Software\\Microsoft Visual Studio\\Common7\\IDE\\devenv.exe", "EventData_TargetFilename": "E:\\Experiment\\WINDOWS\u9ed1\u5ba2\u7f16\u7a0b\u6280\u672f\u8be6\u89e3-\u914d\u5957\u8d44\u6e90\\.vs\\slnx.sqlite-journal", "EventData_CreationUtcTime": "2023-09-27 01:43:06.887", "EventData_User": "DESKTOP-P5C3MUD\\user"}
{"Provider_Name": "Microsoft-Windows-Sysmon", "Provider_Guid": "{5770385f-c22a-43e0-bf4c-06f5698ffbd9}", "Provider": null, "EventID_Qualifiers": "", "EventID": "26", "Version": "5", "Level": "4", "Task": "26", "Opcode": "0", "Keywords": "0x8000000000000000", "TimeCreated_SystemTime": "2023-09-27 01:43:06.903576", "TimeCreated": null, "EventRecordID": "27239", "Correlation_ActivityID": "", "Correlation_RelatedActivityID": "", "Correlation": null, "Execution_ProcessID": "3368", "Execution_ThreadID": "4984", "Execution": null, "Channel": "Microsoft-Windows-Sysmon/Operational", "Computer": "DESKTOP-P5C3MUD", "Security_UserID": "S-1-5-18", "Security": null, "EventData_RuleName": "-", "EventData_UtcTime": "2023-09-27 01:43:06.903", "EventData_ProcessGuid": "{4557fbaa-83de-6513-8423-000000000c00}", "EventData_ProcessId": "9912", "EventData_User": "DESKTOP-P5C3MUD\\user", "EventData_Image": "E:\\Software\\Microsoft Visual Studio\\Common7\\IDE\\devenv.exe", "EventData_TargetFilename": "E:\\Experiment\\WINDOWS\u9ed1\u5ba2\u7f16\u7a0b\u6280\u672f\u8be6\u89e3-\u914d\u5957\u8d44\u6e90\\.vs\\slnx.sqlite-journal", "EventData_Hashes": "SHA1=AE69A2208F1AA297DE903A66D9F9D9BEFA8AA2B8,MD5=3B464A39F24EAB53A37C7259B0D9095A,SHA256=3B9AC0F0BFFE4E732C0DEEB181C1DE18A6C3940A8FD347F16D736970E2871A1B,IMPHASH=00000000000000000000000000000000", "EventData_IsExecutable": "False"}
{"Provider_Name": "Microsoft-Windows-Sysmon", "Provider_Guid": "{5770385f-c22a-43e0-bf4c-06f5698ffbd9}", "Provider": null, "EventID_Qualifiers": "", "EventID": "11", "Version": "2", "Level": "4", "Task": "11", "Opcode": "0", "Keywords": "0x8000000000000000", "TimeCreated_SystemTime": "2023-09-27 01:43:06.906099", "TimeCreated": null, "EventRecordID": "27240", "Correlation_ActivityID": "", "Correlation_RelatedActivityID": "", "Correlation": null, "Execution_ProcessID": "3368", "Execution_ThreadID": "4984", "Execution": null, "Channel": "Microsoft-Windows-Sysmon/Operational", "Computer": "DESKTOP-P5C3MUD", "Security_UserID": "S-1-5-18", "Security": null, "EventData_RuleName": "-", "EventData_UtcTime": "2023-09-27 01:43:06.903", "EventData_ProcessGuid": "{4557fbaa-83de-6513-8423-000000000c00}", "EventData_ProcessId": "9912", "EventData_Image": "E:\\Software\\Microsoft Visual Studio\\Common7\\IDE\\devenv.exe", "EventData_TargetFilename": "E:\\Experiment\\WINDOWS\u9ed1\u5ba2\u7f16\u7a0b\u6280\u672f\u8be6\u89e3-\u914d\u5957\u8d44\u6e90\\.vs\\slnx.sqlite-journal", "EventData_CreationUtcTime": "2023-09-27 01:43:06.903", "EventData_User": "DESKTOP-P5C3MUD\\user"}
{"Provider_Name": "Microsoft-Windows-Sysmon", "Provider_Guid": "{5770385f-c22a-43e0-bf4c-06f5698ffbd9}", "Provider": null, "EventID_Qualifiers": "", "EventID": "26", "Version": "5", "Level": "4", "Task": "26", "Opcode": "0", "Keywords": "0x8000000000000000", "TimeCreated_SystemTime": "2023-09-27 01:43:06.911411", "TimeCreated": null, "EventRecordID": "27241", "Correlation_ActivityID": "", "Correlation_RelatedActivityID": "", "Correlation": null, "Execution_ProcessID": "3368", "Execution_ThreadID": "4984", "Execution": null, "Channel": "Microsoft-Windows-Sysmon/Operational", "Computer": "DESKTOP-P5C3MUD", "Security_UserID": "S-1-5-18", "Security": null, "EventData_RuleName": "-", "EventData_UtcTime": "2023-09-27 01:43:06.903", "EventData_ProcessGuid": "{4557fbaa-83de-6513-8423-000000000c00}", "EventData_ProcessId": "9912", "EventData_User": "DESKTOP-P5C3MUD\\user", "EventData_Image": "E:\\Software\\Microsoft Visual Studio\\Common7\\IDE\\devenv.exe", "EventData_TargetFilename": "E:\\Experiment\\WINDOWS\u9ed1\u5ba2\u7f16\u7a0b\u6280\u672f\u8be6\u89e3-\u914d\u5957\u8d44\u6e90\\.vs\\slnx.sqlite-journal", "EventData_Hashes": "SHA1=549B6A87914390A6F2F8A1DC552870BF64F35881,MD5=37B2326320644F49645D925AB9A0462D,SHA256=B5967DEAE9F08A81FAA4A701681EA722F46AE7695CF7434DDAE026327071DEDF,IMPHASH=00000000000000000000000000000000", "EventData_IsExecutable": "False"}
{"Provider_Name": "Microsoft-Windows-Sysmon", "Provider_Guid": "{5770385f-c22a-43e0-bf4c-06f5698ffbd9}", "Provider": null, "EventID_Qualifiers": "", "EventID": "1", "Version": "5", "Level": "4", "Task": "1", "Opcode": "0", "Keywords": "0x8000000000000000", "TimeCreated_SystemTime": "2023-09-27 01:43:06.938425", "TimeCreated": null, "EventRecordID": "27242", "Correlation_ActivityID": "", "Correlation_RelatedActivityID": "", "Correlation": null, "Execution_ProcessID": "3368", "Execution_ThreadID": "4984", "Execution": null, "Channel": "Microsoft-Windows-Sysmon/Operational", "Computer": "DESKTOP-P5C3MUD", "Security_UserID": "S-1-5-18", "Security": null, "EventData_RuleName": "-", "EventData_UtcTime": "2023-09-27 01:43:06.935", "EventData_ProcessGuid": "{4557fbaa-88aa-6513-9b24-000000000c00}", "EventData_ProcessId": "10388", "EventData_Image": "E:\\Software\\Microsoft Visual Studio\\MSBuild\\Current\\Bin\\amd64\\Tracker.exe", "EventData_FileVersion": "17.0.33905.217 built by: D17.7", "EventData_Description": "Tracker", "EventData_Product": "Microsoft\u00ae Build Tools\u00ae", "EventData_Company": "Microsoft Corporation", "EventData_OriginalFileName": "Tracker.exe", "EventData_CommandLine": "\"E:\\Software\\Microsoft Visual Studio\\MSBuild\\Current\\Bin\\amd64\\Tracker.exe\" /a @\"C:\\Users\\user\\AppData\\Local\\Temp\\tmp0e8dc45065214e6a92b2b426f924b781.tmp\" /c \"E:\\Software\\Microsoft Visual Studio\\VC\\Tools\\MSVC\\14.37.32822\\bin\\HostX86\\x86\\link.exe\"  /ERRORREPORT:PROMPT @\"C:\\Users\\user\\AppData\\Local\\Temp\\MSBuildTempuser\\tmpbc5a3589fbc44a3cab6955e8a1a36f98.rsp\"", "EventData_CurrentDirectory": "E:\\Experiment\\WINDOWS\u9ed1\u5ba2\u7f16\u7a0b\u6280\u672f\u8be6\u89e3-\u914d\u5957\u8d44\u6e90\\\u7528\u6237\u5c42\\6\\Bypass UAC\\BypassUAC1_Test\\BypassUAC1_Test\\", "EventData_User": "DESKTOP-P5C3MUD\\user", "EventData_LogonGuid": "{4557fbaa-e7fd-6502-0fe6-0a0000000000}", "EventData_LogonId": "0x00000000000ae60f", "EventData_TerminalSessionId": "1", "EventData_IntegrityLevel": "High", "EventData_Hashes": "SHA1=1BC0A068A4CF137393C820E8B6AF280D4477C4C2,MD5=14B1F6E849DC026936F26B9E6BB213E1,SHA256=122E17F3B2FC879C71A444051EF2C8E39D18CE6091BB219246AE2B52EA2C2BC7,IMPHASH=14080F31060750D886322E7666BE2D5D", "EventData_ParentProcessGuid": "{4557fbaa-8862-6513-7a24-000000000c00}", "EventData_ParentProcessId": "13996", "EventData_ParentImage": "E:\\Software\\Microsoft Visual Studio\\MSBuild\\Current\\Bin\\amd64\\MSBuild.exe", "EventData_ParentCommandLine": "\"E:\\Software\\Microsoft Visual Studio\\MSBuild\\Current\\Bin\\amd64\\MSBuild.exe\" /nologo /nodemode:1 /nodeReuse:true /low:false", "EventData_ParentUser": "DESKTOP-P5C3MUD\\user"}
{"Provider_Name": "Microsoft-Windows-Sysmon", "Provider_Guid": "{5770385f-c22a-43e0-bf4c-06f5698ffbd9}", "Provider": null, "EventID_Qualifiers": "", "EventID": "10", "Version": "3", "Level": "4", "Task": "10", "Opcode": "0", "Keywords": "0x8000000000000000", "TimeCreated_SystemTime": "2023-09-27 01:43:06.938581", "TimeCreated": null, "EventRecordID": "27243", "Correlation_ActivityID": "", "Correlation_RelatedActivityID": "", "Correlation": null, "Execution_ProcessID": "3368", "Execution_ThreadID": "4984", "Execution": null, "Channel": "Microsoft-Windows-Sysmon/Operational", "Computer": "DESKTOP-P5C3MUD", "Security_UserID": "S-1-5-18", "Security": null, "EventData_RuleName": "-", "EventData_UtcTime": "2023-09-27 01:43:06.934", "EventData_SourceProcessGUID": "{4557fbaa-8862-6513-7a24-000000000c00}", "EventData_SourceProcessId": "13996", "EventData_SourceThreadId": "7924", "EventData_SourceImage": "E:\\Software\\Microsoft Visual Studio\\MSBuild\\Current\\Bin\\amd64\\MSBuild.exe", "EventData_TargetProcessGUID": "{4557fbaa-88aa-6513-9b24-000000000c00}", "EventData_TargetProcessId": "10388", "EventData_TargetImage": "E:\\Software\\Microsoft Visual Studio\\MSBuild\\Current\\Bin\\amd64\\Tracker.exe", "EventData_GrantedAccess": "0x001fffff", "EventData_CallTrace": "C:\\Windows\\SYSTEM32\\ntdll.dll+9e764|C:\\Windows\\System32\\KERNELBASE.dll+5b473|C:\\Windows\\System32\\KERNELBASE.dll+597e6|C:\\Windows\\System32\\KERNEL32.dll+1cec4|C:\\Windows\\assembly\\NativeImages_v4.0.30319_64\\System\\dedc75453f6b39c0f80a287688f47235\\System.ni.dll+351226|C:\\Windows\\assembly\\NativeImages_v4.0.30319_64\\System\\dedc75453f6b39c0f80a287688f47235\\System.ni.dll+2b3bb9|C:\\Windows\\assembly\\NativeImages_v4.0.30319_64\\System\\dedc75453f6b39c0f80a287688f47235\\System.ni.dll+2b3529|C:\\Windows\\assembly\\NativeImages_v4.0.30319_64\\Microsoft.B83e45f54#\\36b7eb1ee5e5080cd6ef7eec310d234b\\Microsoft.Build.Utilities.Core.ni.dll+81171|UNKNOWN(00007FFE4392CB19)", "EventData_SourceUser": "DESKTOP-P5C3MUD\\user", "EventData_TargetUser": "DESKTOP-P5C3MUD\\user"}
{"Provider_Name": "Microsoft-Windows-Sysmon", "Provider_Guid": "{5770385f-c22a-43e0-bf4c-06f5698ffbd9}", "Provider": null, "EventID_Qualifiers": "", "EventID": "10", "Version": "3", "Level": "4", "Task": "10", "Opcode": "0", "Keywords": "0x8000000000000000", "TimeCreated_SystemTime": "2023-09-27 01:43:06.938669", "TimeCreated": null, "EventRecordID": "27244", "Correlation_ActivityID": "", "Correlation_RelatedActivityID": "", "Correlation": null, "Execution_ProcessID": "3368", "Execution_ThreadID": "4984", "Execution": null, "Channel": "Microsoft-Windows-Sysmon/Operational", "Computer": "DESKTOP-P5C3MUD", "Security_UserID": "S-1-5-18", "Security": null, "EventData_RuleName": "-", "EventData_UtcTime": "2023-09-27 01:43:06.934", "EventData_SourceProcessGUID": "{4557fbaa-e7c4-6502-0900-000000000c00}", "EventData_SourceProcessId": "592", "EventData_SourceThreadId": "608", "EventData_SourceImage": "C:\\Windows\\system32\\csrss.exe", "EventData_TargetProcessGUID": "{4557fbaa-88aa-6513-9b24-000000000c00}", "EventData_TargetProcessId": "10388", "EventData_TargetImage": "E:\\Software\\Microsoft Visual Studio\\MSBuild\\Current\\Bin\\amd64\\Tracker.exe", "EventData_GrantedAccess": "0x001fffff", "EventData_CallTrace": "C:\\Windows\\SYSTEM32\\ntdll.dll+9d314|C:\\Windows\\system32\\basesrv.DLL+326f|C:\\Windows\\SYSTEM32\\CSRSRV.dll+6490|C:\\Windows\\SYSTEM32\\ntdll.dll+526bf", "EventData_SourceUser": "NT AUTHORITY\\SYSTEM", "EventData_TargetUser": "DESKTOP-P5C3MUD\\user"}
{"Provider_Name": "Microsoft-Windows-Sysmon", "Provider_Guid": "{5770385f-c22a-43e0-bf4c-06f5698ffbd9}", "Provider": null, "EventID_Qualifiers": "", "EventID": "7", "Version": "3", "Level": "4", "Task": "7", "Opcode": "0", "Keywords": "0x8000000000000000", "TimeCreated_SystemTime": "2023-09-27 01:43:06.939251", "TimeCreated": null, "EventRecordID": "27245", "Correlation_ActivityID": "", "Correlation_RelatedActivityID": "", "Correlation": null, "Execution_ProcessID": "3368", "Execution_ThreadID": "4984", "Execution": null, "Channel": "Microsoft-Windows-Sysmon/Operational", "Computer": "DESKTOP-P5C3MUD", "Security_UserID": "S-1-5-18", "Security": null, "EventData_RuleName": "-", "EventData_UtcTime": "2023-09-27 01:43:06.934", "EventData_ProcessGuid": "{4557fbaa-88aa-6513-9b24-000000000c00}", "EventData_ProcessId": "10388", "EventData_Image": "E:\\Software\\Microsoft Visual Studio\\MSBuild\\Current\\Bin\\amd64\\Tracker.exe", "EventData_ImageLoaded": "E:\\Software\\Microsoft Visual Studio\\MSBuild\\Current\\Bin\\amd64\\Tracker.exe", "EventData_FileVersion": "17.0.33905.217 built by: D17.7", "EventData_Description": "Tracker", "EventData_Product": "Microsoft\u00ae Build Tools\u00ae", "EventData_Company": "Microsoft Corporation", "EventData_OriginalFileName": "Tracker.exe", "EventData_Hashes": "SHA1=1BC0A068A4CF137393C820E8B6AF280D4477C4C2,MD5=14B1F6E849DC026936F26B9E6BB213E1,SHA256=122E17F3B2FC879C71A444051EF2C8E39D18CE6091BB219246AE2B52EA2C2BC7,IMPHASH=14080F31060750D886322E7666BE2D5D", "EventData_Signed": "true", "EventData_Signature": "Microsoft Corporation", "EventData_SignatureStatus": "Valid", "EventData_User": "DESKTOP-P5C3MUD\\user"}
{"Provider_Name": "Microsoft-Windows-Sysmon", "Provider_Guid": "{5770385f-c22a-43e0-bf4c-06f5698ffbd9}", "Provider": null, "EventID_Qualifiers": "", "EventID": "7", "Version": "3", "Level": "4", "Task": "7", "Opcode": "0", "Keywords": "0x8000000000000000", "TimeCreated_SystemTime": "2023-09-27 01:43:06.947502", "TimeCreated": null, "EventRecordID": "27246", "Correlation_ActivityID": "", "Correlation_RelatedActivityID": "", "Correlation": null, "Execution_ProcessID": "3368", "Execution_ThreadID": "4984", "Execution": null, "Channel": "Microsoft-Windows-Sysmon/Operational", "Computer": "DESKTOP-P5C3MUD", "Security_UserID": "S-1-5-18", "Security": null, "EventData_RuleName": "-", "EventData_UtcTime": "2023-09-27 01:43:06.934", "EventData_ProcessGuid": "{4557fbaa-88aa-6513-9b24-000000000c00}", "EventData_ProcessId": "10388", "EventData_Image": "E:\\Software\\Microsoft Visual Studio\\MSBuild\\Current\\Bin\\amd64\\Tracker.exe", "EventData_ImageLoaded": "C:\\Windows\\System32\\ntdll.dll", "EventData_FileVersion": "10.0.19041.3393 (WinBuild.160101.0800)", "EventData_Description": "NT Layer DLL", "EventData_Product": "Microsoft\u00ae Windows\u00ae Operating System", "EventData_Company": "Microsoft Corporation", "EventData_OriginalFileName": "ntdll.dll", "EventData_Hashes": "SHA1=8047327CEFB24B1DFA5E1F4965FDB25C3E717642,MD5=62A8F85897022E08D1CCCB2C3AC6C8DE,SHA256=590E0BB26B4A24B0A787C7B8CACED643D8AECFE71140D1BD51A73D5D65B0AF94,IMPHASH=00000000000000000000000000000000", "EventData_Signed": "true", "EventData_Signature": "Microsoft Windows", "EventData_SignatureStatus": "Valid", "EventData_User": "DESKTOP-P5C3MUD\\user"}
