{"Provider_Name": "Microsoft-Windows-Sysmon", "Provider_Guid": "{5770385f-c22a-43e0-bf4c-06f5698ffbd9}", "Provider": null, "EventID_Qualifiers": "", "EventID": "10", "Version": "3", "Level": "4", "Task": "10", "Opcode": "0", "Keywords": "0x8000000000000000", "TimeCreated_SystemTime": "2023-09-27 04:33:00.586624", "TimeCreated": null, "EventRecordID": "28829", "Correlation_ActivityID": "", "Correlation_RelatedActivityID": "", "Correlation": null, "Execution_ProcessID": "3368", "Execution_ThreadID": "4984", "Execution": null, "Channel": "Microsoft-Windows-Sysmon/Operational", "Computer": "DESKTOP-P5C3MUD", "Security_UserID": "S-1-5-18", "Security": null, "EventData_RuleName": "-", "EventData_UtcTime": "2023-09-27 04:33:00.586", "EventData_SourceProcessGUID": "{4557fbaa-e806-6502-9c00-000000000c00}", "EventData_SourceProcessId": "3336", "EventData_SourceThreadId": "2272", "EventData_SourceImage": "C:\\Windows\\Explorer.EXE", "EventData_TargetProcessGUID": "{4557fbaa-d722-6506-1407-000000000c00}", "EventData_TargetProcessId": "10152", "EventData_TargetImage": "C:\\Windows\\system32\\ApplicationFrameHost.exe", "EventData_GrantedAccess": "0x00002000", "EventData_CallTrace": "C:\\Windows\\SYSTEM32\\ntdll.dll+9d314|C:\\Windows\\System32\\KERNELBASE.dll+308ee|C:\\Windows\\system32\\twinui.dll+331cb|C:\\Windows\\system32\\twinui.dll+32a3c|C:\\Windows\\system32\\twinui.dll+68bdc|C:\\Windows\\system32\\twinui.dll+68b3c|C:\\Windows\\system32\\twinui.dll+60c7a|C:\\Windows\\system32\\twinui.dll+605aa|C:\\Windows\\system32\\twinui.dll+60e4b|C:\\Windows\\system32\\twinui.dll+6066d|C:\\Windows\\System32\\user32.dll+e858|C:\\Windows\\System32\\user32.dll+e299|C:\\Windows\\System32\\windows.immersiveshell.serviceprovider.dll+c7e3|C:\\Windows\\System32\\windows.immersiveshell.serviceprovider.dll+c377|C:\\Windows\\System32\\windows.immersiveshell.serviceprovider.dll+c9c7|C:\\Windows\\System32\\windows.immersiveshell.serviceprovider.dll+ca22|C:\\Windows\\System32\\KERNEL32.DLL+17344|C:\\Windows\\SYSTEM32\\ntdll.dll+526b1", "EventData_SourceUser": "DESKTOP-P5C3MUD\\user", "EventData_TargetUser": "DESKTOP-P5C3MUD\\user"}
{"Provider_Name": "Microsoft-Windows-Sysmon", "Provider_Guid": "{5770385f-c22a-43e0-bf4c-06f5698ffbd9}", "Provider": null, "EventID_Qualifiers": "", "EventID": "10", "Version": "3", "Level": "4", "Task": "10", "Opcode": "0", "Keywords": "0x8000000000000000", "TimeCreated_SystemTime": "2023-09-27 04:33:00.587017", "TimeCreated": null, "EventRecordID": "28830", "Correlation_ActivityID": "", "Correlation_RelatedActivityID": "", "Correlation": null, "Execution_ProcessID": "3368", "Execution_ThreadID": "4984", "Execution": null, "Channel": "Microsoft-Windows-Sysmon/Operational", "Computer": "DESKTOP-P5C3MUD", "Security_UserID": "S-1-5-18", "Security": null, "EventData_RuleName": "-", "EventData_UtcTime": "2023-09-27 04:33:00.586", "EventData_SourceProcessGUID": "{4557fbaa-e806-6502-9c00-000000000c00}", "EventData_SourceProcessId": "3336", "EventData_SourceThreadId": "2272", "EventData_SourceImage": "C:\\Windows\\Explorer.EXE", "EventData_TargetProcessGUID": "{4557fbaa-3cc3-6509-4f0d-000000000c00}", "EventData_TargetProcessId": "5864", "EventData_TargetImage": "C:\\Program Files\\Google\\Chrome\\Application\\chrome.exe", "EventData_GrantedAccess": "0x00002000", "EventData_CallTrace": "C:\\Windows\\SYSTEM32\\ntdll.dll+9d314|C:\\Windows\\System32\\KERNELBASE.dll+308ee|C:\\Windows\\system32\\twinui.dll+331cb|C:\\Windows\\system32\\twinui.dll+32a3c|C:\\Windows\\system32\\twinui.dll+68bdc|C:\\Windows\\system32\\twinui.dll+68b3c|C:\\Windows\\system32\\twinui.dll+60c7a|C:\\Windows\\system32\\twinui.dll+605aa|C:\\Windows\\system32\\twinui.dll+60e4b|C:\\Windows\\system32\\twinui.dll+6066d|C:\\Windows\\System32\\user32.dll+e858|C:\\Windows\\System32\\user32.dll+e299|C:\\Windows\\System32\\windows.immersiveshell.serviceprovider.dll+c7e3|C:\\Windows\\System32\\windows.immersiveshell.serviceprovider.dll+c377|C:\\Windows\\System32\\windows.immersiveshell.serviceprovider.dll+c9c7|C:\\Windows\\System32\\windows.immersiveshell.serviceprovider.dll+ca22|C:\\Windows\\System32\\KERNEL32.DLL+17344|C:\\Windows\\SYSTEM32\\ntdll.dll+526b1", "EventData_SourceUser": "DESKTOP-P5C3MUD\\user", "EventData_TargetUser": "DESKTOP-P5C3MUD\\user"}
{"Provider_Name": "Microsoft-Windows-Sysmon", "Provider_Guid": "{5770385f-c22a-43e0-bf4c-06f5698ffbd9}", "Provider": null, "EventID_Qualifiers": "", "EventID": "12", "Version": "2", "Level": "4", "Task": "12", "Opcode": "0", "Keywords": "0x8000000000000000", "TimeCreated_SystemTime": "2023-09-27 04:33:00.588997", "TimeCreated": null, "EventRecordID": "28831", "Correlation_ActivityID": "", "Correlation_RelatedActivityID": "", "Correlation": null, "Execution_ProcessID": "3368", "Execution_ThreadID": "4984", "Execution": null, "Channel": "Microsoft-Windows-Sysmon/Operational", "Computer": "DESKTOP-P5C3MUD", "Security_UserID": "S-1-5-18", "Security": null, "EventData_RuleName": "-", "EventData_EventType": "CreateKey", "EventData_UtcTime": "2023-09-27 04:33:00.588", "EventData_ProcessGuid": "{4557fbaa-e810-6502-ab00-000000000c00}", "EventData_ProcessId": "5648", "EventData_Image": "C:\\Windows\\SystemApps\\MicrosoftWindows.Client.CBS_cw5n1h2txyewy\\TextInputHost.exe", "EventData_TargetObject": "\\REGISTRY\\A\\{eb11bc1f-fa29-861c-f7d3-85b441d9e9db}\\LocalState", "EventData_User": "DESKTOP-P5C3MUD\\user"}
{"Provider_Name": "Microsoft-Windows-Sysmon", "Provider_Guid": "{5770385f-c22a-43e0-bf4c-06f5698ffbd9}", "Provider": null, "EventID_Qualifiers": "", "EventID": "12", "Version": "2", "Level": "4", "Task": "12", "Opcode": "0", "Keywords": "0x8000000000000000", "TimeCreated_SystemTime": "2023-09-27 04:33:00.589237", "TimeCreated": null, "EventRecordID": "28832", "Correlation_ActivityID": "", "Correlation_RelatedActivityID": "", "Correlation": null, "Execution_ProcessID": "3368", "Execution_ThreadID": "4984", "Execution": null, "Channel": "Microsoft-Windows-Sysmon/Operational", "Computer": "DESKTOP-P5C3MUD", "Security_UserID": "S-1-5-18", "Security": null, "EventData_RuleName": "-", "EventData_EventType": "CreateKey", "EventData_UtcTime": "2023-09-27 04:33:00.588", "EventData_ProcessGuid": "{4557fbaa-e810-6502-ab00-000000000c00}", "EventData_ProcessId": "5648", "EventData_Image": "C:\\Windows\\SystemApps\\MicrosoftWindows.Client.CBS_cw5n1h2txyewy\\TextInputHost.exe", "EventData_TargetObject": "\\REGISTRY\\A\\{eb11bc1f-fa29-861c-f7d3-85b441d9e9db}\\LocalState", "EventData_User": "DESKTOP-P5C3MUD\\user"}
{"Provider_Name": "Microsoft-Windows-Sysmon", "Provider_Guid": "{5770385f-c22a-43e0-bf4c-06f5698ffbd9}", "Provider": null, "EventID_Qualifiers": "", "EventID": "13", "Version": "2", "Level": "4", "Task": "13", "Opcode": "0", "Keywords": "0x8000000000000000", "TimeCreated_SystemTime": "2023-09-27 04:33:00.590996", "TimeCreated": null, "EventRecordID": "28833", "Correlation_ActivityID": "", "Correlation_RelatedActivityID": "", "Correlation": null, "Execution_ProcessID": "3368", "Execution_ThreadID": "4984", "Execution": null, "Channel": "Microsoft-Windows-Sysmon/Operational", "Computer": "DESKTOP-P5C3MUD", "Security_UserID": "S-1-5-18", "Security": null, "EventData_RuleName": "-", "EventData_EventType": "SetValue", "EventData_UtcTime": "2023-09-27 04:33:00.590", "EventData_ProcessGuid": "{4557fbaa-e806-6502-9c00-000000000c00}", "EventData_ProcessId": "3336", "EventData_Image": "C:\\Windows\\Explorer.EXE", "EventData_TargetObject": "HKU\\S-1-5-21-2994737283-653069417-2221972583-1001\\SOFTWARE\\Microsoft\\Windows\\CurrentVersion\\ActivityDataModel\\ReaderRevisionInfo\\C576D885-A342-B9F1-2607-4651ECE05371", "EventData_Details": "Binary Data", "EventData_User": "DESKTOP-P5C3MUD\\user"}
{"Provider_Name": "Microsoft-Windows-Sysmon", "Provider_Guid": "{5770385f-c22a-43e0-bf4c-06f5698ffbd9}", "Provider": null, "EventID_Qualifiers": "", "EventID": "13", "Version": "2", "Level": "4", "Task": "13", "Opcode": "0", "Keywords": "0x8000000000000000", "TimeCreated_SystemTime": "2023-09-27 04:33:00.592129", "TimeCreated": null, "EventRecordID": "28834", "Correlation_ActivityID": "", "Correlation_RelatedActivityID": "", "Correlation": null, "Execution_ProcessID": "3368", "Execution_ThreadID": "4984", "Execution": null, "Channel": "Microsoft-Windows-Sysmon/Operational", "Computer": "DESKTOP-P5C3MUD", "Security_UserID": "S-1-5-18", "Security": null, "EventData_RuleName": "-", "EventData_EventType": "SetValue", "EventData_UtcTime": "2023-09-27 04:33:00.591", "EventData_ProcessGuid": "{4557fbaa-e806-6502-9c00-000000000c00}", "EventData_ProcessId": "3336", "EventData_Image": "C:\\Windows\\Explorer.EXE", "EventData_TargetObject": "HKU\\S-1-5-21-2994737283-653069417-2221972583-1001\\SOFTWARE\\Microsoft\\Windows\\CurrentVersion\\ActivityDataModel\\ReaderRevisionInfo\\C576D885-A342-B9F1-2607-4651ECE05371", "EventData_Details": "Binary Data", "EventData_User": "DESKTOP-P5C3MUD\\user"}
{"Provider_Name": "Microsoft-Windows-Sysmon", "Provider_Guid": "{5770385f-c22a-43e0-bf4c-06f5698ffbd9}", "Provider": null, "EventID_Qualifiers": "", "EventID": "12", "Version": "2", "Level": "4", "Task": "12", "Opcode": "0", "Keywords": "0x8000000000000000", "TimeCreated_SystemTime": "2023-09-27 04:33:00.806532", "TimeCreated": null, "EventRecordID": "28835", "Correlation_ActivityID": "", "Correlation_RelatedActivityID": "", "Correlation": null, "Execution_ProcessID": "3368", "Execution_ThreadID": "4984", "Execution": null, "Channel": "Microsoft-Windows-Sysmon/Operational", "Computer": "DESKTOP-P5C3MUD", "Security_UserID": "S-1-5-18", "Security": null, "EventData_RuleName": "-", "EventData_EventType": "CreateKey", "EventData_UtcTime": "2023-09-27 04:33:00.806", "EventData_ProcessGuid": "{4557fbaa-e806-6502-9c00-000000000c00}", "EventData_ProcessId": "3336", "EventData_Image": "C:\\Windows\\Explorer.EXE", "EventData_TargetObject": "HKU\\S-1-5-21-2994737283-653069417-2221972583-1001\\SOFTWARE\\Microsoft\\Windows\\CurrentVersion\\Explorer\\FeatureUsage\\AppSwitched", "EventData_User": "DESKTOP-P5C3MUD\\user"}
{"Provider_Name": "Microsoft-Windows-Sysmon", "Provider_Guid": "{5770385f-c22a-43e0-bf4c-06f5698ffbd9}", "Provider": null, "EventID_Qualifiers": "", "EventID": "13", "Version": "2", "Level": "4", "Task": "13", "Opcode": "0", "Keywords": "0x8000000000000000", "TimeCreated_SystemTime": "2023-09-27 04:33:00.806576", "TimeCreated": null, "EventRecordID": "28836", "Correlation_ActivityID": "", "Correlation_RelatedActivityID": "", "Correlation": null, "Execution_ProcessID": "3368", "Execution_ThreadID": "4984", "Execution": null, "Channel": "Microsoft-Windows-Sysmon/Operational", "Computer": "DESKTOP-P5C3MUD", "Security_UserID": "S-1-5-18", "Security": null, "EventData_RuleName": "-", "EventData_EventType": "SetValue", "EventData_UtcTime": "2023-09-27 04:33:00.806", "EventData_ProcessGuid": "{4557fbaa-e806-6502-9c00-000000000c00}", "EventData_ProcessId": "3336", "EventData_Image": "C:\\Windows\\Explorer.EXE", "EventData_TargetObject": "HKU\\S-1-5-21-2994737283-653069417-2221972583-1001\\SOFTWARE\\Microsoft\\Windows\\CurrentVersion\\Explorer\\FeatureUsage\\AppSwitched\\Microsoft.Windows.Explorer", "EventData_Details": "DWORD (0x0000009b)", "EventData_User": "DESKTOP-P5C3MUD\\user"}
{"Provider_Name": "Microsoft-Windows-Sysmon", "Provider_Guid": "{5770385f-c22a-43e0-bf4c-06f5698ffbd9}", "Provider": null, "EventID_Qualifiers": "", "EventID": "12", "Version": "2", "Level": "4", "Task": "12", "Opcode": "0", "Keywords": "0x8000000000000000", "TimeCreated_SystemTime": "2023-09-27 04:33:00.811140", "TimeCreated": null, "EventRecordID": "28837", "Correlation_ActivityID": "", "Correlation_RelatedActivityID": "", "Correlation": null, "Execution_ProcessID": "3368", "Execution_ThreadID": "4984", "Execution": null, "Channel": "Microsoft-Windows-Sysmon/Operational", "Computer": "DESKTOP-P5C3MUD", "Security_UserID": "S-1-5-18", "Security": null, "EventData_RuleName": "-", "EventData_EventType": "CreateKey", "EventData_UtcTime": "2023-09-27 04:33:00.810", "EventData_ProcessGuid": "{4557fbaa-e819-6502-cc00-000000000c00}", "EventData_ProcessId": "6548", "EventData_Image": "C:\\Windows\\system32\\ctfmon.exe", "EventData_TargetObject": "HKU\\S-1-5-21-2994737283-653069417-2221972583-1001\\SOFTWARE\\Microsoft\\Input\\TypingInsights", "EventData_User": "DESKTOP-P5C3MUD\\user"}
{"Provider_Name": "Microsoft-Windows-Sysmon", "Provider_Guid": "{5770385f-c22a-43e0-bf4c-06f5698ffbd9}", "Provider": null, "EventID_Qualifiers": "", "EventID": "13", "Version": "2", "Level": "4", "Task": "13", "Opcode": "0", "Keywords": "0x8000000000000000", "TimeCreated_SystemTime": "2023-09-27 04:33:00.811176", "TimeCreated": null, "EventRecordID": "28838", "Correlation_ActivityID": "", "Correlation_RelatedActivityID": "", "Correlation": null, "Execution_ProcessID": "3368", "Execution_ThreadID": "4984", "Execution": null, "Channel": "Microsoft-Windows-Sysmon/Operational", "Computer": "DESKTOP-P5C3MUD", "Security_UserID": "S-1-5-18", "Security": null, "EventData_RuleName": "-", "EventData_EventType": "SetValue", "EventData_UtcTime": "2023-09-27 04:33:00.810", "EventData_ProcessGuid": "{4557fbaa-e819-6502-cc00-000000000c00}", "EventData_ProcessId": "6548", "EventData_Image": "C:\\Windows\\system32\\ctfmon.exe", "EventData_TargetObject": "HKU\\S-1-5-21-2994737283-653069417-2221972583-1001\\SOFTWARE\\Microsoft\\Input\\TypingInsights\\Insights", "EventData_Details": "Binary Data", "EventData_User": "DESKTOP-P5C3MUD\\user"}
{"Provider_Name": "Microsoft-Windows-Sysmon", "Provider_Guid": "{5770385f-c22a-43e0-bf4c-06f5698ffbd9}", "Provider": null, "EventID_Qualifiers": "", "EventID": "13", "Version": "2", "Level": "4", "Task": "13", "Opcode": "0", "Keywords": "0x8000000000000000", "TimeCreated_SystemTime": "2023-09-27 04:33:00.842201", "TimeCreated": null, "EventRecordID": "28839", "Correlation_ActivityID": "", "Correlation_RelatedActivityID": "", "Correlation": null, "Execution_ProcessID": "3368", "Execution_ThreadID": "4984", "Execution": null, "Channel": "Microsoft-Windows-Sysmon/Operational", "Computer": "DESKTOP-P5C3MUD", "Security_UserID": "S-1-5-18", "Security": null, "EventData_RuleName": "-", "EventData_EventType": "SetValue", "EventData_UtcTime": "2023-09-27 04:33:00.842", "EventData_ProcessGuid": "{4557fbaa-e806-6502-9c00-000000000c00}", "EventData_ProcessId": "3336", "EventData_Image": "C:\\Windows\\Explorer.EXE", "EventData_TargetObject": "HKU\\S-1-5-21-2994737283-653069417-2221972583-1001_Classes\\Local Settings\\Software\\Microsoft\\Windows\\Shell\\Bags\\AllFolders\\Shell\\NavBar", "EventData_Details": "Binary Data", "EventData_User": "DESKTOP-P5C3MUD\\user"}
{"Provider_Name": "Microsoft-Windows-Sysmon", "Provider_Guid": "{5770385f-c22a-43e0-bf4c-06f5698ffbd9}", "Provider": null, "EventID_Qualifiers": "", "EventID": "10", "Version": "3", "Level": "4", "Task": "10", "Opcode": "0", "Keywords": "0x8000000000000000", "TimeCreated_SystemTime": "2023-09-27 04:33:00.849579", "TimeCreated": null, "EventRecordID": "28840", "Correlation_ActivityID": "", "Correlation_RelatedActivityID": "", "Correlation": null, "Execution_ProcessID": "3368", "Execution_ThreadID": "4984", "Execution": null, "Channel": "Microsoft-Windows-Sysmon/Operational", "Computer": "DESKTOP-P5C3MUD", "Security_UserID": "S-1-5-18", "Security": null, "EventData_RuleName": "-", "EventData_UtcTime": "2023-09-27 04:33:00.848", "EventData_SourceProcessGUID": "{4557fbaa-e7c5-6502-0d00-000000000c00}", "EventData_SourceProcessId": "868", "EventData_SourceThreadId": "9792", "EventData_SourceImage": "C:\\Windows\\system32\\svchost.exe", "EventData_TargetProcessGUID": "{4557fbaa-e806-6502-9c00-000000000c00}", "EventData_TargetProcessId": "3336", "EventData_TargetImage": "C:\\Windows\\Explorer.EXE", "EventData_GrantedAccess": "0x00002000", "EventData_CallTrace": "C:\\Windows\\SYSTEM32\\ntdll.dll+9d314|C:\\Windows\\SYSTEM32\\psmserviceexthost.dll+9f49|C:\\Windows\\SYSTEM32\\psmserviceexthost.dll+9d43|C:\\Windows\\SYSTEM32\\ntdll.dll+62dc9|C:\\Windows\\SYSTEM32\\ntdll.dll+62a51|C:\\Windows\\SYSTEM32\\ntdll.dll+628b0|C:\\Windows\\SYSTEM32\\ntdll.dll+10ebc|C:\\Windows\\SYSTEM32\\ntdll.dll+52f86|C:\\Windows\\System32\\KERNEL32.DLL+17344|C:\\Windows\\SYSTEM32\\ntdll.dll+526b1", "EventData_SourceUser": "NT AUTHORITY\\SYSTEM", "EventData_TargetUser": "DESKTOP-P5C3MUD\\user"}
{"Provider_Name": "Microsoft-Windows-Sysmon", "Provider_Guid": "{5770385f-c22a-43e0-bf4c-06f5698ffbd9}", "Provider": null, "EventID_Qualifiers": "", "EventID": "12", "Version": "2", "Level": "4", "Task": "12", "Opcode": "0", "Keywords": "0x8000000000000000", "TimeCreated_SystemTime": "2023-09-27 04:33:00.868780", "TimeCreated": null, "EventRecordID": "28841", "Correlation_ActivityID": "", "Correlation_RelatedActivityID": "", "Correlation": null, "Execution_ProcessID": "3368", "Execution_ThreadID": "4984", "Execution": null, "Channel": "Microsoft-Windows-Sysmon/Operational", "Computer": "DESKTOP-P5C3MUD", "Security_UserID": "S-1-5-18", "Security": null, "EventData_RuleName": "-", "EventData_EventType": "CreateKey", "EventData_UtcTime": "2023-09-27 04:33:00.868", "EventData_ProcessGuid": "{4557fbaa-e819-6502-cc00-000000000c00}", "EventData_ProcessId": "6548", "EventData_Image": "C:\\Windows\\system32\\ctfmon.exe", "EventData_TargetObject": "HKU\\S-1-5-21-2994737283-653069417-2221972583-1001\\SOFTWARE\\Microsoft\\Input\\TypingInsights", "EventData_User": "DESKTOP-P5C3MUD\\user"}
{"Provider_Name": "Microsoft-Windows-Sysmon", "Provider_Guid": "{5770385f-c22a-43e0-bf4c-06f5698ffbd9}", "Provider": null, "EventID_Qualifiers": "", "EventID": "13", "Version": "2", "Level": "4", "Task": "13", "Opcode": "0", "Keywords": "0x8000000000000000", "TimeCreated_SystemTime": "2023-09-27 04:33:00.868814", "TimeCreated": null, "EventRecordID": "28842", "Correlation_ActivityID": "", "Correlation_RelatedActivityID": "", "Correlation": null, "Execution_ProcessID": "3368", "Execution_ThreadID": "4984", "Execution": null, "Channel": "Microsoft-Windows-Sysmon/Operational", "Computer": "DESKTOP-P5C3MUD", "Security_UserID": "S-1-5-18", "Security": null, "EventData_RuleName": "-", "EventData_EventType": "SetValue", "EventData_UtcTime": "2023-09-27 04:33:00.868", "EventData_ProcessGuid": "{4557fbaa-e819-6502-cc00-000000000c00}", "EventData_ProcessId": "6548", "EventData_Image": "C:\\Windows\\system32\\ctfmon.exe", "EventData_TargetObject": "HKU\\S-1-5-21-2994737283-653069417-2221972583-1001\\SOFTWARE\\Microsoft\\Input\\TypingInsights\\Insights", "EventData_Details": "Binary Data", "EventData_User": "DESKTOP-P5C3MUD\\user"}
{"Provider_Name": "Microsoft-Windows-Sysmon", "Provider_Guid": "{5770385f-c22a-43e0-bf4c-06f5698ffbd9}", "Provider": null, "EventID_Qualifiers": "", "EventID": "12", "Version": "2", "Level": "4", "Task": "12", "Opcode": "0", "Keywords": "0x8000000000000000", "TimeCreated_SystemTime": "2023-09-27 04:33:00.873253", "TimeCreated": null, "EventRecordID": "28843", "Correlation_ActivityID": "", "Correlation_RelatedActivityID": "", "Correlation": null, "Execution_ProcessID": "3368", "Execution_ThreadID": "4984", "Execution": null, "Channel": "Microsoft-Windows-Sysmon/Operational", "Computer": "DESKTOP-P5C3MUD", "Security_UserID": "S-1-5-18", "Security": null, "EventData_RuleName": "-", "EventData_EventType": "CreateKey", "EventData_UtcTime": "2023-09-27 04:33:00.872", "EventData_ProcessGuid": "{4557fbaa-e810-6502-ab00-000000000c00}", "EventData_ProcessId": "5648", "EventData_Image": "C:\\Windows\\SystemApps\\MicrosoftWindows.Client.CBS_cw5n1h2txyewy\\TextInputHost.exe", "EventData_TargetObject": "\\REGISTRY\\A\\{eb11bc1f-fa29-861c-f7d3-85b441d9e9db}\\LocalState", "EventData_User": "DESKTOP-P5C3MUD\\user"}
{"Provider_Name": "Microsoft-Windows-Sysmon", "Provider_Guid": "{5770385f-c22a-43e0-bf4c-06f5698ffbd9}", "Provider": null, "EventID_Qualifiers": "", "EventID": "12", "Version": "2", "Level": "4", "Task": "12", "Opcode": "0", "Keywords": "0x8000000000000000", "TimeCreated_SystemTime": "2023-09-27 04:33:00.873365", "TimeCreated": null, "EventRecordID": "28844", "Correlation_ActivityID": "", "Correlation_RelatedActivityID": "", "Correlation": null, "Execution_ProcessID": "3368", "Execution_ThreadID": "4984", "Execution": null, "Channel": "Microsoft-Windows-Sysmon/Operational", "Computer": "DESKTOP-P5C3MUD", "Security_UserID": "S-1-5-18", "Security": null, "EventData_RuleName": "-", "EventData_EventType": "CreateKey", "EventData_UtcTime": "2023-09-27 04:33:00.873", "EventData_ProcessGuid": "{4557fbaa-e810-6502-ab00-000000000c00}", "EventData_ProcessId": "5648", "EventData_Image": "C:\\Windows\\SystemApps\\MicrosoftWindows.Client.CBS_cw5n1h2txyewy\\TextInputHost.exe", "EventData_TargetObject": "\\REGISTRY\\A\\{eb11bc1f-fa29-861c-f7d3-85b441d9e9db}\\LocalState", "EventData_User": "DESKTOP-P5C3MUD\\user"}
{"Provider_Name": "Microsoft-Windows-Sysmon", "Provider_Guid": "{5770385f-c22a-43e0-bf4c-06f5698ffbd9}", "Provider": null, "EventID_Qualifiers": "", "EventID": "13", "Version": "2", "Level": "4", "Task": "13", "Opcode": "0", "Keywords": "0x8000000000000000", "TimeCreated_SystemTime": "2023-09-27 04:33:01.285637", "TimeCreated": null, "EventRecordID": "28845", "Correlation_ActivityID": "", "Correlation_RelatedActivityID": "", "Correlation": null, "Execution_ProcessID": "3368", "Execution_ThreadID": "4984", "Execution": null, "Channel": "Microsoft-Windows-Sysmon/Operational", "Computer": "DESKTOP-P5C3MUD", "Security_UserID": "S-1-5-18", "Security": null, "EventData_RuleName": "-", "EventData_EventType": "SetValue", "EventData_UtcTime": "2023-09-27 04:33:01.285", "EventData_ProcessGuid": "{4557fbaa-83f2-6513-8b23-000000000c00}", "EventData_ProcessId": "10708", "EventData_Image": "E:\\Software\\Microsoft Visual Studio\\Common7\\ServiceHub\\Hosts\\ServiceHub.Host.Dotnet.x64\\ServiceHub.IdentityHost.exe", "EventData_TargetObject": "HKU\\S-1-5-21-2994737283-653069417-2221972583-1001\\SOFTWARE\\Microsoft\\VSCommon\\16.0\\SQM\\PIDs\\10708_638313745581069923\\StillAlive", "EventData_Details": "QWORD (0x01d9f0fb-0xb2e38a16)", "EventData_User": "DESKTOP-P5C3MUD\\user"}
{"Provider_Name": "Microsoft-Windows-Sysmon", "Provider_Guid": "{5770385f-c22a-43e0-bf4c-06f5698ffbd9}", "Provider": null, "EventID_Qualifiers": "", "EventID": "3", "Version": "5", "Level": "4", "Task": "3", "Opcode": "0", "Keywords": "0x8000000000000000", "TimeCreated_SystemTime": "2023-09-27 04:33:01.489168", "TimeCreated": null, "EventRecordID": "28846", "Correlation_ActivityID": "", "Correlation_RelatedActivityID": "", "Correlation": null, "Execution_ProcessID": "3368", "Execution_ThreadID": "4972", "Execution": null, "Channel": "Microsoft-Windows-Sysmon/Operational", "Computer": "DESKTOP-P5C3MUD", "Security_UserID": "S-1-5-18", "Security": null, "EventData_RuleName": "-", "EventData_UtcTime": "2023-09-27 04:33:00.277", "EventData_ProcessGuid": "{4557fbaa-3cc4-6509-520d-000000000c00}", "EventData_ProcessId": "7728", "EventData_Image": "C:\\Program Files\\Google\\Chrome\\Application\\chrome.exe", "EventData_User": "DESKTOP-P5C3MUD\\user", "EventData_Protocol": "udp", "EventData_Initiated": "True", "EventData_SourceIsIpv6": "False", "EventData_SourceIp": "10.246.125.126", "EventData_SourceHostname": "-", "EventData_SourcePort": "52063", "EventData_SourcePortName": "-", "EventData_DestinationIsIpv6": "False", "EventData_DestinationIp": "172.19.215.140", "EventData_DestinationHostname": "-", "EventData_DestinationPort": "53", "EventData_DestinationPortName": "-"}
{"Provider_Name": "Microsoft-Windows-Sysmon", "Provider_Guid": "{5770385f-c22a-43e0-bf4c-06f5698ffbd9}", "Provider": null, "EventID_Qualifiers": "", "EventID": "3", "Version": "5", "Level": "4", "Task": "3", "Opcode": "0", "Keywords": "0x8000000000000000", "TimeCreated_SystemTime": "2023-09-27 04:33:01.489178", "TimeCreated": null, "EventRecordID": "28847", "Correlation_ActivityID": "", "Correlation_RelatedActivityID": "", "Correlation": null, "Execution_ProcessID": "3368", "Execution_ThreadID": "4972", "Execution": null, "Channel": "Microsoft-Windows-Sysmon/Operational", "Computer": "DESKTOP-P5C3MUD", "Security_UserID": "S-1-5-18", "Security": null, "EventData_RuleName": "-", "EventData_UtcTime": "2023-09-27 04:33:00.277", "EventData_ProcessGuid": "{4557fbaa-3cc4-6509-520d-000000000c00}", "EventData_ProcessId": "7728", "EventData_Image": "C:\\Program Files\\Google\\Chrome\\Application\\chrome.exe", "EventData_User": "DESKTOP-P5C3MUD\\user", "EventData_Protocol": "udp", "EventData_Initiated": "True", "EventData_SourceIsIpv6": "False", "EventData_SourceIp": "10.246.125.126", "EventData_SourceHostname": "-", "EventData_SourcePort": "58896", "EventData_SourcePortName": "-", "EventData_DestinationIsIpv6": "False", "EventData_DestinationIp": "172.19.215.140", "EventData_DestinationHostname": "-", "EventData_DestinationPort": "53", "EventData_DestinationPortName": "-"}
{"Provider_Name": "Microsoft-Windows-Sysmon", "Provider_Guid": "{5770385f-c22a-43e0-bf4c-06f5698ffbd9}", "Provider": null, "EventID_Qualifiers": "", "EventID": "3", "Version": "5", "Level": "4", "Task": "3", "Opcode": "0", "Keywords": "0x8000000000000000", "TimeCreated_SystemTime": "2023-09-27 04:33:01.489185", "TimeCreated": null, "EventRecordID": "28848", "Correlation_ActivityID": "", "Correlation_RelatedActivityID": "", "Correlation": null, "Execution_ProcessID": "3368", "Execution_ThreadID": "4972", "Execution": null, "Channel": "Microsoft-Windows-Sysmon/Operational", "Computer": "DESKTOP-P5C3MUD", "Security_UserID": "S-1-5-18", "Security": null, "EventData_RuleName": "-", "EventData_UtcTime": "2023-09-27 04:33:00.289", "EventData_ProcessGuid": "{4557fbaa-3cc4-6509-520d-000000000c00}", "EventData_ProcessId": "7728", "EventData_Image": "C:\\Program Files\\Google\\Chrome\\Application\\chrome.exe", "EventData_User": "DESKTOP-P5C3MUD\\user", "EventData_Protocol": "tcp", "EventData_Initiated": "True", "EventData_SourceIsIpv6": "False", "EventData_SourceIp": "10.246.125.126", "EventData_SourceHostname": "-", "EventData_SourcePort": "60194", "EventData_SourcePortName": "-", "EventData_DestinationIsIpv6": "False", "EventData_DestinationIp": "74.125.24.99", "EventData_DestinationHostname": "-", "EventData_DestinationPort": "443", "EventData_DestinationPortName": "-"}
{"Provider_Name": "Microsoft-Windows-Sysmon", "Provider_Guid": "{5770385f-c22a-43e0-bf4c-06f5698ffbd9}", "Provider": null, "EventID_Qualifiers": "", "EventID": "10", "Version": "3", "Level": "4", "Task": "10", "Opcode": "0", "Keywords": "0x8000000000000000", "TimeCreated_SystemTime": "2023-09-27 04:33:02.316301", "TimeCreated": null, "EventRecordID": "28849", "Correlation_ActivityID": "", "Correlation_RelatedActivityID": "", "Correlation": null, "Execution_ProcessID": "3368", "Execution_ThreadID": "4984", "Execution": null, "Channel": "Microsoft-Windows-Sysmon/Operational", "Computer": "DESKTOP-P5C3MUD", "Security_UserID": "S-1-5-18", "Security": null, "EventData_RuleName": "-", "EventData_UtcTime": "2023-09-27 04:33:02.316", "EventData_SourceProcessGUID": "{4557fbaa-e806-6502-9c00-000000000c00}", "EventData_SourceProcessId": "3336", "EventData_SourceThreadId": "10592", "EventData_SourceImage": "C:\\Windows\\Explorer.EXE", "EventData_TargetProcessGUID": "{4557fbaa-e810-6502-ab00-000000000c00}", "EventData_TargetProcessId": "5648", "EventData_TargetImage": "C:\\Windows\\SystemApps\\MicrosoftWindows.Client.CBS_cw5n1h2txyewy\\TextInputHost.exe", "EventData_GrantedAccess": "0x00002000", "EventData_CallTrace": "C:\\Windows\\SYSTEM32\\ntdll.dll+9d314|C:\\Windows\\System32\\KERNELBASE.dll+308ee|C:\\Windows\\system32\\twinui.dll+331cb|C:\\Windows\\SYSTEM32\\ntdll.dll+716e9|C:\\Windows\\SYSTEM32\\ntdll.dll+531ba|C:\\Windows\\System32\\KERNEL32.DLL+17344|C:\\Windows\\SYSTEM32\\ntdll.dll+526b1", "EventData_SourceUser": "DESKTOP-P5C3MUD\\user", "EventData_TargetUser": "DESKTOP-P5C3MUD\\user"}
{"Provider_Name": "Microsoft-Windows-Sysmon", "Provider_Guid": "{5770385f-c22a-43e0-bf4c-06f5698ffbd9}", "Provider": null, "EventID_Qualifiers": "", "EventID": "10", "Version": "3", "Level": "4", "Task": "10", "Opcode": "0", "Keywords": "0x8000000000000000", "TimeCreated_SystemTime": "2023-09-27 04:33:02.316374", "TimeCreated": null, "EventRecordID": "28850", "Correlation_ActivityID": "", "Correlation_RelatedActivityID": "", "Correlation": null, "Execution_ProcessID": "3368", "Execution_ThreadID": "4984", "Execution": null, "Channel": "Microsoft-Windows-Sysmon/Operational", "Computer": "DESKTOP-P5C3MUD", "Security_UserID": "S-1-5-18", "Security": null, "EventData_RuleName": "-", "EventData_UtcTime": "2023-09-27 04:33:02.316", "EventData_SourceProcessGUID": "{4557fbaa-e806-6502-9c00-000000000c00}", "EventData_SourceProcessId": "3336", "EventData_SourceThreadId": "10592", "EventData_SourceImage": "C:\\Windows\\Explorer.EXE", "EventData_TargetProcessGUID": "{4557fbaa-e98b-6502-0d01-000000000c00}", "EventData_TargetProcessId": "6312", "EventData_TargetImage": "C:\\Windows\\SystemApps\\ShellExperienceHost_cw5n1h2txyewy\\ShellExperienceHost.exe", "EventData_GrantedAccess": "0x00002000", "EventData_CallTrace": "C:\\Windows\\SYSTEM32\\ntdll.dll+9d314|C:\\Windows\\System32\\KERNELBASE.dll+308ee|C:\\Windows\\system32\\twinui.dll+331cb|C:\\Windows\\SYSTEM32\\ntdll.dll+716e9|C:\\Windows\\SYSTEM32\\ntdll.dll+531ba|C:\\Windows\\System32\\KERNEL32.DLL+17344|C:\\Windows\\SYSTEM32\\ntdll.dll+526b1", "EventData_SourceUser": "DESKTOP-P5C3MUD\\user", "EventData_TargetUser": "DESKTOP-P5C3MUD\\user"}
{"Provider_Name": "Microsoft-Windows-Sysmon", "Provider_Guid": "{5770385f-c22a-43e0-bf4c-06f5698ffbd9}", "Provider": null, "EventID_Qualifiers": "", "EventID": "10", "Version": "3", "Level": "4", "Task": "10", "Opcode": "0", "Keywords": "0x8000000000000000", "TimeCreated_SystemTime": "2023-09-27 04:33:02.316475", "TimeCreated": null, "EventRecordID": "28851", "Correlation_ActivityID": "", "Correlation_RelatedActivityID": "", "Correlation": null, "Execution_ProcessID": "3368", "Execution_ThreadID": "4984", "Execution": null, "Channel": "Microsoft-Windows-Sysmon/Operational", "Computer": "DESKTOP-P5C3MUD", "Security_UserID": "S-1-5-18", "Security": null, "EventData_RuleName": "-", "EventData_UtcTime": "2023-09-27 04:33:02.316", "EventData_SourceProcessGUID": "{4557fbaa-e806-6502-9c00-000000000c00}", "EventData_SourceProcessId": "3336", "EventData_SourceThreadId": "10592", "EventData_SourceImage": "C:\\Windows\\Explorer.EXE", "EventData_TargetProcessGUID": "{4557fbaa-e80c-6502-a400-000000000c00}", "EventData_TargetProcessId": "6492", "EventData_TargetImage": "C:\\Windows\\SystemApps\\Microsoft.Windows.Search_cw5n1h2txyewy\\SearchApp.exe", "EventData_GrantedAccess": "0x00002000", "EventData_CallTrace": "C:\\Windows\\SYSTEM32\\ntdll.dll+9d314|C:\\Windows\\System32\\KERNELBASE.dll+308ee|C:\\Windows\\system32\\twinui.dll+331cb|C:\\Windows\\SYSTEM32\\ntdll.dll+716e9|C:\\Windows\\SYSTEM32\\ntdll.dll+531ba|C:\\Windows\\System32\\KERNEL32.DLL+17344|C:\\Windows\\SYSTEM32\\ntdll.dll+526b1", "EventData_SourceUser": "DESKTOP-P5C3MUD\\user", "EventData_TargetUser": "DESKTOP-P5C3MUD\\user"}
{"Provider_Name": "Microsoft-Windows-Sysmon", "Provider_Guid": "{5770385f-c22a-43e0-bf4c-06f5698ffbd9}", "Provider": null, "EventID_Qualifiers": "", "EventID": "10", "Version": "3", "Level": "4", "Task": "10", "Opcode": "0", "Keywords": "0x8000000000000000", "TimeCreated_SystemTime": "2023-09-27 04:33:02.316521", "TimeCreated": null, "EventRecordID": "28852", "Correlation_ActivityID": "", "Correlation_RelatedActivityID": "", "Correlation": null, "Execution_ProcessID": "3368", "Execution_ThreadID": "4984", "Execution": null, "Channel": "Microsoft-Windows-Sysmon/Operational", "Computer": "DESKTOP-P5C3MUD", "Security_UserID": "S-1-5-18", "Security": null, "EventData_RuleName": "-", "EventData_UtcTime": "2023-09-27 04:33:02.316", "EventData_SourceProcessGUID": "{4557fbaa-e806-6502-9c00-000000000c00}", "EventData_SourceProcessId": "3336", "EventData_SourceThreadId": "10592", "EventData_SourceImage": "C:\\Windows\\Explorer.EXE", "EventData_TargetProcessGUID": "{4557fbaa-5088-6512-4820-000000000c00}", "EventData_TargetProcessId": "4316", "EventData_TargetImage": "C:\\Windows\\SystemApps\\Microsoft.Windows.StartMenuExperienceHost_cw5n1h2txyewy\\StartMenuExperienceHost.exe", "EventData_GrantedAccess": "0x00002000", "EventData_CallTrace": "C:\\Windows\\SYSTEM32\\ntdll.dll+9d314|C:\\Windows\\System32\\KERNELBASE.dll+308ee|C:\\Windows\\system32\\twinui.dll+331cb|C:\\Windows\\SYSTEM32\\ntdll.dll+716e9|C:\\Windows\\SYSTEM32\\ntdll.dll+531ba|C:\\Windows\\System32\\KERNEL32.DLL+17344|C:\\Windows\\SYSTEM32\\ntdll.dll+526b1", "EventData_SourceUser": "DESKTOP-P5C3MUD\\user", "EventData_TargetUser": "DESKTOP-P5C3MUD\\user"}
{"Provider_Name": "Microsoft-Windows-Sysmon", "Provider_Guid": "{5770385f-c22a-43e0-bf4c-06f5698ffbd9}", "Provider": null, "EventID_Qualifiers": "", "EventID": "10", "Version": "3", "Level": "4", "Task": "10", "Opcode": "0", "Keywords": "0x8000000000000000", "TimeCreated_SystemTime": "2023-09-27 04:33:02.316616", "TimeCreated": null, "EventRecordID": "28853", "Correlation_ActivityID": "", "Correlation_RelatedActivityID": "", "Correlation": null, "Execution_ProcessID": "3368", "Execution_ThreadID": "4984", "Execution": null, "Channel": "Microsoft-Windows-Sysmon/Operational", "Computer": "DESKTOP-P5C3MUD", "Security_UserID": "S-1-5-18", "Security": null, "EventData_RuleName": "-", "EventData_UtcTime": "2023-09-27 04:33:02.316", "EventData_SourceProcessGUID": "{4557fbaa-e806-6502-9c00-000000000c00}", "EventData_SourceProcessId": "3336", "EventData_SourceThreadId": "10592", "EventData_SourceImage": "C:\\Windows\\Explorer.EXE", "EventData_TargetProcessGUID": "{4557fbaa-3813-6509-eb0c-000000000c00}", "EventData_TargetProcessId": "7504", "EventData_TargetImage": "C:\\Windows\\ImmersiveControlPanel\\SystemSettings.exe", "EventData_GrantedAccess": "0x00002000", "EventData_CallTrace": "C:\\Windows\\SYSTEM32\\ntdll.dll+9d314|C:\\Windows\\System32\\KERNELBASE.dll+308ee|C:\\Windows\\system32\\twinui.dll+331cb|C:\\Windows\\SYSTEM32\\ntdll.dll+716e9|C:\\Windows\\SYSTEM32\\ntdll.dll+531ba|C:\\Windows\\System32\\KERNEL32.DLL+17344|C:\\Windows\\SYSTEM32\\ntdll.dll+526b1", "EventData_SourceUser": "DESKTOP-P5C3MUD\\user", "EventData_TargetUser": "DESKTOP-P5C3MUD\\user"}
{"Provider_Name": "Microsoft-Windows-Sysmon", "Provider_Guid": "{5770385f-c22a-43e0-bf4c-06f5698ffbd9}", "Provider": null, "EventID_Qualifiers": "", "EventID": "10", "Version": "3", "Level": "4", "Task": "10", "Opcode": "0", "Keywords": "0x8000000000000000", "TimeCreated_SystemTime": "2023-09-27 04:33:02.316706", "TimeCreated": null, "EventRecordID": "28854", "Correlation_ActivityID": "", "Correlation_RelatedActivityID": "", "Correlation": null, "Execution_ProcessID": "3368", "Execution_ThreadID": "4984", "Execution": null, "Channel": "Microsoft-Windows-Sysmon/Operational", "Computer": "DESKTOP-P5C3MUD", "Security_UserID": "S-1-5-18", "Security": null, "EventData_RuleName": "-", "EventData_UtcTime": "2023-09-27 04:33:02.316", "EventData_SourceProcessGUID": "{4557fbaa-e806-6502-9c00-000000000c00}", "EventData_SourceProcessId": "3336", "EventData_SourceThreadId": "10592", "EventData_SourceImage": "C:\\Windows\\Explorer.EXE", "EventData_TargetProcessGUID": "{4557fbaa-d722-6506-1407-000000000c00}", "EventData_TargetProcessId": "10152", "EventData_TargetImage": "C:\\Windows\\system32\\ApplicationFrameHost.exe", "EventData_GrantedAccess": "0x00002000", "EventData_CallTrace": "C:\\Windows\\SYSTEM32\\ntdll.dll+9d314|C:\\Windows\\System32\\KERNELBASE.dll+308ee|C:\\Windows\\system32\\twinui.dll+331cb|C:\\Windows\\SYSTEM32\\ntdll.dll+716e9|C:\\Windows\\SYSTEM32\\ntdll.dll+531ba|C:\\Windows\\System32\\KERNEL32.DLL+17344|C:\\Windows\\SYSTEM32\\ntdll.dll+526b1", "EventData_SourceUser": "DESKTOP-P5C3MUD\\user", "EventData_TargetUser": "DESKTOP-P5C3MUD\\user"}
{"Provider_Name": "Microsoft-Windows-Sysmon", "Provider_Guid": "{5770385f-c22a-43e0-bf4c-06f5698ffbd9}", "Provider": null, "EventID_Qualifiers": "", "EventID": "10", "Version": "3", "Level": "4", "Task": "10", "Opcode": "0", "Keywords": "0x8000000000000000", "TimeCreated_SystemTime": "2023-09-27 04:33:02.316746", "TimeCreated": null, "EventRecordID": "28855", "Correlation_ActivityID": "", "Correlation_RelatedActivityID": "", "Correlation": null, "Execution_ProcessID": "3368", "Execution_ThreadID": "4984", "Execution": null, "Channel": "Microsoft-Windows-Sysmon/Operational", "Computer": "DESKTOP-P5C3MUD", "Security_UserID": "S-1-5-18", "Security": null, "EventData_RuleName": "-", "EventData_UtcTime": "2023-09-27 04:33:02.316", "EventData_SourceProcessGUID": "{4557fbaa-e806-6502-9c00-000000000c00}", "EventData_SourceProcessId": "3336", "EventData_SourceThreadId": "10592", "EventData_SourceImage": "C:\\Windows\\Explorer.EXE", "EventData_TargetProcessGUID": "{4557fbaa-3cc3-6509-4f0d-000000000c00}", "EventData_TargetProcessId": "5864", "EventData_TargetImage": "C:\\Program Files\\Google\\Chrome\\Application\\chrome.exe", "EventData_GrantedAccess": "0x00002000", "EventData_CallTrace": "C:\\Windows\\SYSTEM32\\ntdll.dll+9d314|C:\\Windows\\System32\\KERNELBASE.dll+308ee|C:\\Windows\\system32\\twinui.dll+331cb|C:\\Windows\\SYSTEM32\\ntdll.dll+716e9|C:\\Windows\\SYSTEM32\\ntdll.dll+531ba|C:\\Windows\\System32\\KERNEL32.DLL+17344|C:\\Windows\\SYSTEM32\\ntdll.dll+526b1", "EventData_SourceUser": "DESKTOP-P5C3MUD\\user", "EventData_TargetUser": "DESKTOP-P5C3MUD\\user"}
{"Provider_Name": "Microsoft-Windows-Sysmon", "Provider_Guid": "{5770385f-c22a-43e0-bf4c-06f5698ffbd9}", "Provider": null, "EventID_Qualifiers": "", "EventID": "13", "Version": "2", "Level": "4", "Task": "13", "Opcode": "0", "Keywords": "0x8000000000000000", "TimeCreated_SystemTime": "2023-09-27 04:33:02.582512", "TimeCreated": null, "EventRecordID": "28856", "Correlation_ActivityID": "", "Correlation_RelatedActivityID": "", "Correlation": null, "Execution_ProcessID": "3368", "Execution_ThreadID": "4984", "Execution": null, "Channel": "Microsoft-Windows-Sysmon/Operational", "Computer": "DESKTOP-P5C3MUD", "Security_UserID": "S-1-5-18", "Security": null, "EventData_RuleName": "-", "EventData_EventType": "SetValue", "EventData_UtcTime": "2023-09-27 04:33:02.582", "EventData_ProcessGuid": "{4557fbaa-e806-6502-9c00-000000000c00}", "EventData_ProcessId": "3336", "EventData_Image": "C:\\Windows\\Explorer.EXE", "EventData_TargetObject": "HKU\\S-1-5-21-2994737283-653069417-2221972583-1001\\SOFTWARE\\Microsoft\\Windows\\CurrentVersion\\Explorer\\UserAssist\\{CEBFF5CD-ACE2-4F4F-9178-9926F41749EA}\\Count\\R:\\Rkcrevzrag\\Jvaqbjf Unpxre Nggnpx Cebtenz\\6\\Olcnff HNP\\Grfg.rkr", "EventData_Details": "Binary Data", "EventData_User": "DESKTOP-P5C3MUD\\user"}
{"Provider_Name": "Microsoft-Windows-Sysmon", "Provider_Guid": "{5770385f-c22a-43e0-bf4c-06f5698ffbd9}", "Provider": null, "EventID_Qualifiers": "", "EventID": "13", "Version": "2", "Level": "4", "Task": "13", "Opcode": "0", "Keywords": "0x8000000000000000", "TimeCreated_SystemTime": "2023-09-27 04:33:02.582552", "TimeCreated": null, "EventRecordID": "28857", "Correlation_ActivityID": "", "Correlation_RelatedActivityID": "", "Correlation": null, "Execution_ProcessID": "3368", "Execution_ThreadID": "4984", "Execution": null, "Channel": "Microsoft-Windows-Sysmon/Operational", "Computer": "DESKTOP-P5C3MUD", "Security_UserID": "S-1-5-18", "Security": null, "EventData_RuleName": "-", "EventData_EventType": "SetValue", "EventData_UtcTime": "2023-09-27 04:33:02.582", "EventData_ProcessGuid": "{4557fbaa-e806-6502-9c00-000000000c00}", "EventData_ProcessId": "3336", "EventData_Image": "C:\\Windows\\Explorer.EXE", "EventData_TargetObject": "HKU\\S-1-5-21-2994737283-653069417-2221972583-1001\\SOFTWARE\\Microsoft\\Windows\\CurrentVersion\\Explorer\\UserAssist\\{CEBFF5CD-ACE2-4F4F-9178-9926F41749EA}\\Count\\HRZR_PGYFRFFVBA", "EventData_Details": "Binary Data", "EventData_User": "DESKTOP-P5C3MUD\\user"}
{"Provider_Name": "Microsoft-Windows-Sysmon", "Provider_Guid": "{5770385f-c22a-43e0-bf4c-06f5698ffbd9}", "Provider": null, "EventID_Qualifiers": "", "EventID": "13", "Version": "2", "Level": "4", "Task": "13", "Opcode": "0", "Keywords": "0x8000000000000000", "TimeCreated_SystemTime": "2023-09-27 04:33:02.584375", "TimeCreated": null, "EventRecordID": "28858", "Correlation_ActivityID": "", "Correlation_RelatedActivityID": "", "Correlation": null, "Execution_ProcessID": "3368", "Execution_ThreadID": "4984", "Execution": null, "Channel": "Microsoft-Windows-Sysmon/Operational", "Computer": "DESKTOP-P5C3MUD", "Security_UserID": "S-1-5-18", "Security": null, "EventData_RuleName": "-", "EventData_EventType": "SetValue", "EventData_UtcTime": "2023-09-27 04:33:02.584", "EventData_ProcessGuid": "{4557fbaa-e806-6502-9c00-000000000c00}", "EventData_ProcessId": "3336", "EventData_Image": "C:\\Windows\\Explorer.EXE", "EventData_TargetObject": "HKLM\\System\\CurrentControlSet\\Services\\bam\\State\\UserSettings\\S-1-5-21-2994737283-653069417-2221972583-1001\\\\Device\\HarddiskVolume6\\Experiment\\Windows Hacker Attack Program\\6\\Bypass UAC\\Test.exe", "EventData_Details": "Binary Data", "EventData_User": "DESKTOP-P5C3MUD\\user"}
{"Provider_Name": "Microsoft-Windows-Sysmon", "Provider_Guid": "{5770385f-c22a-43e0-bf4c-06f5698ffbd9}", "Provider": null, "EventID_Qualifiers": "", "EventID": "1", "Version": "5", "Level": "4", "Task": "1", "Opcode": "0", "Keywords": "0x8000000000000000", "TimeCreated_SystemTime": "2023-09-27 04:33:02.588133", "TimeCreated": null, "EventRecordID": "28859", "Correlation_ActivityID": "", "Correlation_RelatedActivityID": "", "Correlation": null, "Execution_ProcessID": "3368", "Execution_ThreadID": "4984", "Execution": null, "Channel": "Microsoft-Windows-Sysmon/Operational", "Computer": "DESKTOP-P5C3MUD", "Security_UserID": "S-1-5-18", "Security": null, "EventData_RuleName": "-", "EventData_UtcTime": "2023-09-27 04:33:02.583", "EventData_ProcessGuid": "{4557fbaa-b07e-6513-8525-000000000c00}", "EventData_ProcessId": "7432", "EventData_Image": "E:\\Experiment\\Windows Hacker Attack Program\\6\\Bypass UAC\\Test.exe", "EventData_FileVersion": "-", "EventData_Description": "-", "EventData_Product": "-", "EventData_Company": "-", "EventData_OriginalFileName": "-", "EventData_CommandLine": "\"E:\\Experiment\\Windows Hacker Attack Program\\6\\Bypass UAC\\Test.exe\" ", "EventData_CurrentDirectory": "E:\\Experiment\\Windows Hacker Attack Program\\6\\Bypass UAC\\", "EventData_User": "DESKTOP-P5C3MUD\\user", "EventData_LogonGuid": "{4557fbaa-e7fd-6502-3ee6-0a0000000000}", "EventData_LogonId": "0x00000000000ae63e", "EventData_TerminalSessionId": "1", "EventData_IntegrityLevel": "Medium", "EventData_Hashes": "SHA1=939DAEA40B0692CC81C7D5B1711C114A27033711,MD5=25760BD15AE4B3BD13D535425121499E,SHA256=72B66DC99B945CF17BE5B8ED6AA42D7B444837ECED04B04594056A37EF7F1C90,IMPHASH=9A130FA6C55D4C5E62EAD9885968AE29", "EventData_ParentProcessGuid": "{4557fbaa-e806-6502-9c00-000000000c00}", "EventData_ParentProcessId": "3336", "EventData_ParentImage": "C:\\Windows\\explorer.exe", "EventData_ParentCommandLine": "C:\\Windows\\Explorer.EXE", "EventData_ParentUser": "DESKTOP-P5C3MUD\\user"}
{"Provider_Name": "Microsoft-Windows-Sysmon", "Provider_Guid": "{5770385f-c22a-43e0-bf4c-06f5698ffbd9}", "Provider": null, "EventID_Qualifiers": "", "EventID": "10", "Version": "3", "Level": "4", "Task": "10", "Opcode": "0", "Keywords": "0x8000000000000000", "TimeCreated_SystemTime": "2023-09-27 04:33:02.588181", "TimeCreated": null, "EventRecordID": "28860", "Correlation_ActivityID": "", "Correlation_RelatedActivityID": "", "Correlation": null, "Execution_ProcessID": "3368", "Execution_ThreadID": "4984", "Execution": null, "Channel": "Microsoft-Windows-Sysmon/Operational", "Computer": "DESKTOP-P5C3MUD", "Security_UserID": "S-1-5-18", "Security": null, "EventData_RuleName": "-", "EventData_UtcTime": "2023-09-27 04:33:02.587", "EventData_SourceProcessGUID": "{4557fbaa-e806-6502-9c00-000000000c00}", "EventData_SourceProcessId": "3336", "EventData_SourceThreadId": "11476", "EventData_SourceImage": "C:\\Windows\\Explorer.EXE", "EventData_TargetProcessGUID": "{4557fbaa-b07e-6513-8525-000000000c00}", "EventData_TargetProcessId": "7432", "EventData_TargetImage": "E:\\Experiment\\Windows Hacker Attack Program\\6\\Bypass UAC\\Test.exe", "EventData_GrantedAccess": "0x001fffff", "EventData_CallTrace": "C:\\Windows\\SYSTEM32\\ntdll.dll+9e764|C:\\Windows\\System32\\KERNELBASE.dll+5b473|C:\\Windows\\System32\\KERNELBASE.dll+597e6|C:\\Windows\\System32\\KERNEL32.DLL+1cec4|C:\\Windows\\SYSTEM32\\windows.storage.dll+17238d|C:\\Windows\\SYSTEM32\\windows.storage.dll+c219c|C:\\Windows\\SYSTEM32\\windows.storage.dll+ef21c|C:\\Windows\\SYSTEM32\\windows.storage.dll+ef043|C:\\Windows\\SYSTEM32\\windows.storage.dll+ef6ad|C:\\Windows\\SYSTEM32\\windows.storage.dll+1d9ff0|C:\\Windows\\SYSTEM32\\windows.storage.dll+ef85f|C:\\Windows\\SYSTEM32\\windows.storage.dll+c27c7|C:\\Windows\\SYSTEM32\\windows.storage.dll+18956d|C:\\Windows\\SYSTEM32\\windows.storage.dll+189485|C:\\Windows\\System32\\SHELL32.dll+306a2|C:\\Windows\\System32\\SHELL32.dll+3055a|C:\\Windows\\System32\\SHELL32.dll+b207c|C:\\Windows\\System32\\SHELL32.dll+b1efd|C:\\Windows\\System32\\SHELL32.dll+2614b5|C:\\Windows\\System32\\SHELL32.dll+514d99|C:\\Windows\\System32\\shcore.dll+2bf69|C:\\Windows\\System32\\KERNEL32.DLL+17344|C:\\Windows\\SYSTEM32\\ntdll.dll+526b1", "EventData_SourceUser": "DESKTOP-P5C3MUD\\user", "EventData_TargetUser": "DESKTOP-P5C3MUD\\user"}
{"Provider_Name": "Microsoft-Windows-Sysmon", "Provider_Guid": "{5770385f-c22a-43e0-bf4c-06f5698ffbd9}", "Provider": null, "EventID_Qualifiers": "", "EventID": "10", "Version": "3", "Level": "4", "Task": "10", "Opcode": "0", "Keywords": "0x8000000000000000", "TimeCreated_SystemTime": "2023-09-27 04:33:02.588245", "TimeCreated": null, "EventRecordID": "28861", "Correlation_ActivityID": "", "Correlation_RelatedActivityID": "", "Correlation": null, "Execution_ProcessID": "3368", "Execution_ThreadID": "4984", "Execution": null, "Channel": "Microsoft-Windows-Sysmon/Operational", "Computer": "DESKTOP-P5C3MUD", "Security_UserID": "S-1-5-18", "Security": null, "EventData_RuleName": "-", "EventData_UtcTime": "2023-09-27 04:33:02.588", "EventData_SourceProcessGUID": "{4557fbaa-e7c4-6502-0900-000000000c00}", "EventData_SourceProcessId": "592", "EventData_SourceThreadId": "568", "EventData_SourceImage": "C:\\Windows\\system32\\csrss.exe", "EventData_TargetProcessGUID": "{4557fbaa-b07e-6513-8525-000000000c00}", "EventData_TargetProcessId": "7432", "EventData_TargetImage": "E:\\Experiment\\Windows Hacker Attack Program\\6\\Bypass UAC\\Test.exe", "EventData_GrantedAccess": "0x001fffff", "EventData_CallTrace": "C:\\Windows\\SYSTEM32\\ntdll.dll+9d314|C:\\Windows\\system32\\basesrv.DLL+326f|C:\\Windows\\SYSTEM32\\CSRSRV.dll+6490|C:\\Windows\\SYSTEM32\\ntdll.dll+526bf", "EventData_SourceUser": "NT AUTHORITY\\SYSTEM", "EventData_TargetUser": "DESKTOP-P5C3MUD\\user"}
{"Provider_Name": "Microsoft-Windows-Sysmon", "Provider_Guid": "{5770385f-c22a-43e0-bf4c-06f5698ffbd9}", "Provider": null, "EventID_Qualifiers": "", "EventID": "10", "Version": "3", "Level": "4", "Task": "10", "Opcode": "0", "Keywords": "0x8000000000000000", "TimeCreated_SystemTime": "2023-09-27 04:33:02.589108", "TimeCreated": null, "EventRecordID": "28862", "Correlation_ActivityID": "", "Correlation_RelatedActivityID": "", "Correlation": null, "Execution_ProcessID": "3368", "Execution_ThreadID": "4984", "Execution": null, "Channel": "Microsoft-Windows-Sysmon/Operational", "Computer": "DESKTOP-P5C3MUD", "Security_UserID": "S-1-5-18", "Security": null, "EventData_RuleName": "-", "EventData_UtcTime": "2023-09-27 04:33:02.588", "EventData_SourceProcessGUID": "{4557fbaa-e84e-6502-ee00-000000000c00}", "EventData_SourceProcessId": "4696", "EventData_SourceThreadId": "10016", "EventData_SourceImage": "C:\\Windows\\system32\\svchost.exe", "EventData_TargetProcessGUID": "{4557fbaa-e806-6502-9c00-000000000c00}", "EventData_TargetProcessId": "3336", "EventData_TargetImage": "C:\\Windows\\Explorer.EXE", "EventData_GrantedAccess": "0x00001440", "EventData_CallTrace": "C:\\Windows\\SYSTEM32\\ntdll.dll+9d314|C:\\Windows\\System32\\KERNELBASE.dll+308ee|c:\\windows\\system32\\pcasvc.dll+5d28|c:\\windows\\system32\\pcasvc.dll+5e6f|C:\\Windows\\System32\\RPCRT4.dll+7b4b3|C:\\Windows\\System32\\RPCRT4.dll+de77b|C:\\Windows\\System32\\RPCRT4.dll+5be7c|C:\\Windows\\System32\\RPCRT4.dll+59188|C:\\Windows\\System32\\RPCRT4.dll+3a3a6|C:\\Windows\\System32\\RPCRT4.dll+39fd6|C:\\Windows\\System32\\RPCRT4.dll+4730f|C:\\Windows\\System32\\RPCRT4.dll+468c8|C:\\Windows\\System32\\RPCRT4.dll+45eb1|C:\\Windows\\System32\\RPCRT4.dll+4591e|C:\\Windows\\System32\\RPCRT4.dll+4a032|C:\\Windows\\SYSTEM32\\ntdll.dll+20330|C:\\Windows\\SYSTEM32\\ntdll.dll+52f86|C:\\Windows\\System32\\KERNEL32.DLL+17344|C:\\Windows\\SYSTEM32\\ntdll.dll+526b1", "EventData_SourceUser": "NT AUTHORITY\\SYSTEM", "EventData_TargetUser": "DESKTOP-P5C3MUD\\user"}
