{"Provider_Name": "Microsoft-Windows-Sysmon", "Provider_Guid": "{5770385f-c22a-43e0-bf4c-06f5698ffbd9}", "Provider": null, "EventID_Qualifiers": "", "EventID": "13", "Version": "2", "Level": "4", "Task": "13", "Opcode": "0", "Keywords": "0x8000000000000000", "TimeCreated_SystemTime": "2023-09-27 07:08:13.343777", "TimeCreated": null, "EventRecordID": "31374", "Correlation_ActivityID": "", "Correlation_RelatedActivityID": "", "Correlation": null, "Execution_ProcessID": "3368", "Execution_ThreadID": "3332", "Execution": null, "Channel": "Microsoft-Windows-Sysmon/Operational", "Computer": "DESKTOP-P5C3MUD", "Security_UserID": "S-1-5-18", "Security": null, "EventData_RuleName": "-", "EventData_EventType": "SetValue", "EventData_UtcTime": "2023-09-27 07:08:13.326", "EventData_ProcessGuid": "{4557fbaa-ce30-6513-3c00-000000000e00}", "EventData_ProcessId": "2748", "EventData_Image": "C:\\Windows\\System32\\DriverStore\\FileRepository\\nv_dispig.inf_amd64_3c2bd4a1ec6d228e\\Display.NvContainer\\NVDisplay.Container.exe", "EventData_TargetObject": "HKLM\\System\\CurrentControlSet\\Services\\nvlddmkm\\Global\\Startup\\PerformSurroundHotKeysRegistration\\(Default)", "EventData_Details": "DWORD (0x00000001)", "EventData_User": "NT AUTHORITY\\SYSTEM"}
{"Provider_Name": "Microsoft-Windows-Sysmon", "Provider_Guid": "{5770385f-c22a-43e0-bf4c-06f5698ffbd9}", "Provider": null, "EventID_Qualifiers": "", "EventID": "7", "Version": "3", "Level": "4", "Task": "7", "Opcode": "0", "Keywords": "0x8000000000000000", "TimeCreated_SystemTime": "2023-09-27 07:08:13.344694", "TimeCreated": null, "EventRecordID": "31375", "Correlation_ActivityID": "", "Correlation_RelatedActivityID": "", "Correlation": null, "Execution_ProcessID": "3368", "Execution_ThreadID": "888", "Execution": null, "Channel": "Microsoft-Windows-Sysmon/Operational", "Computer": "DESKTOP-P5C3MUD", "Security_UserID": "S-1-5-18", "Security": null, "EventData_RuleName": "-", "EventData_UtcTime": "2023-09-27 07:08:13.326", "EventData_ProcessGuid": "{4557fbaa-d4dd-6513-c101-000000000e00}", "EventData_ProcessId": "4724", "EventData_Image": "C:\\Windows\\System32\\consent.exe", "EventData_ImageLoaded": "C:\\Windows\\System32\\d3d10warp.dll", "EventData_FileVersion": "10.0.19041.2788 (WinBuild.160101.0800)", "EventData_Description": "Direct3D Rasterizer", "EventData_Product": "Microsoft\u00ae Windows\u00ae Operating System", "EventData_Company": "Microsoft Corporation", "EventData_OriginalFileName": "D3D10Warp.dll", "EventData_Hashes": "SHA1=31DB61823DDBED1B8079D9CF26120440007CC9A0,MD5=0BC1DEB35F6AC62B577CAA64641FB630,SHA256=D7448EAF17C57FCAF2EBEAB34B05D9C106297DB0C6BC137F821DC40918BF79AA,IMPHASH=113EAE7F46AC04ADE26E10C730A6E454", "EventData_Signed": "true", "EventData_Signature": "Microsoft Windows", "EventData_SignatureStatus": "Valid", "EventData_User": "NT AUTHORITY\\SYSTEM"}
{"Provider_Name": "Microsoft-Windows-Sysmon", "Provider_Guid": "{5770385f-c22a-43e0-bf4c-06f5698ffbd9}", "Provider": null, "EventID_Qualifiers": "", "EventID": "7", "Version": "3", "Level": "4", "Task": "7", "Opcode": "0", "Keywords": "0x8000000000000000", "TimeCreated_SystemTime": "2023-09-27 07:08:13.354006", "TimeCreated": null, "EventRecordID": "31376", "Correlation_ActivityID": "", "Correlation_RelatedActivityID": "", "Correlation": null, "Execution_ProcessID": "3368", "Execution_ThreadID": "3332", "Execution": null, "Channel": "Microsoft-Windows-Sysmon/Operational", "Computer": "DESKTOP-P5C3MUD", "Security_UserID": "S-1-5-18", "Security": null, "EventData_RuleName": "-", "EventData_UtcTime": "2023-09-27 07:08:13.343", "EventData_ProcessGuid": "{4557fbaa-d4dd-6513-c201-000000000e00}", "EventData_ProcessId": "9364", "EventData_Image": "C:\\Windows\\System32\\audiodg.exe", "EventData_ImageLoaded": "C:\\Windows\\System32\\bcrypt.dll", "EventData_FileVersion": "10.0.19041.3208 (WinBuild.160101.0800)", "EventData_Description": "Windows Cryptographic Primitives Library", "EventData_Product": "Microsoft\u00ae Windows\u00ae Operating System", "EventData_Company": "Microsoft Corporation", "EventData_OriginalFileName": "bcrypt.dll", "EventData_Hashes": "SHA1=2E52850265489F1D7341A77DA07DC6B7DDF7CCD1,MD5=97E069C0F044C0488280A19297489A7F,SHA256=B44118094DFA7A100B42B338BCE94240616F253458AF74E205C864A756CD4F6E,IMPHASH=F8A5CF8F7AF31A59E7541332D16C6ABA", "EventData_Signed": "true", "EventData_Signature": "Microsoft Windows", "EventData_SignatureStatus": "Valid", "EventData_User": "NT AUTHORITY\\LOCAL SERVICE"}
{"Provider_Name": "Microsoft-Windows-Sysmon", "Provider_Guid": "{5770385f-c22a-43e0-bf4c-06f5698ffbd9}", "Provider": null, "EventID_Qualifiers": "", "EventID": "7", "Version": "3", "Level": "4", "Task": "7", "Opcode": "0", "Keywords": "0x8000000000000000", "TimeCreated_SystemTime": "2023-09-27 07:08:13.354774", "TimeCreated": null, "EventRecordID": "31377", "Correlation_ActivityID": "", "Correlation_RelatedActivityID": "", "Correlation": null, "Execution_ProcessID": "3368", "Execution_ThreadID": "3332", "Execution": null, "Channel": "Microsoft-Windows-Sysmon/Operational", "Computer": "DESKTOP-P5C3MUD", "Security_UserID": "S-1-5-18", "Security": null, "EventData_RuleName": "-", "EventData_UtcTime": "2023-09-27 07:08:13.343", "EventData_ProcessGuid": "{4557fbaa-d4dd-6513-c201-000000000e00}", "EventData_ProcessId": "9364", "EventData_Image": "C:\\Windows\\System32\\audiodg.exe", "EventData_ImageLoaded": "C:\\Windows\\System32\\cryptbase.dll", "EventData_FileVersion": "10.0.19041.546 (WinBuild.160101.0800)", "EventData_Description": "Base cryptographic API DLL", "EventData_Product": "Microsoft\u00ae Windows\u00ae Operating System", "EventData_Company": "Microsoft Corporation", "EventData_OriginalFileName": "cryptbase.dll", "EventData_Hashes": "SHA1=9356BB02FC42E850639F001A104717233B441DDF,MD5=095B8F1C0F8EE3CAA09FCCA6CB92F6C0,SHA256=B50D007EE8764F7CADA9D9A395DA396201C8B18E6501B50AB809914A7588BAF1,IMPHASH=947563122A564336B8FE403CBB94531C", "EventData_Signed": "true", "EventData_Signature": "Microsoft Windows", "EventData_SignatureStatus": "Valid", "EventData_User": "NT AUTHORITY\\LOCAL SERVICE"}
{"Provider_Name": "Microsoft-Windows-Sysmon", "Provider_Guid": "{5770385f-c22a-43e0-bf4c-06f5698ffbd9}", "Provider": null, "EventID_Qualifiers": "", "EventID": "7", "Version": "3", "Level": "4", "Task": "7", "Opcode": "0", "Keywords": "0x8000000000000000", "TimeCreated_SystemTime": "2023-09-27 07:08:13.355452", "TimeCreated": null, "EventRecordID": "31378", "Correlation_ActivityID": "", "Correlation_RelatedActivityID": "", "Correlation": null, "Execution_ProcessID": "3368", "Execution_ThreadID": "888", "Execution": null, "Channel": "Microsoft-Windows-Sysmon/Operational", "Computer": "DESKTOP-P5C3MUD", "Security_UserID": "S-1-5-18", "Security": null, "EventData_RuleName": "-", "EventData_UtcTime": "2023-09-27 07:08:13.343", "EventData_ProcessGuid": "{4557fbaa-d4dd-6513-c201-000000000e00}", "EventData_ProcessId": "9364", "EventData_Image": "C:\\Windows\\System32\\audiodg.exe", "EventData_ImageLoaded": "C:\\Windows\\System32\\mfcore.dll", "EventData_FileVersion": "10.0.19041.3448 (WinBuild.160101.0800)", "EventData_Description": "Media Foundation Core DLL", "EventData_Product": "Microsoft\u00ae Windows\u00ae Operating System", "EventData_Company": "Microsoft Corporation", "EventData_OriginalFileName": "mfcore.dll", "EventData_Hashes": "SHA1=ADC90AD081591544C1D67C5C55BCEBD7954434FB,MD5=FE4F33A08A5C71133B21BEC8DAA0DF32,SHA256=932C2C28F37B8A6CC41B41C1041431FB6F64AC808A6FD5487836CF7C0B49AEF8,IMPHASH=BB755DF87764D426164A520063F1C78E", "EventData_Signed": "true", "EventData_Signature": "Microsoft Windows", "EventData_SignatureStatus": "Valid", "EventData_User": "NT AUTHORITY\\LOCAL SERVICE"}
{"Provider_Name": "Microsoft-Windows-Sysmon", "Provider_Guid": "{5770385f-c22a-43e0-bf4c-06f5698ffbd9}", "Provider": null, "EventID_Qualifiers": "", "EventID": "7", "Version": "3", "Level": "4", "Task": "7", "Opcode": "0", "Keywords": "0x8000000000000000", "TimeCreated_SystemTime": "2023-09-27 07:08:13.359589", "TimeCreated": null, "EventRecordID": "31379", "Correlation_ActivityID": "", "Correlation_RelatedActivityID": "", "Correlation": null, "Execution_ProcessID": "3368", "Execution_ThreadID": "888", "Execution": null, "Channel": "Microsoft-Windows-Sysmon/Operational", "Computer": "DESKTOP-P5C3MUD", "Security_UserID": "S-1-5-18", "Security": null, "EventData_RuleName": "-", "EventData_UtcTime": "2023-09-27 07:08:13.343", "EventData_ProcessGuid": "{4557fbaa-d4dd-6513-c201-000000000e00}", "EventData_ProcessId": "9364", "EventData_Image": "C:\\Windows\\System32\\audiodg.exe", "EventData_ImageLoaded": "C:\\Windows\\System32\\crypt32.dll", "EventData_FileVersion": "10.0.19041.3271 (WinBuild.160101.0800)", "EventData_Description": "Crypto API32", "EventData_Product": "Microsoft\u00ae Windows\u00ae Operating System", "EventData_Company": "Microsoft Corporation", "EventData_OriginalFileName": "CRYPT32.DLL", "EventData_Hashes": "SHA1=12886AE3EDD4F2F47D33A5B0AB9FE75F159EA76C,MD5=DD4E169271A78E79737908FA8EAF2AD9,SHA256=0521F08CEC73C031E06EDC8DE246D01D106A6A11A4A7BD2E07594394CBFC7E8B,IMPHASH=A97F15D316311CED0251A5EF98AA3F9C", "EventData_Signed": "true", "EventData_Signature": "Microsoft Windows", "EventData_SignatureStatus": "Valid", "EventData_User": "NT AUTHORITY\\LOCAL SERVICE"}
{"Provider_Name": "Microsoft-Windows-Sysmon", "Provider_Guid": "{5770385f-c22a-43e0-bf4c-06f5698ffbd9}", "Provider": null, "EventID_Qualifiers": "", "EventID": "7", "Version": "3", "Level": "4", "Task": "7", "Opcode": "0", "Keywords": "0x8000000000000000", "TimeCreated_SystemTime": "2023-09-27 07:08:13.362162", "TimeCreated": null, "EventRecordID": "31380", "Correlation_ActivityID": "", "Correlation_RelatedActivityID": "", "Correlation": null, "Execution_ProcessID": "3368", "Execution_ThreadID": "888", "Execution": null, "Channel": "Microsoft-Windows-Sysmon/Operational", "Computer": "DESKTOP-P5C3MUD", "Security_UserID": "S-1-5-18", "Security": null, "EventData_RuleName": "-", "EventData_UtcTime": "2023-09-27 07:08:13.343", "EventData_ProcessGuid": "{4557fbaa-d4dd-6513-c201-000000000e00}", "EventData_ProcessId": "9364", "EventData_Image": "C:\\Windows\\System32\\audiodg.exe", "EventData_ImageLoaded": "C:\\Windows\\System32\\ksuser.dll", "EventData_FileVersion": "10.0.19041.1 (WinBuild.160101.0800)", "EventData_Description": "User CSA Library", "EventData_Product": "Microsoft\u00ae Windows\u00ae Operating System", "EventData_Company": "Microsoft Corporation", "EventData_OriginalFileName": "ksuser.dll", "EventData_Hashes": "SHA1=D0EF347EA60D1505AEC3AB76BB692B7C11FD1166,MD5=0A8F948D4A63F5C70F9E0A6525E1B07E,SHA256=D284E0301679ECEF1B763ADDD6BECE589BB16E4B7D5C4FBE3D8684121E8F0B74,IMPHASH=E9D5CB57CF41143B56CA605B7DFA7C96", "EventData_Signed": "true", "EventData_Signature": "Microsoft Windows", "EventData_SignatureStatus": "Valid", "EventData_User": "NT AUTHORITY\\LOCAL SERVICE"}
{"Provider_Name": "Microsoft-Windows-Sysmon", "Provider_Guid": "{5770385f-c22a-43e0-bf4c-06f5698ffbd9}", "Provider": null, "EventID_Qualifiers": "", "EventID": "7", "Version": "3", "Level": "4", "Task": "7", "Opcode": "0", "Keywords": "0x8000000000000000", "TimeCreated_SystemTime": "2023-09-27 07:08:13.367645", "TimeCreated": null, "EventRecordID": "31381", "Correlation_ActivityID": "", "Correlation_RelatedActivityID": "", "Correlation": null, "Execution_ProcessID": "3368", "Execution_ThreadID": "888", "Execution": null, "Channel": "Microsoft-Windows-Sysmon/Operational", "Computer": "DESKTOP-P5C3MUD", "Security_UserID": "S-1-5-18", "Security": null, "EventData_RuleName": "-", "EventData_UtcTime": "2023-09-27 07:08:13.358", "EventData_ProcessGuid": "{4557fbaa-d4dd-6513-c201-000000000e00}", "EventData_ProcessId": "9364", "EventData_Image": "C:\\Windows\\System32\\audiodg.exe", "EventData_ImageLoaded": "C:\\Windows\\System32\\mfplat.dll", "EventData_FileVersion": "10.0.19041.746 (WinBuild.160101.0800)", "EventData_Description": "Media Foundation Platform DLL", "EventData_Product": "Microsoft\u00ae Windows\u00ae Operating System", "EventData_Company": "Microsoft Corporation", "EventData_OriginalFileName": "mfplat.dll", "EventData_Hashes": "SHA1=2D8E96E2DD7906C9D9230E44A7B05AA39ED50F0C,MD5=E81CCB465BB530448153B16AB631B581,SHA256=A6B0E6C3D1652759AB461CAD244203BA301243D73F0F07C96E482C6E42C9340B,IMPHASH=05E23696DC98539DAD093D18CBC38CC6", "EventData_Signed": "true", "EventData_Signature": "Microsoft Windows", "EventData_SignatureStatus": "Valid", "EventData_User": "NT AUTHORITY\\LOCAL SERVICE"}
{"Provider_Name": "Microsoft-Windows-Sysmon", "Provider_Guid": "{5770385f-c22a-43e0-bf4c-06f5698ffbd9}", "Provider": null, "EventID_Qualifiers": "", "EventID": "12", "Version": "2", "Level": "4", "Task": "12", "Opcode": "0", "Keywords": "0x8000000000000000", "TimeCreated_SystemTime": "2023-09-27 07:08:13.369341", "TimeCreated": null, "EventRecordID": "31382", "Correlation_ActivityID": "", "Correlation_RelatedActivityID": "", "Correlation": null, "Execution_ProcessID": "3368", "Execution_ThreadID": "3332", "Execution": null, "Channel": "Microsoft-Windows-Sysmon/Operational", "Computer": "DESKTOP-P5C3MUD", "Security_UserID": "S-1-5-18", "Security": null, "EventData_RuleName": "-", "EventData_EventType": "CreateKey", "EventData_UtcTime": "2023-09-27 07:08:13.358", "EventData_ProcessGuid": "{4557fbaa-d4dd-6513-c201-000000000e00}", "EventData_ProcessId": "9364", "EventData_Image": "C:\\Windows\\system32\\AUDIODG.EXE", "EventData_TargetObject": "HKLM\\SOFTWARE", "EventData_User": "NT AUTHORITY\\LOCAL SERVICE"}
{"Provider_Name": "Microsoft-Windows-Sysmon", "Provider_Guid": "{5770385f-c22a-43e0-bf4c-06f5698ffbd9}", "Provider": null, "EventID_Qualifiers": "", "EventID": "12", "Version": "2", "Level": "4", "Task": "12", "Opcode": "0", "Keywords": "0x8000000000000000", "TimeCreated_SystemTime": "2023-09-27 07:08:13.369370", "TimeCreated": null, "EventRecordID": "31383", "Correlation_ActivityID": "", "Correlation_RelatedActivityID": "", "Correlation": null, "Execution_ProcessID": "3368", "Execution_ThreadID": "3332", "Execution": null, "Channel": "Microsoft-Windows-Sysmon/Operational", "Computer": "DESKTOP-P5C3MUD", "Security_UserID": "S-1-5-18", "Security": null, "EventData_RuleName": "-", "EventData_EventType": "CreateKey", "EventData_UtcTime": "2023-09-27 07:08:13.358", "EventData_ProcessGuid": "{4557fbaa-d4dd-6513-c201-000000000e00}", "EventData_ProcessId": "9364", "EventData_Image": "C:\\Windows\\system32\\AUDIODG.EXE", "EventData_TargetObject": "HKLM\\SOFTWARE\\Microsoft", "EventData_User": "NT AUTHORITY\\LOCAL SERVICE"}
{"Provider_Name": "Microsoft-Windows-Sysmon", "Provider_Guid": "{5770385f-c22a-43e0-bf4c-06f5698ffbd9}", "Provider": null, "EventID_Qualifiers": "", "EventID": "12", "Version": "2", "Level": "4", "Task": "12", "Opcode": "0", "Keywords": "0x8000000000000000", "TimeCreated_SystemTime": "2023-09-27 07:08:13.370232", "TimeCreated": null, "EventRecordID": "31384", "Correlation_ActivityID": "", "Correlation_RelatedActivityID": "", "Correlation": null, "Execution_ProcessID": "3368", "Execution_ThreadID": "3332", "Execution": null, "Channel": "Microsoft-Windows-Sysmon/Operational", "Computer": "DESKTOP-P5C3MUD", "Security_UserID": "S-1-5-18", "Security": null, "EventData_RuleName": "-", "EventData_EventType": "CreateKey", "EventData_UtcTime": "2023-09-27 07:08:13.358", "EventData_ProcessGuid": "{4557fbaa-d4dd-6513-c201-000000000e00}", "EventData_ProcessId": "9364", "EventData_Image": "C:\\Windows\\system32\\AUDIODG.EXE", "EventData_TargetObject": "HKLM\\SOFTWARE", "EventData_User": "NT AUTHORITY\\LOCAL SERVICE"}
{"Provider_Name": "Microsoft-Windows-Sysmon", "Provider_Guid": "{5770385f-c22a-43e0-bf4c-06f5698ffbd9}", "Provider": null, "EventID_Qualifiers": "", "EventID": "12", "Version": "2", "Level": "4", "Task": "12", "Opcode": "0", "Keywords": "0x8000000000000000", "TimeCreated_SystemTime": "2023-09-27 07:08:13.370251", "TimeCreated": null, "EventRecordID": "31385", "Correlation_ActivityID": "", "Correlation_RelatedActivityID": "", "Correlation": null, "Execution_ProcessID": "3368", "Execution_ThreadID": "3332", "Execution": null, "Channel": "Microsoft-Windows-Sysmon/Operational", "Computer": "DESKTOP-P5C3MUD", "Security_UserID": "S-1-5-18", "Security": null, "EventData_RuleName": "-", "EventData_EventType": "CreateKey", "EventData_UtcTime": "2023-09-27 07:08:13.358", "EventData_ProcessGuid": "{4557fbaa-d4dd-6513-c201-000000000e00}", "EventData_ProcessId": "9364", "EventData_Image": "C:\\Windows\\system32\\AUDIODG.EXE", "EventData_TargetObject": "HKLM\\SOFTWARE\\Microsoft", "EventData_User": "NT AUTHORITY\\LOCAL SERVICE"}
{"Provider_Name": "Microsoft-Windows-Sysmon", "Provider_Guid": "{5770385f-c22a-43e0-bf4c-06f5698ffbd9}", "Provider": null, "EventID_Qualifiers": "", "EventID": "7", "Version": "3", "Level": "4", "Task": "7", "Opcode": "0", "Keywords": "0x8000000000000000", "TimeCreated_SystemTime": "2023-09-27 07:08:13.370657", "TimeCreated": null, "EventRecordID": "31386", "Correlation_ActivityID": "", "Correlation_RelatedActivityID": "", "Correlation": null, "Execution_ProcessID": "3368", "Execution_ThreadID": "888", "Execution": null, "Channel": "Microsoft-Windows-Sysmon/Operational", "Computer": "DESKTOP-P5C3MUD", "Security_UserID": "S-1-5-18", "Security": null, "EventData_RuleName": "-", "EventData_UtcTime": "2023-09-27 07:08:13.358", "EventData_ProcessGuid": "{4557fbaa-d4dd-6513-c201-000000000e00}", "EventData_ProcessId": "9364", "EventData_Image": "C:\\Windows\\System32\\audiodg.exe", "EventData_ImageLoaded": "C:\\Windows\\System32\\RTWorkQ.dll", "EventData_FileVersion": "10.0.19041.1741 (WinBuild.160101.0800)", "EventData_Description": "Realtime WorkQueue DLL", "EventData_Product": "Microsoft\u00ae Windows\u00ae Operating System", "EventData_Company": "Microsoft Corporation", "EventData_OriginalFileName": "RTWorkQ.dll", "EventData_Hashes": "SHA1=EBC941611BD89AA81C954759C5639058377068CF,MD5=1197C0A478D0483F7952FBFC324324AE,SHA256=5B5905690D65C7DDDEBA4E5FC17D96B64BFB395AFD1E8E33EFCF89D520B5E943,IMPHASH=B9047688F735418F4B96B2D9A19F3D26", "EventData_Signed": "true", "EventData_Signature": "Microsoft Windows", "EventData_SignatureStatus": "Valid", "EventData_User": "NT AUTHORITY\\LOCAL SERVICE"}
{"Provider_Name": "Microsoft-Windows-Sysmon", "Provider_Guid": "{5770385f-c22a-43e0-bf4c-06f5698ffbd9}", "Provider": null, "EventID_Qualifiers": "", "EventID": "12", "Version": "2", "Level": "4", "Task": "12", "Opcode": "0", "Keywords": "0x8000000000000000", "TimeCreated_SystemTime": "2023-09-27 07:08:13.370995", "TimeCreated": null, "EventRecordID": "31387", "Correlation_ActivityID": "", "Correlation_RelatedActivityID": "", "Correlation": null, "Execution_ProcessID": "3368", "Execution_ThreadID": "3332", "Execution": null, "Channel": "Microsoft-Windows-Sysmon/Operational", "Computer": "DESKTOP-P5C3MUD", "Security_UserID": "S-1-5-18", "Security": null, "EventData_RuleName": "-", "EventData_EventType": "CreateKey", "EventData_UtcTime": "2023-09-27 07:08:13.358", "EventData_ProcessGuid": "{4557fbaa-d4dd-6513-c201-000000000e00}", "EventData_ProcessId": "9364", "EventData_Image": "C:\\Windows\\system32\\AUDIODG.EXE", "EventData_TargetObject": "HKLM\\SOFTWARE", "EventData_User": "NT AUTHORITY\\LOCAL SERVICE"}
{"Provider_Name": "Microsoft-Windows-Sysmon", "Provider_Guid": "{5770385f-c22a-43e0-bf4c-06f5698ffbd9}", "Provider": null, "EventID_Qualifiers": "", "EventID": "12", "Version": "2", "Level": "4", "Task": "12", "Opcode": "0", "Keywords": "0x8000000000000000", "TimeCreated_SystemTime": "2023-09-27 07:08:13.371014", "TimeCreated": null, "EventRecordID": "31388", "Correlation_ActivityID": "", "Correlation_RelatedActivityID": "", "Correlation": null, "Execution_ProcessID": "3368", "Execution_ThreadID": "3332", "Execution": null, "Channel": "Microsoft-Windows-Sysmon/Operational", "Computer": "DESKTOP-P5C3MUD", "Security_UserID": "S-1-5-18", "Security": null, "EventData_RuleName": "-", "EventData_EventType": "CreateKey", "EventData_UtcTime": "2023-09-27 07:08:13.358", "EventData_ProcessGuid": "{4557fbaa-d4dd-6513-c201-000000000e00}", "EventData_ProcessId": "9364", "EventData_Image": "C:\\Windows\\system32\\AUDIODG.EXE", "EventData_TargetObject": "HKLM\\SOFTWARE\\Microsoft", "EventData_User": "NT AUTHORITY\\LOCAL SERVICE"}
{"Provider_Name": "Microsoft-Windows-Sysmon", "Provider_Guid": "{5770385f-c22a-43e0-bf4c-06f5698ffbd9}", "Provider": null, "EventID_Qualifiers": "", "EventID": "12", "Version": "2", "Level": "4", "Task": "12", "Opcode": "0", "Keywords": "0x8000000000000000", "TimeCreated_SystemTime": "2023-09-27 07:08:13.371813", "TimeCreated": null, "EventRecordID": "31389", "Correlation_ActivityID": "", "Correlation_RelatedActivityID": "", "Correlation": null, "Execution_ProcessID": "3368", "Execution_ThreadID": "3332", "Execution": null, "Channel": "Microsoft-Windows-Sysmon/Operational", "Computer": "DESKTOP-P5C3MUD", "Security_UserID": "S-1-5-18", "Security": null, "EventData_RuleName": "-", "EventData_EventType": "CreateKey", "EventData_UtcTime": "2023-09-27 07:08:13.358", "EventData_ProcessGuid": "{4557fbaa-d4dd-6513-c201-000000000e00}", "EventData_ProcessId": "9364", "EventData_Image": "C:\\Windows\\system32\\AUDIODG.EXE", "EventData_TargetObject": "HKLM\\SOFTWARE", "EventData_User": "NT AUTHORITY\\LOCAL SERVICE"}
{"Provider_Name": "Microsoft-Windows-Sysmon", "Provider_Guid": "{5770385f-c22a-43e0-bf4c-06f5698ffbd9}", "Provider": null, "EventID_Qualifiers": "", "EventID": "12", "Version": "2", "Level": "4", "Task": "12", "Opcode": "0", "Keywords": "0x8000000000000000", "TimeCreated_SystemTime": "2023-09-27 07:08:13.371832", "TimeCreated": null, "EventRecordID": "31390", "Correlation_ActivityID": "", "Correlation_RelatedActivityID": "", "Correlation": null, "Execution_ProcessID": "3368", "Execution_ThreadID": "3332", "Execution": null, "Channel": "Microsoft-Windows-Sysmon/Operational", "Computer": "DESKTOP-P5C3MUD", "Security_UserID": "S-1-5-18", "Security": null, "EventData_RuleName": "-", "EventData_EventType": "CreateKey", "EventData_UtcTime": "2023-09-27 07:08:13.358", "EventData_ProcessGuid": "{4557fbaa-d4dd-6513-c201-000000000e00}", "EventData_ProcessId": "9364", "EventData_Image": "C:\\Windows\\system32\\AUDIODG.EXE", "EventData_TargetObject": "HKLM\\SOFTWARE\\Microsoft", "EventData_User": "NT AUTHORITY\\LOCAL SERVICE"}
{"Provider_Name": "Microsoft-Windows-Sysmon", "Provider_Guid": "{5770385f-c22a-43e0-bf4c-06f5698ffbd9}", "Provider": null, "EventID_Qualifiers": "", "EventID": "12", "Version": "2", "Level": "4", "Task": "12", "Opcode": "0", "Keywords": "0x8000000000000000", "TimeCreated_SystemTime": "2023-09-27 07:08:13.373238", "TimeCreated": null, "EventRecordID": "31391", "Correlation_ActivityID": "", "Correlation_RelatedActivityID": "", "Correlation": null, "Execution_ProcessID": "3368", "Execution_ThreadID": "3332", "Execution": null, "Channel": "Microsoft-Windows-Sysmon/Operational", "Computer": "DESKTOP-P5C3MUD", "Security_UserID": "S-1-5-18", "Security": null, "EventData_RuleName": "-", "EventData_EventType": "CreateKey", "EventData_UtcTime": "2023-09-27 07:08:13.358", "EventData_ProcessGuid": "{4557fbaa-d4dd-6513-c201-000000000e00}", "EventData_ProcessId": "9364", "EventData_Image": "C:\\Windows\\system32\\AUDIODG.EXE", "EventData_TargetObject": "HKLM\\SOFTWARE", "EventData_User": "NT AUTHORITY\\LOCAL SERVICE"}
{"Provider_Name": "Microsoft-Windows-Sysmon", "Provider_Guid": "{5770385f-c22a-43e0-bf4c-06f5698ffbd9}", "Provider": null, "EventID_Qualifiers": "", "EventID": "12", "Version": "2", "Level": "4", "Task": "12", "Opcode": "0", "Keywords": "0x8000000000000000", "TimeCreated_SystemTime": "2023-09-27 07:08:13.373270", "TimeCreated": null, "EventRecordID": "31392", "Correlation_ActivityID": "", "Correlation_RelatedActivityID": "", "Correlation": null, "Execution_ProcessID": "3368", "Execution_ThreadID": "3332", "Execution": null, "Channel": "Microsoft-Windows-Sysmon/Operational", "Computer": "DESKTOP-P5C3MUD", "Security_UserID": "S-1-5-18", "Security": null, "EventData_RuleName": "-", "EventData_EventType": "CreateKey", "EventData_UtcTime": "2023-09-27 07:08:13.358", "EventData_ProcessGuid": "{4557fbaa-d4dd-6513-c201-000000000e00}", "EventData_ProcessId": "9364", "EventData_Image": "C:\\Windows\\system32\\AUDIODG.EXE", "EventData_TargetObject": "HKLM\\SOFTWARE\\Microsoft", "EventData_User": "NT AUTHORITY\\LOCAL SERVICE"}
{"Provider_Name": "Microsoft-Windows-Sysmon", "Provider_Guid": "{5770385f-c22a-43e0-bf4c-06f5698ffbd9}", "Provider": null, "EventID_Qualifiers": "", "EventID": "12", "Version": "2", "Level": "4", "Task": "12", "Opcode": "0", "Keywords": "0x8000000000000000", "TimeCreated_SystemTime": "2023-09-27 07:08:13.373320", "TimeCreated": null, "EventRecordID": "31393", "Correlation_ActivityID": "", "Correlation_RelatedActivityID": "", "Correlation": null, "Execution_ProcessID": "3368", "Execution_ThreadID": "3332", "Execution": null, "Channel": "Microsoft-Windows-Sysmon/Operational", "Computer": "DESKTOP-P5C3MUD", "Security_UserID": "S-1-5-18", "Security": null, "EventData_RuleName": "-", "EventData_EventType": "CreateKey", "EventData_UtcTime": "2023-09-27 07:08:13.358", "EventData_ProcessGuid": "{4557fbaa-d4dd-6513-c201-000000000e00}", "EventData_ProcessId": "9364", "EventData_Image": "C:\\Windows\\system32\\AUDIODG.EXE", "EventData_TargetObject": "HKU\\S-1-5-19\\SOFTWARE\\Microsoft\\Multimedia\\Audio Compression Manager", "EventData_User": "NT AUTHORITY\\LOCAL SERVICE"}
{"Provider_Name": "Microsoft-Windows-Sysmon", "Provider_Guid": "{5770385f-c22a-43e0-bf4c-06f5698ffbd9}", "Provider": null, "EventID_Qualifiers": "", "EventID": "12", "Version": "2", "Level": "4", "Task": "12", "Opcode": "0", "Keywords": "0x8000000000000000", "TimeCreated_SystemTime": "2023-09-27 07:08:13.373341", "TimeCreated": null, "EventRecordID": "31394", "Correlation_ActivityID": "", "Correlation_RelatedActivityID": "", "Correlation": null, "Execution_ProcessID": "3368", "Execution_ThreadID": "3332", "Execution": null, "Channel": "Microsoft-Windows-Sysmon/Operational", "Computer": "DESKTOP-P5C3MUD", "Security_UserID": "S-1-5-18", "Security": null, "EventData_RuleName": "-", "EventData_EventType": "CreateKey", "EventData_UtcTime": "2023-09-27 07:08:13.358", "EventData_ProcessGuid": "{4557fbaa-d4dd-6513-c201-000000000e00}", "EventData_ProcessId": "9364", "EventData_Image": "C:\\Windows\\system32\\AUDIODG.EXE", "EventData_TargetObject": "HKU\\S-1-5-19\\SOFTWARE\\Microsoft\\Multimedia\\Audio Compression Manager\\MSACM", "EventData_User": "NT AUTHORITY\\LOCAL SERVICE"}
{"Provider_Name": "Microsoft-Windows-Sysmon", "Provider_Guid": "{5770385f-c22a-43e0-bf4c-06f5698ffbd9}", "Provider": null, "EventID_Qualifiers": "", "EventID": "12", "Version": "2", "Level": "4", "Task": "12", "Opcode": "0", "Keywords": "0x8000000000000000", "TimeCreated_SystemTime": "2023-09-27 07:08:13.373465", "TimeCreated": null, "EventRecordID": "31395", "Correlation_ActivityID": "", "Correlation_RelatedActivityID": "", "Correlation": null, "Execution_ProcessID": "3368", "Execution_ThreadID": "3332", "Execution": null, "Channel": "Microsoft-Windows-Sysmon/Operational", "Computer": "DESKTOP-P5C3MUD", "Security_UserID": "S-1-5-18", "Security": null, "EventData_RuleName": "-", "EventData_EventType": "CreateKey", "EventData_UtcTime": "2023-09-27 07:08:13.358", "EventData_ProcessGuid": "{4557fbaa-d4dd-6513-c201-000000000e00}", "EventData_ProcessId": "9364", "EventData_Image": "C:\\Windows\\system32\\AUDIODG.EXE", "EventData_TargetObject": "HKU\\S-1-5-19\\SOFTWARE\\Microsoft\\Multimedia\\Audio Compression Manager", "EventData_User": "NT AUTHORITY\\LOCAL SERVICE"}
{"Provider_Name": "Microsoft-Windows-Sysmon", "Provider_Guid": "{5770385f-c22a-43e0-bf4c-06f5698ffbd9}", "Provider": null, "EventID_Qualifiers": "", "EventID": "12", "Version": "2", "Level": "4", "Task": "12", "Opcode": "0", "Keywords": "0x8000000000000000", "TimeCreated_SystemTime": "2023-09-27 07:08:13.373491", "TimeCreated": null, "EventRecordID": "31396", "Correlation_ActivityID": "", "Correlation_RelatedActivityID": "", "Correlation": null, "Execution_ProcessID": "3368", "Execution_ThreadID": "3332", "Execution": null, "Channel": "Microsoft-Windows-Sysmon/Operational", "Computer": "DESKTOP-P5C3MUD", "Security_UserID": "S-1-5-18", "Security": null, "EventData_RuleName": "-", "EventData_EventType": "CreateKey", "EventData_UtcTime": "2023-09-27 07:08:13.358", "EventData_ProcessGuid": "{4557fbaa-d4dd-6513-c201-000000000e00}", "EventData_ProcessId": "9364", "EventData_Image": "C:\\Windows\\system32\\AUDIODG.EXE", "EventData_TargetObject": "HKU\\S-1-5-19\\SOFTWARE\\Microsoft\\Multimedia\\Audio Compression Manager\\Priority v4.00", "EventData_User": "NT AUTHORITY\\LOCAL SERVICE"}
{"Provider_Name": "Microsoft-Windows-Sysmon", "Provider_Guid": "{5770385f-c22a-43e0-bf4c-06f5698ffbd9}", "Provider": null, "EventID_Qualifiers": "", "EventID": "12", "Version": "2", "Level": "4", "Task": "12", "Opcode": "0", "Keywords": "0x8000000000000000", "TimeCreated_SystemTime": "2023-09-27 07:08:13.373541", "TimeCreated": null, "EventRecordID": "31397", "Correlation_ActivityID": "", "Correlation_RelatedActivityID": "", "Correlation": null, "Execution_ProcessID": "3368", "Execution_ThreadID": "3332", "Execution": null, "Channel": "Microsoft-Windows-Sysmon/Operational", "Computer": "DESKTOP-P5C3MUD", "Security_UserID": "S-1-5-18", "Security": null, "EventData_RuleName": "-", "EventData_EventType": "CreateKey", "EventData_UtcTime": "2023-09-27 07:08:13.358", "EventData_ProcessGuid": "{4557fbaa-d4dd-6513-c201-000000000e00}", "EventData_ProcessId": "9364", "EventData_Image": "C:\\Windows\\system32\\AUDIODG.EXE", "EventData_TargetObject": "HKU\\S-1-5-19\\SOFTWARE\\Microsoft\\Multimedia\\Audio Compression Manager", "EventData_User": "NT AUTHORITY\\LOCAL SERVICE"}
{"Provider_Name": "Microsoft-Windows-Sysmon", "Provider_Guid": "{5770385f-c22a-43e0-bf4c-06f5698ffbd9}", "Provider": null, "EventID_Qualifiers": "", "EventID": "12", "Version": "2", "Level": "4", "Task": "12", "Opcode": "0", "Keywords": "0x8000000000000000", "TimeCreated_SystemTime": "2023-09-27 07:08:13.373562", "TimeCreated": null, "EventRecordID": "31398", "Correlation_ActivityID": "", "Correlation_RelatedActivityID": "", "Correlation": null, "Execution_ProcessID": "3368", "Execution_ThreadID": "3332", "Execution": null, "Channel": "Microsoft-Windows-Sysmon/Operational", "Computer": "DESKTOP-P5C3MUD", "Security_UserID": "S-1-5-18", "Security": null, "EventData_RuleName": "-", "EventData_EventType": "CreateKey", "EventData_UtcTime": "2023-09-27 07:08:13.358", "EventData_ProcessGuid": "{4557fbaa-d4dd-6513-c201-000000000e00}", "EventData_ProcessId": "9364", "EventData_Image": "C:\\Windows\\system32\\AUDIODG.EXE", "EventData_TargetObject": "HKU\\S-1-5-19\\SOFTWARE\\Microsoft\\Multimedia\\Audio Compression Manager\\Priority v4.00", "EventData_User": "NT AUTHORITY\\LOCAL SERVICE"}
{"Provider_Name": "Microsoft-Windows-Sysmon", "Provider_Guid": "{5770385f-c22a-43e0-bf4c-06f5698ffbd9}", "Provider": null, "EventID_Qualifiers": "", "EventID": "12", "Version": "2", "Level": "4", "Task": "12", "Opcode": "0", "Keywords": "0x8000000000000000", "TimeCreated_SystemTime": "2023-09-27 07:08:13.373602", "TimeCreated": null, "EventRecordID": "31399", "Correlation_ActivityID": "", "Correlation_RelatedActivityID": "", "Correlation": null, "Execution_ProcessID": "3368", "Execution_ThreadID": "3332", "Execution": null, "Channel": "Microsoft-Windows-Sysmon/Operational", "Computer": "DESKTOP-P5C3MUD", "Security_UserID": "S-1-5-18", "Security": null, "EventData_RuleName": "-", "EventData_EventType": "CreateKey", "EventData_UtcTime": "2023-09-27 07:08:13.358", "EventData_ProcessGuid": "{4557fbaa-d4dd-6513-c201-000000000e00}", "EventData_ProcessId": "9364", "EventData_Image": "C:\\Windows\\system32\\AUDIODG.EXE", "EventData_TargetObject": "HKU\\S-1-5-19\\SOFTWARE\\Microsoft\\Multimedia", "EventData_User": "NT AUTHORITY\\LOCAL SERVICE"}
{"Provider_Name": "Microsoft-Windows-Sysmon", "Provider_Guid": "{5770385f-c22a-43e0-bf4c-06f5698ffbd9}", "Provider": null, "EventID_Qualifiers": "", "EventID": "12", "Version": "2", "Level": "4", "Task": "12", "Opcode": "0", "Keywords": "0x8000000000000000", "TimeCreated_SystemTime": "2023-09-27 07:08:13.373631", "TimeCreated": null, "EventRecordID": "31400", "Correlation_ActivityID": "", "Correlation_RelatedActivityID": "", "Correlation": null, "Execution_ProcessID": "3368", "Execution_ThreadID": "3332", "Execution": null, "Channel": "Microsoft-Windows-Sysmon/Operational", "Computer": "DESKTOP-P5C3MUD", "Security_UserID": "S-1-5-18", "Security": null, "EventData_RuleName": "-", "EventData_EventType": "CreateKey", "EventData_UtcTime": "2023-09-27 07:08:13.358", "EventData_ProcessGuid": "{4557fbaa-d4dd-6513-c201-000000000e00}", "EventData_ProcessId": "9364", "EventData_Image": "C:\\Windows\\system32\\AUDIODG.EXE", "EventData_TargetObject": "HKU\\S-1-5-19\\SOFTWARE\\Microsoft\\Multimedia\\msacm.imaadpcm", "EventData_User": "NT AUTHORITY\\LOCAL SERVICE"}
{"Provider_Name": "Microsoft-Windows-Sysmon", "Provider_Guid": "{5770385f-c22a-43e0-bf4c-06f5698ffbd9}", "Provider": null, "EventID_Qualifiers": "", "EventID": "7", "Version": "3", "Level": "4", "Task": "7", "Opcode": "0", "Keywords": "0x8000000000000000", "TimeCreated_SystemTime": "2023-09-27 07:08:13.373655", "TimeCreated": null, "EventRecordID": "31401", "Correlation_ActivityID": "", "Correlation_RelatedActivityID": "", "Correlation": null, "Execution_ProcessID": "3368", "Execution_ThreadID": "888", "Execution": null, "Channel": "Microsoft-Windows-Sysmon/Operational", "Computer": "DESKTOP-P5C3MUD", "Security_UserID": "S-1-5-18", "Security": null, "EventData_RuleName": "-", "EventData_UtcTime": "2023-09-27 07:08:13.358", "EventData_ProcessGuid": "{4557fbaa-d4dd-6513-c201-000000000e00}", "EventData_ProcessId": "9364", "EventData_Image": "C:\\Windows\\System32\\audiodg.exe", "EventData_ImageLoaded": "C:\\Windows\\System32\\mfAACEnc.dll", "EventData_FileVersion": "10.0.19041.1 (WinBuild.160101.0800)", "EventData_Description": "Media Foundation AAC Encoder", "EventData_Product": "Microsoft\u00ae Windows\u00ae Operating System", "EventData_Company": "Microsoft Corporation", "EventData_OriginalFileName": "mfAACEnc.dll", "EventData_Hashes": "SHA1=6576589EAE84FD8B6BB4F44D8682955C265FCA8E,MD5=8F236615E5DD70CFDE50E571F1A1ACB1,SHA256=D30C42889E0EA0481E79A5DD4CC273BA9FF46B75CF2923BBB829B670D5EA0E1A,IMPHASH=F0C7ACA9A0B72D3314630A9FE062C4CA", "EventData_Signed": "true", "EventData_Signature": "Microsoft Windows", "EventData_SignatureStatus": "Valid", "EventData_User": "NT AUTHORITY\\LOCAL SERVICE"}
{"Provider_Name": "Microsoft-Windows-Sysmon", "Provider_Guid": "{5770385f-c22a-43e0-bf4c-06f5698ffbd9}", "Provider": null, "EventID_Qualifiers": "", "EventID": "12", "Version": "2", "Level": "4", "Task": "12", "Opcode": "0", "Keywords": "0x8000000000000000", "TimeCreated_SystemTime": "2023-09-27 07:08:13.373690", "TimeCreated": null, "EventRecordID": "31402", "Correlation_ActivityID": "", "Correlation_RelatedActivityID": "", "Correlation": null, "Execution_ProcessID": "3368", "Execution_ThreadID": "3332", "Execution": null, "Channel": "Microsoft-Windows-Sysmon/Operational", "Computer": "DESKTOP-P5C3MUD", "Security_UserID": "S-1-5-18", "Security": null, "EventData_RuleName": "-", "EventData_EventType": "CreateKey", "EventData_UtcTime": "2023-09-27 07:08:13.358", "EventData_ProcessGuid": "{4557fbaa-d4dd-6513-c201-000000000e00}", "EventData_ProcessId": "9364", "EventData_Image": "C:\\Windows\\system32\\AUDIODG.EXE", "EventData_TargetObject": "HKU\\S-1-5-19\\SOFTWARE\\Microsoft\\Multimedia", "EventData_User": "NT AUTHORITY\\LOCAL SERVICE"}
{"Provider_Name": "Microsoft-Windows-Sysmon", "Provider_Guid": "{5770385f-c22a-43e0-bf4c-06f5698ffbd9}", "Provider": null, "EventID_Qualifiers": "", "EventID": "12", "Version": "2", "Level": "4", "Task": "12", "Opcode": "0", "Keywords": "0x8000000000000000", "TimeCreated_SystemTime": "2023-09-27 07:08:13.373709", "TimeCreated": null, "EventRecordID": "31403", "Correlation_ActivityID": "", "Correlation_RelatedActivityID": "", "Correlation": null, "Execution_ProcessID": "3368", "Execution_ThreadID": "3332", "Execution": null, "Channel": "Microsoft-Windows-Sysmon/Operational", "Computer": "DESKTOP-P5C3MUD", "Security_UserID": "S-1-5-18", "Security": null, "EventData_RuleName": "-", "EventData_EventType": "CreateKey", "EventData_UtcTime": "2023-09-27 07:08:13.358", "EventData_ProcessGuid": "{4557fbaa-d4dd-6513-c201-000000000e00}", "EventData_ProcessId": "9364", "EventData_Image": "C:\\Windows\\system32\\AUDIODG.EXE", "EventData_TargetObject": "HKU\\S-1-5-19\\SOFTWARE\\Microsoft\\Multimedia\\msacm.msgsm610", "EventData_User": "NT AUTHORITY\\LOCAL SERVICE"}
{"Provider_Name": "Microsoft-Windows-Sysmon", "Provider_Guid": "{5770385f-c22a-43e0-bf4c-06f5698ffbd9}", "Provider": null, "EventID_Qualifiers": "", "EventID": "12", "Version": "2", "Level": "4", "Task": "12", "Opcode": "0", "Keywords": "0x8000000000000000", "TimeCreated_SystemTime": "2023-09-27 07:08:13.373755", "TimeCreated": null, "EventRecordID": "31404", "Correlation_ActivityID": "", "Correlation_RelatedActivityID": "", "Correlation": null, "Execution_ProcessID": "3368", "Execution_ThreadID": "3332", "Execution": null, "Channel": "Microsoft-Windows-Sysmon/Operational", "Computer": "DESKTOP-P5C3MUD", "Security_UserID": "S-1-5-18", "Security": null, "EventData_RuleName": "-", "EventData_EventType": "CreateKey", "EventData_UtcTime": "2023-09-27 07:08:13.358", "EventData_ProcessGuid": "{4557fbaa-d4dd-6513-c201-000000000e00}", "EventData_ProcessId": "9364", "EventData_Image": "C:\\Windows\\system32\\AUDIODG.EXE", "EventData_TargetObject": "HKU\\S-1-5-19\\SOFTWARE\\Microsoft\\Multimedia\\Audio Compression Manager", "EventData_User": "NT AUTHORITY\\LOCAL SERVICE"}
{"Provider_Name": "Microsoft-Windows-Sysmon", "Provider_Guid": "{5770385f-c22a-43e0-bf4c-06f5698ffbd9}", "Provider": null, "EventID_Qualifiers": "", "EventID": "12", "Version": "2", "Level": "4", "Task": "12", "Opcode": "0", "Keywords": "0x8000000000000000", "TimeCreated_SystemTime": "2023-09-27 07:08:13.373777", "TimeCreated": null, "EventRecordID": "31405", "Correlation_ActivityID": "", "Correlation_RelatedActivityID": "", "Correlation": null, "Execution_ProcessID": "3368", "Execution_ThreadID": "3332", "Execution": null, "Channel": "Microsoft-Windows-Sysmon/Operational", "Computer": "DESKTOP-P5C3MUD", "Security_UserID": "S-1-5-18", "Security": null, "EventData_RuleName": "-", "EventData_EventType": "CreateKey", "EventData_UtcTime": "2023-09-27 07:08:13.358", "EventData_ProcessGuid": "{4557fbaa-d4dd-6513-c201-000000000e00}", "EventData_ProcessId": "9364", "EventData_Image": "C:\\Windows\\system32\\AUDIODG.EXE", "EventData_TargetObject": "HKU\\S-1-5-19\\SOFTWARE\\Microsoft\\Multimedia\\Audio Compression Manager\\Priority v4.00", "EventData_User": "NT AUTHORITY\\LOCAL SERVICE"}
{"Provider_Name": "Microsoft-Windows-Sysmon", "Provider_Guid": "{5770385f-c22a-43e0-bf4c-06f5698ffbd9}", "Provider": null, "EventID_Qualifiers": "", "EventID": "12", "Version": "2", "Level": "4", "Task": "12", "Opcode": "0", "Keywords": "0x8000000000000000", "TimeCreated_SystemTime": "2023-09-27 07:08:13.373812", "TimeCreated": null, "EventRecordID": "31406", "Correlation_ActivityID": "", "Correlation_RelatedActivityID": "", "Correlation": null, "Execution_ProcessID": "3368", "Execution_ThreadID": "3332", "Execution": null, "Channel": "Microsoft-Windows-Sysmon/Operational", "Computer": "DESKTOP-P5C3MUD", "Security_UserID": "S-1-5-18", "Security": null, "EventData_RuleName": "-", "EventData_EventType": "CreateKey", "EventData_UtcTime": "2023-09-27 07:08:13.358", "EventData_ProcessGuid": "{4557fbaa-d4dd-6513-c201-000000000e00}", "EventData_ProcessId": "9364", "EventData_Image": "C:\\Windows\\system32\\AUDIODG.EXE", "EventData_TargetObject": "HKU\\S-1-5-19\\SOFTWARE\\Microsoft\\Multimedia\\Audio Compression Manager", "EventData_User": "NT AUTHORITY\\LOCAL SERVICE"}
{"Provider_Name": "Microsoft-Windows-Sysmon", "Provider_Guid": "{5770385f-c22a-43e0-bf4c-06f5698ffbd9}", "Provider": null, "EventID_Qualifiers": "", "EventID": "12", "Version": "2", "Level": "4", "Task": "12", "Opcode": "0", "Keywords": "0x8000000000000000", "TimeCreated_SystemTime": "2023-09-27 07:08:13.373831", "TimeCreated": null, "EventRecordID": "31407", "Correlation_ActivityID": "", "Correlation_RelatedActivityID": "", "Correlation": null, "Execution_ProcessID": "3368", "Execution_ThreadID": "3332", "Execution": null, "Channel": "Microsoft-Windows-Sysmon/Operational", "Computer": "DESKTOP-P5C3MUD", "Security_UserID": "S-1-5-18", "Security": null, "EventData_RuleName": "-", "EventData_EventType": "CreateKey", "EventData_UtcTime": "2023-09-27 07:08:13.358", "EventData_ProcessGuid": "{4557fbaa-d4dd-6513-c201-000000000e00}", "EventData_ProcessId": "9364", "EventData_Image": "C:\\Windows\\system32\\AUDIODG.EXE", "EventData_TargetObject": "HKU\\S-1-5-19\\SOFTWARE\\Microsoft\\Multimedia\\Audio Compression Manager\\Priority v4.00", "EventData_User": "NT AUTHORITY\\LOCAL SERVICE"}
{"Provider_Name": "Microsoft-Windows-Sysmon", "Provider_Guid": "{5770385f-c22a-43e0-bf4c-06f5698ffbd9}", "Provider": null, "EventID_Qualifiers": "", "EventID": "12", "Version": "2", "Level": "4", "Task": "12", "Opcode": "0", "Keywords": "0x8000000000000000", "TimeCreated_SystemTime": "2023-09-27 07:08:13.373852", "TimeCreated": null, "EventRecordID": "31408", "Correlation_ActivityID": "", "Correlation_RelatedActivityID": "", "Correlation": null, "Execution_ProcessID": "3368", "Execution_ThreadID": "3332", "Execution": null, "Channel": "Microsoft-Windows-Sysmon/Operational", "Computer": "DESKTOP-P5C3MUD", "Security_UserID": "S-1-5-18", "Security": null, "EventData_RuleName": "-", "EventData_EventType": "CreateKey", "EventData_UtcTime": "2023-09-27 07:08:13.358", "EventData_ProcessGuid": "{4557fbaa-d4dd-6513-c201-000000000e00}", "EventData_ProcessId": "9364", "EventData_Image": "C:\\Windows\\system32\\AUDIODG.EXE", "EventData_TargetObject": "HKU\\S-1-5-19\\SOFTWARE\\Microsoft\\Multimedia", "EventData_User": "NT AUTHORITY\\LOCAL SERVICE"}
{"Provider_Name": "Microsoft-Windows-Sysmon", "Provider_Guid": "{5770385f-c22a-43e0-bf4c-06f5698ffbd9}", "Provider": null, "EventID_Qualifiers": "", "EventID": "12", "Version": "2", "Level": "4", "Task": "12", "Opcode": "0", "Keywords": "0x8000000000000000", "TimeCreated_SystemTime": "2023-09-27 07:08:13.373873", "TimeCreated": null, "EventRecordID": "31409", "Correlation_ActivityID": "", "Correlation_RelatedActivityID": "", "Correlation": null, "Execution_ProcessID": "3368", "Execution_ThreadID": "3332", "Execution": null, "Channel": "Microsoft-Windows-Sysmon/Operational", "Computer": "DESKTOP-P5C3MUD", "Security_UserID": "S-1-5-18", "Security": null, "EventData_RuleName": "-", "EventData_EventType": "CreateKey", "EventData_UtcTime": "2023-09-27 07:08:13.358", "EventData_ProcessGuid": "{4557fbaa-d4dd-6513-c201-000000000e00}", "EventData_ProcessId": "9364", "EventData_Image": "C:\\Windows\\system32\\AUDIODG.EXE", "EventData_TargetObject": "HKU\\S-1-5-19\\SOFTWARE\\Microsoft\\Multimedia\\msacm.imaadpcm", "EventData_User": "NT AUTHORITY\\LOCAL SERVICE"}
{"Provider_Name": "Microsoft-Windows-Sysmon", "Provider_Guid": "{5770385f-c22a-43e0-bf4c-06f5698ffbd9}", "Provider": null, "EventID_Qualifiers": "", "EventID": "12", "Version": "2", "Level": "4", "Task": "12", "Opcode": "0", "Keywords": "0x8000000000000000", "TimeCreated_SystemTime": "2023-09-27 07:08:13.373905", "TimeCreated": null, "EventRecordID": "31410", "Correlation_ActivityID": "", "Correlation_RelatedActivityID": "", "Correlation": null, "Execution_ProcessID": "3368", "Execution_ThreadID": "3332", "Execution": null, "Channel": "Microsoft-Windows-Sysmon/Operational", "Computer": "DESKTOP-P5C3MUD", "Security_UserID": "S-1-5-18", "Security": null, "EventData_RuleName": "-", "EventData_EventType": "CreateKey", "EventData_UtcTime": "2023-09-27 07:08:13.358", "EventData_ProcessGuid": "{4557fbaa-d4dd-6513-c201-000000000e00}", "EventData_ProcessId": "9364", "EventData_Image": "C:\\Windows\\system32\\AUDIODG.EXE", "EventData_TargetObject": "HKU\\S-1-5-19\\SOFTWARE\\Microsoft\\Multimedia\\Audio Compression Manager", "EventData_User": "NT AUTHORITY\\LOCAL SERVICE"}
{"Provider_Name": "Microsoft-Windows-Sysmon", "Provider_Guid": "{5770385f-c22a-43e0-bf4c-06f5698ffbd9}", "Provider": null, "EventID_Qualifiers": "", "EventID": "12", "Version": "2", "Level": "4", "Task": "12", "Opcode": "0", "Keywords": "0x8000000000000000", "TimeCreated_SystemTime": "2023-09-27 07:08:13.373928", "TimeCreated": null, "EventRecordID": "31411", "Correlation_ActivityID": "", "Correlation_RelatedActivityID": "", "Correlation": null, "Execution_ProcessID": "3368", "Execution_ThreadID": "3332", "Execution": null, "Channel": "Microsoft-Windows-Sysmon/Operational", "Computer": "DESKTOP-P5C3MUD", "Security_UserID": "S-1-5-18", "Security": null, "EventData_RuleName": "-", "EventData_EventType": "CreateKey", "EventData_UtcTime": "2023-09-27 07:08:13.358", "EventData_ProcessGuid": "{4557fbaa-d4dd-6513-c201-000000000e00}", "EventData_ProcessId": "9364", "EventData_Image": "C:\\Windows\\system32\\AUDIODG.EXE", "EventData_TargetObject": "HKU\\S-1-5-19\\SOFTWARE\\Microsoft\\Multimedia\\Audio Compression Manager\\Priority v4.00", "EventData_User": "NT AUTHORITY\\LOCAL SERVICE"}
{"Provider_Name": "Microsoft-Windows-Sysmon", "Provider_Guid": "{5770385f-c22a-43e0-bf4c-06f5698ffbd9}", "Provider": null, "EventID_Qualifiers": "", "EventID": "12", "Version": "2", "Level": "4", "Task": "12", "Opcode": "0", "Keywords": "0x8000000000000000", "TimeCreated_SystemTime": "2023-09-27 07:08:13.373957", "TimeCreated": null, "EventRecordID": "31412", "Correlation_ActivityID": "", "Correlation_RelatedActivityID": "", "Correlation": null, "Execution_ProcessID": "3368", "Execution_ThreadID": "3332", "Execution": null, "Channel": "Microsoft-Windows-Sysmon/Operational", "Computer": "DESKTOP-P5C3MUD", "Security_UserID": "S-1-5-18", "Security": null, "EventData_RuleName": "-", "EventData_EventType": "CreateKey", "EventData_UtcTime": "2023-09-27 07:08:13.358", "EventData_ProcessGuid": "{4557fbaa-d4dd-6513-c201-000000000e00}", "EventData_ProcessId": "9364", "EventData_Image": "C:\\Windows\\system32\\AUDIODG.EXE", "EventData_TargetObject": "HKU\\S-1-5-19\\SOFTWARE\\Microsoft\\Multimedia\\Audio Compression Manager", "EventData_User": "NT AUTHORITY\\LOCAL SERVICE"}
{"Provider_Name": "Microsoft-Windows-Sysmon", "Provider_Guid": "{5770385f-c22a-43e0-bf4c-06f5698ffbd9}", "Provider": null, "EventID_Qualifiers": "", "EventID": "12", "Version": "2", "Level": "4", "Task": "12", "Opcode": "0", "Keywords": "0x8000000000000000", "TimeCreated_SystemTime": "2023-09-27 07:08:13.373978", "TimeCreated": null, "EventRecordID": "31413", "Correlation_ActivityID": "", "Correlation_RelatedActivityID": "", "Correlation": null, "Execution_ProcessID": "3368", "Execution_ThreadID": "3332", "Execution": null, "Channel": "Microsoft-Windows-Sysmon/Operational", "Computer": "DESKTOP-P5C3MUD", "Security_UserID": "S-1-5-18", "Security": null, "EventData_RuleName": "-", "EventData_EventType": "CreateKey", "EventData_UtcTime": "2023-09-27 07:08:13.358", "EventData_ProcessGuid": "{4557fbaa-d4dd-6513-c201-000000000e00}", "EventData_ProcessId": "9364", "EventData_Image": "C:\\Windows\\system32\\AUDIODG.EXE", "EventData_TargetObject": "HKU\\S-1-5-19\\SOFTWARE\\Microsoft\\Multimedia\\Audio Compression Manager\\Priority v4.00", "EventData_User": "NT AUTHORITY\\LOCAL SERVICE"}
{"Provider_Name": "Microsoft-Windows-Sysmon", "Provider_Guid": "{5770385f-c22a-43e0-bf4c-06f5698ffbd9}", "Provider": null, "EventID_Qualifiers": "", "EventID": "12", "Version": "2", "Level": "4", "Task": "12", "Opcode": "0", "Keywords": "0x8000000000000000", "TimeCreated_SystemTime": "2023-09-27 07:08:13.374025", "TimeCreated": null, "EventRecordID": "31414", "Correlation_ActivityID": "", "Correlation_RelatedActivityID": "", "Correlation": null, "Execution_ProcessID": "3368", "Execution_ThreadID": "3332", "Execution": null, "Channel": "Microsoft-Windows-Sysmon/Operational", "Computer": "DESKTOP-P5C3MUD", "Security_UserID": "S-1-5-18", "Security": null, "EventData_RuleName": "-", "EventData_EventType": "CreateKey", "EventData_UtcTime": "2023-09-27 07:08:13.358", "EventData_ProcessGuid": "{4557fbaa-d4dd-6513-c201-000000000e00}", "EventData_ProcessId": "9364", "EventData_Image": "C:\\Windows\\system32\\AUDIODG.EXE", "EventData_TargetObject": "HKU\\S-1-5-19\\SOFTWARE\\Microsoft\\Multimedia\\Audio Compression Manager", "EventData_User": "NT AUTHORITY\\LOCAL SERVICE"}
{"Provider_Name": "Microsoft-Windows-Sysmon", "Provider_Guid": "{5770385f-c22a-43e0-bf4c-06f5698ffbd9}", "Provider": null, "EventID_Qualifiers": "", "EventID": "12", "Version": "2", "Level": "4", "Task": "12", "Opcode": "0", "Keywords": "0x8000000000000000", "TimeCreated_SystemTime": "2023-09-27 07:08:13.374046", "TimeCreated": null, "EventRecordID": "31415", "Correlation_ActivityID": "", "Correlation_RelatedActivityID": "", "Correlation": null, "Execution_ProcessID": "3368", "Execution_ThreadID": "3332", "Execution": null, "Channel": "Microsoft-Windows-Sysmon/Operational", "Computer": "DESKTOP-P5C3MUD", "Security_UserID": "S-1-5-18", "Security": null, "EventData_RuleName": "-", "EventData_EventType": "CreateKey", "EventData_UtcTime": "2023-09-27 07:08:13.358", "EventData_ProcessGuid": "{4557fbaa-d4dd-6513-c201-000000000e00}", "EventData_ProcessId": "9364", "EventData_Image": "C:\\Windows\\system32\\AUDIODG.EXE", "EventData_TargetObject": "HKU\\S-1-5-19\\SOFTWARE\\Microsoft\\Multimedia\\Audio Compression Manager\\Priority v4.00", "EventData_User": "NT AUTHORITY\\LOCAL SERVICE"}
