{"Provider_Name": "Microsoft-Windows-Sysmon", "Provider_Guid": "{5770385f-c22a-43e0-bf4c-06f5698ffbd9}", "Provider": null, "EventID_Qualifiers": "", "EventID": "7", "Version": "3", "Level": "4", "Task": "7", "Opcode": "0", "Keywords": "0x8000000000000000", "TimeCreated_SystemTime": "2023-09-27 07:08:16.238417", "TimeCreated": null, "EventRecordID": "31702", "Correlation_ActivityID": "", "Correlation_RelatedActivityID": "", "Correlation": null, "Execution_ProcessID": "3368", "Execution_ThreadID": "888", "Execution": null, "Channel": "Microsoft-Windows-Sysmon/Operational", "Computer": "DESKTOP-P5C3MUD", "Security_UserID": "S-1-5-18", "Security": null, "EventData_RuleName": "-", "EventData_UtcTime": "2023-09-27 07:08:16.217", "EventData_ProcessGuid": "{4557fbaa-d4e0-6513-c301-000000000e00}", "EventData_ProcessId": "1088", "EventData_Image": "E:\\Experiment\\Windows Hacker Attack Program\\5\\\u5feb\u901f\u542f\u52a8\u76ee\u5f55\\AutoRun_Startup_Test.exe", "EventData_ImageLoaded": "C:\\Windows\\SysWOW64\\windows.storage.dll", "EventData_FileVersion": "10.0.19041.3393 (WinBuild.160101.0800)", "EventData_Description": "Microsoft WinRT Storage API", "EventData_Product": "Microsoft\u00ae Windows\u00ae Operating System", "EventData_Company": "Microsoft Corporation", "EventData_OriginalFileName": "Windows.Storage.dll", "EventData_Hashes": "SHA1=D6D60732178C3217041D19B13F3CF726DA1DADAB,MD5=F97ACEEC17251928CFA31A95E303820D,SHA256=1F25C4A3099B75A4C5EE7670B7CED83A691AF3B74D12F1FCB0FCDD9A8AF62089,IMPHASH=6A606534006413D46D94744CC8620243", "EventData_Signed": "true", "EventData_Signature": "Microsoft Windows", "EventData_SignatureStatus": "Valid", "EventData_User": "DESKTOP-P5C3MUD\\user"}
{"Provider_Name": "Microsoft-Windows-Sysmon", "Provider_Guid": "{5770385f-c22a-43e0-bf4c-06f5698ffbd9}", "Provider": null, "EventID_Qualifiers": "", "EventID": "7", "Version": "3", "Level": "4", "Task": "7", "Opcode": "0", "Keywords": "0x8000000000000000", "TimeCreated_SystemTime": "2023-09-27 07:08:16.239916", "TimeCreated": null, "EventRecordID": "31703", "Correlation_ActivityID": "", "Correlation_RelatedActivityID": "", "Correlation": null, "Execution_ProcessID": "3368", "Execution_ThreadID": "3332", "Execution": null, "Channel": "Microsoft-Windows-Sysmon/Operational", "Computer": "DESKTOP-P5C3MUD", "Security_UserID": "S-1-5-18", "Security": null, "EventData_RuleName": "-", "EventData_UtcTime": "2023-09-27 07:08:16.233", "EventData_ProcessGuid": "{4557fbaa-d4e0-6513-c301-000000000e00}", "EventData_ProcessId": "1088", "EventData_Image": "E:\\Experiment\\Windows Hacker Attack Program\\5\\\u5feb\u901f\u542f\u52a8\u76ee\u5f55\\AutoRun_Startup_Test.exe", "EventData_ImageLoaded": "C:\\Windows\\SysWOW64\\combase.dll", "EventData_FileVersion": "10.0.19041.3393 (WinBuild.160101.0800)", "EventData_Description": "Microsoft COM for Windows", "EventData_Product": "Microsoft\u00ae Windows\u00ae Operating System", "EventData_Company": "Microsoft Corporation", "EventData_OriginalFileName": "COMBASE.DLL", "EventData_Hashes": "SHA1=1F2DE3557C29229C2616FBDF8E559FAEB0ECBC22,MD5=63A2251530E8F9331D7A4992C84BE114,SHA256=B2370A72F174E476823DF62180380428287554FE7105B0F5FC59F4CD2D1DBEA9,IMPHASH=0E7DBCDD9169F88354984E1C8B8310BD", "EventData_Signed": "true", "EventData_Signature": "Microsoft Windows", "EventData_SignatureStatus": "Valid", "EventData_User": "DESKTOP-P5C3MUD\\user"}
{"Provider_Name": "Microsoft-Windows-Sysmon", "Provider_Guid": "{5770385f-c22a-43e0-bf4c-06f5698ffbd9}", "Provider": null, "EventID_Qualifiers": "", "EventID": "7", "Version": "3", "Level": "4", "Task": "7", "Opcode": "0", "Keywords": "0x8000000000000000", "TimeCreated_SystemTime": "2023-09-27 07:08:16.243603", "TimeCreated": null, "EventRecordID": "31704", "Correlation_ActivityID": "", "Correlation_RelatedActivityID": "", "Correlation": null, "Execution_ProcessID": "3368", "Execution_ThreadID": "3332", "Execution": null, "Channel": "Microsoft-Windows-Sysmon/Operational", "Computer": "DESKTOP-P5C3MUD", "Security_UserID": "S-1-5-18", "Security": null, "EventData_RuleName": "-", "EventData_UtcTime": "2023-09-27 07:08:16.233", "EventData_ProcessGuid": "{4557fbaa-d4e0-6513-c301-000000000e00}", "EventData_ProcessId": "1088", "EventData_Image": "E:\\Experiment\\Windows Hacker Attack Program\\5\\\u5feb\u901f\u542f\u52a8\u76ee\u5f55\\AutoRun_Startup_Test.exe", "EventData_ImageLoaded": "C:\\Windows\\SysWOW64\\rpcrt4.dll", "EventData_FileVersion": "10.0.19041.3448 (WinBuild.160101.0800)", "EventData_Description": "Remote Procedure Call Runtime", "EventData_Product": "Microsoft\u00ae Windows\u00ae Operating System", "EventData_Company": "Microsoft Corporation", "EventData_OriginalFileName": "rpcrt4.dll", "EventData_Hashes": "SHA1=A86C6B7883654CDB2D6B446B84C749293B40E27A,MD5=D9A3FD4E06F4BB6005BEF228A9BC08D7,SHA256=8E4F558FC90B69911E72E3F7018065C7AAD748F14B7FBA08E8B33895342BF055,IMPHASH=D37A3BA972D11ECDBBDCA2130202D5AC", "EventData_Signed": "true", "EventData_Signature": "Microsoft Windows", "EventData_SignatureStatus": "Valid", "EventData_User": "DESKTOP-P5C3MUD\\user"}
{"Provider_Name": "Microsoft-Windows-Sysmon", "Provider_Guid": "{5770385f-c22a-43e0-bf4c-06f5698ffbd9}", "Provider": null, "EventID_Qualifiers": "", "EventID": "7", "Version": "3", "Level": "4", "Task": "7", "Opcode": "0", "Keywords": "0x8000000000000000", "TimeCreated_SystemTime": "2023-09-27 07:08:16.247622", "TimeCreated": null, "EventRecordID": "31705", "Correlation_ActivityID": "", "Correlation_RelatedActivityID": "", "Correlation": null, "Execution_ProcessID": "3368", "Execution_ThreadID": "888", "Execution": null, "Channel": "Microsoft-Windows-Sysmon/Operational", "Computer": "DESKTOP-P5C3MUD", "Security_UserID": "S-1-5-18", "Security": null, "EventData_RuleName": "-", "EventData_UtcTime": "2023-09-27 07:08:16.233", "EventData_ProcessGuid": "{4557fbaa-d4e0-6513-c301-000000000e00}", "EventData_ProcessId": "1088", "EventData_Image": "E:\\Experiment\\Windows Hacker Attack Program\\5\\\u5feb\u901f\u542f\u52a8\u76ee\u5f55\\AutoRun_Startup_Test.exe", "EventData_ImageLoaded": "C:\\Windows\\SysWOW64\\wldp.dll", "EventData_FileVersion": "10.0.19041.3208 (WinBuild.160101.0800)", "EventData_Description": "Windows Lockdown Policy", "EventData_Product": "Microsoft\u00ae Windows\u00ae Operating System", "EventData_Company": "Microsoft Corporation", "EventData_OriginalFileName": "wldp.dll", "EventData_Hashes": "SHA1=ED5DC9EAEBF7DA28B441CCEBE2D643E9F9BBAD5A,MD5=841FEF896DA6602DC0A520E6F09B2F0C,SHA256=B0AE347B04037F0AE4EDE6616547C43ACD3F17EFF9D388779BAD261CB0637240,IMPHASH=99B6689EF11C269D31558670C853EC43", "EventData_Signed": "true", "EventData_Signature": "Microsoft Windows", "EventData_SignatureStatus": "Valid", "EventData_User": "DESKTOP-P5C3MUD\\user"}
{"Provider_Name": "Microsoft-Windows-Sysmon", "Provider_Guid": "{5770385f-c22a-43e0-bf4c-06f5698ffbd9}", "Provider": null, "EventID_Qualifiers": "", "EventID": "7", "Version": "3", "Level": "4", "Task": "7", "Opcode": "0", "Keywords": "0x8000000000000000", "TimeCreated_SystemTime": "2023-09-27 07:08:16.248503", "TimeCreated": null, "EventRecordID": "31706", "Correlation_ActivityID": "", "Correlation_RelatedActivityID": "", "Correlation": null, "Execution_ProcessID": "3368", "Execution_ThreadID": "3332", "Execution": null, "Channel": "Microsoft-Windows-Sysmon/Operational", "Computer": "DESKTOP-P5C3MUD", "Security_UserID": "S-1-5-18", "Security": null, "EventData_RuleName": "-", "EventData_UtcTime": "2023-09-27 07:08:16.233", "EventData_ProcessGuid": "{4557fbaa-d4e0-6513-c301-000000000e00}", "EventData_ProcessId": "1088", "EventData_Image": "E:\\Experiment\\Windows Hacker Attack Program\\5\\\u5feb\u901f\u542f\u52a8\u76ee\u5f55\\AutoRun_Startup_Test.exe", "EventData_ImageLoaded": "C:\\Windows\\SysWOW64\\msvcrt.dll", "EventData_FileVersion": "7.0.19041.546 (WinBuild.160101.0800)", "EventData_Description": "Windows NT CRT DLL", "EventData_Product": "Microsoft\u00ae Windows\u00ae Operating System", "EventData_Company": "Microsoft Corporation", "EventData_OriginalFileName": "msvcrt.dll", "EventData_Hashes": "SHA1=E75752978EDC470752DE9627A498794393C3B8EB,MD5=0DAA0D9DC786F95C8DC2CCC0221B2863,SHA256=279A03ACC810C1FE613BE283EB24762F0451DA9A6142ED3DC996A1D10FE2F692,IMPHASH=C3F466EF7F4926CB29A80701AE643FD4", "EventData_Signed": "true", "EventData_Signature": "Microsoft Windows", "EventData_SignatureStatus": "Valid", "EventData_User": "DESKTOP-P5C3MUD\\user"}
{"Provider_Name": "Microsoft-Windows-Sysmon", "Provider_Guid": "{5770385f-c22a-43e0-bf4c-06f5698ffbd9}", "Provider": null, "EventID_Qualifiers": "", "EventID": "7", "Version": "3", "Level": "4", "Task": "7", "Opcode": "0", "Keywords": "0x8000000000000000", "TimeCreated_SystemTime": "2023-09-27 07:08:16.251171", "TimeCreated": null, "EventRecordID": "31707", "Correlation_ActivityID": "", "Correlation_RelatedActivityID": "", "Correlation": null, "Execution_ProcessID": "3368", "Execution_ThreadID": "3332", "Execution": null, "Channel": "Microsoft-Windows-Sysmon/Operational", "Computer": "DESKTOP-P5C3MUD", "Security_UserID": "S-1-5-18", "Security": null, "EventData_RuleName": "-", "EventData_UtcTime": "2023-09-27 07:08:16.248", "EventData_ProcessGuid": "{4557fbaa-d4e0-6513-c301-000000000e00}", "EventData_ProcessId": "1088", "EventData_Image": "E:\\Experiment\\Windows Hacker Attack Program\\5\\\u5feb\u901f\u542f\u52a8\u76ee\u5f55\\AutoRun_Startup_Test.exe", "EventData_ImageLoaded": "C:\\Windows\\SysWOW64\\advapi32.dll", "EventData_FileVersion": "10.0.19041.3393 (WinBuild.160101.0800)", "EventData_Description": "Advanced Windows 32 Base API", "EventData_Product": "Microsoft\u00ae Windows\u00ae Operating System", "EventData_Company": "Microsoft Corporation", "EventData_OriginalFileName": "advapi32.dll", "EventData_Hashes": "SHA1=8AAD79A15A9A9DB4D315D8F7BC5D5FEA4203CA19,MD5=C479670B9CE1222FB7D086F38A86BC72,SHA256=45AF83A132CB37B6B9889A19813CCC61E96C3A21BB9DECBF99F6E804B11A884E,IMPHASH=B886D4EB85E07CE2A0E3D5AAE97C54C9", "EventData_Signed": "true", "EventData_Signature": "Microsoft Windows", "EventData_SignatureStatus": "Valid", "EventData_User": "DESKTOP-P5C3MUD\\user"}
{"Provider_Name": "Microsoft-Windows-Sysmon", "Provider_Guid": "{5770385f-c22a-43e0-bf4c-06f5698ffbd9}", "Provider": null, "EventID_Qualifiers": "", "EventID": "7", "Version": "3", "Level": "4", "Task": "7", "Opcode": "0", "Keywords": "0x8000000000000000", "TimeCreated_SystemTime": "2023-09-27 07:08:16.253561", "TimeCreated": null, "EventRecordID": "31708", "Correlation_ActivityID": "", "Correlation_RelatedActivityID": "", "Correlation": null, "Execution_ProcessID": "3368", "Execution_ThreadID": "3332", "Execution": null, "Channel": "Microsoft-Windows-Sysmon/Operational", "Computer": "DESKTOP-P5C3MUD", "Security_UserID": "S-1-5-18", "Security": null, "EventData_RuleName": "-", "EventData_UtcTime": "2023-09-27 07:08:16.248", "EventData_ProcessGuid": "{4557fbaa-d4e0-6513-c301-000000000e00}", "EventData_ProcessId": "1088", "EventData_Image": "E:\\Experiment\\Windows Hacker Attack Program\\5\\\u5feb\u901f\u542f\u52a8\u76ee\u5f55\\AutoRun_Startup_Test.exe", "EventData_ImageLoaded": "C:\\Windows\\SysWOW64\\sechost.dll", "EventData_FileVersion": "10.0.19041.3393 (WinBuild.160101.0800)", "EventData_Description": "Host for SCM/SDDL/LSA Lookup APIs", "EventData_Product": "Microsoft\u00ae Windows\u00ae Operating System", "EventData_Company": "Microsoft Corporation", "EventData_OriginalFileName": "sechost.dll", "EventData_Hashes": "SHA1=4BF3AF6916AC2F751867ED198E07FB242297728A,MD5=DAEFADA813D2869856F1AF0225B1E906,SHA256=E1AC2D4AC069E3F98EFD1B377410F0D23154C288E2DE780FA69DB0233C689290,IMPHASH=938E7EF741C79C98B2F57128B2F6C3CB", "EventData_Signed": "true", "EventData_Signature": "Microsoft Windows", "EventData_SignatureStatus": "Valid", "EventData_User": "DESKTOP-P5C3MUD\\user"}
{"Provider_Name": "Microsoft-Windows-Sysmon", "Provider_Guid": "{5770385f-c22a-43e0-bf4c-06f5698ffbd9}", "Provider": null, "EventID_Qualifiers": "", "EventID": "7", "Version": "3", "Level": "4", "Task": "7", "Opcode": "0", "Keywords": "0x8000000000000000", "TimeCreated_SystemTime": "2023-09-27 07:08:16.257895", "TimeCreated": null, "EventRecordID": "31709", "Correlation_ActivityID": "", "Correlation_RelatedActivityID": "", "Correlation": null, "Execution_ProcessID": "3368", "Execution_ThreadID": "3332", "Execution": null, "Channel": "Microsoft-Windows-Sysmon/Operational", "Computer": "DESKTOP-P5C3MUD", "Security_UserID": "S-1-5-18", "Security": null, "EventData_RuleName": "-", "EventData_UtcTime": "2023-09-27 07:08:16.248", "EventData_ProcessGuid": "{4557fbaa-d4e0-6513-c301-000000000e00}", "EventData_ProcessId": "1088", "EventData_Image": "E:\\Experiment\\Windows Hacker Attack Program\\5\\\u5feb\u901f\u542f\u52a8\u76ee\u5f55\\AutoRun_Startup_Test.exe", "EventData_ImageLoaded": "C:\\Windows\\SysWOW64\\SHCore.dll", "EventData_FileVersion": "10.0.19041.1645 (WinBuild.160101.0800)", "EventData_Description": "SHCORE", "EventData_Product": "Microsoft\u00ae Windows\u00ae Operating System", "EventData_Company": "Microsoft Corporation", "EventData_OriginalFileName": "SHCORE.dll", "EventData_Hashes": "SHA1=250DBB0FBDA2BFB4E03AFCB4C07C22B4AF1EECD9,MD5=2CE82BD239A502E5317D78978FCE3671,SHA256=66B6F29A092AB5B20DB60BD19F27816022F1775526B8E8848A4033DB80CA316A,IMPHASH=0DDCDD6020D74CA7555FB0D07CFD262B", "EventData_Signed": "true", "EventData_Signature": "Microsoft Windows", "EventData_SignatureStatus": "Valid", "EventData_User": "DESKTOP-P5C3MUD\\user"}
{"Provider_Name": "Microsoft-Windows-Sysmon", "Provider_Guid": "{5770385f-c22a-43e0-bf4c-06f5698ffbd9}", "Provider": null, "EventID_Qualifiers": "", "EventID": "7", "Version": "3", "Level": "4", "Task": "7", "Opcode": "0", "Keywords": "0x8000000000000000", "TimeCreated_SystemTime": "2023-09-27 07:08:16.259851", "TimeCreated": null, "EventRecordID": "31710", "Correlation_ActivityID": "", "Correlation_RelatedActivityID": "", "Correlation": null, "Execution_ProcessID": "3368", "Execution_ThreadID": "3332", "Execution": null, "Channel": "Microsoft-Windows-Sysmon/Operational", "Computer": "DESKTOP-P5C3MUD", "Security_UserID": "S-1-5-18", "Security": null, "EventData_RuleName": "-", "EventData_UtcTime": "2023-09-27 07:08:16.248", "EventData_ProcessGuid": "{4557fbaa-d4e0-6513-c301-000000000e00}", "EventData_ProcessId": "1088", "EventData_Image": "E:\\Experiment\\Windows Hacker Attack Program\\5\\\u5feb\u901f\u542f\u52a8\u76ee\u5f55\\AutoRun_Startup_Test.exe", "EventData_ImageLoaded": "C:\\Windows\\SysWOW64\\shlwapi.dll", "EventData_FileVersion": "10.0.19041.2075 (WinBuild.160101.0800)", "EventData_Description": "Shell Light-weight Utility Library", "EventData_Product": "Microsoft\u00ae Windows\u00ae Operating System", "EventData_Company": "Microsoft Corporation", "EventData_OriginalFileName": "SHLWAPI.DLL", "EventData_Hashes": "SHA1=EAB534D9FDF75EB3C08C026BB31FE423197F9CB6,MD5=AA94E5E3B47AF0B801CEA20185DC735E,SHA256=7DD506B7C39A12A383ED6B0F2F5C5ECE8E406893DCC4B877869AC4C1A8266D11,IMPHASH=69D5E7624245207078FE54B3CC3D1AC0", "EventData_Signed": "true", "EventData_Signature": "Microsoft Windows", "EventData_SignatureStatus": "Valid", "EventData_User": "DESKTOP-P5C3MUD\\user"}
{"Provider_Name": "Microsoft-Windows-Sysmon", "Provider_Guid": "{5770385f-c22a-43e0-bf4c-06f5698ffbd9}", "Provider": null, "EventID_Qualifiers": "", "EventID": "7", "Version": "3", "Level": "4", "Task": "7", "Opcode": "0", "Keywords": "0x8000000000000000", "TimeCreated_SystemTime": "2023-09-27 07:08:16.261787", "TimeCreated": null, "EventRecordID": "31711", "Correlation_ActivityID": "", "Correlation_RelatedActivityID": "", "Correlation": null, "Execution_ProcessID": "3368", "Execution_ThreadID": "3332", "Execution": null, "Channel": "Microsoft-Windows-Sysmon/Operational", "Computer": "DESKTOP-P5C3MUD", "Security_UserID": "S-1-5-18", "Security": null, "EventData_RuleName": "-", "EventData_UtcTime": "2023-09-27 07:08:16.248", "EventData_ProcessGuid": "{4557fbaa-d4e0-6513-c301-000000000e00}", "EventData_ProcessId": "1088", "EventData_Image": "E:\\Experiment\\Windows Hacker Attack Program\\5\\\u5feb\u901f\u542f\u52a8\u76ee\u5f55\\AutoRun_Startup_Test.exe", "EventData_ImageLoaded": "C:\\Windows\\SysWOW64\\profapi.dll", "EventData_FileVersion": "10.0.19041.3155 (WinBuild.160101.0800)", "EventData_Description": "User Profile Basic API", "EventData_Product": "Microsoft\u00ae Windows\u00ae Operating System", "EventData_Company": "Microsoft Corporation", "EventData_OriginalFileName": "PROFAPI.DLL", "EventData_Hashes": "SHA1=A65F97117ABBA896D9976235E889BC0B51F894F9,MD5=138BE4F918828D5F07097355AED511E2,SHA256=351A99B44BF2135F4839BC38811F1EBF036381637C13BD380505B39E9AC50B61,IMPHASH=9316C5657859E2CD478276DF8244B5E4", "EventData_Signed": "true", "EventData_Signature": "Microsoft Windows", "EventData_SignatureStatus": "Valid", "EventData_User": "DESKTOP-P5C3MUD\\user"}
{"Provider_Name": "Microsoft-Windows-Sysmon", "Provider_Guid": "{5770385f-c22a-43e0-bf4c-06f5698ffbd9}", "Provider": null, "EventID_Qualifiers": "", "EventID": "11", "Version": "2", "Level": "4", "Task": "11", "Opcode": "0", "Keywords": "0x8000000000000000", "TimeCreated_SystemTime": "2023-09-27 07:08:16.262699", "TimeCreated": null, "EventRecordID": "31712", "Correlation_ActivityID": "", "Correlation_RelatedActivityID": "", "Correlation": null, "Execution_ProcessID": "3368", "Execution_ThreadID": "3332", "Execution": null, "Channel": "Microsoft-Windows-Sysmon/Operational", "Computer": "DESKTOP-P5C3MUD", "Security_UserID": "S-1-5-18", "Security": null, "EventData_RuleName": "-", "EventData_UtcTime": "2023-09-27 07:08:16.248", "EventData_ProcessGuid": "{4557fbaa-d4e0-6513-c301-000000000e00}", "EventData_ProcessId": "1088", "EventData_Image": "E:\\Experiment\\Windows Hacker Attack Program\\5\\\u5feb\u901f\u542f\u52a8\u76ee\u5f55\\AutoRun_Startup_Test.exe", "EventData_TargetFilename": "C:\\Users\\user\\AppData\\Roaming\\Microsoft\\Windows\\Start Menu\\Programs\\Startup\\520.exe", "EventData_CreationUtcTime": "2023-09-27 07:08:16.248", "EventData_User": "DESKTOP-P5C3MUD\\user"}
{"Provider_Name": "Microsoft-Windows-Sysmon", "Provider_Guid": "{5770385f-c22a-43e0-bf4c-06f5698ffbd9}", "Provider": null, "EventID_Qualifiers": "", "EventID": "7", "Version": "3", "Level": "4", "Task": "7", "Opcode": "0", "Keywords": "0x8000000000000000", "TimeCreated_SystemTime": "2023-09-27 07:08:16.263268", "TimeCreated": null, "EventRecordID": "31713", "Correlation_ActivityID": "", "Correlation_RelatedActivityID": "", "Correlation": null, "Execution_ProcessID": "3368", "Execution_ThreadID": "3332", "Execution": null, "Channel": "Microsoft-Windows-Sysmon/Operational", "Computer": "DESKTOP-P5C3MUD", "Security_UserID": "S-1-5-18", "Security": null, "EventData_RuleName": "-", "EventData_UtcTime": "2023-09-27 07:08:16.248", "EventData_ProcessGuid": "{4557fbaa-d4e0-6513-c301-000000000e00}", "EventData_ProcessId": "1088", "EventData_Image": "E:\\Experiment\\Windows Hacker Attack Program\\5\\\u5feb\u901f\u542f\u52a8\u76ee\u5f55\\AutoRun_Startup_Test.exe", "EventData_ImageLoaded": "C:\\Windows\\SysWOW64\\ntmarta.dll", "EventData_FileVersion": "10.0.19041.546 (WinBuild.160101.0800)", "EventData_Description": "Windows NT MARTA provider", "EventData_Product": "Microsoft\u00ae Windows\u00ae Operating System", "EventData_Company": "Microsoft Corporation", "EventData_OriginalFileName": "ntmarta.dll", "EventData_Hashes": "SHA1=20A9C589317B498A9F449CE9A1A8211B37D26238,MD5=561C94B404A32DF9F41B7A9500855BFF,SHA256=9E6B8D53EA68A6199E30F85BE720BAB7C31C9B1DFB451E2D280D8033B50D0085,IMPHASH=3E5BAEBFCE82E676843228A19BC7AF54", "EventData_Signed": "true", "EventData_Signature": "Microsoft Windows", "EventData_SignatureStatus": "Valid", "EventData_User": "DESKTOP-P5C3MUD\\user"}
{"Provider_Name": "Microsoft-Windows-Sysmon", "Provider_Guid": "{5770385f-c22a-43e0-bf4c-06f5698ffbd9}", "Provider": null, "EventID_Qualifiers": "", "EventID": "10", "Version": "3", "Level": "4", "Task": "10", "Opcode": "0", "Keywords": "0x8000000000000000", "TimeCreated_SystemTime": "2023-09-27 07:08:16.264866", "TimeCreated": null, "EventRecordID": "31714", "Correlation_ActivityID": "", "Correlation_RelatedActivityID": "", "Correlation": null, "Execution_ProcessID": "3368", "Execution_ThreadID": "3332", "Execution": null, "Channel": "Microsoft-Windows-Sysmon/Operational", "Computer": "DESKTOP-P5C3MUD", "Security_UserID": "S-1-5-18", "Security": null, "EventData_RuleName": "-", "EventData_UtcTime": "2023-09-27 07:08:16.264", "EventData_SourceProcessGUID": "{4557fbaa-cea9-6513-0a01-000000000e00}", "EventData_SourceProcessId": "8484", "EventData_SourceThreadId": "2384", "EventData_SourceImage": "C:\\Windows\\system32\\svchost.exe", "EventData_TargetProcessGUID": "{4557fbaa-d4e0-6513-c501-000000000e00}", "EventData_TargetProcessId": "9356", "EventData_TargetImage": "C:\\Windows\\SysWOW64\\cmd.exe", "EventData_GrantedAccess": "0x001fffff", "EventData_CallTrace": "C:\\Windows\\SYSTEM32\\ntdll.dll+9d314|C:\\Windows\\System32\\KERNELBASE.dll+308ee|c:\\windows\\system32\\pcasvc.dll+bd07|c:\\windows\\system32\\pcasvc.dll+cca6|c:\\windows\\system32\\pcasvc.dll+115ed|C:\\Windows\\System32\\KERNEL32.DLL+17344|C:\\Windows\\SYSTEM32\\ntdll.dll+526b1", "EventData_SourceUser": "NT AUTHORITY\\SYSTEM", "EventData_TargetUser": "DESKTOP-P5C3MUD\\user"}
{"Provider_Name": "Microsoft-Windows-Sysmon", "Provider_Guid": "{5770385f-c22a-43e0-bf4c-06f5698ffbd9}", "Provider": null, "EventID_Qualifiers": "", "EventID": "13", "Version": "2", "Level": "4", "Task": "13", "Opcode": "0", "Keywords": "0x8000000000000000", "TimeCreated_SystemTime": "2023-09-27 07:08:16.267885", "TimeCreated": null, "EventRecordID": "31715", "Correlation_ActivityID": "", "Correlation_RelatedActivityID": "", "Correlation": null, "Execution_ProcessID": "3368", "Execution_ThreadID": "3332", "Execution": null, "Channel": "Microsoft-Windows-Sysmon/Operational", "Computer": "DESKTOP-P5C3MUD", "Security_UserID": "S-1-5-18", "Security": null, "EventData_RuleName": "-", "EventData_EventType": "SetValue", "EventData_UtcTime": "2023-09-27 07:08:16.264", "EventData_ProcessGuid": "{4557fbaa-d4e0-6513-c301-000000000e00}", "EventData_ProcessId": "1088", "EventData_Image": "E:\\Experiment\\Windows Hacker Attack Program\\5\\\u5feb\u901f\u542f\u52a8\u76ee\u5f55\\AutoRun_Startup_Test.exe", "EventData_TargetObject": "HKLM\\System\\CurrentControlSet\\Services\\bam\\State\\UserSettings\\S-1-5-21-2994737283-653069417-2221972583-1001\\\\Device\\HarddiskVolume3\\Windows\\SysWOW64\\cmd.exe", "EventData_Details": "Binary Data", "EventData_User": "DESKTOP-P5C3MUD\\user"}
{"Provider_Name": "Microsoft-Windows-Sysmon", "Provider_Guid": "{5770385f-c22a-43e0-bf4c-06f5698ffbd9}", "Provider": null, "EventID_Qualifiers": "", "EventID": "1", "Version": "5", "Level": "4", "Task": "1", "Opcode": "0", "Keywords": "0x8000000000000000", "TimeCreated_SystemTime": "2023-09-27 07:08:16.269411", "TimeCreated": null, "EventRecordID": "31716", "Correlation_ActivityID": "", "Correlation_RelatedActivityID": "", "Correlation": null, "Execution_ProcessID": "3368", "Execution_ThreadID": "3332", "Execution": null, "Channel": "Microsoft-Windows-Sysmon/Operational", "Computer": "DESKTOP-P5C3MUD", "Security_UserID": "S-1-5-18", "Security": null, "EventData_RuleName": "-", "EventData_UtcTime": "2023-09-27 07:08:16.264", "EventData_ProcessGuid": "{4557fbaa-d4e0-6513-c501-000000000e00}", "EventData_ProcessId": "9356", "EventData_Image": "C:\\Windows\\SysWOW64\\cmd.exe", "EventData_FileVersion": "10.0.19041.746 (WinBuild.160101.0800)", "EventData_Description": "Windows Command Processor", "EventData_Product": "Microsoft\u00ae Windows\u00ae Operating System", "EventData_Company": "Microsoft Corporation", "EventData_OriginalFileName": "Cmd.Exe", "EventData_CommandLine": "C:\\Windows\\system32\\cmd.exe /c pause", "EventData_CurrentDirectory": "E:\\Experiment\\Windows Hacker Attack Program\\5\\\u5feb\u901f\u542f\u52a8\u76ee\u5f55\\", "EventData_User": "DESKTOP-P5C3MUD\\user", "EventData_LogonGuid": "{4557fbaa-ce34-6513-c877-070000000000}", "EventData_LogonId": "0x00000000000777c8", "EventData_TerminalSessionId": "1", "EventData_IntegrityLevel": "High", "EventData_Hashes": "SHA1=4048488DE6BA4BFEF9EDF103755519F1F762668F,MD5=D0FCE3AFA6AA1D58CE9FA336CC2B675B,SHA256=4D89FC34D5F0F9BABD022271C585A9477BF41E834E46B991DEAA0530FDB25E22,IMPHASH=392B4D61B1D1DADC1F06444DF258188A", "EventData_ParentProcessGuid": "{4557fbaa-d4e0-6513-c301-000000000e00}", "EventData_ParentProcessId": "1088", "EventData_ParentImage": "E:\\Experiment\\Windows Hacker Attack Program\\5\\\u5feb\u901f\u542f\u52a8\u76ee\u5f55\\AutoRun_Startup_Test.exe", "EventData_ParentCommandLine": "\"E:\\Experiment\\Windows Hacker Attack Program\\5\\\u5feb\u901f\u542f\u52a8\u76ee\u5f55\\AutoRun_Startup_Test.exe\" ", "EventData_ParentUser": "DESKTOP-P5C3MUD\\user"}
{"Provider_Name": "Microsoft-Windows-Sysmon", "Provider_Guid": "{5770385f-c22a-43e0-bf4c-06f5698ffbd9}", "Provider": null, "EventID_Qualifiers": "", "EventID": "10", "Version": "3", "Level": "4", "Task": "10", "Opcode": "0", "Keywords": "0x8000000000000000", "TimeCreated_SystemTime": "2023-09-27 07:08:16.269449", "TimeCreated": null, "EventRecordID": "31717", "Correlation_ActivityID": "", "Correlation_RelatedActivityID": "", "Correlation": null, "Execution_ProcessID": "3368", "Execution_ThreadID": "3332", "Execution": null, "Channel": "Microsoft-Windows-Sysmon/Operational", "Computer": "DESKTOP-P5C3MUD", "Security_UserID": "S-1-5-18", "Security": null, "EventData_RuleName": "-", "EventData_UtcTime": "2023-09-27 07:08:16.264", "EventData_SourceProcessGUID": "{4557fbaa-d4e0-6513-c301-000000000e00}", "EventData_SourceProcessId": "1088", "EventData_SourceThreadId": "9112", "EventData_SourceImage": "E:\\Experiment\\Windows Hacker Attack Program\\5\\\u5feb\u901f\u542f\u52a8\u76ee\u5f55\\AutoRun_Startup_Test.exe", "EventData_TargetProcessGUID": "{4557fbaa-d48e-6513-a901-000000000e00}", "EventData_TargetProcessId": "9356", "EventData_TargetImage": "C:\\Windows\\SysWOW64\\cmd.exe", "EventData_GrantedAccess": "0x001fffff", "EventData_CallTrace": "C:\\Windows\\SYSTEM32\\ntdll.dll+9e764|C:\\Windows\\System32\\wow64.dll+117f9|C:\\Windows\\System32\\wow64.dll+10fd0|C:\\Windows\\System32\\wow64.dll+90da|C:\\Windows\\System32\\wow64cpu.dll+17c3|C:\\Windows\\System32\\wow64cpu.dll+11b9|C:\\Windows\\System32\\wow64.dll+3989|C:\\Windows\\System32\\wow64.dll+337d|C:\\Windows\\SYSTEM32\\ntdll.dll+d35e1|C:\\Windows\\SYSTEM32\\ntdll.dll+74dbb|C:\\Windows\\SYSTEM32\\ntdll.dll+74c43|C:\\Windows\\SYSTEM32\\ntdll.dll+74bee|C:\\Windows\\SYSTEM32\\ntdll.dll+736ec(wow64)|C:\\Windows\\System32\\KERNELBASE.dll+106b64(wow64)|C:\\Windows\\System32\\KERNELBASE.dll+105e6c(wow64)|E:\\Experiment\\Windows Hacker Attack Program\\5\\\u5feb\u901f\u542f\u52a8\u76ee\u5f55\\AutoRun_Startup_Test.exe+ff30b|E:\\Experiment\\Windows Hacker Attack Program\\5\\\u5feb\u901f\u542f\u52a8\u76ee\u5f55\\AutoRun_Startup_Test.exe+dcca6|E:\\Experiment\\Windows Hacker Attack Program\\5\\\u5feb\u901f\u542f\u52a8\u76ee\u5f55\\AutoRun_Startup_Test.exe+dd06b|E:\\Experiment\\Windows Hacker Attack Program\\5\\\u5feb\u901f\u542f\u52a8\u76ee\u5f55\\AutoRun_Startup_Test.exe+dc081|E:\\Experiment\\Windows Hacker Attack Program\\5\\\u5feb\u901f\u542f\u52a8\u76ee\u5f55\\AutoRun_Startup_Test.exe+de47a|E:\\Experiment\\Windows Hacker Attack Program\\5\\\u5feb\u901f\u542f\u52a8\u76ee\u5f55\\AutoRun_Startup_Test.exe+b99d0|E:\\Experiment\\Windows Hacker Attack Program\\5\\\u5feb\u901f\u542f\u52a8\u76ee\u5f55\\AutoRun_Startup_Test.exe+b94b4|E:\\Experiment\\Windows Hacker Attack Program\\5\\\u5feb\u901f\u542f\u52a8\u76ee\u5f55\\AutoRun_Startup_Test.exe+b9c1e|E:\\Experiment\\Windows Hacker Attack Program\\5\\\u5feb\u901f\u542f\u52a8\u76ee\u5f55\\AutoRun_Startup_Test.exe+6220b", "EventData_SourceUser": "DESKTOP-P5C3MUD\\user", "EventData_TargetUser": "DESKTOP-P5C3MUD\\user"}
{"Provider_Name": "Microsoft-Windows-Sysmon", "Provider_Guid": "{5770385f-c22a-43e0-bf4c-06f5698ffbd9}", "Provider": null, "EventID_Qualifiers": "", "EventID": "10", "Version": "3", "Level": "4", "Task": "10", "Opcode": "0", "Keywords": "0x8000000000000000", "TimeCreated_SystemTime": "2023-09-27 07:08:16.270853", "TimeCreated": null, "EventRecordID": "31718", "Correlation_ActivityID": "", "Correlation_RelatedActivityID": "", "Correlation": null, "Execution_ProcessID": "3368", "Execution_ThreadID": "3332", "Execution": null, "Channel": "Microsoft-Windows-Sysmon/Operational", "Computer": "DESKTOP-P5C3MUD", "Security_UserID": "S-1-5-18", "Security": null, "EventData_RuleName": "-", "EventData_UtcTime": "2023-09-27 07:08:16.264", "EventData_SourceProcessGUID": "{4557fbaa-ce2f-6513-0900-000000000e00}", "EventData_SourceProcessId": "600", "EventData_SourceThreadId": "940", "EventData_SourceImage": "C:\\Windows\\system32\\csrss.exe", "EventData_TargetProcessGUID": "{4557fbaa-d48e-6513-a901-000000000e00}", "EventData_TargetProcessId": "9356", "EventData_TargetImage": "C:\\Windows\\SysWOW64\\cmd.exe", "EventData_GrantedAccess": "0x001fffff", "EventData_CallTrace": "C:\\Windows\\SYSTEM32\\ntdll.dll+9d314|C:\\Windows\\system32\\basesrv.DLL+326f|C:\\Windows\\SYSTEM32\\CSRSRV.dll+6490|C:\\Windows\\SYSTEM32\\ntdll.dll+526bf", "EventData_SourceUser": "NT AUTHORITY\\SYSTEM", "EventData_TargetUser": "DESKTOP-P5C3MUD\\user"}
{"Provider_Name": "Microsoft-Windows-Sysmon", "Provider_Guid": "{5770385f-c22a-43e0-bf4c-06f5698ffbd9}", "Provider": null, "EventID_Qualifiers": "", "EventID": "7", "Version": "3", "Level": "4", "Task": "7", "Opcode": "0", "Keywords": "0x8000000000000000", "TimeCreated_SystemTime": "2023-09-27 07:08:16.271658", "TimeCreated": null, "EventRecordID": "31719", "Correlation_ActivityID": "", "Correlation_RelatedActivityID": "", "Correlation": null, "Execution_ProcessID": "3368", "Execution_ThreadID": "3332", "Execution": null, "Channel": "Microsoft-Windows-Sysmon/Operational", "Computer": "DESKTOP-P5C3MUD", "Security_UserID": "S-1-5-18", "Security": null, "EventData_RuleName": "-", "EventData_UtcTime": "2023-09-27 07:08:16.264", "EventData_ProcessGuid": "{4557fbaa-d48e-6513-a901-000000000e00}", "EventData_ProcessId": "9356", "EventData_Image": "C:\\Windows\\SysWOW64\\cmd.exe", "EventData_ImageLoaded": "C:\\Windows\\System32\\ntdll.dll", "EventData_FileVersion": "10.0.19041.3393 (WinBuild.160101.0800)", "EventData_Description": "NT Layer DLL", "EventData_Product": "Microsoft\u00ae Windows\u00ae Operating System", "EventData_Company": "Microsoft Corporation", "EventData_OriginalFileName": "ntdll.dll", "EventData_Hashes": "SHA1=8047327CEFB24B1DFA5E1F4965FDB25C3E717642,MD5=62A8F85897022E08D1CCCB2C3AC6C8DE,SHA256=590E0BB26B4A24B0A787C7B8CACED643D8AECFE71140D1BD51A73D5D65B0AF94,IMPHASH=00000000000000000000000000000000", "EventData_Signed": "true", "EventData_Signature": "Microsoft Windows", "EventData_SignatureStatus": "Valid", "EventData_User": "DESKTOP-P5C3MUD\\user"}
{"Provider_Name": "Microsoft-Windows-Sysmon", "Provider_Guid": "{5770385f-c22a-43e0-bf4c-06f5698ffbd9}", "Provider": null, "EventID_Qualifiers": "", "EventID": "7", "Version": "3", "Level": "4", "Task": "7", "Opcode": "0", "Keywords": "0x8000000000000000", "TimeCreated_SystemTime": "2023-09-27 07:08:16.271961", "TimeCreated": null, "EventRecordID": "31720", "Correlation_ActivityID": "", "Correlation_RelatedActivityID": "", "Correlation": null, "Execution_ProcessID": "3368", "Execution_ThreadID": "3332", "Execution": null, "Channel": "Microsoft-Windows-Sysmon/Operational", "Computer": "DESKTOP-P5C3MUD", "Security_UserID": "S-1-5-18", "Security": null, "EventData_RuleName": "-", "EventData_UtcTime": "2023-09-27 07:08:16.264", "EventData_ProcessGuid": "{4557fbaa-d48e-6513-a901-000000000e00}", "EventData_ProcessId": "9356", "EventData_Image": "C:\\Windows\\SysWOW64\\cmd.exe", "EventData_ImageLoaded": "C:\\Windows\\SysWOW64\\ntdll.dll", "EventData_FileVersion": "10.0.19041.3393 (WinBuild.160101.0800)", "EventData_Description": "NT Layer DLL", "EventData_Product": "Microsoft\u00ae Windows\u00ae Operating System", "EventData_Company": "Microsoft Corporation", "EventData_OriginalFileName": "ntdll.dll", "EventData_Hashes": "SHA1=F295D781607346449289253F07DCB1423CAE1BE8,MD5=D813A601075A811B84141782D1B9FAF1,SHA256=98369370E3E0CFD3950B8C2121785C4EADBE621B7BEDD1BDF5B421548EA29AB8,IMPHASH=00000000000000000000000000000000", "EventData_Signed": "true", "EventData_Signature": "Microsoft Windows", "EventData_SignatureStatus": "Valid", "EventData_User": "DESKTOP-P5C3MUD\\user"}
{"Provider_Name": "Microsoft-Windows-Sysmon", "Provider_Guid": "{5770385f-c22a-43e0-bf4c-06f5698ffbd9}", "Provider": null, "EventID_Qualifiers": "", "EventID": "9", "Version": "2", "Level": "4", "Task": "9", "Opcode": "0", "Keywords": "0x8000000000000000", "TimeCreated_SystemTime": "2023-09-27 07:08:16.275991", "TimeCreated": null, "EventRecordID": "31721", "Correlation_ActivityID": "", "Correlation_RelatedActivityID": "", "Correlation": null, "Execution_ProcessID": "3368", "Execution_ThreadID": "3332", "Execution": null, "Channel": "Microsoft-Windows-Sysmon/Operational", "Computer": "DESKTOP-P5C3MUD", "Security_UserID": "S-1-5-18", "Security": null, "EventData_RuleName": "-", "EventData_UtcTime": "2023-09-27 07:08:16.264", "EventData_ProcessGuid": "{4557fbaa-ce24-6513-eb03-000000000000}", "EventData_ProcessId": "4", "EventData_Image": "System", "EventData_Device": "\\Device\\HarddiskVolume3", "EventData_User": "NT AUTHORITY\\SYSTEM"}
{"Provider_Name": "Microsoft-Windows-Sysmon", "Provider_Guid": "{5770385f-c22a-43e0-bf4c-06f5698ffbd9}", "Provider": null, "EventID_Qualifiers": "", "EventID": "9", "Version": "2", "Level": "4", "Task": "9", "Opcode": "0", "Keywords": "0x8000000000000000", "TimeCreated_SystemTime": "2023-09-27 07:08:16.276041", "TimeCreated": null, "EventRecordID": "31722", "Correlation_ActivityID": "", "Correlation_RelatedActivityID": "", "Correlation": null, "Execution_ProcessID": "3368", "Execution_ThreadID": "3332", "Execution": null, "Channel": "Microsoft-Windows-Sysmon/Operational", "Computer": "DESKTOP-P5C3MUD", "Security_UserID": "S-1-5-18", "Security": null, "EventData_RuleName": "-", "EventData_UtcTime": "2023-09-27 07:08:16.264", "EventData_ProcessGuid": "{4557fbaa-ce24-6513-eb03-000000000000}", "EventData_ProcessId": "4", "EventData_Image": "System", "EventData_Device": "\\Device\\HarddiskVolume6", "EventData_User": "NT AUTHORITY\\SYSTEM"}
{"Provider_Name": "Microsoft-Windows-Sysmon", "Provider_Guid": "{5770385f-c22a-43e0-bf4c-06f5698ffbd9}", "Provider": null, "EventID_Qualifiers": "", "EventID": "9", "Version": "2", "Level": "4", "Task": "9", "Opcode": "0", "Keywords": "0x8000000000000000", "TimeCreated_SystemTime": "2023-09-27 07:08:16.276070", "TimeCreated": null, "EventRecordID": "31723", "Correlation_ActivityID": "", "Correlation_RelatedActivityID": "", "Correlation": null, "Execution_ProcessID": "3368", "Execution_ThreadID": "3332", "Execution": null, "Channel": "Microsoft-Windows-Sysmon/Operational", "Computer": "DESKTOP-P5C3MUD", "Security_UserID": "S-1-5-18", "Security": null, "EventData_RuleName": "-", "EventData_UtcTime": "2023-09-27 07:08:16.264", "EventData_ProcessGuid": "{4557fbaa-ce24-6513-eb03-000000000000}", "EventData_ProcessId": "4", "EventData_Image": "System", "EventData_Device": "\\Device\\HarddiskVolume4", "EventData_User": "NT AUTHORITY\\SYSTEM"}
{"Provider_Name": "Microsoft-Windows-Sysmon", "Provider_Guid": "{5770385f-c22a-43e0-bf4c-06f5698ffbd9}", "Provider": null, "EventID_Qualifiers": "", "EventID": "9", "Version": "2", "Level": "4", "Task": "9", "Opcode": "0", "Keywords": "0x8000000000000000", "TimeCreated_SystemTime": "2023-09-27 07:08:16.276100", "TimeCreated": null, "EventRecordID": "31724", "Correlation_ActivityID": "", "Correlation_RelatedActivityID": "", "Correlation": null, "Execution_ProcessID": "3368", "Execution_ThreadID": "3332", "Execution": null, "Channel": "Microsoft-Windows-Sysmon/Operational", "Computer": "DESKTOP-P5C3MUD", "Security_UserID": "S-1-5-18", "Security": null, "EventData_RuleName": "-", "EventData_UtcTime": "2023-09-27 07:08:16.264", "EventData_ProcessGuid": "{4557fbaa-ce24-6513-eb03-000000000000}", "EventData_ProcessId": "4", "EventData_Image": "System", "EventData_Device": "\\Device\\HarddiskVolume1", "EventData_User": "NT AUTHORITY\\SYSTEM"}
{"Provider_Name": "Microsoft-Windows-Sysmon", "Provider_Guid": "{5770385f-c22a-43e0-bf4c-06f5698ffbd9}", "Provider": null, "EventID_Qualifiers": "", "EventID": "7", "Version": "3", "Level": "4", "Task": "7", "Opcode": "0", "Keywords": "0x8000000000000000", "TimeCreated_SystemTime": "2023-09-27 07:08:16.276539", "TimeCreated": null, "EventRecordID": "31725", "Correlation_ActivityID": "", "Correlation_RelatedActivityID": "", "Correlation": null, "Execution_ProcessID": "3368", "Execution_ThreadID": "888", "Execution": null, "Channel": "Microsoft-Windows-Sysmon/Operational", "Computer": "DESKTOP-P5C3MUD", "Security_UserID": "S-1-5-18", "Security": null, "EventData_RuleName": "-", "EventData_UtcTime": "2023-09-27 07:08:16.264", "EventData_ProcessGuid": "{4557fbaa-d48e-6513-a901-000000000e00}", "EventData_ProcessId": "9356", "EventData_Image": "C:\\Windows\\SysWOW64\\cmd.exe", "EventData_ImageLoaded": "C:\\Windows\\SysWOW64\\cmd.exe", "EventData_FileVersion": "10.0.19041.746 (WinBuild.160101.0800)", "EventData_Description": "Windows Command Processor", "EventData_Product": "Microsoft\u00ae Windows\u00ae Operating System", "EventData_Company": "Microsoft Corporation", "EventData_OriginalFileName": "Cmd.Exe", "EventData_Hashes": "SHA1=4048488DE6BA4BFEF9EDF103755519F1F762668F,MD5=D0FCE3AFA6AA1D58CE9FA336CC2B675B,SHA256=4D89FC34D5F0F9BABD022271C585A9477BF41E834E46B991DEAA0530FDB25E22,IMPHASH=392B4D61B1D1DADC1F06444DF258188A", "EventData_Signed": "true", "EventData_Signature": "Microsoft Windows", "EventData_SignatureStatus": "Valid", "EventData_User": "DESKTOP-P5C3MUD\\user"}
{"Provider_Name": "Microsoft-Windows-Sysmon", "Provider_Guid": "{5770385f-c22a-43e0-bf4c-06f5698ffbd9}", "Provider": null, "EventID_Qualifiers": "", "EventID": "7", "Version": "3", "Level": "4", "Task": "7", "Opcode": "0", "Keywords": "0x8000000000000000", "TimeCreated_SystemTime": "2023-09-27 07:08:16.285080", "TimeCreated": null, "EventRecordID": "31726", "Correlation_ActivityID": "", "Correlation_RelatedActivityID": "", "Correlation": null, "Execution_ProcessID": "3368", "Execution_ThreadID": "3332", "Execution": null, "Channel": "Microsoft-Windows-Sysmon/Operational", "Computer": "DESKTOP-P5C3MUD", "Security_UserID": "S-1-5-18", "Security": null, "EventData_RuleName": "-", "EventData_UtcTime": "2023-09-27 07:08:16.279", "EventData_ProcessGuid": "{4557fbaa-d4e0-6513-c501-000000000e00}", "EventData_ProcessId": "9356", "EventData_Image": "C:\\Windows\\SysWOW64\\cmd.exe", "EventData_ImageLoaded": "C:\\Windows\\System32\\wow64.dll", "EventData_FileVersion": "10.0.19041.3031 (WinBuild.160101.0800)", "EventData_Description": "Win32 Emulation on NT64", "EventData_Product": "Microsoft\u00ae Windows\u00ae Operating System", "EventData_Company": "Microsoft Corporation", "EventData_OriginalFileName": "wow64.dll", "EventData_Hashes": "SHA1=DC963AAE9498AD2E345D82594DCA61B04FCD9962,MD5=C1B93B475D7E01B86D0859D160C6EB43,SHA256=826E858724D132C60527759E64676990F1B28C9223EA820609ECDB1020867836,IMPHASH=4D26806E6CA2EC5EA8DF4BA29C854F96", "EventData_Signed": "true", "EventData_Signature": "Microsoft Windows", "EventData_SignatureStatus": "Valid", "EventData_User": "DESKTOP-P5C3MUD\\user"}
{"Provider_Name": "Microsoft-Windows-Sysmon", "Provider_Guid": "{5770385f-c22a-43e0-bf4c-06f5698ffbd9}", "Provider": null, "EventID_Qualifiers": "", "EventID": "7", "Version": "3", "Level": "4", "Task": "7", "Opcode": "0", "Keywords": "0x8000000000000000", "TimeCreated_SystemTime": "2023-09-27 07:08:16.285299", "TimeCreated": null, "EventRecordID": "31727", "Correlation_ActivityID": "", "Correlation_RelatedActivityID": "", "Correlation": null, "Execution_ProcessID": "3368", "Execution_ThreadID": "3332", "Execution": null, "Channel": "Microsoft-Windows-Sysmon/Operational", "Computer": "DESKTOP-P5C3MUD", "Security_UserID": "S-1-5-18", "Security": null, "EventData_RuleName": "-", "EventData_UtcTime": "2023-09-27 07:08:16.279", "EventData_ProcessGuid": "{4557fbaa-d4e0-6513-c501-000000000e00}", "EventData_ProcessId": "9356", "EventData_Image": "C:\\Windows\\SysWOW64\\cmd.exe", "EventData_ImageLoaded": "C:\\Windows\\System32\\wow64win.dll", "EventData_FileVersion": "10.0.19041.2486 (WinBuild.160101.0800)", "EventData_Description": "Wow64 Console and Win32 API Logging", "EventData_Product": "Microsoft\u00ae Windows\u00ae Operating System", "EventData_Company": "Microsoft Corporation", "EventData_OriginalFileName": "wow64lg2.dll", "EventData_Hashes": "SHA1=13EF8CCAC99EF9560ACD7061B24FD39DA0FAF891,MD5=28A6F8BC61C5A72DF6343FAAF2B1B056,SHA256=2FAC8CC3653C2E9747864417C65EA02745F5653C3608FC115AD756199AB22BC0,IMPHASH=AA2F336C00F80E5E84819EE774D160FE", "EventData_Signed": "true", "EventData_Signature": "Microsoft Windows", "EventData_SignatureStatus": "Valid", "EventData_User": "DESKTOP-P5C3MUD\\user"}
{"Provider_Name": "Microsoft-Windows-Sysmon", "Provider_Guid": "{5770385f-c22a-43e0-bf4c-06f5698ffbd9}", "Provider": null, "EventID_Qualifiers": "", "EventID": "7", "Version": "3", "Level": "4", "Task": "7", "Opcode": "0", "Keywords": "0x8000000000000000", "TimeCreated_SystemTime": "2023-09-27 07:08:16.285736", "TimeCreated": null, "EventRecordID": "31728", "Correlation_ActivityID": "", "Correlation_RelatedActivityID": "", "Correlation": null, "Execution_ProcessID": "3368", "Execution_ThreadID": "3332", "Execution": null, "Channel": "Microsoft-Windows-Sysmon/Operational", "Computer": "DESKTOP-P5C3MUD", "Security_UserID": "S-1-5-18", "Security": null, "EventData_RuleName": "-", "EventData_UtcTime": "2023-09-27 07:08:16.279", "EventData_ProcessGuid": "{4557fbaa-d4e0-6513-c501-000000000e00}", "EventData_ProcessId": "9356", "EventData_Image": "C:\\Windows\\SysWOW64\\cmd.exe", "EventData_ImageLoaded": "C:\\Windows\\System32\\wow64cpu.dll", "EventData_FileVersion": "10.0.19041.3031 (WinBuild.160101.0800)", "EventData_Description": "AMD64 Wow64 CPU ", "EventData_Product": "Microsoft\u00ae Windows\u00ae Operating System", "EventData_Company": "Microsoft Corporation", "EventData_OriginalFileName": "wow64cpu.dll", "EventData_Hashes": "SHA1=CC28E6758A60245E4255713B32464EC7EEFC2281,MD5=BDD6D16F7B16C2A83FE8CDA8CA4F185E,SHA256=AFD1B0AC6467C174E083C5DFFFD9AA76395A3C10E71719DA5551EFCC6422CAF2,IMPHASH=C22B977BE4BF67B1A723DD49BCC47668", "EventData_Signed": "true", "EventData_Signature": "Microsoft Windows", "EventData_SignatureStatus": "Valid", "EventData_User": "DESKTOP-P5C3MUD\\user"}
{"Provider_Name": "Microsoft-Windows-Sysmon", "Provider_Guid": "{5770385f-c22a-43e0-bf4c-06f5698ffbd9}", "Provider": null, "EventID_Qualifiers": "", "EventID": "7", "Version": "3", "Level": "4", "Task": "7", "Opcode": "0", "Keywords": "0x8000000000000000", "TimeCreated_SystemTime": "2023-09-27 07:08:16.286278", "TimeCreated": null, "EventRecordID": "31729", "Correlation_ActivityID": "", "Correlation_RelatedActivityID": "", "Correlation": null, "Execution_ProcessID": "3368", "Execution_ThreadID": "3332", "Execution": null, "Channel": "Microsoft-Windows-Sysmon/Operational", "Computer": "DESKTOP-P5C3MUD", "Security_UserID": "S-1-5-18", "Security": null, "EventData_RuleName": "-", "EventData_UtcTime": "2023-09-27 07:08:16.279", "EventData_ProcessGuid": "{4557fbaa-d4e0-6513-c501-000000000e00}", "EventData_ProcessId": "9356", "EventData_Image": "C:\\Windows\\SysWOW64\\cmd.exe", "EventData_ImageLoaded": "C:\\Windows\\SysWOW64\\kernel32.dll", "EventData_FileVersion": "10.0.19041.3393 (WinBuild.160101.0800)", "EventData_Description": "Windows NT BASE API Client DLL", "EventData_Product": "Microsoft\u00ae Windows\u00ae Operating System", "EventData_Company": "Microsoft Corporation", "EventData_OriginalFileName": "kernel32", "EventData_Hashes": "SHA1=FC0D954BB9AD52D42DC903EF44759146BE65ABDE,MD5=649EF39F36C135AA410F436DAA589170,SHA256=3AF795D5C12392644FBB2C8679DF175FDE29CC6F9528649740CFBEA8DE400BB1,IMPHASH=58DCACAD923A90146D5E12C8E2A29336", "EventData_Signed": "true", "EventData_Signature": "Microsoft Windows", "EventData_SignatureStatus": "Valid", "EventData_User": "DESKTOP-P5C3MUD\\user"}
{"Provider_Name": "Microsoft-Windows-Sysmon", "Provider_Guid": "{5770385f-c22a-43e0-bf4c-06f5698ffbd9}", "Provider": null, "EventID_Qualifiers": "", "EventID": "7", "Version": "3", "Level": "4", "Task": "7", "Opcode": "0", "Keywords": "0x8000000000000000", "TimeCreated_SystemTime": "2023-09-27 07:08:16.286551", "TimeCreated": null, "EventRecordID": "31730", "Correlation_ActivityID": "", "Correlation_RelatedActivityID": "", "Correlation": null, "Execution_ProcessID": "3368", "Execution_ThreadID": "3332", "Execution": null, "Channel": "Microsoft-Windows-Sysmon/Operational", "Computer": "DESKTOP-P5C3MUD", "Security_UserID": "S-1-5-18", "Security": null, "EventData_RuleName": "-", "EventData_UtcTime": "2023-09-27 07:08:16.279", "EventData_ProcessGuid": "{4557fbaa-d4e0-6513-c501-000000000e00}", "EventData_ProcessId": "9356", "EventData_Image": "C:\\Windows\\SysWOW64\\cmd.exe", "EventData_ImageLoaded": "C:\\Windows\\SysWOW64\\KernelBase.dll", "EventData_FileVersion": "10.0.19041.3448 (WinBuild.160101.0800)", "EventData_Description": "Windows NT BASE API Client DLL", "EventData_Product": "Microsoft\u00ae Windows\u00ae Operating System", "EventData_Company": "Microsoft Corporation", "EventData_OriginalFileName": "Kernelbase.dll", "EventData_Hashes": "SHA1=808C0FD5F176E63F836A15BDC9AA8B88A954F233,MD5=3F1A8BEFE4BA40CD5220FAD3EB8C1779,SHA256=7903849CBA0225BBA2449D0A8060D4B30CD15CA0AE1A0E89CAEA3CF157E6B7C2,IMPHASH=E3A1A46D2013C06F525DEB7AF0080C47", "EventData_Signed": "true", "EventData_Signature": "Microsoft Windows", "EventData_SignatureStatus": "Valid", "EventData_User": "DESKTOP-P5C3MUD\\user"}
{"Provider_Name": "Microsoft-Windows-Sysmon", "Provider_Guid": "{5770385f-c22a-43e0-bf4c-06f5698ffbd9}", "Provider": null, "EventID_Qualifiers": "", "EventID": "10", "Version": "3", "Level": "4", "Task": "10", "Opcode": "0", "Keywords": "0x8000000000000000", "TimeCreated_SystemTime": "2023-09-27 07:08:16.286905", "TimeCreated": null, "EventRecordID": "31731", "Correlation_ActivityID": "", "Correlation_RelatedActivityID": "", "Correlation": null, "Execution_ProcessID": "3368", "Execution_ThreadID": "3332", "Execution": null, "Channel": "Microsoft-Windows-Sysmon/Operational", "Computer": "DESKTOP-P5C3MUD", "Security_UserID": "S-1-5-18", "Security": null, "EventData_RuleName": "-", "EventData_UtcTime": "2023-09-27 07:08:16.279", "EventData_SourceProcessGUID": "{4557fbaa-d4e0-6513-c401-000000000e00}", "EventData_SourceProcessId": "3160", "EventData_SourceThreadId": "8120", "EventData_SourceImage": "C:\\Windows\\system32\\conhost.exe", "EventData_TargetProcessGUID": "{4557fbaa-d4e0-6513-c501-000000000e00}", "EventData_TargetProcessId": "9356", "EventData_TargetImage": "C:\\Windows\\SysWOW64\\cmd.exe", "EventData_GrantedAccess": "0x001fffff", "EventData_CallTrace": "C:\\Windows\\SYSTEM32\\ntdll.dll+9d314|C:\\Windows\\System32\\KERNELBASE.dll+308ee|C:\\Windows\\system32\\conhost.exe+13a99|C:\\Windows\\system32\\conhost.exe+13be1|C:\\Windows\\system32\\conhost.exe+13d67|C:\\Windows\\system32\\conhost.exe+1114c|C:\\Windows\\System32\\KERNEL32.DLL+17344|C:\\Windows\\SYSTEM32\\ntdll.dll+526b1", "EventData_SourceUser": "DESKTOP-P5C3MUD\\user", "EventData_TargetUser": "DESKTOP-P5C3MUD\\user"}
{"Provider_Name": "Microsoft-Windows-Sysmon", "Provider_Guid": "{5770385f-c22a-43e0-bf4c-06f5698ffbd9}", "Provider": null, "EventID_Qualifiers": "", "EventID": "7", "Version": "3", "Level": "4", "Task": "7", "Opcode": "0", "Keywords": "0x8000000000000000", "TimeCreated_SystemTime": "2023-09-27 07:08:16.287949", "TimeCreated": null, "EventRecordID": "31732", "Correlation_ActivityID": "", "Correlation_RelatedActivityID": "", "Correlation": null, "Execution_ProcessID": "3368", "Execution_ThreadID": "3332", "Execution": null, "Channel": "Microsoft-Windows-Sysmon/Operational", "Computer": "DESKTOP-P5C3MUD", "Security_UserID": "S-1-5-18", "Security": null, "EventData_RuleName": "-", "EventData_UtcTime": "2023-09-27 07:08:16.279", "EventData_ProcessGuid": "{4557fbaa-d4e0-6513-c501-000000000e00}", "EventData_ProcessId": "9356", "EventData_Image": "C:\\Windows\\SysWOW64\\cmd.exe", "EventData_ImageLoaded": "C:\\Windows\\SysWOW64\\apphelp.dll", "EventData_FileVersion": "10.0.19041.2913 (WinBuild.160101.0800)", "EventData_Description": "Application Compatibility Client Library", "EventData_Product": "Microsoft\u00ae Windows\u00ae Operating System", "EventData_Company": "Microsoft Corporation", "EventData_OriginalFileName": "Apphelp", "EventData_Hashes": "SHA1=8AC2F8B1FED93092CDAAD6FD8B0F7AC3495A0D9B,MD5=9DE4D036EC95ACD8690B1835EF4608E9,SHA256=E53378B0C4CF5603AF1A9A3DFFB676349080CFF9E214881DD41CA3B6A7E03CB2,IMPHASH=965387DD90077BEBD51DACD5BBAD2B9F", "EventData_Signed": "true", "EventData_Signature": "Microsoft Windows", "EventData_SignatureStatus": "Valid", "EventData_User": "DESKTOP-P5C3MUD\\user"}
