{"Provider_Name": "Microsoft-Windows-Sysmon", "Provider_Guid": "{5770385f-c22a-43e0-bf4c-06f5698ffbd9}", "Provider": null, "EventID_Qualifiers": "", "EventID": "13", "Version": "2", "Level": "4", "Task": "13", "Opcode": "0", "Keywords": "0x8000000000000000", "TimeCreated_SystemTime": "2023-09-27 07:08:15.985458", "TimeCreated": null, "EventRecordID": "31531", "Correlation_ActivityID": "", "Correlation_RelatedActivityID": "", "Correlation": null, "Execution_ProcessID": "3368", "Execution_ThreadID": "3332", "Execution": null, "Channel": "Microsoft-Windows-Sysmon/Operational", "Computer": "DESKTOP-P5C3MUD", "Security_UserID": "S-1-5-18", "Security": null, "EventData_RuleName": "-", "EventData_EventType": "SetValue", "EventData_UtcTime": "2023-09-27 07:08:15.983", "EventData_ProcessGuid": "{4557fbaa-ce2f-6513-1b00-000000000e00}", "EventData_ProcessId": "1336", "EventData_Image": "C:\\Windows\\system32\\svchost.exe", "EventData_TargetObject": "HKLM\\SOFTWARE\\Microsoft\\Windows NT\\CurrentVersion\\ProfileService\\References\\S-1-5-21-2994737283-653069417-2221972583-1001\\RefCount", "EventData_Details": "Binary Data", "EventData_User": "NT AUTHORITY\\SYSTEM"}
{"Provider_Name": "Microsoft-Windows-Sysmon", "Provider_Guid": "{5770385f-c22a-43e0-bf4c-06f5698ffbd9}", "Provider": null, "EventID_Qualifiers": "", "EventID": "12", "Version": "2", "Level": "4", "Task": "12", "Opcode": "0", "Keywords": "0x8000000000000000", "TimeCreated_SystemTime": "2023-09-27 07:08:15.985916", "TimeCreated": null, "EventRecordID": "31532", "Correlation_ActivityID": "", "Correlation_RelatedActivityID": "", "Correlation": null, "Execution_ProcessID": "3368", "Execution_ThreadID": "3332", "Execution": null, "Channel": "Microsoft-Windows-Sysmon/Operational", "Computer": "DESKTOP-P5C3MUD", "Security_UserID": "S-1-5-18", "Security": null, "EventData_RuleName": "-", "EventData_EventType": "CreateKey", "EventData_UtcTime": "2023-09-27 07:08:15.983", "EventData_ProcessGuid": "{4557fbaa-ce2f-6513-1b00-000000000e00}", "EventData_ProcessId": "1336", "EventData_Image": "C:\\Windows\\system32\\svchost.exe", "EventData_TargetObject": "HKU\\S-1-5-21-2994737283-653069417-2221972583-1001\\SOFTWARE\\Microsoft\\Windows\\CurrentVersion\\CloudStore", "EventData_User": "NT AUTHORITY\\SYSTEM"}
{"Provider_Name": "Microsoft-Windows-Sysmon", "Provider_Guid": "{5770385f-c22a-43e0-bf4c-06f5698ffbd9}", "Provider": null, "EventID_Qualifiers": "", "EventID": "12", "Version": "2", "Level": "4", "Task": "12", "Opcode": "0", "Keywords": "0x8000000000000000", "TimeCreated_SystemTime": "2023-09-27 07:08:15.985979", "TimeCreated": null, "EventRecordID": "31533", "Correlation_ActivityID": "", "Correlation_RelatedActivityID": "", "Correlation": null, "Execution_ProcessID": "3368", "Execution_ThreadID": "3332", "Execution": null, "Channel": "Microsoft-Windows-Sysmon/Operational", "Computer": "DESKTOP-P5C3MUD", "Security_UserID": "S-1-5-18", "Security": null, "EventData_RuleName": "-", "EventData_EventType": "CreateKey", "EventData_UtcTime": "2023-09-27 07:08:15.983", "EventData_ProcessGuid": "{4557fbaa-ce2f-6513-1b00-000000000e00}", "EventData_ProcessId": "1336", "EventData_Image": "C:\\Windows\\system32\\svchost.exe", "EventData_TargetObject": "HKU\\S-1-5-21-2994737283-653069417-2221972583-1001\\SOFTWARE\\Microsoft\\Windows\\CurrentVersion\\CloudStore\\Store", "EventData_User": "NT AUTHORITY\\SYSTEM"}
{"Provider_Name": "Microsoft-Windows-Sysmon", "Provider_Guid": "{5770385f-c22a-43e0-bf4c-06f5698ffbd9}", "Provider": null, "EventID_Qualifiers": "", "EventID": "12", "Version": "2", "Level": "4", "Task": "12", "Opcode": "0", "Keywords": "0x8000000000000000", "TimeCreated_SystemTime": "2023-09-27 07:08:15.986031", "TimeCreated": null, "EventRecordID": "31534", "Correlation_ActivityID": "", "Correlation_RelatedActivityID": "", "Correlation": null, "Execution_ProcessID": "3368", "Execution_ThreadID": "3332", "Execution": null, "Channel": "Microsoft-Windows-Sysmon/Operational", "Computer": "DESKTOP-P5C3MUD", "Security_UserID": "S-1-5-18", "Security": null, "EventData_RuleName": "-", "EventData_EventType": "CreateKey", "EventData_UtcTime": "2023-09-27 07:08:15.983", "EventData_ProcessGuid": "{4557fbaa-ce2f-6513-1b00-000000000e00}", "EventData_ProcessId": "1336", "EventData_Image": "C:\\Windows\\system32\\svchost.exe", "EventData_TargetObject": "HKU\\S-1-5-21-2994737283-653069417-2221972583-1001\\SOFTWARE\\Microsoft\\Windows\\CurrentVersion\\CloudStore\\SystemMetaData", "EventData_User": "NT AUTHORITY\\SYSTEM"}
{"Provider_Name": "Microsoft-Windows-Sysmon", "Provider_Guid": "{5770385f-c22a-43e0-bf4c-06f5698ffbd9}", "Provider": null, "EventID_Qualifiers": "", "EventID": "12", "Version": "2", "Level": "4", "Task": "12", "Opcode": "0", "Keywords": "0x8000000000000000", "TimeCreated_SystemTime": "2023-09-27 07:08:15.986076", "TimeCreated": null, "EventRecordID": "31535", "Correlation_ActivityID": "", "Correlation_RelatedActivityID": "", "Correlation": null, "Execution_ProcessID": "3368", "Execution_ThreadID": "3332", "Execution": null, "Channel": "Microsoft-Windows-Sysmon/Operational", "Computer": "DESKTOP-P5C3MUD", "Security_UserID": "S-1-5-18", "Security": null, "EventData_RuleName": "-", "EventData_EventType": "CreateKey", "EventData_UtcTime": "2023-09-27 07:08:15.983", "EventData_ProcessGuid": "{4557fbaa-ce2f-6513-1b00-000000000e00}", "EventData_ProcessId": "1336", "EventData_Image": "C:\\Windows\\system32\\svchost.exe", "EventData_TargetObject": "HKU\\S-1-5-21-2994737283-653069417-2221972583-1001\\SOFTWARE\\Microsoft\\Windows\\CurrentVersion\\CloudStore\\Store\\Cache", "EventData_User": "NT AUTHORITY\\SYSTEM"}
{"Provider_Name": "Microsoft-Windows-Sysmon", "Provider_Guid": "{5770385f-c22a-43e0-bf4c-06f5698ffbd9}", "Provider": null, "EventID_Qualifiers": "", "EventID": "12", "Version": "2", "Level": "4", "Task": "12", "Opcode": "0", "Keywords": "0x8000000000000000", "TimeCreated_SystemTime": "2023-09-27 07:08:15.986124", "TimeCreated": null, "EventRecordID": "31536", "Correlation_ActivityID": "", "Correlation_RelatedActivityID": "", "Correlation": null, "Execution_ProcessID": "3368", "Execution_ThreadID": "3332", "Execution": null, "Channel": "Microsoft-Windows-Sysmon/Operational", "Computer": "DESKTOP-P5C3MUD", "Security_UserID": "S-1-5-18", "Security": null, "EventData_RuleName": "-", "EventData_EventType": "CreateKey", "EventData_UtcTime": "2023-09-27 07:08:15.983", "EventData_ProcessGuid": "{4557fbaa-ce2f-6513-1b00-000000000e00}", "EventData_ProcessId": "1336", "EventData_Image": "C:\\Windows\\system32\\svchost.exe", "EventData_TargetObject": "HKU\\S-1-5-21-2994737283-653069417-2221972583-1001\\SOFTWARE\\Microsoft\\Windows\\CurrentVersion\\CloudStore\\StoreInit", "EventData_User": "NT AUTHORITY\\SYSTEM"}
{"Provider_Name": "Microsoft-Windows-Sysmon", "Provider_Guid": "{5770385f-c22a-43e0-bf4c-06f5698ffbd9}", "Provider": null, "EventID_Qualifiers": "", "EventID": "12", "Version": "2", "Level": "4", "Task": "12", "Opcode": "0", "Keywords": "0x8000000000000000", "TimeCreated_SystemTime": "2023-09-27 07:08:15.986835", "TimeCreated": null, "EventRecordID": "31537", "Correlation_ActivityID": "", "Correlation_RelatedActivityID": "", "Correlation": null, "Execution_ProcessID": "3368", "Execution_ThreadID": "3332", "Execution": null, "Channel": "Microsoft-Windows-Sysmon/Operational", "Computer": "DESKTOP-P5C3MUD", "Security_UserID": "S-1-5-18", "Security": null, "EventData_RuleName": "-", "EventData_EventType": "CreateKey", "EventData_UtcTime": "2023-09-27 07:08:15.983", "EventData_ProcessGuid": "{4557fbaa-ce2f-6513-1b00-000000000e00}", "EventData_ProcessId": "1336", "EventData_Image": "C:\\Windows\\system32\\svchost.exe", "EventData_TargetObject": "HKLM\\SOFTWARE\\Microsoft\\IdentityStore\\Cache\\S-1-5-21-2994737283-653069417-2221972583-1001", "EventData_User": "NT AUTHORITY\\SYSTEM"}
{"Provider_Name": "Microsoft-Windows-Sysmon", "Provider_Guid": "{5770385f-c22a-43e0-bf4c-06f5698ffbd9}", "Provider": null, "EventID_Qualifiers": "", "EventID": "12", "Version": "2", "Level": "4", "Task": "12", "Opcode": "0", "Keywords": "0x8000000000000000", "TimeCreated_SystemTime": "2023-09-27 07:08:15.987421", "TimeCreated": null, "EventRecordID": "31538", "Correlation_ActivityID": "", "Correlation_RelatedActivityID": "", "Correlation": null, "Execution_ProcessID": "3368", "Execution_ThreadID": "3332", "Execution": null, "Channel": "Microsoft-Windows-Sysmon/Operational", "Computer": "DESKTOP-P5C3MUD", "Security_UserID": "S-1-5-18", "Security": null, "EventData_RuleName": "-", "EventData_EventType": "CreateKey", "EventData_UtcTime": "2023-09-27 07:08:15.983", "EventData_ProcessGuid": "{4557fbaa-ce2f-6513-1b00-000000000e00}", "EventData_ProcessId": "1336", "EventData_Image": "C:\\Windows\\system32\\svchost.exe", "EventData_TargetObject": "HKLM\\SOFTWARE\\Microsoft\\Windows NT\\CurrentVersion\\ProfileService\\References", "EventData_User": "NT AUTHORITY\\SYSTEM"}
{"Provider_Name": "Microsoft-Windows-Sysmon", "Provider_Guid": "{5770385f-c22a-43e0-bf4c-06f5698ffbd9}", "Provider": null, "EventID_Qualifiers": "", "EventID": "12", "Version": "2", "Level": "4", "Task": "12", "Opcode": "0", "Keywords": "0x8000000000000000", "TimeCreated_SystemTime": "2023-09-27 07:08:15.987442", "TimeCreated": null, "EventRecordID": "31539", "Correlation_ActivityID": "", "Correlation_RelatedActivityID": "", "Correlation": null, "Execution_ProcessID": "3368", "Execution_ThreadID": "3332", "Execution": null, "Channel": "Microsoft-Windows-Sysmon/Operational", "Computer": "DESKTOP-P5C3MUD", "Security_UserID": "S-1-5-18", "Security": null, "EventData_RuleName": "-", "EventData_EventType": "CreateKey", "EventData_UtcTime": "2023-09-27 07:08:15.983", "EventData_ProcessGuid": "{4557fbaa-ce2f-6513-1b00-000000000e00}", "EventData_ProcessId": "1336", "EventData_Image": "C:\\Windows\\system32\\svchost.exe", "EventData_TargetObject": "HKLM\\SOFTWARE\\Microsoft\\Windows NT\\CurrentVersion\\ProfileService\\References\\S-1-5-21-2994737283-653069417-2221972583-1001", "EventData_User": "NT AUTHORITY\\SYSTEM"}
{"Provider_Name": "Microsoft-Windows-Sysmon", "Provider_Guid": "{5770385f-c22a-43e0-bf4c-06f5698ffbd9}", "Provider": null, "EventID_Qualifiers": "", "EventID": "13", "Version": "2", "Level": "4", "Task": "13", "Opcode": "0", "Keywords": "0x8000000000000000", "TimeCreated_SystemTime": "2023-09-27 07:08:15.987474", "TimeCreated": null, "EventRecordID": "31540", "Correlation_ActivityID": "", "Correlation_RelatedActivityID": "", "Correlation": null, "Execution_ProcessID": "3368", "Execution_ThreadID": "3332", "Execution": null, "Channel": "Microsoft-Windows-Sysmon/Operational", "Computer": "DESKTOP-P5C3MUD", "Security_UserID": "S-1-5-18", "Security": null, "EventData_RuleName": "-", "EventData_EventType": "SetValue", "EventData_UtcTime": "2023-09-27 07:08:15.983", "EventData_ProcessGuid": "{4557fbaa-ce2f-6513-1b00-000000000e00}", "EventData_ProcessId": "1336", "EventData_Image": "C:\\Windows\\system32\\svchost.exe", "EventData_TargetObject": "HKLM\\SOFTWARE\\Microsoft\\Windows NT\\CurrentVersion\\ProfileService\\References\\S-1-5-21-2994737283-653069417-2221972583-1001\\RefCount", "EventData_Details": "Binary Data", "EventData_User": "NT AUTHORITY\\SYSTEM"}
{"Provider_Name": "Microsoft-Windows-Sysmon", "Provider_Guid": "{5770385f-c22a-43e0-bf4c-06f5698ffbd9}", "Provider": null, "EventID_Qualifiers": "", "EventID": "10", "Version": "3", "Level": "4", "Task": "10", "Opcode": "0", "Keywords": "0x8000000000000000", "TimeCreated_SystemTime": "2023-09-27 07:08:15.987873", "TimeCreated": null, "EventRecordID": "31541", "Correlation_ActivityID": "", "Correlation_RelatedActivityID": "", "Correlation": null, "Execution_ProcessID": "3368", "Execution_ThreadID": "3332", "Execution": null, "Channel": "Microsoft-Windows-Sysmon/Operational", "Computer": "DESKTOP-P5C3MUD", "Security_UserID": "S-1-5-18", "Security": null, "EventData_RuleName": "-", "EventData_UtcTime": "2023-09-27 07:08:15.983", "EventData_SourceProcessGUID": "{4557fbaa-ce2f-6513-0c00-000000000e00}", "EventData_SourceProcessId": "744", "EventData_SourceThreadId": "812", "EventData_SourceImage": "C:\\Windows\\system32\\lsass.exe", "EventData_TargetProcessGUID": "{4557fbaa-d4dd-6513-c101-000000000e00}", "EventData_TargetProcessId": "4724", "EventData_TargetImage": "C:\\Windows\\system32\\consent.exe", "EventData_GrantedAccess": "0x00001478", "EventData_CallTrace": "C:\\Windows\\SYSTEM32\\ntdll.dll+9d314|C:\\Windows\\system32\\lsasrv.dll+bb32|C:\\Windows\\system32\\lsasrv.dll+bf50|C:\\Windows\\system32\\lsasrv.dll+c31b|C:\\Windows\\SYSTEM32\\SspiSrv.dll+1a82|C:\\Windows\\System32\\RPCRT4.dll+7b4b3|C:\\Windows\\System32\\RPCRT4.dll+de77b|C:\\Windows\\System32\\RPCRT4.dll+5be7c|C:\\Windows\\System32\\RPCRT4.dll+59188|C:\\Windows\\System32\\RPCRT4.dll+3a3a6|C:\\Windows\\System32\\RPCRT4.dll+39cf8|C:\\Windows\\System32\\RPCRT4.dll+474bf|C:\\Windows\\System32\\RPCRT4.dll+468c8|C:\\Windows\\System32\\RPCRT4.dll+45eb1|C:\\Windows\\System32\\RPCRT4.dll+4591e|C:\\Windows\\System32\\RPCRT4.dll+4a032|C:\\Windows\\SYSTEM32\\ntdll.dll+20330|C:\\Windows\\SYSTEM32\\ntdll.dll+52f86|C:\\Windows\\System32\\KERNEL32.DLL+17344|C:\\Windows\\SYSTEM32\\ntdll.dll+526b1", "EventData_SourceUser": "NT AUTHORITY\\SYSTEM", "EventData_TargetUser": "NT AUTHORITY\\SYSTEM"}
{"Provider_Name": "Microsoft-Windows-Sysmon", "Provider_Guid": "{5770385f-c22a-43e0-bf4c-06f5698ffbd9}", "Provider": null, "EventID_Qualifiers": "", "EventID": "13", "Version": "2", "Level": "4", "Task": "13", "Opcode": "0", "Keywords": "0x8000000000000000", "TimeCreated_SystemTime": "2023-09-27 07:08:15.996204", "TimeCreated": null, "EventRecordID": "31542", "Correlation_ActivityID": "", "Correlation_RelatedActivityID": "", "Correlation": null, "Execution_ProcessID": "3368", "Execution_ThreadID": "3332", "Execution": null, "Channel": "Microsoft-Windows-Sysmon/Operational", "Computer": "DESKTOP-P5C3MUD", "Security_UserID": "S-1-5-18", "Security": null, "EventData_RuleName": "-", "EventData_EventType": "SetValue", "EventData_UtcTime": "2023-09-27 07:08:15.983", "EventData_ProcessGuid": "{4557fbaa-cec0-6513-1601-000000000e00}", "EventData_ProcessId": "11120", "EventData_Image": "C:\\Windows\\System32\\InputMethod\\CHS\\ChsIME.exe", "EventData_TargetObject": "HKU\\.DEFAULT\\Software\\Microsoft\\InputMethod\\Siuf\\CandidateSelected\\1", "EventData_Details": "DWORD (0x00000000)", "EventData_User": "NT AUTHORITY\\SYSTEM"}
{"Provider_Name": "Microsoft-Windows-Sysmon", "Provider_Guid": "{5770385f-c22a-43e0-bf4c-06f5698ffbd9}", "Provider": null, "EventID_Qualifiers": "", "EventID": "12", "Version": "2", "Level": "4", "Task": "12", "Opcode": "0", "Keywords": "0x8000000000000000", "TimeCreated_SystemTime": "2023-09-27 07:08:15.998751", "TimeCreated": null, "EventRecordID": "31543", "Correlation_ActivityID": "", "Correlation_RelatedActivityID": "", "Correlation": null, "Execution_ProcessID": "3368", "Execution_ThreadID": "3332", "Execution": null, "Channel": "Microsoft-Windows-Sysmon/Operational", "Computer": "DESKTOP-P5C3MUD", "Security_UserID": "S-1-5-18", "Security": null, "EventData_RuleName": "-", "EventData_EventType": "CreateKey", "EventData_UtcTime": "2023-09-27 07:08:15.998", "EventData_ProcessGuid": "{4557fbaa-d4dd-6513-c101-000000000e00}", "EventData_ProcessId": "4724", "EventData_Image": "C:\\Windows\\system32\\consent.exe", "EventData_TargetObject": "HKU\\.DEFAULT\\Software\\Microsoft\\CTF\\MSUTB", "EventData_User": "NT AUTHORITY\\SYSTEM"}
{"Provider_Name": "Microsoft-Windows-Sysmon", "Provider_Guid": "{5770385f-c22a-43e0-bf4c-06f5698ffbd9}", "Provider": null, "EventID_Qualifiers": "", "EventID": "13", "Version": "2", "Level": "4", "Task": "13", "Opcode": "0", "Keywords": "0x8000000000000000", "TimeCreated_SystemTime": "2023-09-27 07:08:15.998775", "TimeCreated": null, "EventRecordID": "31544", "Correlation_ActivityID": "", "Correlation_RelatedActivityID": "", "Correlation": null, "Execution_ProcessID": "3368", "Execution_ThreadID": "3332", "Execution": null, "Channel": "Microsoft-Windows-Sysmon/Operational", "Computer": "DESKTOP-P5C3MUD", "Security_UserID": "S-1-5-18", "Security": null, "EventData_RuleName": "-", "EventData_EventType": "SetValue", "EventData_UtcTime": "2023-09-27 07:08:15.998", "EventData_ProcessGuid": "{4557fbaa-d4dd-6513-c101-000000000e00}", "EventData_ProcessId": "4724", "EventData_Image": "C:\\Windows\\system32\\consent.exe", "EventData_TargetObject": "HKU\\.DEFAULT\\Software\\Microsoft\\CTF\\MSUTB\\Left", "EventData_Details": "DWORD (0x00000400)", "EventData_User": "NT AUTHORITY\\SYSTEM"}
{"Provider_Name": "Microsoft-Windows-Sysmon", "Provider_Guid": "{5770385f-c22a-43e0-bf4c-06f5698ffbd9}", "Provider": null, "EventID_Qualifiers": "", "EventID": "13", "Version": "2", "Level": "4", "Task": "13", "Opcode": "0", "Keywords": "0x8000000000000000", "TimeCreated_SystemTime": "2023-09-27 07:08:15.998795", "TimeCreated": null, "EventRecordID": "31545", "Correlation_ActivityID": "", "Correlation_RelatedActivityID": "", "Correlation": null, "Execution_ProcessID": "3368", "Execution_ThreadID": "3332", "Execution": null, "Channel": "Microsoft-Windows-Sysmon/Operational", "Computer": "DESKTOP-P5C3MUD", "Security_UserID": "S-1-5-18", "Security": null, "EventData_RuleName": "-", "EventData_EventType": "SetValue", "EventData_UtcTime": "2023-09-27 07:08:15.998", "EventData_ProcessGuid": "{4557fbaa-d4dd-6513-c101-000000000e00}", "EventData_ProcessId": "4724", "EventData_Image": "C:\\Windows\\system32\\consent.exe", "EventData_TargetObject": "HKU\\.DEFAULT\\Software\\Microsoft\\CTF\\MSUTB\\Top", "EventData_Details": "DWORD (0x000002c2)", "EventData_User": "NT AUTHORITY\\SYSTEM"}
{"Provider_Name": "Microsoft-Windows-Sysmon", "Provider_Guid": "{5770385f-c22a-43e0-bf4c-06f5698ffbd9}", "Provider": null, "EventID_Qualifiers": "", "EventID": "5", "Version": "3", "Level": "4", "Task": "5", "Opcode": "0", "Keywords": "0x8000000000000000", "TimeCreated_SystemTime": "2023-09-27 07:08:16.003963", "TimeCreated": null, "EventRecordID": "31546", "Correlation_ActivityID": "", "Correlation_RelatedActivityID": "", "Correlation": null, "Execution_ProcessID": "3368", "Execution_ThreadID": "3332", "Execution": null, "Channel": "Microsoft-Windows-Sysmon/Operational", "Computer": "DESKTOP-P5C3MUD", "Security_UserID": "S-1-5-18", "Security": null, "EventData_RuleName": "-", "EventData_UtcTime": "2023-09-27 07:08:15.998", "EventData_ProcessGuid": "{4557fbaa-d4dd-6513-c101-000000000e00}", "EventData_ProcessId": "4724", "EventData_Image": "C:\\Windows\\System32\\consent.exe", "EventData_User": "NT AUTHORITY\\SYSTEM"}
{"Provider_Name": "Microsoft-Windows-Sysmon", "Provider_Guid": "{5770385f-c22a-43e0-bf4c-06f5698ffbd9}", "Provider": null, "EventID_Qualifiers": "", "EventID": "13", "Version": "2", "Level": "4", "Task": "13", "Opcode": "0", "Keywords": "0x8000000000000000", "TimeCreated_SystemTime": "2023-09-27 07:08:16.005653", "TimeCreated": null, "EventRecordID": "31547", "Correlation_ActivityID": "", "Correlation_RelatedActivityID": "", "Correlation": null, "Execution_ProcessID": "3368", "Execution_ThreadID": "3332", "Execution": null, "Channel": "Microsoft-Windows-Sysmon/Operational", "Computer": "DESKTOP-P5C3MUD", "Security_UserID": "S-1-5-18", "Security": null, "EventData_RuleName": "-", "EventData_EventType": "SetValue", "EventData_UtcTime": "2023-09-27 07:08:15.998", "EventData_ProcessGuid": "{4557fbaa-d4dd-6513-c101-000000000e00}", "EventData_ProcessId": "4724", "EventData_Image": "C:\\Windows\\system32\\consent.exe", "EventData_TargetObject": "HKLM\\System\\CurrentControlSet\\Services\\bam\\State\\UserSettings\\S-1-5-18\\\\Device\\HarddiskVolume3\\Windows\\System32\\consent.exe", "EventData_Details": "Binary Data", "EventData_User": "NT AUTHORITY\\SYSTEM"}
{"Provider_Name": "Microsoft-Windows-Sysmon", "Provider_Guid": "{5770385f-c22a-43e0-bf4c-06f5698ffbd9}", "Provider": null, "EventID_Qualifiers": "", "EventID": "12", "Version": "2", "Level": "4", "Task": "12", "Opcode": "0", "Keywords": "0x8000000000000000", "TimeCreated_SystemTime": "2023-09-27 07:08:16.009623", "TimeCreated": null, "EventRecordID": "31548", "Correlation_ActivityID": "", "Correlation_RelatedActivityID": "", "Correlation": null, "Execution_ProcessID": "3368", "Execution_ThreadID": "3332", "Execution": null, "Channel": "Microsoft-Windows-Sysmon/Operational", "Computer": "DESKTOP-P5C3MUD", "Security_UserID": "S-1-5-18", "Security": null, "EventData_RuleName": "-", "EventData_EventType": "CreateKey", "EventData_UtcTime": "2023-09-27 07:08:15.998", "EventData_ProcessGuid": "{4557fbaa-ce2f-6513-1b00-000000000e00}", "EventData_ProcessId": "1336", "EventData_Image": "C:\\Windows\\system32\\svchost.exe", "EventData_TargetObject": "HKLM\\SOFTWARE\\Microsoft\\Windows NT\\CurrentVersion\\ProfileService\\References", "EventData_User": "NT AUTHORITY\\SYSTEM"}
{"Provider_Name": "Microsoft-Windows-Sysmon", "Provider_Guid": "{5770385f-c22a-43e0-bf4c-06f5698ffbd9}", "Provider": null, "EventID_Qualifiers": "", "EventID": "12", "Version": "2", "Level": "4", "Task": "12", "Opcode": "0", "Keywords": "0x8000000000000000", "TimeCreated_SystemTime": "2023-09-27 07:08:16.009655", "TimeCreated": null, "EventRecordID": "31549", "Correlation_ActivityID": "", "Correlation_RelatedActivityID": "", "Correlation": null, "Execution_ProcessID": "3368", "Execution_ThreadID": "3332", "Execution": null, "Channel": "Microsoft-Windows-Sysmon/Operational", "Computer": "DESKTOP-P5C3MUD", "Security_UserID": "S-1-5-18", "Security": null, "EventData_RuleName": "-", "EventData_EventType": "CreateKey", "EventData_UtcTime": "2023-09-27 07:08:15.998", "EventData_ProcessGuid": "{4557fbaa-ce2f-6513-1b00-000000000e00}", "EventData_ProcessId": "1336", "EventData_Image": "C:\\Windows\\system32\\svchost.exe", "EventData_TargetObject": "HKLM\\SOFTWARE\\Microsoft\\Windows NT\\CurrentVersion\\ProfileService\\References\\S-1-5-21-2994737283-653069417-2221972583-1001", "EventData_User": "NT AUTHORITY\\SYSTEM"}
{"Provider_Name": "Microsoft-Windows-Sysmon", "Provider_Guid": "{5770385f-c22a-43e0-bf4c-06f5698ffbd9}", "Provider": null, "EventID_Qualifiers": "", "EventID": "12", "Version": "2", "Level": "4", "Task": "12", "Opcode": "0", "Keywords": "0x8000000000000000", "TimeCreated_SystemTime": "2023-09-27 07:08:16.009682", "TimeCreated": null, "EventRecordID": "31550", "Correlation_ActivityID": "", "Correlation_RelatedActivityID": "", "Correlation": null, "Execution_ProcessID": "3368", "Execution_ThreadID": "3332", "Execution": null, "Channel": "Microsoft-Windows-Sysmon/Operational", "Computer": "DESKTOP-P5C3MUD", "Security_UserID": "S-1-5-18", "Security": null, "EventData_RuleName": "-", "EventData_EventType": "CreateKey", "EventData_UtcTime": "2023-09-27 07:08:15.998", "EventData_ProcessGuid": "{4557fbaa-ce2f-6513-1b00-000000000e00}", "EventData_ProcessId": "1336", "EventData_Image": "C:\\Windows\\system32\\svchost.exe", "EventData_TargetObject": "HKLM\\SOFTWARE\\Microsoft\\Windows NT\\CurrentVersion\\ProfileService\\References", "EventData_User": "NT AUTHORITY\\SYSTEM"}
{"Provider_Name": "Microsoft-Windows-Sysmon", "Provider_Guid": "{5770385f-c22a-43e0-bf4c-06f5698ffbd9}", "Provider": null, "EventID_Qualifiers": "", "EventID": "12", "Version": "2", "Level": "4", "Task": "12", "Opcode": "0", "Keywords": "0x8000000000000000", "TimeCreated_SystemTime": "2023-09-27 07:08:16.009708", "TimeCreated": null, "EventRecordID": "31551", "Correlation_ActivityID": "", "Correlation_RelatedActivityID": "", "Correlation": null, "Execution_ProcessID": "3368", "Execution_ThreadID": "3332", "Execution": null, "Channel": "Microsoft-Windows-Sysmon/Operational", "Computer": "DESKTOP-P5C3MUD", "Security_UserID": "S-1-5-18", "Security": null, "EventData_RuleName": "-", "EventData_EventType": "CreateKey", "EventData_UtcTime": "2023-09-27 07:08:15.998", "EventData_ProcessGuid": "{4557fbaa-ce2f-6513-1b00-000000000e00}", "EventData_ProcessId": "1336", "EventData_Image": "C:\\Windows\\system32\\svchost.exe", "EventData_TargetObject": "HKLM\\SOFTWARE\\Microsoft\\Windows NT\\CurrentVersion\\ProfileService\\References\\S-1-5-21-2994737283-653069417-2221972583-1001", "EventData_User": "NT AUTHORITY\\SYSTEM"}
{"Provider_Name": "Microsoft-Windows-Sysmon", "Provider_Guid": "{5770385f-c22a-43e0-bf4c-06f5698ffbd9}", "Provider": null, "EventID_Qualifiers": "", "EventID": "13", "Version": "2", "Level": "4", "Task": "13", "Opcode": "0", "Keywords": "0x8000000000000000", "TimeCreated_SystemTime": "2023-09-27 07:08:16.009794", "TimeCreated": null, "EventRecordID": "31552", "Correlation_ActivityID": "", "Correlation_RelatedActivityID": "", "Correlation": null, "Execution_ProcessID": "3368", "Execution_ThreadID": "3332", "Execution": null, "Channel": "Microsoft-Windows-Sysmon/Operational", "Computer": "DESKTOP-P5C3MUD", "Security_UserID": "S-1-5-18", "Security": null, "EventData_RuleName": "-", "EventData_EventType": "SetValue", "EventData_UtcTime": "2023-09-27 07:08:15.998", "EventData_ProcessGuid": "{4557fbaa-ce2f-6513-1b00-000000000e00}", "EventData_ProcessId": "1336", "EventData_Image": "C:\\Windows\\system32\\svchost.exe", "EventData_TargetObject": "HKLM\\SOFTWARE\\Microsoft\\Windows NT\\CurrentVersion\\ProfileService\\References\\S-1-5-21-2994737283-653069417-2221972583-1001\\RefCount", "EventData_Details": "Binary Data", "EventData_User": "NT AUTHORITY\\SYSTEM"}
{"Provider_Name": "Microsoft-Windows-Sysmon", "Provider_Guid": "{5770385f-c22a-43e0-bf4c-06f5698ffbd9}", "Provider": null, "EventID_Qualifiers": "", "EventID": "12", "Version": "2", "Level": "4", "Task": "12", "Opcode": "0", "Keywords": "0x8000000000000000", "TimeCreated_SystemTime": "2023-09-27 07:08:16.010145", "TimeCreated": null, "EventRecordID": "31553", "Correlation_ActivityID": "", "Correlation_RelatedActivityID": "", "Correlation": null, "Execution_ProcessID": "3368", "Execution_ThreadID": "3332", "Execution": null, "Channel": "Microsoft-Windows-Sysmon/Operational", "Computer": "DESKTOP-P5C3MUD", "Security_UserID": "S-1-5-18", "Security": null, "EventData_RuleName": "-", "EventData_EventType": "CreateKey", "EventData_UtcTime": "2023-09-27 07:08:15.998", "EventData_ProcessGuid": "{4557fbaa-ce2f-6513-1b00-000000000e00}", "EventData_ProcessId": "1336", "EventData_Image": "C:\\Windows\\system32\\svchost.exe", "EventData_TargetObject": "HKU\\S-1-5-21-2994737283-653069417-2221972583-1001\\SOFTWARE\\Microsoft\\Windows\\CurrentVersion\\CloudStore", "EventData_User": "NT AUTHORITY\\SYSTEM"}
{"Provider_Name": "Microsoft-Windows-Sysmon", "Provider_Guid": "{5770385f-c22a-43e0-bf4c-06f5698ffbd9}", "Provider": null, "EventID_Qualifiers": "", "EventID": "12", "Version": "2", "Level": "4", "Task": "12", "Opcode": "0", "Keywords": "0x8000000000000000", "TimeCreated_SystemTime": "2023-09-27 07:08:16.010199", "TimeCreated": null, "EventRecordID": "31554", "Correlation_ActivityID": "", "Correlation_RelatedActivityID": "", "Correlation": null, "Execution_ProcessID": "3368", "Execution_ThreadID": "3332", "Execution": null, "Channel": "Microsoft-Windows-Sysmon/Operational", "Computer": "DESKTOP-P5C3MUD", "Security_UserID": "S-1-5-18", "Security": null, "EventData_RuleName": "-", "EventData_EventType": "CreateKey", "EventData_UtcTime": "2023-09-27 07:08:15.998", "EventData_ProcessGuid": "{4557fbaa-ce2f-6513-1b00-000000000e00}", "EventData_ProcessId": "1336", "EventData_Image": "C:\\Windows\\system32\\svchost.exe", "EventData_TargetObject": "HKU\\S-1-5-21-2994737283-653069417-2221972583-1001\\SOFTWARE\\Microsoft\\Windows\\CurrentVersion\\CloudStore\\Store", "EventData_User": "NT AUTHORITY\\SYSTEM"}
{"Provider_Name": "Microsoft-Windows-Sysmon", "Provider_Guid": "{5770385f-c22a-43e0-bf4c-06f5698ffbd9}", "Provider": null, "EventID_Qualifiers": "", "EventID": "12", "Version": "2", "Level": "4", "Task": "12", "Opcode": "0", "Keywords": "0x8000000000000000", "TimeCreated_SystemTime": "2023-09-27 07:08:16.010241", "TimeCreated": null, "EventRecordID": "31555", "Correlation_ActivityID": "", "Correlation_RelatedActivityID": "", "Correlation": null, "Execution_ProcessID": "3368", "Execution_ThreadID": "3332", "Execution": null, "Channel": "Microsoft-Windows-Sysmon/Operational", "Computer": "DESKTOP-P5C3MUD", "Security_UserID": "S-1-5-18", "Security": null, "EventData_RuleName": "-", "EventData_EventType": "CreateKey", "EventData_UtcTime": "2023-09-27 07:08:15.998", "EventData_ProcessGuid": "{4557fbaa-ce2f-6513-1b00-000000000e00}", "EventData_ProcessId": "1336", "EventData_Image": "C:\\Windows\\system32\\svchost.exe", "EventData_TargetObject": "HKU\\S-1-5-21-2994737283-653069417-2221972583-1001\\SOFTWARE\\Microsoft\\Windows\\CurrentVersion\\CloudStore\\SystemMetaData", "EventData_User": "NT AUTHORITY\\SYSTEM"}
{"Provider_Name": "Microsoft-Windows-Sysmon", "Provider_Guid": "{5770385f-c22a-43e0-bf4c-06f5698ffbd9}", "Provider": null, "EventID_Qualifiers": "", "EventID": "26", "Version": "5", "Level": "4", "Task": "26", "Opcode": "0", "Keywords": "0x8000000000000000", "TimeCreated_SystemTime": "2023-09-27 07:08:16.010267", "TimeCreated": null, "EventRecordID": "31556", "Correlation_ActivityID": "", "Correlation_RelatedActivityID": "", "Correlation": null, "Execution_ProcessID": "3368", "Execution_ThreadID": "3332", "Execution": null, "Channel": "Microsoft-Windows-Sysmon/Operational", "Computer": "DESKTOP-P5C3MUD", "Security_UserID": "S-1-5-18", "Security": null, "EventData_RuleName": "-", "EventData_UtcTime": "2023-09-27 07:08:15.998", "EventData_ProcessGuid": "{4557fbaa-ce2f-6513-2500-000000000e00}", "EventData_ProcessId": "1708", "EventData_User": "NT AUTHORITY\\SYSTEM", "EventData_Image": "C:\\Windows\\system32\\svchost.exe", "EventData_TargetFilename": "C:\\Windows\\Prefetch\\CONSENT.EXE-40419367.pf", "EventData_Hashes": "SHA1=7892542A58FECE3BFF0882B583FCE9AD555C1B8C,MD5=4F8414EE6D29AC6BC9C41BC87102810D,SHA256=DB6699320B09D743F1A7011564F7F89674EAE776956DEEF910168BF4F5847BB6,IMPHASH=00000000000000000000000000000000", "EventData_IsExecutable": "False"}
{"Provider_Name": "Microsoft-Windows-Sysmon", "Provider_Guid": "{5770385f-c22a-43e0-bf4c-06f5698ffbd9}", "Provider": null, "EventID_Qualifiers": "", "EventID": "12", "Version": "2", "Level": "4", "Task": "12", "Opcode": "0", "Keywords": "0x8000000000000000", "TimeCreated_SystemTime": "2023-09-27 07:08:16.010292", "TimeCreated": null, "EventRecordID": "31557", "Correlation_ActivityID": "", "Correlation_RelatedActivityID": "", "Correlation": null, "Execution_ProcessID": "3368", "Execution_ThreadID": "3332", "Execution": null, "Channel": "Microsoft-Windows-Sysmon/Operational", "Computer": "DESKTOP-P5C3MUD", "Security_UserID": "S-1-5-18", "Security": null, "EventData_RuleName": "-", "EventData_EventType": "CreateKey", "EventData_UtcTime": "2023-09-27 07:08:15.998", "EventData_ProcessGuid": "{4557fbaa-ce2f-6513-1b00-000000000e00}", "EventData_ProcessId": "1336", "EventData_Image": "C:\\Windows\\system32\\svchost.exe", "EventData_TargetObject": "HKU\\S-1-5-21-2994737283-653069417-2221972583-1001\\SOFTWARE\\Microsoft\\Windows\\CurrentVersion\\CloudStore\\Store\\Cache", "EventData_User": "NT AUTHORITY\\SYSTEM"}
{"Provider_Name": "Microsoft-Windows-Sysmon", "Provider_Guid": "{5770385f-c22a-43e0-bf4c-06f5698ffbd9}", "Provider": null, "EventID_Qualifiers": "", "EventID": "12", "Version": "2", "Level": "4", "Task": "12", "Opcode": "0", "Keywords": "0x8000000000000000", "TimeCreated_SystemTime": "2023-09-27 07:08:16.010313", "TimeCreated": null, "EventRecordID": "31558", "Correlation_ActivityID": "", "Correlation_RelatedActivityID": "", "Correlation": null, "Execution_ProcessID": "3368", "Execution_ThreadID": "3332", "Execution": null, "Channel": "Microsoft-Windows-Sysmon/Operational", "Computer": "DESKTOP-P5C3MUD", "Security_UserID": "S-1-5-18", "Security": null, "EventData_RuleName": "-", "EventData_EventType": "CreateKey", "EventData_UtcTime": "2023-09-27 07:08:15.998", "EventData_ProcessGuid": "{4557fbaa-ce2f-6513-1b00-000000000e00}", "EventData_ProcessId": "1336", "EventData_Image": "C:\\Windows\\system32\\svchost.exe", "EventData_TargetObject": "HKU\\S-1-5-21-2994737283-653069417-2221972583-1001\\SOFTWARE\\Microsoft\\Windows\\CurrentVersion\\CloudStore\\StoreInit", "EventData_User": "NT AUTHORITY\\SYSTEM"}
{"Provider_Name": "Microsoft-Windows-Sysmon", "Provider_Guid": "{5770385f-c22a-43e0-bf4c-06f5698ffbd9}", "Provider": null, "EventID_Qualifiers": "", "EventID": "11", "Version": "2", "Level": "4", "Task": "11", "Opcode": "0", "Keywords": "0x8000000000000000", "TimeCreated_SystemTime": "2023-09-27 07:08:16.010372", "TimeCreated": null, "EventRecordID": "31559", "Correlation_ActivityID": "", "Correlation_RelatedActivityID": "", "Correlation": null, "Execution_ProcessID": "3368", "Execution_ThreadID": "3332", "Execution": null, "Channel": "Microsoft-Windows-Sysmon/Operational", "Computer": "DESKTOP-P5C3MUD", "Security_UserID": "S-1-5-18", "Security": null, "EventData_RuleName": "-", "EventData_UtcTime": "2023-09-27 07:08:15.998", "EventData_ProcessGuid": "{4557fbaa-ce2f-6513-2500-000000000e00}", "EventData_ProcessId": "1708", "EventData_Image": "C:\\Windows\\system32\\svchost.exe", "EventData_TargetFilename": "C:\\Windows\\Prefetch\\CONSENT.EXE-40419367.pf", "EventData_CreationUtcTime": "2023-08-08 01:08:36.572", "EventData_User": "NT AUTHORITY\\SYSTEM"}
{"Provider_Name": "Microsoft-Windows-Sysmon", "Provider_Guid": "{5770385f-c22a-43e0-bf4c-06f5698ffbd9}", "Provider": null, "EventID_Qualifiers": "", "EventID": "12", "Version": "2", "Level": "4", "Task": "12", "Opcode": "0", "Keywords": "0x8000000000000000", "TimeCreated_SystemTime": "2023-09-27 07:08:16.010948", "TimeCreated": null, "EventRecordID": "31560", "Correlation_ActivityID": "", "Correlation_RelatedActivityID": "", "Correlation": null, "Execution_ProcessID": "3368", "Execution_ThreadID": "3332", "Execution": null, "Channel": "Microsoft-Windows-Sysmon/Operational", "Computer": "DESKTOP-P5C3MUD", "Security_UserID": "S-1-5-18", "Security": null, "EventData_RuleName": "-", "EventData_EventType": "CreateKey", "EventData_UtcTime": "2023-09-27 07:08:15.998", "EventData_ProcessGuid": "{4557fbaa-ce2f-6513-1b00-000000000e00}", "EventData_ProcessId": "1336", "EventData_Image": "C:\\Windows\\system32\\svchost.exe", "EventData_TargetObject": "HKLM\\SOFTWARE\\Microsoft\\IdentityStore\\Cache\\S-1-5-21-2994737283-653069417-2221972583-1001", "EventData_User": "NT AUTHORITY\\SYSTEM"}
{"Provider_Name": "Microsoft-Windows-Sysmon", "Provider_Guid": "{5770385f-c22a-43e0-bf4c-06f5698ffbd9}", "Provider": null, "EventID_Qualifiers": "", "EventID": "1", "Version": "5", "Level": "4", "Task": "1", "Opcode": "0", "Keywords": "0x8000000000000000", "TimeCreated_SystemTime": "2023-09-27 07:08:16.022203", "TimeCreated": null, "EventRecordID": "31561", "Correlation_ActivityID": "", "Correlation_RelatedActivityID": "", "Correlation": null, "Execution_ProcessID": "3368", "Execution_ThreadID": "3332", "Execution": null, "Channel": "Microsoft-Windows-Sysmon/Operational", "Computer": "DESKTOP-P5C3MUD", "Security_UserID": "S-1-5-18", "Security": null, "EventData_RuleName": "-", "EventData_UtcTime": "2023-09-27 07:08:16.015", "EventData_ProcessGuid": "{4557fbaa-d4e0-6513-c301-000000000e00}", "EventData_ProcessId": "1088", "EventData_Image": "E:\\Experiment\\Windows Hacker Attack Program\\5\\\u5feb\u901f\u542f\u52a8\u76ee\u5f55\\AutoRun_Startup_Test.exe", "EventData_FileVersion": "-", "EventData_Description": "-", "EventData_Product": "-", "EventData_Company": "-", "EventData_OriginalFileName": "-", "EventData_CommandLine": "\"E:\\Experiment\\Windows Hacker Attack Program\\5\\\u5feb\u901f\u542f\u52a8\u76ee\u5f55\\AutoRun_Startup_Test.exe\" ", "EventData_CurrentDirectory": "E:\\Experiment\\Windows Hacker Attack Program\\5\\\u5feb\u901f\u542f\u52a8\u76ee\u5f55\\", "EventData_User": "DESKTOP-P5C3MUD\\user", "EventData_LogonGuid": "{4557fbaa-ce34-6513-c877-070000000000}", "EventData_LogonId": "0x00000000000777c8", "EventData_TerminalSessionId": "1", "EventData_IntegrityLevel": "High", "EventData_Hashes": "SHA1=F9500ECF94FDEB736085F735A8708502D43BAABE,MD5=C59E7F931B0B27BDE1F4FA25BEE2A3E1,SHA256=D8A2DF022A10C08124E19A3B236AF56F729050912BAC6B1E3DCEF1892BCF8536,IMPHASH=2149F8785B70016724D6A92636E1258A", "EventData_ParentProcessGuid": "{4557fbaa-ce38-6513-8800-000000000e00}", "EventData_ParentProcessId": "5556", "EventData_ParentImage": "C:\\Windows\\explorer.exe", "EventData_ParentCommandLine": "C:\\Windows\\Explorer.EXE", "EventData_ParentUser": "DESKTOP-P5C3MUD\\user"}
{"Provider_Name": "Microsoft-Windows-Sysmon", "Provider_Guid": "{5770385f-c22a-43e0-bf4c-06f5698ffbd9}", "Provider": null, "EventID_Qualifiers": "", "EventID": "10", "Version": "3", "Level": "4", "Task": "10", "Opcode": "0", "Keywords": "0x8000000000000000", "TimeCreated_SystemTime": "2023-09-27 07:08:16.022324", "TimeCreated": null, "EventRecordID": "31562", "Correlation_ActivityID": "", "Correlation_RelatedActivityID": "", "Correlation": null, "Execution_ProcessID": "3368", "Execution_ThreadID": "3332", "Execution": null, "Channel": "Microsoft-Windows-Sysmon/Operational", "Computer": "DESKTOP-P5C3MUD", "Security_UserID": "S-1-5-18", "Security": null, "EventData_RuleName": "-", "EventData_UtcTime": "2023-09-27 07:08:16.014", "EventData_SourceProcessGUID": "{4557fbaa-ce55-6513-c700-000000000e00}", "EventData_SourceProcessId": "10168", "EventData_SourceThreadId": "4956", "EventData_SourceImage": "C:\\Windows\\system32\\svchost.exe", "EventData_TargetProcessGUID": "{4557fbaa-d4e0-6513-c301-000000000e00}", "EventData_TargetProcessId": "1088", "EventData_TargetImage": "E:\\Experiment\\Windows Hacker Attack Program\\5\\\u5feb\u901f\u542f\u52a8\u76ee\u5f55\\AutoRun_Startup_Test.exe", "EventData_GrantedAccess": "0x001fffff", "EventData_CallTrace": "C:\\Windows\\SYSTEM32\\ntdll.dll+9e764|C:\\Windows\\System32\\KERNELBASE.dll+5b473|C:\\Windows\\System32\\KERNELBASE.dll+58a03|C:\\Windows\\System32\\KERNEL32.DLL+1de30|c:\\windows\\system32\\appinfo.dll+526b|c:\\windows\\system32\\appinfo.dll+697e|C:\\Windows\\System32\\RPCRT4.dll+7b4b3|C:\\Windows\\System32\\RPCRT4.dll+dc5ea|C:\\Windows\\System32\\RPCRT4.dll+59188|C:\\Windows\\System32\\RPCRT4.dll+3a3a6|C:\\Windows\\System32\\RPCRT4.dll+39fd6|C:\\Windows\\System32\\RPCRT4.dll+4730f|C:\\Windows\\System32\\RPCRT4.dll+468c8|C:\\Windows\\System32\\RPCRT4.dll+45eb1|C:\\Windows\\System32\\RPCRT4.dll+4591e|C:\\Windows\\System32\\RPCRT4.dll+4a032|C:\\Windows\\SYSTEM32\\ntdll.dll+20330|C:\\Windows\\SYSTEM32\\ntdll.dll+52f86|C:\\Windows\\System32\\KERNEL32.DLL+17344|C:\\Windows\\SYSTEM32\\ntdll.dll+526b1", "EventData_SourceUser": "NT AUTHORITY\\SYSTEM", "EventData_TargetUser": "DESKTOP-P5C3MUD\\user"}
{"Provider_Name": "Microsoft-Windows-Sysmon", "Provider_Guid": "{5770385f-c22a-43e0-bf4c-06f5698ffbd9}", "Provider": null, "EventID_Qualifiers": "", "EventID": "10", "Version": "3", "Level": "4", "Task": "10", "Opcode": "0", "Keywords": "0x8000000000000000", "TimeCreated_SystemTime": "2023-09-27 07:08:16.022402", "TimeCreated": null, "EventRecordID": "31563", "Correlation_ActivityID": "", "Correlation_RelatedActivityID": "", "Correlation": null, "Execution_ProcessID": "3368", "Execution_ThreadID": "3332", "Execution": null, "Channel": "Microsoft-Windows-Sysmon/Operational", "Computer": "DESKTOP-P5C3MUD", "Security_UserID": "S-1-5-18", "Security": null, "EventData_RuleName": "-", "EventData_UtcTime": "2023-09-27 07:08:16.014", "EventData_SourceProcessGUID": "{4557fbaa-ce2d-6513-0600-000000000e00}", "EventData_SourceProcessId": "500", "EventData_SourceThreadId": "636", "EventData_SourceImage": "C:\\Windows\\system32\\csrss.exe", "EventData_TargetProcessGUID": "{4557fbaa-d4e0-6513-c301-000000000e00}", "EventData_TargetProcessId": "1088", "EventData_TargetImage": "E:\\Experiment\\Windows Hacker Attack Program\\5\\\u5feb\u901f\u542f\u52a8\u76ee\u5f55\\AutoRun_Startup_Test.exe", "EventData_GrantedAccess": "0x001fffff", "EventData_CallTrace": "C:\\Windows\\SYSTEM32\\ntdll.dll+9d314|C:\\Windows\\system32\\basesrv.DLL+326f|C:\\Windows\\SYSTEM32\\CSRSRV.dll+6490|C:\\Windows\\SYSTEM32\\ntdll.dll+526bf", "EventData_SourceUser": "NT AUTHORITY\\SYSTEM", "EventData_TargetUser": "DESKTOP-P5C3MUD\\user"}
{"Provider_Name": "Microsoft-Windows-Sysmon", "Provider_Guid": "{5770385f-c22a-43e0-bf4c-06f5698ffbd9}", "Provider": null, "EventID_Qualifiers": "", "EventID": "13", "Version": "2", "Level": "4", "Task": "13", "Opcode": "0", "Keywords": "0x8000000000000000", "TimeCreated_SystemTime": "2023-09-27 07:08:16.036493", "TimeCreated": null, "EventRecordID": "31564", "Correlation_ActivityID": "", "Correlation_RelatedActivityID": "", "Correlation": null, "Execution_ProcessID": "3368", "Execution_ThreadID": "3332", "Execution": null, "Channel": "Microsoft-Windows-Sysmon/Operational", "Computer": "DESKTOP-P5C3MUD", "Security_UserID": "S-1-5-18", "Security": null, "EventData_RuleName": "-", "EventData_EventType": "SetValue", "EventData_UtcTime": "2023-09-27 07:08:16.029", "EventData_ProcessGuid": "{4557fbaa-ce38-6513-8800-000000000e00}", "EventData_ProcessId": "5556", "EventData_Image": "C:\\Windows\\Explorer.EXE", "EventData_TargetObject": "HKU\\S-1-5-21-2994737283-653069417-2221972583-1001\\SOFTWARE\\Microsoft\\Windows\\CurrentVersion\\Explorer\\UserAssist\\{CEBFF5CD-ACE2-4F4F-9178-9926F41749EA}\\Count\\Zvpebfbsg.Jvaqbjf.Rkcybere", "EventData_Details": "Binary Data", "EventData_User": "DESKTOP-P5C3MUD\\user"}
{"Provider_Name": "Microsoft-Windows-Sysmon", "Provider_Guid": "{5770385f-c22a-43e0-bf4c-06f5698ffbd9}", "Provider": null, "EventID_Qualifiers": "", "EventID": "13", "Version": "2", "Level": "4", "Task": "13", "Opcode": "0", "Keywords": "0x8000000000000000", "TimeCreated_SystemTime": "2023-09-27 07:08:16.036919", "TimeCreated": null, "EventRecordID": "31565", "Correlation_ActivityID": "", "Correlation_RelatedActivityID": "", "Correlation": null, "Execution_ProcessID": "3368", "Execution_ThreadID": "3332", "Execution": null, "Channel": "Microsoft-Windows-Sysmon/Operational", "Computer": "DESKTOP-P5C3MUD", "Security_UserID": "S-1-5-18", "Security": null, "EventData_RuleName": "-", "EventData_EventType": "SetValue", "EventData_UtcTime": "2023-09-27 07:08:16.029", "EventData_ProcessGuid": "{4557fbaa-ce38-6513-8800-000000000e00}", "EventData_ProcessId": "5556", "EventData_Image": "C:\\Windows\\Explorer.EXE", "EventData_TargetObject": "HKU\\S-1-5-21-2994737283-653069417-2221972583-1001\\SOFTWARE\\Microsoft\\Windows\\CurrentVersion\\Explorer\\UserAssist\\{CEBFF5CD-ACE2-4F4F-9178-9926F41749EA}\\Count\\HRZR_PGYFRFFVBA", "EventData_Details": "Binary Data", "EventData_User": "DESKTOP-P5C3MUD\\user"}
{"Provider_Name": "Microsoft-Windows-Sysmon", "Provider_Guid": "{5770385f-c22a-43e0-bf4c-06f5698ffbd9}", "Provider": null, "EventID_Qualifiers": "", "EventID": "10", "Version": "3", "Level": "4", "Task": "10", "Opcode": "0", "Keywords": "0x8000000000000000", "TimeCreated_SystemTime": "2023-09-27 07:08:16.037104", "TimeCreated": null, "EventRecordID": "31566", "Correlation_ActivityID": "", "Correlation_RelatedActivityID": "", "Correlation": null, "Execution_ProcessID": "3368", "Execution_ThreadID": "3332", "Execution": null, "Channel": "Microsoft-Windows-Sysmon/Operational", "Computer": "DESKTOP-P5C3MUD", "Security_UserID": "S-1-5-18", "Security": null, "EventData_RuleName": "-", "EventData_UtcTime": "2023-09-27 07:08:16.029", "EventData_SourceProcessGUID": "{4557fbaa-ce2f-6513-0f00-000000000e00}", "EventData_SourceProcessId": "900", "EventData_SourceThreadId": "984", "EventData_SourceImage": "C:\\Windows\\system32\\svchost.exe", "EventData_TargetProcessGUID": "{4557fbaa-ce38-6513-8800-000000000e00}", "EventData_TargetProcessId": "5556", "EventData_TargetImage": "C:\\Windows\\Explorer.EXE", "EventData_GrantedAccess": "0x00002000", "EventData_CallTrace": "C:\\Windows\\SYSTEM32\\ntdll.dll+9d314|C:\\Windows\\SYSTEM32\\psmserviceexthost.dll+9f49|C:\\Windows\\SYSTEM32\\psmserviceexthost.dll+9d43|C:\\Windows\\SYSTEM32\\ntdll.dll+62dc9|C:\\Windows\\SYSTEM32\\ntdll.dll+62a51|C:\\Windows\\SYSTEM32\\ntdll.dll+628b0|C:\\Windows\\SYSTEM32\\ntdll.dll+10ebc|C:\\Windows\\SYSTEM32\\ntdll.dll+52f86|C:\\Windows\\System32\\KERNEL32.DLL+17344|C:\\Windows\\SYSTEM32\\ntdll.dll+526b1", "EventData_SourceUser": "NT AUTHORITY\\SYSTEM", "EventData_TargetUser": "DESKTOP-P5C3MUD\\user"}
{"Provider_Name": "Microsoft-Windows-Sysmon", "Provider_Guid": "{5770385f-c22a-43e0-bf4c-06f5698ffbd9}", "Provider": null, "EventID_Qualifiers": "", "EventID": "10", "Version": "3", "Level": "4", "Task": "10", "Opcode": "0", "Keywords": "0x8000000000000000", "TimeCreated_SystemTime": "2023-09-27 07:08:16.038975", "TimeCreated": null, "EventRecordID": "31567", "Correlation_ActivityID": "", "Correlation_RelatedActivityID": "", "Correlation": null, "Execution_ProcessID": "3368", "Execution_ThreadID": "3332", "Execution": null, "Channel": "Microsoft-Windows-Sysmon/Operational", "Computer": "DESKTOP-P5C3MUD", "Security_UserID": "S-1-5-18", "Security": null, "EventData_RuleName": "-", "EventData_UtcTime": "2023-09-27 07:08:16.029", "EventData_SourceProcessGUID": "{4557fbaa-ce38-6513-8800-000000000e00}", "EventData_SourceProcessId": "5556", "EventData_SourceThreadId": "6064", "EventData_SourceImage": "C:\\Windows\\Explorer.EXE", "EventData_TargetProcessGUID": "{4557fbaa-ce44-6513-a900-000000000e00}", "EventData_TargetProcessId": "8304", "EventData_TargetImage": "C:\\Windows\\SystemApps\\MicrosoftWindows.Client.CBS_cw5n1h2txyewy\\TextInputHost.exe", "EventData_GrantedAccess": "0x00002000", "EventData_CallTrace": "C:\\Windows\\SYSTEM32\\ntdll.dll+9d314|C:\\Windows\\System32\\KERNELBASE.dll+308ee|C:\\Windows\\system32\\twinui.dll+331cb|C:\\Windows\\system32\\twinui.dll+32a3c|C:\\Windows\\system32\\twinui.dll+68bdc|C:\\Windows\\system32\\twinui.dll+68b3c|C:\\Windows\\system32\\twinui.dll+60c7a|C:\\Windows\\system32\\twinui.dll+605aa|C:\\Windows\\system32\\twinui.dll+60e4b|C:\\Windows\\system32\\twinui.dll+6066d|C:\\Windows\\System32\\user32.dll+e858|C:\\Windows\\System32\\user32.dll+e299|C:\\Windows\\System32\\windows.immersiveshell.serviceprovider.dll+c7e3|C:\\Windows\\System32\\windows.immersiveshell.serviceprovider.dll+c377|C:\\Windows\\System32\\windows.immersiveshell.serviceprovider.dll+c9c7|C:\\Windows\\System32\\windows.immersiveshell.serviceprovider.dll+ca22|C:\\Windows\\System32\\KERNEL32.DLL+17344|C:\\Windows\\SYSTEM32\\ntdll.dll+526b1", "EventData_SourceUser": "DESKTOP-P5C3MUD\\user", "EventData_TargetUser": "DESKTOP-P5C3MUD\\user"}
{"Provider_Name": "Microsoft-Windows-Sysmon", "Provider_Guid": "{5770385f-c22a-43e0-bf4c-06f5698ffbd9}", "Provider": null, "EventID_Qualifiers": "", "EventID": "10", "Version": "3", "Level": "4", "Task": "10", "Opcode": "0", "Keywords": "0x8000000000000000", "TimeCreated_SystemTime": "2023-09-27 07:08:16.039049", "TimeCreated": null, "EventRecordID": "31568", "Correlation_ActivityID": "", "Correlation_RelatedActivityID": "", "Correlation": null, "Execution_ProcessID": "3368", "Execution_ThreadID": "3332", "Execution": null, "Channel": "Microsoft-Windows-Sysmon/Operational", "Computer": "DESKTOP-P5C3MUD", "Security_UserID": "S-1-5-18", "Security": null, "EventData_RuleName": "-", "EventData_UtcTime": "2023-09-27 07:08:16.029", "EventData_SourceProcessGUID": "{4557fbaa-ce38-6513-8800-000000000e00}", "EventData_SourceProcessId": "5556", "EventData_SourceThreadId": "6064", "EventData_SourceImage": "C:\\Windows\\Explorer.EXE", "EventData_TargetProcessGUID": "{4557fbaa-ce7f-6513-d800-000000000e00}", "EventData_TargetProcessId": "1136", "EventData_TargetImage": "C:\\Windows\\ImmersiveControlPanel\\SystemSettings.exe", "EventData_GrantedAccess": "0x00002000", "EventData_CallTrace": "C:\\Windows\\SYSTEM32\\ntdll.dll+9d314|C:\\Windows\\System32\\KERNELBASE.dll+308ee|C:\\Windows\\system32\\twinui.dll+331cb|C:\\Windows\\system32\\twinui.dll+32a3c|C:\\Windows\\system32\\twinui.dll+68bdc|C:\\Windows\\system32\\twinui.dll+68b3c|C:\\Windows\\system32\\twinui.dll+60c7a|C:\\Windows\\system32\\twinui.dll+605aa|C:\\Windows\\system32\\twinui.dll+60e4b|C:\\Windows\\system32\\twinui.dll+6066d|C:\\Windows\\System32\\user32.dll+e858|C:\\Windows\\System32\\user32.dll+e299|C:\\Windows\\System32\\windows.immersiveshell.serviceprovider.dll+c7e3|C:\\Windows\\System32\\windows.immersiveshell.serviceprovider.dll+c377|C:\\Windows\\System32\\windows.immersiveshell.serviceprovider.dll+c9c7|C:\\Windows\\System32\\windows.immersiveshell.serviceprovider.dll+ca22|C:\\Windows\\System32\\KERNEL32.DLL+17344|C:\\Windows\\SYSTEM32\\ntdll.dll+526b1", "EventData_SourceUser": "DESKTOP-P5C3MUD\\user", "EventData_TargetUser": "DESKTOP-P5C3MUD\\user"}
