{"Provider_Name": "Microsoft-Windows-Sysmon", "Provider_Guid": "{5770385f-c22a-43e0-bf4c-06f5698ffbd9}", "Provider": null, "EventID_Qualifiers": "", "EventID": "12", "Version": "2", "Level": "4", "Task": "12", "Opcode": "0", "Keywords": "0x8000000000000000", "TimeCreated_SystemTime": "2023-09-27 07:08:09.445570", "TimeCreated": null, "EventRecordID": "30845", "Correlation_ActivityID": "", "Correlation_RelatedActivityID": "", "Correlation": null, "Execution_ProcessID": "3368", "Execution_ThreadID": "3332", "Execution": null, "Channel": "Microsoft-Windows-Sysmon/Operational", "Computer": "DESKTOP-P5C3MUD", "Security_UserID": "S-1-5-18", "Security": null, "EventData_RuleName": "-", "EventData_EventType": "CreateKey", "EventData_UtcTime": "2023-09-27 07:08:09.436", "EventData_ProcessGuid": "{4557fbaa-ce99-6513-fd00-000000000e00}", "EventData_ProcessId": "4848", "EventData_Image": "C:\\Windows\\system32\\ctfmon.exe", "EventData_TargetObject": "HKU\\S-1-5-21-2994737283-653069417-2221972583-1001\\SOFTWARE\\Microsoft\\Input\\TypingInsights", "EventData_User": "DESKTOP-P5C3MUD\\user"}
{"Provider_Name": "Microsoft-Windows-Sysmon", "Provider_Guid": "{5770385f-c22a-43e0-bf4c-06f5698ffbd9}", "Provider": null, "EventID_Qualifiers": "", "EventID": "13", "Version": "2", "Level": "4", "Task": "13", "Opcode": "0", "Keywords": "0x8000000000000000", "TimeCreated_SystemTime": "2023-09-27 07:08:09.445602", "TimeCreated": null, "EventRecordID": "30846", "Correlation_ActivityID": "", "Correlation_RelatedActivityID": "", "Correlation": null, "Execution_ProcessID": "3368", "Execution_ThreadID": "3332", "Execution": null, "Channel": "Microsoft-Windows-Sysmon/Operational", "Computer": "DESKTOP-P5C3MUD", "Security_UserID": "S-1-5-18", "Security": null, "EventData_RuleName": "-", "EventData_EventType": "SetValue", "EventData_UtcTime": "2023-09-27 07:08:09.436", "EventData_ProcessGuid": "{4557fbaa-ce99-6513-fd00-000000000e00}", "EventData_ProcessId": "4848", "EventData_Image": "C:\\Windows\\system32\\ctfmon.exe", "EventData_TargetObject": "HKU\\S-1-5-21-2994737283-653069417-2221972583-1001\\SOFTWARE\\Microsoft\\Input\\TypingInsights\\Insights", "EventData_Details": "Binary Data", "EventData_User": "DESKTOP-P5C3MUD\\user"}
{"Provider_Name": "Microsoft-Windows-Sysmon", "Provider_Guid": "{5770385f-c22a-43e0-bf4c-06f5698ffbd9}", "Provider": null, "EventID_Qualifiers": "", "EventID": "10", "Version": "3", "Level": "4", "Task": "10", "Opcode": "0", "Keywords": "0x8000000000000000", "TimeCreated_SystemTime": "2023-09-27 07:08:09.469599", "TimeCreated": null, "EventRecordID": "30847", "Correlation_ActivityID": "", "Correlation_RelatedActivityID": "", "Correlation": null, "Execution_ProcessID": "3368", "Execution_ThreadID": "3332", "Execution": null, "Channel": "Microsoft-Windows-Sysmon/Operational", "Computer": "DESKTOP-P5C3MUD", "Security_UserID": "S-1-5-18", "Security": null, "EventData_RuleName": "-", "EventData_UtcTime": "2023-09-27 07:08:09.451", "EventData_SourceProcessGUID": "{4557fbaa-ce2f-6513-0f00-000000000e00}", "EventData_SourceProcessId": "900", "EventData_SourceThreadId": "4088", "EventData_SourceImage": "C:\\Windows\\system32\\svchost.exe", "EventData_TargetProcessGUID": "{4557fbaa-ce38-6513-8800-000000000e00}", "EventData_TargetProcessId": "5556", "EventData_TargetImage": "C:\\Windows\\Explorer.EXE", "EventData_GrantedAccess": "0x00002000", "EventData_CallTrace": "C:\\Windows\\SYSTEM32\\ntdll.dll+9d314|C:\\Windows\\SYSTEM32\\psmserviceexthost.dll+9f49|C:\\Windows\\SYSTEM32\\psmserviceexthost.dll+9d43|C:\\Windows\\SYSTEM32\\ntdll.dll+62dc9|C:\\Windows\\SYSTEM32\\ntdll.dll+62a51|C:\\Windows\\SYSTEM32\\ntdll.dll+628b0|C:\\Windows\\SYSTEM32\\ntdll.dll+10ebc|C:\\Windows\\SYSTEM32\\ntdll.dll+52f86|C:\\Windows\\System32\\KERNEL32.DLL+17344|C:\\Windows\\SYSTEM32\\ntdll.dll+526b1", "EventData_SourceUser": "NT AUTHORITY\\SYSTEM", "EventData_TargetUser": "DESKTOP-P5C3MUD\\user"}
{"Provider_Name": "Microsoft-Windows-Sysmon", "Provider_Guid": "{5770385f-c22a-43e0-bf4c-06f5698ffbd9}", "Provider": null, "EventID_Qualifiers": "", "EventID": "12", "Version": "2", "Level": "4", "Task": "12", "Opcode": "0", "Keywords": "0x8000000000000000", "TimeCreated_SystemTime": "2023-09-27 07:08:09.470425", "TimeCreated": null, "EventRecordID": "30848", "Correlation_ActivityID": "", "Correlation_RelatedActivityID": "", "Correlation": null, "Execution_ProcessID": "3368", "Execution_ThreadID": "3332", "Execution": null, "Channel": "Microsoft-Windows-Sysmon/Operational", "Computer": "DESKTOP-P5C3MUD", "Security_UserID": "S-1-5-18", "Security": null, "EventData_RuleName": "-", "EventData_EventType": "CreateKey", "EventData_UtcTime": "2023-09-27 07:08:09.467", "EventData_ProcessGuid": "{4557fbaa-ce44-6513-a900-000000000e00}", "EventData_ProcessId": "8304", "EventData_Image": "C:\\Windows\\SystemApps\\MicrosoftWindows.Client.CBS_cw5n1h2txyewy\\TextInputHost.exe", "EventData_TargetObject": "\\REGISTRY\\A\\{b2b0c5ff-946b-2a53-e466-583ec3509288}\\LocalState", "EventData_User": "DESKTOP-P5C3MUD\\user"}
{"Provider_Name": "Microsoft-Windows-Sysmon", "Provider_Guid": "{5770385f-c22a-43e0-bf4c-06f5698ffbd9}", "Provider": null, "EventID_Qualifiers": "", "EventID": "12", "Version": "2", "Level": "4", "Task": "12", "Opcode": "0", "Keywords": "0x8000000000000000", "TimeCreated_SystemTime": "2023-09-27 07:08:09.470451", "TimeCreated": null, "EventRecordID": "30849", "Correlation_ActivityID": "", "Correlation_RelatedActivityID": "", "Correlation": null, "Execution_ProcessID": "3368", "Execution_ThreadID": "3332", "Execution": null, "Channel": "Microsoft-Windows-Sysmon/Operational", "Computer": "DESKTOP-P5C3MUD", "Security_UserID": "S-1-5-18", "Security": null, "EventData_RuleName": "-", "EventData_EventType": "CreateKey", "EventData_UtcTime": "2023-09-27 07:08:09.467", "EventData_ProcessGuid": "{4557fbaa-ce44-6513-a900-000000000e00}", "EventData_ProcessId": "8304", "EventData_Image": "C:\\Windows\\SystemApps\\MicrosoftWindows.Client.CBS_cw5n1h2txyewy\\TextInputHost.exe", "EventData_TargetObject": "\\REGISTRY\\A\\{b2b0c5ff-946b-2a53-e466-583ec3509288}\\LocalState", "EventData_User": "DESKTOP-P5C3MUD\\user"}
{"Provider_Name": "Microsoft-Windows-Sysmon", "Provider_Guid": "{5770385f-c22a-43e0-bf4c-06f5698ffbd9}", "Provider": null, "EventID_Qualifiers": "", "EventID": "7", "Version": "3", "Level": "4", "Task": "7", "Opcode": "0", "Keywords": "0x8000000000000000", "TimeCreated_SystemTime": "2023-09-27 07:08:11.472786", "TimeCreated": null, "EventRecordID": "30850", "Correlation_ActivityID": "", "Correlation_RelatedActivityID": "", "Correlation": null, "Execution_ProcessID": "3368", "Execution_ThreadID": "3332", "Execution": null, "Channel": "Microsoft-Windows-Sysmon/Operational", "Computer": "DESKTOP-P5C3MUD", "Security_UserID": "S-1-5-18", "Security": null, "EventData_RuleName": "-", "EventData_UtcTime": "2023-09-27 07:08:11.467", "EventData_ProcessGuid": "{4557fbaa-ce30-6513-4600-000000000e00}", "EventData_ProcessId": "3184", "EventData_Image": "C:\\Windows\\System32\\svchost.exe", "EventData_ImageLoaded": "C:\\Windows\\System32\\OnDemandConnRouteHelper.dll", "EventData_FileVersion": "10.0.19041.2311 (WinBuild.160101.0800)", "EventData_Description": "On Demand Connctiond Route Helper", "EventData_Product": "Microsoft\u00ae Windows\u00ae Operating System", "EventData_Company": "Microsoft Corporation", "EventData_OriginalFileName": "OnDemandConnRouteHelper.dll", "EventData_Hashes": "SHA1=2E1FF39A5F6E785F98953D27B86F236528E52460,MD5=4D9E2E387700816976BF76A612E46CD7,SHA256=1DA537FD65A0ECE300F2443F44514116285458F4B5CAAE1890AF5C5A59CF80EE,IMPHASH=48D15928B7CDAE9E088E08F2C8DE7CFE", "EventData_Signed": "true", "EventData_Signature": "Microsoft Windows", "EventData_SignatureStatus": "Valid", "EventData_User": "NT AUTHORITY\\NETWORK SERVICE"}
{"Provider_Name": "Microsoft-Windows-Sysmon", "Provider_Guid": "{5770385f-c22a-43e0-bf4c-06f5698ffbd9}", "Provider": null, "EventID_Qualifiers": "", "EventID": "12", "Version": "2", "Level": "4", "Task": "12", "Opcode": "0", "Keywords": "0x8000000000000000", "TimeCreated_SystemTime": "2023-09-27 07:08:11.472948", "TimeCreated": null, "EventRecordID": "30851", "Correlation_ActivityID": "", "Correlation_RelatedActivityID": "", "Correlation": null, "Execution_ProcessID": "3368", "Execution_ThreadID": "3332", "Execution": null, "Channel": "Microsoft-Windows-Sysmon/Operational", "Computer": "DESKTOP-P5C3MUD", "Security_UserID": "S-1-5-18", "Security": null, "EventData_RuleName": "-", "EventData_EventType": "CreateKey", "EventData_UtcTime": "2023-09-27 07:08:11.467", "EventData_ProcessGuid": "{4557fbaa-ce30-6513-4600-000000000e00}", "EventData_ProcessId": "3184", "EventData_Image": "C:\\Windows\\system32\\svchost.exe", "EventData_TargetObject": "HKLM\\SOFTWARE\\Policies\\Microsoft\\Windows\\TenantRestrictions\\Payload", "EventData_User": "NT AUTHORITY\\NETWORK SERVICE"}
{"Provider_Name": "Microsoft-Windows-Sysmon", "Provider_Guid": "{5770385f-c22a-43e0-bf4c-06f5698ffbd9}", "Provider": null, "EventID_Qualifiers": "", "EventID": "12", "Version": "2", "Level": "4", "Task": "12", "Opcode": "0", "Keywords": "0x8000000000000000", "TimeCreated_SystemTime": "2023-09-27 07:08:11.473003", "TimeCreated": null, "EventRecordID": "30852", "Correlation_ActivityID": "", "Correlation_RelatedActivityID": "", "Correlation": null, "Execution_ProcessID": "3368", "Execution_ThreadID": "3332", "Execution": null, "Channel": "Microsoft-Windows-Sysmon/Operational", "Computer": "DESKTOP-P5C3MUD", "Security_UserID": "S-1-5-18", "Security": null, "EventData_RuleName": "-", "EventData_EventType": "CreateKey", "EventData_UtcTime": "2023-09-27 07:08:11.467", "EventData_ProcessGuid": "{4557fbaa-ce30-6513-4600-000000000e00}", "EventData_ProcessId": "3184", "EventData_Image": "C:\\Windows\\system32\\svchost.exe", "EventData_TargetObject": "HKLM\\SOFTWARE\\Policies\\Microsoft\\Windows\\TenantRestrictions\\Payload", "EventData_User": "NT AUTHORITY\\NETWORK SERVICE"}
{"Provider_Name": "Microsoft-Windows-Sysmon", "Provider_Guid": "{5770385f-c22a-43e0-bf4c-06f5698ffbd9}", "Provider": null, "EventID_Qualifiers": "", "EventID": "12", "Version": "2", "Level": "4", "Task": "12", "Opcode": "0", "Keywords": "0x8000000000000000", "TimeCreated_SystemTime": "2023-09-27 07:08:11.473120", "TimeCreated": null, "EventRecordID": "30853", "Correlation_ActivityID": "", "Correlation_RelatedActivityID": "", "Correlation": null, "Execution_ProcessID": "3368", "Execution_ThreadID": "3332", "Execution": null, "Channel": "Microsoft-Windows-Sysmon/Operational", "Computer": "DESKTOP-P5C3MUD", "Security_UserID": "S-1-5-18", "Security": null, "EventData_RuleName": "-", "EventData_EventType": "CreateKey", "EventData_UtcTime": "2023-09-27 07:08:11.467", "EventData_ProcessGuid": "{4557fbaa-ce30-6513-4600-000000000e00}", "EventData_ProcessId": "3184", "EventData_Image": "C:\\Windows\\system32\\svchost.exe", "EventData_TargetObject": "HKLM\\SOFTWARE\\Policies\\Microsoft\\Windows\\TenantRestrictions\\Payload", "EventData_User": "NT AUTHORITY\\NETWORK SERVICE"}
{"Provider_Name": "Microsoft-Windows-Sysmon", "Provider_Guid": "{5770385f-c22a-43e0-bf4c-06f5698ffbd9}", "Provider": null, "EventID_Qualifiers": "", "EventID": "12", "Version": "2", "Level": "4", "Task": "12", "Opcode": "0", "Keywords": "0x8000000000000000", "TimeCreated_SystemTime": "2023-09-27 07:08:11.477423", "TimeCreated": null, "EventRecordID": "30854", "Correlation_ActivityID": "", "Correlation_RelatedActivityID": "", "Correlation": null, "Execution_ProcessID": "3368", "Execution_ThreadID": "3332", "Execution": null, "Channel": "Microsoft-Windows-Sysmon/Operational", "Computer": "DESKTOP-P5C3MUD", "Security_UserID": "S-1-5-18", "Security": null, "EventData_RuleName": "-", "EventData_EventType": "CreateKey", "EventData_UtcTime": "2023-09-27 07:08:11.467", "EventData_ProcessGuid": "{4557fbaa-ce30-6513-3a00-000000000e00}", "EventData_ProcessId": "2644", "EventData_Image": "C:\\Windows\\system32\\svchost.exe", "EventData_TargetObject": "HKU\\.DEFAULT\\Software\\Microsoft\\Windows\\CurrentVersion\\Internet Settings\\Connections", "EventData_User": "NT AUTHORITY\\LOCAL SERVICE"}
{"Provider_Name": "Microsoft-Windows-Sysmon", "Provider_Guid": "{5770385f-c22a-43e0-bf4c-06f5698ffbd9}", "Provider": null, "EventID_Qualifiers": "", "EventID": "7", "Version": "3", "Level": "4", "Task": "7", "Opcode": "0", "Keywords": "0x8000000000000000", "TimeCreated_SystemTime": "2023-09-27 07:08:11.481771", "TimeCreated": null, "EventRecordID": "30855", "Correlation_ActivityID": "", "Correlation_RelatedActivityID": "", "Correlation": null, "Execution_ProcessID": "3368", "Execution_ThreadID": "3332", "Execution": null, "Channel": "Microsoft-Windows-Sysmon/Operational", "Computer": "DESKTOP-P5C3MUD", "Security_UserID": "S-1-5-18", "Security": null, "EventData_RuleName": "-", "EventData_UtcTime": "2023-09-27 07:08:11.467", "EventData_ProcessGuid": "{4557fbaa-ce30-6513-4600-000000000e00}", "EventData_ProcessId": "3184", "EventData_Image": "C:\\Windows\\System32\\svchost.exe", "EventData_ImageLoaded": "C:\\Windows\\System32\\FWPUCLNT.DLL", "EventData_FileVersion": "10.0.19041.3393 (WinBuild.160101.0800)", "EventData_Description": "FWP/IPsec User-Mode API", "EventData_Product": "Microsoft\u00ae Windows\u00ae Operating System", "EventData_Company": "Microsoft Corporation", "EventData_OriginalFileName": "fwpuclnt.dll", "EventData_Hashes": "SHA1=E62A0685F1B28B82DB3A4057A7C4AFA906FCEB7D,MD5=7E03846333244664105E48D435F04629,SHA256=9D420A774C307E8F429577150B223D283DD6F8218B171663A8098AFE79638830,IMPHASH=7DFEF29A0FF4A958425C30A837A22F2E", "EventData_Signed": "true", "EventData_Signature": "Microsoft Windows", "EventData_SignatureStatus": "Valid", "EventData_User": "NT AUTHORITY\\NETWORK SERVICE"}
{"Provider_Name": "Microsoft-Windows-Sysmon", "Provider_Guid": "{5770385f-c22a-43e0-bf4c-06f5698ffbd9}", "Provider": null, "EventID_Qualifiers": "", "EventID": "13", "Version": "2", "Level": "4", "Task": "13", "Opcode": "0", "Keywords": "0x8000000000000000", "TimeCreated_SystemTime": "2023-09-27 07:08:11.698538", "TimeCreated": null, "EventRecordID": "30856", "Correlation_ActivityID": "", "Correlation_RelatedActivityID": "", "Correlation": null, "Execution_ProcessID": "3368", "Execution_ThreadID": "3332", "Execution": null, "Channel": "Microsoft-Windows-Sysmon/Operational", "Computer": "DESKTOP-P5C3MUD", "Security_UserID": "S-1-5-18", "Security": null, "EventData_RuleName": "-", "EventData_EventType": "SetValue", "EventData_UtcTime": "2023-09-27 07:08:11.686", "EventData_ProcessGuid": "{4557fbaa-ce38-6513-8800-000000000e00}", "EventData_ProcessId": "5556", "EventData_Image": "C:\\Windows\\Explorer.EXE", "EventData_TargetObject": "HKU\\S-1-5-21-2994737283-653069417-2221972583-1001_Classes\\Local Settings\\Software\\Microsoft\\Windows\\Shell\\MuiCache\\E:\\Experiment\\Windows Hacker Attack Program\\5\\\u5feb\u901f\u542f\u52a8\u76ee\u5f55\\AutoRun_Startup_Test.exe.FriendlyAppName", "EventData_Details": "AutoRun_Startup_Test", "EventData_User": "DESKTOP-P5C3MUD\\user"}
{"Provider_Name": "Microsoft-Windows-Sysmon", "Provider_Guid": "{5770385f-c22a-43e0-bf4c-06f5698ffbd9}", "Provider": null, "EventID_Qualifiers": "", "EventID": "13", "Version": "2", "Level": "4", "Task": "13", "Opcode": "0", "Keywords": "0x8000000000000000", "TimeCreated_SystemTime": "2023-09-27 07:08:11.699257", "TimeCreated": null, "EventRecordID": "30857", "Correlation_ActivityID": "", "Correlation_RelatedActivityID": "", "Correlation": null, "Execution_ProcessID": "3368", "Execution_ThreadID": "3332", "Execution": null, "Channel": "Microsoft-Windows-Sysmon/Operational", "Computer": "DESKTOP-P5C3MUD", "Security_UserID": "S-1-5-18", "Security": null, "EventData_RuleName": "-", "EventData_EventType": "SetValue", "EventData_UtcTime": "2023-09-27 07:08:11.686", "EventData_ProcessGuid": "{4557fbaa-ce38-6513-8800-000000000e00}", "EventData_ProcessId": "5556", "EventData_Image": "C:\\Windows\\Explorer.EXE", "EventData_TargetObject": "HKU\\S-1-5-21-2994737283-653069417-2221972583-1001_Classes\\Local Settings\\Software\\Microsoft\\Windows\\Shell\\MuiCache\\E:\\Experiment\\Windows Hacker Attack Program\\5\\\u5feb\u901f\u542f\u52a8\u76ee\u5f55\\AutoRun_Startup_Test.exe.FriendlyAppName", "EventData_Details": "AutoRun_Startup_Test", "EventData_User": "DESKTOP-P5C3MUD\\user"}
{"Provider_Name": "Microsoft-Windows-Sysmon", "Provider_Guid": "{5770385f-c22a-43e0-bf4c-06f5698ffbd9}", "Provider": null, "EventID_Qualifiers": "", "EventID": "12", "Version": "2", "Level": "4", "Task": "12", "Opcode": "0", "Keywords": "0x8000000000000000", "TimeCreated_SystemTime": "2023-09-27 07:08:11.716352", "TimeCreated": null, "EventRecordID": "30858", "Correlation_ActivityID": "", "Correlation_RelatedActivityID": "", "Correlation": null, "Execution_ProcessID": "3368", "Execution_ThreadID": "3332", "Execution": null, "Channel": "Microsoft-Windows-Sysmon/Operational", "Computer": "DESKTOP-P5C3MUD", "Security_UserID": "S-1-5-18", "Security": null, "EventData_RuleName": "-", "EventData_EventType": "CreateKey", "EventData_UtcTime": "2023-09-27 07:08:11.701", "EventData_ProcessGuid": "{4557fbaa-ce38-6513-8800-000000000e00}", "EventData_ProcessId": "5556", "EventData_Image": "C:\\Windows\\Explorer.EXE", "EventData_TargetObject": "HKU\\S-1-5-21-2994737283-653069417-2221972583-1001\\SOFTWARE", "EventData_User": "DESKTOP-P5C3MUD\\user"}
{"Provider_Name": "Microsoft-Windows-Sysmon", "Provider_Guid": "{5770385f-c22a-43e0-bf4c-06f5698ffbd9}", "Provider": null, "EventID_Qualifiers": "", "EventID": "12", "Version": "2", "Level": "4", "Task": "12", "Opcode": "0", "Keywords": "0x8000000000000000", "TimeCreated_SystemTime": "2023-09-27 07:08:11.716381", "TimeCreated": null, "EventRecordID": "30859", "Correlation_ActivityID": "", "Correlation_RelatedActivityID": "", "Correlation": null, "Execution_ProcessID": "3368", "Execution_ThreadID": "3332", "Execution": null, "Channel": "Microsoft-Windows-Sysmon/Operational", "Computer": "DESKTOP-P5C3MUD", "Security_UserID": "S-1-5-18", "Security": null, "EventData_RuleName": "-", "EventData_EventType": "CreateKey", "EventData_UtcTime": "2023-09-27 07:08:11.701", "EventData_ProcessGuid": "{4557fbaa-ce38-6513-8800-000000000e00}", "EventData_ProcessId": "5556", "EventData_Image": "C:\\Windows\\Explorer.EXE", "EventData_TargetObject": "HKU\\S-1-5-21-2994737283-653069417-2221972583-1001\\SOFTWARE\\Policies", "EventData_User": "DESKTOP-P5C3MUD\\user"}
{"Provider_Name": "Microsoft-Windows-Sysmon", "Provider_Guid": "{5770385f-c22a-43e0-bf4c-06f5698ffbd9}", "Provider": null, "EventID_Qualifiers": "", "EventID": "12", "Version": "2", "Level": "4", "Task": "12", "Opcode": "0", "Keywords": "0x8000000000000000", "TimeCreated_SystemTime": "2023-09-27 07:08:11.716408", "TimeCreated": null, "EventRecordID": "30860", "Correlation_ActivityID": "", "Correlation_RelatedActivityID": "", "Correlation": null, "Execution_ProcessID": "3368", "Execution_ThreadID": "3332", "Execution": null, "Channel": "Microsoft-Windows-Sysmon/Operational", "Computer": "DESKTOP-P5C3MUD", "Security_UserID": "S-1-5-18", "Security": null, "EventData_RuleName": "-", "EventData_EventType": "CreateKey", "EventData_UtcTime": "2023-09-27 07:08:11.701", "EventData_ProcessGuid": "{4557fbaa-ce38-6513-8800-000000000e00}", "EventData_ProcessId": "5556", "EventData_Image": "C:\\Windows\\Explorer.EXE", "EventData_TargetObject": "HKU\\S-1-5-21-2994737283-653069417-2221972583-1001\\SOFTWARE\\Policies\\Microsoft", "EventData_User": "DESKTOP-P5C3MUD\\user"}
{"Provider_Name": "Microsoft-Windows-Sysmon", "Provider_Guid": "{5770385f-c22a-43e0-bf4c-06f5698ffbd9}", "Provider": null, "EventID_Qualifiers": "", "EventID": "12", "Version": "2", "Level": "4", "Task": "12", "Opcode": "0", "Keywords": "0x8000000000000000", "TimeCreated_SystemTime": "2023-09-27 07:08:11.716433", "TimeCreated": null, "EventRecordID": "30861", "Correlation_ActivityID": "", "Correlation_RelatedActivityID": "", "Correlation": null, "Execution_ProcessID": "3368", "Execution_ThreadID": "3332", "Execution": null, "Channel": "Microsoft-Windows-Sysmon/Operational", "Computer": "DESKTOP-P5C3MUD", "Security_UserID": "S-1-5-18", "Security": null, "EventData_RuleName": "-", "EventData_EventType": "CreateKey", "EventData_UtcTime": "2023-09-27 07:08:11.701", "EventData_ProcessGuid": "{4557fbaa-ce38-6513-8800-000000000e00}", "EventData_ProcessId": "5556", "EventData_Image": "C:\\Windows\\Explorer.EXE", "EventData_TargetObject": "HKU\\S-1-5-21-2994737283-653069417-2221972583-1001\\SOFTWARE\\Policies\\Microsoft\\SystemCertificates", "EventData_User": "DESKTOP-P5C3MUD\\user"}
{"Provider_Name": "Microsoft-Windows-Sysmon", "Provider_Guid": "{5770385f-c22a-43e0-bf4c-06f5698ffbd9}", "Provider": null, "EventID_Qualifiers": "", "EventID": "12", "Version": "2", "Level": "4", "Task": "12", "Opcode": "0", "Keywords": "0x8000000000000000", "TimeCreated_SystemTime": "2023-09-27 07:08:11.716490", "TimeCreated": null, "EventRecordID": "30862", "Correlation_ActivityID": "", "Correlation_RelatedActivityID": "", "Correlation": null, "Execution_ProcessID": "3368", "Execution_ThreadID": "3332", "Execution": null, "Channel": "Microsoft-Windows-Sysmon/Operational", "Computer": "DESKTOP-P5C3MUD", "Security_UserID": "S-1-5-18", "Security": null, "EventData_RuleName": "-", "EventData_EventType": "CreateKey", "EventData_UtcTime": "2023-09-27 07:08:11.701", "EventData_ProcessGuid": "{4557fbaa-ce38-6513-8800-000000000e00}", "EventData_ProcessId": "5556", "EventData_Image": "C:\\Windows\\Explorer.EXE", "EventData_TargetObject": "HKLM\\SOFTWARE", "EventData_User": "DESKTOP-P5C3MUD\\user"}
{"Provider_Name": "Microsoft-Windows-Sysmon", "Provider_Guid": "{5770385f-c22a-43e0-bf4c-06f5698ffbd9}", "Provider": null, "EventID_Qualifiers": "", "EventID": "12", "Version": "2", "Level": "4", "Task": "12", "Opcode": "0", "Keywords": "0x8000000000000000", "TimeCreated_SystemTime": "2023-09-27 07:08:11.716511", "TimeCreated": null, "EventRecordID": "30863", "Correlation_ActivityID": "", "Correlation_RelatedActivityID": "", "Correlation": null, "Execution_ProcessID": "3368", "Execution_ThreadID": "3332", "Execution": null, "Channel": "Microsoft-Windows-Sysmon/Operational", "Computer": "DESKTOP-P5C3MUD", "Security_UserID": "S-1-5-18", "Security": null, "EventData_RuleName": "-", "EventData_EventType": "CreateKey", "EventData_UtcTime": "2023-09-27 07:08:11.701", "EventData_ProcessGuid": "{4557fbaa-ce38-6513-8800-000000000e00}", "EventData_ProcessId": "5556", "EventData_Image": "C:\\Windows\\Explorer.EXE", "EventData_TargetObject": "HKLM\\SOFTWARE\\Microsoft", "EventData_User": "DESKTOP-P5C3MUD\\user"}
{"Provider_Name": "Microsoft-Windows-Sysmon", "Provider_Guid": "{5770385f-c22a-43e0-bf4c-06f5698ffbd9}", "Provider": null, "EventID_Qualifiers": "", "EventID": "12", "Version": "2", "Level": "4", "Task": "12", "Opcode": "0", "Keywords": "0x8000000000000000", "TimeCreated_SystemTime": "2023-09-27 07:08:11.716532", "TimeCreated": null, "EventRecordID": "30864", "Correlation_ActivityID": "", "Correlation_RelatedActivityID": "", "Correlation": null, "Execution_ProcessID": "3368", "Execution_ThreadID": "3332", "Execution": null, "Channel": "Microsoft-Windows-Sysmon/Operational", "Computer": "DESKTOP-P5C3MUD", "Security_UserID": "S-1-5-18", "Security": null, "EventData_RuleName": "-", "EventData_EventType": "CreateKey", "EventData_UtcTime": "2023-09-27 07:08:11.701", "EventData_ProcessGuid": "{4557fbaa-ce38-6513-8800-000000000e00}", "EventData_ProcessId": "5556", "EventData_Image": "C:\\Windows\\Explorer.EXE", "EventData_TargetObject": "HKLM\\SOFTWARE\\Microsoft\\SystemCertificates", "EventData_User": "DESKTOP-P5C3MUD\\user"}
{"Provider_Name": "Microsoft-Windows-Sysmon", "Provider_Guid": "{5770385f-c22a-43e0-bf4c-06f5698ffbd9}", "Provider": null, "EventID_Qualifiers": "", "EventID": "12", "Version": "2", "Level": "4", "Task": "12", "Opcode": "0", "Keywords": "0x8000000000000000", "TimeCreated_SystemTime": "2023-09-27 07:08:11.716579", "TimeCreated": null, "EventRecordID": "30865", "Correlation_ActivityID": "", "Correlation_RelatedActivityID": "", "Correlation": null, "Execution_ProcessID": "3368", "Execution_ThreadID": "3332", "Execution": null, "Channel": "Microsoft-Windows-Sysmon/Operational", "Computer": "DESKTOP-P5C3MUD", "Security_UserID": "S-1-5-18", "Security": null, "EventData_RuleName": "-", "EventData_EventType": "CreateKey", "EventData_UtcTime": "2023-09-27 07:08:11.701", "EventData_ProcessGuid": "{4557fbaa-ce38-6513-8800-000000000e00}", "EventData_ProcessId": "5556", "EventData_Image": "C:\\Windows\\Explorer.EXE", "EventData_TargetObject": "HKLM\\SOFTWARE", "EventData_User": "DESKTOP-P5C3MUD\\user"}
{"Provider_Name": "Microsoft-Windows-Sysmon", "Provider_Guid": "{5770385f-c22a-43e0-bf4c-06f5698ffbd9}", "Provider": null, "EventID_Qualifiers": "", "EventID": "12", "Version": "2", "Level": "4", "Task": "12", "Opcode": "0", "Keywords": "0x8000000000000000", "TimeCreated_SystemTime": "2023-09-27 07:08:11.716600", "TimeCreated": null, "EventRecordID": "30866", "Correlation_ActivityID": "", "Correlation_RelatedActivityID": "", "Correlation": null, "Execution_ProcessID": "3368", "Execution_ThreadID": "3332", "Execution": null, "Channel": "Microsoft-Windows-Sysmon/Operational", "Computer": "DESKTOP-P5C3MUD", "Security_UserID": "S-1-5-18", "Security": null, "EventData_RuleName": "-", "EventData_EventType": "CreateKey", "EventData_UtcTime": "2023-09-27 07:08:11.701", "EventData_ProcessGuid": "{4557fbaa-ce38-6513-8800-000000000e00}", "EventData_ProcessId": "5556", "EventData_Image": "C:\\Windows\\Explorer.EXE", "EventData_TargetObject": "HKLM\\SOFTWARE\\Microsoft", "EventData_User": "DESKTOP-P5C3MUD\\user"}
{"Provider_Name": "Microsoft-Windows-Sysmon", "Provider_Guid": "{5770385f-c22a-43e0-bf4c-06f5698ffbd9}", "Provider": null, "EventID_Qualifiers": "", "EventID": "12", "Version": "2", "Level": "4", "Task": "12", "Opcode": "0", "Keywords": "0x8000000000000000", "TimeCreated_SystemTime": "2023-09-27 07:08:11.716621", "TimeCreated": null, "EventRecordID": "30867", "Correlation_ActivityID": "", "Correlation_RelatedActivityID": "", "Correlation": null, "Execution_ProcessID": "3368", "Execution_ThreadID": "3332", "Execution": null, "Channel": "Microsoft-Windows-Sysmon/Operational", "Computer": "DESKTOP-P5C3MUD", "Security_UserID": "S-1-5-18", "Security": null, "EventData_RuleName": "-", "EventData_EventType": "CreateKey", "EventData_UtcTime": "2023-09-27 07:08:11.701", "EventData_ProcessGuid": "{4557fbaa-ce38-6513-8800-000000000e00}", "EventData_ProcessId": "5556", "EventData_Image": "C:\\Windows\\Explorer.EXE", "EventData_TargetObject": "HKLM\\SOFTWARE\\Microsoft\\SystemCertificates", "EventData_User": "DESKTOP-P5C3MUD\\user"}
{"Provider_Name": "Microsoft-Windows-Sysmon", "Provider_Guid": "{5770385f-c22a-43e0-bf4c-06f5698ffbd9}", "Provider": null, "EventID_Qualifiers": "", "EventID": "12", "Version": "2", "Level": "4", "Task": "12", "Opcode": "0", "Keywords": "0x8000000000000000", "TimeCreated_SystemTime": "2023-09-27 07:08:11.716700", "TimeCreated": null, "EventRecordID": "30868", "Correlation_ActivityID": "", "Correlation_RelatedActivityID": "", "Correlation": null, "Execution_ProcessID": "3368", "Execution_ThreadID": "3332", "Execution": null, "Channel": "Microsoft-Windows-Sysmon/Operational", "Computer": "DESKTOP-P5C3MUD", "Security_UserID": "S-1-5-18", "Security": null, "EventData_RuleName": "-", "EventData_EventType": "CreateKey", "EventData_UtcTime": "2023-09-27 07:08:11.701", "EventData_ProcessGuid": "{4557fbaa-ce38-6513-8800-000000000e00}", "EventData_ProcessId": "5556", "EventData_Image": "C:\\Windows\\Explorer.EXE", "EventData_TargetObject": "HKLM\\SOFTWARE", "EventData_User": "DESKTOP-P5C3MUD\\user"}
{"Provider_Name": "Microsoft-Windows-Sysmon", "Provider_Guid": "{5770385f-c22a-43e0-bf4c-06f5698ffbd9}", "Provider": null, "EventID_Qualifiers": "", "EventID": "12", "Version": "2", "Level": "4", "Task": "12", "Opcode": "0", "Keywords": "0x8000000000000000", "TimeCreated_SystemTime": "2023-09-27 07:08:11.716719", "TimeCreated": null, "EventRecordID": "30869", "Correlation_ActivityID": "", "Correlation_RelatedActivityID": "", "Correlation": null, "Execution_ProcessID": "3368", "Execution_ThreadID": "3332", "Execution": null, "Channel": "Microsoft-Windows-Sysmon/Operational", "Computer": "DESKTOP-P5C3MUD", "Security_UserID": "S-1-5-18", "Security": null, "EventData_RuleName": "-", "EventData_EventType": "CreateKey", "EventData_UtcTime": "2023-09-27 07:08:11.701", "EventData_ProcessGuid": "{4557fbaa-ce38-6513-8800-000000000e00}", "EventData_ProcessId": "5556", "EventData_Image": "C:\\Windows\\Explorer.EXE", "EventData_TargetObject": "HKLM\\SOFTWARE\\Policies", "EventData_User": "DESKTOP-P5C3MUD\\user"}
{"Provider_Name": "Microsoft-Windows-Sysmon", "Provider_Guid": "{5770385f-c22a-43e0-bf4c-06f5698ffbd9}", "Provider": null, "EventID_Qualifiers": "", "EventID": "12", "Version": "2", "Level": "4", "Task": "12", "Opcode": "0", "Keywords": "0x8000000000000000", "TimeCreated_SystemTime": "2023-09-27 07:08:11.716740", "TimeCreated": null, "EventRecordID": "30870", "Correlation_ActivityID": "", "Correlation_RelatedActivityID": "", "Correlation": null, "Execution_ProcessID": "3368", "Execution_ThreadID": "3332", "Execution": null, "Channel": "Microsoft-Windows-Sysmon/Operational", "Computer": "DESKTOP-P5C3MUD", "Security_UserID": "S-1-5-18", "Security": null, "EventData_RuleName": "-", "EventData_EventType": "CreateKey", "EventData_UtcTime": "2023-09-27 07:08:11.701", "EventData_ProcessGuid": "{4557fbaa-ce38-6513-8800-000000000e00}", "EventData_ProcessId": "5556", "EventData_Image": "C:\\Windows\\Explorer.EXE", "EventData_TargetObject": "HKLM\\SOFTWARE\\Policies\\Microsoft", "EventData_User": "DESKTOP-P5C3MUD\\user"}
{"Provider_Name": "Microsoft-Windows-Sysmon", "Provider_Guid": "{5770385f-c22a-43e0-bf4c-06f5698ffbd9}", "Provider": null, "EventID_Qualifiers": "", "EventID": "12", "Version": "2", "Level": "4", "Task": "12", "Opcode": "0", "Keywords": "0x8000000000000000", "TimeCreated_SystemTime": "2023-09-27 07:08:11.716763", "TimeCreated": null, "EventRecordID": "30871", "Correlation_ActivityID": "", "Correlation_RelatedActivityID": "", "Correlation": null, "Execution_ProcessID": "3368", "Execution_ThreadID": "3332", "Execution": null, "Channel": "Microsoft-Windows-Sysmon/Operational", "Computer": "DESKTOP-P5C3MUD", "Security_UserID": "S-1-5-18", "Security": null, "EventData_RuleName": "-", "EventData_EventType": "CreateKey", "EventData_UtcTime": "2023-09-27 07:08:11.701", "EventData_ProcessGuid": "{4557fbaa-ce38-6513-8800-000000000e00}", "EventData_ProcessId": "5556", "EventData_Image": "C:\\Windows\\Explorer.EXE", "EventData_TargetObject": "HKLM\\SOFTWARE\\Policies\\Microsoft\\SystemCertificates", "EventData_User": "DESKTOP-P5C3MUD\\user"}
{"Provider_Name": "Microsoft-Windows-Sysmon", "Provider_Guid": "{5770385f-c22a-43e0-bf4c-06f5698ffbd9}", "Provider": null, "EventID_Qualifiers": "", "EventID": "12", "Version": "2", "Level": "4", "Task": "12", "Opcode": "0", "Keywords": "0x8000000000000000", "TimeCreated_SystemTime": "2023-09-27 07:08:11.716808", "TimeCreated": null, "EventRecordID": "30872", "Correlation_ActivityID": "", "Correlation_RelatedActivityID": "", "Correlation": null, "Execution_ProcessID": "3368", "Execution_ThreadID": "3332", "Execution": null, "Channel": "Microsoft-Windows-Sysmon/Operational", "Computer": "DESKTOP-P5C3MUD", "Security_UserID": "S-1-5-18", "Security": null, "EventData_RuleName": "-", "EventData_EventType": "CreateKey", "EventData_UtcTime": "2023-09-27 07:08:11.701", "EventData_ProcessGuid": "{4557fbaa-ce38-6513-8800-000000000e00}", "EventData_ProcessId": "5556", "EventData_Image": "C:\\Windows\\Explorer.EXE", "EventData_TargetObject": "HKLM\\SOFTWARE", "EventData_User": "DESKTOP-P5C3MUD\\user"}
{"Provider_Name": "Microsoft-Windows-Sysmon", "Provider_Guid": "{5770385f-c22a-43e0-bf4c-06f5698ffbd9}", "Provider": null, "EventID_Qualifiers": "", "EventID": "12", "Version": "2", "Level": "4", "Task": "12", "Opcode": "0", "Keywords": "0x8000000000000000", "TimeCreated_SystemTime": "2023-09-27 07:08:11.716827", "TimeCreated": null, "EventRecordID": "30873", "Correlation_ActivityID": "", "Correlation_RelatedActivityID": "", "Correlation": null, "Execution_ProcessID": "3368", "Execution_ThreadID": "3332", "Execution": null, "Channel": "Microsoft-Windows-Sysmon/Operational", "Computer": "DESKTOP-P5C3MUD", "Security_UserID": "S-1-5-18", "Security": null, "EventData_RuleName": "-", "EventData_EventType": "CreateKey", "EventData_UtcTime": "2023-09-27 07:08:11.701", "EventData_ProcessGuid": "{4557fbaa-ce38-6513-8800-000000000e00}", "EventData_ProcessId": "5556", "EventData_Image": "C:\\Windows\\Explorer.EXE", "EventData_TargetObject": "HKLM\\SOFTWARE\\Microsoft", "EventData_User": "DESKTOP-P5C3MUD\\user"}
{"Provider_Name": "Microsoft-Windows-Sysmon", "Provider_Guid": "{5770385f-c22a-43e0-bf4c-06f5698ffbd9}", "Provider": null, "EventID_Qualifiers": "", "EventID": "12", "Version": "2", "Level": "4", "Task": "12", "Opcode": "0", "Keywords": "0x8000000000000000", "TimeCreated_SystemTime": "2023-09-27 07:08:11.716850", "TimeCreated": null, "EventRecordID": "30874", "Correlation_ActivityID": "", "Correlation_RelatedActivityID": "", "Correlation": null, "Execution_ProcessID": "3368", "Execution_ThreadID": "3332", "Execution": null, "Channel": "Microsoft-Windows-Sysmon/Operational", "Computer": "DESKTOP-P5C3MUD", "Security_UserID": "S-1-5-18", "Security": null, "EventData_RuleName": "-", "EventData_EventType": "CreateKey", "EventData_UtcTime": "2023-09-27 07:08:11.701", "EventData_ProcessGuid": "{4557fbaa-ce38-6513-8800-000000000e00}", "EventData_ProcessId": "5556", "EventData_Image": "C:\\Windows\\Explorer.EXE", "EventData_TargetObject": "HKLM\\SOFTWARE\\Microsoft\\EnterpriseCertificates", "EventData_User": "DESKTOP-P5C3MUD\\user"}
{"Provider_Name": "Microsoft-Windows-Sysmon", "Provider_Guid": "{5770385f-c22a-43e0-bf4c-06f5698ffbd9}", "Provider": null, "EventID_Qualifiers": "", "EventID": "12", "Version": "2", "Level": "4", "Task": "12", "Opcode": "0", "Keywords": "0x8000000000000000", "TimeCreated_SystemTime": "2023-09-27 07:08:11.716869", "TimeCreated": null, "EventRecordID": "30875", "Correlation_ActivityID": "", "Correlation_RelatedActivityID": "", "Correlation": null, "Execution_ProcessID": "3368", "Execution_ThreadID": "3332", "Execution": null, "Channel": "Microsoft-Windows-Sysmon/Operational", "Computer": "DESKTOP-P5C3MUD", "Security_UserID": "S-1-5-18", "Security": null, "EventData_RuleName": "-", "EventData_EventType": "CreateKey", "EventData_UtcTime": "2023-09-27 07:08:11.701", "EventData_ProcessGuid": "{4557fbaa-ce38-6513-8800-000000000e00}", "EventData_ProcessId": "5556", "EventData_Image": "C:\\Windows\\Explorer.EXE", "EventData_TargetObject": "HKLM\\SOFTWARE", "EventData_User": "DESKTOP-P5C3MUD\\user"}
{"Provider_Name": "Microsoft-Windows-Sysmon", "Provider_Guid": "{5770385f-c22a-43e0-bf4c-06f5698ffbd9}", "Provider": null, "EventID_Qualifiers": "", "EventID": "12", "Version": "2", "Level": "4", "Task": "12", "Opcode": "0", "Keywords": "0x8000000000000000", "TimeCreated_SystemTime": "2023-09-27 07:08:11.716887", "TimeCreated": null, "EventRecordID": "30876", "Correlation_ActivityID": "", "Correlation_RelatedActivityID": "", "Correlation": null, "Execution_ProcessID": "3368", "Execution_ThreadID": "3332", "Execution": null, "Channel": "Microsoft-Windows-Sysmon/Operational", "Computer": "DESKTOP-P5C3MUD", "Security_UserID": "S-1-5-18", "Security": null, "EventData_RuleName": "-", "EventData_EventType": "CreateKey", "EventData_UtcTime": "2023-09-27 07:08:11.701", "EventData_ProcessGuid": "{4557fbaa-ce38-6513-8800-000000000e00}", "EventData_ProcessId": "5556", "EventData_Image": "C:\\Windows\\Explorer.EXE", "EventData_TargetObject": "HKLM\\SOFTWARE\\Microsoft", "EventData_User": "DESKTOP-P5C3MUD\\user"}
{"Provider_Name": "Microsoft-Windows-Sysmon", "Provider_Guid": "{5770385f-c22a-43e0-bf4c-06f5698ffbd9}", "Provider": null, "EventID_Qualifiers": "", "EventID": "12", "Version": "2", "Level": "4", "Task": "12", "Opcode": "0", "Keywords": "0x8000000000000000", "TimeCreated_SystemTime": "2023-09-27 07:08:11.716908", "TimeCreated": null, "EventRecordID": "30877", "Correlation_ActivityID": "", "Correlation_RelatedActivityID": "", "Correlation": null, "Execution_ProcessID": "3368", "Execution_ThreadID": "3332", "Execution": null, "Channel": "Microsoft-Windows-Sysmon/Operational", "Computer": "DESKTOP-P5C3MUD", "Security_UserID": "S-1-5-18", "Security": null, "EventData_RuleName": "-", "EventData_EventType": "CreateKey", "EventData_UtcTime": "2023-09-27 07:08:11.701", "EventData_ProcessGuid": "{4557fbaa-ce38-6513-8800-000000000e00}", "EventData_ProcessId": "5556", "EventData_Image": "C:\\Windows\\Explorer.EXE", "EventData_TargetObject": "HKLM\\SOFTWARE\\Microsoft\\EnterpriseCertificates", "EventData_User": "DESKTOP-P5C3MUD\\user"}
{"Provider_Name": "Microsoft-Windows-Sysmon", "Provider_Guid": "{5770385f-c22a-43e0-bf4c-06f5698ffbd9}", "Provider": null, "EventID_Qualifiers": "", "EventID": "7", "Version": "3", "Level": "4", "Task": "7", "Opcode": "0", "Keywords": "0x8000000000000000", "TimeCreated_SystemTime": "2023-09-27 07:08:11.718019", "TimeCreated": null, "EventRecordID": "30878", "Correlation_ActivityID": "", "Correlation_RelatedActivityID": "", "Correlation": null, "Execution_ProcessID": "3368", "Execution_ThreadID": "3332", "Execution": null, "Channel": "Microsoft-Windows-Sysmon/Operational", "Computer": "DESKTOP-P5C3MUD", "Security_UserID": "S-1-5-18", "Security": null, "EventData_RuleName": "-", "EventData_UtcTime": "2023-09-27 07:08:11.701", "EventData_ProcessGuid": "{4557fbaa-ce38-6513-8800-000000000e00}", "EventData_ProcessId": "5556", "EventData_Image": "C:\\Windows\\explorer.exe", "EventData_ImageLoaded": "C:\\Program Files\\Windows Defender\\EppManifest.dll", "EventData_FileVersion": "4.18.1907.16384 (WinBuild.160101.0800)", "EventData_Description": "User Interface Customization Resource Module", "EventData_Product": "Microsoft\u00ae Windows\u00ae Operating System", "EventData_Company": "Microsoft Corporation", "EventData_OriginalFileName": "EppManifest.dll", "EventData_Hashes": "SHA1=7E7BC93F3A993B6703ABABB0514763008B0E393E,MD5=54ABD7931A6492B29BBB3BB413B036BF,SHA256=00395278372FAAA6D1218598EDCF71C518A25FE1294444BA925D185340669F5E,IMPHASH=00000000000000000000000000000000", "EventData_Signed": "true", "EventData_Signature": "Microsoft Windows", "EventData_SignatureStatus": "Valid", "EventData_User": "DESKTOP-P5C3MUD\\user"}
{"Provider_Name": "Microsoft-Windows-Sysmon", "Provider_Guid": "{5770385f-c22a-43e0-bf4c-06f5698ffbd9}", "Provider": null, "EventID_Qualifiers": "", "EventID": "7", "Version": "3", "Level": "4", "Task": "7", "Opcode": "0", "Keywords": "0x8000000000000000", "TimeCreated_SystemTime": "2023-09-27 07:08:11.718338", "TimeCreated": null, "EventRecordID": "30879", "Correlation_ActivityID": "", "Correlation_RelatedActivityID": "", "Correlation": null, "Execution_ProcessID": "3368", "Execution_ThreadID": "3332", "Execution": null, "Channel": "Microsoft-Windows-Sysmon/Operational", "Computer": "DESKTOP-P5C3MUD", "Security_UserID": "S-1-5-18", "Security": null, "EventData_RuleName": "-", "EventData_UtcTime": "2023-09-27 07:08:11.717", "EventData_ProcessGuid": "{4557fbaa-ce38-6513-8800-000000000e00}", "EventData_ProcessId": "5556", "EventData_Image": "C:\\Windows\\explorer.exe", "EventData_ImageLoaded": "C:\\Program Files\\Windows Defender\\EppManifest.dll", "EventData_FileVersion": "4.18.1907.16384 (WinBuild.160101.0800)", "EventData_Description": "User Interface Customization Resource Module", "EventData_Product": "Microsoft\u00ae Windows\u00ae Operating System", "EventData_Company": "Microsoft Corporation", "EventData_OriginalFileName": "EppManifest.dll", "EventData_Hashes": "SHA1=7E7BC93F3A993B6703ABABB0514763008B0E393E,MD5=54ABD7931A6492B29BBB3BB413B036BF,SHA256=00395278372FAAA6D1218598EDCF71C518A25FE1294444BA925D185340669F5E,IMPHASH=00000000000000000000000000000000", "EventData_Signed": "true", "EventData_Signature": "Microsoft Windows", "EventData_SignatureStatus": "Valid", "EventData_User": "DESKTOP-P5C3MUD\\user"}
{"Provider_Name": "Microsoft-Windows-Sysmon", "Provider_Guid": "{5770385f-c22a-43e0-bf4c-06f5698ffbd9}", "Provider": null, "EventID_Qualifiers": "", "EventID": "12", "Version": "2", "Level": "4", "Task": "12", "Opcode": "0", "Keywords": "0x8000000000000000", "TimeCreated_SystemTime": "2023-09-27 07:08:11.721123", "TimeCreated": null, "EventRecordID": "30880", "Correlation_ActivityID": "", "Correlation_RelatedActivityID": "", "Correlation": null, "Execution_ProcessID": "3368", "Execution_ThreadID": "3332", "Execution": null, "Channel": "Microsoft-Windows-Sysmon/Operational", "Computer": "DESKTOP-P5C3MUD", "Security_UserID": "S-1-5-18", "Security": null, "EventData_RuleName": "-", "EventData_EventType": "CreateKey", "EventData_UtcTime": "2023-09-27 07:08:11.717", "EventData_ProcessGuid": "{4557fbaa-ce38-6513-8800-000000000e00}", "EventData_ProcessId": "5556", "EventData_Image": "C:\\Windows\\Explorer.EXE", "EventData_TargetObject": "HKU\\S-1-5-21-2994737283-653069417-2221972583-1001\\SOFTWARE", "EventData_User": "DESKTOP-P5C3MUD\\user"}
{"Provider_Name": "Microsoft-Windows-Sysmon", "Provider_Guid": "{5770385f-c22a-43e0-bf4c-06f5698ffbd9}", "Provider": null, "EventID_Qualifiers": "", "EventID": "12", "Version": "2", "Level": "4", "Task": "12", "Opcode": "0", "Keywords": "0x8000000000000000", "TimeCreated_SystemTime": "2023-09-27 07:08:11.721157", "TimeCreated": null, "EventRecordID": "30881", "Correlation_ActivityID": "", "Correlation_RelatedActivityID": "", "Correlation": null, "Execution_ProcessID": "3368", "Execution_ThreadID": "3332", "Execution": null, "Channel": "Microsoft-Windows-Sysmon/Operational", "Computer": "DESKTOP-P5C3MUD", "Security_UserID": "S-1-5-18", "Security": null, "EventData_RuleName": "-", "EventData_EventType": "CreateKey", "EventData_UtcTime": "2023-09-27 07:08:11.717", "EventData_ProcessGuid": "{4557fbaa-ce38-6513-8800-000000000e00}", "EventData_ProcessId": "5556", "EventData_Image": "C:\\Windows\\Explorer.EXE", "EventData_TargetObject": "HKU\\S-1-5-21-2994737283-653069417-2221972583-1001\\SOFTWARE\\Policies", "EventData_User": "DESKTOP-P5C3MUD\\user"}
{"Provider_Name": "Microsoft-Windows-Sysmon", "Provider_Guid": "{5770385f-c22a-43e0-bf4c-06f5698ffbd9}", "Provider": null, "EventID_Qualifiers": "", "EventID": "12", "Version": "2", "Level": "4", "Task": "12", "Opcode": "0", "Keywords": "0x8000000000000000", "TimeCreated_SystemTime": "2023-09-27 07:08:11.721228", "TimeCreated": null, "EventRecordID": "30882", "Correlation_ActivityID": "", "Correlation_RelatedActivityID": "", "Correlation": null, "Execution_ProcessID": "3368", "Execution_ThreadID": "3332", "Execution": null, "Channel": "Microsoft-Windows-Sysmon/Operational", "Computer": "DESKTOP-P5C3MUD", "Security_UserID": "S-1-5-18", "Security": null, "EventData_RuleName": "-", "EventData_EventType": "CreateKey", "EventData_UtcTime": "2023-09-27 07:08:11.717", "EventData_ProcessGuid": "{4557fbaa-ce38-6513-8800-000000000e00}", "EventData_ProcessId": "5556", "EventData_Image": "C:\\Windows\\Explorer.EXE", "EventData_TargetObject": "HKU\\S-1-5-21-2994737283-653069417-2221972583-1001\\SOFTWARE\\Policies\\Microsoft", "EventData_User": "DESKTOP-P5C3MUD\\user"}
{"Provider_Name": "Microsoft-Windows-Sysmon", "Provider_Guid": "{5770385f-c22a-43e0-bf4c-06f5698ffbd9}", "Provider": null, "EventID_Qualifiers": "", "EventID": "12", "Version": "2", "Level": "4", "Task": "12", "Opcode": "0", "Keywords": "0x8000000000000000", "TimeCreated_SystemTime": "2023-09-27 07:08:11.721262", "TimeCreated": null, "EventRecordID": "30883", "Correlation_ActivityID": "", "Correlation_RelatedActivityID": "", "Correlation": null, "Execution_ProcessID": "3368", "Execution_ThreadID": "3332", "Execution": null, "Channel": "Microsoft-Windows-Sysmon/Operational", "Computer": "DESKTOP-P5C3MUD", "Security_UserID": "S-1-5-18", "Security": null, "EventData_RuleName": "-", "EventData_EventType": "CreateKey", "EventData_UtcTime": "2023-09-27 07:08:11.717", "EventData_ProcessGuid": "{4557fbaa-ce38-6513-8800-000000000e00}", "EventData_ProcessId": "5556", "EventData_Image": "C:\\Windows\\Explorer.EXE", "EventData_TargetObject": "HKU\\S-1-5-21-2994737283-653069417-2221972583-1001\\SOFTWARE\\Policies\\Microsoft\\SystemCertificates", "EventData_User": "DESKTOP-P5C3MUD\\user"}
{"Provider_Name": "Microsoft-Windows-Sysmon", "Provider_Guid": "{5770385f-c22a-43e0-bf4c-06f5698ffbd9}", "Provider": null, "EventID_Qualifiers": "", "EventID": "12", "Version": "2", "Level": "4", "Task": "12", "Opcode": "0", "Keywords": "0x8000000000000000", "TimeCreated_SystemTime": "2023-09-27 07:08:11.721424", "TimeCreated": null, "EventRecordID": "30884", "Correlation_ActivityID": "", "Correlation_RelatedActivityID": "", "Correlation": null, "Execution_ProcessID": "3368", "Execution_ThreadID": "3332", "Execution": null, "Channel": "Microsoft-Windows-Sysmon/Operational", "Computer": "DESKTOP-P5C3MUD", "Security_UserID": "S-1-5-18", "Security": null, "EventData_RuleName": "-", "EventData_EventType": "CreateKey", "EventData_UtcTime": "2023-09-27 07:08:11.717", "EventData_ProcessGuid": "{4557fbaa-ce38-6513-8800-000000000e00}", "EventData_ProcessId": "5556", "EventData_Image": "C:\\Windows\\Explorer.EXE", "EventData_TargetObject": "HKLM\\SOFTWARE", "EventData_User": "DESKTOP-P5C3MUD\\user"}
{"Provider_Name": "Microsoft-Windows-Sysmon", "Provider_Guid": "{5770385f-c22a-43e0-bf4c-06f5698ffbd9}", "Provider": null, "EventID_Qualifiers": "", "EventID": "12", "Version": "2", "Level": "4", "Task": "12", "Opcode": "0", "Keywords": "0x8000000000000000", "TimeCreated_SystemTime": "2023-09-27 07:08:11.721451", "TimeCreated": null, "EventRecordID": "30885", "Correlation_ActivityID": "", "Correlation_RelatedActivityID": "", "Correlation": null, "Execution_ProcessID": "3368", "Execution_ThreadID": "3332", "Execution": null, "Channel": "Microsoft-Windows-Sysmon/Operational", "Computer": "DESKTOP-P5C3MUD", "Security_UserID": "S-1-5-18", "Security": null, "EventData_RuleName": "-", "EventData_EventType": "CreateKey", "EventData_UtcTime": "2023-09-27 07:08:11.717", "EventData_ProcessGuid": "{4557fbaa-ce38-6513-8800-000000000e00}", "EventData_ProcessId": "5556", "EventData_Image": "C:\\Windows\\Explorer.EXE", "EventData_TargetObject": "HKLM\\SOFTWARE\\Microsoft", "EventData_User": "DESKTOP-P5C3MUD\\user"}
{"Provider_Name": "Microsoft-Windows-Sysmon", "Provider_Guid": "{5770385f-c22a-43e0-bf4c-06f5698ffbd9}", "Provider": null, "EventID_Qualifiers": "", "EventID": "12", "Version": "2", "Level": "4", "Task": "12", "Opcode": "0", "Keywords": "0x8000000000000000", "TimeCreated_SystemTime": "2023-09-27 07:08:11.721478", "TimeCreated": null, "EventRecordID": "30886", "Correlation_ActivityID": "", "Correlation_RelatedActivityID": "", "Correlation": null, "Execution_ProcessID": "3368", "Execution_ThreadID": "3332", "Execution": null, "Channel": "Microsoft-Windows-Sysmon/Operational", "Computer": "DESKTOP-P5C3MUD", "Security_UserID": "S-1-5-18", "Security": null, "EventData_RuleName": "-", "EventData_EventType": "CreateKey", "EventData_UtcTime": "2023-09-27 07:08:11.717", "EventData_ProcessGuid": "{4557fbaa-ce38-6513-8800-000000000e00}", "EventData_ProcessId": "5556", "EventData_Image": "C:\\Windows\\Explorer.EXE", "EventData_TargetObject": "HKLM\\SOFTWARE\\Microsoft\\SystemCertificates", "EventData_User": "DESKTOP-P5C3MUD\\user"}
{"Provider_Name": "Microsoft-Windows-Sysmon", "Provider_Guid": "{5770385f-c22a-43e0-bf4c-06f5698ffbd9}", "Provider": null, "EventID_Qualifiers": "", "EventID": "12", "Version": "2", "Level": "4", "Task": "12", "Opcode": "0", "Keywords": "0x8000000000000000", "TimeCreated_SystemTime": "2023-09-27 07:08:11.721582", "TimeCreated": null, "EventRecordID": "30887", "Correlation_ActivityID": "", "Correlation_RelatedActivityID": "", "Correlation": null, "Execution_ProcessID": "3368", "Execution_ThreadID": "3332", "Execution": null, "Channel": "Microsoft-Windows-Sysmon/Operational", "Computer": "DESKTOP-P5C3MUD", "Security_UserID": "S-1-5-18", "Security": null, "EventData_RuleName": "-", "EventData_EventType": "CreateKey", "EventData_UtcTime": "2023-09-27 07:08:11.717", "EventData_ProcessGuid": "{4557fbaa-ce38-6513-8800-000000000e00}", "EventData_ProcessId": "5556", "EventData_Image": "C:\\Windows\\Explorer.EXE", "EventData_TargetObject": "HKLM\\SOFTWARE", "EventData_User": "DESKTOP-P5C3MUD\\user"}
{"Provider_Name": "Microsoft-Windows-Sysmon", "Provider_Guid": "{5770385f-c22a-43e0-bf4c-06f5698ffbd9}", "Provider": null, "EventID_Qualifiers": "", "EventID": "12", "Version": "2", "Level": "4", "Task": "12", "Opcode": "0", "Keywords": "0x8000000000000000", "TimeCreated_SystemTime": "2023-09-27 07:08:11.721607", "TimeCreated": null, "EventRecordID": "30888", "Correlation_ActivityID": "", "Correlation_RelatedActivityID": "", "Correlation": null, "Execution_ProcessID": "3368", "Execution_ThreadID": "3332", "Execution": null, "Channel": "Microsoft-Windows-Sysmon/Operational", "Computer": "DESKTOP-P5C3MUD", "Security_UserID": "S-1-5-18", "Security": null, "EventData_RuleName": "-", "EventData_EventType": "CreateKey", "EventData_UtcTime": "2023-09-27 07:08:11.717", "EventData_ProcessGuid": "{4557fbaa-ce38-6513-8800-000000000e00}", "EventData_ProcessId": "5556", "EventData_Image": "C:\\Windows\\Explorer.EXE", "EventData_TargetObject": "HKLM\\SOFTWARE\\Microsoft", "EventData_User": "DESKTOP-P5C3MUD\\user"}
