{"Provider_Name": "Microsoft-Windows-Sysmon", "Provider_Guid": "{5770385f-c22a-43e0-bf4c-06f5698ffbd9}", "Provider": null, "EventID_Qualifiers": "", "EventID": "7", "Version": "3", "Level": "4", "Task": "7", "Opcode": "0", "Keywords": "0x8000000000000000", "TimeCreated_SystemTime": "2023-09-27 07:08:13.302584", "TimeCreated": null, "EventRecordID": "31341", "Correlation_ActivityID": "", "Correlation_RelatedActivityID": "", "Correlation": null, "Execution_ProcessID": "3368", "Execution_ThreadID": "3332", "Execution": null, "Channel": "Microsoft-Windows-Sysmon/Operational", "Computer": "DESKTOP-P5C3MUD", "Security_UserID": "S-1-5-18", "Security": null, "EventData_RuleName": "-", "EventData_UtcTime": "2023-09-27 07:08:13.295", "EventData_ProcessGuid": "{4557fbaa-d4dd-6513-c201-000000000e00}", "EventData_ProcessId": "9364", "EventData_Image": "C:\\Windows\\System32\\audiodg.exe", "EventData_ImageLoaded": "C:\\Windows\\System32\\propsys.dll", "EventData_FileVersion": "7.0.19041.3393 (WinBuild.160101.0800)", "EventData_Description": "Microsoft Property System", "EventData_Product": "Windows\u00ae Search", "EventData_Company": "Microsoft Corporation", "EventData_OriginalFileName": "propsys.dll", "EventData_Hashes": "SHA1=547F9030DD030E2F34F4FA6AED05989D583D6A70,MD5=B9BD7C03A6C6AC9E2564890F911A6524,SHA256=6804F7FDFA218F6534228F633BC4BF00DF32A64D0D66B78068909C8C7A471F3F,IMPHASH=BFDAF1CB2C5CD10BA16EF54DA42CC916", "EventData_Signed": "true", "EventData_Signature": "Microsoft Windows", "EventData_SignatureStatus": "Valid", "EventData_User": "NT AUTHORITY\\LOCAL SERVICE"}
{"Provider_Name": "Microsoft-Windows-Sysmon", "Provider_Guid": "{5770385f-c22a-43e0-bf4c-06f5698ffbd9}", "Provider": null, "EventID_Qualifiers": "", "EventID": "7", "Version": "3", "Level": "4", "Task": "7", "Opcode": "0", "Keywords": "0x8000000000000000", "TimeCreated_SystemTime": "2023-09-27 07:08:13.302776", "TimeCreated": null, "EventRecordID": "31342", "Correlation_ActivityID": "", "Correlation_RelatedActivityID": "", "Correlation": null, "Execution_ProcessID": "3368", "Execution_ThreadID": "3332", "Execution": null, "Channel": "Microsoft-Windows-Sysmon/Operational", "Computer": "DESKTOP-P5C3MUD", "Security_UserID": "S-1-5-18", "Security": null, "EventData_RuleName": "-", "EventData_UtcTime": "2023-09-27 07:08:13.295", "EventData_ProcessGuid": "{4557fbaa-d4dd-6513-c201-000000000e00}", "EventData_ProcessId": "9364", "EventData_Image": "C:\\Windows\\System32\\audiodg.exe", "EventData_ImageLoaded": "C:\\Windows\\System32\\avrt.dll", "EventData_FileVersion": "10.0.19041.546 (WinBuild.160101.0800)", "EventData_Description": "Multimedia Realtime Runtime", "EventData_Product": "Microsoft\u00ae Windows\u00ae Operating System", "EventData_Company": "Microsoft Corporation", "EventData_OriginalFileName": "avrt.dll", "EventData_Hashes": "SHA1=22903699EEB3A0DDD06B1B612FDCF9A351F56826,MD5=0CB92141535F501B8A1FC57B21A37F57,SHA256=CD886749BDA38058EBDEB4847DDBF6DF8A46E0BC8119FCDB0711D30ED3CB5070,IMPHASH=046AA5FB39DC367F12D12DD57F4D28E1", "EventData_Signed": "true", "EventData_Signature": "Microsoft Windows", "EventData_SignatureStatus": "Valid", "EventData_User": "NT AUTHORITY\\LOCAL SERVICE"}
{"Provider_Name": "Microsoft-Windows-Sysmon", "Provider_Guid": "{5770385f-c22a-43e0-bf4c-06f5698ffbd9}", "Provider": null, "EventID_Qualifiers": "", "EventID": "7", "Version": "3", "Level": "4", "Task": "7", "Opcode": "0", "Keywords": "0x8000000000000000", "TimeCreated_SystemTime": "2023-09-27 07:08:13.303984", "TimeCreated": null, "EventRecordID": "31343", "Correlation_ActivityID": "", "Correlation_RelatedActivityID": "", "Correlation": null, "Execution_ProcessID": "3368", "Execution_ThreadID": "3332", "Execution": null, "Channel": "Microsoft-Windows-Sysmon/Operational", "Computer": "DESKTOP-P5C3MUD", "Security_UserID": "S-1-5-18", "Security": null, "EventData_RuleName": "-", "EventData_UtcTime": "2023-09-27 07:08:13.295", "EventData_ProcessGuid": "{4557fbaa-d4dd-6513-c101-000000000e00}", "EventData_ProcessId": "4724", "EventData_Image": "C:\\Windows\\System32\\consent.exe", "EventData_ImageLoaded": "C:\\Windows\\System32\\BCP47mrm.dll", "EventData_FileVersion": "10.0.19041.1503 (WinBuild.160101.0800)", "EventData_Description": "BCP47 Language Classes for Resource Management", "EventData_Product": "Microsoft\u00ae Windows\u00ae Operating System", "EventData_Company": "Microsoft Corporation", "EventData_OriginalFileName": "BCP47mrm.dll", "EventData_Hashes": "SHA1=D9DD9E17D40FA563441FCFD16B0C25E8F8B05D83,MD5=616FD7FFDF58BC3CDE5D45F6254DBAB4,SHA256=E5664B59A0C1E1656BD6A27C514190972951091AA253B57DE827E8BC502A6B60,IMPHASH=2047183F97AAFFC2669C12C88FC86219", "EventData_Signed": "true", "EventData_Signature": "Microsoft Windows", "EventData_SignatureStatus": "Valid", "EventData_User": "NT AUTHORITY\\SYSTEM"}
{"Provider_Name": "Microsoft-Windows-Sysmon", "Provider_Guid": "{5770385f-c22a-43e0-bf4c-06f5698ffbd9}", "Provider": null, "EventID_Qualifiers": "", "EventID": "7", "Version": "3", "Level": "4", "Task": "7", "Opcode": "0", "Keywords": "0x8000000000000000", "TimeCreated_SystemTime": "2023-09-27 07:08:13.304712", "TimeCreated": null, "EventRecordID": "31344", "Correlation_ActivityID": "", "Correlation_RelatedActivityID": "", "Correlation": null, "Execution_ProcessID": "3368", "Execution_ThreadID": "3332", "Execution": null, "Channel": "Microsoft-Windows-Sysmon/Operational", "Computer": "DESKTOP-P5C3MUD", "Security_UserID": "S-1-5-18", "Security": null, "EventData_RuleName": "-", "EventData_UtcTime": "2023-09-27 07:08:13.295", "EventData_ProcessGuid": "{4557fbaa-d4dd-6513-c201-000000000e00}", "EventData_ProcessId": "9364", "EventData_Image": "C:\\Windows\\System32\\audiodg.exe", "EventData_ImageLoaded": "C:\\Windows\\System32\\winsta.dll", "EventData_FileVersion": "10.0.19041.3155 (WinBuild.160101.0800)", "EventData_Description": "Winstation Library", "EventData_Product": "Microsoft\u00ae Windows\u00ae Operating System", "EventData_Company": "Microsoft Corporation", "EventData_OriginalFileName": "winsta.dll", "EventData_Hashes": "SHA1=6B738EE83A0BCAFF7A733170D970A9A1D9E58FF6,MD5=28E23BBACF3EFF08ABD5B320C6516E11,SHA256=FAB9D092F3DBE10913C4E2AA68AFC945BEC24C902F30F9F66493AA21B4C4C73D,IMPHASH=FA2B2D44E98A1CB49CC6E013D9F0FDBF", "EventData_Signed": "true", "EventData_Signature": "Microsoft Windows", "EventData_SignatureStatus": "Valid", "EventData_User": "NT AUTHORITY\\LOCAL SERVICE"}
{"Provider_Name": "Microsoft-Windows-Sysmon", "Provider_Guid": "{5770385f-c22a-43e0-bf4c-06f5698ffbd9}", "Provider": null, "EventID_Qualifiers": "", "EventID": "7", "Version": "3", "Level": "4", "Task": "7", "Opcode": "0", "Keywords": "0x8000000000000000", "TimeCreated_SystemTime": "2023-09-27 07:08:13.305374", "TimeCreated": null, "EventRecordID": "31345", "Correlation_ActivityID": "", "Correlation_RelatedActivityID": "", "Correlation": null, "Execution_ProcessID": "3368", "Execution_ThreadID": "888", "Execution": null, "Channel": "Microsoft-Windows-Sysmon/Operational", "Computer": "DESKTOP-P5C3MUD", "Security_UserID": "S-1-5-18", "Security": null, "EventData_RuleName": "-", "EventData_UtcTime": "2023-09-27 07:08:13.279", "EventData_ProcessGuid": "{4557fbaa-d4dd-6513-c201-000000000e00}", "EventData_ProcessId": "9364", "EventData_Image": "C:\\Windows\\System32\\audiodg.exe", "EventData_ImageLoaded": "C:\\Windows\\System32\\oleaut32.dll", "EventData_FileVersion": "10.0.19041.3208 (WinBuild.160101.0800)", "EventData_Description": "OLEAUT32.DLL", "EventData_Product": "Microsoft\u00ae Windows\u00ae Operating System", "EventData_Company": "Microsoft Corporation", "EventData_OriginalFileName": "OLEAUT32.DLL", "EventData_Hashes": "SHA1=2A7A94B87F7B9D1925600B468F2CD338E3A15330,MD5=7F045873F7045026A484A13131C890D8,SHA256=AE9F58ACBD39877CC92464E1D5698B04EB57E72D7C084FF5701641AED3E6211C,IMPHASH=88D04AF7498CEDC8E8B296BF84CBDB16", "EventData_Signed": "true", "EventData_Signature": "Microsoft Windows", "EventData_SignatureStatus": "Valid", "EventData_User": "NT AUTHORITY\\LOCAL SERVICE"}
{"Provider_Name": "Microsoft-Windows-Sysmon", "Provider_Guid": "{5770385f-c22a-43e0-bf4c-06f5698ffbd9}", "Provider": null, "EventID_Qualifiers": "", "EventID": "7", "Version": "3", "Level": "4", "Task": "7", "Opcode": "0", "Keywords": "0x8000000000000000", "TimeCreated_SystemTime": "2023-09-27 07:08:13.305738", "TimeCreated": null, "EventRecordID": "31346", "Correlation_ActivityID": "", "Correlation_RelatedActivityID": "", "Correlation": null, "Execution_ProcessID": "3368", "Execution_ThreadID": "3332", "Execution": null, "Channel": "Microsoft-Windows-Sysmon/Operational", "Computer": "DESKTOP-P5C3MUD", "Security_UserID": "S-1-5-18", "Security": null, "EventData_RuleName": "-", "EventData_UtcTime": "2023-09-27 07:08:13.295", "EventData_ProcessGuid": "{4557fbaa-d4dd-6513-c201-000000000e00}", "EventData_ProcessId": "9364", "EventData_Image": "C:\\Windows\\System32\\audiodg.exe", "EventData_ImageLoaded": "C:\\Windows\\System32\\rdpendp.dll", "EventData_FileVersion": "10.0.19041.746 (WinBuild.160101.0800)", "EventData_Description": "RDP Audio Endpoint", "EventData_Product": "Microsoft\u00ae Windows\u00ae Operating System", "EventData_Company": "Microsoft Corporation", "EventData_OriginalFileName": "rdpendp.dll", "EventData_Hashes": "SHA1=2B62FA1958C470D280A274B0C2B208FD48413B67,MD5=223C512F5B5FD98AF8689095F8069507,SHA256=25A099D2C6E498B1D07947D4C3F89188642A1B3C8620F89E8699EB47BC36AB37,IMPHASH=D0E220463FFCE6D883762100CECF8D0B", "EventData_Signed": "true", "EventData_Signature": "Microsoft Windows", "EventData_SignatureStatus": "Valid", "EventData_User": "NT AUTHORITY\\LOCAL SERVICE"}
{"Provider_Name": "Microsoft-Windows-Sysmon", "Provider_Guid": "{5770385f-c22a-43e0-bf4c-06f5698ffbd9}", "Provider": null, "EventID_Qualifiers": "", "EventID": "7", "Version": "3", "Level": "4", "Task": "7", "Opcode": "0", "Keywords": "0x8000000000000000", "TimeCreated_SystemTime": "2023-09-27 07:08:13.305866", "TimeCreated": null, "EventRecordID": "31347", "Correlation_ActivityID": "", "Correlation_RelatedActivityID": "", "Correlation": null, "Execution_ProcessID": "3368", "Execution_ThreadID": "3332", "Execution": null, "Channel": "Microsoft-Windows-Sysmon/Operational", "Computer": "DESKTOP-P5C3MUD", "Security_UserID": "S-1-5-18", "Security": null, "EventData_RuleName": "-", "EventData_UtcTime": "2023-09-27 07:08:13.295", "EventData_ProcessGuid": "{4557fbaa-d4dd-6513-c201-000000000e00}", "EventData_ProcessId": "9364", "EventData_Image": "C:\\Windows\\System32\\audiodg.exe", "EventData_ImageLoaded": "C:\\Windows\\System32\\wtsapi32.dll", "EventData_FileVersion": "10.0.19041.546 (WinBuild.160101.0800)", "EventData_Description": "Windows Remote Desktop Session Host Server SDK APIs", "EventData_Product": "Microsoft\u00ae Windows\u00ae Operating System", "EventData_Company": "Microsoft Corporation", "EventData_OriginalFileName": "wtsapi32.dll", "EventData_Hashes": "SHA1=F4B972ED5FEE471BDFB01B195C58F2D341299B93,MD5=2E8BC179A27B230AF644C81C956A7627,SHA256=1033414B92FE745FB7FD75CAB631FE253A55E390E11BAB0093AAD0D55A1734BE,IMPHASH=1D3A55F1B05A4AA4D327269FDE13BA58", "EventData_Signed": "true", "EventData_Signature": "Microsoft Windows", "EventData_SignatureStatus": "Valid", "EventData_User": "NT AUTHORITY\\LOCAL SERVICE"}
{"Provider_Name": "Microsoft-Windows-Sysmon", "Provider_Guid": "{5770385f-c22a-43e0-bf4c-06f5698ffbd9}", "Provider": null, "EventID_Qualifiers": "", "EventID": "7", "Version": "3", "Level": "4", "Task": "7", "Opcode": "0", "Keywords": "0x8000000000000000", "TimeCreated_SystemTime": "2023-09-27 07:08:13.307383", "TimeCreated": null, "EventRecordID": "31348", "Correlation_ActivityID": "", "Correlation_RelatedActivityID": "", "Correlation": null, "Execution_ProcessID": "3368", "Execution_ThreadID": "3332", "Execution": null, "Channel": "Microsoft-Windows-Sysmon/Operational", "Computer": "DESKTOP-P5C3MUD", "Security_UserID": "S-1-5-18", "Security": null, "EventData_RuleName": "-", "EventData_UtcTime": "2023-09-27 07:08:13.295", "EventData_ProcessGuid": "{4557fbaa-d4dd-6513-c201-000000000e00}", "EventData_ProcessId": "9364", "EventData_Image": "C:\\Windows\\System32\\audiodg.exe", "EventData_ImageLoaded": "C:\\Windows\\System32\\ole32.dll", "EventData_FileVersion": "10.0.19041.2965 (WinBuild.160101.0800)", "EventData_Description": "Microsoft OLE for Windows", "EventData_Product": "Microsoft\u00ae Windows\u00ae Operating System", "EventData_Company": "Microsoft Corporation", "EventData_OriginalFileName": "OLE32.DLL", "EventData_Hashes": "SHA1=AFD8381DFAD98D64F20AC48AF828F51B517D7C23,MD5=5151F3912370086A405A9A7070768F4B,SHA256=54416CD095DBF292E4229C753BEE076B82B981D82320202C9B5E916E2D0509A5,IMPHASH=58B7D42BAF8BCB6A17F4488C786BA758", "EventData_Signed": "true", "EventData_Signature": "Microsoft Windows", "EventData_SignatureStatus": "Valid", "EventData_User": "NT AUTHORITY\\LOCAL SERVICE"}
{"Provider_Name": "Microsoft-Windows-Sysmon", "Provider_Guid": "{5770385f-c22a-43e0-bf4c-06f5698ffbd9}", "Provider": null, "EventID_Qualifiers": "", "EventID": "12", "Version": "2", "Level": "4", "Task": "12", "Opcode": "0", "Keywords": "0x8000000000000000", "TimeCreated_SystemTime": "2023-09-27 07:08:13.307789", "TimeCreated": null, "EventRecordID": "31349", "Correlation_ActivityID": "", "Correlation_RelatedActivityID": "", "Correlation": null, "Execution_ProcessID": "3368", "Execution_ThreadID": "3332", "Execution": null, "Channel": "Microsoft-Windows-Sysmon/Operational", "Computer": "DESKTOP-P5C3MUD", "Security_UserID": "S-1-5-18", "Security": null, "EventData_RuleName": "-", "EventData_EventType": "CreateKey", "EventData_UtcTime": "2023-09-27 07:08:13.295", "EventData_ProcessGuid": "{4557fbaa-d4dd-6513-c201-000000000e00}", "EventData_ProcessId": "9364", "EventData_Image": "C:\\Windows\\system32\\AUDIODG.EXE", "EventData_TargetObject": "HKCR", "EventData_User": "NT AUTHORITY\\LOCAL SERVICE"}
{"Provider_Name": "Microsoft-Windows-Sysmon", "Provider_Guid": "{5770385f-c22a-43e0-bf4c-06f5698ffbd9}", "Provider": null, "EventID_Qualifiers": "", "EventID": "7", "Version": "3", "Level": "4", "Task": "7", "Opcode": "0", "Keywords": "0x8000000000000000", "TimeCreated_SystemTime": "2023-09-27 07:08:13.308903", "TimeCreated": null, "EventRecordID": "31350", "Correlation_ActivityID": "", "Correlation_RelatedActivityID": "", "Correlation": null, "Execution_ProcessID": "3368", "Execution_ThreadID": "3332", "Execution": null, "Channel": "Microsoft-Windows-Sysmon/Operational", "Computer": "DESKTOP-P5C3MUD", "Security_UserID": "S-1-5-18", "Security": null, "EventData_RuleName": "-", "EventData_UtcTime": "2023-09-27 07:08:13.295", "EventData_ProcessGuid": "{4557fbaa-d4dd-6513-c201-000000000e00}", "EventData_ProcessId": "9364", "EventData_Image": "C:\\Windows\\System32\\audiodg.exe", "EventData_ImageLoaded": "C:\\Windows\\System32\\rdpendp.dll", "EventData_FileVersion": "10.0.19041.746 (WinBuild.160101.0800)", "EventData_Description": "RDP Audio Endpoint", "EventData_Product": "Microsoft\u00ae Windows\u00ae Operating System", "EventData_Company": "Microsoft Corporation", "EventData_OriginalFileName": "rdpendp.dll", "EventData_Hashes": "SHA1=2B62FA1958C470D280A274B0C2B208FD48413B67,MD5=223C512F5B5FD98AF8689095F8069507,SHA256=25A099D2C6E498B1D07947D4C3F89188642A1B3C8620F89E8699EB47BC36AB37,IMPHASH=D0E220463FFCE6D883762100CECF8D0B", "EventData_Signed": "true", "EventData_Signature": "Microsoft Windows", "EventData_SignatureStatus": "Valid", "EventData_User": "NT AUTHORITY\\LOCAL SERVICE"}
{"Provider_Name": "Microsoft-Windows-Sysmon", "Provider_Guid": "{5770385f-c22a-43e0-bf4c-06f5698ffbd9}", "Provider": null, "EventID_Qualifiers": "", "EventID": "7", "Version": "3", "Level": "4", "Task": "7", "Opcode": "0", "Keywords": "0x8000000000000000", "TimeCreated_SystemTime": "2023-09-27 07:08:13.309042", "TimeCreated": null, "EventRecordID": "31351", "Correlation_ActivityID": "", "Correlation_RelatedActivityID": "", "Correlation": null, "Execution_ProcessID": "3368", "Execution_ThreadID": "3332", "Execution": null, "Channel": "Microsoft-Windows-Sysmon/Operational", "Computer": "DESKTOP-P5C3MUD", "Security_UserID": "S-1-5-18", "Security": null, "EventData_RuleName": "-", "EventData_UtcTime": "2023-09-27 07:08:13.295", "EventData_ProcessGuid": "{4557fbaa-d4dd-6513-c201-000000000e00}", "EventData_ProcessId": "9364", "EventData_Image": "C:\\Windows\\System32\\audiodg.exe", "EventData_ImageLoaded": "C:\\Windows\\System32\\wtsapi32.dll", "EventData_FileVersion": "10.0.19041.546 (WinBuild.160101.0800)", "EventData_Description": "Windows Remote Desktop Session Host Server SDK APIs", "EventData_Product": "Microsoft\u00ae Windows\u00ae Operating System", "EventData_Company": "Microsoft Corporation", "EventData_OriginalFileName": "wtsapi32.dll", "EventData_Hashes": "SHA1=F4B972ED5FEE471BDFB01B195C58F2D341299B93,MD5=2E8BC179A27B230AF644C81C956A7627,SHA256=1033414B92FE745FB7FD75CAB631FE253A55E390E11BAB0093AAD0D55A1734BE,IMPHASH=1D3A55F1B05A4AA4D327269FDE13BA58", "EventData_Signed": "true", "EventData_Signature": "Microsoft Windows", "EventData_SignatureStatus": "Valid", "EventData_User": "NT AUTHORITY\\LOCAL SERVICE"}
{"Provider_Name": "Microsoft-Windows-Sysmon", "Provider_Guid": "{5770385f-c22a-43e0-bf4c-06f5698ffbd9}", "Provider": null, "EventID_Qualifiers": "", "EventID": "7", "Version": "3", "Level": "4", "Task": "7", "Opcode": "0", "Keywords": "0x8000000000000000", "TimeCreated_SystemTime": "2023-09-27 07:08:13.310366", "TimeCreated": null, "EventRecordID": "31352", "Correlation_ActivityID": "", "Correlation_RelatedActivityID": "", "Correlation": null, "Execution_ProcessID": "3368", "Execution_ThreadID": "3332", "Execution": null, "Channel": "Microsoft-Windows-Sysmon/Operational", "Computer": "DESKTOP-P5C3MUD", "Security_UserID": "S-1-5-18", "Security": null, "EventData_RuleName": "-", "EventData_UtcTime": "2023-09-27 07:08:13.295", "EventData_ProcessGuid": "{4557fbaa-d4dd-6513-c201-000000000e00}", "EventData_ProcessId": "9364", "EventData_Image": "C:\\Windows\\System32\\audiodg.exe", "EventData_ImageLoaded": "C:\\Windows\\System32\\ole32.dll", "EventData_FileVersion": "10.0.19041.2965 (WinBuild.160101.0800)", "EventData_Description": "Microsoft OLE for Windows", "EventData_Product": "Microsoft\u00ae Windows\u00ae Operating System", "EventData_Company": "Microsoft Corporation", "EventData_OriginalFileName": "OLE32.DLL", "EventData_Hashes": "SHA1=AFD8381DFAD98D64F20AC48AF828F51B517D7C23,MD5=5151F3912370086A405A9A7070768F4B,SHA256=54416CD095DBF292E4229C753BEE076B82B981D82320202C9B5E916E2D0509A5,IMPHASH=58B7D42BAF8BCB6A17F4488C786BA758", "EventData_Signed": "true", "EventData_Signature": "Microsoft Windows", "EventData_SignatureStatus": "Valid", "EventData_User": "NT AUTHORITY\\LOCAL SERVICE"}
{"Provider_Name": "Microsoft-Windows-Sysmon", "Provider_Guid": "{5770385f-c22a-43e0-bf4c-06f5698ffbd9}", "Provider": null, "EventID_Qualifiers": "", "EventID": "7", "Version": "3", "Level": "4", "Task": "7", "Opcode": "0", "Keywords": "0x8000000000000000", "TimeCreated_SystemTime": "2023-09-27 07:08:13.310514", "TimeCreated": null, "EventRecordID": "31353", "Correlation_ActivityID": "", "Correlation_RelatedActivityID": "", "Correlation": null, "Execution_ProcessID": "3368", "Execution_ThreadID": "888", "Execution": null, "Channel": "Microsoft-Windows-Sysmon/Operational", "Computer": "DESKTOP-P5C3MUD", "Security_UserID": "S-1-5-18", "Security": null, "EventData_RuleName": "-", "EventData_UtcTime": "2023-09-27 07:08:13.295", "EventData_ProcessGuid": "{4557fbaa-d4dd-6513-c201-000000000e00}", "EventData_ProcessId": "9364", "EventData_Image": "C:\\Windows\\System32\\audiodg.exe", "EventData_ImageLoaded": "C:\\Windows\\System32\\AudioEng.dll", "EventData_FileVersion": "10.0.19041.3393 (WinBuild.160101.0800)", "EventData_Description": "Audio Engine", "EventData_Product": "Microsoft\u00ae Windows\u00ae Operating System", "EventData_Company": "Microsoft Corporation", "EventData_OriginalFileName": "AudioEng.Dll", "EventData_Hashes": "SHA1=6B23AD1DBBE1012A57448B32467A993025F3FE23,MD5=5128EC8CB155DF848447B70CC0FCBF61,SHA256=496D4763B0D8748DE135074362EBB17F106BA2275741C76D0D0D4480CD6299A6,IMPHASH=B0829F5F431283F7BE36667B4F2A92F2", "EventData_Signed": "true", "EventData_Signature": "Microsoft Windows", "EventData_SignatureStatus": "Valid", "EventData_User": "NT AUTHORITY\\LOCAL SERVICE"}
{"Provider_Name": "Microsoft-Windows-Sysmon", "Provider_Guid": "{5770385f-c22a-43e0-bf4c-06f5698ffbd9}", "Provider": null, "EventID_Qualifiers": "", "EventID": "10", "Version": "3", "Level": "4", "Task": "10", "Opcode": "0", "Keywords": "0x8000000000000000", "TimeCreated_SystemTime": "2023-09-27 07:08:13.312702", "TimeCreated": null, "EventRecordID": "31354", "Correlation_ActivityID": "", "Correlation_RelatedActivityID": "", "Correlation": null, "Execution_ProcessID": "3368", "Execution_ThreadID": "3332", "Execution": null, "Channel": "Microsoft-Windows-Sysmon/Operational", "Computer": "DESKTOP-P5C3MUD", "Security_UserID": "S-1-5-18", "Security": null, "EventData_RuleName": "-", "EventData_UtcTime": "2023-09-27 07:08:13.311", "EventData_SourceProcessGUID": "{4557fbaa-d4dd-6513-c201-000000000e00}", "EventData_SourceProcessId": "9364", "EventData_SourceThreadId": "7832", "EventData_SourceImage": "C:\\Windows\\system32\\AUDIODG.EXE", "EventData_TargetProcessGUID": "{4557fbaa-d4dd-6513-c101-000000000e00}", "EventData_TargetProcessId": "4724", "EventData_TargetImage": "C:\\Windows\\system32\\consent.exe", "EventData_GrantedAccess": "0x00003000", "EventData_CallTrace": "C:\\Windows\\SYSTEM32\\ntdll.dll+9d314|C:\\Windows\\System32\\KERNELBASE.dll+308ee|C:\\Windows\\system32\\AUDIODG.EXE+1269d|C:\\Windows\\system32\\AUDIODG.EXE+7c9a|C:\\Windows\\system32\\AUDIODG.EXE+1bb9f|C:\\Windows\\System32\\RPCRT4.dll+7b4b3|C:\\Windows\\System32\\RPCRT4.dll+de77b|C:\\Windows\\System32\\RPCRT4.dll+1d479|C:\\Windows\\System32\\combase.dll+b5f00|C:\\Windows\\System32\\RPCRT4.dll+5a74b|C:\\Windows\\System32\\combase.dll+8bad3|C:\\Windows\\System32\\combase.dll+8b85e|C:\\Windows\\System32\\combase.dll+baaa6|C:\\Windows\\System32\\combase.dll+31283|C:\\Windows\\System32\\combase.dll+b133d|C:\\Windows\\System32\\combase.dll+25036|C:\\Windows\\System32\\combase.dll+fb8cc|C:\\Windows\\System32\\combase.dll+26ff9|C:\\Windows\\System32\\RPCRT4.dll+59188|C:\\Windows\\System32\\RPCRT4.dll+3a3a6|C:\\Windows\\System32\\RPCRT4.dll+39fd6|C:\\Windows\\System32\\RPCRT4.dll+4730f|C:\\Windows\\System32\\RPCRT4.dll+468c8|C:\\Windows\\System32\\RPCRT4.dll+45eb1", "EventData_SourceUser": "NT AUTHORITY\\LOCAL SERVICE", "EventData_TargetUser": "NT AUTHORITY\\SYSTEM"}
{"Provider_Name": "Microsoft-Windows-Sysmon", "Provider_Guid": "{5770385f-c22a-43e0-bf4c-06f5698ffbd9}", "Provider": null, "EventID_Qualifiers": "", "EventID": "7", "Version": "3", "Level": "4", "Task": "7", "Opcode": "0", "Keywords": "0x8000000000000000", "TimeCreated_SystemTime": "2023-09-27 07:08:13.314310", "TimeCreated": null, "EventRecordID": "31355", "Correlation_ActivityID": "", "Correlation_RelatedActivityID": "", "Correlation": null, "Execution_ProcessID": "3368", "Execution_ThreadID": "888", "Execution": null, "Channel": "Microsoft-Windows-Sysmon/Operational", "Computer": "DESKTOP-P5C3MUD", "Security_UserID": "S-1-5-18", "Security": null, "EventData_RuleName": "-", "EventData_UtcTime": "2023-09-27 07:08:13.295", "EventData_ProcessGuid": "{4557fbaa-d4dd-6513-c101-000000000e00}", "EventData_ProcessId": "4724", "EventData_Image": "C:\\Windows\\System32\\consent.exe", "EventData_ImageLoaded": "C:\\Windows\\System32\\dxgi.dll", "EventData_FileVersion": "10.0.19041.2311 (WinBuild.160101.0800)", "EventData_Description": "DirectX Graphics Infrastructure", "EventData_Product": "Microsoft\u00ae Windows\u00ae Operating System", "EventData_Company": "Microsoft Corporation", "EventData_OriginalFileName": "dxgi.dll", "EventData_Hashes": "SHA1=43F526CED3A9CE9DCBB1811B8018465546F70750,MD5=02B331C9D6E5EEFF79F9D32E546F0C7D,SHA256=3946469C13BB0EFA75A2192CE4593CAA09EAC688923F548B97EF86978799F222,IMPHASH=DE855C1AF87EC3A22CE05BCD8E04FE8D", "EventData_Signed": "true", "EventData_Signature": "Microsoft Windows", "EventData_SignatureStatus": "Valid", "EventData_User": "NT AUTHORITY\\SYSTEM"}
{"Provider_Name": "Microsoft-Windows-Sysmon", "Provider_Guid": "{5770385f-c22a-43e0-bf4c-06f5698ffbd9}", "Provider": null, "EventID_Qualifiers": "", "EventID": "7", "Version": "3", "Level": "4", "Task": "7", "Opcode": "0", "Keywords": "0x8000000000000000", "TimeCreated_SystemTime": "2023-09-27 07:08:13.316341", "TimeCreated": null, "EventRecordID": "31356", "Correlation_ActivityID": "", "Correlation_RelatedActivityID": "", "Correlation": null, "Execution_ProcessID": "3368", "Execution_ThreadID": "3332", "Execution": null, "Channel": "Microsoft-Windows-Sysmon/Operational", "Computer": "DESKTOP-P5C3MUD", "Security_UserID": "S-1-5-18", "Security": null, "EventData_RuleName": "-", "EventData_UtcTime": "2023-09-27 07:08:13.311", "EventData_ProcessGuid": "{4557fbaa-d4dd-6513-c201-000000000e00}", "EventData_ProcessId": "9364", "EventData_Image": "C:\\Windows\\System32\\audiodg.exe", "EventData_ImageLoaded": "C:\\Windows\\System32\\rdpendp.dll", "EventData_FileVersion": "10.0.19041.746 (WinBuild.160101.0800)", "EventData_Description": "RDP Audio Endpoint", "EventData_Product": "Microsoft\u00ae Windows\u00ae Operating System", "EventData_Company": "Microsoft Corporation", "EventData_OriginalFileName": "rdpendp.dll", "EventData_Hashes": "SHA1=2B62FA1958C470D280A274B0C2B208FD48413B67,MD5=223C512F5B5FD98AF8689095F8069507,SHA256=25A099D2C6E498B1D07947D4C3F89188642A1B3C8620F89E8699EB47BC36AB37,IMPHASH=D0E220463FFCE6D883762100CECF8D0B", "EventData_Signed": "true", "EventData_Signature": "Microsoft Windows", "EventData_SignatureStatus": "Valid", "EventData_User": "NT AUTHORITY\\LOCAL SERVICE"}
{"Provider_Name": "Microsoft-Windows-Sysmon", "Provider_Guid": "{5770385f-c22a-43e0-bf4c-06f5698ffbd9}", "Provider": null, "EventID_Qualifiers": "", "EventID": "7", "Version": "3", "Level": "4", "Task": "7", "Opcode": "0", "Keywords": "0x8000000000000000", "TimeCreated_SystemTime": "2023-09-27 07:08:13.316507", "TimeCreated": null, "EventRecordID": "31357", "Correlation_ActivityID": "", "Correlation_RelatedActivityID": "", "Correlation": null, "Execution_ProcessID": "3368", "Execution_ThreadID": "3332", "Execution": null, "Channel": "Microsoft-Windows-Sysmon/Operational", "Computer": "DESKTOP-P5C3MUD", "Security_UserID": "S-1-5-18", "Security": null, "EventData_RuleName": "-", "EventData_UtcTime": "2023-09-27 07:08:13.311", "EventData_ProcessGuid": "{4557fbaa-d4dd-6513-c201-000000000e00}", "EventData_ProcessId": "9364", "EventData_Image": "C:\\Windows\\System32\\audiodg.exe", "EventData_ImageLoaded": "C:\\Windows\\System32\\wtsapi32.dll", "EventData_FileVersion": "10.0.19041.546 (WinBuild.160101.0800)", "EventData_Description": "Windows Remote Desktop Session Host Server SDK APIs", "EventData_Product": "Microsoft\u00ae Windows\u00ae Operating System", "EventData_Company": "Microsoft Corporation", "EventData_OriginalFileName": "wtsapi32.dll", "EventData_Hashes": "SHA1=F4B972ED5FEE471BDFB01B195C58F2D341299B93,MD5=2E8BC179A27B230AF644C81C956A7627,SHA256=1033414B92FE745FB7FD75CAB631FE253A55E390E11BAB0093AAD0D55A1734BE,IMPHASH=1D3A55F1B05A4AA4D327269FDE13BA58", "EventData_Signed": "true", "EventData_Signature": "Microsoft Windows", "EventData_SignatureStatus": "Valid", "EventData_User": "NT AUTHORITY\\LOCAL SERVICE"}
{"Provider_Name": "Microsoft-Windows-Sysmon", "Provider_Guid": "{5770385f-c22a-43e0-bf4c-06f5698ffbd9}", "Provider": null, "EventID_Qualifiers": "", "EventID": "7", "Version": "3", "Level": "4", "Task": "7", "Opcode": "0", "Keywords": "0x8000000000000000", "TimeCreated_SystemTime": "2023-09-27 07:08:13.317776", "TimeCreated": null, "EventRecordID": "31358", "Correlation_ActivityID": "", "Correlation_RelatedActivityID": "", "Correlation": null, "Execution_ProcessID": "3368", "Execution_ThreadID": "3332", "Execution": null, "Channel": "Microsoft-Windows-Sysmon/Operational", "Computer": "DESKTOP-P5C3MUD", "Security_UserID": "S-1-5-18", "Security": null, "EventData_RuleName": "-", "EventData_UtcTime": "2023-09-27 07:08:13.311", "EventData_ProcessGuid": "{4557fbaa-d4dd-6513-c201-000000000e00}", "EventData_ProcessId": "9364", "EventData_Image": "C:\\Windows\\System32\\audiodg.exe", "EventData_ImageLoaded": "C:\\Windows\\System32\\ole32.dll", "EventData_FileVersion": "10.0.19041.2965 (WinBuild.160101.0800)", "EventData_Description": "Microsoft OLE for Windows", "EventData_Product": "Microsoft\u00ae Windows\u00ae Operating System", "EventData_Company": "Microsoft Corporation", "EventData_OriginalFileName": "OLE32.DLL", "EventData_Hashes": "SHA1=AFD8381DFAD98D64F20AC48AF828F51B517D7C23,MD5=5151F3912370086A405A9A7070768F4B,SHA256=54416CD095DBF292E4229C753BEE076B82B981D82320202C9B5E916E2D0509A5,IMPHASH=58B7D42BAF8BCB6A17F4488C786BA758", "EventData_Signed": "true", "EventData_Signature": "Microsoft Windows", "EventData_SignatureStatus": "Valid", "EventData_User": "NT AUTHORITY\\LOCAL SERVICE"}
{"Provider_Name": "Microsoft-Windows-Sysmon", "Provider_Guid": "{5770385f-c22a-43e0-bf4c-06f5698ffbd9}", "Provider": null, "EventID_Qualifiers": "", "EventID": "7", "Version": "3", "Level": "4", "Task": "7", "Opcode": "0", "Keywords": "0x8000000000000000", "TimeCreated_SystemTime": "2023-09-27 07:08:13.319750", "TimeCreated": null, "EventRecordID": "31359", "Correlation_ActivityID": "", "Correlation_RelatedActivityID": "", "Correlation": null, "Execution_ProcessID": "3368", "Execution_ThreadID": "3332", "Execution": null, "Channel": "Microsoft-Windows-Sysmon/Operational", "Computer": "DESKTOP-P5C3MUD", "Security_UserID": "S-1-5-18", "Security": null, "EventData_RuleName": "-", "EventData_UtcTime": "2023-09-27 07:08:13.311", "EventData_ProcessGuid": "{4557fbaa-d4dd-6513-c201-000000000e00}", "EventData_ProcessId": "9364", "EventData_Image": "C:\\Windows\\System32\\audiodg.exe", "EventData_ImageLoaded": "C:\\Windows\\System32\\rdpendp.dll", "EventData_FileVersion": "10.0.19041.746 (WinBuild.160101.0800)", "EventData_Description": "RDP Audio Endpoint", "EventData_Product": "Microsoft\u00ae Windows\u00ae Operating System", "EventData_Company": "Microsoft Corporation", "EventData_OriginalFileName": "rdpendp.dll", "EventData_Hashes": "SHA1=2B62FA1958C470D280A274B0C2B208FD48413B67,MD5=223C512F5B5FD98AF8689095F8069507,SHA256=25A099D2C6E498B1D07947D4C3F89188642A1B3C8620F89E8699EB47BC36AB37,IMPHASH=D0E220463FFCE6D883762100CECF8D0B", "EventData_Signed": "true", "EventData_Signature": "Microsoft Windows", "EventData_SignatureStatus": "Valid", "EventData_User": "NT AUTHORITY\\LOCAL SERVICE"}
{"Provider_Name": "Microsoft-Windows-Sysmon", "Provider_Guid": "{5770385f-c22a-43e0-bf4c-06f5698ffbd9}", "Provider": null, "EventID_Qualifiers": "", "EventID": "7", "Version": "3", "Level": "4", "Task": "7", "Opcode": "0", "Keywords": "0x8000000000000000", "TimeCreated_SystemTime": "2023-09-27 07:08:13.319920", "TimeCreated": null, "EventRecordID": "31360", "Correlation_ActivityID": "", "Correlation_RelatedActivityID": "", "Correlation": null, "Execution_ProcessID": "3368", "Execution_ThreadID": "3332", "Execution": null, "Channel": "Microsoft-Windows-Sysmon/Operational", "Computer": "DESKTOP-P5C3MUD", "Security_UserID": "S-1-5-18", "Security": null, "EventData_RuleName": "-", "EventData_UtcTime": "2023-09-27 07:08:13.311", "EventData_ProcessGuid": "{4557fbaa-d4dd-6513-c201-000000000e00}", "EventData_ProcessId": "9364", "EventData_Image": "C:\\Windows\\System32\\audiodg.exe", "EventData_ImageLoaded": "C:\\Windows\\System32\\wtsapi32.dll", "EventData_FileVersion": "10.0.19041.546 (WinBuild.160101.0800)", "EventData_Description": "Windows Remote Desktop Session Host Server SDK APIs", "EventData_Product": "Microsoft\u00ae Windows\u00ae Operating System", "EventData_Company": "Microsoft Corporation", "EventData_OriginalFileName": "wtsapi32.dll", "EventData_Hashes": "SHA1=F4B972ED5FEE471BDFB01B195C58F2D341299B93,MD5=2E8BC179A27B230AF644C81C956A7627,SHA256=1033414B92FE745FB7FD75CAB631FE253A55E390E11BAB0093AAD0D55A1734BE,IMPHASH=1D3A55F1B05A4AA4D327269FDE13BA58", "EventData_Signed": "true", "EventData_Signature": "Microsoft Windows", "EventData_SignatureStatus": "Valid", "EventData_User": "NT AUTHORITY\\LOCAL SERVICE"}
{"Provider_Name": "Microsoft-Windows-Sysmon", "Provider_Guid": "{5770385f-c22a-43e0-bf4c-06f5698ffbd9}", "Provider": null, "EventID_Qualifiers": "", "EventID": "7", "Version": "3", "Level": "4", "Task": "7", "Opcode": "0", "Keywords": "0x8000000000000000", "TimeCreated_SystemTime": "2023-09-27 07:08:13.321234", "TimeCreated": null, "EventRecordID": "31361", "Correlation_ActivityID": "", "Correlation_RelatedActivityID": "", "Correlation": null, "Execution_ProcessID": "3368", "Execution_ThreadID": "3332", "Execution": null, "Channel": "Microsoft-Windows-Sysmon/Operational", "Computer": "DESKTOP-P5C3MUD", "Security_UserID": "S-1-5-18", "Security": null, "EventData_RuleName": "-", "EventData_UtcTime": "2023-09-27 07:08:13.311", "EventData_ProcessGuid": "{4557fbaa-d4dd-6513-c201-000000000e00}", "EventData_ProcessId": "9364", "EventData_Image": "C:\\Windows\\System32\\audiodg.exe", "EventData_ImageLoaded": "C:\\Windows\\System32\\ole32.dll", "EventData_FileVersion": "10.0.19041.2965 (WinBuild.160101.0800)", "EventData_Description": "Microsoft OLE for Windows", "EventData_Product": "Microsoft\u00ae Windows\u00ae Operating System", "EventData_Company": "Microsoft Corporation", "EventData_OriginalFileName": "OLE32.DLL", "EventData_Hashes": "SHA1=AFD8381DFAD98D64F20AC48AF828F51B517D7C23,MD5=5151F3912370086A405A9A7070768F4B,SHA256=54416CD095DBF292E4229C753BEE076B82B981D82320202C9B5E916E2D0509A5,IMPHASH=58B7D42BAF8BCB6A17F4488C786BA758", "EventData_Signed": "true", "EventData_Signature": "Microsoft Windows", "EventData_SignatureStatus": "Valid", "EventData_User": "NT AUTHORITY\\LOCAL SERVICE"}
{"Provider_Name": "Microsoft-Windows-Sysmon", "Provider_Guid": "{5770385f-c22a-43e0-bf4c-06f5698ffbd9}", "Provider": null, "EventID_Qualifiers": "", "EventID": "7", "Version": "3", "Level": "4", "Task": "7", "Opcode": "0", "Keywords": "0x8000000000000000", "TimeCreated_SystemTime": "2023-09-27 07:08:13.322269", "TimeCreated": null, "EventRecordID": "31362", "Correlation_ActivityID": "", "Correlation_RelatedActivityID": "", "Correlation": null, "Execution_ProcessID": "3368", "Execution_ThreadID": "3332", "Execution": null, "Channel": "Microsoft-Windows-Sysmon/Operational", "Computer": "DESKTOP-P5C3MUD", "Security_UserID": "S-1-5-18", "Security": null, "EventData_RuleName": "-", "EventData_UtcTime": "2023-09-27 07:08:13.311", "EventData_ProcessGuid": "{4557fbaa-d4dd-6513-c201-000000000e00}", "EventData_ProcessId": "9364", "EventData_Image": "C:\\Windows\\System32\\audiodg.exe", "EventData_ImageLoaded": "C:\\Windows\\System32\\rdpendp.dll", "EventData_FileVersion": "10.0.19041.746 (WinBuild.160101.0800)", "EventData_Description": "RDP Audio Endpoint", "EventData_Product": "Microsoft\u00ae Windows\u00ae Operating System", "EventData_Company": "Microsoft Corporation", "EventData_OriginalFileName": "rdpendp.dll", "EventData_Hashes": "SHA1=2B62FA1958C470D280A274B0C2B208FD48413B67,MD5=223C512F5B5FD98AF8689095F8069507,SHA256=25A099D2C6E498B1D07947D4C3F89188642A1B3C8620F89E8699EB47BC36AB37,IMPHASH=D0E220463FFCE6D883762100CECF8D0B", "EventData_Signed": "true", "EventData_Signature": "Microsoft Windows", "EventData_SignatureStatus": "Valid", "EventData_User": "NT AUTHORITY\\LOCAL SERVICE"}
{"Provider_Name": "Microsoft-Windows-Sysmon", "Provider_Guid": "{5770385f-c22a-43e0-bf4c-06f5698ffbd9}", "Provider": null, "EventID_Qualifiers": "", "EventID": "7", "Version": "3", "Level": "4", "Task": "7", "Opcode": "0", "Keywords": "0x8000000000000000", "TimeCreated_SystemTime": "2023-09-27 07:08:13.322437", "TimeCreated": null, "EventRecordID": "31363", "Correlation_ActivityID": "", "Correlation_RelatedActivityID": "", "Correlation": null, "Execution_ProcessID": "3368", "Execution_ThreadID": "3332", "Execution": null, "Channel": "Microsoft-Windows-Sysmon/Operational", "Computer": "DESKTOP-P5C3MUD", "Security_UserID": "S-1-5-18", "Security": null, "EventData_RuleName": "-", "EventData_UtcTime": "2023-09-27 07:08:13.311", "EventData_ProcessGuid": "{4557fbaa-d4dd-6513-c201-000000000e00}", "EventData_ProcessId": "9364", "EventData_Image": "C:\\Windows\\System32\\audiodg.exe", "EventData_ImageLoaded": "C:\\Windows\\System32\\wtsapi32.dll", "EventData_FileVersion": "10.0.19041.546 (WinBuild.160101.0800)", "EventData_Description": "Windows Remote Desktop Session Host Server SDK APIs", "EventData_Product": "Microsoft\u00ae Windows\u00ae Operating System", "EventData_Company": "Microsoft Corporation", "EventData_OriginalFileName": "wtsapi32.dll", "EventData_Hashes": "SHA1=F4B972ED5FEE471BDFB01B195C58F2D341299B93,MD5=2E8BC179A27B230AF644C81C956A7627,SHA256=1033414B92FE745FB7FD75CAB631FE253A55E390E11BAB0093AAD0D55A1734BE,IMPHASH=1D3A55F1B05A4AA4D327269FDE13BA58", "EventData_Signed": "true", "EventData_Signature": "Microsoft Windows", "EventData_SignatureStatus": "Valid", "EventData_User": "NT AUTHORITY\\LOCAL SERVICE"}
{"Provider_Name": "Microsoft-Windows-Sysmon", "Provider_Guid": "{5770385f-c22a-43e0-bf4c-06f5698ffbd9}", "Provider": null, "EventID_Qualifiers": "", "EventID": "7", "Version": "3", "Level": "4", "Task": "7", "Opcode": "0", "Keywords": "0x8000000000000000", "TimeCreated_SystemTime": "2023-09-27 07:08:13.323690", "TimeCreated": null, "EventRecordID": "31364", "Correlation_ActivityID": "", "Correlation_RelatedActivityID": "", "Correlation": null, "Execution_ProcessID": "3368", "Execution_ThreadID": "3332", "Execution": null, "Channel": "Microsoft-Windows-Sysmon/Operational", "Computer": "DESKTOP-P5C3MUD", "Security_UserID": "S-1-5-18", "Security": null, "EventData_RuleName": "-", "EventData_UtcTime": "2023-09-27 07:08:13.311", "EventData_ProcessGuid": "{4557fbaa-d4dd-6513-c201-000000000e00}", "EventData_ProcessId": "9364", "EventData_Image": "C:\\Windows\\System32\\audiodg.exe", "EventData_ImageLoaded": "C:\\Windows\\System32\\ole32.dll", "EventData_FileVersion": "10.0.19041.2965 (WinBuild.160101.0800)", "EventData_Description": "Microsoft OLE for Windows", "EventData_Product": "Microsoft\u00ae Windows\u00ae Operating System", "EventData_Company": "Microsoft Corporation", "EventData_OriginalFileName": "OLE32.DLL", "EventData_Hashes": "SHA1=AFD8381DFAD98D64F20AC48AF828F51B517D7C23,MD5=5151F3912370086A405A9A7070768F4B,SHA256=54416CD095DBF292E4229C753BEE076B82B981D82320202C9B5E916E2D0509A5,IMPHASH=58B7D42BAF8BCB6A17F4488C786BA758", "EventData_Signed": "true", "EventData_Signature": "Microsoft Windows", "EventData_SignatureStatus": "Valid", "EventData_User": "NT AUTHORITY\\LOCAL SERVICE"}
{"Provider_Name": "Microsoft-Windows-Sysmon", "Provider_Guid": "{5770385f-c22a-43e0-bf4c-06f5698ffbd9}", "Provider": null, "EventID_Qualifiers": "", "EventID": "12", "Version": "2", "Level": "4", "Task": "12", "Opcode": "0", "Keywords": "0x8000000000000000", "TimeCreated_SystemTime": "2023-09-27 07:08:13.329138", "TimeCreated": null, "EventRecordID": "31365", "Correlation_ActivityID": "", "Correlation_RelatedActivityID": "", "Correlation": null, "Execution_ProcessID": "3368", "Execution_ThreadID": "3332", "Execution": null, "Channel": "Microsoft-Windows-Sysmon/Operational", "Computer": "DESKTOP-P5C3MUD", "Security_UserID": "S-1-5-18", "Security": null, "EventData_RuleName": "-", "EventData_EventType": "CreateKey", "EventData_UtcTime": "2023-09-27 07:08:13.326", "EventData_ProcessGuid": "{4557fbaa-ce30-6513-3c00-000000000e00}", "EventData_ProcessId": "2748", "EventData_Image": "C:\\Windows\\System32\\DriverStore\\FileRepository\\nv_dispig.inf_amd64_3c2bd4a1ec6d228e\\Display.NvContainer\\NVDisplay.Container.exe", "EventData_TargetObject": "HKLM\\System\\CurrentControlSet\\Services\\nvlddmkm\\Global\\Startup", "EventData_User": "NT AUTHORITY\\SYSTEM"}
{"Provider_Name": "Microsoft-Windows-Sysmon", "Provider_Guid": "{5770385f-c22a-43e0-bf4c-06f5698ffbd9}", "Provider": null, "EventID_Qualifiers": "", "EventID": "12", "Version": "2", "Level": "4", "Task": "12", "Opcode": "0", "Keywords": "0x8000000000000000", "TimeCreated_SystemTime": "2023-09-27 07:08:13.329178", "TimeCreated": null, "EventRecordID": "31366", "Correlation_ActivityID": "", "Correlation_RelatedActivityID": "", "Correlation": null, "Execution_ProcessID": "3368", "Execution_ThreadID": "3332", "Execution": null, "Channel": "Microsoft-Windows-Sysmon/Operational", "Computer": "DESKTOP-P5C3MUD", "Security_UserID": "S-1-5-18", "Security": null, "EventData_RuleName": "-", "EventData_EventType": "CreateKey", "EventData_UtcTime": "2023-09-27 07:08:13.326", "EventData_ProcessGuid": "{4557fbaa-ce30-6513-3c00-000000000e00}", "EventData_ProcessId": "2748", "EventData_Image": "C:\\Windows\\System32\\DriverStore\\FileRepository\\nv_dispig.inf_amd64_3c2bd4a1ec6d228e\\Display.NvContainer\\NVDisplay.Container.exe", "EventData_TargetObject": "HKLM\\System\\CurrentControlSet\\Services\\nvlddmkm\\Global\\Startup\\StartACETrayIcon", "EventData_User": "NT AUTHORITY\\SYSTEM"}
{"Provider_Name": "Microsoft-Windows-Sysmon", "Provider_Guid": "{5770385f-c22a-43e0-bf4c-06f5698ffbd9}", "Provider": null, "EventID_Qualifiers": "", "EventID": "13", "Version": "2", "Level": "4", "Task": "13", "Opcode": "0", "Keywords": "0x8000000000000000", "TimeCreated_SystemTime": "2023-09-27 07:08:13.329205", "TimeCreated": null, "EventRecordID": "31367", "Correlation_ActivityID": "", "Correlation_RelatedActivityID": "", "Correlation": null, "Execution_ProcessID": "3368", "Execution_ThreadID": "3332", "Execution": null, "Channel": "Microsoft-Windows-Sysmon/Operational", "Computer": "DESKTOP-P5C3MUD", "Security_UserID": "S-1-5-18", "Security": null, "EventData_RuleName": "-", "EventData_EventType": "SetValue", "EventData_UtcTime": "2023-09-27 07:08:13.326", "EventData_ProcessGuid": "{4557fbaa-ce30-6513-3c00-000000000e00}", "EventData_ProcessId": "2748", "EventData_Image": "C:\\Windows\\System32\\DriverStore\\FileRepository\\nv_dispig.inf_amd64_3c2bd4a1ec6d228e\\Display.NvContainer\\NVDisplay.Container.exe", "EventData_TargetObject": "HKLM\\System\\CurrentControlSet\\Services\\nvlddmkm\\Global\\Startup\\StartACETrayIcon\\(Default)", "EventData_Details": "DWORD (0x00000001)", "EventData_User": "NT AUTHORITY\\SYSTEM"}
{"Provider_Name": "Microsoft-Windows-Sysmon", "Provider_Guid": "{5770385f-c22a-43e0-bf4c-06f5698ffbd9}", "Provider": null, "EventID_Qualifiers": "", "EventID": "7", "Version": "3", "Level": "4", "Task": "7", "Opcode": "0", "Keywords": "0x8000000000000000", "TimeCreated_SystemTime": "2023-09-27 07:08:13.330597", "TimeCreated": null, "EventRecordID": "31368", "Correlation_ActivityID": "", "Correlation_RelatedActivityID": "", "Correlation": null, "Execution_ProcessID": "3368", "Execution_ThreadID": "888", "Execution": null, "Channel": "Microsoft-Windows-Sysmon/Operational", "Computer": "DESKTOP-P5C3MUD", "Security_UserID": "S-1-5-18", "Security": null, "EventData_RuleName": "-", "EventData_UtcTime": "2023-09-27 07:08:13.326", "EventData_ProcessGuid": "{4557fbaa-d4dd-6513-c201-000000000e00}", "EventData_ProcessId": "9364", "EventData_Image": "C:\\Windows\\System32\\audiodg.exe", "EventData_ImageLoaded": "C:\\Windows\\System32\\mf.dll", "EventData_FileVersion": "10.0.19041.3393 (WinBuild.160101.0800)", "EventData_Description": "Media Foundation DLL", "EventData_Product": "Microsoft\u00ae Windows\u00ae Operating System", "EventData_Company": "Microsoft Corporation", "EventData_OriginalFileName": "mf.dll", "EventData_Hashes": "SHA1=35027099903BC00ECFAF448F6C69C5ED5591708D,MD5=C29C0759E78B1CF8F5AE9CDECF2973AE,SHA256=A21EE1E50879491E7D30673DF538FC2AB00EBC48C756FC231CDF29FD706A256D,IMPHASH=6ED0763EB41092A066B0C582532CC19F", "EventData_Signed": "true", "EventData_Signature": "Microsoft Windows", "EventData_SignatureStatus": "Valid", "EventData_User": "NT AUTHORITY\\LOCAL SERVICE"}
{"Provider_Name": "Microsoft-Windows-Sysmon", "Provider_Guid": "{5770385f-c22a-43e0-bf4c-06f5698ffbd9}", "Provider": null, "EventID_Qualifiers": "", "EventID": "12", "Version": "2", "Level": "4", "Task": "12", "Opcode": "0", "Keywords": "0x8000000000000000", "TimeCreated_SystemTime": "2023-09-27 07:08:13.338202", "TimeCreated": null, "EventRecordID": "31369", "Correlation_ActivityID": "", "Correlation_RelatedActivityID": "", "Correlation": null, "Execution_ProcessID": "3368", "Execution_ThreadID": "3332", "Execution": null, "Channel": "Microsoft-Windows-Sysmon/Operational", "Computer": "DESKTOP-P5C3MUD", "Security_UserID": "S-1-5-18", "Security": null, "EventData_RuleName": "-", "EventData_EventType": "CreateKey", "EventData_UtcTime": "2023-09-27 07:08:13.326", "EventData_ProcessGuid": "{4557fbaa-ce30-6513-3c00-000000000e00}", "EventData_ProcessId": "2748", "EventData_Image": "C:\\Windows\\System32\\DriverStore\\FileRepository\\nv_dispig.inf_amd64_3c2bd4a1ec6d228e\\Display.NvContainer\\NVDisplay.Container.exe", "EventData_TargetObject": "HKLM\\System\\CurrentControlSet\\Services\\nvlddmkm\\Global\\Startup", "EventData_User": "NT AUTHORITY\\SYSTEM"}
{"Provider_Name": "Microsoft-Windows-Sysmon", "Provider_Guid": "{5770385f-c22a-43e0-bf4c-06f5698ffbd9}", "Provider": null, "EventID_Qualifiers": "", "EventID": "12", "Version": "2", "Level": "4", "Task": "12", "Opcode": "0", "Keywords": "0x8000000000000000", "TimeCreated_SystemTime": "2023-09-27 07:08:13.338249", "TimeCreated": null, "EventRecordID": "31370", "Correlation_ActivityID": "", "Correlation_RelatedActivityID": "", "Correlation": null, "Execution_ProcessID": "3368", "Execution_ThreadID": "3332", "Execution": null, "Channel": "Microsoft-Windows-Sysmon/Operational", "Computer": "DESKTOP-P5C3MUD", "Security_UserID": "S-1-5-18", "Security": null, "EventData_RuleName": "-", "EventData_EventType": "CreateKey", "EventData_UtcTime": "2023-09-27 07:08:13.326", "EventData_ProcessGuid": "{4557fbaa-ce30-6513-3c00-000000000e00}", "EventData_ProcessId": "2748", "EventData_Image": "C:\\Windows\\System32\\DriverStore\\FileRepository\\nv_dispig.inf_amd64_3c2bd4a1ec6d228e\\Display.NvContainer\\NVDisplay.Container.exe", "EventData_TargetObject": "HKLM\\System\\CurrentControlSet\\Services\\nvlddmkm\\Global\\Startup\\StartNvTray", "EventData_User": "NT AUTHORITY\\SYSTEM"}
{"Provider_Name": "Microsoft-Windows-Sysmon", "Provider_Guid": "{5770385f-c22a-43e0-bf4c-06f5698ffbd9}", "Provider": null, "EventID_Qualifiers": "", "EventID": "13", "Version": "2", "Level": "4", "Task": "13", "Opcode": "0", "Keywords": "0x8000000000000000", "TimeCreated_SystemTime": "2023-09-27 07:08:13.338276", "TimeCreated": null, "EventRecordID": "31371", "Correlation_ActivityID": "", "Correlation_RelatedActivityID": "", "Correlation": null, "Execution_ProcessID": "3368", "Execution_ThreadID": "3332", "Execution": null, "Channel": "Microsoft-Windows-Sysmon/Operational", "Computer": "DESKTOP-P5C3MUD", "Security_UserID": "S-1-5-18", "Security": null, "EventData_RuleName": "-", "EventData_EventType": "SetValue", "EventData_UtcTime": "2023-09-27 07:08:13.326", "EventData_ProcessGuid": "{4557fbaa-ce30-6513-3c00-000000000e00}", "EventData_ProcessId": "2748", "EventData_Image": "C:\\Windows\\System32\\DriverStore\\FileRepository\\nv_dispig.inf_amd64_3c2bd4a1ec6d228e\\Display.NvContainer\\NVDisplay.Container.exe", "EventData_TargetObject": "HKLM\\System\\CurrentControlSet\\Services\\nvlddmkm\\Global\\Startup\\StartNvTray\\(Default)", "EventData_Details": "DWORD (0x00000001)", "EventData_User": "NT AUTHORITY\\SYSTEM"}
{"Provider_Name": "Microsoft-Windows-Sysmon", "Provider_Guid": "{5770385f-c22a-43e0-bf4c-06f5698ffbd9}", "Provider": null, "EventID_Qualifiers": "", "EventID": "12", "Version": "2", "Level": "4", "Task": "12", "Opcode": "0", "Keywords": "0x8000000000000000", "TimeCreated_SystemTime": "2023-09-27 07:08:13.343731", "TimeCreated": null, "EventRecordID": "31372", "Correlation_ActivityID": "", "Correlation_RelatedActivityID": "", "Correlation": null, "Execution_ProcessID": "3368", "Execution_ThreadID": "3332", "Execution": null, "Channel": "Microsoft-Windows-Sysmon/Operational", "Computer": "DESKTOP-P5C3MUD", "Security_UserID": "S-1-5-18", "Security": null, "EventData_RuleName": "-", "EventData_EventType": "CreateKey", "EventData_UtcTime": "2023-09-27 07:08:13.326", "EventData_ProcessGuid": "{4557fbaa-ce30-6513-3c00-000000000e00}", "EventData_ProcessId": "2748", "EventData_Image": "C:\\Windows\\System32\\DriverStore\\FileRepository\\nv_dispig.inf_amd64_3c2bd4a1ec6d228e\\Display.NvContainer\\NVDisplay.Container.exe", "EventData_TargetObject": "HKLM\\System\\CurrentControlSet\\Services\\nvlddmkm\\Global\\Startup", "EventData_User": "NT AUTHORITY\\SYSTEM"}
{"Provider_Name": "Microsoft-Windows-Sysmon", "Provider_Guid": "{5770385f-c22a-43e0-bf4c-06f5698ffbd9}", "Provider": null, "EventID_Qualifiers": "", "EventID": "12", "Version": "2", "Level": "4", "Task": "12", "Opcode": "0", "Keywords": "0x8000000000000000", "TimeCreated_SystemTime": "2023-09-27 07:08:13.343754", "TimeCreated": null, "EventRecordID": "31373", "Correlation_ActivityID": "", "Correlation_RelatedActivityID": "", "Correlation": null, "Execution_ProcessID": "3368", "Execution_ThreadID": "3332", "Execution": null, "Channel": "Microsoft-Windows-Sysmon/Operational", "Computer": "DESKTOP-P5C3MUD", "Security_UserID": "S-1-5-18", "Security": null, "EventData_RuleName": "-", "EventData_EventType": "CreateKey", "EventData_UtcTime": "2023-09-27 07:08:13.326", "EventData_ProcessGuid": "{4557fbaa-ce30-6513-3c00-000000000e00}", "EventData_ProcessId": "2748", "EventData_Image": "C:\\Windows\\System32\\DriverStore\\FileRepository\\nv_dispig.inf_amd64_3c2bd4a1ec6d228e\\Display.NvContainer\\NVDisplay.Container.exe", "EventData_TargetObject": "HKLM\\System\\CurrentControlSet\\Services\\nvlddmkm\\Global\\Startup\\PerformSurroundHotKeysRegistration", "EventData_User": "NT AUTHORITY\\SYSTEM"}
