{"Provider_Name": "Microsoft-Windows-Sysmon", "Provider_Guid": "{5770385f-c22a-43e0-bf4c-06f5698ffbd9}", "Provider": null, "EventID_Qualifiers": "", "EventID": "10", "Version": "3", "Level": "4", "Task": "10", "Opcode": "0", "Keywords": "0x8000000000000000", "TimeCreated_SystemTime": "2023-09-27 07:08:14.003046", "TimeCreated": null, "EventRecordID": "31495", "Correlation_ActivityID": "", "Correlation_RelatedActivityID": "", "Correlation": null, "Execution_ProcessID": "3368", "Execution_ThreadID": "3332", "Execution": null, "Channel": "Microsoft-Windows-Sysmon/Operational", "Computer": "DESKTOP-P5C3MUD", "Security_UserID": "S-1-5-18", "Security": null, "EventData_RuleName": "-", "EventData_UtcTime": "2023-09-27 07:08:14.002", "EventData_SourceProcessGUID": "{4557fbaa-ce30-6513-2f00-000000000e00}", "EventData_SourceProcessId": "2056", "EventData_SourceThreadId": "2176", "EventData_SourceImage": "C:\\Windows\\system32\\svchost.exe", "EventData_TargetProcessGUID": "{4557fbaa-d4dd-6513-c101-000000000e00}", "EventData_TargetProcessId": "4724", "EventData_TargetImage": "C:\\Windows\\system32\\consent.exe", "EventData_GrantedAccess": "0x00000040", "EventData_CallTrace": "C:\\Windows\\SYSTEM32\\ntdll.dll+9df24|c:\\windows\\system32\\fntcache.dll+37e9f|c:\\windows\\system32\\fntcache.dll+34cbb|c:\\windows\\system32\\fntcache.dll+34bd2|c:\\windows\\system32\\fntcache.dll+3d167|c:\\windows\\system32\\fntcache.dll+614fa|c:\\windows\\system32\\fntcache.dll+613c7|C:\\Windows\\System32\\KERNEL32.DLL+17344|C:\\Windows\\SYSTEM32\\ntdll.dll+526b1", "EventData_SourceUser": "NT AUTHORITY\\LOCAL SERVICE", "EventData_TargetUser": "NT AUTHORITY\\SYSTEM"}
{"Provider_Name": "Microsoft-Windows-Sysmon", "Provider_Guid": "{5770385f-c22a-43e0-bf4c-06f5698ffbd9}", "Provider": null, "EventID_Qualifiers": "", "EventID": "10", "Version": "3", "Level": "4", "Task": "10", "Opcode": "0", "Keywords": "0x8000000000000000", "TimeCreated_SystemTime": "2023-09-27 07:08:14.003145", "TimeCreated": null, "EventRecordID": "31496", "Correlation_ActivityID": "", "Correlation_RelatedActivityID": "", "Correlation": null, "Execution_ProcessID": "3368", "Execution_ThreadID": "3332", "Execution": null, "Channel": "Microsoft-Windows-Sysmon/Operational", "Computer": "DESKTOP-P5C3MUD", "Security_UserID": "S-1-5-18", "Security": null, "EventData_RuleName": "-", "EventData_UtcTime": "2023-09-27 07:08:14.002", "EventData_SourceProcessGUID": "{4557fbaa-ce30-6513-2f00-000000000e00}", "EventData_SourceProcessId": "2056", "EventData_SourceThreadId": "2176", "EventData_SourceImage": "C:\\Windows\\system32\\svchost.exe", "EventData_TargetProcessGUID": "{4557fbaa-d4dd-6513-c101-000000000e00}", "EventData_TargetProcessId": "4724", "EventData_TargetImage": "C:\\Windows\\system32\\consent.exe", "EventData_GrantedAccess": "0x00000040", "EventData_CallTrace": "C:\\Windows\\SYSTEM32\\ntdll.dll+9df24|c:\\windows\\system32\\fntcache.dll+37e9f|c:\\windows\\system32\\fntcache.dll+3807c|c:\\windows\\system32\\fntcache.dll+3d0b6|c:\\windows\\system32\\fntcache.dll+614fa|c:\\windows\\system32\\fntcache.dll+613c7|C:\\Windows\\System32\\KERNEL32.DLL+17344|C:\\Windows\\SYSTEM32\\ntdll.dll+526b1", "EventData_SourceUser": "NT AUTHORITY\\LOCAL SERVICE", "EventData_TargetUser": "NT AUTHORITY\\SYSTEM"}
{"Provider_Name": "Microsoft-Windows-Sysmon", "Provider_Guid": "{5770385f-c22a-43e0-bf4c-06f5698ffbd9}", "Provider": null, "EventID_Qualifiers": "", "EventID": "10", "Version": "3", "Level": "4", "Task": "10", "Opcode": "0", "Keywords": "0x8000000000000000", "TimeCreated_SystemTime": "2023-09-27 07:08:14.003674", "TimeCreated": null, "EventRecordID": "31497", "Correlation_ActivityID": "", "Correlation_RelatedActivityID": "", "Correlation": null, "Execution_ProcessID": "3368", "Execution_ThreadID": "3332", "Execution": null, "Channel": "Microsoft-Windows-Sysmon/Operational", "Computer": "DESKTOP-P5C3MUD", "Security_UserID": "S-1-5-18", "Security": null, "EventData_RuleName": "-", "EventData_UtcTime": "2023-09-27 07:08:14.003", "EventData_SourceProcessGUID": "{4557fbaa-ce30-6513-2f00-000000000e00}", "EventData_SourceProcessId": "2056", "EventData_SourceThreadId": "2176", "EventData_SourceImage": "C:\\Windows\\system32\\svchost.exe", "EventData_TargetProcessGUID": "{4557fbaa-d4dd-6513-c101-000000000e00}", "EventData_TargetProcessId": "4724", "EventData_TargetImage": "C:\\Windows\\system32\\consent.exe", "EventData_GrantedAccess": "0x00000040", "EventData_CallTrace": "C:\\Windows\\SYSTEM32\\ntdll.dll+9df24|c:\\windows\\system32\\fntcache.dll+37e9f|c:\\windows\\system32\\fntcache.dll+3807c|c:\\windows\\system32\\fntcache.dll+3d0b6|c:\\windows\\system32\\fntcache.dll+614fa|c:\\windows\\system32\\fntcache.dll+613c7|C:\\Windows\\System32\\KERNEL32.DLL+17344|C:\\Windows\\SYSTEM32\\ntdll.dll+526b1", "EventData_SourceUser": "NT AUTHORITY\\LOCAL SERVICE", "EventData_TargetUser": "NT AUTHORITY\\SYSTEM"}
{"Provider_Name": "Microsoft-Windows-Sysmon", "Provider_Guid": "{5770385f-c22a-43e0-bf4c-06f5698ffbd9}", "Provider": null, "EventID_Qualifiers": "", "EventID": "10", "Version": "3", "Level": "4", "Task": "10", "Opcode": "0", "Keywords": "0x8000000000000000", "TimeCreated_SystemTime": "2023-09-27 07:08:14.004166", "TimeCreated": null, "EventRecordID": "31498", "Correlation_ActivityID": "", "Correlation_RelatedActivityID": "", "Correlation": null, "Execution_ProcessID": "3368", "Execution_ThreadID": "3332", "Execution": null, "Channel": "Microsoft-Windows-Sysmon/Operational", "Computer": "DESKTOP-P5C3MUD", "Security_UserID": "S-1-5-18", "Security": null, "EventData_RuleName": "-", "EventData_UtcTime": "2023-09-27 07:08:14.003", "EventData_SourceProcessGUID": "{4557fbaa-ce30-6513-2f00-000000000e00}", "EventData_SourceProcessId": "2056", "EventData_SourceThreadId": "2176", "EventData_SourceImage": "C:\\Windows\\system32\\svchost.exe", "EventData_TargetProcessGUID": "{4557fbaa-d4dd-6513-c101-000000000e00}", "EventData_TargetProcessId": "4724", "EventData_TargetImage": "C:\\Windows\\system32\\consent.exe", "EventData_GrantedAccess": "0x00000040", "EventData_CallTrace": "C:\\Windows\\SYSTEM32\\ntdll.dll+9df24|c:\\windows\\system32\\fntcache.dll+37e9f|c:\\windows\\system32\\fntcache.dll+3807c|c:\\windows\\system32\\fntcache.dll+3d0b6|c:\\windows\\system32\\fntcache.dll+614fa|c:\\windows\\system32\\fntcache.dll+613c7|C:\\Windows\\System32\\KERNEL32.DLL+17344|C:\\Windows\\SYSTEM32\\ntdll.dll+526b1", "EventData_SourceUser": "NT AUTHORITY\\LOCAL SERVICE", "EventData_TargetUser": "NT AUTHORITY\\SYSTEM"}
{"Provider_Name": "Microsoft-Windows-Sysmon", "Provider_Guid": "{5770385f-c22a-43e0-bf4c-06f5698ffbd9}", "Provider": null, "EventID_Qualifiers": "", "EventID": "10", "Version": "3", "Level": "4", "Task": "10", "Opcode": "0", "Keywords": "0x8000000000000000", "TimeCreated_SystemTime": "2023-09-27 07:08:14.007725", "TimeCreated": null, "EventRecordID": "31499", "Correlation_ActivityID": "", "Correlation_RelatedActivityID": "", "Correlation": null, "Execution_ProcessID": "3368", "Execution_ThreadID": "3332", "Execution": null, "Channel": "Microsoft-Windows-Sysmon/Operational", "Computer": "DESKTOP-P5C3MUD", "Security_UserID": "S-1-5-18", "Security": null, "EventData_RuleName": "-", "EventData_UtcTime": "2023-09-27 07:08:14.007", "EventData_SourceProcessGUID": "{4557fbaa-ce30-6513-2f00-000000000e00}", "EventData_SourceProcessId": "2056", "EventData_SourceThreadId": "2176", "EventData_SourceImage": "C:\\Windows\\system32\\svchost.exe", "EventData_TargetProcessGUID": "{4557fbaa-d4dd-6513-c101-000000000e00}", "EventData_TargetProcessId": "4724", "EventData_TargetImage": "C:\\Windows\\system32\\consent.exe", "EventData_GrantedAccess": "0x00000040", "EventData_CallTrace": "C:\\Windows\\SYSTEM32\\ntdll.dll+9df24|c:\\windows\\system32\\fntcache.dll+37e9f|c:\\windows\\system32\\fntcache.dll+3807c|c:\\windows\\system32\\fntcache.dll+3d0b6|c:\\windows\\system32\\fntcache.dll+614fa|c:\\windows\\system32\\fntcache.dll+613c7|C:\\Windows\\System32\\KERNEL32.DLL+17344|C:\\Windows\\SYSTEM32\\ntdll.dll+526b1", "EventData_SourceUser": "NT AUTHORITY\\LOCAL SERVICE", "EventData_TargetUser": "NT AUTHORITY\\SYSTEM"}
{"Provider_Name": "Microsoft-Windows-Sysmon", "Provider_Guid": "{5770385f-c22a-43e0-bf4c-06f5698ffbd9}", "Provider": null, "EventID_Qualifiers": "", "EventID": "7", "Version": "3", "Level": "4", "Task": "7", "Opcode": "0", "Keywords": "0x8000000000000000", "TimeCreated_SystemTime": "2023-09-27 07:08:14.011864", "TimeCreated": null, "EventRecordID": "31500", "Correlation_ActivityID": "", "Correlation_RelatedActivityID": "", "Correlation": null, "Execution_ProcessID": "3368", "Execution_ThreadID": "888", "Execution": null, "Channel": "Microsoft-Windows-Sysmon/Operational", "Computer": "DESKTOP-P5C3MUD", "Security_UserID": "S-1-5-18", "Security": null, "EventData_RuleName": "-", "EventData_UtcTime": "2023-09-27 07:08:14.007", "EventData_ProcessGuid": "{4557fbaa-d4dd-6513-c101-000000000e00}", "EventData_ProcessId": "4724", "EventData_Image": "C:\\Windows\\System32\\consent.exe", "EventData_ImageLoaded": "C:\\Windows\\System32\\TextShaping.dll", "EventData_FileVersion": "-", "EventData_Description": "-", "EventData_Product": "-", "EventData_Company": "-", "EventData_OriginalFileName": "-", "EventData_Hashes": "SHA1=C0222E0ED87B618A16564DADD485CE3A80B762E2,MD5=4C528AE5D512E3901BACAA5D75240381,SHA256=B51BBE4C3D01ED3ECB8947C7CCE071022149496D713E65E5A30CACAA82B7681E,IMPHASH=A943777AC898B6DD3182E319E9ECBC5E", "EventData_Signed": "true", "EventData_Signature": "Microsoft Windows", "EventData_SignatureStatus": "Valid", "EventData_User": "NT AUTHORITY\\SYSTEM"}
{"Provider_Name": "Microsoft-Windows-Sysmon", "Provider_Guid": "{5770385f-c22a-43e0-bf4c-06f5698ffbd9}", "Provider": null, "EventID_Qualifiers": "", "EventID": "7", "Version": "3", "Level": "4", "Task": "7", "Opcode": "0", "Keywords": "0x8000000000000000", "TimeCreated_SystemTime": "2023-09-27 07:08:14.029108", "TimeCreated": null, "EventRecordID": "31501", "Correlation_ActivityID": "", "Correlation_RelatedActivityID": "", "Correlation": null, "Execution_ProcessID": "3368", "Execution_ThreadID": "3332", "Execution": null, "Channel": "Microsoft-Windows-Sysmon/Operational", "Computer": "DESKTOP-P5C3MUD", "Security_UserID": "S-1-5-18", "Security": null, "EventData_RuleName": "-", "EventData_UtcTime": "2023-09-27 07:08:14.028", "EventData_ProcessGuid": "{4557fbaa-d4dd-6513-c101-000000000e00}", "EventData_ProcessId": "4724", "EventData_Image": "C:\\Windows\\System32\\consent.exe", "EventData_ImageLoaded": "C:\\Windows\\System32\\Windows.UI.Xaml.Controls.dll", "EventData_FileVersion": "10.0.19041.1023 (WinBuild.160101.0800)", "EventData_Description": "Windows.UI.Xaml.Controls", "EventData_Product": "Microsoft\u00ae Windows\u00ae Operating System", "EventData_Company": "Microsoft Corporation", "EventData_OriginalFileName": "Windows.UI.Xaml.Controls.dll", "EventData_Hashes": "SHA1=4BE9199F0C73F772520DC03A3E7AC1A22A912B6F,MD5=436DAD8F9FE5F9329429F0163A506CFD,SHA256=58787AFF5BFB6A5C33DF64D7A8C04DFAF7DB4A08209C6CFA3FD95DBC93134EBA,IMPHASH=B84D7F689665BCC9C5D2EFF0194DD5D0", "EventData_Signed": "true", "EventData_Signature": "Microsoft Windows", "EventData_SignatureStatus": "Valid", "EventData_User": "NT AUTHORITY\\SYSTEM"}
{"Provider_Name": "Microsoft-Windows-Sysmon", "Provider_Guid": "{5770385f-c22a-43e0-bf4c-06f5698ffbd9}", "Provider": null, "EventID_Qualifiers": "", "EventID": "7", "Version": "3", "Level": "4", "Task": "7", "Opcode": "0", "Keywords": "0x8000000000000000", "TimeCreated_SystemTime": "2023-09-27 07:08:14.035267", "TimeCreated": null, "EventRecordID": "31502", "Correlation_ActivityID": "", "Correlation_RelatedActivityID": "", "Correlation": null, "Execution_ProcessID": "3368", "Execution_ThreadID": "888", "Execution": null, "Channel": "Microsoft-Windows-Sysmon/Operational", "Computer": "DESKTOP-P5C3MUD", "Security_UserID": "S-1-5-18", "Security": null, "EventData_RuleName": "-", "EventData_UtcTime": "2023-09-27 07:08:14.030", "EventData_ProcessGuid": "{4557fbaa-d4dd-6513-c101-000000000e00}", "EventData_ProcessId": "4724", "EventData_Image": "C:\\Windows\\System32\\consent.exe", "EventData_ImageLoaded": "C:\\Windows\\System32\\FontGlyphAnimator.dll", "EventData_FileVersion": "10.0.19041.746 (WinBuild.160101.0800)", "EventData_Description": "Font Glyph Animator", "EventData_Product": "Microsoft\u00ae Windows\u00ae Operating System", "EventData_Company": "Microsoft Corporation", "EventData_OriginalFileName": "FontGlyphAnimator.dll", "EventData_Hashes": "SHA1=71ADCE7BD15C5122782279A03C287ABCB598B72B,MD5=B055C406E51A575BE1241AD2979EFE64,SHA256=927D7DF08B30F545FF300F064AF4485E5B3E279C3F89A808123A0432FE1B3A31,IMPHASH=0A22CD387EB8FAF5F2BE3339261EBB97", "EventData_Signed": "true", "EventData_Signature": "Microsoft Windows", "EventData_SignatureStatus": "Valid", "EventData_User": "NT AUTHORITY\\SYSTEM"}
{"Provider_Name": "Microsoft-Windows-Sysmon", "Provider_Guid": "{5770385f-c22a-43e0-bf4c-06f5698ffbd9}", "Provider": null, "EventID_Qualifiers": "", "EventID": "7", "Version": "3", "Level": "4", "Task": "7", "Opcode": "0", "Keywords": "0x8000000000000000", "TimeCreated_SystemTime": "2023-09-27 07:08:14.049051", "TimeCreated": null, "EventRecordID": "31503", "Correlation_ActivityID": "", "Correlation_RelatedActivityID": "", "Correlation": null, "Execution_ProcessID": "3368", "Execution_ThreadID": "3332", "Execution": null, "Channel": "Microsoft-Windows-Sysmon/Operational", "Computer": "DESKTOP-P5C3MUD", "Security_UserID": "S-1-5-18", "Security": null, "EventData_RuleName": "-", "EventData_UtcTime": "2023-09-27 07:08:14.048", "EventData_ProcessGuid": "{4557fbaa-d4dd-6513-c101-000000000e00}", "EventData_ProcessId": "4724", "EventData_Image": "C:\\Windows\\System32\\consent.exe", "EventData_ImageLoaded": "C:\\Windows\\System32\\directmanipulation.dll", "EventData_FileVersion": "10.0.19041.1566 (WinBuild.160101.0800)", "EventData_Description": "Microsoft Direct Manipulation Component", "EventData_Product": "Microsoft\u00ae Windows\u00ae Operating System", "EventData_Company": "Microsoft Corporation", "EventData_OriginalFileName": "directmanipulation.dll", "EventData_Hashes": "SHA1=2E785C2487EDDCF5D9CDA1877C83F404A57BD58F,MD5=B6F6B5EFDE2C79E2AAA74BE88CC39D5B,SHA256=3F6B4B1A633EEC50EE7C72046F666605AF0AFE3293DAD307723F504A27D28B4A,IMPHASH=626A681E287C310FB54B469A0DE01092", "EventData_Signed": "true", "EventData_Signature": "Microsoft Windows", "EventData_SignatureStatus": "Valid", "EventData_User": "NT AUTHORITY\\SYSTEM"}
{"Provider_Name": "Microsoft-Windows-Sysmon", "Provider_Guid": "{5770385f-c22a-43e0-bf4c-06f5698ffbd9}", "Provider": null, "EventID_Qualifiers": "", "EventID": "7", "Version": "3", "Level": "4", "Task": "7", "Opcode": "0", "Keywords": "0x8000000000000000", "TimeCreated_SystemTime": "2023-09-27 07:08:14.049658", "TimeCreated": null, "EventRecordID": "31504", "Correlation_ActivityID": "", "Correlation_RelatedActivityID": "", "Correlation": null, "Execution_ProcessID": "3368", "Execution_ThreadID": "888", "Execution": null, "Channel": "Microsoft-Windows-Sysmon/Operational", "Computer": "DESKTOP-P5C3MUD", "Security_UserID": "S-1-5-18", "Security": null, "EventData_RuleName": "-", "EventData_UtcTime": "2023-09-27 07:08:14.043", "EventData_ProcessGuid": "{4557fbaa-d4dd-6513-c101-000000000e00}", "EventData_ProcessId": "4724", "EventData_Image": "C:\\Windows\\System32\\consent.exe", "EventData_ImageLoaded": "C:\\Windows\\System32\\Windows.Internal.UI.Logon.ProxyStub.dll", "EventData_FileVersion": "10.0.19041.1 (WinBuild.160101.0800)", "EventData_Description": "Logon User Experience Proxy Stub", "EventData_Product": "Microsoft\u00ae Windows\u00ae Operating System", "EventData_Company": "Microsoft Corporation", "EventData_OriginalFileName": "Windows.Internal.UI.Logon.ProxyStub.dll", "EventData_Hashes": "SHA1=835DEC228E70BE29C839B1452B34A8615448DBED,MD5=692D643A9DC76FB1B544DB2454550A23,SHA256=35F5A2797FFC8B466B97EAB528EC45055CB186158057ECCE785257FC63881B1A,IMPHASH=EB59A60F65200AB775E6DFAAB38A696F", "EventData_Signed": "true", "EventData_Signature": "Microsoft Windows", "EventData_SignatureStatus": "Valid", "EventData_User": "NT AUTHORITY\\SYSTEM"}
{"Provider_Name": "Microsoft-Windows-Sysmon", "Provider_Guid": "{5770385f-c22a-43e0-bf4c-06f5698ffbd9}", "Provider": null, "EventID_Qualifiers": "", "EventID": "12", "Version": "2", "Level": "4", "Task": "12", "Opcode": "0", "Keywords": "0x8000000000000000", "TimeCreated_SystemTime": "2023-09-27 07:08:14.399725", "TimeCreated": null, "EventRecordID": "31505", "Correlation_ActivityID": "", "Correlation_RelatedActivityID": "", "Correlation": null, "Execution_ProcessID": "3368", "Execution_ThreadID": "3332", "Execution": null, "Channel": "Microsoft-Windows-Sysmon/Operational", "Computer": "DESKTOP-P5C3MUD", "Security_UserID": "S-1-5-18", "Security": null, "EventData_RuleName": "-", "EventData_EventType": "CreateKey", "EventData_UtcTime": "2023-09-27 07:08:14.399", "EventData_ProcessGuid": "{4557fbaa-ce30-6513-3100-000000000e00}", "EventData_ProcessId": "2136", "EventData_Image": "C:\\Windows\\System32\\svchost.exe", "EventData_TargetObject": "HKLM\\SOFTWARE", "EventData_User": "NT AUTHORITY\\LOCAL SERVICE"}
{"Provider_Name": "Microsoft-Windows-Sysmon", "Provider_Guid": "{5770385f-c22a-43e0-bf4c-06f5698ffbd9}", "Provider": null, "EventID_Qualifiers": "", "EventID": "12", "Version": "2", "Level": "4", "Task": "12", "Opcode": "0", "Keywords": "0x8000000000000000", "TimeCreated_SystemTime": "2023-09-27 07:08:14.399748", "TimeCreated": null, "EventRecordID": "31506", "Correlation_ActivityID": "", "Correlation_RelatedActivityID": "", "Correlation": null, "Execution_ProcessID": "3368", "Execution_ThreadID": "3332", "Execution": null, "Channel": "Microsoft-Windows-Sysmon/Operational", "Computer": "DESKTOP-P5C3MUD", "Security_UserID": "S-1-5-18", "Security": null, "EventData_RuleName": "-", "EventData_EventType": "CreateKey", "EventData_UtcTime": "2023-09-27 07:08:14.399", "EventData_ProcessGuid": "{4557fbaa-ce30-6513-3100-000000000e00}", "EventData_ProcessId": "2136", "EventData_Image": "C:\\Windows\\System32\\svchost.exe", "EventData_TargetObject": "HKLM\\SOFTWARE\\Microsoft", "EventData_User": "NT AUTHORITY\\LOCAL SERVICE"}
{"Provider_Name": "Microsoft-Windows-Sysmon", "Provider_Guid": "{5770385f-c22a-43e0-bf4c-06f5698ffbd9}", "Provider": null, "EventID_Qualifiers": "", "EventID": "12", "Version": "2", "Level": "4", "Task": "12", "Opcode": "0", "Keywords": "0x8000000000000000", "TimeCreated_SystemTime": "2023-09-27 07:08:14.399767", "TimeCreated": null, "EventRecordID": "31507", "Correlation_ActivityID": "", "Correlation_RelatedActivityID": "", "Correlation": null, "Execution_ProcessID": "3368", "Execution_ThreadID": "3332", "Execution": null, "Channel": "Microsoft-Windows-Sysmon/Operational", "Computer": "DESKTOP-P5C3MUD", "Security_UserID": "S-1-5-18", "Security": null, "EventData_RuleName": "-", "EventData_EventType": "CreateKey", "EventData_UtcTime": "2023-09-27 07:08:14.399", "EventData_ProcessGuid": "{4557fbaa-ce30-6513-3100-000000000e00}", "EventData_ProcessId": "2136", "EventData_Image": "C:\\Windows\\System32\\svchost.exe", "EventData_TargetObject": "HKLM\\SOFTWARE\\Microsoft\\Windows", "EventData_User": "NT AUTHORITY\\LOCAL SERVICE"}
{"Provider_Name": "Microsoft-Windows-Sysmon", "Provider_Guid": "{5770385f-c22a-43e0-bf4c-06f5698ffbd9}", "Provider": null, "EventID_Qualifiers": "", "EventID": "12", "Version": "2", "Level": "4", "Task": "12", "Opcode": "0", "Keywords": "0x8000000000000000", "TimeCreated_SystemTime": "2023-09-27 07:08:14.399784", "TimeCreated": null, "EventRecordID": "31508", "Correlation_ActivityID": "", "Correlation_RelatedActivityID": "", "Correlation": null, "Execution_ProcessID": "3368", "Execution_ThreadID": "3332", "Execution": null, "Channel": "Microsoft-Windows-Sysmon/Operational", "Computer": "DESKTOP-P5C3MUD", "Security_UserID": "S-1-5-18", "Security": null, "EventData_RuleName": "-", "EventData_EventType": "CreateKey", "EventData_UtcTime": "2023-09-27 07:08:14.399", "EventData_ProcessGuid": "{4557fbaa-ce30-6513-3100-000000000e00}", "EventData_ProcessId": "2136", "EventData_Image": "C:\\Windows\\System32\\svchost.exe", "EventData_TargetObject": "HKLM\\SOFTWARE\\Microsoft\\Windows\\CurrentVersion", "EventData_User": "NT AUTHORITY\\LOCAL SERVICE"}
{"Provider_Name": "Microsoft-Windows-Sysmon", "Provider_Guid": "{5770385f-c22a-43e0-bf4c-06f5698ffbd9}", "Provider": null, "EventID_Qualifiers": "", "EventID": "12", "Version": "2", "Level": "4", "Task": "12", "Opcode": "0", "Keywords": "0x8000000000000000", "TimeCreated_SystemTime": "2023-09-27 07:08:14.399837", "TimeCreated": null, "EventRecordID": "31509", "Correlation_ActivityID": "", "Correlation_RelatedActivityID": "", "Correlation": null, "Execution_ProcessID": "3368", "Execution_ThreadID": "3332", "Execution": null, "Channel": "Microsoft-Windows-Sysmon/Operational", "Computer": "DESKTOP-P5C3MUD", "Security_UserID": "S-1-5-18", "Security": null, "EventData_RuleName": "-", "EventData_EventType": "CreateKey", "EventData_UtcTime": "2023-09-27 07:08:14.399", "EventData_ProcessGuid": "{4557fbaa-ce30-6513-3100-000000000e00}", "EventData_ProcessId": "2136", "EventData_Image": "C:\\Windows\\System32\\svchost.exe", "EventData_TargetObject": "HKLM\\SOFTWARE\\Microsoft\\Windows\\CurrentVersion\\MMDevices", "EventData_User": "NT AUTHORITY\\LOCAL SERVICE"}
{"Provider_Name": "Microsoft-Windows-Sysmon", "Provider_Guid": "{5770385f-c22a-43e0-bf4c-06f5698ffbd9}", "Provider": null, "EventID_Qualifiers": "", "EventID": "12", "Version": "2", "Level": "4", "Task": "12", "Opcode": "0", "Keywords": "0x8000000000000000", "TimeCreated_SystemTime": "2023-09-27 07:08:14.399858", "TimeCreated": null, "EventRecordID": "31510", "Correlation_ActivityID": "", "Correlation_RelatedActivityID": "", "Correlation": null, "Execution_ProcessID": "3368", "Execution_ThreadID": "3332", "Execution": null, "Channel": "Microsoft-Windows-Sysmon/Operational", "Computer": "DESKTOP-P5C3MUD", "Security_UserID": "S-1-5-18", "Security": null, "EventData_RuleName": "-", "EventData_EventType": "CreateKey", "EventData_UtcTime": "2023-09-27 07:08:14.399", "EventData_ProcessGuid": "{4557fbaa-ce30-6513-3100-000000000e00}", "EventData_ProcessId": "2136", "EventData_Image": "C:\\Windows\\System32\\svchost.exe", "EventData_TargetObject": "HKLM\\SOFTWARE\\Microsoft\\Windows\\CurrentVersion\\MMDevices\\Audio", "EventData_User": "NT AUTHORITY\\LOCAL SERVICE"}
{"Provider_Name": "Microsoft-Windows-Sysmon", "Provider_Guid": "{5770385f-c22a-43e0-bf4c-06f5698ffbd9}", "Provider": null, "EventID_Qualifiers": "", "EventID": "12", "Version": "2", "Level": "4", "Task": "12", "Opcode": "0", "Keywords": "0x8000000000000000", "TimeCreated_SystemTime": "2023-09-27 07:08:14.399879", "TimeCreated": null, "EventRecordID": "31511", "Correlation_ActivityID": "", "Correlation_RelatedActivityID": "", "Correlation": null, "Execution_ProcessID": "3368", "Execution_ThreadID": "3332", "Execution": null, "Channel": "Microsoft-Windows-Sysmon/Operational", "Computer": "DESKTOP-P5C3MUD", "Security_UserID": "S-1-5-18", "Security": null, "EventData_RuleName": "-", "EventData_EventType": "CreateKey", "EventData_UtcTime": "2023-09-27 07:08:14.399", "EventData_ProcessGuid": "{4557fbaa-ce30-6513-3100-000000000e00}", "EventData_ProcessId": "2136", "EventData_Image": "C:\\Windows\\System32\\svchost.exe", "EventData_TargetObject": "HKLM\\SOFTWARE\\Microsoft\\Windows\\CurrentVersion\\MMDevices\\Audio\\RemoteRender", "EventData_User": "NT AUTHORITY\\LOCAL SERVICE"}
{"Provider_Name": "Microsoft-Windows-Sysmon", "Provider_Guid": "{5770385f-c22a-43e0-bf4c-06f5698ffbd9}", "Provider": null, "EventID_Qualifiers": "", "EventID": "12", "Version": "2", "Level": "4", "Task": "12", "Opcode": "0", "Keywords": "0x8000000000000000", "TimeCreated_SystemTime": "2023-09-27 07:08:14.399904", "TimeCreated": null, "EventRecordID": "31512", "Correlation_ActivityID": "", "Correlation_RelatedActivityID": "", "Correlation": null, "Execution_ProcessID": "3368", "Execution_ThreadID": "3332", "Execution": null, "Channel": "Microsoft-Windows-Sysmon/Operational", "Computer": "DESKTOP-P5C3MUD", "Security_UserID": "S-1-5-18", "Security": null, "EventData_RuleName": "-", "EventData_EventType": "CreateKey", "EventData_UtcTime": "2023-09-27 07:08:14.399", "EventData_ProcessGuid": "{4557fbaa-ce30-6513-3100-000000000e00}", "EventData_ProcessId": "2136", "EventData_Image": "C:\\Windows\\System32\\svchost.exe", "EventData_TargetObject": "HKLM\\SOFTWARE\\Microsoft\\Windows\\CurrentVersion\\MMDevices\\Audio\\RemoteRender\\{6C26BA7D-F0B2-4225-B422-8168C5261E45}", "EventData_User": "NT AUTHORITY\\LOCAL SERVICE"}
{"Provider_Name": "Microsoft-Windows-Sysmon", "Provider_Guid": "{5770385f-c22a-43e0-bf4c-06f5698ffbd9}", "Provider": null, "EventID_Qualifiers": "", "EventID": "10", "Version": "3", "Level": "4", "Task": "10", "Opcode": "0", "Keywords": "0x8000000000000000", "TimeCreated_SystemTime": "2023-09-27 07:08:14.447332", "TimeCreated": null, "EventRecordID": "31513", "Correlation_ActivityID": "", "Correlation_RelatedActivityID": "", "Correlation": null, "Execution_ProcessID": "3368", "Execution_ThreadID": "3332", "Execution": null, "Channel": "Microsoft-Windows-Sysmon/Operational", "Computer": "DESKTOP-P5C3MUD", "Security_UserID": "S-1-5-18", "Security": null, "EventData_RuleName": "-", "EventData_UtcTime": "2023-09-27 07:08:14.447", "EventData_SourceProcessGUID": "{4557fbaa-ce38-6513-8800-000000000e00}", "EventData_SourceProcessId": "5556", "EventData_SourceThreadId": "9808", "EventData_SourceImage": "C:\\Windows\\Explorer.EXE", "EventData_TargetProcessGUID": "{4557fbaa-ce44-6513-a900-000000000e00}", "EventData_TargetProcessId": "8304", "EventData_TargetImage": "C:\\Windows\\SystemApps\\MicrosoftWindows.Client.CBS_cw5n1h2txyewy\\TextInputHost.exe", "EventData_GrantedAccess": "0x00002000", "EventData_CallTrace": "C:\\Windows\\SYSTEM32\\ntdll.dll+9d314|C:\\Windows\\System32\\KERNELBASE.dll+308ee|C:\\Windows\\system32\\twinui.dll+331cb|C:\\Windows\\SYSTEM32\\ntdll.dll+716e9|C:\\Windows\\SYSTEM32\\ntdll.dll+531ba|C:\\Windows\\System32\\KERNEL32.DLL+17344|C:\\Windows\\SYSTEM32\\ntdll.dll+526b1", "EventData_SourceUser": "DESKTOP-P5C3MUD\\user", "EventData_TargetUser": "DESKTOP-P5C3MUD\\user"}
{"Provider_Name": "Microsoft-Windows-Sysmon", "Provider_Guid": "{5770385f-c22a-43e0-bf4c-06f5698ffbd9}", "Provider": null, "EventID_Qualifiers": "", "EventID": "10", "Version": "3", "Level": "4", "Task": "10", "Opcode": "0", "Keywords": "0x8000000000000000", "TimeCreated_SystemTime": "2023-09-27 07:08:14.447414", "TimeCreated": null, "EventRecordID": "31514", "Correlation_ActivityID": "", "Correlation_RelatedActivityID": "", "Correlation": null, "Execution_ProcessID": "3368", "Execution_ThreadID": "3332", "Execution": null, "Channel": "Microsoft-Windows-Sysmon/Operational", "Computer": "DESKTOP-P5C3MUD", "Security_UserID": "S-1-5-18", "Security": null, "EventData_RuleName": "-", "EventData_UtcTime": "2023-09-27 07:08:14.447", "EventData_SourceProcessGUID": "{4557fbaa-ce38-6513-8800-000000000e00}", "EventData_SourceProcessId": "5556", "EventData_SourceThreadId": "9808", "EventData_SourceImage": "C:\\Windows\\Explorer.EXE", "EventData_TargetProcessGUID": "{4557fbaa-ce7f-6513-d800-000000000e00}", "EventData_TargetProcessId": "1136", "EventData_TargetImage": "C:\\Windows\\ImmersiveControlPanel\\SystemSettings.exe", "EventData_GrantedAccess": "0x00002000", "EventData_CallTrace": "C:\\Windows\\SYSTEM32\\ntdll.dll+9d314|C:\\Windows\\System32\\KERNELBASE.dll+308ee|C:\\Windows\\system32\\twinui.dll+331cb|C:\\Windows\\SYSTEM32\\ntdll.dll+716e9|C:\\Windows\\SYSTEM32\\ntdll.dll+531ba|C:\\Windows\\System32\\KERNEL32.DLL+17344|C:\\Windows\\SYSTEM32\\ntdll.dll+526b1", "EventData_SourceUser": "DESKTOP-P5C3MUD\\user", "EventData_TargetUser": "DESKTOP-P5C3MUD\\user"}
{"Provider_Name": "Microsoft-Windows-Sysmon", "Provider_Guid": "{5770385f-c22a-43e0-bf4c-06f5698ffbd9}", "Provider": null, "EventID_Qualifiers": "", "EventID": "10", "Version": "3", "Level": "4", "Task": "10", "Opcode": "0", "Keywords": "0x8000000000000000", "TimeCreated_SystemTime": "2023-09-27 07:08:14.447487", "TimeCreated": null, "EventRecordID": "31515", "Correlation_ActivityID": "", "Correlation_RelatedActivityID": "", "Correlation": null, "Execution_ProcessID": "3368", "Execution_ThreadID": "3332", "Execution": null, "Channel": "Microsoft-Windows-Sysmon/Operational", "Computer": "DESKTOP-P5C3MUD", "Security_UserID": "S-1-5-18", "Security": null, "EventData_RuleName": "-", "EventData_UtcTime": "2023-09-27 07:08:14.447", "EventData_SourceProcessGUID": "{4557fbaa-ce38-6513-8800-000000000e00}", "EventData_SourceProcessId": "5556", "EventData_SourceThreadId": "9808", "EventData_SourceImage": "C:\\Windows\\Explorer.EXE", "EventData_TargetProcessGUID": "{4557fbaa-ce3e-6513-a200-000000000e00}", "EventData_TargetProcessId": "7572", "EventData_TargetImage": "C:\\Windows\\SystemApps\\Microsoft.LockApp_cw5n1h2txyewy\\LockApp.exe", "EventData_GrantedAccess": "0x00002000", "EventData_CallTrace": "C:\\Windows\\SYSTEM32\\ntdll.dll+9d314|C:\\Windows\\System32\\KERNELBASE.dll+308ee|C:\\Windows\\system32\\twinui.dll+331cb|C:\\Windows\\SYSTEM32\\ntdll.dll+716e9|C:\\Windows\\SYSTEM32\\ntdll.dll+531ba|C:\\Windows\\System32\\KERNEL32.DLL+17344|C:\\Windows\\SYSTEM32\\ntdll.dll+526b1", "EventData_SourceUser": "DESKTOP-P5C3MUD\\user", "EventData_TargetUser": "DESKTOP-P5C3MUD\\user"}
{"Provider_Name": "Microsoft-Windows-Sysmon", "Provider_Guid": "{5770385f-c22a-43e0-bf4c-06f5698ffbd9}", "Provider": null, "EventID_Qualifiers": "", "EventID": "10", "Version": "3", "Level": "4", "Task": "10", "Opcode": "0", "Keywords": "0x8000000000000000", "TimeCreated_SystemTime": "2023-09-27 07:08:14.447578", "TimeCreated": null, "EventRecordID": "31516", "Correlation_ActivityID": "", "Correlation_RelatedActivityID": "", "Correlation": null, "Execution_ProcessID": "3368", "Execution_ThreadID": "3332", "Execution": null, "Channel": "Microsoft-Windows-Sysmon/Operational", "Computer": "DESKTOP-P5C3MUD", "Security_UserID": "S-1-5-18", "Security": null, "EventData_RuleName": "-", "EventData_UtcTime": "2023-09-27 07:08:14.447", "EventData_SourceProcessGUID": "{4557fbaa-ce38-6513-8800-000000000e00}", "EventData_SourceProcessId": "5556", "EventData_SourceThreadId": "9808", "EventData_SourceImage": "C:\\Windows\\Explorer.EXE", "EventData_TargetProcessGUID": "{4557fbaa-ce3d-6513-9c00-000000000e00}", "EventData_TargetProcessId": "7160", "EventData_TargetImage": "C:\\Windows\\SystemApps\\ShellExperienceHost_cw5n1h2txyewy\\ShellExperienceHost.exe", "EventData_GrantedAccess": "0x00002000", "EventData_CallTrace": "C:\\Windows\\SYSTEM32\\ntdll.dll+9d314|C:\\Windows\\System32\\KERNELBASE.dll+308ee|C:\\Windows\\system32\\twinui.dll+331cb|C:\\Windows\\SYSTEM32\\ntdll.dll+716e9|C:\\Windows\\SYSTEM32\\ntdll.dll+531ba|C:\\Windows\\System32\\KERNEL32.DLL+17344|C:\\Windows\\SYSTEM32\\ntdll.dll+526b1", "EventData_SourceUser": "DESKTOP-P5C3MUD\\user", "EventData_TargetUser": "DESKTOP-P5C3MUD\\user"}
{"Provider_Name": "Microsoft-Windows-Sysmon", "Provider_Guid": "{5770385f-c22a-43e0-bf4c-06f5698ffbd9}", "Provider": null, "EventID_Qualifiers": "", "EventID": "10", "Version": "3", "Level": "4", "Task": "10", "Opcode": "0", "Keywords": "0x8000000000000000", "TimeCreated_SystemTime": "2023-09-27 07:08:14.447664", "TimeCreated": null, "EventRecordID": "31517", "Correlation_ActivityID": "", "Correlation_RelatedActivityID": "", "Correlation": null, "Execution_ProcessID": "3368", "Execution_ThreadID": "3332", "Execution": null, "Channel": "Microsoft-Windows-Sysmon/Operational", "Computer": "DESKTOP-P5C3MUD", "Security_UserID": "S-1-5-18", "Security": null, "EventData_RuleName": "-", "EventData_UtcTime": "2023-09-27 07:08:14.447", "EventData_SourceProcessGUID": "{4557fbaa-ce38-6513-8800-000000000e00}", "EventData_SourceProcessId": "5556", "EventData_SourceThreadId": "9808", "EventData_SourceImage": "C:\\Windows\\Explorer.EXE", "EventData_TargetProcessGUID": "{4557fbaa-ce3c-6513-9900-000000000e00}", "EventData_TargetProcessId": "6780", "EventData_TargetImage": "C:\\Windows\\SystemApps\\Microsoft.Windows.Search_cw5n1h2txyewy\\SearchApp.exe", "EventData_GrantedAccess": "0x00002000", "EventData_CallTrace": "C:\\Windows\\SYSTEM32\\ntdll.dll+9d314|C:\\Windows\\System32\\KERNELBASE.dll+308ee|C:\\Windows\\system32\\twinui.dll+331cb|C:\\Windows\\SYSTEM32\\ntdll.dll+716e9|C:\\Windows\\SYSTEM32\\ntdll.dll+531ba|C:\\Windows\\System32\\KERNEL32.DLL+17344|C:\\Windows\\SYSTEM32\\ntdll.dll+526b1", "EventData_SourceUser": "DESKTOP-P5C3MUD\\user", "EventData_TargetUser": "DESKTOP-P5C3MUD\\user"}
{"Provider_Name": "Microsoft-Windows-Sysmon", "Provider_Guid": "{5770385f-c22a-43e0-bf4c-06f5698ffbd9}", "Provider": null, "EventID_Qualifiers": "", "EventID": "10", "Version": "3", "Level": "4", "Task": "10", "Opcode": "0", "Keywords": "0x8000000000000000", "TimeCreated_SystemTime": "2023-09-27 07:08:14.447706", "TimeCreated": null, "EventRecordID": "31518", "Correlation_ActivityID": "", "Correlation_RelatedActivityID": "", "Correlation": null, "Execution_ProcessID": "3368", "Execution_ThreadID": "3332", "Execution": null, "Channel": "Microsoft-Windows-Sysmon/Operational", "Computer": "DESKTOP-P5C3MUD", "Security_UserID": "S-1-5-18", "Security": null, "EventData_RuleName": "-", "EventData_UtcTime": "2023-09-27 07:08:14.447", "EventData_SourceProcessGUID": "{4557fbaa-ce38-6513-8800-000000000e00}", "EventData_SourceProcessId": "5556", "EventData_SourceThreadId": "9808", "EventData_SourceImage": "C:\\Windows\\Explorer.EXE", "EventData_TargetProcessGUID": "{4557fbaa-ce3a-6513-8f00-000000000e00}", "EventData_TargetProcessId": "6100", "EventData_TargetImage": "C:\\Windows\\SystemApps\\Microsoft.Windows.StartMenuExperienceHost_cw5n1h2txyewy\\StartMenuExperienceHost.exe", "EventData_GrantedAccess": "0x00002000", "EventData_CallTrace": "C:\\Windows\\SYSTEM32\\ntdll.dll+9d314|C:\\Windows\\System32\\KERNELBASE.dll+308ee|C:\\Windows\\system32\\twinui.dll+331cb|C:\\Windows\\SYSTEM32\\ntdll.dll+716e9|C:\\Windows\\SYSTEM32\\ntdll.dll+531ba|C:\\Windows\\System32\\KERNEL32.DLL+17344|C:\\Windows\\SYSTEM32\\ntdll.dll+526b1", "EventData_SourceUser": "DESKTOP-P5C3MUD\\user", "EventData_TargetUser": "DESKTOP-P5C3MUD\\user"}
{"Provider_Name": "Microsoft-Windows-Sysmon", "Provider_Guid": "{5770385f-c22a-43e0-bf4c-06f5698ffbd9}", "Provider": null, "EventID_Qualifiers": "", "EventID": "10", "Version": "3", "Level": "4", "Task": "10", "Opcode": "0", "Keywords": "0x8000000000000000", "TimeCreated_SystemTime": "2023-09-27 07:08:14.447748", "TimeCreated": null, "EventRecordID": "31519", "Correlation_ActivityID": "", "Correlation_RelatedActivityID": "", "Correlation": null, "Execution_ProcessID": "3368", "Execution_ThreadID": "3332", "Execution": null, "Channel": "Microsoft-Windows-Sysmon/Operational", "Computer": "DESKTOP-P5C3MUD", "Security_UserID": "S-1-5-18", "Security": null, "EventData_RuleName": "-", "EventData_UtcTime": "2023-09-27 07:08:14.447", "EventData_SourceProcessGUID": "{4557fbaa-ce38-6513-8800-000000000e00}", "EventData_SourceProcessId": "5556", "EventData_SourceThreadId": "9808", "EventData_SourceImage": "C:\\Windows\\Explorer.EXE", "EventData_TargetProcessGUID": "{4557fbaa-ce4b-6513-b300-000000000e00}", "EventData_TargetProcessId": "8936", "EventData_TargetImage": "C:\\Windows\\system32\\ApplicationFrameHost.exe", "EventData_GrantedAccess": "0x00002000", "EventData_CallTrace": "C:\\Windows\\SYSTEM32\\ntdll.dll+9d314|C:\\Windows\\System32\\KERNELBASE.dll+308ee|C:\\Windows\\system32\\twinui.dll+331cb|C:\\Windows\\SYSTEM32\\ntdll.dll+716e9|C:\\Windows\\SYSTEM32\\ntdll.dll+531ba|C:\\Windows\\System32\\KERNEL32.DLL+17344|C:\\Windows\\SYSTEM32\\ntdll.dll+526b1", "EventData_SourceUser": "DESKTOP-P5C3MUD\\user", "EventData_TargetUser": "DESKTOP-P5C3MUD\\user"}
{"Provider_Name": "Microsoft-Windows-Sysmon", "Provider_Guid": "{5770385f-c22a-43e0-bf4c-06f5698ffbd9}", "Provider": null, "EventID_Qualifiers": "", "EventID": "12", "Version": "2", "Level": "4", "Task": "12", "Opcode": "0", "Keywords": "0x8000000000000000", "TimeCreated_SystemTime": "2023-09-27 07:08:15.669287", "TimeCreated": null, "EventRecordID": "31520", "Correlation_ActivityID": "", "Correlation_RelatedActivityID": "", "Correlation": null, "Execution_ProcessID": "3368", "Execution_ThreadID": "3332", "Execution": null, "Channel": "Microsoft-Windows-Sysmon/Operational", "Computer": "DESKTOP-P5C3MUD", "Security_UserID": "S-1-5-18", "Security": null, "EventData_RuleName": "-", "EventData_EventType": "CreateKey", "EventData_UtcTime": "2023-09-27 07:08:15.669", "EventData_ProcessGuid": "{4557fbaa-ce30-6513-3100-000000000e00}", "EventData_ProcessId": "2136", "EventData_Image": "C:\\Windows\\System32\\svchost.exe", "EventData_TargetObject": "HKLM\\SOFTWARE\\Microsoft\\Multimedia\\Audio\\Journal", "EventData_User": "NT AUTHORITY\\LOCAL SERVICE"}
{"Provider_Name": "Microsoft-Windows-Sysmon", "Provider_Guid": "{5770385f-c22a-43e0-bf4c-06f5698ffbd9}", "Provider": null, "EventID_Qualifiers": "", "EventID": "13", "Version": "2", "Level": "4", "Task": "13", "Opcode": "0", "Keywords": "0x8000000000000000", "TimeCreated_SystemTime": "2023-09-27 07:08:15.669369", "TimeCreated": null, "EventRecordID": "31521", "Correlation_ActivityID": "", "Correlation_RelatedActivityID": "", "Correlation": null, "Execution_ProcessID": "3368", "Execution_ThreadID": "3332", "Execution": null, "Channel": "Microsoft-Windows-Sysmon/Operational", "Computer": "DESKTOP-P5C3MUD", "Security_UserID": "S-1-5-18", "Security": null, "EventData_RuleName": "-", "EventData_EventType": "SetValue", "EventData_UtcTime": "2023-09-27 07:08:15.669", "EventData_ProcessGuid": "{4557fbaa-ce30-6513-3100-000000000e00}", "EventData_ProcessId": "2136", "EventData_Image": "C:\\Windows\\System32\\svchost.exe", "EventData_TargetObject": "HKLM\\SOFTWARE\\Microsoft\\Multimedia\\Audio\\Journal\\Render", "EventData_Details": "Binary Data", "EventData_User": "NT AUTHORITY\\LOCAL SERVICE"}
{"Provider_Name": "Microsoft-Windows-Sysmon", "Provider_Guid": "{5770385f-c22a-43e0-bf4c-06f5698ffbd9}", "Provider": null, "EventID_Qualifiers": "", "EventID": "7", "Version": "3", "Level": "4", "Task": "7", "Opcode": "0", "Keywords": "0x8000000000000000", "TimeCreated_SystemTime": "2023-09-27 07:08:15.701876", "TimeCreated": null, "EventRecordID": "31522", "Correlation_ActivityID": "", "Correlation_RelatedActivityID": "", "Correlation": null, "Execution_ProcessID": "3368", "Execution_ThreadID": "888", "Execution": null, "Channel": "Microsoft-Windows-Sysmon/Operational", "Computer": "DESKTOP-P5C3MUD", "Security_UserID": "S-1-5-18", "Security": null, "EventData_RuleName": "-", "EventData_UtcTime": "2023-09-27 07:08:15.691", "EventData_ProcessGuid": "{4557fbaa-d4dd-6513-c101-000000000e00}", "EventData_ProcessId": "4724", "EventData_Image": "C:\\Windows\\System32\\consent.exe", "EventData_ImageLoaded": "C:\\Windows\\System32\\ninput.dll", "EventData_FileVersion": "10.0.19041.546 (WinBuild.160101.0800)", "EventData_Description": "Microsoft Pen and Touch Input Component", "EventData_Product": "Microsoft\u00ae Windows\u00ae Operating System", "EventData_Company": "Microsoft Corporation", "EventData_OriginalFileName": "NINPUT.DLL", "EventData_Hashes": "SHA1=153A0195BC9C1803B312B0B511A64FEFE372A497,MD5=D30783CC3ADA334983F1A2B2A95AEB7C,SHA256=46CF16C952F0F4F5376D918B475572797AFEF55481DC233DEFE2FC3E05475723,IMPHASH=62E5765106B5047C3473742FAB4A1B3B", "EventData_Signed": "true", "EventData_Signature": "Microsoft Windows", "EventData_SignatureStatus": "Valid", "EventData_User": "NT AUTHORITY\\SYSTEM"}
{"Provider_Name": "Microsoft-Windows-Sysmon", "Provider_Guid": "{5770385f-c22a-43e0-bf4c-06f5698ffbd9}", "Provider": null, "EventID_Qualifiers": "", "EventID": "7", "Version": "3", "Level": "4", "Task": "7", "Opcode": "0", "Keywords": "0x8000000000000000", "TimeCreated_SystemTime": "2023-09-27 07:08:15.951118", "TimeCreated": null, "EventRecordID": "31523", "Correlation_ActivityID": "", "Correlation_RelatedActivityID": "", "Correlation": null, "Execution_ProcessID": "3368", "Execution_ThreadID": "888", "Execution": null, "Channel": "Microsoft-Windows-Sysmon/Operational", "Computer": "DESKTOP-P5C3MUD", "Security_UserID": "S-1-5-18", "Security": null, "EventData_RuleName": "-", "EventData_UtcTime": "2023-09-27 07:08:15.920", "EventData_ProcessGuid": "{4557fbaa-d4dd-6513-c101-000000000e00}", "EventData_ProcessId": "4724", "EventData_Image": "C:\\Windows\\System32\\consent.exe", "EventData_ImageLoaded": "C:\\Windows\\System32\\UIAutomationCore.dll", "EventData_FileVersion": "7.2.19041.3271 (WinBuild.160101.0800)", "EventData_Description": "Microsoft UI Automation Core", "EventData_Product": "Microsoft\u00ae Windows\u00ae Operating System", "EventData_Company": "Microsoft Corporation", "EventData_OriginalFileName": "UIAutomationCore.dll", "EventData_Hashes": "SHA1=C09A468A3330634606FEE772FB839068A1C27CF6,MD5=0729A04E08B6E6689CE2761283AF0A4E,SHA256=70B47E6B0DB106E412328CEBE138D1DD163FB193F82396EDEA47CC90C66683E4,IMPHASH=34B9AFE570657D94784CAC7E7995D94D", "EventData_Signed": "true", "EventData_Signature": "Microsoft Windows", "EventData_SignatureStatus": "Valid", "EventData_User": "NT AUTHORITY\\SYSTEM"}
{"Provider_Name": "Microsoft-Windows-Sysmon", "Provider_Guid": "{5770385f-c22a-43e0-bf4c-06f5698ffbd9}", "Provider": null, "EventID_Qualifiers": "", "EventID": "12", "Version": "2", "Level": "4", "Task": "12", "Opcode": "0", "Keywords": "0x8000000000000000", "TimeCreated_SystemTime": "2023-09-27 07:08:15.966307", "TimeCreated": null, "EventRecordID": "31524", "Correlation_ActivityID": "", "Correlation_RelatedActivityID": "", "Correlation": null, "Execution_ProcessID": "3368", "Execution_ThreadID": "3332", "Execution": null, "Channel": "Microsoft-Windows-Sysmon/Operational", "Computer": "DESKTOP-P5C3MUD", "Security_UserID": "S-1-5-18", "Security": null, "EventData_RuleName": "-", "EventData_EventType": "CreateKey", "EventData_UtcTime": "2023-09-27 07:08:15.951", "EventData_ProcessGuid": "{4557fbaa-cec0-6513-1601-000000000e00}", "EventData_ProcessId": "11120", "EventData_Image": "C:\\Windows\\System32\\InputMethod\\CHS\\ChsIME.exe", "EventData_TargetObject": "HKU\\.DEFAULT\\Software\\Microsoft\\InputMethod\\SHARED", "EventData_User": "NT AUTHORITY\\SYSTEM"}
{"Provider_Name": "Microsoft-Windows-Sysmon", "Provider_Guid": "{5770385f-c22a-43e0-bf4c-06f5698ffbd9}", "Provider": null, "EventID_Qualifiers": "", "EventID": "13", "Version": "2", "Level": "4", "Task": "13", "Opcode": "0", "Keywords": "0x8000000000000000", "TimeCreated_SystemTime": "2023-09-27 07:08:15.966339", "TimeCreated": null, "EventRecordID": "31525", "Correlation_ActivityID": "", "Correlation_RelatedActivityID": "", "Correlation": null, "Execution_ProcessID": "3368", "Execution_ThreadID": "3332", "Execution": null, "Channel": "Microsoft-Windows-Sysmon/Operational", "Computer": "DESKTOP-P5C3MUD", "Security_UserID": "S-1-5-18", "Security": null, "EventData_RuleName": "-", "EventData_EventType": "SetValue", "EventData_UtcTime": "2023-09-27 07:08:15.951", "EventData_ProcessGuid": "{4557fbaa-cec0-6513-1601-000000000e00}", "EventData_ProcessId": "11120", "EventData_Image": "C:\\Windows\\System32\\InputMethod\\CHS\\ChsIME.exe", "EventData_TargetObject": "HKU\\.DEFAULT\\Software\\Microsoft\\InputMethod\\SHARED\\CoCPrivacyConsentUXShowStartTime", "EventData_Details": "DWORD (0x6513d4df)", "EventData_User": "NT AUTHORITY\\SYSTEM"}
{"Provider_Name": "Microsoft-Windows-Sysmon", "Provider_Guid": "{5770385f-c22a-43e0-bf4c-06f5698ffbd9}", "Provider": null, "EventID_Qualifiers": "", "EventID": "10", "Version": "3", "Level": "4", "Task": "10", "Opcode": "0", "Keywords": "0x8000000000000000", "TimeCreated_SystemTime": "2023-09-27 07:08:15.984194", "TimeCreated": null, "EventRecordID": "31526", "Correlation_ActivityID": "", "Correlation_RelatedActivityID": "", "Correlation": null, "Execution_ProcessID": "3368", "Execution_ThreadID": "3332", "Execution": null, "Channel": "Microsoft-Windows-Sysmon/Operational", "Computer": "DESKTOP-P5C3MUD", "Security_UserID": "S-1-5-18", "Security": null, "EventData_RuleName": "-", "EventData_UtcTime": "2023-09-27 07:08:15.983", "EventData_SourceProcessGUID": "{4557fbaa-ce2f-6513-0c00-000000000e00}", "EventData_SourceProcessId": "744", "EventData_SourceThreadId": "812", "EventData_SourceImage": "C:\\Windows\\system32\\lsass.exe", "EventData_TargetProcessGUID": "{4557fbaa-d4dd-6513-c101-000000000e00}", "EventData_TargetProcessId": "4724", "EventData_TargetImage": "C:\\Windows\\system32\\consent.exe", "EventData_GrantedAccess": "0x00001478", "EventData_CallTrace": "C:\\Windows\\SYSTEM32\\ntdll.dll+9d314|C:\\Windows\\system32\\lsasrv.dll+bb32|C:\\Windows\\system32\\lsasrv.dll+bf50|C:\\Windows\\system32\\lsasrv.dll+c31b|C:\\Windows\\SYSTEM32\\SspiSrv.dll+1a82|C:\\Windows\\System32\\RPCRT4.dll+7b4b3|C:\\Windows\\System32\\RPCRT4.dll+de77b|C:\\Windows\\System32\\RPCRT4.dll+5be7c|C:\\Windows\\System32\\RPCRT4.dll+59188|C:\\Windows\\System32\\RPCRT4.dll+3a3a6|C:\\Windows\\System32\\RPCRT4.dll+39cf8|C:\\Windows\\System32\\RPCRT4.dll+474bf|C:\\Windows\\System32\\RPCRT4.dll+468c8|C:\\Windows\\System32\\RPCRT4.dll+45eb1|C:\\Windows\\System32\\RPCRT4.dll+4591e|C:\\Windows\\System32\\RPCRT4.dll+4a032|C:\\Windows\\SYSTEM32\\ntdll.dll+20330|C:\\Windows\\SYSTEM32\\ntdll.dll+52f86|C:\\Windows\\System32\\KERNEL32.DLL+17344|C:\\Windows\\SYSTEM32\\ntdll.dll+526b1", "EventData_SourceUser": "NT AUTHORITY\\SYSTEM", "EventData_TargetUser": "NT AUTHORITY\\SYSTEM"}
{"Provider_Name": "Microsoft-Windows-Sysmon", "Provider_Guid": "{5770385f-c22a-43e0-bf4c-06f5698ffbd9}", "Provider": null, "EventID_Qualifiers": "", "EventID": "12", "Version": "2", "Level": "4", "Task": "12", "Opcode": "0", "Keywords": "0x8000000000000000", "TimeCreated_SystemTime": "2023-09-27 07:08:15.985266", "TimeCreated": null, "EventRecordID": "31527", "Correlation_ActivityID": "", "Correlation_RelatedActivityID": "", "Correlation": null, "Execution_ProcessID": "3368", "Execution_ThreadID": "3332", "Execution": null, "Channel": "Microsoft-Windows-Sysmon/Operational", "Computer": "DESKTOP-P5C3MUD", "Security_UserID": "S-1-5-18", "Security": null, "EventData_RuleName": "-", "EventData_EventType": "CreateKey", "EventData_UtcTime": "2023-09-27 07:08:15.983", "EventData_ProcessGuid": "{4557fbaa-ce2f-6513-1b00-000000000e00}", "EventData_ProcessId": "1336", "EventData_Image": "C:\\Windows\\system32\\svchost.exe", "EventData_TargetObject": "HKLM\\SOFTWARE\\Microsoft\\Windows NT\\CurrentVersion\\ProfileService\\References", "EventData_User": "NT AUTHORITY\\SYSTEM"}
{"Provider_Name": "Microsoft-Windows-Sysmon", "Provider_Guid": "{5770385f-c22a-43e0-bf4c-06f5698ffbd9}", "Provider": null, "EventID_Qualifiers": "", "EventID": "12", "Version": "2", "Level": "4", "Task": "12", "Opcode": "0", "Keywords": "0x8000000000000000", "TimeCreated_SystemTime": "2023-09-27 07:08:15.985292", "TimeCreated": null, "EventRecordID": "31528", "Correlation_ActivityID": "", "Correlation_RelatedActivityID": "", "Correlation": null, "Execution_ProcessID": "3368", "Execution_ThreadID": "3332", "Execution": null, "Channel": "Microsoft-Windows-Sysmon/Operational", "Computer": "DESKTOP-P5C3MUD", "Security_UserID": "S-1-5-18", "Security": null, "EventData_RuleName": "-", "EventData_EventType": "CreateKey", "EventData_UtcTime": "2023-09-27 07:08:15.983", "EventData_ProcessGuid": "{4557fbaa-ce2f-6513-1b00-000000000e00}", "EventData_ProcessId": "1336", "EventData_Image": "C:\\Windows\\system32\\svchost.exe", "EventData_TargetObject": "HKLM\\SOFTWARE\\Microsoft\\Windows NT\\CurrentVersion\\ProfileService\\References\\S-1-5-21-2994737283-653069417-2221972583-1001", "EventData_User": "NT AUTHORITY\\SYSTEM"}
{"Provider_Name": "Microsoft-Windows-Sysmon", "Provider_Guid": "{5770385f-c22a-43e0-bf4c-06f5698ffbd9}", "Provider": null, "EventID_Qualifiers": "", "EventID": "12", "Version": "2", "Level": "4", "Task": "12", "Opcode": "0", "Keywords": "0x8000000000000000", "TimeCreated_SystemTime": "2023-09-27 07:08:15.985344", "TimeCreated": null, "EventRecordID": "31529", "Correlation_ActivityID": "", "Correlation_RelatedActivityID": "", "Correlation": null, "Execution_ProcessID": "3368", "Execution_ThreadID": "3332", "Execution": null, "Channel": "Microsoft-Windows-Sysmon/Operational", "Computer": "DESKTOP-P5C3MUD", "Security_UserID": "S-1-5-18", "Security": null, "EventData_RuleName": "-", "EventData_EventType": "CreateKey", "EventData_UtcTime": "2023-09-27 07:08:15.983", "EventData_ProcessGuid": "{4557fbaa-ce2f-6513-1b00-000000000e00}", "EventData_ProcessId": "1336", "EventData_Image": "C:\\Windows\\system32\\svchost.exe", "EventData_TargetObject": "HKLM\\SOFTWARE\\Microsoft\\Windows NT\\CurrentVersion\\ProfileService\\References", "EventData_User": "NT AUTHORITY\\SYSTEM"}
{"Provider_Name": "Microsoft-Windows-Sysmon", "Provider_Guid": "{5770385f-c22a-43e0-bf4c-06f5698ffbd9}", "Provider": null, "EventID_Qualifiers": "", "EventID": "12", "Version": "2", "Level": "4", "Task": "12", "Opcode": "0", "Keywords": "0x8000000000000000", "TimeCreated_SystemTime": "2023-09-27 07:08:15.985367", "TimeCreated": null, "EventRecordID": "31530", "Correlation_ActivityID": "", "Correlation_RelatedActivityID": "", "Correlation": null, "Execution_ProcessID": "3368", "Execution_ThreadID": "3332", "Execution": null, "Channel": "Microsoft-Windows-Sysmon/Operational", "Computer": "DESKTOP-P5C3MUD", "Security_UserID": "S-1-5-18", "Security": null, "EventData_RuleName": "-", "EventData_EventType": "CreateKey", "EventData_UtcTime": "2023-09-27 07:08:15.983", "EventData_ProcessGuid": "{4557fbaa-ce2f-6513-1b00-000000000e00}", "EventData_ProcessId": "1336", "EventData_Image": "C:\\Windows\\system32\\svchost.exe", "EventData_TargetObject": "HKLM\\SOFTWARE\\Microsoft\\Windows NT\\CurrentVersion\\ProfileService\\References\\S-1-5-21-2994737283-653069417-2221972583-1001", "EventData_User": "NT AUTHORITY\\SYSTEM"}
