{"Provider_Name": "Microsoft-Windows-Sysmon", "Provider_Guid": "{5770385f-c22a-43e0-bf4c-06f5698ffbd9}", "Provider": null, "EventID_Qualifiers": "", "EventID": "13", "Version": "2", "Level": "4", "Task": "13", "Opcode": "0", "Keywords": "0x8000000000000000", "TimeCreated_SystemTime": "2023-09-27 07:08:16.052151", "TimeCreated": null, "EventRecordID": "31605", "Correlation_ActivityID": "", "Correlation_RelatedActivityID": "", "Correlation": null, "Execution_ProcessID": "3368", "Execution_ThreadID": "3332", "Execution": null, "Channel": "Microsoft-Windows-Sysmon/Operational", "Computer": "DESKTOP-P5C3MUD", "Security_UserID": "S-1-5-18", "Security": null, "EventData_RuleName": "-", "EventData_EventType": "SetValue", "EventData_UtcTime": "2023-09-27 07:08:16.045", "EventData_ProcessGuid": "{4557fbaa-cea9-6513-0a01-000000000e00}", "EventData_ProcessId": "8484", "EventData_Image": "C:\\Windows\\system32\\svchost.exe", "EventData_TargetObject": "\\REGISTRY\\A\\{80a7dc6a-6a1c-0c38-7053-c1a1aac745a3}\\Root\\InventoryApplicationFile\\autorun_startup_|cfe004b09b2848\\LinkDate", "EventData_Details": "09/27/2023 07:07:10", "EventData_User": "NT AUTHORITY\\SYSTEM"}
{"Provider_Name": "Microsoft-Windows-Sysmon", "Provider_Guid": "{5770385f-c22a-43e0-bf4c-06f5698ffbd9}", "Provider": null, "EventID_Qualifiers": "", "EventID": "13", "Version": "2", "Level": "4", "Task": "13", "Opcode": "0", "Keywords": "0x8000000000000000", "TimeCreated_SystemTime": "2023-09-27 07:08:16.052177", "TimeCreated": null, "EventRecordID": "31606", "Correlation_ActivityID": "", "Correlation_RelatedActivityID": "", "Correlation": null, "Execution_ProcessID": "3368", "Execution_ThreadID": "3332", "Execution": null, "Channel": "Microsoft-Windows-Sysmon/Operational", "Computer": "DESKTOP-P5C3MUD", "Security_UserID": "S-1-5-18", "Security": null, "EventData_RuleName": "-", "EventData_EventType": "SetValue", "EventData_UtcTime": "2023-09-27 07:08:16.045", "EventData_ProcessGuid": "{4557fbaa-cea9-6513-0a01-000000000e00}", "EventData_ProcessId": "8484", "EventData_Image": "C:\\Windows\\system32\\svchost.exe", "EventData_TargetObject": "\\REGISTRY\\A\\{80a7dc6a-6a1c-0c38-7053-c1a1aac745a3}\\Root\\InventoryApplicationFile\\autorun_startup_|cfe004b09b2848\\BinProductVersion", "EventData_Details": "(Empty)", "EventData_User": "NT AUTHORITY\\SYSTEM"}
{"Provider_Name": "Microsoft-Windows-Sysmon", "Provider_Guid": "{5770385f-c22a-43e0-bf4c-06f5698ffbd9}", "Provider": null, "EventID_Qualifiers": "", "EventID": "13", "Version": "2", "Level": "4", "Task": "13", "Opcode": "0", "Keywords": "0x8000000000000000", "TimeCreated_SystemTime": "2023-09-27 07:08:16.052200", "TimeCreated": null, "EventRecordID": "31607", "Correlation_ActivityID": "", "Correlation_RelatedActivityID": "", "Correlation": null, "Execution_ProcessID": "3368", "Execution_ThreadID": "3332", "Execution": null, "Channel": "Microsoft-Windows-Sysmon/Operational", "Computer": "DESKTOP-P5C3MUD", "Security_UserID": "S-1-5-18", "Security": null, "EventData_RuleName": "-", "EventData_EventType": "SetValue", "EventData_UtcTime": "2023-09-27 07:08:16.045", "EventData_ProcessGuid": "{4557fbaa-cea9-6513-0a01-000000000e00}", "EventData_ProcessId": "8484", "EventData_Image": "C:\\Windows\\system32\\svchost.exe", "EventData_TargetObject": "\\REGISTRY\\A\\{80a7dc6a-6a1c-0c38-7053-c1a1aac745a3}\\Root\\InventoryApplicationFile\\autorun_startup_|cfe004b09b2848\\AppxPackageFullName", "EventData_Details": "(Empty)", "EventData_User": "NT AUTHORITY\\SYSTEM"}
{"Provider_Name": "Microsoft-Windows-Sysmon", "Provider_Guid": "{5770385f-c22a-43e0-bf4c-06f5698ffbd9}", "Provider": null, "EventID_Qualifiers": "", "EventID": "13", "Version": "2", "Level": "4", "Task": "13", "Opcode": "0", "Keywords": "0x8000000000000000", "TimeCreated_SystemTime": "2023-09-27 07:08:16.052219", "TimeCreated": null, "EventRecordID": "31608", "Correlation_ActivityID": "", "Correlation_RelatedActivityID": "", "Correlation": null, "Execution_ProcessID": "3368", "Execution_ThreadID": "3332", "Execution": null, "Channel": "Microsoft-Windows-Sysmon/Operational", "Computer": "DESKTOP-P5C3MUD", "Security_UserID": "S-1-5-18", "Security": null, "EventData_RuleName": "-", "EventData_EventType": "SetValue", "EventData_UtcTime": "2023-09-27 07:08:16.045", "EventData_ProcessGuid": "{4557fbaa-cea9-6513-0a01-000000000e00}", "EventData_ProcessId": "8484", "EventData_Image": "C:\\Windows\\system32\\svchost.exe", "EventData_TargetObject": "\\REGISTRY\\A\\{80a7dc6a-6a1c-0c38-7053-c1a1aac745a3}\\Root\\InventoryApplicationFile\\autorun_startup_|cfe004b09b2848\\AppxPackageRelativeId", "EventData_Details": "(Empty)", "EventData_User": "NT AUTHORITY\\SYSTEM"}
{"Provider_Name": "Microsoft-Windows-Sysmon", "Provider_Guid": "{5770385f-c22a-43e0-bf4c-06f5698ffbd9}", "Provider": null, "EventID_Qualifiers": "", "EventID": "13", "Version": "2", "Level": "4", "Task": "13", "Opcode": "0", "Keywords": "0x8000000000000000", "TimeCreated_SystemTime": "2023-09-27 07:08:16.052240", "TimeCreated": null, "EventRecordID": "31609", "Correlation_ActivityID": "", "Correlation_RelatedActivityID": "", "Correlation": null, "Execution_ProcessID": "3368", "Execution_ThreadID": "3332", "Execution": null, "Channel": "Microsoft-Windows-Sysmon/Operational", "Computer": "DESKTOP-P5C3MUD", "Security_UserID": "S-1-5-18", "Security": null, "EventData_RuleName": "-", "EventData_EventType": "SetValue", "EventData_UtcTime": "2023-09-27 07:08:16.045", "EventData_ProcessGuid": "{4557fbaa-cea9-6513-0a01-000000000e00}", "EventData_ProcessId": "8484", "EventData_Image": "C:\\Windows\\system32\\svchost.exe", "EventData_TargetObject": "\\REGISTRY\\A\\{80a7dc6a-6a1c-0c38-7053-c1a1aac745a3}\\Root\\InventoryApplicationFile\\autorun_startup_|cfe004b09b2848\\Size", "EventData_Details": "QWORD (0x00000000-0x000f1200)", "EventData_User": "NT AUTHORITY\\SYSTEM"}
{"Provider_Name": "Microsoft-Windows-Sysmon", "Provider_Guid": "{5770385f-c22a-43e0-bf4c-06f5698ffbd9}", "Provider": null, "EventID_Qualifiers": "", "EventID": "13", "Version": "2", "Level": "4", "Task": "13", "Opcode": "0", "Keywords": "0x8000000000000000", "TimeCreated_SystemTime": "2023-09-27 07:08:16.052261", "TimeCreated": null, "EventRecordID": "31610", "Correlation_ActivityID": "", "Correlation_RelatedActivityID": "", "Correlation": null, "Execution_ProcessID": "3368", "Execution_ThreadID": "3332", "Execution": null, "Channel": "Microsoft-Windows-Sysmon/Operational", "Computer": "DESKTOP-P5C3MUD", "Security_UserID": "S-1-5-18", "Security": null, "EventData_RuleName": "-", "EventData_EventType": "SetValue", "EventData_UtcTime": "2023-09-27 07:08:16.045", "EventData_ProcessGuid": "{4557fbaa-cea9-6513-0a01-000000000e00}", "EventData_ProcessId": "8484", "EventData_Image": "C:\\Windows\\system32\\svchost.exe", "EventData_TargetObject": "\\REGISTRY\\A\\{80a7dc6a-6a1c-0c38-7053-c1a1aac745a3}\\Root\\InventoryApplicationFile\\autorun_startup_|cfe004b09b2848\\Language", "EventData_Details": "DWORD (0x00000000)", "EventData_User": "NT AUTHORITY\\SYSTEM"}
{"Provider_Name": "Microsoft-Windows-Sysmon", "Provider_Guid": "{5770385f-c22a-43e0-bf4c-06f5698ffbd9}", "Provider": null, "EventID_Qualifiers": "", "EventID": "13", "Version": "2", "Level": "4", "Task": "13", "Opcode": "0", "Keywords": "0x8000000000000000", "TimeCreated_SystemTime": "2023-09-27 07:08:16.052280", "TimeCreated": null, "EventRecordID": "31611", "Correlation_ActivityID": "", "Correlation_RelatedActivityID": "", "Correlation": null, "Execution_ProcessID": "3368", "Execution_ThreadID": "3332", "Execution": null, "Channel": "Microsoft-Windows-Sysmon/Operational", "Computer": "DESKTOP-P5C3MUD", "Security_UserID": "S-1-5-18", "Security": null, "EventData_RuleName": "-", "EventData_EventType": "SetValue", "EventData_UtcTime": "2023-09-27 07:08:16.045", "EventData_ProcessGuid": "{4557fbaa-cea9-6513-0a01-000000000e00}", "EventData_ProcessId": "8484", "EventData_Image": "C:\\Windows\\system32\\svchost.exe", "EventData_TargetObject": "\\REGISTRY\\A\\{80a7dc6a-6a1c-0c38-7053-c1a1aac745a3}\\Root\\InventoryApplicationFile\\autorun_startup_|cfe004b09b2848\\Usn", "EventData_Details": "QWORD (0x00000000-0x00000000)", "EventData_User": "NT AUTHORITY\\SYSTEM"}
{"Provider_Name": "Microsoft-Windows-Sysmon", "Provider_Guid": "{5770385f-c22a-43e0-bf4c-06f5698ffbd9}", "Provider": null, "EventID_Qualifiers": "", "EventID": "10", "Version": "3", "Level": "4", "Task": "10", "Opcode": "0", "Keywords": "0x8000000000000000", "TimeCreated_SystemTime": "2023-09-27 07:08:16.053543", "TimeCreated": null, "EventRecordID": "31612", "Correlation_ActivityID": "", "Correlation_RelatedActivityID": "", "Correlation": null, "Execution_ProcessID": "3368", "Execution_ThreadID": "3332", "Execution": null, "Channel": "Microsoft-Windows-Sysmon/Operational", "Computer": "DESKTOP-P5C3MUD", "Security_UserID": "S-1-5-18", "Security": null, "EventData_RuleName": "-", "EventData_UtcTime": "2023-09-27 07:08:16.045", "EventData_SourceProcessGUID": "{4557fbaa-cea9-6513-0a01-000000000e00}", "EventData_SourceProcessId": "8484", "EventData_SourceThreadId": "2384", "EventData_SourceImage": "C:\\Windows\\system32\\svchost.exe", "EventData_TargetProcessGUID": "{4557fbaa-d4e0-6513-c301-000000000e00}", "EventData_TargetProcessId": "1088", "EventData_TargetImage": "E:\\Experiment\\Windows Hacker Attack Program\\5\\\u5feb\u901f\u542f\u52a8\u76ee\u5f55\\AutoRun_Startup_Test.exe", "EventData_GrantedAccess": "0x001fffff", "EventData_CallTrace": "C:\\Windows\\SYSTEM32\\ntdll.dll+9d314|C:\\Windows\\System32\\KERNELBASE.dll+308ee|c:\\windows\\system32\\pcasvc.dll+bd07|c:\\windows\\system32\\pcasvc.dll+cca6|c:\\windows\\system32\\pcasvc.dll+115ed|C:\\Windows\\System32\\KERNEL32.DLL+17344|C:\\Windows\\SYSTEM32\\ntdll.dll+526b1", "EventData_SourceUser": "NT AUTHORITY\\SYSTEM", "EventData_TargetUser": "DESKTOP-P5C3MUD\\user"}
{"Provider_Name": "Microsoft-Windows-Sysmon", "Provider_Guid": "{5770385f-c22a-43e0-bf4c-06f5698ffbd9}", "Provider": null, "EventID_Qualifiers": "", "EventID": "12", "Version": "2", "Level": "4", "Task": "12", "Opcode": "0", "Keywords": "0x8000000000000000", "TimeCreated_SystemTime": "2023-09-27 07:08:16.053679", "TimeCreated": null, "EventRecordID": "31613", "Correlation_ActivityID": "", "Correlation_RelatedActivityID": "", "Correlation": null, "Execution_ProcessID": "3368", "Execution_ThreadID": "3332", "Execution": null, "Channel": "Microsoft-Windows-Sysmon/Operational", "Computer": "DESKTOP-P5C3MUD", "Security_UserID": "S-1-5-18", "Security": null, "EventData_RuleName": "-", "EventData_EventType": "CreateKey", "EventData_UtcTime": "2023-09-27 07:08:16.045", "EventData_ProcessGuid": "{4557fbaa-cea9-6513-0a01-000000000e00}", "EventData_ProcessId": "8484", "EventData_Image": "C:\\Windows\\system32\\svchost.exe", "EventData_TargetObject": "HKU\\S-1-5-21-2994737283-653069417-2221972583-1001\\SOFTWARE\\Microsoft\\Windows NT\\CurrentVersion\\AppCompatFlags\\Compatibility Assistant\\Store", "EventData_User": "NT AUTHORITY\\SYSTEM"}
{"Provider_Name": "Microsoft-Windows-Sysmon", "Provider_Guid": "{5770385f-c22a-43e0-bf4c-06f5698ffbd9}", "Provider": null, "EventID_Qualifiers": "", "EventID": "7", "Version": "3", "Level": "4", "Task": "7", "Opcode": "0", "Keywords": "0x8000000000000000", "TimeCreated_SystemTime": "2023-09-27 07:08:16.054245", "TimeCreated": null, "EventRecordID": "31614", "Correlation_ActivityID": "", "Correlation_RelatedActivityID": "", "Correlation": null, "Execution_ProcessID": "3368", "Execution_ThreadID": "3332", "Execution": null, "Channel": "Microsoft-Windows-Sysmon/Operational", "Computer": "DESKTOP-P5C3MUD", "Security_UserID": "S-1-5-18", "Security": null, "EventData_RuleName": "-", "EventData_UtcTime": "2023-09-27 07:08:16.045", "EventData_ProcessGuid": "{4557fbaa-d4e0-6513-c301-000000000e00}", "EventData_ProcessId": "1088", "EventData_Image": "E:\\Experiment\\Windows Hacker Attack Program\\5\\\u5feb\u901f\u542f\u52a8\u76ee\u5f55\\AutoRun_Startup_Test.exe", "EventData_ImageLoaded": "C:\\Windows\\System32\\ntdll.dll", "EventData_FileVersion": "10.0.19041.3393 (WinBuild.160101.0800)", "EventData_Description": "NT Layer DLL", "EventData_Product": "Microsoft\u00ae Windows\u00ae Operating System", "EventData_Company": "Microsoft Corporation", "EventData_OriginalFileName": "ntdll.dll", "EventData_Hashes": "SHA1=8047327CEFB24B1DFA5E1F4965FDB25C3E717642,MD5=62A8F85897022E08D1CCCB2C3AC6C8DE,SHA256=590E0BB26B4A24B0A787C7B8CACED643D8AECFE71140D1BD51A73D5D65B0AF94,IMPHASH=00000000000000000000000000000000", "EventData_Signed": "true", "EventData_Signature": "Microsoft Windows", "EventData_SignatureStatus": "Valid", "EventData_User": "DESKTOP-P5C3MUD\\user"}
{"Provider_Name": "Microsoft-Windows-Sysmon", "Provider_Guid": "{5770385f-c22a-43e0-bf4c-06f5698ffbd9}", "Provider": null, "EventID_Qualifiers": "", "EventID": "12", "Version": "2", "Level": "4", "Task": "12", "Opcode": "0", "Keywords": "0x8000000000000000", "TimeCreated_SystemTime": "2023-09-27 07:08:16.060184", "TimeCreated": null, "EventRecordID": "31615", "Correlation_ActivityID": "", "Correlation_RelatedActivityID": "", "Correlation": null, "Execution_ProcessID": "3368", "Execution_ThreadID": "3332", "Execution": null, "Channel": "Microsoft-Windows-Sysmon/Operational", "Computer": "DESKTOP-P5C3MUD", "Security_UserID": "S-1-5-18", "Security": null, "EventData_RuleName": "-", "EventData_EventType": "CreateKey", "EventData_UtcTime": "2023-09-27 07:08:16.045", "EventData_ProcessGuid": "{4557fbaa-ce44-6513-a900-000000000e00}", "EventData_ProcessId": "8304", "EventData_Image": "C:\\Windows\\SystemApps\\MicrosoftWindows.Client.CBS_cw5n1h2txyewy\\TextInputHost.exe", "EventData_TargetObject": "\\REGISTRY\\A\\{b2b0c5ff-946b-2a53-e466-583ec3509288}\\LocalState", "EventData_User": "DESKTOP-P5C3MUD\\user"}
{"Provider_Name": "Microsoft-Windows-Sysmon", "Provider_Guid": "{5770385f-c22a-43e0-bf4c-06f5698ffbd9}", "Provider": null, "EventID_Qualifiers": "", "EventID": "12", "Version": "2", "Level": "4", "Task": "12", "Opcode": "0", "Keywords": "0x8000000000000000", "TimeCreated_SystemTime": "2023-09-27 07:08:16.060211", "TimeCreated": null, "EventRecordID": "31616", "Correlation_ActivityID": "", "Correlation_RelatedActivityID": "", "Correlation": null, "Execution_ProcessID": "3368", "Execution_ThreadID": "3332", "Execution": null, "Channel": "Microsoft-Windows-Sysmon/Operational", "Computer": "DESKTOP-P5C3MUD", "Security_UserID": "S-1-5-18", "Security": null, "EventData_RuleName": "-", "EventData_EventType": "CreateKey", "EventData_UtcTime": "2023-09-27 07:08:16.045", "EventData_ProcessGuid": "{4557fbaa-ce44-6513-a900-000000000e00}", "EventData_ProcessId": "8304", "EventData_Image": "C:\\Windows\\SystemApps\\MicrosoftWindows.Client.CBS_cw5n1h2txyewy\\TextInputHost.exe", "EventData_TargetObject": "\\REGISTRY\\A\\{b2b0c5ff-946b-2a53-e466-583ec3509288}\\LocalState", "EventData_User": "DESKTOP-P5C3MUD\\user"}
{"Provider_Name": "Microsoft-Windows-Sysmon", "Provider_Guid": "{5770385f-c22a-43e0-bf4c-06f5698ffbd9}", "Provider": null, "EventID_Qualifiers": "", "EventID": "7", "Version": "3", "Level": "4", "Task": "7", "Opcode": "0", "Keywords": "0x8000000000000000", "TimeCreated_SystemTime": "2023-09-27 07:08:16.061436", "TimeCreated": null, "EventRecordID": "31617", "Correlation_ActivityID": "", "Correlation_RelatedActivityID": "", "Correlation": null, "Execution_ProcessID": "3368", "Execution_ThreadID": "888", "Execution": null, "Channel": "Microsoft-Windows-Sysmon/Operational", "Computer": "DESKTOP-P5C3MUD", "Security_UserID": "S-1-5-18", "Security": null, "EventData_RuleName": "-", "EventData_UtcTime": "2023-09-27 07:08:16.045", "EventData_ProcessGuid": "{4557fbaa-d4e0-6513-c301-000000000e00}", "EventData_ProcessId": "1088", "EventData_Image": "E:\\Experiment\\Windows Hacker Attack Program\\5\\\u5feb\u901f\u542f\u52a8\u76ee\u5f55\\AutoRun_Startup_Test.exe", "EventData_ImageLoaded": "E:\\Experiment\\Windows Hacker Attack Program\\5\\\u5feb\u901f\u542f\u52a8\u76ee\u5f55\\AutoRun_Startup_Test.exe", "EventData_FileVersion": "-", "EventData_Description": "-", "EventData_Product": "-", "EventData_Company": "-", "EventData_OriginalFileName": "-", "EventData_Hashes": "SHA1=F9500ECF94FDEB736085F735A8708502D43BAABE,MD5=C59E7F931B0B27BDE1F4FA25BEE2A3E1,SHA256=D8A2DF022A10C08124E19A3B236AF56F729050912BAC6B1E3DCEF1892BCF8536,IMPHASH=2149F8785B70016724D6A92636E1258A", "EventData_Signed": "false", "EventData_Signature": "-", "EventData_SignatureStatus": "Unavailable", "EventData_User": "DESKTOP-P5C3MUD\\user"}
{"Provider_Name": "Microsoft-Windows-Sysmon", "Provider_Guid": "{5770385f-c22a-43e0-bf4c-06f5698ffbd9}", "Provider": null, "EventID_Qualifiers": "", "EventID": "7", "Version": "3", "Level": "4", "Task": "7", "Opcode": "0", "Keywords": "0x8000000000000000", "TimeCreated_SystemTime": "2023-09-27 07:08:16.069166", "TimeCreated": null, "EventRecordID": "31618", "Correlation_ActivityID": "", "Correlation_RelatedActivityID": "", "Correlation": null, "Execution_ProcessID": "3368", "Execution_ThreadID": "888", "Execution": null, "Channel": "Microsoft-Windows-Sysmon/Operational", "Computer": "DESKTOP-P5C3MUD", "Security_UserID": "S-1-5-18", "Security": null, "EventData_RuleName": "-", "EventData_UtcTime": "2023-09-27 07:08:16.061", "EventData_ProcessGuid": "{4557fbaa-d4e0-6513-c301-000000000e00}", "EventData_ProcessId": "1088", "EventData_Image": "E:\\Experiment\\Windows Hacker Attack Program\\5\\\u5feb\u901f\u542f\u52a8\u76ee\u5f55\\AutoRun_Startup_Test.exe", "EventData_ImageLoaded": "C:\\Windows\\SysWOW64\\ntdll.dll", "EventData_FileVersion": "10.0.19041.3393 (WinBuild.160101.0800)", "EventData_Description": "NT Layer DLL", "EventData_Product": "Microsoft\u00ae Windows\u00ae Operating System", "EventData_Company": "Microsoft Corporation", "EventData_OriginalFileName": "ntdll.dll", "EventData_Hashes": "SHA1=F295D781607346449289253F07DCB1423CAE1BE8,MD5=D813A601075A811B84141782D1B9FAF1,SHA256=98369370E3E0CFD3950B8C2121785C4EADBE621B7BEDD1BDF5B421548EA29AB8,IMPHASH=00000000000000000000000000000000", "EventData_Signed": "true", "EventData_Signature": "Microsoft Windows", "EventData_SignatureStatus": "Valid", "EventData_User": "DESKTOP-P5C3MUD\\user"}
{"Provider_Name": "Microsoft-Windows-Sysmon", "Provider_Guid": "{5770385f-c22a-43e0-bf4c-06f5698ffbd9}", "Provider": null, "EventID_Qualifiers": "", "EventID": "7", "Version": "3", "Level": "4", "Task": "7", "Opcode": "0", "Keywords": "0x8000000000000000", "TimeCreated_SystemTime": "2023-09-27 07:08:16.072218", "TimeCreated": null, "EventRecordID": "31619", "Correlation_ActivityID": "", "Correlation_RelatedActivityID": "", "Correlation": null, "Execution_ProcessID": "3368", "Execution_ThreadID": "888", "Execution": null, "Channel": "Microsoft-Windows-Sysmon/Operational", "Computer": "DESKTOP-P5C3MUD", "Security_UserID": "S-1-5-18", "Security": null, "EventData_RuleName": "-", "EventData_UtcTime": "2023-09-27 07:08:16.061", "EventData_ProcessGuid": "{4557fbaa-d4e0-6513-c301-000000000e00}", "EventData_ProcessId": "1088", "EventData_Image": "E:\\Experiment\\Windows Hacker Attack Program\\5\\\u5feb\u901f\u542f\u52a8\u76ee\u5f55\\AutoRun_Startup_Test.exe", "EventData_ImageLoaded": "C:\\Windows\\System32\\wow64.dll", "EventData_FileVersion": "10.0.19041.3031 (WinBuild.160101.0800)", "EventData_Description": "Win32 Emulation on NT64", "EventData_Product": "Microsoft\u00ae Windows\u00ae Operating System", "EventData_Company": "Microsoft Corporation", "EventData_OriginalFileName": "wow64.dll", "EventData_Hashes": "SHA1=DC963AAE9498AD2E345D82594DCA61B04FCD9962,MD5=C1B93B475D7E01B86D0859D160C6EB43,SHA256=826E858724D132C60527759E64676990F1B28C9223EA820609ECDB1020867836,IMPHASH=4D26806E6CA2EC5EA8DF4BA29C854F96", "EventData_Signed": "true", "EventData_Signature": "Microsoft Windows", "EventData_SignatureStatus": "Valid", "EventData_User": "DESKTOP-P5C3MUD\\user"}
{"Provider_Name": "Microsoft-Windows-Sysmon", "Provider_Guid": "{5770385f-c22a-43e0-bf4c-06f5698ffbd9}", "Provider": null, "EventID_Qualifiers": "", "EventID": "7", "Version": "3", "Level": "4", "Task": "7", "Opcode": "0", "Keywords": "0x8000000000000000", "TimeCreated_SystemTime": "2023-09-27 07:08:16.075388", "TimeCreated": null, "EventRecordID": "31620", "Correlation_ActivityID": "", "Correlation_RelatedActivityID": "", "Correlation": null, "Execution_ProcessID": "3368", "Execution_ThreadID": "888", "Execution": null, "Channel": "Microsoft-Windows-Sysmon/Operational", "Computer": "DESKTOP-P5C3MUD", "Security_UserID": "S-1-5-18", "Security": null, "EventData_RuleName": "-", "EventData_UtcTime": "2023-09-27 07:08:16.061", "EventData_ProcessGuid": "{4557fbaa-d4e0-6513-c301-000000000e00}", "EventData_ProcessId": "1088", "EventData_Image": "E:\\Experiment\\Windows Hacker Attack Program\\5\\\u5feb\u901f\u542f\u52a8\u76ee\u5f55\\AutoRun_Startup_Test.exe", "EventData_ImageLoaded": "C:\\Windows\\System32\\wow64win.dll", "EventData_FileVersion": "10.0.19041.2486 (WinBuild.160101.0800)", "EventData_Description": "Wow64 Console and Win32 API Logging", "EventData_Product": "Microsoft\u00ae Windows\u00ae Operating System", "EventData_Company": "Microsoft Corporation", "EventData_OriginalFileName": "wow64lg2.dll", "EventData_Hashes": "SHA1=13EF8CCAC99EF9560ACD7061B24FD39DA0FAF891,MD5=28A6F8BC61C5A72DF6343FAAF2B1B056,SHA256=2FAC8CC3653C2E9747864417C65EA02745F5653C3608FC115AD756199AB22BC0,IMPHASH=AA2F336C00F80E5E84819EE774D160FE", "EventData_Signed": "true", "EventData_Signature": "Microsoft Windows", "EventData_SignatureStatus": "Valid", "EventData_User": "DESKTOP-P5C3MUD\\user"}
{"Provider_Name": "Microsoft-Windows-Sysmon", "Provider_Guid": "{5770385f-c22a-43e0-bf4c-06f5698ffbd9}", "Provider": null, "EventID_Qualifiers": "", "EventID": "7", "Version": "3", "Level": "4", "Task": "7", "Opcode": "0", "Keywords": "0x8000000000000000", "TimeCreated_SystemTime": "2023-09-27 07:08:16.078827", "TimeCreated": null, "EventRecordID": "31621", "Correlation_ActivityID": "", "Correlation_RelatedActivityID": "", "Correlation": null, "Execution_ProcessID": "3368", "Execution_ThreadID": "888", "Execution": null, "Channel": "Microsoft-Windows-Sysmon/Operational", "Computer": "DESKTOP-P5C3MUD", "Security_UserID": "S-1-5-18", "Security": null, "EventData_RuleName": "-", "EventData_UtcTime": "2023-09-27 07:08:16.061", "EventData_ProcessGuid": "{4557fbaa-d4e0-6513-c301-000000000e00}", "EventData_ProcessId": "1088", "EventData_Image": "E:\\Experiment\\Windows Hacker Attack Program\\5\\\u5feb\u901f\u542f\u52a8\u76ee\u5f55\\AutoRun_Startup_Test.exe", "EventData_ImageLoaded": "C:\\Windows\\System32\\wow64cpu.dll", "EventData_FileVersion": "10.0.19041.3031 (WinBuild.160101.0800)", "EventData_Description": "AMD64 Wow64 CPU ", "EventData_Product": "Microsoft\u00ae Windows\u00ae Operating System", "EventData_Company": "Microsoft Corporation", "EventData_OriginalFileName": "wow64cpu.dll", "EventData_Hashes": "SHA1=CC28E6758A60245E4255713B32464EC7EEFC2281,MD5=BDD6D16F7B16C2A83FE8CDA8CA4F185E,SHA256=AFD1B0AC6467C174E083C5DFFFD9AA76395A3C10E71719DA5551EFCC6422CAF2,IMPHASH=C22B977BE4BF67B1A723DD49BCC47668", "EventData_Signed": "true", "EventData_Signature": "Microsoft Windows", "EventData_SignatureStatus": "Valid", "EventData_User": "DESKTOP-P5C3MUD\\user"}
{"Provider_Name": "Microsoft-Windows-Sysmon", "Provider_Guid": "{5770385f-c22a-43e0-bf4c-06f5698ffbd9}", "Provider": null, "EventID_Qualifiers": "", "EventID": "7", "Version": "3", "Level": "4", "Task": "7", "Opcode": "0", "Keywords": "0x8000000000000000", "TimeCreated_SystemTime": "2023-09-27 07:08:16.082092", "TimeCreated": null, "EventRecordID": "31622", "Correlation_ActivityID": "", "Correlation_RelatedActivityID": "", "Correlation": null, "Execution_ProcessID": "3368", "Execution_ThreadID": "888", "Execution": null, "Channel": "Microsoft-Windows-Sysmon/Operational", "Computer": "DESKTOP-P5C3MUD", "Security_UserID": "S-1-5-18", "Security": null, "EventData_RuleName": "-", "EventData_UtcTime": "2023-09-27 07:08:16.061", "EventData_ProcessGuid": "{4557fbaa-d4e0-6513-c301-000000000e00}", "EventData_ProcessId": "1088", "EventData_Image": "E:\\Experiment\\Windows Hacker Attack Program\\5\\\u5feb\u901f\u542f\u52a8\u76ee\u5f55\\AutoRun_Startup_Test.exe", "EventData_ImageLoaded": "C:\\Windows\\SysWOW64\\kernel32.dll", "EventData_FileVersion": "10.0.19041.3393 (WinBuild.160101.0800)", "EventData_Description": "Windows NT BASE API Client DLL", "EventData_Product": "Microsoft\u00ae Windows\u00ae Operating System", "EventData_Company": "Microsoft Corporation", "EventData_OriginalFileName": "kernel32", "EventData_Hashes": "SHA1=FC0D954BB9AD52D42DC903EF44759146BE65ABDE,MD5=649EF39F36C135AA410F436DAA589170,SHA256=3AF795D5C12392644FBB2C8679DF175FDE29CC6F9528649740CFBEA8DE400BB1,IMPHASH=58DCACAD923A90146D5E12C8E2A29336", "EventData_Signed": "true", "EventData_Signature": "Microsoft Windows", "EventData_SignatureStatus": "Valid", "EventData_User": "DESKTOP-P5C3MUD\\user"}
{"Provider_Name": "Microsoft-Windows-Sysmon", "Provider_Guid": "{5770385f-c22a-43e0-bf4c-06f5698ffbd9}", "Provider": null, "EventID_Qualifiers": "", "EventID": "10", "Version": "3", "Level": "4", "Task": "10", "Opcode": "0", "Keywords": "0x8000000000000000", "TimeCreated_SystemTime": "2023-09-27 07:08:16.084044", "TimeCreated": null, "EventRecordID": "31623", "Correlation_ActivityID": "", "Correlation_RelatedActivityID": "", "Correlation": null, "Execution_ProcessID": "3368", "Execution_ThreadID": "3332", "Execution": null, "Channel": "Microsoft-Windows-Sysmon/Operational", "Computer": "DESKTOP-P5C3MUD", "Security_UserID": "S-1-5-18", "Security": null, "EventData_RuleName": "-", "EventData_UtcTime": "2023-09-27 07:08:16.076", "EventData_SourceProcessGUID": "{4557fbaa-ce2f-6513-0900-000000000e00}", "EventData_SourceProcessId": "600", "EventData_SourceThreadId": "628", "EventData_SourceImage": "C:\\Windows\\system32\\csrss.exe", "EventData_TargetProcessGUID": "{4557fbaa-d4e0-6513-c301-000000000e00}", "EventData_TargetProcessId": "1088", "EventData_TargetImage": "E:\\Experiment\\Windows Hacker Attack Program\\5\\\u5feb\u901f\u542f\u52a8\u76ee\u5f55\\AutoRun_Startup_Test.exe", "EventData_GrantedAccess": "0x001fffff", "EventData_CallTrace": "C:\\Windows\\SYSTEM32\\ntdll.dll+9df24|C:\\Windows\\SYSTEM32\\CSRSRV.dll+1451|C:\\Windows\\SYSTEM32\\CSRSRV.dll+69b7|C:\\Windows\\SYSTEM32\\ntdll.dll+526bf", "EventData_SourceUser": "NT AUTHORITY\\SYSTEM", "EventData_TargetUser": "DESKTOP-P5C3MUD\\user"}
{"Provider_Name": "Microsoft-Windows-Sysmon", "Provider_Guid": "{5770385f-c22a-43e0-bf4c-06f5698ffbd9}", "Provider": null, "EventID_Qualifiers": "", "EventID": "10", "Version": "3", "Level": "4", "Task": "10", "Opcode": "0", "Keywords": "0x8000000000000000", "TimeCreated_SystemTime": "2023-09-27 07:08:16.084553", "TimeCreated": null, "EventRecordID": "31624", "Correlation_ActivityID": "", "Correlation_RelatedActivityID": "", "Correlation": null, "Execution_ProcessID": "3368", "Execution_ThreadID": "3332", "Execution": null, "Channel": "Microsoft-Windows-Sysmon/Operational", "Computer": "DESKTOP-P5C3MUD", "Security_UserID": "S-1-5-18", "Security": null, "EventData_RuleName": "-", "EventData_UtcTime": "2023-09-27 07:08:16.076", "EventData_SourceProcessGUID": "{4557fbaa-cea9-6513-0a01-000000000e00}", "EventData_SourceProcessId": "8484", "EventData_SourceThreadId": "2384", "EventData_SourceImage": "C:\\Windows\\system32\\svchost.exe", "EventData_TargetProcessGUID": "{4557fbaa-d4e0-6513-c401-000000000e00}", "EventData_TargetProcessId": "3160", "EventData_TargetImage": "C:\\Windows\\system32\\conhost.exe", "EventData_GrantedAccess": "0x001fffff", "EventData_CallTrace": "C:\\Windows\\SYSTEM32\\ntdll.dll+9d314|C:\\Windows\\System32\\KERNELBASE.dll+308ee|c:\\windows\\system32\\pcasvc.dll+bd07|c:\\windows\\system32\\pcasvc.dll+cca6|c:\\windows\\system32\\pcasvc.dll+115ed|C:\\Windows\\System32\\KERNEL32.DLL+17344|C:\\Windows\\SYSTEM32\\ntdll.dll+526b1", "EventData_SourceUser": "NT AUTHORITY\\SYSTEM", "EventData_TargetUser": "DESKTOP-P5C3MUD\\user"}
{"Provider_Name": "Microsoft-Windows-Sysmon", "Provider_Guid": "{5770385f-c22a-43e0-bf4c-06f5698ffbd9}", "Provider": null, "EventID_Qualifiers": "", "EventID": "7", "Version": "3", "Level": "4", "Task": "7", "Opcode": "0", "Keywords": "0x8000000000000000", "TimeCreated_SystemTime": "2023-09-27 07:08:16.088829", "TimeCreated": null, "EventRecordID": "31625", "Correlation_ActivityID": "", "Correlation_RelatedActivityID": "", "Correlation": null, "Execution_ProcessID": "3368", "Execution_ThreadID": "888", "Execution": null, "Channel": "Microsoft-Windows-Sysmon/Operational", "Computer": "DESKTOP-P5C3MUD", "Security_UserID": "S-1-5-18", "Security": null, "EventData_RuleName": "-", "EventData_UtcTime": "2023-09-27 07:08:16.076", "EventData_ProcessGuid": "{4557fbaa-d4e0-6513-c301-000000000e00}", "EventData_ProcessId": "1088", "EventData_Image": "E:\\Experiment\\Windows Hacker Attack Program\\5\\\u5feb\u901f\u542f\u52a8\u76ee\u5f55\\AutoRun_Startup_Test.exe", "EventData_ImageLoaded": "C:\\Windows\\SysWOW64\\KernelBase.dll", "EventData_FileVersion": "10.0.19041.3448 (WinBuild.160101.0800)", "EventData_Description": "Windows NT BASE API Client DLL", "EventData_Product": "Microsoft\u00ae Windows\u00ae Operating System", "EventData_Company": "Microsoft Corporation", "EventData_OriginalFileName": "Kernelbase.dll", "EventData_Hashes": "SHA1=808C0FD5F176E63F836A15BDC9AA8B88A954F233,MD5=3F1A8BEFE4BA40CD5220FAD3EB8C1779,SHA256=7903849CBA0225BBA2449D0A8060D4B30CD15CA0AE1A0E89CAEA3CF157E6B7C2,IMPHASH=E3A1A46D2013C06F525DEB7AF0080C47", "EventData_Signed": "true", "EventData_Signature": "Microsoft Windows", "EventData_SignatureStatus": "Valid", "EventData_User": "DESKTOP-P5C3MUD\\user"}
{"Provider_Name": "Microsoft-Windows-Sysmon", "Provider_Guid": "{5770385f-c22a-43e0-bf4c-06f5698ffbd9}", "Provider": null, "EventID_Qualifiers": "", "EventID": "7", "Version": "3", "Level": "4", "Task": "7", "Opcode": "0", "Keywords": "0x8000000000000000", "TimeCreated_SystemTime": "2023-09-27 07:08:16.091669", "TimeCreated": null, "EventRecordID": "31626", "Correlation_ActivityID": "", "Correlation_RelatedActivityID": "", "Correlation": null, "Execution_ProcessID": "3368", "Execution_ThreadID": "3332", "Execution": null, "Channel": "Microsoft-Windows-Sysmon/Operational", "Computer": "DESKTOP-P5C3MUD", "Security_UserID": "S-1-5-18", "Security": null, "EventData_RuleName": "-", "EventData_UtcTime": "2023-09-27 07:08:16.076", "EventData_ProcessGuid": "{4557fbaa-d4e0-6513-c401-000000000e00}", "EventData_ProcessId": "3160", "EventData_Image": "C:\\Windows\\System32\\conhost.exe", "EventData_ImageLoaded": "C:\\Windows\\System32\\conhost.exe", "EventData_FileVersion": "10.0.19041.3393 (WinBuild.160101.0800)", "EventData_Description": "Console Window Host", "EventData_Product": "Microsoft\u00ae Windows\u00ae Operating System", "EventData_Company": "Microsoft Corporation", "EventData_OriginalFileName": "CONHOST.EXE", "EventData_Hashes": "SHA1=805D59ABED301A4A8219531544EDC1742207F8AD,MD5=7366FBEFE66BA0F1F5304F7D6FEF09FE,SHA256=5C7AA6C7D6CC9B7BF66B39BFBA334DE236EEFDD5E790545CED4C2E42600F8794,IMPHASH=0F64302D3280DE299F4C51A78746F606", "EventData_Signed": "true", "EventData_Signature": "Microsoft Windows", "EventData_SignatureStatus": "Valid", "EventData_User": "DESKTOP-P5C3MUD\\user"}
{"Provider_Name": "Microsoft-Windows-Sysmon", "Provider_Guid": "{5770385f-c22a-43e0-bf4c-06f5698ffbd9}", "Provider": null, "EventID_Qualifiers": "", "EventID": "7", "Version": "3", "Level": "4", "Task": "7", "Opcode": "0", "Keywords": "0x8000000000000000", "TimeCreated_SystemTime": "2023-09-27 07:08:16.091862", "TimeCreated": null, "EventRecordID": "31627", "Correlation_ActivityID": "", "Correlation_RelatedActivityID": "", "Correlation": null, "Execution_ProcessID": "3368", "Execution_ThreadID": "3332", "Execution": null, "Channel": "Microsoft-Windows-Sysmon/Operational", "Computer": "DESKTOP-P5C3MUD", "Security_UserID": "S-1-5-18", "Security": null, "EventData_RuleName": "-", "EventData_UtcTime": "2023-09-27 07:08:16.076", "EventData_ProcessGuid": "{4557fbaa-d4e0-6513-c401-000000000e00}", "EventData_ProcessId": "3160", "EventData_Image": "C:\\Windows\\System32\\conhost.exe", "EventData_ImageLoaded": "C:\\Windows\\System32\\ntdll.dll", "EventData_FileVersion": "10.0.19041.3393 (WinBuild.160101.0800)", "EventData_Description": "NT Layer DLL", "EventData_Product": "Microsoft\u00ae Windows\u00ae Operating System", "EventData_Company": "Microsoft Corporation", "EventData_OriginalFileName": "ntdll.dll", "EventData_Hashes": "SHA1=8047327CEFB24B1DFA5E1F4965FDB25C3E717642,MD5=62A8F85897022E08D1CCCB2C3AC6C8DE,SHA256=590E0BB26B4A24B0A787C7B8CACED643D8AECFE71140D1BD51A73D5D65B0AF94,IMPHASH=00000000000000000000000000000000", "EventData_Signed": "true", "EventData_Signature": "Microsoft Windows", "EventData_SignatureStatus": "Valid", "EventData_User": "DESKTOP-P5C3MUD\\user"}
{"Provider_Name": "Microsoft-Windows-Sysmon", "Provider_Guid": "{5770385f-c22a-43e0-bf4c-06f5698ffbd9}", "Provider": null, "EventID_Qualifiers": "", "EventID": "7", "Version": "3", "Level": "4", "Task": "7", "Opcode": "0", "Keywords": "0x8000000000000000", "TimeCreated_SystemTime": "2023-09-27 07:08:16.092592", "TimeCreated": null, "EventRecordID": "31628", "Correlation_ActivityID": "", "Correlation_RelatedActivityID": "", "Correlation": null, "Execution_ProcessID": "3368", "Execution_ThreadID": "3332", "Execution": null, "Channel": "Microsoft-Windows-Sysmon/Operational", "Computer": "DESKTOP-P5C3MUD", "Security_UserID": "S-1-5-18", "Security": null, "EventData_RuleName": "-", "EventData_UtcTime": "2023-09-27 07:08:16.092", "EventData_ProcessGuid": "{4557fbaa-d4e0-6513-c401-000000000e00}", "EventData_ProcessId": "3160", "EventData_Image": "C:\\Windows\\System32\\conhost.exe", "EventData_ImageLoaded": "C:\\Windows\\System32\\kernel32.dll", "EventData_FileVersion": "10.0.19041.3393 (WinBuild.160101.0800)", "EventData_Description": "Windows NT BASE API Client DLL", "EventData_Product": "Microsoft\u00ae Windows\u00ae Operating System", "EventData_Company": "Microsoft Corporation", "EventData_OriginalFileName": "kernel32", "EventData_Hashes": "SHA1=D57551055BD4E7644EDE2FFD76EAB966CD5612DA,MD5=D9DE98246BCB03964BBDBB4693B155DC,SHA256=C64B4EEFC2868E6E47E42254BDC7F3A817250E290C936E3C8AEF8720A8A8ED64,IMPHASH=F138C4A566A700DE3E7E024EE6C4D479", "EventData_Signed": "true", "EventData_Signature": "Microsoft Windows", "EventData_SignatureStatus": "Valid", "EventData_User": "DESKTOP-P5C3MUD\\user"}
{"Provider_Name": "Microsoft-Windows-Sysmon", "Provider_Guid": "{5770385f-c22a-43e0-bf4c-06f5698ffbd9}", "Provider": null, "EventID_Qualifiers": "", "EventID": "7", "Version": "3", "Level": "4", "Task": "7", "Opcode": "0", "Keywords": "0x8000000000000000", "TimeCreated_SystemTime": "2023-09-27 07:08:16.092869", "TimeCreated": null, "EventRecordID": "31629", "Correlation_ActivityID": "", "Correlation_RelatedActivityID": "", "Correlation": null, "Execution_ProcessID": "3368", "Execution_ThreadID": "3332", "Execution": null, "Channel": "Microsoft-Windows-Sysmon/Operational", "Computer": "DESKTOP-P5C3MUD", "Security_UserID": "S-1-5-18", "Security": null, "EventData_RuleName": "-", "EventData_UtcTime": "2023-09-27 07:08:16.092", "EventData_ProcessGuid": "{4557fbaa-d4e0-6513-c401-000000000e00}", "EventData_ProcessId": "3160", "EventData_Image": "C:\\Windows\\System32\\conhost.exe", "EventData_ImageLoaded": "C:\\Windows\\System32\\KernelBase.dll", "EventData_FileVersion": "10.0.19041.3393 (WinBuild.160101.0800)", "EventData_Description": "Windows NT BASE API Client DLL", "EventData_Product": "Microsoft\u00ae Windows\u00ae Operating System", "EventData_Company": "Microsoft Corporation", "EventData_OriginalFileName": "Kernelbase.dll", "EventData_Hashes": "SHA1=9FDB286060B8D6D293492A13575E6359604EEFE1,MD5=5B5BFC918C4AA0585969747B7FD6D404,SHA256=0FC2A2C20479C2D1A99468DD90D6B37E79CF4E9A1617F7ACC3FA116EAAF1E1B3,IMPHASH=0B3D9CDD2A78F1035F845B59D17F0420", "EventData_Signed": "true", "EventData_Signature": "Microsoft Windows", "EventData_SignatureStatus": "Valid", "EventData_User": "DESKTOP-P5C3MUD\\user"}
{"Provider_Name": "Microsoft-Windows-Sysmon", "Provider_Guid": "{5770385f-c22a-43e0-bf4c-06f5698ffbd9}", "Provider": null, "EventID_Qualifiers": "", "EventID": "10", "Version": "3", "Level": "4", "Task": "10", "Opcode": "0", "Keywords": "0x8000000000000000", "TimeCreated_SystemTime": "2023-09-27 07:08:16.093258", "TimeCreated": null, "EventRecordID": "31630", "Correlation_ActivityID": "", "Correlation_RelatedActivityID": "", "Correlation": null, "Execution_ProcessID": "3368", "Execution_ThreadID": "3332", "Execution": null, "Channel": "Microsoft-Windows-Sysmon/Operational", "Computer": "DESKTOP-P5C3MUD", "Security_UserID": "S-1-5-18", "Security": null, "EventData_RuleName": "-", "EventData_UtcTime": "2023-09-27 07:08:16.092", "EventData_SourceProcessGUID": "{4557fbaa-ce2f-6513-0900-000000000e00}", "EventData_SourceProcessId": "600", "EventData_SourceThreadId": "712", "EventData_SourceImage": "C:\\Windows\\system32\\csrss.exe", "EventData_TargetProcessGUID": "{4557fbaa-d4e0-6513-c401-000000000e00}", "EventData_TargetProcessId": "3160", "EventData_TargetImage": "C:\\Windows\\system32\\conhost.exe", "EventData_GrantedAccess": "0x001fffff", "EventData_CallTrace": "C:\\Windows\\SYSTEM32\\ntdll.dll+9df24|C:\\Windows\\SYSTEM32\\CSRSRV.dll+1451|C:\\Windows\\SYSTEM32\\CSRSRV.dll+69b7|C:\\Windows\\SYSTEM32\\ntdll.dll+526bf", "EventData_SourceUser": "NT AUTHORITY\\SYSTEM", "EventData_TargetUser": "DESKTOP-P5C3MUD\\user"}
{"Provider_Name": "Microsoft-Windows-Sysmon", "Provider_Guid": "{5770385f-c22a-43e0-bf4c-06f5698ffbd9}", "Provider": null, "EventID_Qualifiers": "", "EventID": "7", "Version": "3", "Level": "4", "Task": "7", "Opcode": "0", "Keywords": "0x8000000000000000", "TimeCreated_SystemTime": "2023-09-27 07:08:16.094051", "TimeCreated": null, "EventRecordID": "31631", "Correlation_ActivityID": "", "Correlation_RelatedActivityID": "", "Correlation": null, "Execution_ProcessID": "3368", "Execution_ThreadID": "3332", "Execution": null, "Channel": "Microsoft-Windows-Sysmon/Operational", "Computer": "DESKTOP-P5C3MUD", "Security_UserID": "S-1-5-18", "Security": null, "EventData_RuleName": "-", "EventData_UtcTime": "2023-09-27 07:08:16.092", "EventData_ProcessGuid": "{4557fbaa-d4e0-6513-c401-000000000e00}", "EventData_ProcessId": "3160", "EventData_Image": "C:\\Windows\\System32\\conhost.exe", "EventData_ImageLoaded": "C:\\Windows\\System32\\msvcp_win.dll", "EventData_FileVersion": "10.0.19041.789 (WinBuild.160101.0800)", "EventData_Description": "Microsoft\u00ae C Runtime Library", "EventData_Product": "Microsoft\u00ae Windows\u00ae Operating System", "EventData_Company": "Microsoft Corporation", "EventData_OriginalFileName": "msvcp_win.dll", "EventData_Hashes": "SHA1=09C6A238C7B2936207F261562079A327AA9FF34E,MD5=34692D0BDE33641B576C32165FBAAF6D,SHA256=FD1D0CC8A5AC8BF20AF9E1A7EC360DD76DC022DFE992556948DF1C17F7A714D2,IMPHASH=6395B9FE9663F603C53213439199897E", "EventData_Signed": "true", "EventData_Signature": "Microsoft Windows", "EventData_SignatureStatus": "Valid", "EventData_User": "DESKTOP-P5C3MUD\\user"}
{"Provider_Name": "Microsoft-Windows-Sysmon", "Provider_Guid": "{5770385f-c22a-43e0-bf4c-06f5698ffbd9}", "Provider": null, "EventID_Qualifiers": "", "EventID": "7", "Version": "3", "Level": "4", "Task": "7", "Opcode": "0", "Keywords": "0x8000000000000000", "TimeCreated_SystemTime": "2023-09-27 07:08:16.094231", "TimeCreated": null, "EventRecordID": "31632", "Correlation_ActivityID": "", "Correlation_RelatedActivityID": "", "Correlation": null, "Execution_ProcessID": "3368", "Execution_ThreadID": "3332", "Execution": null, "Channel": "Microsoft-Windows-Sysmon/Operational", "Computer": "DESKTOP-P5C3MUD", "Security_UserID": "S-1-5-18", "Security": null, "EventData_RuleName": "-", "EventData_UtcTime": "2023-09-27 07:08:16.092", "EventData_ProcessGuid": "{4557fbaa-d4e0-6513-c401-000000000e00}", "EventData_ProcessId": "3160", "EventData_Image": "C:\\Windows\\System32\\conhost.exe", "EventData_ImageLoaded": "C:\\Windows\\System32\\ucrtbase.dll", "EventData_FileVersion": "10.0.19041.789 (WinBuild.160101.0800)", "EventData_Description": "Microsoft\u00ae C Runtime Library", "EventData_Product": "Microsoft\u00ae Windows\u00ae Operating System", "EventData_Company": "Microsoft Corporation", "EventData_OriginalFileName": "ucrtbase.dll", "EventData_Hashes": "SHA1=E82945E3E63FFEF0974D6DD74F2AEF2BF6D0A908,MD5=2C8FE06966D5085A595FFA3C98FE3098,SHA256=DE8D08D01291DF93821314176381F3D1AE863E6C5584A7F8EA42F0B94B15EF65,IMPHASH=405CDE0FC80C30DCC3D783173DBD4143", "EventData_Signed": "true", "EventData_Signature": "Microsoft Windows", "EventData_SignatureStatus": "Valid", "EventData_User": "DESKTOP-P5C3MUD\\user"}
{"Provider_Name": "Microsoft-Windows-Sysmon", "Provider_Guid": "{5770385f-c22a-43e0-bf4c-06f5698ffbd9}", "Provider": null, "EventID_Qualifiers": "", "EventID": "7", "Version": "3", "Level": "4", "Task": "7", "Opcode": "0", "Keywords": "0x8000000000000000", "TimeCreated_SystemTime": "2023-09-27 07:08:16.094509", "TimeCreated": null, "EventRecordID": "31633", "Correlation_ActivityID": "", "Correlation_RelatedActivityID": "", "Correlation": null, "Execution_ProcessID": "3368", "Execution_ThreadID": "3332", "Execution": null, "Channel": "Microsoft-Windows-Sysmon/Operational", "Computer": "DESKTOP-P5C3MUD", "Security_UserID": "S-1-5-18", "Security": null, "EventData_RuleName": "-", "EventData_UtcTime": "2023-09-27 07:08:16.092", "EventData_ProcessGuid": "{4557fbaa-d4e0-6513-c401-000000000e00}", "EventData_ProcessId": "3160", "EventData_Image": "C:\\Windows\\System32\\conhost.exe", "EventData_ImageLoaded": "C:\\Windows\\System32\\SHCore.dll", "EventData_FileVersion": "10.0.19041.1865 (WinBuild.160101.0800)", "EventData_Description": "SHCORE", "EventData_Product": "Microsoft\u00ae Windows\u00ae Operating System", "EventData_Company": "Microsoft Corporation", "EventData_OriginalFileName": "SHCORE.dll", "EventData_Hashes": "SHA1=0C4F04988DAD09D944CD20E08C1922279AB8C860,MD5=230260C7B7C79E11EE1ED24C93AB5304,SHA256=030562A09391408D1A877951451A29A7BFFE3E88BF9DA9AF83E2ABC6A32B3EB2,IMPHASH=D9B433969ADEBDC1C4067380BB6D0D12", "EventData_Signed": "true", "EventData_Signature": "Microsoft Windows", "EventData_SignatureStatus": "Valid", "EventData_User": "DESKTOP-P5C3MUD\\user"}
{"Provider_Name": "Microsoft-Windows-Sysmon", "Provider_Guid": "{5770385f-c22a-43e0-bf4c-06f5698ffbd9}", "Provider": null, "EventID_Qualifiers": "", "EventID": "7", "Version": "3", "Level": "4", "Task": "7", "Opcode": "0", "Keywords": "0x8000000000000000", "TimeCreated_SystemTime": "2023-09-27 07:08:16.094713", "TimeCreated": null, "EventRecordID": "31634", "Correlation_ActivityID": "", "Correlation_RelatedActivityID": "", "Correlation": null, "Execution_ProcessID": "3368", "Execution_ThreadID": "3332", "Execution": null, "Channel": "Microsoft-Windows-Sysmon/Operational", "Computer": "DESKTOP-P5C3MUD", "Security_UserID": "S-1-5-18", "Security": null, "EventData_RuleName": "-", "EventData_UtcTime": "2023-09-27 07:08:16.092", "EventData_ProcessGuid": "{4557fbaa-d4e0-6513-c401-000000000e00}", "EventData_ProcessId": "3160", "EventData_Image": "C:\\Windows\\System32\\conhost.exe", "EventData_ImageLoaded": "C:\\Windows\\System32\\msvcrt.dll", "EventData_FileVersion": "7.0.19041.546 (WinBuild.160101.0800)", "EventData_Description": "Windows NT CRT DLL", "EventData_Product": "Microsoft\u00ae Windows\u00ae Operating System", "EventData_Company": "Microsoft Corporation", "EventData_OriginalFileName": "msvcrt.dll", "EventData_Hashes": "SHA1=5AFF4CFDEE689F127DF3C555281DC629D4D62318,MD5=A4F2D5942FB447CD48A5CEE414983E85,SHA256=DD7C8BC34CDBE30EF921395E874909BBF6BE53803822164F75F7207E9F085650,IMPHASH=1273683626EBBA703979F188A1E64237", "EventData_Signed": "true", "EventData_Signature": "Microsoft Windows", "EventData_SignatureStatus": "Valid", "EventData_User": "DESKTOP-P5C3MUD\\user"}
{"Provider_Name": "Microsoft-Windows-Sysmon", "Provider_Guid": "{5770385f-c22a-43e0-bf4c-06f5698ffbd9}", "Provider": null, "EventID_Qualifiers": "", "EventID": "7", "Version": "3", "Level": "4", "Task": "7", "Opcode": "0", "Keywords": "0x8000000000000000", "TimeCreated_SystemTime": "2023-09-27 07:08:16.094976", "TimeCreated": null, "EventRecordID": "31635", "Correlation_ActivityID": "", "Correlation_RelatedActivityID": "", "Correlation": null, "Execution_ProcessID": "3368", "Execution_ThreadID": "3332", "Execution": null, "Channel": "Microsoft-Windows-Sysmon/Operational", "Computer": "DESKTOP-P5C3MUD", "Security_UserID": "S-1-5-18", "Security": null, "EventData_RuleName": "-", "EventData_UtcTime": "2023-09-27 07:08:16.092", "EventData_ProcessGuid": "{4557fbaa-d4e0-6513-c401-000000000e00}", "EventData_ProcessId": "3160", "EventData_Image": "C:\\Windows\\System32\\conhost.exe", "EventData_ImageLoaded": "C:\\Windows\\System32\\combase.dll", "EventData_FileVersion": "10.0.19041.3393 (WinBuild.160101.0800)", "EventData_Description": "Microsoft COM for Windows", "EventData_Product": "Microsoft\u00ae Windows\u00ae Operating System", "EventData_Company": "Microsoft Corporation", "EventData_OriginalFileName": "COMBASE.DLL", "EventData_Hashes": "SHA1=D7DA6A2585718B5EA8626DB5F4DACEB9DBB03D28,MD5=E9DEDBD9FC590F4AA8ADFC8DCE488A1A,SHA256=2AD3B7F4A2FE88AEDEB1AE79B3778DCCF74608EAACB0ED42B79519EE6CB03885,IMPHASH=86D63FCC59A250884FAE714B325D53BF", "EventData_Signed": "true", "EventData_Signature": "Microsoft Windows", "EventData_SignatureStatus": "Valid", "EventData_User": "DESKTOP-P5C3MUD\\user"}
{"Provider_Name": "Microsoft-Windows-Sysmon", "Provider_Guid": "{5770385f-c22a-43e0-bf4c-06f5698ffbd9}", "Provider": null, "EventID_Qualifiers": "", "EventID": "7", "Version": "3", "Level": "4", "Task": "7", "Opcode": "0", "Keywords": "0x8000000000000000", "TimeCreated_SystemTime": "2023-09-27 07:08:16.095158", "TimeCreated": null, "EventRecordID": "31636", "Correlation_ActivityID": "", "Correlation_RelatedActivityID": "", "Correlation": null, "Execution_ProcessID": "3368", "Execution_ThreadID": "3332", "Execution": null, "Channel": "Microsoft-Windows-Sysmon/Operational", "Computer": "DESKTOP-P5C3MUD", "Security_UserID": "S-1-5-18", "Security": null, "EventData_RuleName": "-", "EventData_UtcTime": "2023-09-27 07:08:16.092", "EventData_ProcessGuid": "{4557fbaa-d4e0-6513-c401-000000000e00}", "EventData_ProcessId": "3160", "EventData_Image": "C:\\Windows\\System32\\conhost.exe", "EventData_ImageLoaded": "C:\\Windows\\System32\\rpcrt4.dll", "EventData_FileVersion": "10.0.19041.3448 (WinBuild.160101.0800)", "EventData_Description": "Remote Procedure Call Runtime", "EventData_Product": "Microsoft\u00ae Windows\u00ae Operating System", "EventData_Company": "Microsoft Corporation", "EventData_OriginalFileName": "rpcrt4.dll", "EventData_Hashes": "SHA1=6353D648B585C3FACA391B9E8D443B2A7CF78CDF,MD5=5A0FAC6E2991EFF83983A4F08384E962,SHA256=DA7DAC9F12A3DBCE66C0AF2EA3279DE5355B5001427820807E1273D6ED0678BA,IMPHASH=691FED08D927C769FAAC5041B85477B5", "EventData_Signed": "true", "EventData_Signature": "Microsoft Windows", "EventData_SignatureStatus": "Valid", "EventData_User": "DESKTOP-P5C3MUD\\user"}
{"Provider_Name": "Microsoft-Windows-Sysmon", "Provider_Guid": "{5770385f-c22a-43e0-bf4c-06f5698ffbd9}", "Provider": null, "EventID_Qualifiers": "", "EventID": "7", "Version": "3", "Level": "4", "Task": "7", "Opcode": "0", "Keywords": "0x8000000000000000", "TimeCreated_SystemTime": "2023-09-27 07:08:16.095476", "TimeCreated": null, "EventRecordID": "31637", "Correlation_ActivityID": "", "Correlation_RelatedActivityID": "", "Correlation": null, "Execution_ProcessID": "3368", "Execution_ThreadID": "3332", "Execution": null, "Channel": "Microsoft-Windows-Sysmon/Operational", "Computer": "DESKTOP-P5C3MUD", "Security_UserID": "S-1-5-18", "Security": null, "EventData_RuleName": "-", "EventData_UtcTime": "2023-09-27 07:08:16.092", "EventData_ProcessGuid": "{4557fbaa-d4e0-6513-c401-000000000e00}", "EventData_ProcessId": "3160", "EventData_Image": "C:\\Windows\\System32\\conhost.exe", "EventData_ImageLoaded": "C:\\Windows\\System32\\advapi32.dll", "EventData_FileVersion": "10.0.19041.3393 (WinBuild.160101.0800)", "EventData_Description": "Advanced Windows 32 Base API", "EventData_Product": "Microsoft\u00ae Windows\u00ae Operating System", "EventData_Company": "Microsoft Corporation", "EventData_OriginalFileName": "advapi32.dll", "EventData_Hashes": "SHA1=3489CD6055ED93368D2B2425E16B5EC8D217765E,MD5=D9EA51D6491617082AE6F68673211EBB,SHA256=3D927DE857F39B2953527100FF7B4AA507E959BF233D03B47299B19DE9755CB6,IMPHASH=06386997D444E0E8F791C29BE0E7A843", "EventData_Signed": "true", "EventData_Signature": "Microsoft Windows", "EventData_SignatureStatus": "Valid", "EventData_User": "DESKTOP-P5C3MUD\\user"}
