{"Provider_Name": "Microsoft-Windows-Sysmon", "Provider_Guid": "{5770385f-c22a-43e0-bf4c-06f5698ffbd9}", "Provider": null, "EventID_Qualifiers": "", "EventID": "7", "Version": "3", "Level": "4", "Task": "7", "Opcode": "0", "Keywords": "0x8000000000000000", "TimeCreated_SystemTime": "2023-09-27 07:08:11.824957", "TimeCreated": null, "EventRecordID": "31004", "Correlation_ActivityID": "", "Correlation_RelatedActivityID": "", "Correlation": null, "Execution_ProcessID": "3368", "Execution_ThreadID": "3332", "Execution": null, "Channel": "Microsoft-Windows-Sysmon/Operational", "Computer": "DESKTOP-P5C3MUD", "Security_UserID": "S-1-5-18", "Security": null, "EventData_RuleName": "-", "EventData_UtcTime": "2023-09-27 07:08:11.811", "EventData_ProcessGuid": "{4557fbaa-d4db-6513-c001-000000000e00}", "EventData_ProcessId": "4900", "EventData_Image": "C:\\Windows\\SysWOW64\\dllhost.exe", "EventData_ImageLoaded": "C:\\Windows\\SysWOW64\\wldp.dll", "EventData_FileVersion": "10.0.19041.3208 (WinBuild.160101.0800)", "EventData_Description": "Windows Lockdown Policy", "EventData_Product": "Microsoft\u00ae Windows\u00ae Operating System", "EventData_Company": "Microsoft Corporation", "EventData_OriginalFileName": "wldp.dll", "EventData_Hashes": "SHA1=ED5DC9EAEBF7DA28B441CCEBE2D643E9F9BBAD5A,MD5=841FEF896DA6602DC0A520E6F09B2F0C,SHA256=B0AE347B04037F0AE4EDE6616547C43ACD3F17EFF9D388779BAD261CB0637240,IMPHASH=99B6689EF11C269D31558670C853EC43", "EventData_Signed": "true", "EventData_Signature": "Microsoft Windows", "EventData_SignatureStatus": "Valid", "EventData_User": "DESKTOP-P5C3MUD\\user"}
{"Provider_Name": "Microsoft-Windows-Sysmon", "Provider_Guid": "{5770385f-c22a-43e0-bf4c-06f5698ffbd9}", "Provider": null, "EventID_Qualifiers": "", "EventID": "7", "Version": "3", "Level": "4", "Task": "7", "Opcode": "0", "Keywords": "0x8000000000000000", "TimeCreated_SystemTime": "2023-09-27 07:08:11.825228", "TimeCreated": null, "EventRecordID": "31005", "Correlation_ActivityID": "", "Correlation_RelatedActivityID": "", "Correlation": null, "Execution_ProcessID": "3368", "Execution_ThreadID": "3332", "Execution": null, "Channel": "Microsoft-Windows-Sysmon/Operational", "Computer": "DESKTOP-P5C3MUD", "Security_UserID": "S-1-5-18", "Security": null, "EventData_RuleName": "-", "EventData_UtcTime": "2023-09-27 07:08:11.811", "EventData_ProcessGuid": "{4557fbaa-d4db-6513-c001-000000000e00}", "EventData_ProcessId": "4900", "EventData_Image": "C:\\Windows\\SysWOW64\\dllhost.exe", "EventData_ImageLoaded": "C:\\Windows\\SysWOW64\\advapi32.dll", "EventData_FileVersion": "10.0.19041.3393 (WinBuild.160101.0800)", "EventData_Description": "Advanced Windows 32 Base API", "EventData_Product": "Microsoft\u00ae Windows\u00ae Operating System", "EventData_Company": "Microsoft Corporation", "EventData_OriginalFileName": "advapi32.dll", "EventData_Hashes": "SHA1=8AAD79A15A9A9DB4D315D8F7BC5D5FEA4203CA19,MD5=C479670B9CE1222FB7D086F38A86BC72,SHA256=45AF83A132CB37B6B9889A19813CCC61E96C3A21BB9DECBF99F6E804B11A884E,IMPHASH=B886D4EB85E07CE2A0E3D5AAE97C54C9", "EventData_Signed": "true", "EventData_Signature": "Microsoft Windows", "EventData_SignatureStatus": "Valid", "EventData_User": "DESKTOP-P5C3MUD\\user"}
{"Provider_Name": "Microsoft-Windows-Sysmon", "Provider_Guid": "{5770385f-c22a-43e0-bf4c-06f5698ffbd9}", "Provider": null, "EventID_Qualifiers": "", "EventID": "7", "Version": "3", "Level": "4", "Task": "7", "Opcode": "0", "Keywords": "0x8000000000000000", "TimeCreated_SystemTime": "2023-09-27 07:08:11.825911", "TimeCreated": null, "EventRecordID": "31006", "Correlation_ActivityID": "", "Correlation_RelatedActivityID": "", "Correlation": null, "Execution_ProcessID": "3368", "Execution_ThreadID": "3332", "Execution": null, "Channel": "Microsoft-Windows-Sysmon/Operational", "Computer": "DESKTOP-P5C3MUD", "Security_UserID": "S-1-5-18", "Security": null, "EventData_RuleName": "-", "EventData_UtcTime": "2023-09-27 07:08:11.811", "EventData_ProcessGuid": "{4557fbaa-d4db-6513-c001-000000000e00}", "EventData_ProcessId": "4900", "EventData_Image": "C:\\Windows\\SysWOW64\\dllhost.exe", "EventData_ImageLoaded": "C:\\Windows\\SysWOW64\\SHCore.dll", "EventData_FileVersion": "10.0.19041.1645 (WinBuild.160101.0800)", "EventData_Description": "SHCORE", "EventData_Product": "Microsoft\u00ae Windows\u00ae Operating System", "EventData_Company": "Microsoft Corporation", "EventData_OriginalFileName": "SHCORE.dll", "EventData_Hashes": "SHA1=250DBB0FBDA2BFB4E03AFCB4C07C22B4AF1EECD9,MD5=2CE82BD239A502E5317D78978FCE3671,SHA256=66B6F29A092AB5B20DB60BD19F27816022F1775526B8E8848A4033DB80CA316A,IMPHASH=0DDCDD6020D74CA7555FB0D07CFD262B", "EventData_Signed": "true", "EventData_Signature": "Microsoft Windows", "EventData_SignatureStatus": "Valid", "EventData_User": "DESKTOP-P5C3MUD\\user"}
{"Provider_Name": "Microsoft-Windows-Sysmon", "Provider_Guid": "{5770385f-c22a-43e0-bf4c-06f5698ffbd9}", "Provider": null, "EventID_Qualifiers": "", "EventID": "7", "Version": "3", "Level": "4", "Task": "7", "Opcode": "0", "Keywords": "0x8000000000000000", "TimeCreated_SystemTime": "2023-09-27 07:08:11.826996", "TimeCreated": null, "EventRecordID": "31007", "Correlation_ActivityID": "", "Correlation_RelatedActivityID": "", "Correlation": null, "Execution_ProcessID": "3368", "Execution_ThreadID": "3332", "Execution": null, "Channel": "Microsoft-Windows-Sysmon/Operational", "Computer": "DESKTOP-P5C3MUD", "Security_UserID": "S-1-5-18", "Security": null, "EventData_RuleName": "-", "EventData_UtcTime": "2023-09-27 07:08:11.811", "EventData_ProcessGuid": "{4557fbaa-d4db-6513-c001-000000000e00}", "EventData_ProcessId": "4900", "EventData_Image": "C:\\Windows\\SysWOW64\\dllhost.exe", "EventData_ImageLoaded": "C:\\Windows\\SysWOW64\\Windows.ApplicationModel.dll", "EventData_FileVersion": "10.0.19041.2364 (WinBuild.160101.0800)", "EventData_Description": "Windows ApplicationModel API Server", "EventData_Product": "Microsoft\u00ae Windows\u00ae Operating System", "EventData_Company": "Microsoft Corporation", "EventData_OriginalFileName": "Windows.ApplicationModel.dll", "EventData_Hashes": "SHA1=E69AE196645E35961ECC5CDAD13DBBBD180C9F81,MD5=A9618D20315C13646F4CE2BD239EBCD0,SHA256=903D7E4820D85DAEEFA25C06059502CA6ADBF64340653A3C54B4397AF8B24E56,IMPHASH=C7371173A5622D186E8DA127DFB6C6C3", "EventData_Signed": "true", "EventData_Signature": "Microsoft Windows", "EventData_SignatureStatus": "Valid", "EventData_User": "DESKTOP-P5C3MUD\\user"}
{"Provider_Name": "Microsoft-Windows-Sysmon", "Provider_Guid": "{5770385f-c22a-43e0-bf4c-06f5698ffbd9}", "Provider": null, "EventID_Qualifiers": "", "EventID": "7", "Version": "3", "Level": "4", "Task": "7", "Opcode": "0", "Keywords": "0x8000000000000000", "TimeCreated_SystemTime": "2023-09-27 07:08:11.827469", "TimeCreated": null, "EventRecordID": "31008", "Correlation_ActivityID": "", "Correlation_RelatedActivityID": "", "Correlation": null, "Execution_ProcessID": "3368", "Execution_ThreadID": "3332", "Execution": null, "Channel": "Microsoft-Windows-Sysmon/Operational", "Computer": "DESKTOP-P5C3MUD", "Security_UserID": "S-1-5-18", "Security": null, "EventData_RuleName": "-", "EventData_UtcTime": "2023-09-27 07:08:11.826", "EventData_ProcessGuid": "{4557fbaa-d4db-6513-c001-000000000e00}", "EventData_ProcessId": "4900", "EventData_Image": "C:\\Windows\\SysWOW64\\dllhost.exe", "EventData_ImageLoaded": "C:\\Windows\\SysWOW64\\twinapi.appcore.dll", "EventData_FileVersion": "10.0.19041.3031 (WinBuild.160101.0800)", "EventData_Description": "twinapi.appcore", "EventData_Product": "Microsoft\u00ae Windows\u00ae Operating System", "EventData_Company": "Microsoft Corporation", "EventData_OriginalFileName": "twinapi.appcore.dll", "EventData_Hashes": "SHA1=3465B86CBCB6BE55631B25BFB47FEAEEA88E2D86,MD5=FD4958077D088A8E5E6849AF22E244C5,SHA256=88968B60BF8FE5F012CFC9911AAC27B3263BC8568A35EBBD9F85CB49A3E698F2,IMPHASH=5E2EF6E4EC7558C15FFB99515604F524", "EventData_Signed": "true", "EventData_Signature": "Microsoft Windows", "EventData_SignatureStatus": "Valid", "EventData_User": "DESKTOP-P5C3MUD\\user"}
{"Provider_Name": "Microsoft-Windows-Sysmon", "Provider_Guid": "{5770385f-c22a-43e0-bf4c-06f5698ffbd9}", "Provider": null, "EventID_Qualifiers": "", "EventID": "7", "Version": "3", "Level": "4", "Task": "7", "Opcode": "0", "Keywords": "0x8000000000000000", "TimeCreated_SystemTime": "2023-09-27 07:08:11.829624", "TimeCreated": null, "EventRecordID": "31009", "Correlation_ActivityID": "", "Correlation_RelatedActivityID": "", "Correlation": null, "Execution_ProcessID": "3368", "Execution_ThreadID": "3332", "Execution": null, "Channel": "Microsoft-Windows-Sysmon/Operational", "Computer": "DESKTOP-P5C3MUD", "Security_UserID": "S-1-5-18", "Security": null, "EventData_RuleName": "-", "EventData_UtcTime": "2023-09-27 07:08:11.826", "EventData_ProcessGuid": "{4557fbaa-d4db-6513-c001-000000000e00}", "EventData_ProcessId": "4900", "EventData_Image": "C:\\Windows\\SysWOW64\\dllhost.exe", "EventData_ImageLoaded": "C:\\Windows\\SysWOW64\\cfgmgr32.dll", "EventData_FileVersion": "10.0.19041.3155 (WinBuild.160101.0800)", "EventData_Description": "Configuration Manager DLL", "EventData_Product": "Microsoft\u00ae Windows\u00ae Operating System", "EventData_Company": "Microsoft Corporation", "EventData_OriginalFileName": "CFGMGR32.DLL", "EventData_Hashes": "SHA1=D760C1DFEFFD27A12D3447436B05548E4552AB3C,MD5=8A498D2293869B08D138888AFB6699BE,SHA256=98F86DABDE48B74BDC48118AA727DDE25C8A6EA7369D843692DD4281C22892CF,IMPHASH=BCAE3553D731BEB07A0959D30F946975", "EventData_Signed": "true", "EventData_Signature": "Microsoft Windows", "EventData_SignatureStatus": "Valid", "EventData_User": "DESKTOP-P5C3MUD\\user"}
{"Provider_Name": "Microsoft-Windows-Sysmon", "Provider_Guid": "{5770385f-c22a-43e0-bf4c-06f5698ffbd9}", "Provider": null, "EventID_Qualifiers": "", "EventID": "7", "Version": "3", "Level": "4", "Task": "7", "Opcode": "0", "Keywords": "0x8000000000000000", "TimeCreated_SystemTime": "2023-09-27 07:08:11.831278", "TimeCreated": null, "EventRecordID": "31010", "Correlation_ActivityID": "", "Correlation_RelatedActivityID": "", "Correlation": null, "Execution_ProcessID": "3368", "Execution_ThreadID": "3332", "Execution": null, "Channel": "Microsoft-Windows-Sysmon/Operational", "Computer": "DESKTOP-P5C3MUD", "Security_UserID": "S-1-5-18", "Security": null, "EventData_RuleName": "-", "EventData_UtcTime": "2023-09-27 07:08:11.826", "EventData_ProcessGuid": "{4557fbaa-d4db-6513-c001-000000000e00}", "EventData_ProcessId": "4900", "EventData_Image": "C:\\Windows\\SysWOW64\\dllhost.exe", "EventData_ImageLoaded": "C:\\Windows\\SysWOW64\\propsys.dll", "EventData_FileVersion": "7.0.19041.1741 (WinBuild.160101.0800)", "EventData_Description": "Microsoft Property System", "EventData_Product": "Windows\u00ae Search", "EventData_Company": "Microsoft Corporation", "EventData_OriginalFileName": "propsys.dll", "EventData_Hashes": "SHA1=4C2EEB5581205EA2D8780FC87C9CD6C0F6B76B33,MD5=D0BE9998E409F4A9F626B32C920F7D0E,SHA256=E6C98E01CFAA30E063691A5A5ED1726B26E885DDB6DCE3ABED909C6DE893D20E,IMPHASH=26A7DB6941B6A1B05BD62D9DA1B5C3A2", "EventData_Signed": "true", "EventData_Signature": "Microsoft Windows", "EventData_SignatureStatus": "Valid", "EventData_User": "DESKTOP-P5C3MUD\\user"}
{"Provider_Name": "Microsoft-Windows-Sysmon", "Provider_Guid": "{5770385f-c22a-43e0-bf4c-06f5698ffbd9}", "Provider": null, "EventID_Qualifiers": "", "EventID": "7", "Version": "3", "Level": "4", "Task": "7", "Opcode": "0", "Keywords": "0x8000000000000000", "TimeCreated_SystemTime": "2023-09-27 07:08:11.835453", "TimeCreated": null, "EventRecordID": "31011", "Correlation_ActivityID": "", "Correlation_RelatedActivityID": "", "Correlation": null, "Execution_ProcessID": "3368", "Execution_ThreadID": "3332", "Execution": null, "Channel": "Microsoft-Windows-Sysmon/Operational", "Computer": "DESKTOP-P5C3MUD", "Security_UserID": "S-1-5-18", "Security": null, "EventData_RuleName": "-", "EventData_UtcTime": "2023-09-27 07:08:11.826", "EventData_ProcessGuid": "{4557fbaa-d4db-6513-c001-000000000e00}", "EventData_ProcessId": "4900", "EventData_Image": "C:\\Windows\\SysWOW64\\dllhost.exe", "EventData_ImageLoaded": "C:\\Windows\\SysWOW64\\profapi.dll", "EventData_FileVersion": "10.0.19041.3155 (WinBuild.160101.0800)", "EventData_Description": "User Profile Basic API", "EventData_Product": "Microsoft\u00ae Windows\u00ae Operating System", "EventData_Company": "Microsoft Corporation", "EventData_OriginalFileName": "PROFAPI.DLL", "EventData_Hashes": "SHA1=A65F97117ABBA896D9976235E889BC0B51F894F9,MD5=138BE4F918828D5F07097355AED511E2,SHA256=351A99B44BF2135F4839BC38811F1EBF036381637C13BD380505B39E9AC50B61,IMPHASH=9316C5657859E2CD478276DF8244B5E4", "EventData_Signed": "true", "EventData_Signature": "Microsoft Windows", "EventData_SignatureStatus": "Valid", "EventData_User": "DESKTOP-P5C3MUD\\user"}
{"Provider_Name": "Microsoft-Windows-Sysmon", "Provider_Guid": "{5770385f-c22a-43e0-bf4c-06f5698ffbd9}", "Provider": null, "EventID_Qualifiers": "", "EventID": "7", "Version": "3", "Level": "4", "Task": "7", "Opcode": "0", "Keywords": "0x8000000000000000", "TimeCreated_SystemTime": "2023-09-27 07:08:11.838211", "TimeCreated": null, "EventRecordID": "31012", "Correlation_ActivityID": "", "Correlation_RelatedActivityID": "", "Correlation": null, "Execution_ProcessID": "3368", "Execution_ThreadID": "3332", "Execution": null, "Channel": "Microsoft-Windows-Sysmon/Operational", "Computer": "DESKTOP-P5C3MUD", "Security_UserID": "S-1-5-18", "Security": null, "EventData_RuleName": "-", "EventData_UtcTime": "2023-09-27 07:08:11.826", "EventData_ProcessGuid": "{4557fbaa-d4db-6513-c001-000000000e00}", "EventData_ProcessId": "4900", "EventData_Image": "C:\\Windows\\SysWOW64\\dllhost.exe", "EventData_ImageLoaded": "C:\\Windows\\SysWOW64\\shell32.dll", "EventData_FileVersion": "10.0.19041.3393 (WinBuild.160101.0800)", "EventData_Description": "Windows Shell Common Dll", "EventData_Product": "Microsoft\u00ae Windows\u00ae Operating System", "EventData_Company": "Microsoft Corporation", "EventData_OriginalFileName": "SHELL32.DLL", "EventData_Hashes": "SHA1=FEBB7C39E3A366BF321C430048CDF72C28C8B239,MD5=0C8D8A8B7906D6D3D4329C32AED1AA3B,SHA256=9A28B4012F7414BF0B83777DC981E677F745551650162A2C7565282F473E2F2F,IMPHASH=A1273ACC273AF4BC96E78AD08F05FCEF", "EventData_Signed": "true", "EventData_Signature": "Microsoft Windows", "EventData_SignatureStatus": "Valid", "EventData_User": "DESKTOP-P5C3MUD\\user"}
{"Provider_Name": "Microsoft-Windows-Sysmon", "Provider_Guid": "{5770385f-c22a-43e0-bf4c-06f5698ffbd9}", "Provider": null, "EventID_Qualifiers": "", "EventID": "7", "Version": "3", "Level": "4", "Task": "7", "Opcode": "0", "Keywords": "0x8000000000000000", "TimeCreated_SystemTime": "2023-09-27 07:08:11.841827", "TimeCreated": null, "EventRecordID": "31013", "Correlation_ActivityID": "", "Correlation_RelatedActivityID": "", "Correlation": null, "Execution_ProcessID": "3368", "Execution_ThreadID": "3332", "Execution": null, "Channel": "Microsoft-Windows-Sysmon/Operational", "Computer": "DESKTOP-P5C3MUD", "Security_UserID": "S-1-5-18", "Security": null, "EventData_RuleName": "-", "EventData_UtcTime": "2023-09-27 07:08:11.826", "EventData_ProcessGuid": "{4557fbaa-d4db-6513-c001-000000000e00}", "EventData_ProcessId": "4900", "EventData_Image": "C:\\Windows\\SysWOW64\\dllhost.exe", "EventData_ImageLoaded": "C:\\Windows\\SysWOW64\\mssprxy.dll", "EventData_FileVersion": "7.0.19041.3155 (WinBuild.160101.0800)", "EventData_Description": "Microsoft Search Proxy", "EventData_Product": "Windows\u00ae Search", "EventData_Company": "Microsoft Corporation", "EventData_OriginalFileName": "mssprxy.dll", "EventData_Hashes": "SHA1=635A2CF19B3F430BF884941D06913E10A736CE98,MD5=703AC2D0D2D50465B0FC7B87E51BBD43,SHA256=14CCA61AB095C4F8AB7E3EF84383E8036FEE3E4BA670207E5833B539F8FE750B,IMPHASH=569CCC44531DDCCB4124392AE58EE234", "EventData_Signed": "true", "EventData_Signature": "Microsoft Windows", "EventData_SignatureStatus": "Valid", "EventData_User": "DESKTOP-P5C3MUD\\user"}
{"Provider_Name": "Microsoft-Windows-Sysmon", "Provider_Guid": "{5770385f-c22a-43e0-bf4c-06f5698ffbd9}", "Provider": null, "EventID_Qualifiers": "", "EventID": "12", "Version": "2", "Level": "4", "Task": "12", "Opcode": "0", "Keywords": "0x8000000000000000", "TimeCreated_SystemTime": "2023-09-27 07:08:11.842384", "TimeCreated": null, "EventRecordID": "31014", "Correlation_ActivityID": "", "Correlation_RelatedActivityID": "", "Correlation": null, "Execution_ProcessID": "3368", "Execution_ThreadID": "3332", "Execution": null, "Channel": "Microsoft-Windows-Sysmon/Operational", "Computer": "DESKTOP-P5C3MUD", "Security_UserID": "S-1-5-18", "Security": null, "EventData_RuleName": "-", "EventData_EventType": "CreateKey", "EventData_UtcTime": "2023-09-27 07:08:11.826", "EventData_ProcessGuid": "{4557fbaa-ce39-6513-8e00-000000000e00}", "EventData_ProcessId": "340", "EventData_Image": "C:\\Windows\\system32\\SearchIndexer.exe", "EventData_TargetObject": "HKLM\\SOFTWARE\\Microsoft\\Windows Search\\CrawlScopeManager\\Windows\\SystemIndex", "EventData_User": "NT AUTHORITY\\SYSTEM"}
{"Provider_Name": "Microsoft-Windows-Sysmon", "Provider_Guid": "{5770385f-c22a-43e0-bf4c-06f5698ffbd9}", "Provider": null, "EventID_Qualifiers": "", "EventID": "12", "Version": "2", "Level": "4", "Task": "12", "Opcode": "0", "Keywords": "0x8000000000000000", "TimeCreated_SystemTime": "2023-09-27 07:08:11.842449", "TimeCreated": null, "EventRecordID": "31015", "Correlation_ActivityID": "", "Correlation_RelatedActivityID": "", "Correlation": null, "Execution_ProcessID": "3368", "Execution_ThreadID": "3332", "Execution": null, "Channel": "Microsoft-Windows-Sysmon/Operational", "Computer": "DESKTOP-P5C3MUD", "Security_UserID": "S-1-5-18", "Security": null, "EventData_RuleName": "-", "EventData_EventType": "CreateKey", "EventData_UtcTime": "2023-09-27 07:08:11.826", "EventData_ProcessGuid": "{4557fbaa-ce39-6513-8e00-000000000e00}", "EventData_ProcessId": "340", "EventData_Image": "C:\\Windows\\system32\\SearchIndexer.exe", "EventData_TargetObject": "HKLM\\SOFTWARE\\Microsoft\\Windows Search\\CrawlScopeManager\\Windows\\SystemIndex", "EventData_User": "NT AUTHORITY\\SYSTEM"}
{"Provider_Name": "Microsoft-Windows-Sysmon", "Provider_Guid": "{5770385f-c22a-43e0-bf4c-06f5698ffbd9}", "Provider": null, "EventID_Qualifiers": "", "EventID": "12", "Version": "2", "Level": "4", "Task": "12", "Opcode": "0", "Keywords": "0x8000000000000000", "TimeCreated_SystemTime": "2023-09-27 07:08:11.842882", "TimeCreated": null, "EventRecordID": "31016", "Correlation_ActivityID": "", "Correlation_RelatedActivityID": "", "Correlation": null, "Execution_ProcessID": "3368", "Execution_ThreadID": "3332", "Execution": null, "Channel": "Microsoft-Windows-Sysmon/Operational", "Computer": "DESKTOP-P5C3MUD", "Security_UserID": "S-1-5-18", "Security": null, "EventData_RuleName": "-", "EventData_EventType": "CreateKey", "EventData_UtcTime": "2023-09-27 07:08:11.842", "EventData_ProcessGuid": "{4557fbaa-ce39-6513-8e00-000000000e00}", "EventData_ProcessId": "340", "EventData_Image": "C:\\Windows\\system32\\SearchIndexer.exe", "EventData_TargetObject": "HKLM\\SOFTWARE\\Microsoft\\Windows Search\\CrawlScopeManager\\Windows\\SystemIndex", "EventData_User": "NT AUTHORITY\\SYSTEM"}
{"Provider_Name": "Microsoft-Windows-Sysmon", "Provider_Guid": "{5770385f-c22a-43e0-bf4c-06f5698ffbd9}", "Provider": null, "EventID_Qualifiers": "", "EventID": "12", "Version": "2", "Level": "4", "Task": "12", "Opcode": "0", "Keywords": "0x8000000000000000", "TimeCreated_SystemTime": "2023-09-27 07:08:11.849808", "TimeCreated": null, "EventRecordID": "31017", "Correlation_ActivityID": "", "Correlation_RelatedActivityID": "", "Correlation": null, "Execution_ProcessID": "3368", "Execution_ThreadID": "3332", "Execution": null, "Channel": "Microsoft-Windows-Sysmon/Operational", "Computer": "DESKTOP-P5C3MUD", "Security_UserID": "S-1-5-18", "Security": null, "EventData_RuleName": "-", "EventData_EventType": "CreateKey", "EventData_UtcTime": "2023-09-27 07:08:11.842", "EventData_ProcessGuid": "{4557fbaa-ce38-6513-8800-000000000e00}", "EventData_ProcessId": "5556", "EventData_Image": "C:\\Windows\\Explorer.EXE", "EventData_TargetObject": "HKU\\S-1-5-21-2994737283-653069417-2221972583-1001\\SOFTWARE\\Microsoft\\Windows\\CurrentVersion\\Explorer", "EventData_User": "DESKTOP-P5C3MUD\\user"}
{"Provider_Name": "Microsoft-Windows-Sysmon", "Provider_Guid": "{5770385f-c22a-43e0-bf4c-06f5698ffbd9}", "Provider": null, "EventID_Qualifiers": "", "EventID": "13", "Version": "2", "Level": "4", "Task": "13", "Opcode": "0", "Keywords": "0x8000000000000000", "TimeCreated_SystemTime": "2023-09-27 07:08:11.849844", "TimeCreated": null, "EventRecordID": "31018", "Correlation_ActivityID": "", "Correlation_RelatedActivityID": "", "Correlation": null, "Execution_ProcessID": "3368", "Execution_ThreadID": "3332", "Execution": null, "Channel": "Microsoft-Windows-Sysmon/Operational", "Computer": "DESKTOP-P5C3MUD", "Security_UserID": "S-1-5-18", "Security": null, "EventData_RuleName": "-", "EventData_EventType": "SetValue", "EventData_UtcTime": "2023-09-27 07:08:11.842", "EventData_ProcessGuid": "{4557fbaa-ce38-6513-8800-000000000e00}", "EventData_ProcessId": "5556", "EventData_Image": "C:\\Windows\\Explorer.EXE", "EventData_TargetObject": "HKU\\S-1-5-21-2994737283-653069417-2221972583-1001\\SOFTWARE\\Microsoft\\Windows\\CurrentVersion\\Explorer\\SlowContextMenuEntries", "EventData_Details": "Binary Data", "EventData_User": "DESKTOP-P5C3MUD\\user"}
{"Provider_Name": "Microsoft-Windows-Sysmon", "Provider_Guid": "{5770385f-c22a-43e0-bf4c-06f5698ffbd9}", "Provider": null, "EventID_Qualifiers": "", "EventID": "12", "Version": "2", "Level": "4", "Task": "12", "Opcode": "0", "Keywords": "0x8000000000000000", "TimeCreated_SystemTime": "2023-09-27 07:08:11.967768", "TimeCreated": null, "EventRecordID": "31019", "Correlation_ActivityID": "", "Correlation_RelatedActivityID": "", "Correlation": null, "Execution_ProcessID": "3368", "Execution_ThreadID": "3332", "Execution": null, "Channel": "Microsoft-Windows-Sysmon/Operational", "Computer": "DESKTOP-P5C3MUD", "Security_UserID": "S-1-5-18", "Security": null, "EventData_RuleName": "-", "EventData_EventType": "CreateKey", "EventData_UtcTime": "2023-09-27 07:08:11.967", "EventData_ProcessGuid": "{4557fbaa-cf9a-6513-3401-000000000e00}", "EventData_ProcessId": "10248", "EventData_Image": "E:\\Software\\Microsoft Visual Studio\\Common7\\IDE\\devenv.exe", "EventData_TargetObject": "HKU\\S-1-5-21-2994737283-653069417-2221972583-1001\\SOFTWARE\\Microsoft\\VSCommon\\17.0\\SQM\\PIDs\\10248", "EventData_User": "DESKTOP-P5C3MUD\\user"}
{"Provider_Name": "Microsoft-Windows-Sysmon", "Provider_Guid": "{5770385f-c22a-43e0-bf4c-06f5698ffbd9}", "Provider": null, "EventID_Qualifiers": "", "EventID": "13", "Version": "2", "Level": "4", "Task": "13", "Opcode": "0", "Keywords": "0x8000000000000000", "TimeCreated_SystemTime": "2023-09-27 07:08:11.967821", "TimeCreated": null, "EventRecordID": "31020", "Correlation_ActivityID": "", "Correlation_RelatedActivityID": "", "Correlation": null, "Execution_ProcessID": "3368", "Execution_ThreadID": "3332", "Execution": null, "Channel": "Microsoft-Windows-Sysmon/Operational", "Computer": "DESKTOP-P5C3MUD", "Security_UserID": "S-1-5-18", "Security": null, "EventData_RuleName": "-", "EventData_EventType": "SetValue", "EventData_UtcTime": "2023-09-27 07:08:11.967", "EventData_ProcessGuid": "{4557fbaa-cf9a-6513-3401-000000000e00}", "EventData_ProcessId": "10248", "EventData_Image": "E:\\Software\\Microsoft Visual Studio\\Common7\\IDE\\devenv.exe", "EventData_TargetObject": "HKU\\S-1-5-21-2994737283-653069417-2221972583-1001\\SOFTWARE\\Microsoft\\VSCommon\\17.0\\SQM\\PIDs\\10248\\DebuggerPresent", "EventData_Details": "DWORD (0x00000000)", "EventData_User": "DESKTOP-P5C3MUD\\user"}
{"Provider_Name": "Microsoft-Windows-Sysmon", "Provider_Guid": "{5770385f-c22a-43e0-bf4c-06f5698ffbd9}", "Provider": null, "EventID_Qualifiers": "", "EventID": "13", "Version": "2", "Level": "4", "Task": "13", "Opcode": "0", "Keywords": "0x8000000000000000", "TimeCreated_SystemTime": "2023-09-27 07:08:12.452250", "TimeCreated": null, "EventRecordID": "31021", "Correlation_ActivityID": "", "Correlation_RelatedActivityID": "", "Correlation": null, "Execution_ProcessID": "3368", "Execution_ThreadID": "3332", "Execution": null, "Channel": "Microsoft-Windows-Sysmon/Operational", "Computer": "DESKTOP-P5C3MUD", "Security_UserID": "S-1-5-18", "Security": null, "EventData_RuleName": "-", "EventData_EventType": "SetValue", "EventData_UtcTime": "2023-09-27 07:08:12.451", "EventData_ProcessGuid": "{4557fbaa-ce38-6513-8800-000000000e00}", "EventData_ProcessId": "5556", "EventData_Image": "C:\\Windows\\Explorer.EXE", "EventData_TargetObject": "HKU\\S-1-5-21-2994737283-653069417-2221972583-1001\\SOFTWARE\\Microsoft\\Windows\\CurrentVersion\\Explorer\\UserAssist\\{CEBFF5CD-ACE2-4F4F-9178-9926F41749EA}\\Count\\Zvpebfbsg.Jvaqbjf.Rkcybere", "EventData_Details": "Binary Data", "EventData_User": "DESKTOP-P5C3MUD\\user"}
{"Provider_Name": "Microsoft-Windows-Sysmon", "Provider_Guid": "{5770385f-c22a-43e0-bf4c-06f5698ffbd9}", "Provider": null, "EventID_Qualifiers": "", "EventID": "13", "Version": "2", "Level": "4", "Task": "13", "Opcode": "0", "Keywords": "0x8000000000000000", "TimeCreated_SystemTime": "2023-09-27 07:08:12.452316", "TimeCreated": null, "EventRecordID": "31022", "Correlation_ActivityID": "", "Correlation_RelatedActivityID": "", "Correlation": null, "Execution_ProcessID": "3368", "Execution_ThreadID": "3332", "Execution": null, "Channel": "Microsoft-Windows-Sysmon/Operational", "Computer": "DESKTOP-P5C3MUD", "Security_UserID": "S-1-5-18", "Security": null, "EventData_RuleName": "-", "EventData_EventType": "SetValue", "EventData_UtcTime": "2023-09-27 07:08:12.451", "EventData_ProcessGuid": "{4557fbaa-ce38-6513-8800-000000000e00}", "EventData_ProcessId": "5556", "EventData_Image": "C:\\Windows\\Explorer.EXE", "EventData_TargetObject": "HKU\\S-1-5-21-2994737283-653069417-2221972583-1001\\SOFTWARE\\Microsoft\\Windows\\CurrentVersion\\Explorer\\UserAssist\\{CEBFF5CD-ACE2-4F4F-9178-9926F41749EA}\\Count\\HRZR_PGYFRFFVBA", "EventData_Details": "Binary Data", "EventData_User": "DESKTOP-P5C3MUD\\user"}
{"Provider_Name": "Microsoft-Windows-Sysmon", "Provider_Guid": "{5770385f-c22a-43e0-bf4c-06f5698ffbd9}", "Provider": null, "EventID_Qualifiers": "", "EventID": "7", "Version": "3", "Level": "4", "Task": "7", "Opcode": "0", "Keywords": "0x8000000000000000", "TimeCreated_SystemTime": "2023-09-27 07:08:13.039804", "TimeCreated": null, "EventRecordID": "31023", "Correlation_ActivityID": "", "Correlation_RelatedActivityID": "", "Correlation": null, "Execution_ProcessID": "3368", "Execution_ThreadID": "3332", "Execution": null, "Channel": "Microsoft-Windows-Sysmon/Operational", "Computer": "DESKTOP-P5C3MUD", "Security_UserID": "S-1-5-18", "Security": null, "EventData_RuleName": "-", "EventData_UtcTime": "2023-09-27 07:08:13.029", "EventData_ProcessGuid": "{4557fbaa-ce38-6513-8800-000000000e00}", "EventData_ProcessId": "5556", "EventData_Image": "C:\\Windows\\explorer.exe", "EventData_ImageLoaded": "C:\\Windows\\System32\\smartscreenps.dll", "EventData_FileVersion": "10.0.19041.3031 (WinBuild.160101.0800)", "EventData_Description": "SmartScreenPS", "EventData_Product": "Microsoft\u00ae Windows\u00ae Operating System", "EventData_Company": "Microsoft Corporation", "EventData_OriginalFileName": "smartscreenps.dll", "EventData_Hashes": "SHA1=9257EA7B967563CA874342B3F4BD0ED4ABF8FEC9,MD5=8928ABAFAFDAA93B880FBB17649B7ACC,SHA256=387966C235ABE2C5591FF69DAD06725CDD48AE12161747111104C41671C4E737,IMPHASH=A9FF74C54E6030B03CA31F5BE2988772", "EventData_Signed": "true", "EventData_Signature": "Microsoft Windows", "EventData_SignatureStatus": "Valid", "EventData_User": "DESKTOP-P5C3MUD\\user"}
{"Provider_Name": "Microsoft-Windows-Sysmon", "Provider_Guid": "{5770385f-c22a-43e0-bf4c-06f5698ffbd9}", "Provider": null, "EventID_Qualifiers": "", "EventID": "13", "Version": "2", "Level": "4", "Task": "13", "Opcode": "0", "Keywords": "0x8000000000000000", "TimeCreated_SystemTime": "2023-09-27 07:08:13.043562", "TimeCreated": null, "EventRecordID": "31024", "Correlation_ActivityID": "", "Correlation_RelatedActivityID": "", "Correlation": null, "Execution_ProcessID": "3368", "Execution_ThreadID": "3332", "Execution": null, "Channel": "Microsoft-Windows-Sysmon/Operational", "Computer": "DESKTOP-P5C3MUD", "Security_UserID": "S-1-5-18", "Security": null, "EventData_RuleName": "-", "EventData_EventType": "SetValue", "EventData_UtcTime": "2023-09-27 07:08:13.029", "EventData_ProcessGuid": "{4557fbaa-ce38-6513-8800-000000000e00}", "EventData_ProcessId": "5556", "EventData_Image": "C:\\Windows\\Explorer.EXE", "EventData_TargetObject": "HKU\\S-1-5-21-2994737283-653069417-2221972583-1001\\SOFTWARE\\Microsoft\\Windows\\CurrentVersion\\Explorer\\UserAssist\\{CEBFF5CD-ACE2-4F4F-9178-9926F41749EA}\\Count\\R:\\Rkcrevzrag\\Jvaqbjf Unpxre Nggnpx Cebtenz\\5\\\u5feb\u901f\u542f\u52a8\u76ee\u5f55\\NhgbEha_Fgneghc_Grfg.rkr", "EventData_Details": "Binary Data", "EventData_User": "DESKTOP-P5C3MUD\\user"}
{"Provider_Name": "Microsoft-Windows-Sysmon", "Provider_Guid": "{5770385f-c22a-43e0-bf4c-06f5698ffbd9}", "Provider": null, "EventID_Qualifiers": "", "EventID": "13", "Version": "2", "Level": "4", "Task": "13", "Opcode": "0", "Keywords": "0x8000000000000000", "TimeCreated_SystemTime": "2023-09-27 07:08:13.043594", "TimeCreated": null, "EventRecordID": "31025", "Correlation_ActivityID": "", "Correlation_RelatedActivityID": "", "Correlation": null, "Execution_ProcessID": "3368", "Execution_ThreadID": "3332", "Execution": null, "Channel": "Microsoft-Windows-Sysmon/Operational", "Computer": "DESKTOP-P5C3MUD", "Security_UserID": "S-1-5-18", "Security": null, "EventData_RuleName": "-", "EventData_EventType": "SetValue", "EventData_UtcTime": "2023-09-27 07:08:13.029", "EventData_ProcessGuid": "{4557fbaa-ce38-6513-8800-000000000e00}", "EventData_ProcessId": "5556", "EventData_Image": "C:\\Windows\\Explorer.EXE", "EventData_TargetObject": "HKU\\S-1-5-21-2994737283-653069417-2221972583-1001\\SOFTWARE\\Microsoft\\Windows\\CurrentVersion\\Explorer\\UserAssist\\{CEBFF5CD-ACE2-4F4F-9178-9926F41749EA}\\Count\\HRZR_PGYFRFFVBA", "EventData_Details": "Binary Data", "EventData_User": "DESKTOP-P5C3MUD\\user"}
{"Provider_Name": "Microsoft-Windows-Sysmon", "Provider_Guid": "{5770385f-c22a-43e0-bf4c-06f5698ffbd9}", "Provider": null, "EventID_Qualifiers": "", "EventID": "10", "Version": "3", "Level": "4", "Task": "10", "Opcode": "0", "Keywords": "0x8000000000000000", "TimeCreated_SystemTime": "2023-09-27 07:08:13.044096", "TimeCreated": null, "EventRecordID": "31026", "Correlation_ActivityID": "", "Correlation_RelatedActivityID": "", "Correlation": null, "Execution_ProcessID": "3368", "Execution_ThreadID": "3332", "Execution": null, "Channel": "Microsoft-Windows-Sysmon/Operational", "Computer": "DESKTOP-P5C3MUD", "Security_UserID": "S-1-5-18", "Security": null, "EventData_RuleName": "-", "EventData_UtcTime": "2023-09-27 07:08:13.029", "EventData_SourceProcessGUID": "{4557fbaa-ce55-6513-c700-000000000e00}", "EventData_SourceProcessId": "10168", "EventData_SourceThreadId": "4956", "EventData_SourceImage": "C:\\Windows\\system32\\svchost.exe", "EventData_TargetProcessGUID": "{4557fbaa-ce38-6513-8800-000000000e00}", "EventData_TargetProcessId": "5556", "EventData_TargetImage": "C:\\Windows\\Explorer.EXE", "EventData_GrantedAccess": "0x001014c0", "EventData_CallTrace": "C:\\Windows\\SYSTEM32\\ntdll.dll+9d314|c:\\windows\\system32\\appinfo.dll+6189|C:\\Windows\\System32\\RPCRT4.dll+7b4b3|C:\\Windows\\System32\\RPCRT4.dll+dc5ea|C:\\Windows\\System32\\RPCRT4.dll+59188|C:\\Windows\\System32\\RPCRT4.dll+3a3a6|C:\\Windows\\System32\\RPCRT4.dll+39fd6|C:\\Windows\\System32\\RPCRT4.dll+4730f|C:\\Windows\\System32\\RPCRT4.dll+468c8|C:\\Windows\\System32\\RPCRT4.dll+45eb1|C:\\Windows\\System32\\RPCRT4.dll+4591e|C:\\Windows\\System32\\RPCRT4.dll+4a032|C:\\Windows\\SYSTEM32\\ntdll.dll+20330|C:\\Windows\\SYSTEM32\\ntdll.dll+52f86|C:\\Windows\\System32\\KERNEL32.DLL+17344|C:\\Windows\\SYSTEM32\\ntdll.dll+526b1", "EventData_SourceUser": "NT AUTHORITY\\SYSTEM", "EventData_TargetUser": "DESKTOP-P5C3MUD\\user"}
{"Provider_Name": "Microsoft-Windows-Sysmon", "Provider_Guid": "{5770385f-c22a-43e0-bf4c-06f5698ffbd9}", "Provider": null, "EventID_Qualifiers": "", "EventID": "13", "Version": "2", "Level": "4", "Task": "13", "Opcode": "0", "Keywords": "0x8000000000000000", "TimeCreated_SystemTime": "2023-09-27 07:08:13.047348", "TimeCreated": null, "EventRecordID": "31027", "Correlation_ActivityID": "", "Correlation_RelatedActivityID": "", "Correlation": null, "Execution_ProcessID": "3368", "Execution_ThreadID": "3332", "Execution": null, "Channel": "Microsoft-Windows-Sysmon/Operational", "Computer": "DESKTOP-P5C3MUD", "Security_UserID": "S-1-5-18", "Security": null, "EventData_RuleName": "-", "EventData_EventType": "SetValue", "EventData_UtcTime": "2023-09-27 07:08:13.045", "EventData_ProcessGuid": "{4557fbaa-ce55-6513-c700-000000000e00}", "EventData_ProcessId": "10168", "EventData_Image": "C:\\Windows\\system32\\svchost.exe", "EventData_TargetObject": "HKLM\\System\\CurrentControlSet\\Services\\bam\\State\\UserSettings\\S-1-5-18\\\\Device\\HarddiskVolume3\\Windows\\System32\\consent.exe", "EventData_Details": "Binary Data", "EventData_User": "NT AUTHORITY\\SYSTEM"}
{"Provider_Name": "Microsoft-Windows-Sysmon", "Provider_Guid": "{5770385f-c22a-43e0-bf4c-06f5698ffbd9}", "Provider": null, "EventID_Qualifiers": "", "EventID": "1", "Version": "5", "Level": "4", "Task": "1", "Opcode": "0", "Keywords": "0x8000000000000000", "TimeCreated_SystemTime": "2023-09-27 07:08:13.048843", "TimeCreated": null, "EventRecordID": "31028", "Correlation_ActivityID": "", "Correlation_RelatedActivityID": "", "Correlation": null, "Execution_ProcessID": "3368", "Execution_ThreadID": "3332", "Execution": null, "Channel": "Microsoft-Windows-Sysmon/Operational", "Computer": "DESKTOP-P5C3MUD", "Security_UserID": "S-1-5-18", "Security": null, "EventData_RuleName": "-", "EventData_UtcTime": "2023-09-27 07:08:13.045", "EventData_ProcessGuid": "{4557fbaa-d4dd-6513-c101-000000000e00}", "EventData_ProcessId": "4724", "EventData_Image": "C:\\Windows\\System32\\consent.exe", "EventData_FileVersion": "10.0.19041.1865 (WinBuild.160101.0800)", "EventData_Description": "Consent UI for administrative applications", "EventData_Product": "Microsoft\u00ae Windows\u00ae Operating System", "EventData_Company": "Microsoft Corporation", "EventData_OriginalFileName": "consent.exe", "EventData_CommandLine": "consent.exe 10168 588 000001FD320BACA0", "EventData_CurrentDirectory": "C:\\Windows\\system32\\", "EventData_User": "NT AUTHORITY\\SYSTEM", "EventData_LogonGuid": "{4557fbaa-ce2f-6513-e703-000000000000}", "EventData_LogonId": "0x00000000000003e7", "EventData_TerminalSessionId": "1", "EventData_IntegrityLevel": "System", "EventData_Hashes": "SHA1=F766665736B999B6D5F641DDBF145D028329D91E,MD5=DD5032EF160209E470E2612A8A3D5F59,SHA256=7FF00DE6D57E83E0A3D566935C7557F11F9B12270529582987FF14EE65502EA6,IMPHASH=7001337914CFB426620F508E54CDF72F", "EventData_ParentProcessGuid": "{4557fbaa-ce55-6513-c700-000000000e00}", "EventData_ParentProcessId": "10168", "EventData_ParentImage": "C:\\Windows\\System32\\svchost.exe", "EventData_ParentCommandLine": "C:\\Windows\\system32\\svchost.exe -k netsvcs -p -s Appinfo", "EventData_ParentUser": "NT AUTHORITY\\SYSTEM"}
{"Provider_Name": "Microsoft-Windows-Sysmon", "Provider_Guid": "{5770385f-c22a-43e0-bf4c-06f5698ffbd9}", "Provider": null, "EventID_Qualifiers": "", "EventID": "10", "Version": "3", "Level": "4", "Task": "10", "Opcode": "0", "Keywords": "0x8000000000000000", "TimeCreated_SystemTime": "2023-09-27 07:08:13.048883", "TimeCreated": null, "EventRecordID": "31029", "Correlation_ActivityID": "", "Correlation_RelatedActivityID": "", "Correlation": null, "Execution_ProcessID": "3368", "Execution_ThreadID": "3332", "Execution": null, "Channel": "Microsoft-Windows-Sysmon/Operational", "Computer": "DESKTOP-P5C3MUD", "Security_UserID": "S-1-5-18", "Security": null, "EventData_RuleName": "-", "EventData_UtcTime": "2023-09-27 07:08:13.045", "EventData_SourceProcessGUID": "{4557fbaa-ce55-6513-c700-000000000e00}", "EventData_SourceProcessId": "10168", "EventData_SourceThreadId": "4956", "EventData_SourceImage": "C:\\Windows\\system32\\svchost.exe", "EventData_TargetProcessGUID": "{4557fbaa-d4dd-6513-c101-000000000e00}", "EventData_TargetProcessId": "4724", "EventData_TargetImage": "C:\\Windows\\system32\\consent.exe", "EventData_GrantedAccess": "0x001fffff", "EventData_CallTrace": "C:\\Windows\\SYSTEM32\\ntdll.dll+9e764|C:\\Windows\\System32\\KERNELBASE.dll+5b473|C:\\Windows\\System32\\KERNELBASE.dll+58a03|C:\\Windows\\System32\\KERNEL32.DLL+1de30|c:\\windows\\system32\\appinfo.dll+526b|c:\\windows\\system32\\appinfo.dll+789d|c:\\windows\\system32\\appinfo.dll+71e3|c:\\windows\\system32\\appinfo.dll+6882|C:\\Windows\\System32\\RPCRT4.dll+7b4b3|C:\\Windows\\System32\\RPCRT4.dll+dc5ea|C:\\Windows\\System32\\RPCRT4.dll+59188|C:\\Windows\\System32\\RPCRT4.dll+3a3a6|C:\\Windows\\System32\\RPCRT4.dll+39fd6|C:\\Windows\\System32\\RPCRT4.dll+4730f|C:\\Windows\\System32\\RPCRT4.dll+468c8|C:\\Windows\\System32\\RPCRT4.dll+45eb1|C:\\Windows\\System32\\RPCRT4.dll+4591e|C:\\Windows\\System32\\RPCRT4.dll+4a032|C:\\Windows\\SYSTEM32\\ntdll.dll+20330|C:\\Windows\\SYSTEM32\\ntdll.dll+52f86|C:\\Windows\\System32\\KERNEL32.DLL+17344|C:\\Windows\\SYSTEM32\\ntdll.dll+526b1", "EventData_SourceUser": "NT AUTHORITY\\SYSTEM", "EventData_TargetUser": "NT AUTHORITY\\SYSTEM"}
{"Provider_Name": "Microsoft-Windows-Sysmon", "Provider_Guid": "{5770385f-c22a-43e0-bf4c-06f5698ffbd9}", "Provider": null, "EventID_Qualifiers": "", "EventID": "10", "Version": "3", "Level": "4", "Task": "10", "Opcode": "0", "Keywords": "0x8000000000000000", "TimeCreated_SystemTime": "2023-09-27 07:08:13.048903", "TimeCreated": null, "EventRecordID": "31030", "Correlation_ActivityID": "", "Correlation_RelatedActivityID": "", "Correlation": null, "Execution_ProcessID": "3368", "Execution_ThreadID": "3332", "Execution": null, "Channel": "Microsoft-Windows-Sysmon/Operational", "Computer": "DESKTOP-P5C3MUD", "Security_UserID": "S-1-5-18", "Security": null, "EventData_RuleName": "-", "EventData_UtcTime": "2023-09-27 07:08:13.045", "EventData_SourceProcessGUID": "{4557fbaa-ce2d-6513-0600-000000000e00}", "EventData_SourceProcessId": "500", "EventData_SourceThreadId": "3192", "EventData_SourceImage": "C:\\Windows\\system32\\csrss.exe", "EventData_TargetProcessGUID": "{4557fbaa-d4dd-6513-c101-000000000e00}", "EventData_TargetProcessId": "4724", "EventData_TargetImage": "C:\\Windows\\system32\\consent.exe", "EventData_GrantedAccess": "0x001fffff", "EventData_CallTrace": "C:\\Windows\\SYSTEM32\\ntdll.dll+9d314|C:\\Windows\\system32\\basesrv.DLL+326f|C:\\Windows\\SYSTEM32\\CSRSRV.dll+6490|C:\\Windows\\SYSTEM32\\ntdll.dll+526bf", "EventData_SourceUser": "NT AUTHORITY\\SYSTEM", "EventData_TargetUser": "NT AUTHORITY\\SYSTEM"}
{"Provider_Name": "Microsoft-Windows-Sysmon", "Provider_Guid": "{5770385f-c22a-43e0-bf4c-06f5698ffbd9}", "Provider": null, "EventID_Qualifiers": "", "EventID": "7", "Version": "3", "Level": "4", "Task": "7", "Opcode": "0", "Keywords": "0x8000000000000000", "TimeCreated_SystemTime": "2023-09-27 07:08:13.049383", "TimeCreated": null, "EventRecordID": "31031", "Correlation_ActivityID": "", "Correlation_RelatedActivityID": "", "Correlation": null, "Execution_ProcessID": "3368", "Execution_ThreadID": "3332", "Execution": null, "Channel": "Microsoft-Windows-Sysmon/Operational", "Computer": "DESKTOP-P5C3MUD", "Security_UserID": "S-1-5-18", "Security": null, "EventData_RuleName": "-", "EventData_UtcTime": "2023-09-27 07:08:13.045", "EventData_ProcessGuid": "{4557fbaa-d4dd-6513-c101-000000000e00}", "EventData_ProcessId": "4724", "EventData_Image": "C:\\Windows\\System32\\consent.exe", "EventData_ImageLoaded": "C:\\Windows\\System32\\ntdll.dll", "EventData_FileVersion": "10.0.19041.3393 (WinBuild.160101.0800)", "EventData_Description": "NT Layer DLL", "EventData_Product": "Microsoft\u00ae Windows\u00ae Operating System", "EventData_Company": "Microsoft Corporation", "EventData_OriginalFileName": "ntdll.dll", "EventData_Hashes": "SHA1=8047327CEFB24B1DFA5E1F4965FDB25C3E717642,MD5=62A8F85897022E08D1CCCB2C3AC6C8DE,SHA256=590E0BB26B4A24B0A787C7B8CACED643D8AECFE71140D1BD51A73D5D65B0AF94,IMPHASH=00000000000000000000000000000000", "EventData_Signed": "true", "EventData_Signature": "Microsoft Windows", "EventData_SignatureStatus": "Valid", "EventData_User": "NT AUTHORITY\\SYSTEM"}
{"Provider_Name": "Microsoft-Windows-Sysmon", "Provider_Guid": "{5770385f-c22a-43e0-bf4c-06f5698ffbd9}", "Provider": null, "EventID_Qualifiers": "", "EventID": "9", "Version": "2", "Level": "4", "Task": "9", "Opcode": "0", "Keywords": "0x8000000000000000", "TimeCreated_SystemTime": "2023-09-27 07:08:13.049936", "TimeCreated": null, "EventRecordID": "31032", "Correlation_ActivityID": "", "Correlation_RelatedActivityID": "", "Correlation": null, "Execution_ProcessID": "3368", "Execution_ThreadID": "3332", "Execution": null, "Channel": "Microsoft-Windows-Sysmon/Operational", "Computer": "DESKTOP-P5C3MUD", "Security_UserID": "S-1-5-18", "Security": null, "EventData_RuleName": "-", "EventData_UtcTime": "2023-09-27 07:08:13.045", "EventData_ProcessGuid": "{4557fbaa-ce24-6513-eb03-000000000000}", "EventData_ProcessId": "4", "EventData_Image": "System", "EventData_Device": "\\Device\\HarddiskVolume3", "EventData_User": "NT AUTHORITY\\SYSTEM"}
{"Provider_Name": "Microsoft-Windows-Sysmon", "Provider_Guid": "{5770385f-c22a-43e0-bf4c-06f5698ffbd9}", "Provider": null, "EventID_Qualifiers": "", "EventID": "9", "Version": "2", "Level": "4", "Task": "9", "Opcode": "0", "Keywords": "0x8000000000000000", "TimeCreated_SystemTime": "2023-09-27 07:08:13.050014", "TimeCreated": null, "EventRecordID": "31033", "Correlation_ActivityID": "", "Correlation_RelatedActivityID": "", "Correlation": null, "Execution_ProcessID": "3368", "Execution_ThreadID": "3332", "Execution": null, "Channel": "Microsoft-Windows-Sysmon/Operational", "Computer": "DESKTOP-P5C3MUD", "Security_UserID": "S-1-5-18", "Security": null, "EventData_RuleName": "-", "EventData_UtcTime": "2023-09-27 07:08:13.045", "EventData_ProcessGuid": "{4557fbaa-ce24-6513-eb03-000000000000}", "EventData_ProcessId": "4", "EventData_Image": "System", "EventData_Device": "\\Device\\HarddiskVolume6", "EventData_User": "NT AUTHORITY\\SYSTEM"}
{"Provider_Name": "Microsoft-Windows-Sysmon", "Provider_Guid": "{5770385f-c22a-43e0-bf4c-06f5698ffbd9}", "Provider": null, "EventID_Qualifiers": "", "EventID": "9", "Version": "2", "Level": "4", "Task": "9", "Opcode": "0", "Keywords": "0x8000000000000000", "TimeCreated_SystemTime": "2023-09-27 07:08:13.050051", "TimeCreated": null, "EventRecordID": "31034", "Correlation_ActivityID": "", "Correlation_RelatedActivityID": "", "Correlation": null, "Execution_ProcessID": "3368", "Execution_ThreadID": "3332", "Execution": null, "Channel": "Microsoft-Windows-Sysmon/Operational", "Computer": "DESKTOP-P5C3MUD", "Security_UserID": "S-1-5-18", "Security": null, "EventData_RuleName": "-", "EventData_UtcTime": "2023-09-27 07:08:13.045", "EventData_ProcessGuid": "{4557fbaa-ce24-6513-eb03-000000000000}", "EventData_ProcessId": "4", "EventData_Image": "System", "EventData_Device": "\\Device\\HarddiskVolume4", "EventData_User": "NT AUTHORITY\\SYSTEM"}
{"Provider_Name": "Microsoft-Windows-Sysmon", "Provider_Guid": "{5770385f-c22a-43e0-bf4c-06f5698ffbd9}", "Provider": null, "EventID_Qualifiers": "", "EventID": "9", "Version": "2", "Level": "4", "Task": "9", "Opcode": "0", "Keywords": "0x8000000000000000", "TimeCreated_SystemTime": "2023-09-27 07:08:13.050106", "TimeCreated": null, "EventRecordID": "31035", "Correlation_ActivityID": "", "Correlation_RelatedActivityID": "", "Correlation": null, "Execution_ProcessID": "3368", "Execution_ThreadID": "3332", "Execution": null, "Channel": "Microsoft-Windows-Sysmon/Operational", "Computer": "DESKTOP-P5C3MUD", "Security_UserID": "S-1-5-18", "Security": null, "EventData_RuleName": "-", "EventData_UtcTime": "2023-09-27 07:08:13.045", "EventData_ProcessGuid": "{4557fbaa-ce24-6513-eb03-000000000000}", "EventData_ProcessId": "4", "EventData_Image": "System", "EventData_Device": "\\Device\\HarddiskVolume1", "EventData_User": "NT AUTHORITY\\SYSTEM"}
{"Provider_Name": "Microsoft-Windows-Sysmon", "Provider_Guid": "{5770385f-c22a-43e0-bf4c-06f5698ffbd9}", "Provider": null, "EventID_Qualifiers": "", "EventID": "7", "Version": "3", "Level": "4", "Task": "7", "Opcode": "0", "Keywords": "0x8000000000000000", "TimeCreated_SystemTime": "2023-09-27 07:08:13.052229", "TimeCreated": null, "EventRecordID": "31036", "Correlation_ActivityID": "", "Correlation_RelatedActivityID": "", "Correlation": null, "Execution_ProcessID": "3368", "Execution_ThreadID": "888", "Execution": null, "Channel": "Microsoft-Windows-Sysmon/Operational", "Computer": "DESKTOP-P5C3MUD", "Security_UserID": "S-1-5-18", "Security": null, "EventData_RuleName": "-", "EventData_UtcTime": "2023-09-27 07:08:13.045", "EventData_ProcessGuid": "{4557fbaa-d4dd-6513-c101-000000000e00}", "EventData_ProcessId": "4724", "EventData_Image": "C:\\Windows\\System32\\consent.exe", "EventData_ImageLoaded": "C:\\Windows\\System32\\consent.exe", "EventData_FileVersion": "10.0.19041.1865 (WinBuild.160101.0800)", "EventData_Description": "Consent UI for administrative applications", "EventData_Product": "Microsoft\u00ae Windows\u00ae Operating System", "EventData_Company": "Microsoft Corporation", "EventData_OriginalFileName": "consent.exe", "EventData_Hashes": "SHA1=F766665736B999B6D5F641DDBF145D028329D91E,MD5=DD5032EF160209E470E2612A8A3D5F59,SHA256=7FF00DE6D57E83E0A3D566935C7557F11F9B12270529582987FF14EE65502EA6,IMPHASH=7001337914CFB426620F508E54CDF72F", "EventData_Signed": "true", "EventData_Signature": "Microsoft Windows", "EventData_SignatureStatus": "Valid", "EventData_User": "NT AUTHORITY\\SYSTEM"}
{"Provider_Name": "Microsoft-Windows-Sysmon", "Provider_Guid": "{5770385f-c22a-43e0-bf4c-06f5698ffbd9}", "Provider": null, "EventID_Qualifiers": "", "EventID": "7", "Version": "3", "Level": "4", "Task": "7", "Opcode": "0", "Keywords": "0x8000000000000000", "TimeCreated_SystemTime": "2023-09-27 07:08:13.060492", "TimeCreated": null, "EventRecordID": "31037", "Correlation_ActivityID": "", "Correlation_RelatedActivityID": "", "Correlation": null, "Execution_ProcessID": "3368", "Execution_ThreadID": "3332", "Execution": null, "Channel": "Microsoft-Windows-Sysmon/Operational", "Computer": "DESKTOP-P5C3MUD", "Security_UserID": "S-1-5-18", "Security": null, "EventData_RuleName": "-", "EventData_UtcTime": "2023-09-27 07:08:13.045", "EventData_ProcessGuid": "{4557fbaa-d4dd-6513-c101-000000000e00}", "EventData_ProcessId": "4724", "EventData_Image": "C:\\Windows\\System32\\consent.exe", "EventData_ImageLoaded": "C:\\Windows\\System32\\kernel32.dll", "EventData_FileVersion": "10.0.19041.3393 (WinBuild.160101.0800)", "EventData_Description": "Windows NT BASE API Client DLL", "EventData_Product": "Microsoft\u00ae Windows\u00ae Operating System", "EventData_Company": "Microsoft Corporation", "EventData_OriginalFileName": "kernel32", "EventData_Hashes": "SHA1=D57551055BD4E7644EDE2FFD76EAB966CD5612DA,MD5=D9DE98246BCB03964BBDBB4693B155DC,SHA256=C64B4EEFC2868E6E47E42254BDC7F3A817250E290C936E3C8AEF8720A8A8ED64,IMPHASH=F138C4A566A700DE3E7E024EE6C4D479", "EventData_Signed": "true", "EventData_Signature": "Microsoft Windows", "EventData_SignatureStatus": "Valid", "EventData_User": "NT AUTHORITY\\SYSTEM"}
{"Provider_Name": "Microsoft-Windows-Sysmon", "Provider_Guid": "{5770385f-c22a-43e0-bf4c-06f5698ffbd9}", "Provider": null, "EventID_Qualifiers": "", "EventID": "7", "Version": "3", "Level": "4", "Task": "7", "Opcode": "0", "Keywords": "0x8000000000000000", "TimeCreated_SystemTime": "2023-09-27 07:08:13.060686", "TimeCreated": null, "EventRecordID": "31038", "Correlation_ActivityID": "", "Correlation_RelatedActivityID": "", "Correlation": null, "Execution_ProcessID": "3368", "Execution_ThreadID": "3332", "Execution": null, "Channel": "Microsoft-Windows-Sysmon/Operational", "Computer": "DESKTOP-P5C3MUD", "Security_UserID": "S-1-5-18", "Security": null, "EventData_RuleName": "-", "EventData_UtcTime": "2023-09-27 07:08:13.045", "EventData_ProcessGuid": "{4557fbaa-d4dd-6513-c101-000000000e00}", "EventData_ProcessId": "4724", "EventData_Image": "C:\\Windows\\System32\\consent.exe", "EventData_ImageLoaded": "C:\\Windows\\System32\\KernelBase.dll", "EventData_FileVersion": "10.0.19041.3393 (WinBuild.160101.0800)", "EventData_Description": "Windows NT BASE API Client DLL", "EventData_Product": "Microsoft\u00ae Windows\u00ae Operating System", "EventData_Company": "Microsoft Corporation", "EventData_OriginalFileName": "Kernelbase.dll", "EventData_Hashes": "SHA1=9FDB286060B8D6D293492A13575E6359604EEFE1,MD5=5B5BFC918C4AA0585969747B7FD6D404,SHA256=0FC2A2C20479C2D1A99468DD90D6B37E79CF4E9A1617F7ACC3FA116EAAF1E1B3,IMPHASH=0B3D9CDD2A78F1035F845B59D17F0420", "EventData_Signed": "true", "EventData_Signature": "Microsoft Windows", "EventData_SignatureStatus": "Valid", "EventData_User": "NT AUTHORITY\\SYSTEM"}
