{"Provider_Name": "Microsoft-Windows-Sysmon", "Provider_Guid": "{5770385f-c22a-43e0-bf4c-06f5698ffbd9}", "Provider": null, "EventID_Qualifiers": "", "EventID": "10", "Version": "3", "Level": "4", "Task": "10", "Opcode": "0", "Keywords": "0x8000000000000000", "TimeCreated_SystemTime": "2023-09-27 06:51:00.017408", "TimeCreated": null, "EventRecordID": "30777", "Correlation_ActivityID": "", "Correlation_RelatedActivityID": "", "Correlation": null, "Execution_ProcessID": "3368", "Execution_ThreadID": "3332", "Execution": null, "Channel": "Microsoft-Windows-Sysmon/Operational", "Computer": "DESKTOP-P5C3MUD", "Security_UserID": "S-1-5-18", "Security": null, "EventData_RuleName": "-", "EventData_UtcTime": "2023-09-27 06:51:00.014", "EventData_SourceProcessGUID": "{4557fbaa-ce2f-6513-1100-000000000e00}", "EventData_SourceProcessId": "432", "EventData_SourceThreadId": "6308", "EventData_SourceImage": "C:\\Windows\\system32\\svchost.exe", "EventData_TargetProcessGUID": "{4557fbaa-ce2f-6513-1500-000000000e00}", "EventData_TargetProcessId": "1080", "EventData_TargetImage": "C:\\Windows\\System32\\svchost.exe", "EventData_GrantedAccess": "0x00000040", "EventData_CallTrace": "C:\\Windows\\SYSTEM32\\ntdll.dll+9d314|C:\\Windows\\System32\\KERNELBASE.dll+308ee|c:\\windows\\system32\\lsm.dll+1b139|C:\\Windows\\System32\\RPCRT4.dll+7b4b3|C:\\Windows\\System32\\RPCRT4.dll+de77b|C:\\Windows\\System32\\RPCRT4.dll+1d479|C:\\Windows\\System32\\combase.dll+b5f00|C:\\Windows\\System32\\combase.dll+8bad3|C:\\Windows\\System32\\combase.dll+8b85e|C:\\Windows\\System32\\combase.dll+baaa6|C:\\Windows\\System32\\combase.dll+31283|C:\\Windows\\System32\\combase.dll+b133d|C:\\Windows\\System32\\combase.dll+25036|C:\\Windows\\System32\\combase.dll+fb8cc|C:\\Windows\\System32\\combase.dll+26ff9|C:\\Windows\\System32\\RPCRT4.dll+59188|C:\\Windows\\System32\\RPCRT4.dll+3a3a6|C:\\Windows\\System32\\RPCRT4.dll+39fd6|C:\\Windows\\System32\\RPCRT4.dll+4730f|C:\\Windows\\System32\\RPCRT4.dll+468c8|C:\\Windows\\System32\\RPCRT4.dll+45eb1|C:\\Windows\\System32\\RPCRT4.dll+4591e|C:\\Windows\\System32\\RPCRT4.dll+4a032|C:\\Windows\\SYSTEM32\\ntdll.dll+20330", "EventData_SourceUser": "NT AUTHORITY\\SYSTEM", "EventData_TargetUser": "NT AUTHORITY\\NETWORK SERVICE"}
{"Provider_Name": "Microsoft-Windows-Sysmon", "Provider_Guid": "{5770385f-c22a-43e0-bf4c-06f5698ffbd9}", "Provider": null, "EventID_Qualifiers": "", "EventID": "12", "Version": "2", "Level": "4", "Task": "12", "Opcode": "0", "Keywords": "0x8000000000000000", "TimeCreated_SystemTime": "2023-09-27 06:51:00.017925", "TimeCreated": null, "EventRecordID": "30778", "Correlation_ActivityID": "", "Correlation_RelatedActivityID": "", "Correlation": null, "Execution_ProcessID": "3368", "Execution_ThreadID": "3332", "Execution": null, "Channel": "Microsoft-Windows-Sysmon/Operational", "Computer": "DESKTOP-P5C3MUD", "Security_UserID": "S-1-5-18", "Security": null, "EventData_RuleName": "-", "EventData_EventType": "CreateKey", "EventData_UtcTime": "2023-09-27 06:51:00.014", "EventData_ProcessGuid": "{4557fbaa-ce30-6513-4800-000000000e00}", "EventData_ProcessId": "3232", "EventData_Image": "C:\\Windows\\System32\\svchost.exe", "EventData_TargetObject": "HKLM\\SOFTWARE\\Microsoft\\Windows\\CurrentVersion\\VFUProvider", "EventData_User": "NT AUTHORITY\\LOCAL SERVICE"}
{"Provider_Name": "Microsoft-Windows-Sysmon", "Provider_Guid": "{5770385f-c22a-43e0-bf4c-06f5698ffbd9}", "Provider": null, "EventID_Qualifiers": "", "EventID": "13", "Version": "2", "Level": "4", "Task": "13", "Opcode": "0", "Keywords": "0x8000000000000000", "TimeCreated_SystemTime": "2023-09-27 06:51:00.018009", "TimeCreated": null, "EventRecordID": "30779", "Correlation_ActivityID": "", "Correlation_RelatedActivityID": "", "Correlation": null, "Execution_ProcessID": "3368", "Execution_ThreadID": "3332", "Execution": null, "Channel": "Microsoft-Windows-Sysmon/Operational", "Computer": "DESKTOP-P5C3MUD", "Security_UserID": "S-1-5-18", "Security": null, "EventData_RuleName": "-", "EventData_EventType": "SetValue", "EventData_UtcTime": "2023-09-27 06:51:00.014", "EventData_ProcessGuid": "{4557fbaa-ce30-6513-4800-000000000e00}", "EventData_ProcessId": "3232", "EventData_Image": "C:\\Windows\\System32\\svchost.exe", "EventData_TargetObject": "HKLM\\SOFTWARE\\Microsoft\\Windows\\CurrentVersion\\VFUProvider\\StartTime", "EventData_Details": "QWORD (0x01d9f10e-0xf96550a6)", "EventData_User": "NT AUTHORITY\\LOCAL SERVICE"}
{"Provider_Name": "Microsoft-Windows-Sysmon", "Provider_Guid": "{5770385f-c22a-43e0-bf4c-06f5698ffbd9}", "Provider": null, "EventID_Qualifiers": "", "EventID": "10", "Version": "3", "Level": "4", "Task": "10", "Opcode": "0", "Keywords": "0x8000000000000000", "TimeCreated_SystemTime": "2023-09-27 06:51:00.314438", "TimeCreated": null, "EventRecordID": "30780", "Correlation_ActivityID": "", "Correlation_RelatedActivityID": "", "Correlation": null, "Execution_ProcessID": "3368", "Execution_ThreadID": "3332", "Execution": null, "Channel": "Microsoft-Windows-Sysmon/Operational", "Computer": "DESKTOP-P5C3MUD", "Security_UserID": "S-1-5-18", "Security": null, "EventData_RuleName": "-", "EventData_UtcTime": "2023-09-27 06:51:00.311", "EventData_SourceProcessGUID": "{4557fbaa-cfa6-6513-3801-000000000e00}", "EventData_SourceProcessId": "7028", "EventData_SourceThreadId": "2408", "EventData_SourceImage": "E:\\Software\\Microsoft Visual Studio\\Common7\\IDE\\PerfWatson2.exe", "EventData_TargetProcessGUID": "{4557fbaa-cf9a-6513-3401-000000000e00}", "EventData_TargetProcessId": "10248", "EventData_TargetImage": "E:\\Software\\Microsoft Visual Studio\\Common7\\IDE\\devenv.exe", "EventData_GrantedAccess": "0x001f3fff", "EventData_CallTrace": "C:\\Windows\\SYSTEM32\\ntdll.dll+9d314|C:\\Windows\\System32\\KERNELBASE.dll+308ee|C:\\Windows\\assembly\\NativeImages_v4.0.30319_64\\System\\dedc75453f6b39c0f80a287688f47235\\System.ni.dll+34f460|C:\\Windows\\assembly\\NativeImages_v4.0.30319_64\\System\\dedc75453f6b39c0f80a287688f47235\\System.ni.dll+2cd80e|C:\\Windows\\assembly\\NativeImages_v4.0.30319_64\\System\\dedc75453f6b39c0f80a287688f47235\\System.ni.dll+2cc3b5|C:\\Windows\\assembly\\NativeImages_v4.0.30319_64\\System\\dedc75453f6b39c0f80a287688f47235\\System.ni.dll+2b2ede|C:\\Windows\\assembly\\NativeImages_v4.0.30319_64\\System\\dedc75453f6b39c0f80a287688f47235\\System.ni.dll+2b25a5|C:\\Windows\\assembly\\NativeImages_v4.0.30319_64\\Microsoft.Vc1955904#\\de9437fb23758d4b10606c9d0c767021\\Microsoft.VisualStudio.PerfWatson.ni.dll+324d2c|C:\\Windows\\assembly\\NativeImages_v4.0.30319_64\\Microsoft.Vc1955904#\\de9437fb23758d4b10606c9d0c767021\\Microsoft.VisualStudio.PerfWatson.ni.dll+323476|C:\\Windows\\assembly\\NativeImages_v4.0.30319_64\\Microsoft.Vc1955904#\\de9437fb23758d4b10606c9d0c767021\\Microsoft.VisualStudio.PerfWatson.ni.dll+32365e|C:\\Windows\\assembly\\NativeImages_v4.0.30319_64\\Microsoft.Vc1955904#\\de9437fb23758d4b10606c9d0c767021\\Microsoft.VisualStudio.PerfWatson.ni.dll+3234f2|C:\\Windows\\assembly\\NativeImages_v4.0.30319_64\\System\\dedc75453f6b39c0f80a287688f47235\\System.ni.dll+2e05c0|C:\\Windows\\assembly\\NativeImages_v4.0.30319_64\\mscorlib\\987f639e2113a820112aca65fb12396c\\mscorlib.ni.dll+55fbe8|C:\\Windows\\assembly\\NativeImages_v4.0.30319_64\\mscorlib\\987f639e2113a820112aca65fb12396c\\mscorlib.ni.dll+55fad5|C:\\Windows\\assembly\\NativeImages_v4.0.30319_64\\mscorlib\\987f639e2113a820112aca65fb12396c\\mscorlib.ni.dll+ef12f8|C:\\Windows\\assembly\\NativeImages_v4.0.30319_64\\mscorlib\\987f639e2113a820112aca65fb12396c\\mscorlib.ni.dll+ef1041|C:\\Windows\\assembly\\NativeImages_v4.0.30319_64\\mscorlib\\987f639e2113a820112aca65fb12396c\\mscorlib.ni.dll+50a338|C:\\Windows\\Microsoft.NET\\Framework64\\v4.0.30319\\clr.dll+1912c3|C:\\Windows\\Microsoft.NET\\Framework64\\v4.0.30319\\clr.dll+5961b|C:\\Windows\\Microsoft.NET\\Framework64\\v4.0.30319\\clr.dll+a8b5a|C:\\Windows\\Microsoft.NET\\Framework64\\v4.0.30319\\clr.dll+4108d4|C:\\Windows\\Microsoft.NET\\Framework64\\v4.0.30319\\clr.dll+7230b|C:\\Windows\\Microsoft.NET\\Framework64\\v4.0.30319\\clr.dll+7222f|C:\\Windows\\Microsoft.NET\\Framework64\\v4.0.30319\\clr.dll+720fb", "EventData_SourceUser": "DESKTOP-P5C3MUD\\user", "EventData_TargetUser": "DESKTOP-P5C3MUD\\user"}
{"Provider_Name": "Microsoft-Windows-Sysmon", "Provider_Guid": "{5770385f-c22a-43e0-bf4c-06f5698ffbd9}", "Provider": null, "EventID_Qualifiers": "", "EventID": "10", "Version": "3", "Level": "4", "Task": "10", "Opcode": "0", "Keywords": "0x8000000000000000", "TimeCreated_SystemTime": "2023-09-27 06:51:00.318108", "TimeCreated": null, "EventRecordID": "30781", "Correlation_ActivityID": "", "Correlation_RelatedActivityID": "", "Correlation": null, "Execution_ProcessID": "3368", "Execution_ThreadID": "3332", "Execution": null, "Channel": "Microsoft-Windows-Sysmon/Operational", "Computer": "DESKTOP-P5C3MUD", "Security_UserID": "S-1-5-18", "Security": null, "EventData_RuleName": "-", "EventData_UtcTime": "2023-09-27 06:51:00.311", "EventData_SourceProcessGUID": "{4557fbaa-cfa6-6513-3801-000000000e00}", "EventData_SourceProcessId": "7028", "EventData_SourceThreadId": "2408", "EventData_SourceImage": "E:\\Software\\Microsoft Visual Studio\\Common7\\IDE\\PerfWatson2.exe", "EventData_TargetProcessGUID": "{4557fbaa-cfa8-6513-3901-000000000e00}", "EventData_TargetProcessId": "4940", "EventData_TargetImage": "E:\\Software\\Microsoft Visual Studio\\Common7\\ServiceHub\\controller\\Microsoft.ServiceHub.Controller.exe", "EventData_GrantedAccess": "0x001f3fff", "EventData_CallTrace": "C:\\Windows\\SYSTEM32\\ntdll.dll+9d314|C:\\Windows\\System32\\KERNELBASE.dll+308ee|C:\\Windows\\assembly\\NativeImages_v4.0.30319_64\\System\\dedc75453f6b39c0f80a287688f47235\\System.ni.dll+34f460|C:\\Windows\\assembly\\NativeImages_v4.0.30319_64\\System\\dedc75453f6b39c0f80a287688f47235\\System.ni.dll+2cd80e|C:\\Windows\\assembly\\NativeImages_v4.0.30319_64\\System\\dedc75453f6b39c0f80a287688f47235\\System.ni.dll+2cc3b5|C:\\Windows\\assembly\\NativeImages_v4.0.30319_64\\System\\dedc75453f6b39c0f80a287688f47235\\System.ni.dll+2b2ede|C:\\Windows\\assembly\\NativeImages_v4.0.30319_64\\System\\dedc75453f6b39c0f80a287688f47235\\System.ni.dll+2b25a5|C:\\Windows\\assembly\\NativeImages_v4.0.30319_64\\Microsoft.Vc1955904#\\de9437fb23758d4b10606c9d0c767021\\Microsoft.VisualStudio.PerfWatson.ni.dll+324d2c|C:\\Windows\\assembly\\NativeImages_v4.0.30319_64\\Microsoft.Vc1955904#\\de9437fb23758d4b10606c9d0c767021\\Microsoft.VisualStudio.PerfWatson.ni.dll+323476|C:\\Windows\\assembly\\NativeImages_v4.0.30319_64\\Microsoft.Vc1955904#\\de9437fb23758d4b10606c9d0c767021\\Microsoft.VisualStudio.PerfWatson.ni.dll+375bc2|C:\\Windows\\assembly\\NativeImages_v4.0.30319_64\\Microsoft.Vc1955904#\\de9437fb23758d4b10606c9d0c767021\\Microsoft.VisualStudio.PerfWatson.ni.dll+306366|C:\\Windows\\assembly\\NativeImages_v4.0.30319_64\\Microsoft.Vc1955904#\\de9437fb23758d4b10606c9d0c767021\\Microsoft.VisualStudio.PerfWatson.ni.dll+306388|C:\\Windows\\assembly\\NativeImages_v4.0.30319_64\\Microsoft.Vc1955904#\\de9437fb23758d4b10606c9d0c767021\\Microsoft.VisualStudio.PerfWatson.ni.dll+324aa8|C:\\Windows\\assembly\\NativeImages_v4.0.30319_64\\Microsoft.Vc1955904#\\de9437fb23758d4b10606c9d0c767021\\Microsoft.VisualStudio.PerfWatson.ni.dll+32368c|C:\\Windows\\assembly\\NativeImages_v4.0.30319_64\\Microsoft.Vc1955904#\\de9437fb23758d4b10606c9d0c767021\\Microsoft.VisualStudio.PerfWatson.ni.dll+3234f2|C:\\Windows\\assembly\\NativeImages_v4.0.30319_64\\System\\dedc75453f6b39c0f80a287688f47235\\System.ni.dll+2e05c0|C:\\Windows\\assembly\\NativeImages_v4.0.30319_64\\mscorlib\\987f639e2113a820112aca65fb12396c\\mscorlib.ni.dll+55fbe8|C:\\Windows\\assembly\\NativeImages_v4.0.30319_64\\mscorlib\\987f639e2113a820112aca65fb12396c\\mscorlib.ni.dll+55fad5|C:\\Windows\\assembly\\NativeImages_v4.0.30319_64\\mscorlib\\987f639e2113a820112aca65fb12396c\\mscorlib.ni.dll+ef12f8|C:\\Windows\\assembly\\NativeImages_v4.0.30319_64\\mscorlib\\987f639e2113a820112aca65fb12396c\\mscorlib.ni.dll+ef1041|C:\\Windows\\assembly\\NativeImages_v4.0.30319_64\\mscorlib\\987f639e2113a820112aca65fb12396c\\mscorlib.ni.dll+50a338|C:\\Windows\\Microsoft.NET\\Framework64\\v4.0.30319\\clr.dll+1912c3|C:\\Windows\\Microsoft.NET\\Framework64\\v4.0.30319\\clr.dll+5961b|C:\\Windows\\Microsoft.NET\\Framework64\\v4.0.30319\\clr.dll+a8b5a", "EventData_SourceUser": "DESKTOP-P5C3MUD\\user", "EventData_TargetUser": "DESKTOP-P5C3MUD\\user"}
{"Provider_Name": "Microsoft-Windows-Sysmon", "Provider_Guid": "{5770385f-c22a-43e0-bf4c-06f5698ffbd9}", "Provider": null, "EventID_Qualifiers": "", "EventID": "10", "Version": "3", "Level": "4", "Task": "10", "Opcode": "0", "Keywords": "0x8000000000000000", "TimeCreated_SystemTime": "2023-09-27 06:51:00.319536", "TimeCreated": null, "EventRecordID": "30782", "Correlation_ActivityID": "", "Correlation_RelatedActivityID": "", "Correlation": null, "Execution_ProcessID": "3368", "Execution_ThreadID": "3332", "Execution": null, "Channel": "Microsoft-Windows-Sysmon/Operational", "Computer": "DESKTOP-P5C3MUD", "Security_UserID": "S-1-5-18", "Security": null, "EventData_RuleName": "-", "EventData_UtcTime": "2023-09-27 06:51:00.311", "EventData_SourceProcessGUID": "{4557fbaa-cfa6-6513-3801-000000000e00}", "EventData_SourceProcessId": "7028", "EventData_SourceThreadId": "2408", "EventData_SourceImage": "E:\\Software\\Microsoft Visual Studio\\Common7\\IDE\\PerfWatson2.exe", "EventData_TargetProcessGUID": "{4557fbaa-cfb0-6513-3c01-000000000e00}", "EventData_TargetProcessId": "8624", "EventData_TargetImage": "E:\\Software\\Microsoft Visual Studio\\Common7\\ServiceHub\\Hosts\\ServiceHub.Host.AnyCPU\\ServiceHub.VSDetouredHost.exe", "EventData_GrantedAccess": "0x001f3fff", "EventData_CallTrace": "C:\\Windows\\SYSTEM32\\ntdll.dll+9d314|C:\\Windows\\System32\\KERNELBASE.dll+308ee|C:\\Windows\\assembly\\NativeImages_v4.0.30319_64\\System\\dedc75453f6b39c0f80a287688f47235\\System.ni.dll+34f460|C:\\Windows\\assembly\\NativeImages_v4.0.30319_64\\System\\dedc75453f6b39c0f80a287688f47235\\System.ni.dll+2cd80e|C:\\Windows\\assembly\\NativeImages_v4.0.30319_64\\System\\dedc75453f6b39c0f80a287688f47235\\System.ni.dll+2cc3b5|C:\\Windows\\assembly\\NativeImages_v4.0.30319_64\\System\\dedc75453f6b39c0f80a287688f47235\\System.ni.dll+2b2ede|C:\\Windows\\assembly\\NativeImages_v4.0.30319_64\\System\\dedc75453f6b39c0f80a287688f47235\\System.ni.dll+2b25a5|C:\\Windows\\assembly\\NativeImages_v4.0.30319_64\\Microsoft.Vc1955904#\\de9437fb23758d4b10606c9d0c767021\\Microsoft.VisualStudio.PerfWatson.ni.dll+324d2c|C:\\Windows\\assembly\\NativeImages_v4.0.30319_64\\Microsoft.Vc1955904#\\de9437fb23758d4b10606c9d0c767021\\Microsoft.VisualStudio.PerfWatson.ni.dll+323476|C:\\Windows\\assembly\\NativeImages_v4.0.30319_64\\Microsoft.Vc1955904#\\de9437fb23758d4b10606c9d0c767021\\Microsoft.VisualStudio.PerfWatson.ni.dll+375bc2|C:\\Windows\\assembly\\NativeImages_v4.0.30319_64\\Microsoft.Vc1955904#\\de9437fb23758d4b10606c9d0c767021\\Microsoft.VisualStudio.PerfWatson.ni.dll+306366|C:\\Windows\\assembly\\NativeImages_v4.0.30319_64\\Microsoft.Vc1955904#\\de9437fb23758d4b10606c9d0c767021\\Microsoft.VisualStudio.PerfWatson.ni.dll+306388|C:\\Windows\\assembly\\NativeImages_v4.0.30319_64\\Microsoft.Vc1955904#\\de9437fb23758d4b10606c9d0c767021\\Microsoft.VisualStudio.PerfWatson.ni.dll+306388|C:\\Windows\\assembly\\NativeImages_v4.0.30319_64\\Microsoft.Vc1955904#\\de9437fb23758d4b10606c9d0c767021\\Microsoft.VisualStudio.PerfWatson.ni.dll+324aa8|C:\\Windows\\assembly\\NativeImages_v4.0.30319_64\\Microsoft.Vc1955904#\\de9437fb23758d4b10606c9d0c767021\\Microsoft.VisualStudio.PerfWatson.ni.dll+32368c|C:\\Windows\\assembly\\NativeImages_v4.0.30319_64\\Microsoft.Vc1955904#\\de9437fb23758d4b10606c9d0c767021\\Microsoft.VisualStudio.PerfWatson.ni.dll+3234f2|C:\\Windows\\assembly\\NativeImages_v4.0.30319_64\\System\\dedc75453f6b39c0f80a287688f47235\\System.ni.dll+2e05c0|C:\\Windows\\assembly\\NativeImages_v4.0.30319_64\\mscorlib\\987f639e2113a820112aca65fb12396c\\mscorlib.ni.dll+55fbe8|C:\\Windows\\assembly\\NativeImages_v4.0.30319_64\\mscorlib\\987f639e2113a820112aca65fb12396c\\mscorlib.ni.dll+55fad5|C:\\Windows\\assembly\\NativeImages_v4.0.30319_64\\mscorlib\\987f639e2113a820112aca65fb12396c\\mscorlib.ni.dll+ef12f8|C:\\Windows\\assembly\\NativeImages_v4.0.30319_64\\mscorlib\\987f639e2113a820112aca65fb12396c\\mscorlib.ni.dll+ef1041|C:\\Windows\\assembly\\NativeImages_v4.0.30319_64\\mscorlib\\987f639e2113a820112aca65fb12396c\\mscorlib.ni.dll+50a338|C:\\Windows\\Microsoft.NET\\Framework64\\v4.0.30319\\clr.dll+1912c3|C:\\Windows\\Microsoft.NET\\Framework64\\v4.0.30319\\clr.dll+5961b", "EventData_SourceUser": "DESKTOP-P5C3MUD\\user", "EventData_TargetUser": "DESKTOP-P5C3MUD\\user"}
{"Provider_Name": "Microsoft-Windows-Sysmon", "Provider_Guid": "{5770385f-c22a-43e0-bf4c-06f5698ffbd9}", "Provider": null, "EventID_Qualifiers": "", "EventID": "10", "Version": "3", "Level": "4", "Task": "10", "Opcode": "0", "Keywords": "0x8000000000000000", "TimeCreated_SystemTime": "2023-09-27 06:51:00.320976", "TimeCreated": null, "EventRecordID": "30783", "Correlation_ActivityID": "", "Correlation_RelatedActivityID": "", "Correlation": null, "Execution_ProcessID": "3368", "Execution_ThreadID": "3332", "Execution": null, "Channel": "Microsoft-Windows-Sysmon/Operational", "Computer": "DESKTOP-P5C3MUD", "Security_UserID": "S-1-5-18", "Security": null, "EventData_RuleName": "-", "EventData_UtcTime": "2023-09-27 06:51:00.311", "EventData_SourceProcessGUID": "{4557fbaa-cfa6-6513-3801-000000000e00}", "EventData_SourceProcessId": "7028", "EventData_SourceThreadId": "2408", "EventData_SourceImage": "E:\\Software\\Microsoft Visual Studio\\Common7\\IDE\\PerfWatson2.exe", "EventData_TargetProcessGUID": "{4557fbaa-cfb6-6513-3d01-000000000e00}", "EventData_TargetProcessId": "3396", "EventData_TargetImage": "E:\\Software\\Microsoft Visual Studio\\Common7\\ServiceHub\\Hosts\\ServiceHub.Host.AnyCPU\\ServiceHub.SettingsHost.exe", "EventData_GrantedAccess": "0x001f3fff", "EventData_CallTrace": "C:\\Windows\\SYSTEM32\\ntdll.dll+9d314|C:\\Windows\\System32\\KERNELBASE.dll+308ee|C:\\Windows\\assembly\\NativeImages_v4.0.30319_64\\System\\dedc75453f6b39c0f80a287688f47235\\System.ni.dll+34f460|C:\\Windows\\assembly\\NativeImages_v4.0.30319_64\\System\\dedc75453f6b39c0f80a287688f47235\\System.ni.dll+2cd80e|C:\\Windows\\assembly\\NativeImages_v4.0.30319_64\\System\\dedc75453f6b39c0f80a287688f47235\\System.ni.dll+2cc3b5|C:\\Windows\\assembly\\NativeImages_v4.0.30319_64\\System\\dedc75453f6b39c0f80a287688f47235\\System.ni.dll+2b2ede|C:\\Windows\\assembly\\NativeImages_v4.0.30319_64\\System\\dedc75453f6b39c0f80a287688f47235\\System.ni.dll+2b25a5|C:\\Windows\\assembly\\NativeImages_v4.0.30319_64\\Microsoft.Vc1955904#\\de9437fb23758d4b10606c9d0c767021\\Microsoft.VisualStudio.PerfWatson.ni.dll+324d2c|C:\\Windows\\assembly\\NativeImages_v4.0.30319_64\\Microsoft.Vc1955904#\\de9437fb23758d4b10606c9d0c767021\\Microsoft.VisualStudio.PerfWatson.ni.dll+323476|C:\\Windows\\assembly\\NativeImages_v4.0.30319_64\\Microsoft.Vc1955904#\\de9437fb23758d4b10606c9d0c767021\\Microsoft.VisualStudio.PerfWatson.ni.dll+375bc2|C:\\Windows\\assembly\\NativeImages_v4.0.30319_64\\Microsoft.Vc1955904#\\de9437fb23758d4b10606c9d0c767021\\Microsoft.VisualStudio.PerfWatson.ni.dll+306366|C:\\Windows\\assembly\\NativeImages_v4.0.30319_64\\Microsoft.Vc1955904#\\de9437fb23758d4b10606c9d0c767021\\Microsoft.VisualStudio.PerfWatson.ni.dll+306388|C:\\Windows\\assembly\\NativeImages_v4.0.30319_64\\Microsoft.Vc1955904#\\de9437fb23758d4b10606c9d0c767021\\Microsoft.VisualStudio.PerfWatson.ni.dll+306388|C:\\Windows\\assembly\\NativeImages_v4.0.30319_64\\Microsoft.Vc1955904#\\de9437fb23758d4b10606c9d0c767021\\Microsoft.VisualStudio.PerfWatson.ni.dll+324aa8|C:\\Windows\\assembly\\NativeImages_v4.0.30319_64\\Microsoft.Vc1955904#\\de9437fb23758d4b10606c9d0c767021\\Microsoft.VisualStudio.PerfWatson.ni.dll+32368c|C:\\Windows\\assembly\\NativeImages_v4.0.30319_64\\Microsoft.Vc1955904#\\de9437fb23758d4b10606c9d0c767021\\Microsoft.VisualStudio.PerfWatson.ni.dll+3234f2|C:\\Windows\\assembly\\NativeImages_v4.0.30319_64\\System\\dedc75453f6b39c0f80a287688f47235\\System.ni.dll+2e05c0|C:\\Windows\\assembly\\NativeImages_v4.0.30319_64\\mscorlib\\987f639e2113a820112aca65fb12396c\\mscorlib.ni.dll+55fbe8|C:\\Windows\\assembly\\NativeImages_v4.0.30319_64\\mscorlib\\987f639e2113a820112aca65fb12396c\\mscorlib.ni.dll+55fad5|C:\\Windows\\assembly\\NativeImages_v4.0.30319_64\\mscorlib\\987f639e2113a820112aca65fb12396c\\mscorlib.ni.dll+ef12f8|C:\\Windows\\assembly\\NativeImages_v4.0.30319_64\\mscorlib\\987f639e2113a820112aca65fb12396c\\mscorlib.ni.dll+ef1041|C:\\Windows\\assembly\\NativeImages_v4.0.30319_64\\mscorlib\\987f639e2113a820112aca65fb12396c\\mscorlib.ni.dll+50a338|C:\\Windows\\Microsoft.NET\\Framework64\\v4.0.30319\\clr.dll+1912c3|C:\\Windows\\Microsoft.NET\\Framework64\\v4.0.30319\\clr.dll+5961b", "EventData_SourceUser": "DESKTOP-P5C3MUD\\user", "EventData_TargetUser": "DESKTOP-P5C3MUD\\user"}
{"Provider_Name": "Microsoft-Windows-Sysmon", "Provider_Guid": "{5770385f-c22a-43e0-bf4c-06f5698ffbd9}", "Provider": null, "EventID_Qualifiers": "", "EventID": "10", "Version": "3", "Level": "4", "Task": "10", "Opcode": "0", "Keywords": "0x8000000000000000", "TimeCreated_SystemTime": "2023-09-27 06:51:00.322386", "TimeCreated": null, "EventRecordID": "30784", "Correlation_ActivityID": "", "Correlation_RelatedActivityID": "", "Correlation": null, "Execution_ProcessID": "3368", "Execution_ThreadID": "3332", "Execution": null, "Channel": "Microsoft-Windows-Sysmon/Operational", "Computer": "DESKTOP-P5C3MUD", "Security_UserID": "S-1-5-18", "Security": null, "EventData_RuleName": "-", "EventData_UtcTime": "2023-09-27 06:51:00.311", "EventData_SourceProcessGUID": "{4557fbaa-cfa6-6513-3801-000000000e00}", "EventData_SourceProcessId": "7028", "EventData_SourceThreadId": "2408", "EventData_SourceImage": "E:\\Software\\Microsoft Visual Studio\\Common7\\IDE\\PerfWatson2.exe", "EventData_TargetProcessGUID": "{4557fbaa-cfbc-6513-3e01-000000000e00}", "EventData_TargetProcessId": "1288", "EventData_TargetImage": "E:\\Software\\Microsoft Visual Studio\\Common7\\ServiceHub\\Hosts\\ServiceHub.Host.netfx.x86\\ServiceHub.Host.netfx.x86.exe", "EventData_GrantedAccess": "0x001f3fff", "EventData_CallTrace": "C:\\Windows\\SYSTEM32\\ntdll.dll+9d314|C:\\Windows\\System32\\KERNELBASE.dll+308ee|C:\\Windows\\assembly\\NativeImages_v4.0.30319_64\\System\\dedc75453f6b39c0f80a287688f47235\\System.ni.dll+34f460|C:\\Windows\\assembly\\NativeImages_v4.0.30319_64\\System\\dedc75453f6b39c0f80a287688f47235\\System.ni.dll+2cd80e|C:\\Windows\\assembly\\NativeImages_v4.0.30319_64\\System\\dedc75453f6b39c0f80a287688f47235\\System.ni.dll+2cc3b5|C:\\Windows\\assembly\\NativeImages_v4.0.30319_64\\System\\dedc75453f6b39c0f80a287688f47235\\System.ni.dll+2b2ede|C:\\Windows\\assembly\\NativeImages_v4.0.30319_64\\System\\dedc75453f6b39c0f80a287688f47235\\System.ni.dll+2b25a5|C:\\Windows\\assembly\\NativeImages_v4.0.30319_64\\Microsoft.Vc1955904#\\de9437fb23758d4b10606c9d0c767021\\Microsoft.VisualStudio.PerfWatson.ni.dll+324d2c|C:\\Windows\\assembly\\NativeImages_v4.0.30319_64\\Microsoft.Vc1955904#\\de9437fb23758d4b10606c9d0c767021\\Microsoft.VisualStudio.PerfWatson.ni.dll+323476|C:\\Windows\\assembly\\NativeImages_v4.0.30319_64\\Microsoft.Vc1955904#\\de9437fb23758d4b10606c9d0c767021\\Microsoft.VisualStudio.PerfWatson.ni.dll+375bc2|C:\\Windows\\assembly\\NativeImages_v4.0.30319_64\\Microsoft.Vc1955904#\\de9437fb23758d4b10606c9d0c767021\\Microsoft.VisualStudio.PerfWatson.ni.dll+306366|C:\\Windows\\assembly\\NativeImages_v4.0.30319_64\\Microsoft.Vc1955904#\\de9437fb23758d4b10606c9d0c767021\\Microsoft.VisualStudio.PerfWatson.ni.dll+306388|C:\\Windows\\assembly\\NativeImages_v4.0.30319_64\\Microsoft.Vc1955904#\\de9437fb23758d4b10606c9d0c767021\\Microsoft.VisualStudio.PerfWatson.ni.dll+306388|C:\\Windows\\assembly\\NativeImages_v4.0.30319_64\\Microsoft.Vc1955904#\\de9437fb23758d4b10606c9d0c767021\\Microsoft.VisualStudio.PerfWatson.ni.dll+324aa8|C:\\Windows\\assembly\\NativeImages_v4.0.30319_64\\Microsoft.Vc1955904#\\de9437fb23758d4b10606c9d0c767021\\Microsoft.VisualStudio.PerfWatson.ni.dll+32368c|C:\\Windows\\assembly\\NativeImages_v4.0.30319_64\\Microsoft.Vc1955904#\\de9437fb23758d4b10606c9d0c767021\\Microsoft.VisualStudio.PerfWatson.ni.dll+3234f2|C:\\Windows\\assembly\\NativeImages_v4.0.30319_64\\System\\dedc75453f6b39c0f80a287688f47235\\System.ni.dll+2e05c0|C:\\Windows\\assembly\\NativeImages_v4.0.30319_64\\mscorlib\\987f639e2113a820112aca65fb12396c\\mscorlib.ni.dll+55fbe8|C:\\Windows\\assembly\\NativeImages_v4.0.30319_64\\mscorlib\\987f639e2113a820112aca65fb12396c\\mscorlib.ni.dll+55fad5|C:\\Windows\\assembly\\NativeImages_v4.0.30319_64\\mscorlib\\987f639e2113a820112aca65fb12396c\\mscorlib.ni.dll+ef12f8|C:\\Windows\\assembly\\NativeImages_v4.0.30319_64\\mscorlib\\987f639e2113a820112aca65fb12396c\\mscorlib.ni.dll+ef1041|C:\\Windows\\assembly\\NativeImages_v4.0.30319_64\\mscorlib\\987f639e2113a820112aca65fb12396c\\mscorlib.ni.dll+50a338|C:\\Windows\\Microsoft.NET\\Framework64\\v4.0.30319\\clr.dll+1912c3|C:\\Windows\\Microsoft.NET\\Framework64\\v4.0.30319\\clr.dll+5961b", "EventData_SourceUser": "DESKTOP-P5C3MUD\\user", "EventData_TargetUser": "DESKTOP-P5C3MUD\\user"}
{"Provider_Name": "Microsoft-Windows-Sysmon", "Provider_Guid": "{5770385f-c22a-43e0-bf4c-06f5698ffbd9}", "Provider": null, "EventID_Qualifiers": "", "EventID": "10", "Version": "3", "Level": "4", "Task": "10", "Opcode": "0", "Keywords": "0x8000000000000000", "TimeCreated_SystemTime": "2023-09-27 06:51:00.323811", "TimeCreated": null, "EventRecordID": "30785", "Correlation_ActivityID": "", "Correlation_RelatedActivityID": "", "Correlation": null, "Execution_ProcessID": "3368", "Execution_ThreadID": "3332", "Execution": null, "Channel": "Microsoft-Windows-Sysmon/Operational", "Computer": "DESKTOP-P5C3MUD", "Security_UserID": "S-1-5-18", "Security": null, "EventData_RuleName": "-", "EventData_UtcTime": "2023-09-27 06:51:00.311", "EventData_SourceProcessGUID": "{4557fbaa-cfa6-6513-3801-000000000e00}", "EventData_SourceProcessId": "7028", "EventData_SourceThreadId": "2408", "EventData_SourceImage": "E:\\Software\\Microsoft Visual Studio\\Common7\\IDE\\PerfWatson2.exe", "EventData_TargetProcessGUID": "{4557fbaa-cfc3-6513-4101-000000000e00}", "EventData_TargetProcessId": "10480", "EventData_TargetImage": "E:\\Software\\Microsoft Visual Studio\\Common7\\ServiceHub\\Hosts\\ServiceHub.Host.netfx.x64\\ServiceHub.IntellicodeModelService.exe", "EventData_GrantedAccess": "0x001f3fff", "EventData_CallTrace": "C:\\Windows\\SYSTEM32\\ntdll.dll+9d314|C:\\Windows\\System32\\KERNELBASE.dll+308ee|C:\\Windows\\assembly\\NativeImages_v4.0.30319_64\\System\\dedc75453f6b39c0f80a287688f47235\\System.ni.dll+34f460|C:\\Windows\\assembly\\NativeImages_v4.0.30319_64\\System\\dedc75453f6b39c0f80a287688f47235\\System.ni.dll+2cd80e|C:\\Windows\\assembly\\NativeImages_v4.0.30319_64\\System\\dedc75453f6b39c0f80a287688f47235\\System.ni.dll+2cc3b5|C:\\Windows\\assembly\\NativeImages_v4.0.30319_64\\System\\dedc75453f6b39c0f80a287688f47235\\System.ni.dll+2b2ede|C:\\Windows\\assembly\\NativeImages_v4.0.30319_64\\System\\dedc75453f6b39c0f80a287688f47235\\System.ni.dll+2b25a5|C:\\Windows\\assembly\\NativeImages_v4.0.30319_64\\Microsoft.Vc1955904#\\de9437fb23758d4b10606c9d0c767021\\Microsoft.VisualStudio.PerfWatson.ni.dll+324d2c|C:\\Windows\\assembly\\NativeImages_v4.0.30319_64\\Microsoft.Vc1955904#\\de9437fb23758d4b10606c9d0c767021\\Microsoft.VisualStudio.PerfWatson.ni.dll+323476|C:\\Windows\\assembly\\NativeImages_v4.0.30319_64\\Microsoft.Vc1955904#\\de9437fb23758d4b10606c9d0c767021\\Microsoft.VisualStudio.PerfWatson.ni.dll+375bc2|C:\\Windows\\assembly\\NativeImages_v4.0.30319_64\\Microsoft.Vc1955904#\\de9437fb23758d4b10606c9d0c767021\\Microsoft.VisualStudio.PerfWatson.ni.dll+306366|C:\\Windows\\assembly\\NativeImages_v4.0.30319_64\\Microsoft.Vc1955904#\\de9437fb23758d4b10606c9d0c767021\\Microsoft.VisualStudio.PerfWatson.ni.dll+306388|C:\\Windows\\assembly\\NativeImages_v4.0.30319_64\\Microsoft.Vc1955904#\\de9437fb23758d4b10606c9d0c767021\\Microsoft.VisualStudio.PerfWatson.ni.dll+306388|C:\\Windows\\assembly\\NativeImages_v4.0.30319_64\\Microsoft.Vc1955904#\\de9437fb23758d4b10606c9d0c767021\\Microsoft.VisualStudio.PerfWatson.ni.dll+324aa8|C:\\Windows\\assembly\\NativeImages_v4.0.30319_64\\Microsoft.Vc1955904#\\de9437fb23758d4b10606c9d0c767021\\Microsoft.VisualStudio.PerfWatson.ni.dll+32368c|C:\\Windows\\assembly\\NativeImages_v4.0.30319_64\\Microsoft.Vc1955904#\\de9437fb23758d4b10606c9d0c767021\\Microsoft.VisualStudio.PerfWatson.ni.dll+3234f2|C:\\Windows\\assembly\\NativeImages_v4.0.30319_64\\System\\dedc75453f6b39c0f80a287688f47235\\System.ni.dll+2e05c0|C:\\Windows\\assembly\\NativeImages_v4.0.30319_64\\mscorlib\\987f639e2113a820112aca65fb12396c\\mscorlib.ni.dll+55fbe8|C:\\Windows\\assembly\\NativeImages_v4.0.30319_64\\mscorlib\\987f639e2113a820112aca65fb12396c\\mscorlib.ni.dll+55fad5|C:\\Windows\\assembly\\NativeImages_v4.0.30319_64\\mscorlib\\987f639e2113a820112aca65fb12396c\\mscorlib.ni.dll+ef12f8|C:\\Windows\\assembly\\NativeImages_v4.0.30319_64\\mscorlib\\987f639e2113a820112aca65fb12396c\\mscorlib.ni.dll+ef1041|C:\\Windows\\assembly\\NativeImages_v4.0.30319_64\\mscorlib\\987f639e2113a820112aca65fb12396c\\mscorlib.ni.dll+50a338|C:\\Windows\\Microsoft.NET\\Framework64\\v4.0.30319\\clr.dll+1912c3|C:\\Windows\\Microsoft.NET\\Framework64\\v4.0.30319\\clr.dll+5961b", "EventData_SourceUser": "DESKTOP-P5C3MUD\\user", "EventData_TargetUser": "DESKTOP-P5C3MUD\\user"}
{"Provider_Name": "Microsoft-Windows-Sysmon", "Provider_Guid": "{5770385f-c22a-43e0-bf4c-06f5698ffbd9}", "Provider": null, "EventID_Qualifiers": "", "EventID": "10", "Version": "3", "Level": "4", "Task": "10", "Opcode": "0", "Keywords": "0x8000000000000000", "TimeCreated_SystemTime": "2023-09-27 06:51:00.325226", "TimeCreated": null, "EventRecordID": "30786", "Correlation_ActivityID": "", "Correlation_RelatedActivityID": "", "Correlation": null, "Execution_ProcessID": "3368", "Execution_ThreadID": "3332", "Execution": null, "Channel": "Microsoft-Windows-Sysmon/Operational", "Computer": "DESKTOP-P5C3MUD", "Security_UserID": "S-1-5-18", "Security": null, "EventData_RuleName": "-", "EventData_UtcTime": "2023-09-27 06:51:00.311", "EventData_SourceProcessGUID": "{4557fbaa-cfa6-6513-3801-000000000e00}", "EventData_SourceProcessId": "7028", "EventData_SourceThreadId": "2408", "EventData_SourceImage": "E:\\Software\\Microsoft Visual Studio\\Common7\\IDE\\PerfWatson2.exe", "EventData_TargetProcessGUID": "{4557fbaa-cfc4-6513-4201-000000000e00}", "EventData_TargetProcessId": "5452", "EventData_TargetImage": "E:\\Software\\Microsoft Visual Studio\\Common7\\ServiceHub\\Hosts\\ServiceHub.Host.Dotnet.x64\\ServiceHub.IdentityHost.exe", "EventData_GrantedAccess": "0x001f3fff", "EventData_CallTrace": "C:\\Windows\\SYSTEM32\\ntdll.dll+9d314|C:\\Windows\\System32\\KERNELBASE.dll+308ee|C:\\Windows\\assembly\\NativeImages_v4.0.30319_64\\System\\dedc75453f6b39c0f80a287688f47235\\System.ni.dll+34f460|C:\\Windows\\assembly\\NativeImages_v4.0.30319_64\\System\\dedc75453f6b39c0f80a287688f47235\\System.ni.dll+2cd80e|C:\\Windows\\assembly\\NativeImages_v4.0.30319_64\\System\\dedc75453f6b39c0f80a287688f47235\\System.ni.dll+2cc3b5|C:\\Windows\\assembly\\NativeImages_v4.0.30319_64\\System\\dedc75453f6b39c0f80a287688f47235\\System.ni.dll+2b2ede|C:\\Windows\\assembly\\NativeImages_v4.0.30319_64\\System\\dedc75453f6b39c0f80a287688f47235\\System.ni.dll+2b25a5|C:\\Windows\\assembly\\NativeImages_v4.0.30319_64\\Microsoft.Vc1955904#\\de9437fb23758d4b10606c9d0c767021\\Microsoft.VisualStudio.PerfWatson.ni.dll+324d2c|C:\\Windows\\assembly\\NativeImages_v4.0.30319_64\\Microsoft.Vc1955904#\\de9437fb23758d4b10606c9d0c767021\\Microsoft.VisualStudio.PerfWatson.ni.dll+323476|C:\\Windows\\assembly\\NativeImages_v4.0.30319_64\\Microsoft.Vc1955904#\\de9437fb23758d4b10606c9d0c767021\\Microsoft.VisualStudio.PerfWatson.ni.dll+375bc2|C:\\Windows\\assembly\\NativeImages_v4.0.30319_64\\Microsoft.Vc1955904#\\de9437fb23758d4b10606c9d0c767021\\Microsoft.VisualStudio.PerfWatson.ni.dll+306366|C:\\Windows\\assembly\\NativeImages_v4.0.30319_64\\Microsoft.Vc1955904#\\de9437fb23758d4b10606c9d0c767021\\Microsoft.VisualStudio.PerfWatson.ni.dll+306388|C:\\Windows\\assembly\\NativeImages_v4.0.30319_64\\Microsoft.Vc1955904#\\de9437fb23758d4b10606c9d0c767021\\Microsoft.VisualStudio.PerfWatson.ni.dll+306388|C:\\Windows\\assembly\\NativeImages_v4.0.30319_64\\Microsoft.Vc1955904#\\de9437fb23758d4b10606c9d0c767021\\Microsoft.VisualStudio.PerfWatson.ni.dll+324aa8|C:\\Windows\\assembly\\NativeImages_v4.0.30319_64\\Microsoft.Vc1955904#\\de9437fb23758d4b10606c9d0c767021\\Microsoft.VisualStudio.PerfWatson.ni.dll+32368c|C:\\Windows\\assembly\\NativeImages_v4.0.30319_64\\Microsoft.Vc1955904#\\de9437fb23758d4b10606c9d0c767021\\Microsoft.VisualStudio.PerfWatson.ni.dll+3234f2|C:\\Windows\\assembly\\NativeImages_v4.0.30319_64\\System\\dedc75453f6b39c0f80a287688f47235\\System.ni.dll+2e05c0|C:\\Windows\\assembly\\NativeImages_v4.0.30319_64\\mscorlib\\987f639e2113a820112aca65fb12396c\\mscorlib.ni.dll+55fbe8|C:\\Windows\\assembly\\NativeImages_v4.0.30319_64\\mscorlib\\987f639e2113a820112aca65fb12396c\\mscorlib.ni.dll+55fad5|C:\\Windows\\assembly\\NativeImages_v4.0.30319_64\\mscorlib\\987f639e2113a820112aca65fb12396c\\mscorlib.ni.dll+ef12f8|C:\\Windows\\assembly\\NativeImages_v4.0.30319_64\\mscorlib\\987f639e2113a820112aca65fb12396c\\mscorlib.ni.dll+ef1041|C:\\Windows\\assembly\\NativeImages_v4.0.30319_64\\mscorlib\\987f639e2113a820112aca65fb12396c\\mscorlib.ni.dll+50a338|C:\\Windows\\Microsoft.NET\\Framework64\\v4.0.30319\\clr.dll+1912c3|C:\\Windows\\Microsoft.NET\\Framework64\\v4.0.30319\\clr.dll+5961b", "EventData_SourceUser": "DESKTOP-P5C3MUD\\user", "EventData_TargetUser": "DESKTOP-P5C3MUD\\user"}
{"Provider_Name": "Microsoft-Windows-Sysmon", "Provider_Guid": "{5770385f-c22a-43e0-bf4c-06f5698ffbd9}", "Provider": null, "EventID_Qualifiers": "", "EventID": "10", "Version": "3", "Level": "4", "Task": "10", "Opcode": "0", "Keywords": "0x8000000000000000", "TimeCreated_SystemTime": "2023-09-27 06:51:00.326666", "TimeCreated": null, "EventRecordID": "30787", "Correlation_ActivityID": "", "Correlation_RelatedActivityID": "", "Correlation": null, "Execution_ProcessID": "3368", "Execution_ThreadID": "3332", "Execution": null, "Channel": "Microsoft-Windows-Sysmon/Operational", "Computer": "DESKTOP-P5C3MUD", "Security_UserID": "S-1-5-18", "Security": null, "EventData_RuleName": "-", "EventData_UtcTime": "2023-09-27 06:51:00.311", "EventData_SourceProcessGUID": "{4557fbaa-cfa6-6513-3801-000000000e00}", "EventData_SourceProcessId": "7028", "EventData_SourceThreadId": "2408", "EventData_SourceImage": "E:\\Software\\Microsoft Visual Studio\\Common7\\IDE\\PerfWatson2.exe", "EventData_TargetProcessGUID": "{4557fbaa-d010-6513-4a01-000000000e00}", "EventData_TargetProcessId": "2236", "EventData_TargetImage": "E:\\Software\\Microsoft Visual Studio\\Common7\\ServiceHub\\Hosts\\ServiceHub.Host.AnyCPU\\ServiceHub.ThreadedWaitDialog.exe", "EventData_GrantedAccess": "0x001f3fff", "EventData_CallTrace": "C:\\Windows\\SYSTEM32\\ntdll.dll+9d314|C:\\Windows\\System32\\KERNELBASE.dll+308ee|C:\\Windows\\assembly\\NativeImages_v4.0.30319_64\\System\\dedc75453f6b39c0f80a287688f47235\\System.ni.dll+34f460|C:\\Windows\\assembly\\NativeImages_v4.0.30319_64\\System\\dedc75453f6b39c0f80a287688f47235\\System.ni.dll+2cd80e|C:\\Windows\\assembly\\NativeImages_v4.0.30319_64\\System\\dedc75453f6b39c0f80a287688f47235\\System.ni.dll+2cc3b5|C:\\Windows\\assembly\\NativeImages_v4.0.30319_64\\System\\dedc75453f6b39c0f80a287688f47235\\System.ni.dll+2b2ede|C:\\Windows\\assembly\\NativeImages_v4.0.30319_64\\System\\dedc75453f6b39c0f80a287688f47235\\System.ni.dll+2b25a5|C:\\Windows\\assembly\\NativeImages_v4.0.30319_64\\Microsoft.Vc1955904#\\de9437fb23758d4b10606c9d0c767021\\Microsoft.VisualStudio.PerfWatson.ni.dll+324d2c|C:\\Windows\\assembly\\NativeImages_v4.0.30319_64\\Microsoft.Vc1955904#\\de9437fb23758d4b10606c9d0c767021\\Microsoft.VisualStudio.PerfWatson.ni.dll+323476|C:\\Windows\\assembly\\NativeImages_v4.0.30319_64\\Microsoft.Vc1955904#\\de9437fb23758d4b10606c9d0c767021\\Microsoft.VisualStudio.PerfWatson.ni.dll+375bc2|C:\\Windows\\assembly\\NativeImages_v4.0.30319_64\\Microsoft.Vc1955904#\\de9437fb23758d4b10606c9d0c767021\\Microsoft.VisualStudio.PerfWatson.ni.dll+306366|C:\\Windows\\assembly\\NativeImages_v4.0.30319_64\\Microsoft.Vc1955904#\\de9437fb23758d4b10606c9d0c767021\\Microsoft.VisualStudio.PerfWatson.ni.dll+306388|C:\\Windows\\assembly\\NativeImages_v4.0.30319_64\\Microsoft.Vc1955904#\\de9437fb23758d4b10606c9d0c767021\\Microsoft.VisualStudio.PerfWatson.ni.dll+306388|C:\\Windows\\assembly\\NativeImages_v4.0.30319_64\\Microsoft.Vc1955904#\\de9437fb23758d4b10606c9d0c767021\\Microsoft.VisualStudio.PerfWatson.ni.dll+324aa8|C:\\Windows\\assembly\\NativeImages_v4.0.30319_64\\Microsoft.Vc1955904#\\de9437fb23758d4b10606c9d0c767021\\Microsoft.VisualStudio.PerfWatson.ni.dll+32368c|C:\\Windows\\assembly\\NativeImages_v4.0.30319_64\\Microsoft.Vc1955904#\\de9437fb23758d4b10606c9d0c767021\\Microsoft.VisualStudio.PerfWatson.ni.dll+3234f2|C:\\Windows\\assembly\\NativeImages_v4.0.30319_64\\System\\dedc75453f6b39c0f80a287688f47235\\System.ni.dll+2e05c0|C:\\Windows\\assembly\\NativeImages_v4.0.30319_64\\mscorlib\\987f639e2113a820112aca65fb12396c\\mscorlib.ni.dll+55fbe8|C:\\Windows\\assembly\\NativeImages_v4.0.30319_64\\mscorlib\\987f639e2113a820112aca65fb12396c\\mscorlib.ni.dll+55fad5|C:\\Windows\\assembly\\NativeImages_v4.0.30319_64\\mscorlib\\987f639e2113a820112aca65fb12396c\\mscorlib.ni.dll+ef12f8|C:\\Windows\\assembly\\NativeImages_v4.0.30319_64\\mscorlib\\987f639e2113a820112aca65fb12396c\\mscorlib.ni.dll+ef1041|C:\\Windows\\assembly\\NativeImages_v4.0.30319_64\\mscorlib\\987f639e2113a820112aca65fb12396c\\mscorlib.ni.dll+50a338|C:\\Windows\\Microsoft.NET\\Framework64\\v4.0.30319\\clr.dll+1912c3|C:\\Windows\\Microsoft.NET\\Framework64\\v4.0.30319\\clr.dll+5961b", "EventData_SourceUser": "DESKTOP-P5C3MUD\\user", "EventData_TargetUser": "DESKTOP-P5C3MUD\\user"}
{"Provider_Name": "Microsoft-Windows-Sysmon", "Provider_Guid": "{5770385f-c22a-43e0-bf4c-06f5698ffbd9}", "Provider": null, "EventID_Qualifiers": "", "EventID": "10", "Version": "3", "Level": "4", "Task": "10", "Opcode": "0", "Keywords": "0x8000000000000000", "TimeCreated_SystemTime": "2023-09-27 06:51:00.328110", "TimeCreated": null, "EventRecordID": "30788", "Correlation_ActivityID": "", "Correlation_RelatedActivityID": "", "Correlation": null, "Execution_ProcessID": "3368", "Execution_ThreadID": "3332", "Execution": null, "Channel": "Microsoft-Windows-Sysmon/Operational", "Computer": "DESKTOP-P5C3MUD", "Security_UserID": "S-1-5-18", "Security": null, "EventData_RuleName": "-", "EventData_UtcTime": "2023-09-27 06:51:00.326", "EventData_SourceProcessGUID": "{4557fbaa-cfa6-6513-3801-000000000e00}", "EventData_SourceProcessId": "7028", "EventData_SourceThreadId": "2408", "EventData_SourceImage": "E:\\Software\\Microsoft Visual Studio\\Common7\\IDE\\PerfWatson2.exe", "EventData_TargetProcessGUID": "{4557fbaa-d018-6513-4b01-000000000e00}", "EventData_TargetProcessId": "384", "EventData_TargetImage": "E:\\Software\\Microsoft Visual Studio\\Common7\\ServiceHub\\Hosts\\ServiceHub.Host.Dotnet.x64\\ServiceHub.RoslynCodeAnalysisService.exe", "EventData_GrantedAccess": "0x001f3fff", "EventData_CallTrace": "C:\\Windows\\SYSTEM32\\ntdll.dll+9d314|C:\\Windows\\System32\\KERNELBASE.dll+308ee|C:\\Windows\\assembly\\NativeImages_v4.0.30319_64\\System\\dedc75453f6b39c0f80a287688f47235\\System.ni.dll+34f460|C:\\Windows\\assembly\\NativeImages_v4.0.30319_64\\System\\dedc75453f6b39c0f80a287688f47235\\System.ni.dll+2cd80e|C:\\Windows\\assembly\\NativeImages_v4.0.30319_64\\System\\dedc75453f6b39c0f80a287688f47235\\System.ni.dll+2cc3b5|C:\\Windows\\assembly\\NativeImages_v4.0.30319_64\\System\\dedc75453f6b39c0f80a287688f47235\\System.ni.dll+2b2ede|C:\\Windows\\assembly\\NativeImages_v4.0.30319_64\\System\\dedc75453f6b39c0f80a287688f47235\\System.ni.dll+2b25a5|C:\\Windows\\assembly\\NativeImages_v4.0.30319_64\\Microsoft.Vc1955904#\\de9437fb23758d4b10606c9d0c767021\\Microsoft.VisualStudio.PerfWatson.ni.dll+324d2c|C:\\Windows\\assembly\\NativeImages_v4.0.30319_64\\Microsoft.Vc1955904#\\de9437fb23758d4b10606c9d0c767021\\Microsoft.VisualStudio.PerfWatson.ni.dll+323476|C:\\Windows\\assembly\\NativeImages_v4.0.30319_64\\Microsoft.Vc1955904#\\de9437fb23758d4b10606c9d0c767021\\Microsoft.VisualStudio.PerfWatson.ni.dll+375bc2|C:\\Windows\\assembly\\NativeImages_v4.0.30319_64\\Microsoft.Vc1955904#\\de9437fb23758d4b10606c9d0c767021\\Microsoft.VisualStudio.PerfWatson.ni.dll+306366|C:\\Windows\\assembly\\NativeImages_v4.0.30319_64\\Microsoft.Vc1955904#\\de9437fb23758d4b10606c9d0c767021\\Microsoft.VisualStudio.PerfWatson.ni.dll+306388|C:\\Windows\\assembly\\NativeImages_v4.0.30319_64\\Microsoft.Vc1955904#\\de9437fb23758d4b10606c9d0c767021\\Microsoft.VisualStudio.PerfWatson.ni.dll+306388|C:\\Windows\\assembly\\NativeImages_v4.0.30319_64\\Microsoft.Vc1955904#\\de9437fb23758d4b10606c9d0c767021\\Microsoft.VisualStudio.PerfWatson.ni.dll+324aa8|C:\\Windows\\assembly\\NativeImages_v4.0.30319_64\\Microsoft.Vc1955904#\\de9437fb23758d4b10606c9d0c767021\\Microsoft.VisualStudio.PerfWatson.ni.dll+32368c|C:\\Windows\\assembly\\NativeImages_v4.0.30319_64\\Microsoft.Vc1955904#\\de9437fb23758d4b10606c9d0c767021\\Microsoft.VisualStudio.PerfWatson.ni.dll+3234f2|C:\\Windows\\assembly\\NativeImages_v4.0.30319_64\\System\\dedc75453f6b39c0f80a287688f47235\\System.ni.dll+2e05c0|C:\\Windows\\assembly\\NativeImages_v4.0.30319_64\\mscorlib\\987f639e2113a820112aca65fb12396c\\mscorlib.ni.dll+55fbe8|C:\\Windows\\assembly\\NativeImages_v4.0.30319_64\\mscorlib\\987f639e2113a820112aca65fb12396c\\mscorlib.ni.dll+55fad5|C:\\Windows\\assembly\\NativeImages_v4.0.30319_64\\mscorlib\\987f639e2113a820112aca65fb12396c\\mscorlib.ni.dll+ef12f8|C:\\Windows\\assembly\\NativeImages_v4.0.30319_64\\mscorlib\\987f639e2113a820112aca65fb12396c\\mscorlib.ni.dll+ef1041|C:\\Windows\\assembly\\NativeImages_v4.0.30319_64\\mscorlib\\987f639e2113a820112aca65fb12396c\\mscorlib.ni.dll+50a338|C:\\Windows\\Microsoft.NET\\Framework64\\v4.0.30319\\clr.dll+1912c3|C:\\Windows\\Microsoft.NET\\Framework64\\v4.0.30319\\clr.dll+5961b", "EventData_SourceUser": "DESKTOP-P5C3MUD\\user", "EventData_TargetUser": "DESKTOP-P5C3MUD\\user"}
{"Provider_Name": "Microsoft-Windows-Sysmon", "Provider_Guid": "{5770385f-c22a-43e0-bf4c-06f5698ffbd9}", "Provider": null, "EventID_Qualifiers": "", "EventID": "10", "Version": "3", "Level": "4", "Task": "10", "Opcode": "0", "Keywords": "0x8000000000000000", "TimeCreated_SystemTime": "2023-09-27 06:51:00.329519", "TimeCreated": null, "EventRecordID": "30789", "Correlation_ActivityID": "", "Correlation_RelatedActivityID": "", "Correlation": null, "Execution_ProcessID": "3368", "Execution_ThreadID": "3332", "Execution": null, "Channel": "Microsoft-Windows-Sysmon/Operational", "Computer": "DESKTOP-P5C3MUD", "Security_UserID": "S-1-5-18", "Security": null, "EventData_RuleName": "-", "EventData_UtcTime": "2023-09-27 06:51:00.326", "EventData_SourceProcessGUID": "{4557fbaa-cfa6-6513-3801-000000000e00}", "EventData_SourceProcessId": "7028", "EventData_SourceThreadId": "2408", "EventData_SourceImage": "E:\\Software\\Microsoft Visual Studio\\Common7\\IDE\\PerfWatson2.exe", "EventData_TargetProcessGUID": "{4557fbaa-d019-6513-4c01-000000000e00}", "EventData_TargetProcessId": "10872", "EventData_TargetImage": "E:\\Software\\Microsoft Visual Studio\\Common7\\ServiceHub\\Hosts\\ServiceHub.Host.Dotnet.x64\\ServiceHub.IndexingService.exe", "EventData_GrantedAccess": "0x001f3fff", "EventData_CallTrace": "C:\\Windows\\SYSTEM32\\ntdll.dll+9d314|C:\\Windows\\System32\\KERNELBASE.dll+308ee|C:\\Windows\\assembly\\NativeImages_v4.0.30319_64\\System\\dedc75453f6b39c0f80a287688f47235\\System.ni.dll+34f460|C:\\Windows\\assembly\\NativeImages_v4.0.30319_64\\System\\dedc75453f6b39c0f80a287688f47235\\System.ni.dll+2cd80e|C:\\Windows\\assembly\\NativeImages_v4.0.30319_64\\System\\dedc75453f6b39c0f80a287688f47235\\System.ni.dll+2cc3b5|C:\\Windows\\assembly\\NativeImages_v4.0.30319_64\\System\\dedc75453f6b39c0f80a287688f47235\\System.ni.dll+2b2ede|C:\\Windows\\assembly\\NativeImages_v4.0.30319_64\\System\\dedc75453f6b39c0f80a287688f47235\\System.ni.dll+2b25a5|C:\\Windows\\assembly\\NativeImages_v4.0.30319_64\\Microsoft.Vc1955904#\\de9437fb23758d4b10606c9d0c767021\\Microsoft.VisualStudio.PerfWatson.ni.dll+324d2c|C:\\Windows\\assembly\\NativeImages_v4.0.30319_64\\Microsoft.Vc1955904#\\de9437fb23758d4b10606c9d0c767021\\Microsoft.VisualStudio.PerfWatson.ni.dll+323476|C:\\Windows\\assembly\\NativeImages_v4.0.30319_64\\Microsoft.Vc1955904#\\de9437fb23758d4b10606c9d0c767021\\Microsoft.VisualStudio.PerfWatson.ni.dll+375bc2|C:\\Windows\\assembly\\NativeImages_v4.0.30319_64\\Microsoft.Vc1955904#\\de9437fb23758d4b10606c9d0c767021\\Microsoft.VisualStudio.PerfWatson.ni.dll+306366|C:\\Windows\\assembly\\NativeImages_v4.0.30319_64\\Microsoft.Vc1955904#\\de9437fb23758d4b10606c9d0c767021\\Microsoft.VisualStudio.PerfWatson.ni.dll+306388|C:\\Windows\\assembly\\NativeImages_v4.0.30319_64\\Microsoft.Vc1955904#\\de9437fb23758d4b10606c9d0c767021\\Microsoft.VisualStudio.PerfWatson.ni.dll+306388|C:\\Windows\\assembly\\NativeImages_v4.0.30319_64\\Microsoft.Vc1955904#\\de9437fb23758d4b10606c9d0c767021\\Microsoft.VisualStudio.PerfWatson.ni.dll+324aa8|C:\\Windows\\assembly\\NativeImages_v4.0.30319_64\\Microsoft.Vc1955904#\\de9437fb23758d4b10606c9d0c767021\\Microsoft.VisualStudio.PerfWatson.ni.dll+32368c|C:\\Windows\\assembly\\NativeImages_v4.0.30319_64\\Microsoft.Vc1955904#\\de9437fb23758d4b10606c9d0c767021\\Microsoft.VisualStudio.PerfWatson.ni.dll+3234f2|C:\\Windows\\assembly\\NativeImages_v4.0.30319_64\\System\\dedc75453f6b39c0f80a287688f47235\\System.ni.dll+2e05c0|C:\\Windows\\assembly\\NativeImages_v4.0.30319_64\\mscorlib\\987f639e2113a820112aca65fb12396c\\mscorlib.ni.dll+55fbe8|C:\\Windows\\assembly\\NativeImages_v4.0.30319_64\\mscorlib\\987f639e2113a820112aca65fb12396c\\mscorlib.ni.dll+55fad5|C:\\Windows\\assembly\\NativeImages_v4.0.30319_64\\mscorlib\\987f639e2113a820112aca65fb12396c\\mscorlib.ni.dll+ef12f8|C:\\Windows\\assembly\\NativeImages_v4.0.30319_64\\mscorlib\\987f639e2113a820112aca65fb12396c\\mscorlib.ni.dll+ef1041|C:\\Windows\\assembly\\NativeImages_v4.0.30319_64\\mscorlib\\987f639e2113a820112aca65fb12396c\\mscorlib.ni.dll+50a338|C:\\Windows\\Microsoft.NET\\Framework64\\v4.0.30319\\clr.dll+1912c3|C:\\Windows\\Microsoft.NET\\Framework64\\v4.0.30319\\clr.dll+5961b", "EventData_SourceUser": "DESKTOP-P5C3MUD\\user", "EventData_TargetUser": "DESKTOP-P5C3MUD\\user"}
