{"Provider_Name": "Microsoft-Windows-Sysmon", "Provider_Guid": "{5770385f-c22a-43e0-bf4c-06f5698ffbd9}", "Provider": null, "EventID_Qualifiers": "", "EventID": "7", "Version": "3", "Level": "4", "Task": "7", "Opcode": "0", "Keywords": "0x8000000000000000", "TimeCreated_SystemTime": "2023-09-27 06:50:51.440521", "TimeCreated": null, "EventRecordID": "29843", "Correlation_ActivityID": "", "Correlation_RelatedActivityID": "", "Correlation": null, "Execution_ProcessID": "3368", "Execution_ThreadID": "3332", "Execution": null, "Channel": "Microsoft-Windows-Sysmon/Operational", "Computer": "DESKTOP-P5C3MUD", "Security_UserID": "S-1-5-18", "Security": null, "EventData_RuleName": "-", "EventData_UtcTime": "2023-09-27 06:50:51.436", "EventData_ProcessGuid": "{4557fbaa-ce30-6513-4900-000000000e00}", "EventData_ProcessId": "3248", "EventData_Image": "C:\\Windows\\System32\\svchost.exe", "EventData_ImageLoaded": "C:\\Windows\\System32\\setupapi.dll", "EventData_FileVersion": "10.0.19041.3155 (WinBuild.160101.0800)", "EventData_Description": "Windows Setup API", "EventData_Product": "Microsoft\u00ae Windows\u00ae Operating System", "EventData_Company": "Microsoft Corporation", "EventData_OriginalFileName": "SETUPAPI.DLL", "EventData_Hashes": "SHA1=784673FFDF348363047ECC70A63857BABBD105A8,MD5=CEE70EFE9D3D74473986042679A939E3,SHA256=5B6460D3C31B012F8AD95F710065636E26A9234417829673823FA12FC9A5FCCE,IMPHASH=26488CAA7B146C0C8B92F04526524C41", "EventData_Signed": "true", "EventData_Signature": "Microsoft Windows", "EventData_SignatureStatus": "Valid", "EventData_User": "NT AUTHORITY\\SYSTEM"}
{"Provider_Name": "Microsoft-Windows-Sysmon", "Provider_Guid": "{5770385f-c22a-43e0-bf4c-06f5698ffbd9}", "Provider": null, "EventID_Qualifiers": "", "EventID": "7", "Version": "3", "Level": "4", "Task": "7", "Opcode": "0", "Keywords": "0x8000000000000000", "TimeCreated_SystemTime": "2023-09-27 06:50:51.442926", "TimeCreated": null, "EventRecordID": "29844", "Correlation_ActivityID": "", "Correlation_RelatedActivityID": "", "Correlation": null, "Execution_ProcessID": "3368", "Execution_ThreadID": "888", "Execution": null, "Channel": "Microsoft-Windows-Sysmon/Operational", "Computer": "DESKTOP-P5C3MUD", "Security_UserID": "S-1-5-18", "Security": null, "EventData_RuleName": "-", "EventData_UtcTime": "2023-09-27 06:50:51.436", "EventData_ProcessGuid": "{4557fbaa-ce30-6513-4900-000000000e00}", "EventData_ProcessId": "3248", "EventData_Image": "C:\\Windows\\System32\\svchost.exe", "EventData_ImageLoaded": "C:\\Windows\\System32\\sfc.dll", "EventData_FileVersion": "10.0.19041.2075 (WinBuild.160101.0800)", "EventData_Description": "Windows File Protection", "EventData_Product": "Microsoft\u00ae Windows\u00ae Operating System", "EventData_Company": "Microsoft Corporation", "EventData_OriginalFileName": "sfc.dll", "EventData_Hashes": "SHA1=0669ACF4EF03A25B9D728FE59DCA4B5523188126,MD5=C98A8F0DCC4E6B1F32B30F41BA2760E8,SHA256=7A455D339B072C18A39A5835DCABBC5B7E47B9367C9FB9BFD06D07BE1F176E09,IMPHASH=00000000000000000000000000000000", "EventData_Signed": "true", "EventData_Signature": "Microsoft Windows", "EventData_SignatureStatus": "Valid", "EventData_User": "NT AUTHORITY\\SYSTEM"}
{"Provider_Name": "Microsoft-Windows-Sysmon", "Provider_Guid": "{5770385f-c22a-43e0-bf4c-06f5698ffbd9}", "Provider": null, "EventID_Qualifiers": "", "EventID": "7", "Version": "3", "Level": "4", "Task": "7", "Opcode": "0", "Keywords": "0x8000000000000000", "TimeCreated_SystemTime": "2023-09-27 06:50:51.443176", "TimeCreated": null, "EventRecordID": "29845", "Correlation_ActivityID": "", "Correlation_RelatedActivityID": "", "Correlation": null, "Execution_ProcessID": "3368", "Execution_ThreadID": "888", "Execution": null, "Channel": "Microsoft-Windows-Sysmon/Operational", "Computer": "DESKTOP-P5C3MUD", "Security_UserID": "S-1-5-18", "Security": null, "EventData_RuleName": "-", "EventData_UtcTime": "2023-09-27 06:50:51.436", "EventData_ProcessGuid": "{4557fbaa-ce30-6513-4900-000000000e00}", "EventData_ProcessId": "3248", "EventData_Image": "C:\\Windows\\System32\\svchost.exe", "EventData_ImageLoaded": "C:\\Windows\\System32\\sfc.dll", "EventData_FileVersion": "10.0.19041.2075 (WinBuild.160101.0800)", "EventData_Description": "Windows File Protection", "EventData_Product": "Microsoft\u00ae Windows\u00ae Operating System", "EventData_Company": "Microsoft Corporation", "EventData_OriginalFileName": "sfc.dll", "EventData_Hashes": "SHA1=0669ACF4EF03A25B9D728FE59DCA4B5523188126,MD5=C98A8F0DCC4E6B1F32B30F41BA2760E8,SHA256=7A455D339B072C18A39A5835DCABBC5B7E47B9367C9FB9BFD06D07BE1F176E09,IMPHASH=00000000000000000000000000000000", "EventData_Signed": "true", "EventData_Signature": "Microsoft Windows", "EventData_SignatureStatus": "Valid", "EventData_User": "NT AUTHORITY\\SYSTEM"}
{"Provider_Name": "Microsoft-Windows-Sysmon", "Provider_Guid": "{5770385f-c22a-43e0-bf4c-06f5698ffbd9}", "Provider": null, "EventID_Qualifiers": "", "EventID": "12", "Version": "2", "Level": "4", "Task": "12", "Opcode": "0", "Keywords": "0x8000000000000000", "TimeCreated_SystemTime": "2023-09-27 06:50:51.443703", "TimeCreated": null, "EventRecordID": "29846", "Correlation_ActivityID": "", "Correlation_RelatedActivityID": "", "Correlation": null, "Execution_ProcessID": "3368", "Execution_ThreadID": "3332", "Execution": null, "Channel": "Microsoft-Windows-Sysmon/Operational", "Computer": "DESKTOP-P5C3MUD", "Security_UserID": "S-1-5-18", "Security": null, "EventData_RuleName": "-", "EventData_EventType": "CreateKey", "EventData_UtcTime": "2023-09-27 06:50:51.436", "EventData_ProcessGuid": "{4557fbaa-ce30-6513-4900-000000000e00}", "EventData_ProcessId": "3248", "EventData_Image": "C:\\Windows\\System32\\svchost.exe", "EventData_TargetObject": "\\REGISTRY\\A\\{80a7dc6a-6a1c-0c38-7053-c1a1aac745a3}\\Root\\InventoryApplicationFile\\autorun_reg_test|eaf77670c5831197", "EventData_User": "NT AUTHORITY\\SYSTEM"}
{"Provider_Name": "Microsoft-Windows-Sysmon", "Provider_Guid": "{5770385f-c22a-43e0-bf4c-06f5698ffbd9}", "Provider": null, "EventID_Qualifiers": "", "EventID": "13", "Version": "2", "Level": "4", "Task": "13", "Opcode": "0", "Keywords": "0x8000000000000000", "TimeCreated_SystemTime": "2023-09-27 06:50:51.443743", "TimeCreated": null, "EventRecordID": "29847", "Correlation_ActivityID": "", "Correlation_RelatedActivityID": "", "Correlation": null, "Execution_ProcessID": "3368", "Execution_ThreadID": "3332", "Execution": null, "Channel": "Microsoft-Windows-Sysmon/Operational", "Computer": "DESKTOP-P5C3MUD", "Security_UserID": "S-1-5-18", "Security": null, "EventData_RuleName": "-", "EventData_EventType": "SetValue", "EventData_UtcTime": "2023-09-27 06:50:51.436", "EventData_ProcessGuid": "{4557fbaa-ce30-6513-4900-000000000e00}", "EventData_ProcessId": "3248", "EventData_Image": "C:\\Windows\\System32\\svchost.exe", "EventData_TargetObject": "\\REGISTRY\\A\\{80a7dc6a-6a1c-0c38-7053-c1a1aac745a3}\\Root\\InventoryApplicationFile\\autorun_reg_test|eaf77670c5831197\\ProgramId", "EventData_Details": "00061acf68b00fe24a9a1af407c1d0a841950000ffff", "EventData_User": "NT AUTHORITY\\SYSTEM"}
{"Provider_Name": "Microsoft-Windows-Sysmon", "Provider_Guid": "{5770385f-c22a-43e0-bf4c-06f5698ffbd9}", "Provider": null, "EventID_Qualifiers": "", "EventID": "13", "Version": "2", "Level": "4", "Task": "13", "Opcode": "0", "Keywords": "0x8000000000000000", "TimeCreated_SystemTime": "2023-09-27 06:50:51.443777", "TimeCreated": null, "EventRecordID": "29848", "Correlation_ActivityID": "", "Correlation_RelatedActivityID": "", "Correlation": null, "Execution_ProcessID": "3368", "Execution_ThreadID": "3332", "Execution": null, "Channel": "Microsoft-Windows-Sysmon/Operational", "Computer": "DESKTOP-P5C3MUD", "Security_UserID": "S-1-5-18", "Security": null, "EventData_RuleName": "-", "EventData_EventType": "SetValue", "EventData_UtcTime": "2023-09-27 06:50:51.436", "EventData_ProcessGuid": "{4557fbaa-ce30-6513-4900-000000000e00}", "EventData_ProcessId": "3248", "EventData_Image": "C:\\Windows\\System32\\svchost.exe", "EventData_TargetObject": "\\REGISTRY\\A\\{80a7dc6a-6a1c-0c38-7053-c1a1aac745a3}\\Root\\InventoryApplicationFile\\autorun_reg_test|eaf77670c5831197\\FileId", "EventData_Details": "0000459f303fee801bbf7101b995e813f7cf9ccac818", "EventData_User": "NT AUTHORITY\\SYSTEM"}
{"Provider_Name": "Microsoft-Windows-Sysmon", "Provider_Guid": "{5770385f-c22a-43e0-bf4c-06f5698ffbd9}", "Provider": null, "EventID_Qualifiers": "", "EventID": "13", "Version": "2", "Level": "4", "Task": "13", "Opcode": "0", "Keywords": "0x8000000000000000", "TimeCreated_SystemTime": "2023-09-27 06:50:51.443811", "TimeCreated": null, "EventRecordID": "29849", "Correlation_ActivityID": "", "Correlation_RelatedActivityID": "", "Correlation": null, "Execution_ProcessID": "3368", "Execution_ThreadID": "3332", "Execution": null, "Channel": "Microsoft-Windows-Sysmon/Operational", "Computer": "DESKTOP-P5C3MUD", "Security_UserID": "S-1-5-18", "Security": null, "EventData_RuleName": "-", "EventData_EventType": "SetValue", "EventData_UtcTime": "2023-09-27 06:50:51.436", "EventData_ProcessGuid": "{4557fbaa-ce30-6513-4900-000000000e00}", "EventData_ProcessId": "3248", "EventData_Image": "C:\\Windows\\System32\\svchost.exe", "EventData_TargetObject": "\\REGISTRY\\A\\{80a7dc6a-6a1c-0c38-7053-c1a1aac745a3}\\Root\\InventoryApplicationFile\\autorun_reg_test|eaf77670c5831197\\LowerCaseLongPath", "EventData_Details": "e:\\experiment\\windows hacker attack program\\5\\\u6ce8\u518c\u8868\u81ea\u542f\u52a8\\autorun_reg_test.exe", "EventData_User": "NT AUTHORITY\\SYSTEM"}
{"Provider_Name": "Microsoft-Windows-Sysmon", "Provider_Guid": "{5770385f-c22a-43e0-bf4c-06f5698ffbd9}", "Provider": null, "EventID_Qualifiers": "", "EventID": "13", "Version": "2", "Level": "4", "Task": "13", "Opcode": "0", "Keywords": "0x8000000000000000", "TimeCreated_SystemTime": "2023-09-27 06:50:51.443851", "TimeCreated": null, "EventRecordID": "29850", "Correlation_ActivityID": "", "Correlation_RelatedActivityID": "", "Correlation": null, "Execution_ProcessID": "3368", "Execution_ThreadID": "3332", "Execution": null, "Channel": "Microsoft-Windows-Sysmon/Operational", "Computer": "DESKTOP-P5C3MUD", "Security_UserID": "S-1-5-18", "Security": null, "EventData_RuleName": "-", "EventData_EventType": "SetValue", "EventData_UtcTime": "2023-09-27 06:50:51.436", "EventData_ProcessGuid": "{4557fbaa-ce30-6513-4900-000000000e00}", "EventData_ProcessId": "3248", "EventData_Image": "C:\\Windows\\System32\\svchost.exe", "EventData_TargetObject": "\\REGISTRY\\A\\{80a7dc6a-6a1c-0c38-7053-c1a1aac745a3}\\Root\\InventoryApplicationFile\\autorun_reg_test|eaf77670c5831197\\LongPathHash", "EventData_Details": "autorun_reg_test|eaf77670c5831197", "EventData_User": "NT AUTHORITY\\SYSTEM"}
{"Provider_Name": "Microsoft-Windows-Sysmon", "Provider_Guid": "{5770385f-c22a-43e0-bf4c-06f5698ffbd9}", "Provider": null, "EventID_Qualifiers": "", "EventID": "13", "Version": "2", "Level": "4", "Task": "13", "Opcode": "0", "Keywords": "0x8000000000000000", "TimeCreated_SystemTime": "2023-09-27 06:50:51.443880", "TimeCreated": null, "EventRecordID": "29851", "Correlation_ActivityID": "", "Correlation_RelatedActivityID": "", "Correlation": null, "Execution_ProcessID": "3368", "Execution_ThreadID": "3332", "Execution": null, "Channel": "Microsoft-Windows-Sysmon/Operational", "Computer": "DESKTOP-P5C3MUD", "Security_UserID": "S-1-5-18", "Security": null, "EventData_RuleName": "-", "EventData_EventType": "SetValue", "EventData_UtcTime": "2023-09-27 06:50:51.436", "EventData_ProcessGuid": "{4557fbaa-ce30-6513-4900-000000000e00}", "EventData_ProcessId": "3248", "EventData_Image": "C:\\Windows\\System32\\svchost.exe", "EventData_TargetObject": "\\REGISTRY\\A\\{80a7dc6a-6a1c-0c38-7053-c1a1aac745a3}\\Root\\InventoryApplicationFile\\autorun_reg_test|eaf77670c5831197\\Name", "EventData_Details": "AutoRun_Reg_Test.exe", "EventData_User": "NT AUTHORITY\\SYSTEM"}
{"Provider_Name": "Microsoft-Windows-Sysmon", "Provider_Guid": "{5770385f-c22a-43e0-bf4c-06f5698ffbd9}", "Provider": null, "EventID_Qualifiers": "", "EventID": "13", "Version": "2", "Level": "4", "Task": "13", "Opcode": "0", "Keywords": "0x8000000000000000", "TimeCreated_SystemTime": "2023-09-27 06:50:51.443914", "TimeCreated": null, "EventRecordID": "29852", "Correlation_ActivityID": "", "Correlation_RelatedActivityID": "", "Correlation": null, "Execution_ProcessID": "3368", "Execution_ThreadID": "3332", "Execution": null, "Channel": "Microsoft-Windows-Sysmon/Operational", "Computer": "DESKTOP-P5C3MUD", "Security_UserID": "S-1-5-18", "Security": null, "EventData_RuleName": "-", "EventData_EventType": "SetValue", "EventData_UtcTime": "2023-09-27 06:50:51.436", "EventData_ProcessGuid": "{4557fbaa-ce30-6513-4900-000000000e00}", "EventData_ProcessId": "3248", "EventData_Image": "C:\\Windows\\System32\\svchost.exe", "EventData_TargetObject": "\\REGISTRY\\A\\{80a7dc6a-6a1c-0c38-7053-c1a1aac745a3}\\Root\\InventoryApplicationFile\\autorun_reg_test|eaf77670c5831197\\OriginalFileName", "EventData_Details": "(Empty)", "EventData_User": "NT AUTHORITY\\SYSTEM"}
{"Provider_Name": "Microsoft-Windows-Sysmon", "Provider_Guid": "{5770385f-c22a-43e0-bf4c-06f5698ffbd9}", "Provider": null, "EventID_Qualifiers": "", "EventID": "13", "Version": "2", "Level": "4", "Task": "13", "Opcode": "0", "Keywords": "0x8000000000000000", "TimeCreated_SystemTime": "2023-09-27 06:50:51.443945", "TimeCreated": null, "EventRecordID": "29853", "Correlation_ActivityID": "", "Correlation_RelatedActivityID": "", "Correlation": null, "Execution_ProcessID": "3368", "Execution_ThreadID": "3332", "Execution": null, "Channel": "Microsoft-Windows-Sysmon/Operational", "Computer": "DESKTOP-P5C3MUD", "Security_UserID": "S-1-5-18", "Security": null, "EventData_RuleName": "-", "EventData_EventType": "SetValue", "EventData_UtcTime": "2023-09-27 06:50:51.436", "EventData_ProcessGuid": "{4557fbaa-ce30-6513-4900-000000000e00}", "EventData_ProcessId": "3248", "EventData_Image": "C:\\Windows\\System32\\svchost.exe", "EventData_TargetObject": "\\REGISTRY\\A\\{80a7dc6a-6a1c-0c38-7053-c1a1aac745a3}\\Root\\InventoryApplicationFile\\autorun_reg_test|eaf77670c5831197\\Publisher", "EventData_Details": "(Empty)", "EventData_User": "NT AUTHORITY\\SYSTEM"}
{"Provider_Name": "Microsoft-Windows-Sysmon", "Provider_Guid": "{5770385f-c22a-43e0-bf4c-06f5698ffbd9}", "Provider": null, "EventID_Qualifiers": "", "EventID": "13", "Version": "2", "Level": "4", "Task": "13", "Opcode": "0", "Keywords": "0x8000000000000000", "TimeCreated_SystemTime": "2023-09-27 06:50:51.443975", "TimeCreated": null, "EventRecordID": "29854", "Correlation_ActivityID": "", "Correlation_RelatedActivityID": "", "Correlation": null, "Execution_ProcessID": "3368", "Execution_ThreadID": "3332", "Execution": null, "Channel": "Microsoft-Windows-Sysmon/Operational", "Computer": "DESKTOP-P5C3MUD", "Security_UserID": "S-1-5-18", "Security": null, "EventData_RuleName": "-", "EventData_EventType": "SetValue", "EventData_UtcTime": "2023-09-27 06:50:51.436", "EventData_ProcessGuid": "{4557fbaa-ce30-6513-4900-000000000e00}", "EventData_ProcessId": "3248", "EventData_Image": "C:\\Windows\\System32\\svchost.exe", "EventData_TargetObject": "\\REGISTRY\\A\\{80a7dc6a-6a1c-0c38-7053-c1a1aac745a3}\\Root\\InventoryApplicationFile\\autorun_reg_test|eaf77670c5831197\\Version", "EventData_Details": "(Empty)", "EventData_User": "NT AUTHORITY\\SYSTEM"}
{"Provider_Name": "Microsoft-Windows-Sysmon", "Provider_Guid": "{5770385f-c22a-43e0-bf4c-06f5698ffbd9}", "Provider": null, "EventID_Qualifiers": "", "EventID": "13", "Version": "2", "Level": "4", "Task": "13", "Opcode": "0", "Keywords": "0x8000000000000000", "TimeCreated_SystemTime": "2023-09-27 06:50:51.444008", "TimeCreated": null, "EventRecordID": "29855", "Correlation_ActivityID": "", "Correlation_RelatedActivityID": "", "Correlation": null, "Execution_ProcessID": "3368", "Execution_ThreadID": "3332", "Execution": null, "Channel": "Microsoft-Windows-Sysmon/Operational", "Computer": "DESKTOP-P5C3MUD", "Security_UserID": "S-1-5-18", "Security": null, "EventData_RuleName": "-", "EventData_EventType": "SetValue", "EventData_UtcTime": "2023-09-27 06:50:51.436", "EventData_ProcessGuid": "{4557fbaa-ce30-6513-4900-000000000e00}", "EventData_ProcessId": "3248", "EventData_Image": "C:\\Windows\\System32\\svchost.exe", "EventData_TargetObject": "\\REGISTRY\\A\\{80a7dc6a-6a1c-0c38-7053-c1a1aac745a3}\\Root\\InventoryApplicationFile\\autorun_reg_test|eaf77670c5831197\\BinFileVersion", "EventData_Details": "(Empty)", "EventData_User": "NT AUTHORITY\\SYSTEM"}
{"Provider_Name": "Microsoft-Windows-Sysmon", "Provider_Guid": "{5770385f-c22a-43e0-bf4c-06f5698ffbd9}", "Provider": null, "EventID_Qualifiers": "", "EventID": "13", "Version": "2", "Level": "4", "Task": "13", "Opcode": "0", "Keywords": "0x8000000000000000", "TimeCreated_SystemTime": "2023-09-27 06:50:51.444038", "TimeCreated": null, "EventRecordID": "29856", "Correlation_ActivityID": "", "Correlation_RelatedActivityID": "", "Correlation": null, "Execution_ProcessID": "3368", "Execution_ThreadID": "3332", "Execution": null, "Channel": "Microsoft-Windows-Sysmon/Operational", "Computer": "DESKTOP-P5C3MUD", "Security_UserID": "S-1-5-18", "Security": null, "EventData_RuleName": "-", "EventData_EventType": "SetValue", "EventData_UtcTime": "2023-09-27 06:50:51.436", "EventData_ProcessGuid": "{4557fbaa-ce30-6513-4900-000000000e00}", "EventData_ProcessId": "3248", "EventData_Image": "C:\\Windows\\System32\\svchost.exe", "EventData_TargetObject": "\\REGISTRY\\A\\{80a7dc6a-6a1c-0c38-7053-c1a1aac745a3}\\Root\\InventoryApplicationFile\\autorun_reg_test|eaf77670c5831197\\BinaryType", "EventData_Details": "pe32_i386", "EventData_User": "NT AUTHORITY\\SYSTEM"}
{"Provider_Name": "Microsoft-Windows-Sysmon", "Provider_Guid": "{5770385f-c22a-43e0-bf4c-06f5698ffbd9}", "Provider": null, "EventID_Qualifiers": "", "EventID": "13", "Version": "2", "Level": "4", "Task": "13", "Opcode": "0", "Keywords": "0x8000000000000000", "TimeCreated_SystemTime": "2023-09-27 06:50:51.444185", "TimeCreated": null, "EventRecordID": "29857", "Correlation_ActivityID": "", "Correlation_RelatedActivityID": "", "Correlation": null, "Execution_ProcessID": "3368", "Execution_ThreadID": "3332", "Execution": null, "Channel": "Microsoft-Windows-Sysmon/Operational", "Computer": "DESKTOP-P5C3MUD", "Security_UserID": "S-1-5-18", "Security": null, "EventData_RuleName": "-", "EventData_EventType": "SetValue", "EventData_UtcTime": "2023-09-27 06:50:51.436", "EventData_ProcessGuid": "{4557fbaa-ce30-6513-4900-000000000e00}", "EventData_ProcessId": "3248", "EventData_Image": "C:\\Windows\\System32\\svchost.exe", "EventData_TargetObject": "\\REGISTRY\\A\\{80a7dc6a-6a1c-0c38-7053-c1a1aac745a3}\\Root\\InventoryApplicationFile\\autorun_reg_test|eaf77670c5831197\\ProductName", "EventData_Details": "(Empty)", "EventData_User": "NT AUTHORITY\\SYSTEM"}
{"Provider_Name": "Microsoft-Windows-Sysmon", "Provider_Guid": "{5770385f-c22a-43e0-bf4c-06f5698ffbd9}", "Provider": null, "EventID_Qualifiers": "", "EventID": "13", "Version": "2", "Level": "4", "Task": "13", "Opcode": "0", "Keywords": "0x8000000000000000", "TimeCreated_SystemTime": "2023-09-27 06:50:51.444244", "TimeCreated": null, "EventRecordID": "29858", "Correlation_ActivityID": "", "Correlation_RelatedActivityID": "", "Correlation": null, "Execution_ProcessID": "3368", "Execution_ThreadID": "3332", "Execution": null, "Channel": "Microsoft-Windows-Sysmon/Operational", "Computer": "DESKTOP-P5C3MUD", "Security_UserID": "S-1-5-18", "Security": null, "EventData_RuleName": "-", "EventData_EventType": "SetValue", "EventData_UtcTime": "2023-09-27 06:50:51.436", "EventData_ProcessGuid": "{4557fbaa-ce30-6513-4900-000000000e00}", "EventData_ProcessId": "3248", "EventData_Image": "C:\\Windows\\System32\\svchost.exe", "EventData_TargetObject": "\\REGISTRY\\A\\{80a7dc6a-6a1c-0c38-7053-c1a1aac745a3}\\Root\\InventoryApplicationFile\\autorun_reg_test|eaf77670c5831197\\ProductVersion", "EventData_Details": "(Empty)", "EventData_User": "NT AUTHORITY\\SYSTEM"}
{"Provider_Name": "Microsoft-Windows-Sysmon", "Provider_Guid": "{5770385f-c22a-43e0-bf4c-06f5698ffbd9}", "Provider": null, "EventID_Qualifiers": "", "EventID": "13", "Version": "2", "Level": "4", "Task": "13", "Opcode": "0", "Keywords": "0x8000000000000000", "TimeCreated_SystemTime": "2023-09-27 06:50:51.444283", "TimeCreated": null, "EventRecordID": "29859", "Correlation_ActivityID": "", "Correlation_RelatedActivityID": "", "Correlation": null, "Execution_ProcessID": "3368", "Execution_ThreadID": "3332", "Execution": null, "Channel": "Microsoft-Windows-Sysmon/Operational", "Computer": "DESKTOP-P5C3MUD", "Security_UserID": "S-1-5-18", "Security": null, "EventData_RuleName": "-", "EventData_EventType": "SetValue", "EventData_UtcTime": "2023-09-27 06:50:51.436", "EventData_ProcessGuid": "{4557fbaa-ce30-6513-4900-000000000e00}", "EventData_ProcessId": "3248", "EventData_Image": "C:\\Windows\\System32\\svchost.exe", "EventData_TargetObject": "\\REGISTRY\\A\\{80a7dc6a-6a1c-0c38-7053-c1a1aac745a3}\\Root\\InventoryApplicationFile\\autorun_reg_test|eaf77670c5831197\\LinkDate", "EventData_Details": "09/27/2023 06:48:20", "EventData_User": "NT AUTHORITY\\SYSTEM"}
{"Provider_Name": "Microsoft-Windows-Sysmon", "Provider_Guid": "{5770385f-c22a-43e0-bf4c-06f5698ffbd9}", "Provider": null, "EventID_Qualifiers": "", "EventID": "13", "Version": "2", "Level": "4", "Task": "13", "Opcode": "0", "Keywords": "0x8000000000000000", "TimeCreated_SystemTime": "2023-09-27 06:50:51.444319", "TimeCreated": null, "EventRecordID": "29860", "Correlation_ActivityID": "", "Correlation_RelatedActivityID": "", "Correlation": null, "Execution_ProcessID": "3368", "Execution_ThreadID": "3332", "Execution": null, "Channel": "Microsoft-Windows-Sysmon/Operational", "Computer": "DESKTOP-P5C3MUD", "Security_UserID": "S-1-5-18", "Security": null, "EventData_RuleName": "-", "EventData_EventType": "SetValue", "EventData_UtcTime": "2023-09-27 06:50:51.436", "EventData_ProcessGuid": "{4557fbaa-ce30-6513-4900-000000000e00}", "EventData_ProcessId": "3248", "EventData_Image": "C:\\Windows\\System32\\svchost.exe", "EventData_TargetObject": "\\REGISTRY\\A\\{80a7dc6a-6a1c-0c38-7053-c1a1aac745a3}\\Root\\InventoryApplicationFile\\autorun_reg_test|eaf77670c5831197\\BinProductVersion", "EventData_Details": "(Empty)", "EventData_User": "NT AUTHORITY\\SYSTEM"}
{"Provider_Name": "Microsoft-Windows-Sysmon", "Provider_Guid": "{5770385f-c22a-43e0-bf4c-06f5698ffbd9}", "Provider": null, "EventID_Qualifiers": "", "EventID": "13", "Version": "2", "Level": "4", "Task": "13", "Opcode": "0", "Keywords": "0x8000000000000000", "TimeCreated_SystemTime": "2023-09-27 06:50:51.444361", "TimeCreated": null, "EventRecordID": "29861", "Correlation_ActivityID": "", "Correlation_RelatedActivityID": "", "Correlation": null, "Execution_ProcessID": "3368", "Execution_ThreadID": "3332", "Execution": null, "Channel": "Microsoft-Windows-Sysmon/Operational", "Computer": "DESKTOP-P5C3MUD", "Security_UserID": "S-1-5-18", "Security": null, "EventData_RuleName": "-", "EventData_EventType": "SetValue", "EventData_UtcTime": "2023-09-27 06:50:51.436", "EventData_ProcessGuid": "{4557fbaa-ce30-6513-4900-000000000e00}", "EventData_ProcessId": "3248", "EventData_Image": "C:\\Windows\\System32\\svchost.exe", "EventData_TargetObject": "\\REGISTRY\\A\\{80a7dc6a-6a1c-0c38-7053-c1a1aac745a3}\\Root\\InventoryApplicationFile\\autorun_reg_test|eaf77670c5831197\\AppxPackageFullName", "EventData_Details": "(Empty)", "EventData_User": "NT AUTHORITY\\SYSTEM"}
{"Provider_Name": "Microsoft-Windows-Sysmon", "Provider_Guid": "{5770385f-c22a-43e0-bf4c-06f5698ffbd9}", "Provider": null, "EventID_Qualifiers": "", "EventID": "13", "Version": "2", "Level": "4", "Task": "13", "Opcode": "0", "Keywords": "0x8000000000000000", "TimeCreated_SystemTime": "2023-09-27 06:50:51.444403", "TimeCreated": null, "EventRecordID": "29862", "Correlation_ActivityID": "", "Correlation_RelatedActivityID": "", "Correlation": null, "Execution_ProcessID": "3368", "Execution_ThreadID": "3332", "Execution": null, "Channel": "Microsoft-Windows-Sysmon/Operational", "Computer": "DESKTOP-P5C3MUD", "Security_UserID": "S-1-5-18", "Security": null, "EventData_RuleName": "-", "EventData_EventType": "SetValue", "EventData_UtcTime": "2023-09-27 06:50:51.436", "EventData_ProcessGuid": "{4557fbaa-ce30-6513-4900-000000000e00}", "EventData_ProcessId": "3248", "EventData_Image": "C:\\Windows\\System32\\svchost.exe", "EventData_TargetObject": "\\REGISTRY\\A\\{80a7dc6a-6a1c-0c38-7053-c1a1aac745a3}\\Root\\InventoryApplicationFile\\autorun_reg_test|eaf77670c5831197\\AppxPackageRelativeId", "EventData_Details": "(Empty)", "EventData_User": "NT AUTHORITY\\SYSTEM"}
{"Provider_Name": "Microsoft-Windows-Sysmon", "Provider_Guid": "{5770385f-c22a-43e0-bf4c-06f5698ffbd9}", "Provider": null, "EventID_Qualifiers": "", "EventID": "13", "Version": "2", "Level": "4", "Task": "13", "Opcode": "0", "Keywords": "0x8000000000000000", "TimeCreated_SystemTime": "2023-09-27 06:50:51.444443", "TimeCreated": null, "EventRecordID": "29863", "Correlation_ActivityID": "", "Correlation_RelatedActivityID": "", "Correlation": null, "Execution_ProcessID": "3368", "Execution_ThreadID": "3332", "Execution": null, "Channel": "Microsoft-Windows-Sysmon/Operational", "Computer": "DESKTOP-P5C3MUD", "Security_UserID": "S-1-5-18", "Security": null, "EventData_RuleName": "-", "EventData_EventType": "SetValue", "EventData_UtcTime": "2023-09-27 06:50:51.436", "EventData_ProcessGuid": "{4557fbaa-ce30-6513-4900-000000000e00}", "EventData_ProcessId": "3248", "EventData_Image": "C:\\Windows\\System32\\svchost.exe", "EventData_TargetObject": "\\REGISTRY\\A\\{80a7dc6a-6a1c-0c38-7053-c1a1aac745a3}\\Root\\InventoryApplicationFile\\autorun_reg_test|eaf77670c5831197\\Size", "EventData_Details": "QWORD (0x00000000-0x000f1800)", "EventData_User": "NT AUTHORITY\\SYSTEM"}
{"Provider_Name": "Microsoft-Windows-Sysmon", "Provider_Guid": "{5770385f-c22a-43e0-bf4c-06f5698ffbd9}", "Provider": null, "EventID_Qualifiers": "", "EventID": "13", "Version": "2", "Level": "4", "Task": "13", "Opcode": "0", "Keywords": "0x8000000000000000", "TimeCreated_SystemTime": "2023-09-27 06:50:51.444477", "TimeCreated": null, "EventRecordID": "29864", "Correlation_ActivityID": "", "Correlation_RelatedActivityID": "", "Correlation": null, "Execution_ProcessID": "3368", "Execution_ThreadID": "3332", "Execution": null, "Channel": "Microsoft-Windows-Sysmon/Operational", "Computer": "DESKTOP-P5C3MUD", "Security_UserID": "S-1-5-18", "Security": null, "EventData_RuleName": "-", "EventData_EventType": "SetValue", "EventData_UtcTime": "2023-09-27 06:50:51.436", "EventData_ProcessGuid": "{4557fbaa-ce30-6513-4900-000000000e00}", "EventData_ProcessId": "3248", "EventData_Image": "C:\\Windows\\System32\\svchost.exe", "EventData_TargetObject": "\\REGISTRY\\A\\{80a7dc6a-6a1c-0c38-7053-c1a1aac745a3}\\Root\\InventoryApplicationFile\\autorun_reg_test|eaf77670c5831197\\Language", "EventData_Details": "DWORD (0x00000000)", "EventData_User": "NT AUTHORITY\\SYSTEM"}
{"Provider_Name": "Microsoft-Windows-Sysmon", "Provider_Guid": "{5770385f-c22a-43e0-bf4c-06f5698ffbd9}", "Provider": null, "EventID_Qualifiers": "", "EventID": "13", "Version": "2", "Level": "4", "Task": "13", "Opcode": "0", "Keywords": "0x8000000000000000", "TimeCreated_SystemTime": "2023-09-27 06:50:51.444515", "TimeCreated": null, "EventRecordID": "29865", "Correlation_ActivityID": "", "Correlation_RelatedActivityID": "", "Correlation": null, "Execution_ProcessID": "3368", "Execution_ThreadID": "3332", "Execution": null, "Channel": "Microsoft-Windows-Sysmon/Operational", "Computer": "DESKTOP-P5C3MUD", "Security_UserID": "S-1-5-18", "Security": null, "EventData_RuleName": "-", "EventData_EventType": "SetValue", "EventData_UtcTime": "2023-09-27 06:50:51.436", "EventData_ProcessGuid": "{4557fbaa-ce30-6513-4900-000000000e00}", "EventData_ProcessId": "3248", "EventData_Image": "C:\\Windows\\System32\\svchost.exe", "EventData_TargetObject": "\\REGISTRY\\A\\{80a7dc6a-6a1c-0c38-7053-c1a1aac745a3}\\Root\\InventoryApplicationFile\\autorun_reg_test|eaf77670c5831197\\Usn", "EventData_Details": "QWORD (0x00000000-0x00000000)", "EventData_User": "NT AUTHORITY\\SYSTEM"}
{"Provider_Name": "Microsoft-Windows-Sysmon", "Provider_Guid": "{5770385f-c22a-43e0-bf4c-06f5698ffbd9}", "Provider": null, "EventID_Qualifiers": "", "EventID": "12", "Version": "2", "Level": "4", "Task": "12", "Opcode": "0", "Keywords": "0x8000000000000000", "TimeCreated_SystemTime": "2023-09-27 06:50:51.444719", "TimeCreated": null, "EventRecordID": "29866", "Correlation_ActivityID": "", "Correlation_RelatedActivityID": "", "Correlation": null, "Execution_ProcessID": "3368", "Execution_ThreadID": "3332", "Execution": null, "Channel": "Microsoft-Windows-Sysmon/Operational", "Computer": "DESKTOP-P5C3MUD", "Security_UserID": "S-1-5-18", "Security": null, "EventData_RuleName": "-", "EventData_EventType": "CreateKey", "EventData_UtcTime": "2023-09-27 06:50:51.436", "EventData_ProcessGuid": "{4557fbaa-ce30-6513-4900-000000000e00}", "EventData_ProcessId": "3248", "EventData_Image": "C:\\Windows\\System32\\svchost.exe", "EventData_TargetObject": "\\REGISTRY\\A\\{80a7dc6a-6a1c-0c38-7053-c1a1aac745a3}\\Root", "EventData_User": "NT AUTHORITY\\SYSTEM"}
{"Provider_Name": "Microsoft-Windows-Sysmon", "Provider_Guid": "{5770385f-c22a-43e0-bf4c-06f5698ffbd9}", "Provider": null, "EventID_Qualifiers": "", "EventID": "12", "Version": "2", "Level": "4", "Task": "12", "Opcode": "0", "Keywords": "0x8000000000000000", "TimeCreated_SystemTime": "2023-09-27 06:50:51.444756", "TimeCreated": null, "EventRecordID": "29867", "Correlation_ActivityID": "", "Correlation_RelatedActivityID": "", "Correlation": null, "Execution_ProcessID": "3368", "Execution_ThreadID": "3332", "Execution": null, "Channel": "Microsoft-Windows-Sysmon/Operational", "Computer": "DESKTOP-P5C3MUD", "Security_UserID": "S-1-5-18", "Security": null, "EventData_RuleName": "-", "EventData_EventType": "CreateKey", "EventData_UtcTime": "2023-09-27 06:50:51.436", "EventData_ProcessGuid": "{4557fbaa-ce30-6513-4900-000000000e00}", "EventData_ProcessId": "3248", "EventData_Image": "C:\\Windows\\System32\\svchost.exe", "EventData_TargetObject": "\\REGISTRY\\A\\{80a7dc6a-6a1c-0c38-7053-c1a1aac745a3}\\Root\\InventoryApplicationFile", "EventData_User": "NT AUTHORITY\\SYSTEM"}
{"Provider_Name": "Microsoft-Windows-Sysmon", "Provider_Guid": "{5770385f-c22a-43e0-bf4c-06f5698ffbd9}", "Provider": null, "EventID_Qualifiers": "", "EventID": "13", "Version": "2", "Level": "4", "Task": "13", "Opcode": "0", "Keywords": "0x8000000000000000", "TimeCreated_SystemTime": "2023-09-27 06:50:51.444790", "TimeCreated": null, "EventRecordID": "29868", "Correlation_ActivityID": "", "Correlation_RelatedActivityID": "", "Correlation": null, "Execution_ProcessID": "3368", "Execution_ThreadID": "3332", "Execution": null, "Channel": "Microsoft-Windows-Sysmon/Operational", "Computer": "DESKTOP-P5C3MUD", "Security_UserID": "S-1-5-18", "Security": null, "EventData_RuleName": "-", "EventData_EventType": "SetValue", "EventData_UtcTime": "2023-09-27 06:50:51.436", "EventData_ProcessGuid": "{4557fbaa-ce30-6513-4900-000000000e00}", "EventData_ProcessId": "3248", "EventData_Image": "C:\\Windows\\System32\\svchost.exe", "EventData_TargetObject": "\\REGISTRY\\A\\{80a7dc6a-6a1c-0c38-7053-c1a1aac745a3}\\Root\\InventoryApplicationFile\\WritePermissionsCheck", "EventData_Details": "DWORD (0x00000001)", "EventData_User": "NT AUTHORITY\\SYSTEM"}
{"Provider_Name": "Microsoft-Windows-Sysmon", "Provider_Guid": "{5770385f-c22a-43e0-bf4c-06f5698ffbd9}", "Provider": null, "EventID_Qualifiers": "", "EventID": "12", "Version": "2", "Level": "4", "Task": "12", "Opcode": "0", "Keywords": "0x8000000000000000", "TimeCreated_SystemTime": "2023-09-27 06:50:51.444824", "TimeCreated": null, "EventRecordID": "29869", "Correlation_ActivityID": "", "Correlation_RelatedActivityID": "", "Correlation": null, "Execution_ProcessID": "3368", "Execution_ThreadID": "3332", "Execution": null, "Channel": "Microsoft-Windows-Sysmon/Operational", "Computer": "DESKTOP-P5C3MUD", "Security_UserID": "S-1-5-18", "Security": null, "EventData_RuleName": "-", "EventData_EventType": "CreateKey", "EventData_UtcTime": "2023-09-27 06:50:51.436", "EventData_ProcessGuid": "{4557fbaa-ce30-6513-4900-000000000e00}", "EventData_ProcessId": "3248", "EventData_Image": "C:\\Windows\\System32\\svchost.exe", "EventData_TargetObject": "\\REGISTRY\\A\\{80a7dc6a-6a1c-0c38-7053-c1a1aac745a3}\\Root\\InventoryApplicationFile\\PermissionsCheckTestKey", "EventData_User": "NT AUTHORITY\\SYSTEM"}
{"Provider_Name": "Microsoft-Windows-Sysmon", "Provider_Guid": "{5770385f-c22a-43e0-bf4c-06f5698ffbd9}", "Provider": null, "EventID_Qualifiers": "", "EventID": "12", "Version": "2", "Level": "4", "Task": "12", "Opcode": "0", "Keywords": "0x8000000000000000", "TimeCreated_SystemTime": "2023-09-27 06:50:51.444855", "TimeCreated": null, "EventRecordID": "29870", "Correlation_ActivityID": "", "Correlation_RelatedActivityID": "", "Correlation": null, "Execution_ProcessID": "3368", "Execution_ThreadID": "3332", "Execution": null, "Channel": "Microsoft-Windows-Sysmon/Operational", "Computer": "DESKTOP-P5C3MUD", "Security_UserID": "S-1-5-18", "Security": null, "EventData_RuleName": "-", "EventData_EventType": "DeleteKey", "EventData_UtcTime": "2023-09-27 06:50:51.436", "EventData_ProcessGuid": "{4557fbaa-ce30-6513-4900-000000000e00}", "EventData_ProcessId": "3248", "EventData_Image": "C:\\Windows\\System32\\svchost.exe", "EventData_TargetObject": "\\REGISTRY\\A\\{80a7dc6a-6a1c-0c38-7053-c1a1aac745a3}\\Root\\InventoryApplicationFile\\PermissionsCheckTestKey", "EventData_User": "NT AUTHORITY\\SYSTEM"}
{"Provider_Name": "Microsoft-Windows-Sysmon", "Provider_Guid": "{5770385f-c22a-43e0-bf4c-06f5698ffbd9}", "Provider": null, "EventID_Qualifiers": "", "EventID": "7", "Version": "3", "Level": "4", "Task": "7", "Opcode": "0", "Keywords": "0x8000000000000000", "TimeCreated_SystemTime": "2023-09-27 06:50:51.447313", "TimeCreated": null, "EventRecordID": "29871", "Correlation_ActivityID": "", "Correlation_RelatedActivityID": "", "Correlation": null, "Execution_ProcessID": "3368", "Execution_ThreadID": "888", "Execution": null, "Channel": "Microsoft-Windows-Sysmon/Operational", "Computer": "DESKTOP-P5C3MUD", "Security_UserID": "S-1-5-18", "Security": null, "EventData_RuleName": "-", "EventData_UtcTime": "2023-09-27 06:50:51.436", "EventData_ProcessGuid": "{4557fbaa-ce30-6513-4900-000000000e00}", "EventData_ProcessId": "3248", "EventData_Image": "C:\\Windows\\System32\\svchost.exe", "EventData_ImageLoaded": "C:\\Windows\\System32\\sfc_os.dll", "EventData_FileVersion": "10.0.19041.2311 (WinBuild.160101.0800)", "EventData_Description": "Windows File Protection", "EventData_Product": "Microsoft\u00ae Windows\u00ae Operating System", "EventData_Company": "Microsoft Corporation", "EventData_OriginalFileName": "sfc_os.dll", "EventData_Hashes": "SHA1=BC649DA0E8C366499195C03B4EEEF8B22E6BAA84,MD5=A45E9F102DA721416578AEC7DF76989A,SHA256=DC51517F50F43CE706B715C21D8134367CEDA0E4EF00F0F0D81A6433AA3CF1E1,IMPHASH=9BAA3994EB281CB30C87DE1285042424", "EventData_Signed": "true", "EventData_Signature": "Microsoft Windows", "EventData_SignatureStatus": "Valid", "EventData_User": "NT AUTHORITY\\SYSTEM"}
{"Provider_Name": "Microsoft-Windows-Sysmon", "Provider_Guid": "{5770385f-c22a-43e0-bf4c-06f5698ffbd9}", "Provider": null, "EventID_Qualifiers": "", "EventID": "12", "Version": "2", "Level": "4", "Task": "12", "Opcode": "0", "Keywords": "0x8000000000000000", "TimeCreated_SystemTime": "2023-09-27 06:50:51.764618", "TimeCreated": null, "EventRecordID": "29872", "Correlation_ActivityID": "", "Correlation_RelatedActivityID": "", "Correlation": null, "Execution_ProcessID": "3368", "Execution_ThreadID": "3332", "Execution": null, "Channel": "Microsoft-Windows-Sysmon/Operational", "Computer": "DESKTOP-P5C3MUD", "Security_UserID": "S-1-5-18", "Security": null, "EventData_RuleName": "-", "EventData_EventType": "CreateKey", "EventData_UtcTime": "2023-09-27 06:50:51.764", "EventData_ProcessGuid": "{4557fbaa-cf9a-6513-3401-000000000e00}", "EventData_ProcessId": "10248", "EventData_Image": "E:\\Software\\Microsoft Visual Studio\\Common7\\IDE\\devenv.exe", "EventData_TargetObject": "HKU\\S-1-5-21-2994737283-653069417-2221972583-1001\\SOFTWARE\\Microsoft\\VSCommon\\17.0\\SQM\\PIDs\\10248", "EventData_User": "DESKTOP-P5C3MUD\\user"}
{"Provider_Name": "Microsoft-Windows-Sysmon", "Provider_Guid": "{5770385f-c22a-43e0-bf4c-06f5698ffbd9}", "Provider": null, "EventID_Qualifiers": "", "EventID": "13", "Version": "2", "Level": "4", "Task": "13", "Opcode": "0", "Keywords": "0x8000000000000000", "TimeCreated_SystemTime": "2023-09-27 06:50:51.764658", "TimeCreated": null, "EventRecordID": "29873", "Correlation_ActivityID": "", "Correlation_RelatedActivityID": "", "Correlation": null, "Execution_ProcessID": "3368", "Execution_ThreadID": "3332", "Execution": null, "Channel": "Microsoft-Windows-Sysmon/Operational", "Computer": "DESKTOP-P5C3MUD", "Security_UserID": "S-1-5-18", "Security": null, "EventData_RuleName": "-", "EventData_EventType": "SetValue", "EventData_UtcTime": "2023-09-27 06:50:51.764", "EventData_ProcessGuid": "{4557fbaa-cf9a-6513-3401-000000000e00}", "EventData_ProcessId": "10248", "EventData_Image": "E:\\Software\\Microsoft Visual Studio\\Common7\\IDE\\devenv.exe", "EventData_TargetObject": "HKU\\S-1-5-21-2994737283-653069417-2221972583-1001\\SOFTWARE\\Microsoft\\VSCommon\\17.0\\SQM\\PIDs\\10248\\DebuggerPresent", "EventData_Details": "DWORD (0x00000000)", "EventData_User": "DESKTOP-P5C3MUD\\user"}
{"Provider_Name": "Microsoft-Windows-Sysmon", "Provider_Guid": "{5770385f-c22a-43e0-bf4c-06f5698ffbd9}", "Provider": null, "EventID_Qualifiers": "", "EventID": "10", "Version": "3", "Level": "4", "Task": "10", "Opcode": "0", "Keywords": "0x8000000000000000", "TimeCreated_SystemTime": "2023-09-27 06:50:51.831957", "TimeCreated": null, "EventRecordID": "29874", "Correlation_ActivityID": "", "Correlation_RelatedActivityID": "", "Correlation": null, "Execution_ProcessID": "3368", "Execution_ThreadID": "3332", "Execution": null, "Channel": "Microsoft-Windows-Sysmon/Operational", "Computer": "DESKTOP-P5C3MUD", "Security_UserID": "S-1-5-18", "Security": null, "EventData_RuleName": "-", "EventData_UtcTime": "2023-09-27 06:50:51.826", "EventData_SourceProcessGUID": "{4557fbaa-ce2f-6513-0b00-000000000e00}", "EventData_SourceProcessId": "732", "EventData_SourceThreadId": "5368", "EventData_SourceImage": "C:\\Windows\\system32\\services.exe", "EventData_TargetProcessGUID": "{4557fbaa-d0cb-6513-7601-000000000e00}", "EventData_TargetProcessId": "1848", "EventData_TargetImage": "C:\\Windows\\System32\\svchost.exe", "EventData_GrantedAccess": "0x001fffff", "EventData_CallTrace": "C:\\Windows\\SYSTEM32\\ntdll.dll+9e764|C:\\Windows\\SYSTEM32\\KERNELBASE.dll+5b473|C:\\Windows\\SYSTEM32\\KERNELBASE.dll+58a03|C:\\Windows\\SYSTEM32\\KERNEL32.DLL+1de30|C:\\Windows\\system32\\services.exe+151e7|C:\\Windows\\system32\\services.exe+9473|C:\\Windows\\system32\\services.exe+13959|C:\\Windows\\system32\\services.exe+135ea|C:\\Windows\\system32\\services.exe+12b38|C:\\Windows\\system32\\services.exe+1251a|C:\\Windows\\system32\\services.exe+6121|C:\\Windows\\SYSTEM32\\RPCRT4.dll+7b4b3|C:\\Windows\\SYSTEM32\\RPCRT4.dll+7a282|C:\\Windows\\SYSTEM32\\RPCRT4.dll+1e1ca|C:\\Windows\\SYSTEM32\\RPCRT4.dll+5dfda|C:\\Windows\\SYSTEM32\\RPCRT4.dll+59188|C:\\Windows\\SYSTEM32\\RPCRT4.dll+3a3a6|C:\\Windows\\SYSTEM32\\RPCRT4.dll+39cf8|C:\\Windows\\SYSTEM32\\RPCRT4.dll+474bf|C:\\Windows\\SYSTEM32\\RPCRT4.dll+468c8|C:\\Windows\\SYSTEM32\\RPCRT4.dll+45eb1|C:\\Windows\\SYSTEM32\\RPCRT4.dll+4591e|C:\\Windows\\SYSTEM32\\RPCRT4.dll+4a032|C:\\Windows\\SYSTEM32\\ntdll.dll+20330", "EventData_SourceUser": "NT AUTHORITY\\SYSTEM", "EventData_TargetUser": "NT AUTHORITY\\SYSTEM"}
{"Provider_Name": "Microsoft-Windows-Sysmon", "Provider_Guid": "{5770385f-c22a-43e0-bf4c-06f5698ffbd9}", "Provider": null, "EventID_Qualifiers": "", "EventID": "10", "Version": "3", "Level": "4", "Task": "10", "Opcode": "0", "Keywords": "0x8000000000000000", "TimeCreated_SystemTime": "2023-09-27 06:50:51.832041", "TimeCreated": null, "EventRecordID": "29875", "Correlation_ActivityID": "", "Correlation_RelatedActivityID": "", "Correlation": null, "Execution_ProcessID": "3368", "Execution_ThreadID": "3332", "Execution": null, "Channel": "Microsoft-Windows-Sysmon/Operational", "Computer": "DESKTOP-P5C3MUD", "Security_UserID": "S-1-5-18", "Security": null, "EventData_RuleName": "-", "EventData_UtcTime": "2023-09-27 06:50:51.826", "EventData_SourceProcessGUID": "{4557fbaa-ce2d-6513-0600-000000000e00}", "EventData_SourceProcessId": "500", "EventData_SourceThreadId": "516", "EventData_SourceImage": "C:\\Windows\\system32\\csrss.exe", "EventData_TargetProcessGUID": "{4557fbaa-d0cb-6513-7601-000000000e00}", "EventData_TargetProcessId": "1848", "EventData_TargetImage": "C:\\Windows\\System32\\svchost.exe", "EventData_GrantedAccess": "0x001fffff", "EventData_CallTrace": "C:\\Windows\\SYSTEM32\\ntdll.dll+9d314|C:\\Windows\\system32\\basesrv.DLL+326f|C:\\Windows\\SYSTEM32\\CSRSRV.dll+6490|C:\\Windows\\SYSTEM32\\ntdll.dll+526bf", "EventData_SourceUser": "NT AUTHORITY\\SYSTEM", "EventData_TargetUser": "NT AUTHORITY\\SYSTEM"}
{"Provider_Name": "Microsoft-Windows-Sysmon", "Provider_Guid": "{5770385f-c22a-43e0-bf4c-06f5698ffbd9}", "Provider": null, "EventID_Qualifiers": "", "EventID": "7", "Version": "3", "Level": "4", "Task": "7", "Opcode": "0", "Keywords": "0x8000000000000000", "TimeCreated_SystemTime": "2023-09-27 06:50:51.833080", "TimeCreated": null, "EventRecordID": "29876", "Correlation_ActivityID": "", "Correlation_RelatedActivityID": "", "Correlation": null, "Execution_ProcessID": "3368", "Execution_ThreadID": "3332", "Execution": null, "Channel": "Microsoft-Windows-Sysmon/Operational", "Computer": "DESKTOP-P5C3MUD", "Security_UserID": "S-1-5-18", "Security": null, "EventData_RuleName": "-", "EventData_UtcTime": "2023-09-27 06:50:51.826", "EventData_ProcessGuid": "{4557fbaa-d0cb-6513-7601-000000000e00}", "EventData_ProcessId": "1848", "EventData_Image": "C:\\Windows\\System32\\svchost.exe", "EventData_ImageLoaded": "C:\\Windows\\System32\\svchost.exe", "EventData_FileVersion": "10.0.19041.1806 (WinBuild.160101.0800)", "EventData_Description": "Host Process for Windows Services", "EventData_Product": "Microsoft\u00ae Windows\u00ae Operating System", "EventData_Company": "Microsoft Corporation", "EventData_OriginalFileName": "svchost.exe", "EventData_Hashes": "SHA1=1BC5066DDF693FC034D6514618854E26A84FD0D1,MD5=B7F884C1B74A263F746EE12A5F7C9F6A,SHA256=ADD683A6910ABBBF0E28B557FAD0BA998166394932AE2ACA069D9AA19EA8FE88,IMPHASH=247B9220E5D9B720A82B2C8B5069AD69", "EventData_Signed": "true", "EventData_Signature": "Microsoft Windows Publisher", "EventData_SignatureStatus": "Valid", "EventData_User": "NT AUTHORITY\\SYSTEM"}
{"Provider_Name": "Microsoft-Windows-Sysmon", "Provider_Guid": "{5770385f-c22a-43e0-bf4c-06f5698ffbd9}", "Provider": null, "EventID_Qualifiers": "", "EventID": "7", "Version": "3", "Level": "4", "Task": "7", "Opcode": "0", "Keywords": "0x8000000000000000", "TimeCreated_SystemTime": "2023-09-27 06:50:51.838444", "TimeCreated": null, "EventRecordID": "29877", "Correlation_ActivityID": "", "Correlation_RelatedActivityID": "", "Correlation": null, "Execution_ProcessID": "3368", "Execution_ThreadID": "888", "Execution": null, "Channel": "Microsoft-Windows-Sysmon/Operational", "Computer": "DESKTOP-P5C3MUD", "Security_UserID": "S-1-5-18", "Security": null, "EventData_RuleName": "-", "EventData_UtcTime": "2023-09-27 06:50:51.826", "EventData_ProcessGuid": "{4557fbaa-d0cb-6513-7601-000000000e00}", "EventData_ProcessId": "1848", "EventData_Image": "C:\\Windows\\System32\\svchost.exe", "EventData_ImageLoaded": "C:\\Windows\\System32\\ntdll.dll", "EventData_FileVersion": "10.0.19041.3393 (WinBuild.160101.0800)", "EventData_Description": "NT Layer DLL", "EventData_Product": "Microsoft\u00ae Windows\u00ae Operating System", "EventData_Company": "Microsoft Corporation", "EventData_OriginalFileName": "ntdll.dll", "EventData_Hashes": "SHA1=8047327CEFB24B1DFA5E1F4965FDB25C3E717642,MD5=62A8F85897022E08D1CCCB2C3AC6C8DE,SHA256=590E0BB26B4A24B0A787C7B8CACED643D8AECFE71140D1BD51A73D5D65B0AF94,IMPHASH=00000000000000000000000000000000", "EventData_Signed": "true", "EventData_Signature": "Microsoft Windows", "EventData_SignatureStatus": "Valid", "EventData_User": "NT AUTHORITY\\SYSTEM"}
{"Provider_Name": "Microsoft-Windows-Sysmon", "Provider_Guid": "{5770385f-c22a-43e0-bf4c-06f5698ffbd9}", "Provider": null, "EventID_Qualifiers": "", "EventID": "9", "Version": "2", "Level": "4", "Task": "9", "Opcode": "0", "Keywords": "0x8000000000000000", "TimeCreated_SystemTime": "2023-09-27 06:50:51.840887", "TimeCreated": null, "EventRecordID": "29878", "Correlation_ActivityID": "", "Correlation_RelatedActivityID": "", "Correlation": null, "Execution_ProcessID": "3368", "Execution_ThreadID": "3332", "Execution": null, "Channel": "Microsoft-Windows-Sysmon/Operational", "Computer": "DESKTOP-P5C3MUD", "Security_UserID": "S-1-5-18", "Security": null, "EventData_RuleName": "-", "EventData_UtcTime": "2023-09-27 06:50:51.826", "EventData_ProcessGuid": "{4557fbaa-ce24-6513-eb03-000000000000}", "EventData_ProcessId": "4", "EventData_Image": "System", "EventData_Device": "\\Device\\HarddiskVolume3", "EventData_User": "NT AUTHORITY\\SYSTEM"}
{"Provider_Name": "Microsoft-Windows-Sysmon", "Provider_Guid": "{5770385f-c22a-43e0-bf4c-06f5698ffbd9}", "Provider": null, "EventID_Qualifiers": "", "EventID": "9", "Version": "2", "Level": "4", "Task": "9", "Opcode": "0", "Keywords": "0x8000000000000000", "TimeCreated_SystemTime": "2023-09-27 06:50:51.840925", "TimeCreated": null, "EventRecordID": "29879", "Correlation_ActivityID": "", "Correlation_RelatedActivityID": "", "Correlation": null, "Execution_ProcessID": "3368", "Execution_ThreadID": "3332", "Execution": null, "Channel": "Microsoft-Windows-Sysmon/Operational", "Computer": "DESKTOP-P5C3MUD", "Security_UserID": "S-1-5-18", "Security": null, "EventData_RuleName": "-", "EventData_UtcTime": "2023-09-27 06:50:51.826", "EventData_ProcessGuid": "{4557fbaa-ce24-6513-eb03-000000000000}", "EventData_ProcessId": "4", "EventData_Image": "System", "EventData_Device": "\\Device\\HarddiskVolume6", "EventData_User": "NT AUTHORITY\\SYSTEM"}
{"Provider_Name": "Microsoft-Windows-Sysmon", "Provider_Guid": "{5770385f-c22a-43e0-bf4c-06f5698ffbd9}", "Provider": null, "EventID_Qualifiers": "", "EventID": "9", "Version": "2", "Level": "4", "Task": "9", "Opcode": "0", "Keywords": "0x8000000000000000", "TimeCreated_SystemTime": "2023-09-27 06:50:51.840965", "TimeCreated": null, "EventRecordID": "29880", "Correlation_ActivityID": "", "Correlation_RelatedActivityID": "", "Correlation": null, "Execution_ProcessID": "3368", "Execution_ThreadID": "3332", "Execution": null, "Channel": "Microsoft-Windows-Sysmon/Operational", "Computer": "DESKTOP-P5C3MUD", "Security_UserID": "S-1-5-18", "Security": null, "EventData_RuleName": "-", "EventData_UtcTime": "2023-09-27 06:50:51.826", "EventData_ProcessGuid": "{4557fbaa-ce24-6513-eb03-000000000000}", "EventData_ProcessId": "4", "EventData_Image": "System", "EventData_Device": "\\Device\\HarddiskVolume4", "EventData_User": "NT AUTHORITY\\SYSTEM"}
{"Provider_Name": "Microsoft-Windows-Sysmon", "Provider_Guid": "{5770385f-c22a-43e0-bf4c-06f5698ffbd9}", "Provider": null, "EventID_Qualifiers": "", "EventID": "9", "Version": "2", "Level": "4", "Task": "9", "Opcode": "0", "Keywords": "0x8000000000000000", "TimeCreated_SystemTime": "2023-09-27 06:50:51.841028", "TimeCreated": null, "EventRecordID": "29881", "Correlation_ActivityID": "", "Correlation_RelatedActivityID": "", "Correlation": null, "Execution_ProcessID": "3368", "Execution_ThreadID": "3332", "Execution": null, "Channel": "Microsoft-Windows-Sysmon/Operational", "Computer": "DESKTOP-P5C3MUD", "Security_UserID": "S-1-5-18", "Security": null, "EventData_RuleName": "-", "EventData_UtcTime": "2023-09-27 06:50:51.826", "EventData_ProcessGuid": "{4557fbaa-ce24-6513-eb03-000000000000}", "EventData_ProcessId": "4", "EventData_Image": "System", "EventData_Device": "\\Device\\HarddiskVolume1", "EventData_User": "NT AUTHORITY\\SYSTEM"}
