{"Provider_Name": "Microsoft-Windows-Sysmon", "Provider_Guid": "{5770385f-c22a-43e0-bf4c-06f5698ffbd9}", "Provider": null, "EventID_Qualifiers": "", "EventID": "10", "Version": "3", "Level": "4", "Task": "10", "Opcode": "0", "Keywords": "0x8000000000000000", "TimeCreated_SystemTime": "2023-09-27 06:50:59.941881", "TimeCreated": null, "EventRecordID": "30763", "Correlation_ActivityID": "", "Correlation_RelatedActivityID": "", "Correlation": null, "Execution_ProcessID": "3368", "Execution_ThreadID": "3332", "Execution": null, "Channel": "Microsoft-Windows-Sysmon/Operational", "Computer": "DESKTOP-P5C3MUD", "Security_UserID": "S-1-5-18", "Security": null, "EventData_RuleName": "-", "EventData_UtcTime": "2023-09-27 06:50:59.936", "EventData_SourceProcessGUID": "{4557fbaa-cf9a-6513-3401-000000000e00}", "EventData_SourceProcessId": "10248", "EventData_SourceThreadId": "1536", "EventData_SourceImage": "E:\\Software\\Microsoft Visual Studio\\Common7\\IDE\\devenv.exe", "EventData_TargetProcessGUID": "{4557fbaa-cfa8-6513-3901-000000000e00}", "EventData_TargetProcessId": "4940", "EventData_TargetImage": "E:\\Software\\Microsoft Visual Studio\\Common7\\ServiceHub\\controller\\Microsoft.ServiceHub.Controller.exe", "EventData_GrantedAccess": "0x00001410", "EventData_CallTrace": "C:\\Windows\\SYSTEM32\\ntdll.dll+9d314|C:\\Windows\\System32\\KERNELBASE.dll+308ee|E:\\Software\\Microsoft Visual Studio\\Common7\\IDE\\msenv.dll+2038b2|E:\\Software\\Microsoft Visual Studio\\Common7\\IDE\\msenv.dll+20267a|E:\\Software\\Microsoft Visual Studio\\Common7\\IDE\\msenv.dll+20246d|E:\\Software\\Microsoft Visual Studio\\Common7\\IDE\\msenv.dll+16908|C:\\Windows\\assembly\\NativeImages_v4.0.30319_64\\Microsoft.V350b316e#\\4bdb52ebbcd7fcb743656a331b227752\\Microsoft.VisualStudio.Interop.ni.dll+6e9d6d|C:\\Windows\\assembly\\NativeImages_v4.0.30319_64\\Microsoft.V412add50#\\53726331d157233909f037aa4edc760f\\Microsoft.VisualStudio.Shell.UI.Internal.ni.dll+e9c660|C:\\Windows\\assembly\\NativeImages_v4.0.30319_64\\mscorlib\\987f639e2113a820112aca65fb12396c\\mscorlib.ni.dll+5bcd0e|C:\\Windows\\assembly\\NativeImages_v4.0.30319_64\\mscorlib\\987f639e2113a820112aca65fb12396c\\mscorlib.ni.dll+588c87|C:\\Windows\\assembly\\NativeImages_v4.0.30319_64\\mscorlib\\987f639e2113a820112aca65fb12396c\\mscorlib.ni.dll+55fbe8|C:\\Windows\\assembly\\NativeImages_v4.0.30319_64\\mscorlib\\987f639e2113a820112aca65fb12396c\\mscorlib.ni.dll+55fad5|C:\\Windows\\assembly\\NativeImages_v4.0.30319_64\\mscorlib\\987f639e2113a820112aca65fb12396c\\mscorlib.ni.dll+589d01|C:\\Windows\\assembly\\NativeImages_v4.0.30319_64\\mscorlib\\987f639e2113a820112aca65fb12396c\\mscorlib.ni.dll+588dd1|C:\\Windows\\assembly\\NativeImages_v4.0.30319_64\\mscorlib\\987f639e2113a820112aca65fb12396c\\mscorlib.ni.dll+55fbe8|C:\\Windows\\assembly\\NativeImages_v4.0.30319_64\\mscorlib\\987f639e2113a820112aca65fb12396c\\mscorlib.ni.dll+55fad5|C:\\Windows\\assembly\\NativeImages_v4.0.30319_64\\mscorlib\\987f639e2113a820112aca65fb12396c\\mscorlib.ni.dll+55faa5|C:\\Windows\\assembly\\NativeImages_v4.0.30319_64\\mscorlib\\987f639e2113a820112aca65fb12396c\\mscorlib.ni.dll+eefe80|C:\\Windows\\Microsoft.NET\\Framework64\\v4.0.30319\\clr.dll+1912c3|C:\\Windows\\Microsoft.NET\\Framework64\\v4.0.30319\\clr.dll+5961b|C:\\Windows\\Microsoft.NET\\Framework64\\v4.0.30319\\clr.dll+a8b5a|C:\\Windows\\Microsoft.NET\\Framework64\\v4.0.30319\\clr.dll+3a15c9|C:\\Windows\\Microsoft.NET\\Framework64\\v4.0.30319\\clr.dll+7230b|C:\\Windows\\Microsoft.NET\\Framework64\\v4.0.30319\\clr.dll+7222f", "EventData_SourceUser": "DESKTOP-P5C3MUD\\user", "EventData_TargetUser": "DESKTOP-P5C3MUD\\user"}
{"Provider_Name": "Microsoft-Windows-Sysmon", "Provider_Guid": "{5770385f-c22a-43e0-bf4c-06f5698ffbd9}", "Provider": null, "EventID_Qualifiers": "", "EventID": "10", "Version": "3", "Level": "4", "Task": "10", "Opcode": "0", "Keywords": "0x8000000000000000", "TimeCreated_SystemTime": "2023-09-27 06:50:59.941938", "TimeCreated": null, "EventRecordID": "30764", "Correlation_ActivityID": "", "Correlation_RelatedActivityID": "", "Correlation": null, "Execution_ProcessID": "3368", "Execution_ThreadID": "3332", "Execution": null, "Channel": "Microsoft-Windows-Sysmon/Operational", "Computer": "DESKTOP-P5C3MUD", "Security_UserID": "S-1-5-18", "Security": null, "EventData_RuleName": "-", "EventData_UtcTime": "2023-09-27 06:50:59.936", "EventData_SourceProcessGUID": "{4557fbaa-cf9a-6513-3401-000000000e00}", "EventData_SourceProcessId": "10248", "EventData_SourceThreadId": "1536", "EventData_SourceImage": "E:\\Software\\Microsoft Visual Studio\\Common7\\IDE\\devenv.exe", "EventData_TargetProcessGUID": "{4557fbaa-d02f-6513-5301-000000000e00}", "EventData_TargetProcessId": "9356", "EventData_TargetImage": "E:\\Software\\Microsoft Visual Studio\\MSBuild\\Current\\Bin\\amd64\\MSBuild.exe", "EventData_GrantedAccess": "0x00001410", "EventData_CallTrace": "C:\\Windows\\SYSTEM32\\ntdll.dll+9d314|C:\\Windows\\System32\\KERNELBASE.dll+308ee|E:\\Software\\Microsoft Visual Studio\\Common7\\IDE\\msenv.dll+2038b2|E:\\Software\\Microsoft Visual Studio\\Common7\\IDE\\msenv.dll+20267a|E:\\Software\\Microsoft Visual Studio\\Common7\\IDE\\msenv.dll+20246d|E:\\Software\\Microsoft Visual Studio\\Common7\\IDE\\msenv.dll+16908|C:\\Windows\\assembly\\NativeImages_v4.0.30319_64\\Microsoft.V350b316e#\\4bdb52ebbcd7fcb743656a331b227752\\Microsoft.VisualStudio.Interop.ni.dll+6e9d6d|C:\\Windows\\assembly\\NativeImages_v4.0.30319_64\\Microsoft.V412add50#\\53726331d157233909f037aa4edc760f\\Microsoft.VisualStudio.Shell.UI.Internal.ni.dll+e9c660|C:\\Windows\\assembly\\NativeImages_v4.0.30319_64\\mscorlib\\987f639e2113a820112aca65fb12396c\\mscorlib.ni.dll+5bcd0e|C:\\Windows\\assembly\\NativeImages_v4.0.30319_64\\mscorlib\\987f639e2113a820112aca65fb12396c\\mscorlib.ni.dll+588c87|C:\\Windows\\assembly\\NativeImages_v4.0.30319_64\\mscorlib\\987f639e2113a820112aca65fb12396c\\mscorlib.ni.dll+55fbe8|C:\\Windows\\assembly\\NativeImages_v4.0.30319_64\\mscorlib\\987f639e2113a820112aca65fb12396c\\mscorlib.ni.dll+55fad5|C:\\Windows\\assembly\\NativeImages_v4.0.30319_64\\mscorlib\\987f639e2113a820112aca65fb12396c\\mscorlib.ni.dll+589d01|C:\\Windows\\assembly\\NativeImages_v4.0.30319_64\\mscorlib\\987f639e2113a820112aca65fb12396c\\mscorlib.ni.dll+588dd1|C:\\Windows\\assembly\\NativeImages_v4.0.30319_64\\mscorlib\\987f639e2113a820112aca65fb12396c\\mscorlib.ni.dll+55fbe8|C:\\Windows\\assembly\\NativeImages_v4.0.30319_64\\mscorlib\\987f639e2113a820112aca65fb12396c\\mscorlib.ni.dll+55fad5|C:\\Windows\\assembly\\NativeImages_v4.0.30319_64\\mscorlib\\987f639e2113a820112aca65fb12396c\\mscorlib.ni.dll+55faa5|C:\\Windows\\assembly\\NativeImages_v4.0.30319_64\\mscorlib\\987f639e2113a820112aca65fb12396c\\mscorlib.ni.dll+eefe80|C:\\Windows\\Microsoft.NET\\Framework64\\v4.0.30319\\clr.dll+1912c3|C:\\Windows\\Microsoft.NET\\Framework64\\v4.0.30319\\clr.dll+5961b|C:\\Windows\\Microsoft.NET\\Framework64\\v4.0.30319\\clr.dll+a8b5a|C:\\Windows\\Microsoft.NET\\Framework64\\v4.0.30319\\clr.dll+3a15c9|C:\\Windows\\Microsoft.NET\\Framework64\\v4.0.30319\\clr.dll+7230b|C:\\Windows\\Microsoft.NET\\Framework64\\v4.0.30319\\clr.dll+7222f", "EventData_SourceUser": "DESKTOP-P5C3MUD\\user", "EventData_TargetUser": "DESKTOP-P5C3MUD\\user"}
{"Provider_Name": "Microsoft-Windows-Sysmon", "Provider_Guid": "{5770385f-c22a-43e0-bf4c-06f5698ffbd9}", "Provider": null, "EventID_Qualifiers": "", "EventID": "10", "Version": "3", "Level": "4", "Task": "10", "Opcode": "0", "Keywords": "0x8000000000000000", "TimeCreated_SystemTime": "2023-09-27 06:50:59.941982", "TimeCreated": null, "EventRecordID": "30765", "Correlation_ActivityID": "", "Correlation_RelatedActivityID": "", "Correlation": null, "Execution_ProcessID": "3368", "Execution_ThreadID": "3332", "Execution": null, "Channel": "Microsoft-Windows-Sysmon/Operational", "Computer": "DESKTOP-P5C3MUD", "Security_UserID": "S-1-5-18", "Security": null, "EventData_RuleName": "-", "EventData_UtcTime": "2023-09-27 06:50:59.936", "EventData_SourceProcessGUID": "{4557fbaa-cf9a-6513-3401-000000000e00}", "EventData_SourceProcessId": "10248", "EventData_SourceThreadId": "1536", "EventData_SourceImage": "E:\\Software\\Microsoft Visual Studio\\Common7\\IDE\\devenv.exe", "EventData_TargetProcessGUID": "{4557fbaa-cfb0-6513-3c01-000000000e00}", "EventData_TargetProcessId": "8624", "EventData_TargetImage": "E:\\Software\\Microsoft Visual Studio\\Common7\\ServiceHub\\Hosts\\ServiceHub.Host.AnyCPU\\ServiceHub.VSDetouredHost.exe", "EventData_GrantedAccess": "0x00001410", "EventData_CallTrace": "C:\\Windows\\SYSTEM32\\ntdll.dll+9d314|C:\\Windows\\System32\\KERNELBASE.dll+308ee|E:\\Software\\Microsoft Visual Studio\\Common7\\IDE\\msenv.dll+2038b2|E:\\Software\\Microsoft Visual Studio\\Common7\\IDE\\msenv.dll+20267a|E:\\Software\\Microsoft Visual Studio\\Common7\\IDE\\msenv.dll+20246d|E:\\Software\\Microsoft Visual Studio\\Common7\\IDE\\msenv.dll+16908|C:\\Windows\\assembly\\NativeImages_v4.0.30319_64\\Microsoft.V350b316e#\\4bdb52ebbcd7fcb743656a331b227752\\Microsoft.VisualStudio.Interop.ni.dll+6e9d6d|C:\\Windows\\assembly\\NativeImages_v4.0.30319_64\\Microsoft.V412add50#\\53726331d157233909f037aa4edc760f\\Microsoft.VisualStudio.Shell.UI.Internal.ni.dll+e9c660|C:\\Windows\\assembly\\NativeImages_v4.0.30319_64\\mscorlib\\987f639e2113a820112aca65fb12396c\\mscorlib.ni.dll+5bcd0e|C:\\Windows\\assembly\\NativeImages_v4.0.30319_64\\mscorlib\\987f639e2113a820112aca65fb12396c\\mscorlib.ni.dll+588c87|C:\\Windows\\assembly\\NativeImages_v4.0.30319_64\\mscorlib\\987f639e2113a820112aca65fb12396c\\mscorlib.ni.dll+55fbe8|C:\\Windows\\assembly\\NativeImages_v4.0.30319_64\\mscorlib\\987f639e2113a820112aca65fb12396c\\mscorlib.ni.dll+55fad5|C:\\Windows\\assembly\\NativeImages_v4.0.30319_64\\mscorlib\\987f639e2113a820112aca65fb12396c\\mscorlib.ni.dll+589d01|C:\\Windows\\assembly\\NativeImages_v4.0.30319_64\\mscorlib\\987f639e2113a820112aca65fb12396c\\mscorlib.ni.dll+588dd1|C:\\Windows\\assembly\\NativeImages_v4.0.30319_64\\mscorlib\\987f639e2113a820112aca65fb12396c\\mscorlib.ni.dll+55fbe8|C:\\Windows\\assembly\\NativeImages_v4.0.30319_64\\mscorlib\\987f639e2113a820112aca65fb12396c\\mscorlib.ni.dll+55fad5|C:\\Windows\\assembly\\NativeImages_v4.0.30319_64\\mscorlib\\987f639e2113a820112aca65fb12396c\\mscorlib.ni.dll+55faa5|C:\\Windows\\assembly\\NativeImages_v4.0.30319_64\\mscorlib\\987f639e2113a820112aca65fb12396c\\mscorlib.ni.dll+eefe80|C:\\Windows\\Microsoft.NET\\Framework64\\v4.0.30319\\clr.dll+1912c3|C:\\Windows\\Microsoft.NET\\Framework64\\v4.0.30319\\clr.dll+5961b|C:\\Windows\\Microsoft.NET\\Framework64\\v4.0.30319\\clr.dll+a8b5a|C:\\Windows\\Microsoft.NET\\Framework64\\v4.0.30319\\clr.dll+3a15c9|C:\\Windows\\Microsoft.NET\\Framework64\\v4.0.30319\\clr.dll+7230b|C:\\Windows\\Microsoft.NET\\Framework64\\v4.0.30319\\clr.dll+7222f", "EventData_SourceUser": "DESKTOP-P5C3MUD\\user", "EventData_TargetUser": "DESKTOP-P5C3MUD\\user"}
{"Provider_Name": "Microsoft-Windows-Sysmon", "Provider_Guid": "{5770385f-c22a-43e0-bf4c-06f5698ffbd9}", "Provider": null, "EventID_Qualifiers": "", "EventID": "10", "Version": "3", "Level": "4", "Task": "10", "Opcode": "0", "Keywords": "0x8000000000000000", "TimeCreated_SystemTime": "2023-09-27 06:50:59.942043", "TimeCreated": null, "EventRecordID": "30766", "Correlation_ActivityID": "", "Correlation_RelatedActivityID": "", "Correlation": null, "Execution_ProcessID": "3368", "Execution_ThreadID": "3332", "Execution": null, "Channel": "Microsoft-Windows-Sysmon/Operational", "Computer": "DESKTOP-P5C3MUD", "Security_UserID": "S-1-5-18", "Security": null, "EventData_RuleName": "-", "EventData_UtcTime": "2023-09-27 06:50:59.936", "EventData_SourceProcessGUID": "{4557fbaa-cf9a-6513-3401-000000000e00}", "EventData_SourceProcessId": "10248", "EventData_SourceThreadId": "1536", "EventData_SourceImage": "E:\\Software\\Microsoft Visual Studio\\Common7\\IDE\\devenv.exe", "EventData_TargetProcessGUID": "{4557fbaa-cfb6-6513-3d01-000000000e00}", "EventData_TargetProcessId": "3396", "EventData_TargetImage": "E:\\Software\\Microsoft Visual Studio\\Common7\\ServiceHub\\Hosts\\ServiceHub.Host.AnyCPU\\ServiceHub.SettingsHost.exe", "EventData_GrantedAccess": "0x00001410", "EventData_CallTrace": "C:\\Windows\\SYSTEM32\\ntdll.dll+9d314|C:\\Windows\\System32\\KERNELBASE.dll+308ee|E:\\Software\\Microsoft Visual Studio\\Common7\\IDE\\msenv.dll+2038b2|E:\\Software\\Microsoft Visual Studio\\Common7\\IDE\\msenv.dll+20267a|E:\\Software\\Microsoft Visual Studio\\Common7\\IDE\\msenv.dll+20246d|E:\\Software\\Microsoft Visual Studio\\Common7\\IDE\\msenv.dll+16908|C:\\Windows\\assembly\\NativeImages_v4.0.30319_64\\Microsoft.V350b316e#\\4bdb52ebbcd7fcb743656a331b227752\\Microsoft.VisualStudio.Interop.ni.dll+6e9d6d|C:\\Windows\\assembly\\NativeImages_v4.0.30319_64\\Microsoft.V412add50#\\53726331d157233909f037aa4edc760f\\Microsoft.VisualStudio.Shell.UI.Internal.ni.dll+e9c660|C:\\Windows\\assembly\\NativeImages_v4.0.30319_64\\mscorlib\\987f639e2113a820112aca65fb12396c\\mscorlib.ni.dll+5bcd0e|C:\\Windows\\assembly\\NativeImages_v4.0.30319_64\\mscorlib\\987f639e2113a820112aca65fb12396c\\mscorlib.ni.dll+588c87|C:\\Windows\\assembly\\NativeImages_v4.0.30319_64\\mscorlib\\987f639e2113a820112aca65fb12396c\\mscorlib.ni.dll+55fbe8|C:\\Windows\\assembly\\NativeImages_v4.0.30319_64\\mscorlib\\987f639e2113a820112aca65fb12396c\\mscorlib.ni.dll+55fad5|C:\\Windows\\assembly\\NativeImages_v4.0.30319_64\\mscorlib\\987f639e2113a820112aca65fb12396c\\mscorlib.ni.dll+589d01|C:\\Windows\\assembly\\NativeImages_v4.0.30319_64\\mscorlib\\987f639e2113a820112aca65fb12396c\\mscorlib.ni.dll+588dd1|C:\\Windows\\assembly\\NativeImages_v4.0.30319_64\\mscorlib\\987f639e2113a820112aca65fb12396c\\mscorlib.ni.dll+55fbe8|C:\\Windows\\assembly\\NativeImages_v4.0.30319_64\\mscorlib\\987f639e2113a820112aca65fb12396c\\mscorlib.ni.dll+55fad5|C:\\Windows\\assembly\\NativeImages_v4.0.30319_64\\mscorlib\\987f639e2113a820112aca65fb12396c\\mscorlib.ni.dll+55faa5|C:\\Windows\\assembly\\NativeImages_v4.0.30319_64\\mscorlib\\987f639e2113a820112aca65fb12396c\\mscorlib.ni.dll+eefe80|C:\\Windows\\Microsoft.NET\\Framework64\\v4.0.30319\\clr.dll+1912c3|C:\\Windows\\Microsoft.NET\\Framework64\\v4.0.30319\\clr.dll+5961b|C:\\Windows\\Microsoft.NET\\Framework64\\v4.0.30319\\clr.dll+a8b5a|C:\\Windows\\Microsoft.NET\\Framework64\\v4.0.30319\\clr.dll+3a15c9|C:\\Windows\\Microsoft.NET\\Framework64\\v4.0.30319\\clr.dll+7230b|C:\\Windows\\Microsoft.NET\\Framework64\\v4.0.30319\\clr.dll+7222f", "EventData_SourceUser": "DESKTOP-P5C3MUD\\user", "EventData_TargetUser": "DESKTOP-P5C3MUD\\user"}
{"Provider_Name": "Microsoft-Windows-Sysmon", "Provider_Guid": "{5770385f-c22a-43e0-bf4c-06f5698ffbd9}", "Provider": null, "EventID_Qualifiers": "", "EventID": "10", "Version": "3", "Level": "4", "Task": "10", "Opcode": "0", "Keywords": "0x8000000000000000", "TimeCreated_SystemTime": "2023-09-27 06:50:59.942120", "TimeCreated": null, "EventRecordID": "30767", "Correlation_ActivityID": "", "Correlation_RelatedActivityID": "", "Correlation": null, "Execution_ProcessID": "3368", "Execution_ThreadID": "3332", "Execution": null, "Channel": "Microsoft-Windows-Sysmon/Operational", "Computer": "DESKTOP-P5C3MUD", "Security_UserID": "S-1-5-18", "Security": null, "EventData_RuleName": "-", "EventData_UtcTime": "2023-09-27 06:50:59.936", "EventData_SourceProcessGUID": "{4557fbaa-cf9a-6513-3401-000000000e00}", "EventData_SourceProcessId": "10248", "EventData_SourceThreadId": "1536", "EventData_SourceImage": "E:\\Software\\Microsoft Visual Studio\\Common7\\IDE\\devenv.exe", "EventData_TargetProcessGUID": "{4557fbaa-cfbc-6513-3e01-000000000e00}", "EventData_TargetProcessId": "1288", "EventData_TargetImage": "E:\\Software\\Microsoft Visual Studio\\Common7\\ServiceHub\\Hosts\\ServiceHub.Host.netfx.x86\\ServiceHub.Host.netfx.x86.exe", "EventData_GrantedAccess": "0x00001410", "EventData_CallTrace": "C:\\Windows\\SYSTEM32\\ntdll.dll+9d314|C:\\Windows\\System32\\KERNELBASE.dll+308ee|E:\\Software\\Microsoft Visual Studio\\Common7\\IDE\\msenv.dll+2038b2|E:\\Software\\Microsoft Visual Studio\\Common7\\IDE\\msenv.dll+20267a|E:\\Software\\Microsoft Visual Studio\\Common7\\IDE\\msenv.dll+20246d|E:\\Software\\Microsoft Visual Studio\\Common7\\IDE\\msenv.dll+16908|C:\\Windows\\assembly\\NativeImages_v4.0.30319_64\\Microsoft.V350b316e#\\4bdb52ebbcd7fcb743656a331b227752\\Microsoft.VisualStudio.Interop.ni.dll+6e9d6d|C:\\Windows\\assembly\\NativeImages_v4.0.30319_64\\Microsoft.V412add50#\\53726331d157233909f037aa4edc760f\\Microsoft.VisualStudio.Shell.UI.Internal.ni.dll+e9c660|C:\\Windows\\assembly\\NativeImages_v4.0.30319_64\\mscorlib\\987f639e2113a820112aca65fb12396c\\mscorlib.ni.dll+5bcd0e|C:\\Windows\\assembly\\NativeImages_v4.0.30319_64\\mscorlib\\987f639e2113a820112aca65fb12396c\\mscorlib.ni.dll+588c87|C:\\Windows\\assembly\\NativeImages_v4.0.30319_64\\mscorlib\\987f639e2113a820112aca65fb12396c\\mscorlib.ni.dll+55fbe8|C:\\Windows\\assembly\\NativeImages_v4.0.30319_64\\mscorlib\\987f639e2113a820112aca65fb12396c\\mscorlib.ni.dll+55fad5|C:\\Windows\\assembly\\NativeImages_v4.0.30319_64\\mscorlib\\987f639e2113a820112aca65fb12396c\\mscorlib.ni.dll+589d01|C:\\Windows\\assembly\\NativeImages_v4.0.30319_64\\mscorlib\\987f639e2113a820112aca65fb12396c\\mscorlib.ni.dll+588dd1|C:\\Windows\\assembly\\NativeImages_v4.0.30319_64\\mscorlib\\987f639e2113a820112aca65fb12396c\\mscorlib.ni.dll+55fbe8|C:\\Windows\\assembly\\NativeImages_v4.0.30319_64\\mscorlib\\987f639e2113a820112aca65fb12396c\\mscorlib.ni.dll+55fad5|C:\\Windows\\assembly\\NativeImages_v4.0.30319_64\\mscorlib\\987f639e2113a820112aca65fb12396c\\mscorlib.ni.dll+55faa5|C:\\Windows\\assembly\\NativeImages_v4.0.30319_64\\mscorlib\\987f639e2113a820112aca65fb12396c\\mscorlib.ni.dll+eefe80|C:\\Windows\\Microsoft.NET\\Framework64\\v4.0.30319\\clr.dll+1912c3|C:\\Windows\\Microsoft.NET\\Framework64\\v4.0.30319\\clr.dll+5961b|C:\\Windows\\Microsoft.NET\\Framework64\\v4.0.30319\\clr.dll+a8b5a|C:\\Windows\\Microsoft.NET\\Framework64\\v4.0.30319\\clr.dll+3a15c9|C:\\Windows\\Microsoft.NET\\Framework64\\v4.0.30319\\clr.dll+7230b|C:\\Windows\\Microsoft.NET\\Framework64\\v4.0.30319\\clr.dll+7222f", "EventData_SourceUser": "DESKTOP-P5C3MUD\\user", "EventData_TargetUser": "DESKTOP-P5C3MUD\\user"}
{"Provider_Name": "Microsoft-Windows-Sysmon", "Provider_Guid": "{5770385f-c22a-43e0-bf4c-06f5698ffbd9}", "Provider": null, "EventID_Qualifiers": "", "EventID": "10", "Version": "3", "Level": "4", "Task": "10", "Opcode": "0", "Keywords": "0x8000000000000000", "TimeCreated_SystemTime": "2023-09-27 06:50:59.942198", "TimeCreated": null, "EventRecordID": "30768", "Correlation_ActivityID": "", "Correlation_RelatedActivityID": "", "Correlation": null, "Execution_ProcessID": "3368", "Execution_ThreadID": "3332", "Execution": null, "Channel": "Microsoft-Windows-Sysmon/Operational", "Computer": "DESKTOP-P5C3MUD", "Security_UserID": "S-1-5-18", "Security": null, "EventData_RuleName": "-", "EventData_UtcTime": "2023-09-27 06:50:59.936", "EventData_SourceProcessGUID": "{4557fbaa-cf9a-6513-3401-000000000e00}", "EventData_SourceProcessId": "10248", "EventData_SourceThreadId": "1536", "EventData_SourceImage": "E:\\Software\\Microsoft Visual Studio\\Common7\\IDE\\devenv.exe", "EventData_TargetProcessGUID": "{4557fbaa-cfc3-6513-4101-000000000e00}", "EventData_TargetProcessId": "10480", "EventData_TargetImage": "E:\\Software\\Microsoft Visual Studio\\Common7\\ServiceHub\\Hosts\\ServiceHub.Host.netfx.x64\\ServiceHub.IntellicodeModelService.exe", "EventData_GrantedAccess": "0x00001410", "EventData_CallTrace": "C:\\Windows\\SYSTEM32\\ntdll.dll+9d314|C:\\Windows\\System32\\KERNELBASE.dll+308ee|E:\\Software\\Microsoft Visual Studio\\Common7\\IDE\\msenv.dll+2038b2|E:\\Software\\Microsoft Visual Studio\\Common7\\IDE\\msenv.dll+20267a|E:\\Software\\Microsoft Visual Studio\\Common7\\IDE\\msenv.dll+20246d|E:\\Software\\Microsoft Visual Studio\\Common7\\IDE\\msenv.dll+16908|C:\\Windows\\assembly\\NativeImages_v4.0.30319_64\\Microsoft.V350b316e#\\4bdb52ebbcd7fcb743656a331b227752\\Microsoft.VisualStudio.Interop.ni.dll+6e9d6d|C:\\Windows\\assembly\\NativeImages_v4.0.30319_64\\Microsoft.V412add50#\\53726331d157233909f037aa4edc760f\\Microsoft.VisualStudio.Shell.UI.Internal.ni.dll+e9c660|C:\\Windows\\assembly\\NativeImages_v4.0.30319_64\\mscorlib\\987f639e2113a820112aca65fb12396c\\mscorlib.ni.dll+5bcd0e|C:\\Windows\\assembly\\NativeImages_v4.0.30319_64\\mscorlib\\987f639e2113a820112aca65fb12396c\\mscorlib.ni.dll+588c87|C:\\Windows\\assembly\\NativeImages_v4.0.30319_64\\mscorlib\\987f639e2113a820112aca65fb12396c\\mscorlib.ni.dll+55fbe8|C:\\Windows\\assembly\\NativeImages_v4.0.30319_64\\mscorlib\\987f639e2113a820112aca65fb12396c\\mscorlib.ni.dll+55fad5|C:\\Windows\\assembly\\NativeImages_v4.0.30319_64\\mscorlib\\987f639e2113a820112aca65fb12396c\\mscorlib.ni.dll+589d01|C:\\Windows\\assembly\\NativeImages_v4.0.30319_64\\mscorlib\\987f639e2113a820112aca65fb12396c\\mscorlib.ni.dll+588dd1|C:\\Windows\\assembly\\NativeImages_v4.0.30319_64\\mscorlib\\987f639e2113a820112aca65fb12396c\\mscorlib.ni.dll+55fbe8|C:\\Windows\\assembly\\NativeImages_v4.0.30319_64\\mscorlib\\987f639e2113a820112aca65fb12396c\\mscorlib.ni.dll+55fad5|C:\\Windows\\assembly\\NativeImages_v4.0.30319_64\\mscorlib\\987f639e2113a820112aca65fb12396c\\mscorlib.ni.dll+55faa5|C:\\Windows\\assembly\\NativeImages_v4.0.30319_64\\mscorlib\\987f639e2113a820112aca65fb12396c\\mscorlib.ni.dll+eefe80|C:\\Windows\\Microsoft.NET\\Framework64\\v4.0.30319\\clr.dll+1912c3|C:\\Windows\\Microsoft.NET\\Framework64\\v4.0.30319\\clr.dll+5961b|C:\\Windows\\Microsoft.NET\\Framework64\\v4.0.30319\\clr.dll+a8b5a|C:\\Windows\\Microsoft.NET\\Framework64\\v4.0.30319\\clr.dll+3a15c9|C:\\Windows\\Microsoft.NET\\Framework64\\v4.0.30319\\clr.dll+7230b|C:\\Windows\\Microsoft.NET\\Framework64\\v4.0.30319\\clr.dll+7222f", "EventData_SourceUser": "DESKTOP-P5C3MUD\\user", "EventData_TargetUser": "DESKTOP-P5C3MUD\\user"}
{"Provider_Name": "Microsoft-Windows-Sysmon", "Provider_Guid": "{5770385f-c22a-43e0-bf4c-06f5698ffbd9}", "Provider": null, "EventID_Qualifiers": "", "EventID": "10", "Version": "3", "Level": "4", "Task": "10", "Opcode": "0", "Keywords": "0x8000000000000000", "TimeCreated_SystemTime": "2023-09-27 06:50:59.942274", "TimeCreated": null, "EventRecordID": "30769", "Correlation_ActivityID": "", "Correlation_RelatedActivityID": "", "Correlation": null, "Execution_ProcessID": "3368", "Execution_ThreadID": "3332", "Execution": null, "Channel": "Microsoft-Windows-Sysmon/Operational", "Computer": "DESKTOP-P5C3MUD", "Security_UserID": "S-1-5-18", "Security": null, "EventData_RuleName": "-", "EventData_UtcTime": "2023-09-27 06:50:59.936", "EventData_SourceProcessGUID": "{4557fbaa-cf9a-6513-3401-000000000e00}", "EventData_SourceProcessId": "10248", "EventData_SourceThreadId": "1536", "EventData_SourceImage": "E:\\Software\\Microsoft Visual Studio\\Common7\\IDE\\devenv.exe", "EventData_TargetProcessGUID": "{4557fbaa-cfc4-6513-4201-000000000e00}", "EventData_TargetProcessId": "5452", "EventData_TargetImage": "E:\\Software\\Microsoft Visual Studio\\Common7\\ServiceHub\\Hosts\\ServiceHub.Host.Dotnet.x64\\ServiceHub.IdentityHost.exe", "EventData_GrantedAccess": "0x00001410", "EventData_CallTrace": "C:\\Windows\\SYSTEM32\\ntdll.dll+9d314|C:\\Windows\\System32\\KERNELBASE.dll+308ee|E:\\Software\\Microsoft Visual Studio\\Common7\\IDE\\msenv.dll+2038b2|E:\\Software\\Microsoft Visual Studio\\Common7\\IDE\\msenv.dll+20267a|E:\\Software\\Microsoft Visual Studio\\Common7\\IDE\\msenv.dll+20246d|E:\\Software\\Microsoft Visual Studio\\Common7\\IDE\\msenv.dll+16908|C:\\Windows\\assembly\\NativeImages_v4.0.30319_64\\Microsoft.V350b316e#\\4bdb52ebbcd7fcb743656a331b227752\\Microsoft.VisualStudio.Interop.ni.dll+6e9d6d|C:\\Windows\\assembly\\NativeImages_v4.0.30319_64\\Microsoft.V412add50#\\53726331d157233909f037aa4edc760f\\Microsoft.VisualStudio.Shell.UI.Internal.ni.dll+e9c660|C:\\Windows\\assembly\\NativeImages_v4.0.30319_64\\mscorlib\\987f639e2113a820112aca65fb12396c\\mscorlib.ni.dll+5bcd0e|C:\\Windows\\assembly\\NativeImages_v4.0.30319_64\\mscorlib\\987f639e2113a820112aca65fb12396c\\mscorlib.ni.dll+588c87|C:\\Windows\\assembly\\NativeImages_v4.0.30319_64\\mscorlib\\987f639e2113a820112aca65fb12396c\\mscorlib.ni.dll+55fbe8|C:\\Windows\\assembly\\NativeImages_v4.0.30319_64\\mscorlib\\987f639e2113a820112aca65fb12396c\\mscorlib.ni.dll+55fad5|C:\\Windows\\assembly\\NativeImages_v4.0.30319_64\\mscorlib\\987f639e2113a820112aca65fb12396c\\mscorlib.ni.dll+589d01|C:\\Windows\\assembly\\NativeImages_v4.0.30319_64\\mscorlib\\987f639e2113a820112aca65fb12396c\\mscorlib.ni.dll+588dd1|C:\\Windows\\assembly\\NativeImages_v4.0.30319_64\\mscorlib\\987f639e2113a820112aca65fb12396c\\mscorlib.ni.dll+55fbe8|C:\\Windows\\assembly\\NativeImages_v4.0.30319_64\\mscorlib\\987f639e2113a820112aca65fb12396c\\mscorlib.ni.dll+55fad5|C:\\Windows\\assembly\\NativeImages_v4.0.30319_64\\mscorlib\\987f639e2113a820112aca65fb12396c\\mscorlib.ni.dll+55faa5|C:\\Windows\\assembly\\NativeImages_v4.0.30319_64\\mscorlib\\987f639e2113a820112aca65fb12396c\\mscorlib.ni.dll+eefe80|C:\\Windows\\Microsoft.NET\\Framework64\\v4.0.30319\\clr.dll+1912c3|C:\\Windows\\Microsoft.NET\\Framework64\\v4.0.30319\\clr.dll+5961b|C:\\Windows\\Microsoft.NET\\Framework64\\v4.0.30319\\clr.dll+a8b5a|C:\\Windows\\Microsoft.NET\\Framework64\\v4.0.30319\\clr.dll+3a15c9|C:\\Windows\\Microsoft.NET\\Framework64\\v4.0.30319\\clr.dll+7230b|C:\\Windows\\Microsoft.NET\\Framework64\\v4.0.30319\\clr.dll+7222f", "EventData_SourceUser": "DESKTOP-P5C3MUD\\user", "EventData_TargetUser": "DESKTOP-P5C3MUD\\user"}
{"Provider_Name": "Microsoft-Windows-Sysmon", "Provider_Guid": "{5770385f-c22a-43e0-bf4c-06f5698ffbd9}", "Provider": null, "EventID_Qualifiers": "", "EventID": "10", "Version": "3", "Level": "4", "Task": "10", "Opcode": "0", "Keywords": "0x8000000000000000", "TimeCreated_SystemTime": "2023-09-27 06:50:59.942352", "TimeCreated": null, "EventRecordID": "30770", "Correlation_ActivityID": "", "Correlation_RelatedActivityID": "", "Correlation": null, "Execution_ProcessID": "3368", "Execution_ThreadID": "3332", "Execution": null, "Channel": "Microsoft-Windows-Sysmon/Operational", "Computer": "DESKTOP-P5C3MUD", "Security_UserID": "S-1-5-18", "Security": null, "EventData_RuleName": "-", "EventData_UtcTime": "2023-09-27 06:50:59.936", "EventData_SourceProcessGUID": "{4557fbaa-cf9a-6513-3401-000000000e00}", "EventData_SourceProcessId": "10248", "EventData_SourceThreadId": "1536", "EventData_SourceImage": "E:\\Software\\Microsoft Visual Studio\\Common7\\IDE\\devenv.exe", "EventData_TargetProcessGUID": "{4557fbaa-d010-6513-4a01-000000000e00}", "EventData_TargetProcessId": "2236", "EventData_TargetImage": "E:\\Software\\Microsoft Visual Studio\\Common7\\ServiceHub\\Hosts\\ServiceHub.Host.AnyCPU\\ServiceHub.ThreadedWaitDialog.exe", "EventData_GrantedAccess": "0x00001410", "EventData_CallTrace": "C:\\Windows\\SYSTEM32\\ntdll.dll+9d314|C:\\Windows\\System32\\KERNELBASE.dll+308ee|E:\\Software\\Microsoft Visual Studio\\Common7\\IDE\\msenv.dll+2038b2|E:\\Software\\Microsoft Visual Studio\\Common7\\IDE\\msenv.dll+20267a|E:\\Software\\Microsoft Visual Studio\\Common7\\IDE\\msenv.dll+20246d|E:\\Software\\Microsoft Visual Studio\\Common7\\IDE\\msenv.dll+16908|C:\\Windows\\assembly\\NativeImages_v4.0.30319_64\\Microsoft.V350b316e#\\4bdb52ebbcd7fcb743656a331b227752\\Microsoft.VisualStudio.Interop.ni.dll+6e9d6d|C:\\Windows\\assembly\\NativeImages_v4.0.30319_64\\Microsoft.V412add50#\\53726331d157233909f037aa4edc760f\\Microsoft.VisualStudio.Shell.UI.Internal.ni.dll+e9c660|C:\\Windows\\assembly\\NativeImages_v4.0.30319_64\\mscorlib\\987f639e2113a820112aca65fb12396c\\mscorlib.ni.dll+5bcd0e|C:\\Windows\\assembly\\NativeImages_v4.0.30319_64\\mscorlib\\987f639e2113a820112aca65fb12396c\\mscorlib.ni.dll+588c87|C:\\Windows\\assembly\\NativeImages_v4.0.30319_64\\mscorlib\\987f639e2113a820112aca65fb12396c\\mscorlib.ni.dll+55fbe8|C:\\Windows\\assembly\\NativeImages_v4.0.30319_64\\mscorlib\\987f639e2113a820112aca65fb12396c\\mscorlib.ni.dll+55fad5|C:\\Windows\\assembly\\NativeImages_v4.0.30319_64\\mscorlib\\987f639e2113a820112aca65fb12396c\\mscorlib.ni.dll+589d01|C:\\Windows\\assembly\\NativeImages_v4.0.30319_64\\mscorlib\\987f639e2113a820112aca65fb12396c\\mscorlib.ni.dll+588dd1|C:\\Windows\\assembly\\NativeImages_v4.0.30319_64\\mscorlib\\987f639e2113a820112aca65fb12396c\\mscorlib.ni.dll+55fbe8|C:\\Windows\\assembly\\NativeImages_v4.0.30319_64\\mscorlib\\987f639e2113a820112aca65fb12396c\\mscorlib.ni.dll+55fad5|C:\\Windows\\assembly\\NativeImages_v4.0.30319_64\\mscorlib\\987f639e2113a820112aca65fb12396c\\mscorlib.ni.dll+55faa5|C:\\Windows\\assembly\\NativeImages_v4.0.30319_64\\mscorlib\\987f639e2113a820112aca65fb12396c\\mscorlib.ni.dll+eefe80|C:\\Windows\\Microsoft.NET\\Framework64\\v4.0.30319\\clr.dll+1912c3|C:\\Windows\\Microsoft.NET\\Framework64\\v4.0.30319\\clr.dll+5961b|C:\\Windows\\Microsoft.NET\\Framework64\\v4.0.30319\\clr.dll+a8b5a|C:\\Windows\\Microsoft.NET\\Framework64\\v4.0.30319\\clr.dll+3a15c9|C:\\Windows\\Microsoft.NET\\Framework64\\v4.0.30319\\clr.dll+7230b|C:\\Windows\\Microsoft.NET\\Framework64\\v4.0.30319\\clr.dll+7222f", "EventData_SourceUser": "DESKTOP-P5C3MUD\\user", "EventData_TargetUser": "DESKTOP-P5C3MUD\\user"}
{"Provider_Name": "Microsoft-Windows-Sysmon", "Provider_Guid": "{5770385f-c22a-43e0-bf4c-06f5698ffbd9}", "Provider": null, "EventID_Qualifiers": "", "EventID": "10", "Version": "3", "Level": "4", "Task": "10", "Opcode": "0", "Keywords": "0x8000000000000000", "TimeCreated_SystemTime": "2023-09-27 06:50:59.942438", "TimeCreated": null, "EventRecordID": "30771", "Correlation_ActivityID": "", "Correlation_RelatedActivityID": "", "Correlation": null, "Execution_ProcessID": "3368", "Execution_ThreadID": "3332", "Execution": null, "Channel": "Microsoft-Windows-Sysmon/Operational", "Computer": "DESKTOP-P5C3MUD", "Security_UserID": "S-1-5-18", "Security": null, "EventData_RuleName": "-", "EventData_UtcTime": "2023-09-27 06:50:59.936", "EventData_SourceProcessGUID": "{4557fbaa-cf9a-6513-3401-000000000e00}", "EventData_SourceProcessId": "10248", "EventData_SourceThreadId": "1536", "EventData_SourceImage": "E:\\Software\\Microsoft Visual Studio\\Common7\\IDE\\devenv.exe", "EventData_TargetProcessGUID": "{4557fbaa-d018-6513-4b01-000000000e00}", "EventData_TargetProcessId": "384", "EventData_TargetImage": "E:\\Software\\Microsoft Visual Studio\\Common7\\ServiceHub\\Hosts\\ServiceHub.Host.Dotnet.x64\\ServiceHub.RoslynCodeAnalysisService.exe", "EventData_GrantedAccess": "0x00001410", "EventData_CallTrace": "C:\\Windows\\SYSTEM32\\ntdll.dll+9d314|C:\\Windows\\System32\\KERNELBASE.dll+308ee|E:\\Software\\Microsoft Visual Studio\\Common7\\IDE\\msenv.dll+2038b2|E:\\Software\\Microsoft Visual Studio\\Common7\\IDE\\msenv.dll+20267a|E:\\Software\\Microsoft Visual Studio\\Common7\\IDE\\msenv.dll+20246d|E:\\Software\\Microsoft Visual Studio\\Common7\\IDE\\msenv.dll+16908|C:\\Windows\\assembly\\NativeImages_v4.0.30319_64\\Microsoft.V350b316e#\\4bdb52ebbcd7fcb743656a331b227752\\Microsoft.VisualStudio.Interop.ni.dll+6e9d6d|C:\\Windows\\assembly\\NativeImages_v4.0.30319_64\\Microsoft.V412add50#\\53726331d157233909f037aa4edc760f\\Microsoft.VisualStudio.Shell.UI.Internal.ni.dll+e9c660|C:\\Windows\\assembly\\NativeImages_v4.0.30319_64\\mscorlib\\987f639e2113a820112aca65fb12396c\\mscorlib.ni.dll+5bcd0e|C:\\Windows\\assembly\\NativeImages_v4.0.30319_64\\mscorlib\\987f639e2113a820112aca65fb12396c\\mscorlib.ni.dll+588c87|C:\\Windows\\assembly\\NativeImages_v4.0.30319_64\\mscorlib\\987f639e2113a820112aca65fb12396c\\mscorlib.ni.dll+55fbe8|C:\\Windows\\assembly\\NativeImages_v4.0.30319_64\\mscorlib\\987f639e2113a820112aca65fb12396c\\mscorlib.ni.dll+55fad5|C:\\Windows\\assembly\\NativeImages_v4.0.30319_64\\mscorlib\\987f639e2113a820112aca65fb12396c\\mscorlib.ni.dll+589d01|C:\\Windows\\assembly\\NativeImages_v4.0.30319_64\\mscorlib\\987f639e2113a820112aca65fb12396c\\mscorlib.ni.dll+588dd1|C:\\Windows\\assembly\\NativeImages_v4.0.30319_64\\mscorlib\\987f639e2113a820112aca65fb12396c\\mscorlib.ni.dll+55fbe8|C:\\Windows\\assembly\\NativeImages_v4.0.30319_64\\mscorlib\\987f639e2113a820112aca65fb12396c\\mscorlib.ni.dll+55fad5|C:\\Windows\\assembly\\NativeImages_v4.0.30319_64\\mscorlib\\987f639e2113a820112aca65fb12396c\\mscorlib.ni.dll+55faa5|C:\\Windows\\assembly\\NativeImages_v4.0.30319_64\\mscorlib\\987f639e2113a820112aca65fb12396c\\mscorlib.ni.dll+eefe80|C:\\Windows\\Microsoft.NET\\Framework64\\v4.0.30319\\clr.dll+1912c3|C:\\Windows\\Microsoft.NET\\Framework64\\v4.0.30319\\clr.dll+5961b|C:\\Windows\\Microsoft.NET\\Framework64\\v4.0.30319\\clr.dll+a8b5a|C:\\Windows\\Microsoft.NET\\Framework64\\v4.0.30319\\clr.dll+3a15c9|C:\\Windows\\Microsoft.NET\\Framework64\\v4.0.30319\\clr.dll+7230b|C:\\Windows\\Microsoft.NET\\Framework64\\v4.0.30319\\clr.dll+7222f", "EventData_SourceUser": "DESKTOP-P5C3MUD\\user", "EventData_TargetUser": "DESKTOP-P5C3MUD\\user"}
{"Provider_Name": "Microsoft-Windows-Sysmon", "Provider_Guid": "{5770385f-c22a-43e0-bf4c-06f5698ffbd9}", "Provider": null, "EventID_Qualifiers": "", "EventID": "10", "Version": "3", "Level": "4", "Task": "10", "Opcode": "0", "Keywords": "0x8000000000000000", "TimeCreated_SystemTime": "2023-09-27 06:50:59.942514", "TimeCreated": null, "EventRecordID": "30772", "Correlation_ActivityID": "", "Correlation_RelatedActivityID": "", "Correlation": null, "Execution_ProcessID": "3368", "Execution_ThreadID": "3332", "Execution": null, "Channel": "Microsoft-Windows-Sysmon/Operational", "Computer": "DESKTOP-P5C3MUD", "Security_UserID": "S-1-5-18", "Security": null, "EventData_RuleName": "-", "EventData_UtcTime": "2023-09-27 06:50:59.936", "EventData_SourceProcessGUID": "{4557fbaa-cf9a-6513-3401-000000000e00}", "EventData_SourceProcessId": "10248", "EventData_SourceThreadId": "1536", "EventData_SourceImage": "E:\\Software\\Microsoft Visual Studio\\Common7\\IDE\\devenv.exe", "EventData_TargetProcessGUID": "{4557fbaa-d019-6513-4c01-000000000e00}", "EventData_TargetProcessId": "10872", "EventData_TargetImage": "E:\\Software\\Microsoft Visual Studio\\Common7\\ServiceHub\\Hosts\\ServiceHub.Host.Dotnet.x64\\ServiceHub.IndexingService.exe", "EventData_GrantedAccess": "0x00001410", "EventData_CallTrace": "C:\\Windows\\SYSTEM32\\ntdll.dll+9d314|C:\\Windows\\System32\\KERNELBASE.dll+308ee|E:\\Software\\Microsoft Visual Studio\\Common7\\IDE\\msenv.dll+2038b2|E:\\Software\\Microsoft Visual Studio\\Common7\\IDE\\msenv.dll+20267a|E:\\Software\\Microsoft Visual Studio\\Common7\\IDE\\msenv.dll+20246d|E:\\Software\\Microsoft Visual Studio\\Common7\\IDE\\msenv.dll+16908|C:\\Windows\\assembly\\NativeImages_v4.0.30319_64\\Microsoft.V350b316e#\\4bdb52ebbcd7fcb743656a331b227752\\Microsoft.VisualStudio.Interop.ni.dll+6e9d6d|C:\\Windows\\assembly\\NativeImages_v4.0.30319_64\\Microsoft.V412add50#\\53726331d157233909f037aa4edc760f\\Microsoft.VisualStudio.Shell.UI.Internal.ni.dll+e9c660|C:\\Windows\\assembly\\NativeImages_v4.0.30319_64\\mscorlib\\987f639e2113a820112aca65fb12396c\\mscorlib.ni.dll+5bcd0e|C:\\Windows\\assembly\\NativeImages_v4.0.30319_64\\mscorlib\\987f639e2113a820112aca65fb12396c\\mscorlib.ni.dll+588c87|C:\\Windows\\assembly\\NativeImages_v4.0.30319_64\\mscorlib\\987f639e2113a820112aca65fb12396c\\mscorlib.ni.dll+55fbe8|C:\\Windows\\assembly\\NativeImages_v4.0.30319_64\\mscorlib\\987f639e2113a820112aca65fb12396c\\mscorlib.ni.dll+55fad5|C:\\Windows\\assembly\\NativeImages_v4.0.30319_64\\mscorlib\\987f639e2113a820112aca65fb12396c\\mscorlib.ni.dll+589d01|C:\\Windows\\assembly\\NativeImages_v4.0.30319_64\\mscorlib\\987f639e2113a820112aca65fb12396c\\mscorlib.ni.dll+588dd1|C:\\Windows\\assembly\\NativeImages_v4.0.30319_64\\mscorlib\\987f639e2113a820112aca65fb12396c\\mscorlib.ni.dll+55fbe8|C:\\Windows\\assembly\\NativeImages_v4.0.30319_64\\mscorlib\\987f639e2113a820112aca65fb12396c\\mscorlib.ni.dll+55fad5|C:\\Windows\\assembly\\NativeImages_v4.0.30319_64\\mscorlib\\987f639e2113a820112aca65fb12396c\\mscorlib.ni.dll+55faa5|C:\\Windows\\assembly\\NativeImages_v4.0.30319_64\\mscorlib\\987f639e2113a820112aca65fb12396c\\mscorlib.ni.dll+eefe80|C:\\Windows\\Microsoft.NET\\Framework64\\v4.0.30319\\clr.dll+1912c3|C:\\Windows\\Microsoft.NET\\Framework64\\v4.0.30319\\clr.dll+5961b|C:\\Windows\\Microsoft.NET\\Framework64\\v4.0.30319\\clr.dll+a8b5a|C:\\Windows\\Microsoft.NET\\Framework64\\v4.0.30319\\clr.dll+3a15c9|C:\\Windows\\Microsoft.NET\\Framework64\\v4.0.30319\\clr.dll+7230b|C:\\Windows\\Microsoft.NET\\Framework64\\v4.0.30319\\clr.dll+7222f", "EventData_SourceUser": "DESKTOP-P5C3MUD\\user", "EventData_TargetUser": "DESKTOP-P5C3MUD\\user"}
{"Provider_Name": "Microsoft-Windows-Sysmon", "Provider_Guid": "{5770385f-c22a-43e0-bf4c-06f5698ffbd9}", "Provider": null, "EventID_Qualifiers": "", "EventID": "10", "Version": "3", "Level": "4", "Task": "10", "Opcode": "0", "Keywords": "0x8000000000000000", "TimeCreated_SystemTime": "2023-09-27 06:50:59.942583", "TimeCreated": null, "EventRecordID": "30773", "Correlation_ActivityID": "", "Correlation_RelatedActivityID": "", "Correlation": null, "Execution_ProcessID": "3368", "Execution_ThreadID": "3332", "Execution": null, "Channel": "Microsoft-Windows-Sysmon/Operational", "Computer": "DESKTOP-P5C3MUD", "Security_UserID": "S-1-5-18", "Security": null, "EventData_RuleName": "-", "EventData_UtcTime": "2023-09-27 06:50:59.936", "EventData_SourceProcessGUID": "{4557fbaa-cf9a-6513-3401-000000000e00}", "EventData_SourceProcessId": "10248", "EventData_SourceThreadId": "1536", "EventData_SourceImage": "E:\\Software\\Microsoft Visual Studio\\Common7\\IDE\\devenv.exe", "EventData_TargetProcessGUID": "{4557fbaa-d01d-6513-5101-000000000e00}", "EventData_TargetProcessId": "10656", "EventData_TargetImage": "E:\\Software\\Microsoft Visual Studio\\Common7\\ServiceHub\\Hosts\\ServiceHub.Host.AnyCPU\\ServiceHub.Host.AnyCPU.exe", "EventData_GrantedAccess": "0x00001410", "EventData_CallTrace": "C:\\Windows\\SYSTEM32\\ntdll.dll+9d314|C:\\Windows\\System32\\KERNELBASE.dll+308ee|E:\\Software\\Microsoft Visual Studio\\Common7\\IDE\\msenv.dll+2038b2|E:\\Software\\Microsoft Visual Studio\\Common7\\IDE\\msenv.dll+20267a|E:\\Software\\Microsoft Visual Studio\\Common7\\IDE\\msenv.dll+20246d|E:\\Software\\Microsoft Visual Studio\\Common7\\IDE\\msenv.dll+16908|C:\\Windows\\assembly\\NativeImages_v4.0.30319_64\\Microsoft.V350b316e#\\4bdb52ebbcd7fcb743656a331b227752\\Microsoft.VisualStudio.Interop.ni.dll+6e9d6d|C:\\Windows\\assembly\\NativeImages_v4.0.30319_64\\Microsoft.V412add50#\\53726331d157233909f037aa4edc760f\\Microsoft.VisualStudio.Shell.UI.Internal.ni.dll+e9c660|C:\\Windows\\assembly\\NativeImages_v4.0.30319_64\\mscorlib\\987f639e2113a820112aca65fb12396c\\mscorlib.ni.dll+5bcd0e|C:\\Windows\\assembly\\NativeImages_v4.0.30319_64\\mscorlib\\987f639e2113a820112aca65fb12396c\\mscorlib.ni.dll+588c87|C:\\Windows\\assembly\\NativeImages_v4.0.30319_64\\mscorlib\\987f639e2113a820112aca65fb12396c\\mscorlib.ni.dll+55fbe8|C:\\Windows\\assembly\\NativeImages_v4.0.30319_64\\mscorlib\\987f639e2113a820112aca65fb12396c\\mscorlib.ni.dll+55fad5|C:\\Windows\\assembly\\NativeImages_v4.0.30319_64\\mscorlib\\987f639e2113a820112aca65fb12396c\\mscorlib.ni.dll+589d01|C:\\Windows\\assembly\\NativeImages_v4.0.30319_64\\mscorlib\\987f639e2113a820112aca65fb12396c\\mscorlib.ni.dll+588dd1|C:\\Windows\\assembly\\NativeImages_v4.0.30319_64\\mscorlib\\987f639e2113a820112aca65fb12396c\\mscorlib.ni.dll+55fbe8|C:\\Windows\\assembly\\NativeImages_v4.0.30319_64\\mscorlib\\987f639e2113a820112aca65fb12396c\\mscorlib.ni.dll+55fad5|C:\\Windows\\assembly\\NativeImages_v4.0.30319_64\\mscorlib\\987f639e2113a820112aca65fb12396c\\mscorlib.ni.dll+55faa5|C:\\Windows\\assembly\\NativeImages_v4.0.30319_64\\mscorlib\\987f639e2113a820112aca65fb12396c\\mscorlib.ni.dll+eefe80|C:\\Windows\\Microsoft.NET\\Framework64\\v4.0.30319\\clr.dll+1912c3|C:\\Windows\\Microsoft.NET\\Framework64\\v4.0.30319\\clr.dll+5961b|C:\\Windows\\Microsoft.NET\\Framework64\\v4.0.30319\\clr.dll+a8b5a|C:\\Windows\\Microsoft.NET\\Framework64\\v4.0.30319\\clr.dll+3a15c9|C:\\Windows\\Microsoft.NET\\Framework64\\v4.0.30319\\clr.dll+7230b|C:\\Windows\\Microsoft.NET\\Framework64\\v4.0.30319\\clr.dll+7222f", "EventData_SourceUser": "DESKTOP-P5C3MUD\\user", "EventData_TargetUser": "DESKTOP-P5C3MUD\\user"}
{"Provider_Name": "Microsoft-Windows-Sysmon", "Provider_Guid": "{5770385f-c22a-43e0-bf4c-06f5698ffbd9}", "Provider": null, "EventID_Qualifiers": "", "EventID": "10", "Version": "3", "Level": "4", "Task": "10", "Opcode": "0", "Keywords": "0x8000000000000000", "TimeCreated_SystemTime": "2023-09-27 06:50:59.942659", "TimeCreated": null, "EventRecordID": "30774", "Correlation_ActivityID": "", "Correlation_RelatedActivityID": "", "Correlation": null, "Execution_ProcessID": "3368", "Execution_ThreadID": "3332", "Execution": null, "Channel": "Microsoft-Windows-Sysmon/Operational", "Computer": "DESKTOP-P5C3MUD", "Security_UserID": "S-1-5-18", "Security": null, "EventData_RuleName": "-", "EventData_UtcTime": "2023-09-27 06:50:59.936", "EventData_SourceProcessGUID": "{4557fbaa-cf9a-6513-3401-000000000e00}", "EventData_SourceProcessId": "10248", "EventData_SourceThreadId": "1536", "EventData_SourceImage": "E:\\Software\\Microsoft Visual Studio\\Common7\\IDE\\devenv.exe", "EventData_TargetProcessGUID": "{4557fbaa-d030-6513-5501-000000000e00}", "EventData_TargetProcessId": "8828", "EventData_TargetImage": "E:\\Software\\Microsoft Visual Studio\\Common7\\ServiceHub\\Hosts\\ServiceHub.Host.AnyCPU\\ServiceHub.TestWindowStoreHost.exe", "EventData_GrantedAccess": "0x00001410", "EventData_CallTrace": "C:\\Windows\\SYSTEM32\\ntdll.dll+9d314|C:\\Windows\\System32\\KERNELBASE.dll+308ee|E:\\Software\\Microsoft Visual Studio\\Common7\\IDE\\msenv.dll+2038b2|E:\\Software\\Microsoft Visual Studio\\Common7\\IDE\\msenv.dll+20267a|E:\\Software\\Microsoft Visual Studio\\Common7\\IDE\\msenv.dll+20246d|E:\\Software\\Microsoft Visual Studio\\Common7\\IDE\\msenv.dll+16908|C:\\Windows\\assembly\\NativeImages_v4.0.30319_64\\Microsoft.V350b316e#\\4bdb52ebbcd7fcb743656a331b227752\\Microsoft.VisualStudio.Interop.ni.dll+6e9d6d|C:\\Windows\\assembly\\NativeImages_v4.0.30319_64\\Microsoft.V412add50#\\53726331d157233909f037aa4edc760f\\Microsoft.VisualStudio.Shell.UI.Internal.ni.dll+e9c660|C:\\Windows\\assembly\\NativeImages_v4.0.30319_64\\mscorlib\\987f639e2113a820112aca65fb12396c\\mscorlib.ni.dll+5bcd0e|C:\\Windows\\assembly\\NativeImages_v4.0.30319_64\\mscorlib\\987f639e2113a820112aca65fb12396c\\mscorlib.ni.dll+588c87|C:\\Windows\\assembly\\NativeImages_v4.0.30319_64\\mscorlib\\987f639e2113a820112aca65fb12396c\\mscorlib.ni.dll+55fbe8|C:\\Windows\\assembly\\NativeImages_v4.0.30319_64\\mscorlib\\987f639e2113a820112aca65fb12396c\\mscorlib.ni.dll+55fad5|C:\\Windows\\assembly\\NativeImages_v4.0.30319_64\\mscorlib\\987f639e2113a820112aca65fb12396c\\mscorlib.ni.dll+589d01|C:\\Windows\\assembly\\NativeImages_v4.0.30319_64\\mscorlib\\987f639e2113a820112aca65fb12396c\\mscorlib.ni.dll+588dd1|C:\\Windows\\assembly\\NativeImages_v4.0.30319_64\\mscorlib\\987f639e2113a820112aca65fb12396c\\mscorlib.ni.dll+55fbe8|C:\\Windows\\assembly\\NativeImages_v4.0.30319_64\\mscorlib\\987f639e2113a820112aca65fb12396c\\mscorlib.ni.dll+55fad5|C:\\Windows\\assembly\\NativeImages_v4.0.30319_64\\mscorlib\\987f639e2113a820112aca65fb12396c\\mscorlib.ni.dll+55faa5|C:\\Windows\\assembly\\NativeImages_v4.0.30319_64\\mscorlib\\987f639e2113a820112aca65fb12396c\\mscorlib.ni.dll+eefe80|C:\\Windows\\Microsoft.NET\\Framework64\\v4.0.30319\\clr.dll+1912c3|C:\\Windows\\Microsoft.NET\\Framework64\\v4.0.30319\\clr.dll+5961b|C:\\Windows\\Microsoft.NET\\Framework64\\v4.0.30319\\clr.dll+a8b5a|C:\\Windows\\Microsoft.NET\\Framework64\\v4.0.30319\\clr.dll+3a15c9|C:\\Windows\\Microsoft.NET\\Framework64\\v4.0.30319\\clr.dll+7230b|C:\\Windows\\Microsoft.NET\\Framework64\\v4.0.30319\\clr.dll+7222f", "EventData_SourceUser": "DESKTOP-P5C3MUD\\user", "EventData_TargetUser": "DESKTOP-P5C3MUD\\user"}
{"Provider_Name": "Microsoft-Windows-Sysmon", "Provider_Guid": "{5770385f-c22a-43e0-bf4c-06f5698ffbd9}", "Provider": null, "EventID_Qualifiers": "", "EventID": "10", "Version": "3", "Level": "4", "Task": "10", "Opcode": "0", "Keywords": "0x8000000000000000", "TimeCreated_SystemTime": "2023-09-27 06:50:59.942738", "TimeCreated": null, "EventRecordID": "30775", "Correlation_ActivityID": "", "Correlation_RelatedActivityID": "", "Correlation": null, "Execution_ProcessID": "3368", "Execution_ThreadID": "3332", "Execution": null, "Channel": "Microsoft-Windows-Sysmon/Operational", "Computer": "DESKTOP-P5C3MUD", "Security_UserID": "S-1-5-18", "Security": null, "EventData_RuleName": "-", "EventData_UtcTime": "2023-09-27 06:50:59.936", "EventData_SourceProcessGUID": "{4557fbaa-cf9a-6513-3401-000000000e00}", "EventData_SourceProcessId": "10248", "EventData_SourceThreadId": "1536", "EventData_SourceImage": "E:\\Software\\Microsoft Visual Studio\\Common7\\IDE\\devenv.exe", "EventData_TargetProcessGUID": "{4557fbaa-d01c-6513-4e01-000000000e00}", "EventData_TargetProcessId": "8804", "EventData_TargetImage": "E:\\Software\\Microsoft Visual Studio\\Common7\\IDE\\VC\\vcpackages\\x86\\VCPkgSrv.exe", "EventData_GrantedAccess": "0x00001410", "EventData_CallTrace": "C:\\Windows\\SYSTEM32\\ntdll.dll+9d314|C:\\Windows\\System32\\KERNELBASE.dll+308ee|E:\\Software\\Microsoft Visual Studio\\Common7\\IDE\\msenv.dll+2038b2|E:\\Software\\Microsoft Visual Studio\\Common7\\IDE\\msenv.dll+20267a|E:\\Software\\Microsoft Visual Studio\\Common7\\IDE\\msenv.dll+20246d|E:\\Software\\Microsoft Visual Studio\\Common7\\IDE\\msenv.dll+16908|C:\\Windows\\assembly\\NativeImages_v4.0.30319_64\\Microsoft.V350b316e#\\4bdb52ebbcd7fcb743656a331b227752\\Microsoft.VisualStudio.Interop.ni.dll+6e9d6d|C:\\Windows\\assembly\\NativeImages_v4.0.30319_64\\Microsoft.V412add50#\\53726331d157233909f037aa4edc760f\\Microsoft.VisualStudio.Shell.UI.Internal.ni.dll+e9c660|C:\\Windows\\assembly\\NativeImages_v4.0.30319_64\\mscorlib\\987f639e2113a820112aca65fb12396c\\mscorlib.ni.dll+5bcd0e|C:\\Windows\\assembly\\NativeImages_v4.0.30319_64\\mscorlib\\987f639e2113a820112aca65fb12396c\\mscorlib.ni.dll+588c87|C:\\Windows\\assembly\\NativeImages_v4.0.30319_64\\mscorlib\\987f639e2113a820112aca65fb12396c\\mscorlib.ni.dll+55fbe8|C:\\Windows\\assembly\\NativeImages_v4.0.30319_64\\mscorlib\\987f639e2113a820112aca65fb12396c\\mscorlib.ni.dll+55fad5|C:\\Windows\\assembly\\NativeImages_v4.0.30319_64\\mscorlib\\987f639e2113a820112aca65fb12396c\\mscorlib.ni.dll+589d01|C:\\Windows\\assembly\\NativeImages_v4.0.30319_64\\mscorlib\\987f639e2113a820112aca65fb12396c\\mscorlib.ni.dll+588dd1|C:\\Windows\\assembly\\NativeImages_v4.0.30319_64\\mscorlib\\987f639e2113a820112aca65fb12396c\\mscorlib.ni.dll+55fbe8|C:\\Windows\\assembly\\NativeImages_v4.0.30319_64\\mscorlib\\987f639e2113a820112aca65fb12396c\\mscorlib.ni.dll+55fad5|C:\\Windows\\assembly\\NativeImages_v4.0.30319_64\\mscorlib\\987f639e2113a820112aca65fb12396c\\mscorlib.ni.dll+55faa5|C:\\Windows\\assembly\\NativeImages_v4.0.30319_64\\mscorlib\\987f639e2113a820112aca65fb12396c\\mscorlib.ni.dll+eefe80|C:\\Windows\\Microsoft.NET\\Framework64\\v4.0.30319\\clr.dll+1912c3|C:\\Windows\\Microsoft.NET\\Framework64\\v4.0.30319\\clr.dll+5961b|C:\\Windows\\Microsoft.NET\\Framework64\\v4.0.30319\\clr.dll+a8b5a|C:\\Windows\\Microsoft.NET\\Framework64\\v4.0.30319\\clr.dll+3a15c9|C:\\Windows\\Microsoft.NET\\Framework64\\v4.0.30319\\clr.dll+7230b|C:\\Windows\\Microsoft.NET\\Framework64\\v4.0.30319\\clr.dll+7222f", "EventData_SourceUser": "DESKTOP-P5C3MUD\\user", "EventData_TargetUser": "DESKTOP-P5C3MUD\\user"}
{"Provider_Name": "Microsoft-Windows-Sysmon", "Provider_Guid": "{5770385f-c22a-43e0-bf4c-06f5698ffbd9}", "Provider": null, "EventID_Qualifiers": "", "EventID": "10", "Version": "3", "Level": "4", "Task": "10", "Opcode": "0", "Keywords": "0x8000000000000000", "TimeCreated_SystemTime": "2023-09-27 06:51:00.017000", "TimeCreated": null, "EventRecordID": "30776", "Correlation_ActivityID": "", "Correlation_RelatedActivityID": "", "Correlation": null, "Execution_ProcessID": "3368", "Execution_ThreadID": "3332", "Execution": null, "Channel": "Microsoft-Windows-Sysmon/Operational", "Computer": "DESKTOP-P5C3MUD", "Security_UserID": "S-1-5-18", "Security": null, "EventData_RuleName": "-", "EventData_UtcTime": "2023-09-27 06:51:00.014", "EventData_SourceProcessGUID": "{4557fbaa-ce2f-6513-1100-000000000e00}", "EventData_SourceProcessId": "432", "EventData_SourceThreadId": "6308", "EventData_SourceImage": "C:\\Windows\\system32\\svchost.exe", "EventData_TargetProcessGUID": "{4557fbaa-ce2f-6513-1500-000000000e00}", "EventData_TargetProcessId": "1080", "EventData_TargetImage": "C:\\Windows\\System32\\svchost.exe", "EventData_GrantedAccess": "0x00000040", "EventData_CallTrace": "C:\\Windows\\SYSTEM32\\ntdll.dll+9d314|C:\\Windows\\System32\\KERNELBASE.dll+308ee|c:\\windows\\system32\\lsm.dll+1b139|C:\\Windows\\System32\\RPCRT4.dll+7b4b3|C:\\Windows\\System32\\RPCRT4.dll+de77b|C:\\Windows\\System32\\RPCRT4.dll+1d479|C:\\Windows\\System32\\combase.dll+b5f00|C:\\Windows\\System32\\combase.dll+8bad3|C:\\Windows\\System32\\combase.dll+8b85e|C:\\Windows\\System32\\combase.dll+baaa6|C:\\Windows\\System32\\combase.dll+31283|C:\\Windows\\System32\\combase.dll+b133d|C:\\Windows\\System32\\combase.dll+25036|C:\\Windows\\System32\\combase.dll+fb8cc|C:\\Windows\\System32\\combase.dll+26ff9|C:\\Windows\\System32\\RPCRT4.dll+59188|C:\\Windows\\System32\\RPCRT4.dll+3a3a6|C:\\Windows\\System32\\RPCRT4.dll+39fd6|C:\\Windows\\System32\\RPCRT4.dll+4730f|C:\\Windows\\System32\\RPCRT4.dll+468c8|C:\\Windows\\System32\\RPCRT4.dll+45eb1|C:\\Windows\\System32\\RPCRT4.dll+4591e|C:\\Windows\\System32\\RPCRT4.dll+4a032|C:\\Windows\\SYSTEM32\\ntdll.dll+20330", "EventData_SourceUser": "NT AUTHORITY\\SYSTEM", "EventData_TargetUser": "NT AUTHORITY\\NETWORK SERVICE"}
