{"Provider_Name": "Microsoft-Windows-Sysmon", "Provider_Guid": "{5770385f-c22a-43e0-bf4c-06f5698ffbd9}", "Provider": null, "EventID_Qualifiers": "", "EventID": "10", "Version": "3", "Level": "4", "Task": "10", "Opcode": "0", "Keywords": "0x8000000000000000", "TimeCreated_SystemTime": "2023-09-27 06:51:00.330931", "TimeCreated": null, "EventRecordID": "30790", "Correlation_ActivityID": "", "Correlation_RelatedActivityID": "", "Correlation": null, "Execution_ProcessID": "3368", "Execution_ThreadID": "3332", "Execution": null, "Channel": "Microsoft-Windows-Sysmon/Operational", "Computer": "DESKTOP-P5C3MUD", "Security_UserID": "S-1-5-18", "Security": null, "EventData_RuleName": "-", "EventData_UtcTime": "2023-09-27 06:51:00.326", "EventData_SourceProcessGUID": "{4557fbaa-cfa6-6513-3801-000000000e00}", "EventData_SourceProcessId": "7028", "EventData_SourceThreadId": "2408", "EventData_SourceImage": "E:\\Software\\Microsoft Visual Studio\\Common7\\IDE\\PerfWatson2.exe", "EventData_TargetProcessGUID": "{4557fbaa-d01d-6513-5101-000000000e00}", "EventData_TargetProcessId": "10656", "EventData_TargetImage": "E:\\Software\\Microsoft Visual Studio\\Common7\\ServiceHub\\Hosts\\ServiceHub.Host.AnyCPU\\ServiceHub.Host.AnyCPU.exe", "EventData_GrantedAccess": "0x001f3fff", "EventData_CallTrace": "C:\\Windows\\SYSTEM32\\ntdll.dll+9d314|C:\\Windows\\System32\\KERNELBASE.dll+308ee|C:\\Windows\\assembly\\NativeImages_v4.0.30319_64\\System\\dedc75453f6b39c0f80a287688f47235\\System.ni.dll+34f460|C:\\Windows\\assembly\\NativeImages_v4.0.30319_64\\System\\dedc75453f6b39c0f80a287688f47235\\System.ni.dll+2cd80e|C:\\Windows\\assembly\\NativeImages_v4.0.30319_64\\System\\dedc75453f6b39c0f80a287688f47235\\System.ni.dll+2cc3b5|C:\\Windows\\assembly\\NativeImages_v4.0.30319_64\\System\\dedc75453f6b39c0f80a287688f47235\\System.ni.dll+2b2ede|C:\\Windows\\assembly\\NativeImages_v4.0.30319_64\\System\\dedc75453f6b39c0f80a287688f47235\\System.ni.dll+2b25a5|C:\\Windows\\assembly\\NativeImages_v4.0.30319_64\\Microsoft.Vc1955904#\\de9437fb23758d4b10606c9d0c767021\\Microsoft.VisualStudio.PerfWatson.ni.dll+324d2c|C:\\Windows\\assembly\\NativeImages_v4.0.30319_64\\Microsoft.Vc1955904#\\de9437fb23758d4b10606c9d0c767021\\Microsoft.VisualStudio.PerfWatson.ni.dll+323476|C:\\Windows\\assembly\\NativeImages_v4.0.30319_64\\Microsoft.Vc1955904#\\de9437fb23758d4b10606c9d0c767021\\Microsoft.VisualStudio.PerfWatson.ni.dll+375bc2|C:\\Windows\\assembly\\NativeImages_v4.0.30319_64\\Microsoft.Vc1955904#\\de9437fb23758d4b10606c9d0c767021\\Microsoft.VisualStudio.PerfWatson.ni.dll+306366|C:\\Windows\\assembly\\NativeImages_v4.0.30319_64\\Microsoft.Vc1955904#\\de9437fb23758d4b10606c9d0c767021\\Microsoft.VisualStudio.PerfWatson.ni.dll+306388|C:\\Windows\\assembly\\NativeImages_v4.0.30319_64\\Microsoft.Vc1955904#\\de9437fb23758d4b10606c9d0c767021\\Microsoft.VisualStudio.PerfWatson.ni.dll+306388|C:\\Windows\\assembly\\NativeImages_v4.0.30319_64\\Microsoft.Vc1955904#\\de9437fb23758d4b10606c9d0c767021\\Microsoft.VisualStudio.PerfWatson.ni.dll+324aa8|C:\\Windows\\assembly\\NativeImages_v4.0.30319_64\\Microsoft.Vc1955904#\\de9437fb23758d4b10606c9d0c767021\\Microsoft.VisualStudio.PerfWatson.ni.dll+32368c|C:\\Windows\\assembly\\NativeImages_v4.0.30319_64\\Microsoft.Vc1955904#\\de9437fb23758d4b10606c9d0c767021\\Microsoft.VisualStudio.PerfWatson.ni.dll+3234f2|C:\\Windows\\assembly\\NativeImages_v4.0.30319_64\\System\\dedc75453f6b39c0f80a287688f47235\\System.ni.dll+2e05c0|C:\\Windows\\assembly\\NativeImages_v4.0.30319_64\\mscorlib\\987f639e2113a820112aca65fb12396c\\mscorlib.ni.dll+55fbe8|C:\\Windows\\assembly\\NativeImages_v4.0.30319_64\\mscorlib\\987f639e2113a820112aca65fb12396c\\mscorlib.ni.dll+55fad5|C:\\Windows\\assembly\\NativeImages_v4.0.30319_64\\mscorlib\\987f639e2113a820112aca65fb12396c\\mscorlib.ni.dll+ef12f8|C:\\Windows\\assembly\\NativeImages_v4.0.30319_64\\mscorlib\\987f639e2113a820112aca65fb12396c\\mscorlib.ni.dll+ef1041|C:\\Windows\\assembly\\NativeImages_v4.0.30319_64\\mscorlib\\987f639e2113a820112aca65fb12396c\\mscorlib.ni.dll+50a338|C:\\Windows\\Microsoft.NET\\Framework64\\v4.0.30319\\clr.dll+1912c3|C:\\Windows\\Microsoft.NET\\Framework64\\v4.0.30319\\clr.dll+5961b", "EventData_SourceUser": "DESKTOP-P5C3MUD\\user", "EventData_TargetUser": "DESKTOP-P5C3MUD\\user"}
{"Provider_Name": "Microsoft-Windows-Sysmon", "Provider_Guid": "{5770385f-c22a-43e0-bf4c-06f5698ffbd9}", "Provider": null, "EventID_Qualifiers": "", "EventID": "10", "Version": "3", "Level": "4", "Task": "10", "Opcode": "0", "Keywords": "0x8000000000000000", "TimeCreated_SystemTime": "2023-09-27 06:51:00.332365", "TimeCreated": null, "EventRecordID": "30791", "Correlation_ActivityID": "", "Correlation_RelatedActivityID": "", "Correlation": null, "Execution_ProcessID": "3368", "Execution_ThreadID": "3332", "Execution": null, "Channel": "Microsoft-Windows-Sysmon/Operational", "Computer": "DESKTOP-P5C3MUD", "Security_UserID": "S-1-5-18", "Security": null, "EventData_RuleName": "-", "EventData_UtcTime": "2023-09-27 06:51:00.326", "EventData_SourceProcessGUID": "{4557fbaa-cfa6-6513-3801-000000000e00}", "EventData_SourceProcessId": "7028", "EventData_SourceThreadId": "2408", "EventData_SourceImage": "E:\\Software\\Microsoft Visual Studio\\Common7\\IDE\\PerfWatson2.exe", "EventData_TargetProcessGUID": "{4557fbaa-d030-6513-5501-000000000e00}", "EventData_TargetProcessId": "8828", "EventData_TargetImage": "E:\\Software\\Microsoft Visual Studio\\Common7\\ServiceHub\\Hosts\\ServiceHub.Host.AnyCPU\\ServiceHub.TestWindowStoreHost.exe", "EventData_GrantedAccess": "0x001f3fff", "EventData_CallTrace": "C:\\Windows\\SYSTEM32\\ntdll.dll+9d314|C:\\Windows\\System32\\KERNELBASE.dll+308ee|C:\\Windows\\assembly\\NativeImages_v4.0.30319_64\\System\\dedc75453f6b39c0f80a287688f47235\\System.ni.dll+34f460|C:\\Windows\\assembly\\NativeImages_v4.0.30319_64\\System\\dedc75453f6b39c0f80a287688f47235\\System.ni.dll+2cd80e|C:\\Windows\\assembly\\NativeImages_v4.0.30319_64\\System\\dedc75453f6b39c0f80a287688f47235\\System.ni.dll+2cc3b5|C:\\Windows\\assembly\\NativeImages_v4.0.30319_64\\System\\dedc75453f6b39c0f80a287688f47235\\System.ni.dll+2b2ede|C:\\Windows\\assembly\\NativeImages_v4.0.30319_64\\System\\dedc75453f6b39c0f80a287688f47235\\System.ni.dll+2b25a5|C:\\Windows\\assembly\\NativeImages_v4.0.30319_64\\Microsoft.Vc1955904#\\de9437fb23758d4b10606c9d0c767021\\Microsoft.VisualStudio.PerfWatson.ni.dll+324d2c|C:\\Windows\\assembly\\NativeImages_v4.0.30319_64\\Microsoft.Vc1955904#\\de9437fb23758d4b10606c9d0c767021\\Microsoft.VisualStudio.PerfWatson.ni.dll+323476|C:\\Windows\\assembly\\NativeImages_v4.0.30319_64\\Microsoft.Vc1955904#\\de9437fb23758d4b10606c9d0c767021\\Microsoft.VisualStudio.PerfWatson.ni.dll+375bc2|C:\\Windows\\assembly\\NativeImages_v4.0.30319_64\\Microsoft.Vc1955904#\\de9437fb23758d4b10606c9d0c767021\\Microsoft.VisualStudio.PerfWatson.ni.dll+306366|C:\\Windows\\assembly\\NativeImages_v4.0.30319_64\\Microsoft.Vc1955904#\\de9437fb23758d4b10606c9d0c767021\\Microsoft.VisualStudio.PerfWatson.ni.dll+306388|C:\\Windows\\assembly\\NativeImages_v4.0.30319_64\\Microsoft.Vc1955904#\\de9437fb23758d4b10606c9d0c767021\\Microsoft.VisualStudio.PerfWatson.ni.dll+306388|C:\\Windows\\assembly\\NativeImages_v4.0.30319_64\\Microsoft.Vc1955904#\\de9437fb23758d4b10606c9d0c767021\\Microsoft.VisualStudio.PerfWatson.ni.dll+324aa8|C:\\Windows\\assembly\\NativeImages_v4.0.30319_64\\Microsoft.Vc1955904#\\de9437fb23758d4b10606c9d0c767021\\Microsoft.VisualStudio.PerfWatson.ni.dll+32368c|C:\\Windows\\assembly\\NativeImages_v4.0.30319_64\\Microsoft.Vc1955904#\\de9437fb23758d4b10606c9d0c767021\\Microsoft.VisualStudio.PerfWatson.ni.dll+3234f2|C:\\Windows\\assembly\\NativeImages_v4.0.30319_64\\System\\dedc75453f6b39c0f80a287688f47235\\System.ni.dll+2e05c0|C:\\Windows\\assembly\\NativeImages_v4.0.30319_64\\mscorlib\\987f639e2113a820112aca65fb12396c\\mscorlib.ni.dll+55fbe8|C:\\Windows\\assembly\\NativeImages_v4.0.30319_64\\mscorlib\\987f639e2113a820112aca65fb12396c\\mscorlib.ni.dll+55fad5|C:\\Windows\\assembly\\NativeImages_v4.0.30319_64\\mscorlib\\987f639e2113a820112aca65fb12396c\\mscorlib.ni.dll+ef12f8|C:\\Windows\\assembly\\NativeImages_v4.0.30319_64\\mscorlib\\987f639e2113a820112aca65fb12396c\\mscorlib.ni.dll+ef1041|C:\\Windows\\assembly\\NativeImages_v4.0.30319_64\\mscorlib\\987f639e2113a820112aca65fb12396c\\mscorlib.ni.dll+50a338|C:\\Windows\\Microsoft.NET\\Framework64\\v4.0.30319\\clr.dll+1912c3|C:\\Windows\\Microsoft.NET\\Framework64\\v4.0.30319\\clr.dll+5961b", "EventData_SourceUser": "DESKTOP-P5C3MUD\\user", "EventData_TargetUser": "DESKTOP-P5C3MUD\\user"}
{"Provider_Name": "Microsoft-Windows-Sysmon", "Provider_Guid": "{5770385f-c22a-43e0-bf4c-06f5698ffbd9}", "Provider": null, "EventID_Qualifiers": "", "EventID": "10", "Version": "3", "Level": "4", "Task": "10", "Opcode": "0", "Keywords": "0x8000000000000000", "TimeCreated_SystemTime": "2023-09-27 06:51:00.333792", "TimeCreated": null, "EventRecordID": "30792", "Correlation_ActivityID": "", "Correlation_RelatedActivityID": "", "Correlation": null, "Execution_ProcessID": "3368", "Execution_ThreadID": "3332", "Execution": null, "Channel": "Microsoft-Windows-Sysmon/Operational", "Computer": "DESKTOP-P5C3MUD", "Security_UserID": "S-1-5-18", "Security": null, "EventData_RuleName": "-", "EventData_UtcTime": "2023-09-27 06:51:00.326", "EventData_SourceProcessGUID": "{4557fbaa-cfa6-6513-3801-000000000e00}", "EventData_SourceProcessId": "7028", "EventData_SourceThreadId": "2408", "EventData_SourceImage": "E:\\Software\\Microsoft Visual Studio\\Common7\\IDE\\PerfWatson2.exe", "EventData_TargetProcessGUID": "{4557fbaa-d02f-6513-5301-000000000e00}", "EventData_TargetProcessId": "9356", "EventData_TargetImage": "E:\\Software\\Microsoft Visual Studio\\MSBuild\\Current\\Bin\\amd64\\MSBuild.exe", "EventData_GrantedAccess": "0x001f3fff", "EventData_CallTrace": "C:\\Windows\\SYSTEM32\\ntdll.dll+9d314|C:\\Windows\\System32\\KERNELBASE.dll+308ee|C:\\Windows\\assembly\\NativeImages_v4.0.30319_64\\System\\dedc75453f6b39c0f80a287688f47235\\System.ni.dll+34f460|C:\\Windows\\assembly\\NativeImages_v4.0.30319_64\\System\\dedc75453f6b39c0f80a287688f47235\\System.ni.dll+2cd80e|C:\\Windows\\assembly\\NativeImages_v4.0.30319_64\\System\\dedc75453f6b39c0f80a287688f47235\\System.ni.dll+2cc3b5|C:\\Windows\\assembly\\NativeImages_v4.0.30319_64\\System\\dedc75453f6b39c0f80a287688f47235\\System.ni.dll+2b2ede|C:\\Windows\\assembly\\NativeImages_v4.0.30319_64\\System\\dedc75453f6b39c0f80a287688f47235\\System.ni.dll+2b25a5|C:\\Windows\\assembly\\NativeImages_v4.0.30319_64\\Microsoft.Vc1955904#\\de9437fb23758d4b10606c9d0c767021\\Microsoft.VisualStudio.PerfWatson.ni.dll+324d2c|C:\\Windows\\assembly\\NativeImages_v4.0.30319_64\\Microsoft.Vc1955904#\\de9437fb23758d4b10606c9d0c767021\\Microsoft.VisualStudio.PerfWatson.ni.dll+323476|C:\\Windows\\assembly\\NativeImages_v4.0.30319_64\\Microsoft.Vc1955904#\\de9437fb23758d4b10606c9d0c767021\\Microsoft.VisualStudio.PerfWatson.ni.dll+375bc2|C:\\Windows\\assembly\\NativeImages_v4.0.30319_64\\Microsoft.Vc1955904#\\de9437fb23758d4b10606c9d0c767021\\Microsoft.VisualStudio.PerfWatson.ni.dll+306366|C:\\Windows\\assembly\\NativeImages_v4.0.30319_64\\Microsoft.Vc1955904#\\de9437fb23758d4b10606c9d0c767021\\Microsoft.VisualStudio.PerfWatson.ni.dll+306388|C:\\Windows\\assembly\\NativeImages_v4.0.30319_64\\Microsoft.Vc1955904#\\de9437fb23758d4b10606c9d0c767021\\Microsoft.VisualStudio.PerfWatson.ni.dll+324aa8|C:\\Windows\\assembly\\NativeImages_v4.0.30319_64\\Microsoft.Vc1955904#\\de9437fb23758d4b10606c9d0c767021\\Microsoft.VisualStudio.PerfWatson.ni.dll+32368c|C:\\Windows\\assembly\\NativeImages_v4.0.30319_64\\Microsoft.Vc1955904#\\de9437fb23758d4b10606c9d0c767021\\Microsoft.VisualStudio.PerfWatson.ni.dll+3234f2|C:\\Windows\\assembly\\NativeImages_v4.0.30319_64\\System\\dedc75453f6b39c0f80a287688f47235\\System.ni.dll+2e05c0|C:\\Windows\\assembly\\NativeImages_v4.0.30319_64\\mscorlib\\987f639e2113a820112aca65fb12396c\\mscorlib.ni.dll+55fbe8|C:\\Windows\\assembly\\NativeImages_v4.0.30319_64\\mscorlib\\987f639e2113a820112aca65fb12396c\\mscorlib.ni.dll+55fad5|C:\\Windows\\assembly\\NativeImages_v4.0.30319_64\\mscorlib\\987f639e2113a820112aca65fb12396c\\mscorlib.ni.dll+ef12f8|C:\\Windows\\assembly\\NativeImages_v4.0.30319_64\\mscorlib\\987f639e2113a820112aca65fb12396c\\mscorlib.ni.dll+ef1041|C:\\Windows\\assembly\\NativeImages_v4.0.30319_64\\mscorlib\\987f639e2113a820112aca65fb12396c\\mscorlib.ni.dll+50a338|C:\\Windows\\Microsoft.NET\\Framework64\\v4.0.30319\\clr.dll+1912c3|C:\\Windows\\Microsoft.NET\\Framework64\\v4.0.30319\\clr.dll+5961b|C:\\Windows\\Microsoft.NET\\Framework64\\v4.0.30319\\clr.dll+a8b5a", "EventData_SourceUser": "DESKTOP-P5C3MUD\\user", "EventData_TargetUser": "DESKTOP-P5C3MUD\\user"}
{"Provider_Name": "Microsoft-Windows-Sysmon", "Provider_Guid": "{5770385f-c22a-43e0-bf4c-06f5698ffbd9}", "Provider": null, "EventID_Qualifiers": "", "EventID": "12", "Version": "2", "Level": "4", "Task": "12", "Opcode": "0", "Keywords": "0x8000000000000000", "TimeCreated_SystemTime": "2023-09-27 06:51:00.375519", "TimeCreated": null, "EventRecordID": "30793", "Correlation_ActivityID": "", "Correlation_RelatedActivityID": "", "Correlation": null, "Execution_ProcessID": "3368", "Execution_ThreadID": "3332", "Execution": null, "Channel": "Microsoft-Windows-Sysmon/Operational", "Computer": "DESKTOP-P5C3MUD", "Security_UserID": "S-1-5-18", "Security": null, "EventData_RuleName": "-", "EventData_EventType": "CreateKey", "EventData_UtcTime": "2023-09-27 06:51:00.373", "EventData_ProcessGuid": "{4557fbaa-ce30-6513-3a00-000000000e00}", "EventData_ProcessId": "2644", "EventData_Image": "C:\\Windows\\system32\\svchost.exe", "EventData_TargetObject": "HKU\\S-1-5-19\\SOFTWARE\\Microsoft\\Windows\\CurrentVersion\\Internet Settings\\Wpad", "EventData_User": "NT AUTHORITY\\LOCAL SERVICE"}
{"Provider_Name": "Microsoft-Windows-Sysmon", "Provider_Guid": "{5770385f-c22a-43e0-bf4c-06f5698ffbd9}", "Provider": null, "EventID_Qualifiers": "", "EventID": "10", "Version": "3", "Level": "4", "Task": "10", "Opcode": "0", "Keywords": "0x8000000000000000", "TimeCreated_SystemTime": "2023-09-27 06:51:00.413588", "TimeCreated": null, "EventRecordID": "30794", "Correlation_ActivityID": "", "Correlation_RelatedActivityID": "", "Correlation": null, "Execution_ProcessID": "3368", "Execution_ThreadID": "3332", "Execution": null, "Channel": "Microsoft-Windows-Sysmon/Operational", "Computer": "DESKTOP-P5C3MUD", "Security_UserID": "S-1-5-18", "Security": null, "EventData_RuleName": "-", "EventData_UtcTime": "2023-09-27 06:51:00.404", "EventData_SourceProcessGUID": "{4557fbaa-ce2f-6513-0f00-000000000e00}", "EventData_SourceProcessId": "900", "EventData_SourceThreadId": "984", "EventData_SourceImage": "C:\\Windows\\system32\\svchost.exe", "EventData_TargetProcessGUID": "{4557fbaa-d08d-6513-6a01-000000000e00}", "EventData_TargetProcessId": "10572", "EventData_TargetImage": "C:\\Windows\\system32\\mmc.exe", "EventData_GrantedAccess": "0x00002000", "EventData_CallTrace": "C:\\Windows\\SYSTEM32\\ntdll.dll+9d314|C:\\Windows\\SYSTEM32\\psmserviceexthost.dll+9f49|C:\\Windows\\SYSTEM32\\psmserviceexthost.dll+9d43|C:\\Windows\\SYSTEM32\\ntdll.dll+62dc9|C:\\Windows\\SYSTEM32\\ntdll.dll+62a51|C:\\Windows\\SYSTEM32\\ntdll.dll+628b0|C:\\Windows\\SYSTEM32\\ntdll.dll+10ebc|C:\\Windows\\SYSTEM32\\ntdll.dll+52f86|C:\\Windows\\System32\\KERNEL32.DLL+17344|C:\\Windows\\SYSTEM32\\ntdll.dll+526b1", "EventData_SourceUser": "NT AUTHORITY\\SYSTEM", "EventData_TargetUser": "DESKTOP-P5C3MUD\\user"}
{"Provider_Name": "Microsoft-Windows-Sysmon", "Provider_Guid": "{5770385f-c22a-43e0-bf4c-06f5698ffbd9}", "Provider": null, "EventID_Qualifiers": "", "EventID": "12", "Version": "2", "Level": "4", "Task": "12", "Opcode": "0", "Keywords": "0x8000000000000000", "TimeCreated_SystemTime": "2023-09-27 06:51:00.417583", "TimeCreated": null, "EventRecordID": "30795", "Correlation_ActivityID": "", "Correlation_RelatedActivityID": "", "Correlation": null, "Execution_ProcessID": "3368", "Execution_ThreadID": "3332", "Execution": null, "Channel": "Microsoft-Windows-Sysmon/Operational", "Computer": "DESKTOP-P5C3MUD", "Security_UserID": "S-1-5-18", "Security": null, "EventData_RuleName": "-", "EventData_EventType": "CreateKey", "EventData_UtcTime": "2023-09-27 06:51:00.404", "EventData_ProcessGuid": "{4557fbaa-ce44-6513-a900-000000000e00}", "EventData_ProcessId": "8304", "EventData_Image": "C:\\Windows\\SystemApps\\MicrosoftWindows.Client.CBS_cw5n1h2txyewy\\TextInputHost.exe", "EventData_TargetObject": "\\REGISTRY\\A\\{b2b0c5ff-946b-2a53-e466-583ec3509288}\\LocalState", "EventData_User": "DESKTOP-P5C3MUD\\user"}
{"Provider_Name": "Microsoft-Windows-Sysmon", "Provider_Guid": "{5770385f-c22a-43e0-bf4c-06f5698ffbd9}", "Provider": null, "EventID_Qualifiers": "", "EventID": "12", "Version": "2", "Level": "4", "Task": "12", "Opcode": "0", "Keywords": "0x8000000000000000", "TimeCreated_SystemTime": "2023-09-27 06:51:00.417690", "TimeCreated": null, "EventRecordID": "30796", "Correlation_ActivityID": "", "Correlation_RelatedActivityID": "", "Correlation": null, "Execution_ProcessID": "3368", "Execution_ThreadID": "3332", "Execution": null, "Channel": "Microsoft-Windows-Sysmon/Operational", "Computer": "DESKTOP-P5C3MUD", "Security_UserID": "S-1-5-18", "Security": null, "EventData_RuleName": "-", "EventData_EventType": "CreateKey", "EventData_UtcTime": "2023-09-27 06:51:00.404", "EventData_ProcessGuid": "{4557fbaa-ce44-6513-a900-000000000e00}", "EventData_ProcessId": "8304", "EventData_Image": "C:\\Windows\\SystemApps\\MicrosoftWindows.Client.CBS_cw5n1h2txyewy\\TextInputHost.exe", "EventData_TargetObject": "\\REGISTRY\\A\\{b2b0c5ff-946b-2a53-e466-583ec3509288}\\LocalState", "EventData_User": "DESKTOP-P5C3MUD\\user"}
{"Provider_Name": "Microsoft-Windows-Sysmon", "Provider_Guid": "{5770385f-c22a-43e0-bf4c-06f5698ffbd9}", "Provider": null, "EventID_Qualifiers": "", "EventID": "10", "Version": "3", "Level": "4", "Task": "10", "Opcode": "0", "Keywords": "0x8000000000000000", "TimeCreated_SystemTime": "2023-09-27 06:51:00.423050", "TimeCreated": null, "EventRecordID": "30797", "Correlation_ActivityID": "", "Correlation_RelatedActivityID": "", "Correlation": null, "Execution_ProcessID": "3368", "Execution_ThreadID": "3332", "Execution": null, "Channel": "Microsoft-Windows-Sysmon/Operational", "Computer": "DESKTOP-P5C3MUD", "Security_UserID": "S-1-5-18", "Security": null, "EventData_RuleName": "-", "EventData_UtcTime": "2023-09-27 06:51:00.420", "EventData_SourceProcessGUID": "{4557fbaa-ce38-6513-8800-000000000e00}", "EventData_SourceProcessId": "5556", "EventData_SourceThreadId": "6064", "EventData_SourceImage": "C:\\Windows\\Explorer.EXE", "EventData_TargetProcessGUID": "{4557fbaa-ce44-6513-a900-000000000e00}", "EventData_TargetProcessId": "8304", "EventData_TargetImage": "C:\\Windows\\SystemApps\\MicrosoftWindows.Client.CBS_cw5n1h2txyewy\\TextInputHost.exe", "EventData_GrantedAccess": "0x00002000", "EventData_CallTrace": "C:\\Windows\\SYSTEM32\\ntdll.dll+9d314|C:\\Windows\\System32\\KERNELBASE.dll+308ee|C:\\Windows\\system32\\twinui.dll+331cb|C:\\Windows\\system32\\twinui.dll+32a3c|C:\\Windows\\system32\\twinui.dll+68bdc|C:\\Windows\\system32\\twinui.dll+68b3c|C:\\Windows\\system32\\twinui.dll+60c7a|C:\\Windows\\system32\\twinui.dll+605aa|C:\\Windows\\system32\\twinui.dll+60e4b|C:\\Windows\\system32\\twinui.dll+6066d|C:\\Windows\\System32\\user32.dll+e858|C:\\Windows\\System32\\user32.dll+e299|C:\\Windows\\System32\\windows.immersiveshell.serviceprovider.dll+c7e3|C:\\Windows\\System32\\windows.immersiveshell.serviceprovider.dll+c377|C:\\Windows\\System32\\windows.immersiveshell.serviceprovider.dll+c9c7|C:\\Windows\\System32\\windows.immersiveshell.serviceprovider.dll+ca22|C:\\Windows\\System32\\KERNEL32.DLL+17344|C:\\Windows\\SYSTEM32\\ntdll.dll+526b1", "EventData_SourceUser": "DESKTOP-P5C3MUD\\user", "EventData_TargetUser": "DESKTOP-P5C3MUD\\user"}
{"Provider_Name": "Microsoft-Windows-Sysmon", "Provider_Guid": "{5770385f-c22a-43e0-bf4c-06f5698ffbd9}", "Provider": null, "EventID_Qualifiers": "", "EventID": "10", "Version": "3", "Level": "4", "Task": "10", "Opcode": "0", "Keywords": "0x8000000000000000", "TimeCreated_SystemTime": "2023-09-27 06:51:00.423122", "TimeCreated": null, "EventRecordID": "30798", "Correlation_ActivityID": "", "Correlation_RelatedActivityID": "", "Correlation": null, "Execution_ProcessID": "3368", "Execution_ThreadID": "3332", "Execution": null, "Channel": "Microsoft-Windows-Sysmon/Operational", "Computer": "DESKTOP-P5C3MUD", "Security_UserID": "S-1-5-18", "Security": null, "EventData_RuleName": "-", "EventData_UtcTime": "2023-09-27 06:51:00.420", "EventData_SourceProcessGUID": "{4557fbaa-ce38-6513-8800-000000000e00}", "EventData_SourceProcessId": "5556", "EventData_SourceThreadId": "6064", "EventData_SourceImage": "C:\\Windows\\Explorer.EXE", "EventData_TargetProcessGUID": "{4557fbaa-ce7f-6513-d800-000000000e00}", "EventData_TargetProcessId": "1136", "EventData_TargetImage": "C:\\Windows\\ImmersiveControlPanel\\SystemSettings.exe", "EventData_GrantedAccess": "0x00002000", "EventData_CallTrace": "C:\\Windows\\SYSTEM32\\ntdll.dll+9d314|C:\\Windows\\System32\\KERNELBASE.dll+308ee|C:\\Windows\\system32\\twinui.dll+331cb|C:\\Windows\\system32\\twinui.dll+32a3c|C:\\Windows\\system32\\twinui.dll+68bdc|C:\\Windows\\system32\\twinui.dll+68b3c|C:\\Windows\\system32\\twinui.dll+60c7a|C:\\Windows\\system32\\twinui.dll+605aa|C:\\Windows\\system32\\twinui.dll+60e4b|C:\\Windows\\system32\\twinui.dll+6066d|C:\\Windows\\System32\\user32.dll+e858|C:\\Windows\\System32\\user32.dll+e299|C:\\Windows\\System32\\windows.immersiveshell.serviceprovider.dll+c7e3|C:\\Windows\\System32\\windows.immersiveshell.serviceprovider.dll+c377|C:\\Windows\\System32\\windows.immersiveshell.serviceprovider.dll+c9c7|C:\\Windows\\System32\\windows.immersiveshell.serviceprovider.dll+ca22|C:\\Windows\\System32\\KERNEL32.DLL+17344|C:\\Windows\\SYSTEM32\\ntdll.dll+526b1", "EventData_SourceUser": "DESKTOP-P5C3MUD\\user", "EventData_TargetUser": "DESKTOP-P5C3MUD\\user"}
{"Provider_Name": "Microsoft-Windows-Sysmon", "Provider_Guid": "{5770385f-c22a-43e0-bf4c-06f5698ffbd9}", "Provider": null, "EventID_Qualifiers": "", "EventID": "10", "Version": "3", "Level": "4", "Task": "10", "Opcode": "0", "Keywords": "0x8000000000000000", "TimeCreated_SystemTime": "2023-09-27 06:51:00.423391", "TimeCreated": null, "EventRecordID": "30799", "Correlation_ActivityID": "", "Correlation_RelatedActivityID": "", "Correlation": null, "Execution_ProcessID": "3368", "Execution_ThreadID": "3332", "Execution": null, "Channel": "Microsoft-Windows-Sysmon/Operational", "Computer": "DESKTOP-P5C3MUD", "Security_UserID": "S-1-5-18", "Security": null, "EventData_RuleName": "-", "EventData_UtcTime": "2023-09-27 06:51:00.420", "EventData_SourceProcessGUID": "{4557fbaa-ce38-6513-8800-000000000e00}", "EventData_SourceProcessId": "5556", "EventData_SourceThreadId": "6064", "EventData_SourceImage": "C:\\Windows\\Explorer.EXE", "EventData_TargetProcessGUID": "{4557fbaa-ce3e-6513-a200-000000000e00}", "EventData_TargetProcessId": "7572", "EventData_TargetImage": "C:\\Windows\\SystemApps\\Microsoft.LockApp_cw5n1h2txyewy\\LockApp.exe", "EventData_GrantedAccess": "0x00002000", "EventData_CallTrace": "C:\\Windows\\SYSTEM32\\ntdll.dll+9d314|C:\\Windows\\System32\\KERNELBASE.dll+308ee|C:\\Windows\\system32\\twinui.dll+331cb|C:\\Windows\\system32\\twinui.dll+32a3c|C:\\Windows\\system32\\twinui.dll+68bdc|C:\\Windows\\system32\\twinui.dll+68b3c|C:\\Windows\\system32\\twinui.dll+60c7a|C:\\Windows\\system32\\twinui.dll+605aa|C:\\Windows\\system32\\twinui.dll+60e4b|C:\\Windows\\system32\\twinui.dll+6066d|C:\\Windows\\System32\\user32.dll+e858|C:\\Windows\\System32\\user32.dll+e299|C:\\Windows\\System32\\windows.immersiveshell.serviceprovider.dll+c7e3|C:\\Windows\\System32\\windows.immersiveshell.serviceprovider.dll+c377|C:\\Windows\\System32\\windows.immersiveshell.serviceprovider.dll+c9c7|C:\\Windows\\System32\\windows.immersiveshell.serviceprovider.dll+ca22|C:\\Windows\\System32\\KERNEL32.DLL+17344|C:\\Windows\\SYSTEM32\\ntdll.dll+526b1", "EventData_SourceUser": "DESKTOP-P5C3MUD\\user", "EventData_TargetUser": "DESKTOP-P5C3MUD\\user"}
{"Provider_Name": "Microsoft-Windows-Sysmon", "Provider_Guid": "{5770385f-c22a-43e0-bf4c-06f5698ffbd9}", "Provider": null, "EventID_Qualifiers": "", "EventID": "10", "Version": "3", "Level": "4", "Task": "10", "Opcode": "0", "Keywords": "0x8000000000000000", "TimeCreated_SystemTime": "2023-09-27 06:51:00.424311", "TimeCreated": null, "EventRecordID": "30800", "Correlation_ActivityID": "", "Correlation_RelatedActivityID": "", "Correlation": null, "Execution_ProcessID": "3368", "Execution_ThreadID": "3332", "Execution": null, "Channel": "Microsoft-Windows-Sysmon/Operational", "Computer": "DESKTOP-P5C3MUD", "Security_UserID": "S-1-5-18", "Security": null, "EventData_RuleName": "-", "EventData_UtcTime": "2023-09-27 06:51:00.420", "EventData_SourceProcessGUID": "{4557fbaa-ce38-6513-8800-000000000e00}", "EventData_SourceProcessId": "5556", "EventData_SourceThreadId": "6064", "EventData_SourceImage": "C:\\Windows\\Explorer.EXE", "EventData_TargetProcessGUID": "{4557fbaa-ce3d-6513-9c00-000000000e00}", "EventData_TargetProcessId": "7160", "EventData_TargetImage": "C:\\Windows\\SystemApps\\ShellExperienceHost_cw5n1h2txyewy\\ShellExperienceHost.exe", "EventData_GrantedAccess": "0x00002000", "EventData_CallTrace": "C:\\Windows\\SYSTEM32\\ntdll.dll+9d314|C:\\Windows\\System32\\KERNELBASE.dll+308ee|C:\\Windows\\system32\\twinui.dll+331cb|C:\\Windows\\system32\\twinui.dll+32a3c|C:\\Windows\\system32\\twinui.dll+68bdc|C:\\Windows\\system32\\twinui.dll+68b3c|C:\\Windows\\system32\\twinui.dll+60c7a|C:\\Windows\\system32\\twinui.dll+605aa|C:\\Windows\\system32\\twinui.dll+60e4b|C:\\Windows\\system32\\twinui.dll+6066d|C:\\Windows\\System32\\user32.dll+e858|C:\\Windows\\System32\\user32.dll+e299|C:\\Windows\\System32\\windows.immersiveshell.serviceprovider.dll+c7e3|C:\\Windows\\System32\\windows.immersiveshell.serviceprovider.dll+c377|C:\\Windows\\System32\\windows.immersiveshell.serviceprovider.dll+c9c7|C:\\Windows\\System32\\windows.immersiveshell.serviceprovider.dll+ca22|C:\\Windows\\System32\\KERNEL32.DLL+17344|C:\\Windows\\SYSTEM32\\ntdll.dll+526b1", "EventData_SourceUser": "DESKTOP-P5C3MUD\\user", "EventData_TargetUser": "DESKTOP-P5C3MUD\\user"}
{"Provider_Name": "Microsoft-Windows-Sysmon", "Provider_Guid": "{5770385f-c22a-43e0-bf4c-06f5698ffbd9}", "Provider": null, "EventID_Qualifiers": "", "EventID": "10", "Version": "3", "Level": "4", "Task": "10", "Opcode": "0", "Keywords": "0x8000000000000000", "TimeCreated_SystemTime": "2023-09-27 06:51:00.424469", "TimeCreated": null, "EventRecordID": "30801", "Correlation_ActivityID": "", "Correlation_RelatedActivityID": "", "Correlation": null, "Execution_ProcessID": "3368", "Execution_ThreadID": "3332", "Execution": null, "Channel": "Microsoft-Windows-Sysmon/Operational", "Computer": "DESKTOP-P5C3MUD", "Security_UserID": "S-1-5-18", "Security": null, "EventData_RuleName": "-", "EventData_UtcTime": "2023-09-27 06:51:00.420", "EventData_SourceProcessGUID": "{4557fbaa-ce38-6513-8800-000000000e00}", "EventData_SourceProcessId": "5556", "EventData_SourceThreadId": "6064", "EventData_SourceImage": "C:\\Windows\\Explorer.EXE", "EventData_TargetProcessGUID": "{4557fbaa-ce3c-6513-9900-000000000e00}", "EventData_TargetProcessId": "6780", "EventData_TargetImage": "C:\\Windows\\SystemApps\\Microsoft.Windows.Search_cw5n1h2txyewy\\SearchApp.exe", "EventData_GrantedAccess": "0x00002000", "EventData_CallTrace": "C:\\Windows\\SYSTEM32\\ntdll.dll+9d314|C:\\Windows\\System32\\KERNELBASE.dll+308ee|C:\\Windows\\system32\\twinui.dll+331cb|C:\\Windows\\system32\\twinui.dll+32a3c|C:\\Windows\\system32\\twinui.dll+68bdc|C:\\Windows\\system32\\twinui.dll+68b3c|C:\\Windows\\system32\\twinui.dll+60c7a|C:\\Windows\\system32\\twinui.dll+605aa|C:\\Windows\\system32\\twinui.dll+60e4b|C:\\Windows\\system32\\twinui.dll+6066d|C:\\Windows\\System32\\user32.dll+e858|C:\\Windows\\System32\\user32.dll+e299|C:\\Windows\\System32\\windows.immersiveshell.serviceprovider.dll+c7e3|C:\\Windows\\System32\\windows.immersiveshell.serviceprovider.dll+c377|C:\\Windows\\System32\\windows.immersiveshell.serviceprovider.dll+c9c7|C:\\Windows\\System32\\windows.immersiveshell.serviceprovider.dll+ca22|C:\\Windows\\System32\\KERNEL32.DLL+17344|C:\\Windows\\SYSTEM32\\ntdll.dll+526b1", "EventData_SourceUser": "DESKTOP-P5C3MUD\\user", "EventData_TargetUser": "DESKTOP-P5C3MUD\\user"}
{"Provider_Name": "Microsoft-Windows-Sysmon", "Provider_Guid": "{5770385f-c22a-43e0-bf4c-06f5698ffbd9}", "Provider": null, "EventID_Qualifiers": "", "EventID": "10", "Version": "3", "Level": "4", "Task": "10", "Opcode": "0", "Keywords": "0x8000000000000000", "TimeCreated_SystemTime": "2023-09-27 06:51:00.424759", "TimeCreated": null, "EventRecordID": "30802", "Correlation_ActivityID": "", "Correlation_RelatedActivityID": "", "Correlation": null, "Execution_ProcessID": "3368", "Execution_ThreadID": "3332", "Execution": null, "Channel": "Microsoft-Windows-Sysmon/Operational", "Computer": "DESKTOP-P5C3MUD", "Security_UserID": "S-1-5-18", "Security": null, "EventData_RuleName": "-", "EventData_UtcTime": "2023-09-27 06:51:00.420", "EventData_SourceProcessGUID": "{4557fbaa-ce38-6513-8800-000000000e00}", "EventData_SourceProcessId": "5556", "EventData_SourceThreadId": "6064", "EventData_SourceImage": "C:\\Windows\\Explorer.EXE", "EventData_TargetProcessGUID": "{4557fbaa-ce3a-6513-8f00-000000000e00}", "EventData_TargetProcessId": "6100", "EventData_TargetImage": "C:\\Windows\\SystemApps\\Microsoft.Windows.StartMenuExperienceHost_cw5n1h2txyewy\\StartMenuExperienceHost.exe", "EventData_GrantedAccess": "0x00002000", "EventData_CallTrace": "C:\\Windows\\SYSTEM32\\ntdll.dll+9d314|C:\\Windows\\System32\\KERNELBASE.dll+308ee|C:\\Windows\\system32\\twinui.dll+331cb|C:\\Windows\\system32\\twinui.dll+32a3c|C:\\Windows\\system32\\twinui.dll+68bdc|C:\\Windows\\system32\\twinui.dll+68b3c|C:\\Windows\\system32\\twinui.dll+60c7a|C:\\Windows\\system32\\twinui.dll+605aa|C:\\Windows\\system32\\twinui.dll+60e4b|C:\\Windows\\system32\\twinui.dll+6066d|C:\\Windows\\System32\\user32.dll+e858|C:\\Windows\\System32\\user32.dll+e299|C:\\Windows\\System32\\windows.immersiveshell.serviceprovider.dll+c7e3|C:\\Windows\\System32\\windows.immersiveshell.serviceprovider.dll+c377|C:\\Windows\\System32\\windows.immersiveshell.serviceprovider.dll+c9c7|C:\\Windows\\System32\\windows.immersiveshell.serviceprovider.dll+ca22|C:\\Windows\\System32\\KERNEL32.DLL+17344|C:\\Windows\\SYSTEM32\\ntdll.dll+526b1", "EventData_SourceUser": "DESKTOP-P5C3MUD\\user", "EventData_TargetUser": "DESKTOP-P5C3MUD\\user"}
{"Provider_Name": "Microsoft-Windows-Sysmon", "Provider_Guid": "{5770385f-c22a-43e0-bf4c-06f5698ffbd9}", "Provider": null, "EventID_Qualifiers": "", "EventID": "10", "Version": "3", "Level": "4", "Task": "10", "Opcode": "0", "Keywords": "0x8000000000000000", "TimeCreated_SystemTime": "2023-09-27 06:51:00.424793", "TimeCreated": null, "EventRecordID": "30803", "Correlation_ActivityID": "", "Correlation_RelatedActivityID": "", "Correlation": null, "Execution_ProcessID": "3368", "Execution_ThreadID": "3332", "Execution": null, "Channel": "Microsoft-Windows-Sysmon/Operational", "Computer": "DESKTOP-P5C3MUD", "Security_UserID": "S-1-5-18", "Security": null, "EventData_RuleName": "-", "EventData_UtcTime": "2023-09-27 06:51:00.420", "EventData_SourceProcessGUID": "{4557fbaa-ce38-6513-8800-000000000e00}", "EventData_SourceProcessId": "5556", "EventData_SourceThreadId": "6064", "EventData_SourceImage": "C:\\Windows\\Explorer.EXE", "EventData_TargetProcessGUID": "{4557fbaa-ce4b-6513-b300-000000000e00}", "EventData_TargetProcessId": "8936", "EventData_TargetImage": "C:\\Windows\\system32\\ApplicationFrameHost.exe", "EventData_GrantedAccess": "0x00002000", "EventData_CallTrace": "C:\\Windows\\SYSTEM32\\ntdll.dll+9d314|C:\\Windows\\System32\\KERNELBASE.dll+308ee|C:\\Windows\\system32\\twinui.dll+331cb|C:\\Windows\\system32\\twinui.dll+32a3c|C:\\Windows\\system32\\twinui.dll+68bdc|C:\\Windows\\system32\\twinui.dll+68b3c|C:\\Windows\\system32\\twinui.dll+60c7a|C:\\Windows\\system32\\twinui.dll+605aa|C:\\Windows\\system32\\twinui.dll+60e4b|C:\\Windows\\system32\\twinui.dll+6066d|C:\\Windows\\System32\\user32.dll+e858|C:\\Windows\\System32\\user32.dll+e299|C:\\Windows\\System32\\windows.immersiveshell.serviceprovider.dll+c7e3|C:\\Windows\\System32\\windows.immersiveshell.serviceprovider.dll+c377|C:\\Windows\\System32\\windows.immersiveshell.serviceprovider.dll+c9c7|C:\\Windows\\System32\\windows.immersiveshell.serviceprovider.dll+ca22|C:\\Windows\\System32\\KERNEL32.DLL+17344|C:\\Windows\\SYSTEM32\\ntdll.dll+526b1", "EventData_SourceUser": "DESKTOP-P5C3MUD\\user", "EventData_TargetUser": "DESKTOP-P5C3MUD\\user"}
{"Provider_Name": "Microsoft-Windows-Sysmon", "Provider_Guid": "{5770385f-c22a-43e0-bf4c-06f5698ffbd9}", "Provider": null, "EventID_Qualifiers": "", "EventID": "13", "Version": "2", "Level": "4", "Task": "13", "Opcode": "0", "Keywords": "0x8000000000000000", "TimeCreated_SystemTime": "2023-09-27 06:51:00.427004", "TimeCreated": null, "EventRecordID": "30804", "Correlation_ActivityID": "", "Correlation_RelatedActivityID": "", "Correlation": null, "Execution_ProcessID": "3368", "Execution_ThreadID": "3332", "Execution": null, "Channel": "Microsoft-Windows-Sysmon/Operational", "Computer": "DESKTOP-P5C3MUD", "Security_UserID": "S-1-5-18", "Security": null, "EventData_RuleName": "-", "EventData_EventType": "SetValue", "EventData_UtcTime": "2023-09-27 06:51:00.420", "EventData_ProcessGuid": "{4557fbaa-ce38-6513-8800-000000000e00}", "EventData_ProcessId": "5556", "EventData_Image": "C:\\Windows\\Explorer.EXE", "EventData_TargetObject": "HKU\\S-1-5-21-2994737283-653069417-2221972583-1001\\SOFTWARE\\Microsoft\\Windows\\CurrentVersion\\Explorer\\UserAssist\\{CEBFF5CD-ACE2-4F4F-9178-9926F41749EA}\\Count\\Zvpebfbsg.Jvaqbjf.Rkcybere", "EventData_Details": "Binary Data", "EventData_User": "DESKTOP-P5C3MUD\\user"}
{"Provider_Name": "Microsoft-Windows-Sysmon", "Provider_Guid": "{5770385f-c22a-43e0-bf4c-06f5698ffbd9}", "Provider": null, "EventID_Qualifiers": "", "EventID": "13", "Version": "2", "Level": "4", "Task": "13", "Opcode": "0", "Keywords": "0x8000000000000000", "TimeCreated_SystemTime": "2023-09-27 06:51:00.427040", "TimeCreated": null, "EventRecordID": "30805", "Correlation_ActivityID": "", "Correlation_RelatedActivityID": "", "Correlation": null, "Execution_ProcessID": "3368", "Execution_ThreadID": "3332", "Execution": null, "Channel": "Microsoft-Windows-Sysmon/Operational", "Computer": "DESKTOP-P5C3MUD", "Security_UserID": "S-1-5-18", "Security": null, "EventData_RuleName": "-", "EventData_EventType": "SetValue", "EventData_UtcTime": "2023-09-27 06:51:00.420", "EventData_ProcessGuid": "{4557fbaa-ce38-6513-8800-000000000e00}", "EventData_ProcessId": "5556", "EventData_Image": "C:\\Windows\\Explorer.EXE", "EventData_TargetObject": "HKU\\S-1-5-21-2994737283-653069417-2221972583-1001\\SOFTWARE\\Microsoft\\Windows\\CurrentVersion\\Explorer\\UserAssist\\{CEBFF5CD-ACE2-4F4F-9178-9926F41749EA}\\Count\\HRZR_PGYFRFFVBA", "EventData_Details": "Binary Data", "EventData_User": "DESKTOP-P5C3MUD\\user"}
{"Provider_Name": "Microsoft-Windows-Sysmon", "Provider_Guid": "{5770385f-c22a-43e0-bf4c-06f5698ffbd9}", "Provider": null, "EventID_Qualifiers": "", "EventID": "12", "Version": "2", "Level": "4", "Task": "12", "Opcode": "0", "Keywords": "0x8000000000000000", "TimeCreated_SystemTime": "2023-09-27 06:51:00.428289", "TimeCreated": null, "EventRecordID": "30806", "Correlation_ActivityID": "", "Correlation_RelatedActivityID": "", "Correlation": null, "Execution_ProcessID": "3368", "Execution_ThreadID": "3332", "Execution": null, "Channel": "Microsoft-Windows-Sysmon/Operational", "Computer": "DESKTOP-P5C3MUD", "Security_UserID": "S-1-5-18", "Security": null, "EventData_RuleName": "-", "EventData_EventType": "CreateKey", "EventData_UtcTime": "2023-09-27 06:51:00.420", "EventData_ProcessGuid": "{4557fbaa-ce99-6513-fd00-000000000e00}", "EventData_ProcessId": "4848", "EventData_Image": "C:\\Windows\\system32\\ctfmon.exe", "EventData_TargetObject": "HKU\\S-1-5-21-2994737283-653069417-2221972583-1001\\SOFTWARE\\Microsoft\\Input\\TypingInsights", "EventData_User": "DESKTOP-P5C3MUD\\user"}
{"Provider_Name": "Microsoft-Windows-Sysmon", "Provider_Guid": "{5770385f-c22a-43e0-bf4c-06f5698ffbd9}", "Provider": null, "EventID_Qualifiers": "", "EventID": "13", "Version": "2", "Level": "4", "Task": "13", "Opcode": "0", "Keywords": "0x8000000000000000", "TimeCreated_SystemTime": "2023-09-27 06:51:00.428320", "TimeCreated": null, "EventRecordID": "30807", "Correlation_ActivityID": "", "Correlation_RelatedActivityID": "", "Correlation": null, "Execution_ProcessID": "3368", "Execution_ThreadID": "3332", "Execution": null, "Channel": "Microsoft-Windows-Sysmon/Operational", "Computer": "DESKTOP-P5C3MUD", "Security_UserID": "S-1-5-18", "Security": null, "EventData_RuleName": "-", "EventData_EventType": "SetValue", "EventData_UtcTime": "2023-09-27 06:51:00.420", "EventData_ProcessGuid": "{4557fbaa-ce99-6513-fd00-000000000e00}", "EventData_ProcessId": "4848", "EventData_Image": "C:\\Windows\\system32\\ctfmon.exe", "EventData_TargetObject": "HKU\\S-1-5-21-2994737283-653069417-2221972583-1001\\SOFTWARE\\Microsoft\\Input\\TypingInsights\\Insights", "EventData_Details": "Binary Data", "EventData_User": "DESKTOP-P5C3MUD\\user"}
{"Provider_Name": "Microsoft-Windows-Sysmon", "Provider_Guid": "{5770385f-c22a-43e0-bf4c-06f5698ffbd9}", "Provider": null, "EventID_Qualifiers": "", "EventID": "12", "Version": "2", "Level": "4", "Task": "12", "Opcode": "0", "Keywords": "0x8000000000000000", "TimeCreated_SystemTime": "2023-09-27 06:51:01.744217", "TimeCreated": null, "EventRecordID": "30808", "Correlation_ActivityID": "", "Correlation_RelatedActivityID": "", "Correlation": null, "Execution_ProcessID": "3368", "Execution_ThreadID": "3332", "Execution": null, "Channel": "Microsoft-Windows-Sysmon/Operational", "Computer": "DESKTOP-P5C3MUD", "Security_UserID": "S-1-5-18", "Security": null, "EventData_RuleName": "-", "EventData_EventType": "CreateKey", "EventData_UtcTime": "2023-09-27 06:51:01.733", "EventData_ProcessGuid": "{4557fbaa-ce2f-6513-1a00-000000000e00}", "EventData_ProcessId": "1308", "EventData_Image": "C:\\Windows\\System32\\svchost.exe", "EventData_TargetObject": "HKLM\\SOFTWARE\\Microsoft\\Windows\\CurrentVersion\\WINEVT\\Channels\\Microsoft-Windows-Sysmon/Operational", "EventData_User": "NT AUTHORITY\\LOCAL SERVICE"}
{"Provider_Name": "Microsoft-Windows-Sysmon", "Provider_Guid": "{5770385f-c22a-43e0-bf4c-06f5698ffbd9}", "Provider": null, "EventID_Qualifiers": "", "EventID": "13", "Version": "2", "Level": "4", "Task": "13", "Opcode": "0", "Keywords": "0x8000000000000000", "TimeCreated_SystemTime": "2023-09-27 06:51:01.744402", "TimeCreated": null, "EventRecordID": "30809", "Correlation_ActivityID": "", "Correlation_RelatedActivityID": "", "Correlation": null, "Execution_ProcessID": "3368", "Execution_ThreadID": "3332", "Execution": null, "Channel": "Microsoft-Windows-Sysmon/Operational", "Computer": "DESKTOP-P5C3MUD", "Security_UserID": "S-1-5-18", "Security": null, "EventData_RuleName": "-", "EventData_EventType": "SetValue", "EventData_UtcTime": "2023-09-27 06:51:01.733", "EventData_ProcessGuid": "{4557fbaa-ce2f-6513-1a00-000000000e00}", "EventData_ProcessId": "1308", "EventData_Image": "C:\\Windows\\System32\\svchost.exe", "EventData_TargetObject": "HKLM\\SOFTWARE\\Microsoft\\Windows\\CurrentVersion\\WINEVT\\Channels\\Microsoft-Windows-Sysmon/Operational\\Enabled", "EventData_Details": "DWORD (0x00000000)", "EventData_User": "NT AUTHORITY\\LOCAL SERVICE"}
{"Provider_Name": "Microsoft-Windows-Sysmon", "Provider_Guid": "{5770385f-c22a-43e0-bf4c-06f5698ffbd9}", "Provider": null, "EventID_Qualifiers": "", "EventID": "12", "Version": "2", "Level": "4", "Task": "12", "Opcode": "0", "Keywords": "0x8000000000000000", "TimeCreated_SystemTime": "2023-09-27 06:51:01.744698", "TimeCreated": null, "EventRecordID": "30810", "Correlation_ActivityID": "", "Correlation_RelatedActivityID": "", "Correlation": null, "Execution_ProcessID": "3368", "Execution_ThreadID": "3332", "Execution": null, "Channel": "Microsoft-Windows-Sysmon/Operational", "Computer": "DESKTOP-P5C3MUD", "Security_UserID": "S-1-5-18", "Security": null, "EventData_RuleName": "-", "EventData_EventType": "DeleteValue", "EventData_UtcTime": "2023-09-27 06:51:01.733", "EventData_ProcessGuid": "{4557fbaa-ce2f-6513-1a00-000000000e00}", "EventData_ProcessId": "1308", "EventData_Image": "C:\\Windows\\System32\\svchost.exe", "EventData_TargetObject": "HKLM\\System\\CurrentControlSet\\Control\\WMI\\Security\\08dd09cd-9050-5a49-02f8-46fd443360a8", "EventData_User": "NT AUTHORITY\\LOCAL SERVICE"}
{"Provider_Name": "Microsoft-Windows-Sysmon", "Provider_Guid": "{5770385f-c22a-43e0-bf4c-06f5698ffbd9}", "Provider": null, "EventID_Qualifiers": "", "EventID": "12", "Version": "2", "Level": "4", "Task": "12", "Opcode": "0", "Keywords": "0x8000000000000000", "TimeCreated_SystemTime": "2023-09-27 06:51:01.744902", "TimeCreated": null, "EventRecordID": "30811", "Correlation_ActivityID": "", "Correlation_RelatedActivityID": "", "Correlation": null, "Execution_ProcessID": "3368", "Execution_ThreadID": "3332", "Execution": null, "Channel": "Microsoft-Windows-Sysmon/Operational", "Computer": "DESKTOP-P5C3MUD", "Security_UserID": "S-1-5-18", "Security": null, "EventData_RuleName": "-", "EventData_EventType": "CreateKey", "EventData_UtcTime": "2023-09-27 06:51:01.733", "EventData_ProcessGuid": "{4557fbaa-ce2f-6513-1a00-000000000e00}", "EventData_ProcessId": "1308", "EventData_Image": "C:\\Windows\\System32\\svchost.exe", "EventData_TargetObject": "HKLM\\SOFTWARE\\Microsoft\\Windows\\CurrentVersion\\WINEVT\\Channels\\Microsoft-Windows-Sysmon/Operational", "EventData_User": "NT AUTHORITY\\LOCAL SERVICE"}
