{"Provider_Name": "Microsoft-Windows-Sysmon", "Provider_Guid": "{5770385f-c22a-43e0-bf4c-06f5698ffbd9}", "Provider": null, "EventID_Qualifiers": "", "EventID": "10", "Version": "3", "Level": "4", "Task": "10", "Opcode": "0", "Keywords": "0x8000000000000000", "TimeCreated_SystemTime": "2023-09-27 06:50:55.585632", "TimeCreated": null, "EventRecordID": "30461", "Correlation_ActivityID": "", "Correlation_RelatedActivityID": "", "Correlation": null, "Execution_ProcessID": "3368", "Execution_ThreadID": "3332", "Execution": null, "Channel": "Microsoft-Windows-Sysmon/Operational", "Computer": "DESKTOP-P5C3MUD", "Security_UserID": "S-1-5-18", "Security": null, "EventData_RuleName": "-", "EventData_UtcTime": "2023-09-27 06:50:55.584", "EventData_SourceProcessGUID": "{4557fbaa-ce30-6513-2f00-000000000e00}", "EventData_SourceProcessId": "2056", "EventData_SourceThreadId": "2176", "EventData_SourceImage": "C:\\Windows\\system32\\svchost.exe", "EventData_TargetProcessGUID": "{4557fbaa-d0ce-6513-7801-000000000e00}", "EventData_TargetProcessId": "3516", "EventData_TargetImage": "C:\\Windows\\system32\\consent.exe", "EventData_GrantedAccess": "0x00000040", "EventData_CallTrace": "C:\\Windows\\SYSTEM32\\ntdll.dll+9df24|c:\\windows\\system32\\fntcache.dll+37e9f|c:\\windows\\system32\\fntcache.dll+3807c|c:\\windows\\system32\\fntcache.dll+3d0b6|c:\\windows\\system32\\fntcache.dll+614fa|c:\\windows\\system32\\fntcache.dll+613c7|C:\\Windows\\System32\\KERNEL32.DLL+17344|C:\\Windows\\SYSTEM32\\ntdll.dll+526b1", "EventData_SourceUser": "NT AUTHORITY\\LOCAL SERVICE", "EventData_TargetUser": "NT AUTHORITY\\SYSTEM"}
{"Provider_Name": "Microsoft-Windows-Sysmon", "Provider_Guid": "{5770385f-c22a-43e0-bf4c-06f5698ffbd9}", "Provider": null, "EventID_Qualifiers": "", "EventID": "10", "Version": "3", "Level": "4", "Task": "10", "Opcode": "0", "Keywords": "0x8000000000000000", "TimeCreated_SystemTime": "2023-09-27 06:50:55.585663", "TimeCreated": null, "EventRecordID": "30462", "Correlation_ActivityID": "", "Correlation_RelatedActivityID": "", "Correlation": null, "Execution_ProcessID": "3368", "Execution_ThreadID": "3332", "Execution": null, "Channel": "Microsoft-Windows-Sysmon/Operational", "Computer": "DESKTOP-P5C3MUD", "Security_UserID": "S-1-5-18", "Security": null, "EventData_RuleName": "-", "EventData_UtcTime": "2023-09-27 06:50:55.584", "EventData_SourceProcessGUID": "{4557fbaa-ce30-6513-2f00-000000000e00}", "EventData_SourceProcessId": "2056", "EventData_SourceThreadId": "2176", "EventData_SourceImage": "C:\\Windows\\system32\\svchost.exe", "EventData_TargetProcessGUID": "{4557fbaa-d0ce-6513-7801-000000000e00}", "EventData_TargetProcessId": "3516", "EventData_TargetImage": "C:\\Windows\\system32\\consent.exe", "EventData_GrantedAccess": "0x00000040", "EventData_CallTrace": "C:\\Windows\\SYSTEM32\\ntdll.dll+9df24|c:\\windows\\system32\\fntcache.dll+37e9f|c:\\windows\\system32\\fntcache.dll+3807c|c:\\windows\\system32\\fntcache.dll+3d0b6|c:\\windows\\system32\\fntcache.dll+614fa|c:\\windows\\system32\\fntcache.dll+613c7|C:\\Windows\\System32\\KERNEL32.DLL+17344|C:\\Windows\\SYSTEM32\\ntdll.dll+526b1", "EventData_SourceUser": "NT AUTHORITY\\LOCAL SERVICE", "EventData_TargetUser": "NT AUTHORITY\\SYSTEM"}
{"Provider_Name": "Microsoft-Windows-Sysmon", "Provider_Guid": "{5770385f-c22a-43e0-bf4c-06f5698ffbd9}", "Provider": null, "EventID_Qualifiers": "", "EventID": "7", "Version": "3", "Level": "4", "Task": "7", "Opcode": "0", "Keywords": "0x8000000000000000", "TimeCreated_SystemTime": "2023-09-27 06:50:55.585859", "TimeCreated": null, "EventRecordID": "30463", "Correlation_ActivityID": "", "Correlation_RelatedActivityID": "", "Correlation": null, "Execution_ProcessID": "3368", "Execution_ThreadID": "3332", "Execution": null, "Channel": "Microsoft-Windows-Sysmon/Operational", "Computer": "DESKTOP-P5C3MUD", "Security_UserID": "S-1-5-18", "Security": null, "EventData_RuleName": "-", "EventData_UtcTime": "2023-09-27 06:50:55.585", "EventData_ProcessGuid": "{4557fbaa-d0ce-6513-7801-000000000e00}", "EventData_ProcessId": "3516", "EventData_Image": "C:\\Windows\\System32\\consent.exe", "EventData_ImageLoaded": "C:\\Windows\\System32\\TextShaping.dll", "EventData_FileVersion": "-", "EventData_Description": "-", "EventData_Product": "-", "EventData_Company": "-", "EventData_OriginalFileName": "-", "EventData_Hashes": "SHA1=C0222E0ED87B618A16564DADD485CE3A80B762E2,MD5=4C528AE5D512E3901BACAA5D75240381,SHA256=B51BBE4C3D01ED3ECB8947C7CCE071022149496D713E65E5A30CACAA82B7681E,IMPHASH=A943777AC898B6DD3182E319E9ECBC5E", "EventData_Signed": "true", "EventData_Signature": "Microsoft Windows", "EventData_SignatureStatus": "Valid", "EventData_User": "NT AUTHORITY\\SYSTEM"}
{"Provider_Name": "Microsoft-Windows-Sysmon", "Provider_Guid": "{5770385f-c22a-43e0-bf4c-06f5698ffbd9}", "Provider": null, "EventID_Qualifiers": "", "EventID": "10", "Version": "3", "Level": "4", "Task": "10", "Opcode": "0", "Keywords": "0x8000000000000000", "TimeCreated_SystemTime": "2023-09-27 06:50:55.585886", "TimeCreated": null, "EventRecordID": "30464", "Correlation_ActivityID": "", "Correlation_RelatedActivityID": "", "Correlation": null, "Execution_ProcessID": "3368", "Execution_ThreadID": "3332", "Execution": null, "Channel": "Microsoft-Windows-Sysmon/Operational", "Computer": "DESKTOP-P5C3MUD", "Security_UserID": "S-1-5-18", "Security": null, "EventData_RuleName": "-", "EventData_UtcTime": "2023-09-27 06:50:55.585", "EventData_SourceProcessGUID": "{4557fbaa-ce30-6513-2f00-000000000e00}", "EventData_SourceProcessId": "2056", "EventData_SourceThreadId": "2176", "EventData_SourceImage": "C:\\Windows\\system32\\svchost.exe", "EventData_TargetProcessGUID": "{4557fbaa-d0ce-6513-7801-000000000e00}", "EventData_TargetProcessId": "3516", "EventData_TargetImage": "C:\\Windows\\system32\\consent.exe", "EventData_GrantedAccess": "0x00000040", "EventData_CallTrace": "C:\\Windows\\SYSTEM32\\ntdll.dll+9df24|c:\\windows\\system32\\fntcache.dll+37e9f|c:\\windows\\system32\\fntcache.dll+3807c|c:\\windows\\system32\\fntcache.dll+3d0b6|c:\\windows\\system32\\fntcache.dll+614fa|c:\\windows\\system32\\fntcache.dll+613c7|C:\\Windows\\System32\\KERNEL32.DLL+17344|C:\\Windows\\SYSTEM32\\ntdll.dll+526b1", "EventData_SourceUser": "NT AUTHORITY\\LOCAL SERVICE", "EventData_TargetUser": "NT AUTHORITY\\SYSTEM"}
{"Provider_Name": "Microsoft-Windows-Sysmon", "Provider_Guid": "{5770385f-c22a-43e0-bf4c-06f5698ffbd9}", "Provider": null, "EventID_Qualifiers": "", "EventID": "7", "Version": "3", "Level": "4", "Task": "7", "Opcode": "0", "Keywords": "0x8000000000000000", "TimeCreated_SystemTime": "2023-09-27 06:50:55.624001", "TimeCreated": null, "EventRecordID": "30465", "Correlation_ActivityID": "", "Correlation_RelatedActivityID": "", "Correlation": null, "Execution_ProcessID": "3368", "Execution_ThreadID": "888", "Execution": null, "Channel": "Microsoft-Windows-Sysmon/Operational", "Computer": "DESKTOP-P5C3MUD", "Security_UserID": "S-1-5-18", "Security": null, "EventData_RuleName": "-", "EventData_UtcTime": "2023-09-27 06:50:55.465", "EventData_ProcessGuid": "{4557fbaa-d0ce-6513-7801-000000000e00}", "EventData_ProcessId": "3516", "EventData_Image": "C:\\Windows\\System32\\consent.exe", "EventData_ImageLoaded": "C:\\Windows\\System32\\DriverStore\\FileRepository\\nv_dispig.inf_amd64_3c2bd4a1ec6d228e\\nvwgf2umx.dll", "EventData_FileVersion": "31.0.15.3598", "EventData_Description": "NVIDIA D3D10 Driver, Version 535.98 ", "EventData_Product": "NVIDIA D3D10 drivers", "EventData_Company": "NVIDIA Corporation", "EventData_OriginalFileName": "nvwgf2um.dll", "EventData_Hashes": "SHA1=73B9438EE34F74AB775E5C4C4C18297F5DB2BE58,MD5=D79A51618423867BC9D48DF8EEAC1EDA,SHA256=473743013E1CB401E376928585176650062CDFD9C39E157E0A619C839654601C,IMPHASH=55DF2FFC436C8DD5A389F1B9BD143DBA", "EventData_Signed": "true", "EventData_Signature": "NVIDIA Corporation", "EventData_SignatureStatus": "Valid", "EventData_User": "NT AUTHORITY\\SYSTEM"}
{"Provider_Name": "Microsoft-Windows-Sysmon", "Provider_Guid": "{5770385f-c22a-43e0-bf4c-06f5698ffbd9}", "Provider": null, "EventID_Qualifiers": "", "EventID": "7", "Version": "3", "Level": "4", "Task": "7", "Opcode": "0", "Keywords": "0x8000000000000000", "TimeCreated_SystemTime": "2023-09-27 06:50:55.633802", "TimeCreated": null, "EventRecordID": "30466", "Correlation_ActivityID": "", "Correlation_RelatedActivityID": "", "Correlation": null, "Execution_ProcessID": "3368", "Execution_ThreadID": "888", "Execution": null, "Channel": "Microsoft-Windows-Sysmon/Operational", "Computer": "DESKTOP-P5C3MUD", "Security_UserID": "S-1-5-18", "Security": null, "EventData_RuleName": "-", "EventData_UtcTime": "2023-09-27 06:50:55.581", "EventData_ProcessGuid": "{4557fbaa-d0ce-6513-7801-000000000e00}", "EventData_ProcessId": "3516", "EventData_Image": "C:\\Windows\\System32\\consent.exe", "EventData_ImageLoaded": "C:\\Windows\\System32\\d2d1.dll", "EventData_FileVersion": "10.0.19041.546 (WinBuild.160101.0800)", "EventData_Description": "Microsoft D2D Library", "EventData_Product": "Microsoft\u00ae Windows\u00ae Operating System", "EventData_Company": "Microsoft Corporation", "EventData_OriginalFileName": "d2d1", "EventData_Hashes": "SHA1=04B5FDCC0D2EDB59064E18BFFFDBCFC7325B7695,MD5=84F55EF277B0C4ACEB5AE077A052DCA2,SHA256=B5D4E4E226B911415B6EF6B8B8E7638EC108E6C3079301C0340152EED21B50FB,IMPHASH=27F7FB547267B1F94C425D9BBAAE8B06", "EventData_Signed": "true", "EventData_Signature": "Microsoft Windows", "EventData_SignatureStatus": "Valid", "EventData_User": "NT AUTHORITY\\SYSTEM"}
{"Provider_Name": "Microsoft-Windows-Sysmon", "Provider_Guid": "{5770385f-c22a-43e0-bf4c-06f5698ffbd9}", "Provider": null, "EventID_Qualifiers": "", "EventID": "7", "Version": "3", "Level": "4", "Task": "7", "Opcode": "0", "Keywords": "0x8000000000000000", "TimeCreated_SystemTime": "2023-09-27 06:50:55.659756", "TimeCreated": null, "EventRecordID": "30467", "Correlation_ActivityID": "", "Correlation_RelatedActivityID": "", "Correlation": null, "Execution_ProcessID": "3368", "Execution_ThreadID": "888", "Execution": null, "Channel": "Microsoft-Windows-Sysmon/Operational", "Computer": "DESKTOP-P5C3MUD", "Security_UserID": "S-1-5-18", "Security": null, "EventData_RuleName": "-", "EventData_UtcTime": "2023-09-27 06:50:55.608", "EventData_ProcessGuid": "{4557fbaa-d0ce-6513-7801-000000000e00}", "EventData_ProcessId": "3516", "EventData_Image": "C:\\Windows\\System32\\consent.exe", "EventData_ImageLoaded": "C:\\Windows\\System32\\Windows.UI.Xaml.Controls.dll", "EventData_FileVersion": "10.0.19041.1023 (WinBuild.160101.0800)", "EventData_Description": "Windows.UI.Xaml.Controls", "EventData_Product": "Microsoft\u00ae Windows\u00ae Operating System", "EventData_Company": "Microsoft Corporation", "EventData_OriginalFileName": "Windows.UI.Xaml.Controls.dll", "EventData_Hashes": "SHA1=4BE9199F0C73F772520DC03A3E7AC1A22A912B6F,MD5=436DAD8F9FE5F9329429F0163A506CFD,SHA256=58787AFF5BFB6A5C33DF64D7A8C04DFAF7DB4A08209C6CFA3FD95DBC93134EBA,IMPHASH=B84D7F689665BCC9C5D2EFF0194DD5D0", "EventData_Signed": "true", "EventData_Signature": "Microsoft Windows", "EventData_SignatureStatus": "Valid", "EventData_User": "NT AUTHORITY\\SYSTEM"}
{"Provider_Name": "Microsoft-Windows-Sysmon", "Provider_Guid": "{5770385f-c22a-43e0-bf4c-06f5698ffbd9}", "Provider": null, "EventID_Qualifiers": "", "EventID": "7", "Version": "3", "Level": "4", "Task": "7", "Opcode": "0", "Keywords": "0x8000000000000000", "TimeCreated_SystemTime": "2023-09-27 06:50:55.664154", "TimeCreated": null, "EventRecordID": "30468", "Correlation_ActivityID": "", "Correlation_RelatedActivityID": "", "Correlation": null, "Execution_ProcessID": "3368", "Execution_ThreadID": "888", "Execution": null, "Channel": "Microsoft-Windows-Sysmon/Operational", "Computer": "DESKTOP-P5C3MUD", "Security_UserID": "S-1-5-18", "Security": null, "EventData_RuleName": "-", "EventData_UtcTime": "2023-09-27 06:50:55.610", "EventData_ProcessGuid": "{4557fbaa-d0ce-6513-7801-000000000e00}", "EventData_ProcessId": "3516", "EventData_Image": "C:\\Windows\\System32\\consent.exe", "EventData_ImageLoaded": "C:\\Windows\\System32\\FontGlyphAnimator.dll", "EventData_FileVersion": "10.0.19041.746 (WinBuild.160101.0800)", "EventData_Description": "Font Glyph Animator", "EventData_Product": "Microsoft\u00ae Windows\u00ae Operating System", "EventData_Company": "Microsoft Corporation", "EventData_OriginalFileName": "FontGlyphAnimator.dll", "EventData_Hashes": "SHA1=71ADCE7BD15C5122782279A03C287ABCB598B72B,MD5=B055C406E51A575BE1241AD2979EFE64,SHA256=927D7DF08B30F545FF300F064AF4485E5B3E279C3F89A808123A0432FE1B3A31,IMPHASH=0A22CD387EB8FAF5F2BE3339261EBB97", "EventData_Signed": "true", "EventData_Signature": "Microsoft Windows", "EventData_SignatureStatus": "Valid", "EventData_User": "NT AUTHORITY\\SYSTEM"}
{"Provider_Name": "Microsoft-Windows-Sysmon", "Provider_Guid": "{5770385f-c22a-43e0-bf4c-06f5698ffbd9}", "Provider": null, "EventID_Qualifiers": "", "EventID": "7", "Version": "3", "Level": "4", "Task": "7", "Opcode": "0", "Keywords": "0x8000000000000000", "TimeCreated_SystemTime": "2023-09-27 06:50:55.674261", "TimeCreated": null, "EventRecordID": "30469", "Correlation_ActivityID": "", "Correlation_RelatedActivityID": "", "Correlation": null, "Execution_ProcessID": "3368", "Execution_ThreadID": "888", "Execution": null, "Channel": "Microsoft-Windows-Sysmon/Operational", "Computer": "DESKTOP-P5C3MUD", "Security_UserID": "S-1-5-18", "Security": null, "EventData_RuleName": "-", "EventData_UtcTime": "2023-09-27 06:50:55.624", "EventData_ProcessGuid": "{4557fbaa-d0ce-6513-7801-000000000e00}", "EventData_ProcessId": "3516", "EventData_Image": "C:\\Windows\\System32\\consent.exe", "EventData_ImageLoaded": "C:\\Windows\\System32\\Windows.Internal.UI.Logon.ProxyStub.dll", "EventData_FileVersion": "10.0.19041.1 (WinBuild.160101.0800)", "EventData_Description": "Logon User Experience Proxy Stub", "EventData_Product": "Microsoft\u00ae Windows\u00ae Operating System", "EventData_Company": "Microsoft Corporation", "EventData_OriginalFileName": "Windows.Internal.UI.Logon.ProxyStub.dll", "EventData_Hashes": "SHA1=835DEC228E70BE29C839B1452B34A8615448DBED,MD5=692D643A9DC76FB1B544DB2454550A23,SHA256=35F5A2797FFC8B466B97EAB528EC45055CB186158057ECCE785257FC63881B1A,IMPHASH=EB59A60F65200AB775E6DFAAB38A696F", "EventData_Signed": "true", "EventData_Signature": "Microsoft Windows", "EventData_SignatureStatus": "Valid", "EventData_User": "NT AUTHORITY\\SYSTEM"}
{"Provider_Name": "Microsoft-Windows-Sysmon", "Provider_Guid": "{5770385f-c22a-43e0-bf4c-06f5698ffbd9}", "Provider": null, "EventID_Qualifiers": "", "EventID": "7", "Version": "3", "Level": "4", "Task": "7", "Opcode": "0", "Keywords": "0x8000000000000000", "TimeCreated_SystemTime": "2023-09-27 06:50:55.678295", "TimeCreated": null, "EventRecordID": "30470", "Correlation_ActivityID": "", "Correlation_RelatedActivityID": "", "Correlation": null, "Execution_ProcessID": "3368", "Execution_ThreadID": "888", "Execution": null, "Channel": "Microsoft-Windows-Sysmon/Operational", "Computer": "DESKTOP-P5C3MUD", "Security_UserID": "S-1-5-18", "Security": null, "EventData_RuleName": "-", "EventData_UtcTime": "2023-09-27 06:50:55.642", "EventData_ProcessGuid": "{4557fbaa-d0ce-6513-7801-000000000e00}", "EventData_ProcessId": "3516", "EventData_Image": "C:\\Windows\\System32\\consent.exe", "EventData_ImageLoaded": "C:\\Windows\\System32\\directmanipulation.dll", "EventData_FileVersion": "10.0.19041.1566 (WinBuild.160101.0800)", "EventData_Description": "Microsoft Direct Manipulation Component", "EventData_Product": "Microsoft\u00ae Windows\u00ae Operating System", "EventData_Company": "Microsoft Corporation", "EventData_OriginalFileName": "directmanipulation.dll", "EventData_Hashes": "SHA1=2E785C2487EDDCF5D9CDA1877C83F404A57BD58F,MD5=B6F6B5EFDE2C79E2AAA74BE88CC39D5B,SHA256=3F6B4B1A633EEC50EE7C72046F666605AF0AFE3293DAD307723F504A27D28B4A,IMPHASH=626A681E287C310FB54B469A0DE01092", "EventData_Signed": "true", "EventData_Signature": "Microsoft Windows", "EventData_SignatureStatus": "Valid", "EventData_User": "NT AUTHORITY\\SYSTEM"}
{"Provider_Name": "Microsoft-Windows-Sysmon", "Provider_Guid": "{5770385f-c22a-43e0-bf4c-06f5698ffbd9}", "Provider": null, "EventID_Qualifiers": "", "EventID": "12", "Version": "2", "Level": "4", "Task": "12", "Opcode": "0", "Keywords": "0x8000000000000000", "TimeCreated_SystemTime": "2023-09-27 06:50:55.816563", "TimeCreated": null, "EventRecordID": "30471", "Correlation_ActivityID": "", "Correlation_RelatedActivityID": "", "Correlation": null, "Execution_ProcessID": "3368", "Execution_ThreadID": "3332", "Execution": null, "Channel": "Microsoft-Windows-Sysmon/Operational", "Computer": "DESKTOP-P5C3MUD", "Security_UserID": "S-1-5-18", "Security": null, "EventData_RuleName": "-", "EventData_EventType": "CreateKey", "EventData_UtcTime": "2023-09-27 06:50:55.816", "EventData_ProcessGuid": "{4557fbaa-cea9-6513-0a01-000000000e00}", "EventData_ProcessId": "8484", "EventData_Image": "C:\\Windows\\system32\\svchost.exe", "EventData_TargetObject": "HKU\\S-1-5-21-2994737283-653069417-2221972583-1001\\SOFTWARE\\Microsoft\\Windows NT\\CurrentVersion\\AppCompatFlags\\Compatibility Assistant\\Store", "EventData_User": "NT AUTHORITY\\SYSTEM"}
{"Provider_Name": "Microsoft-Windows-Sysmon", "Provider_Guid": "{5770385f-c22a-43e0-bf4c-06f5698ffbd9}", "Provider": null, "EventID_Qualifiers": "", "EventID": "12", "Version": "2", "Level": "4", "Task": "12", "Opcode": "0", "Keywords": "0x8000000000000000", "TimeCreated_SystemTime": "2023-09-27 06:50:55.816599", "TimeCreated": null, "EventRecordID": "30472", "Correlation_ActivityID": "", "Correlation_RelatedActivityID": "", "Correlation": null, "Execution_ProcessID": "3368", "Execution_ThreadID": "3332", "Execution": null, "Channel": "Microsoft-Windows-Sysmon/Operational", "Computer": "DESKTOP-P5C3MUD", "Security_UserID": "S-1-5-18", "Security": null, "EventData_RuleName": "-", "EventData_EventType": "CreateKey", "EventData_UtcTime": "2023-09-27 06:50:55.816", "EventData_ProcessGuid": "{4557fbaa-cea9-6513-0a01-000000000e00}", "EventData_ProcessId": "8484", "EventData_Image": "C:\\Windows\\system32\\svchost.exe", "EventData_TargetObject": "HKU\\S-1-5-21-2994737283-653069417-2221972583-1001\\SOFTWARE\\Microsoft\\Windows NT\\CurrentVersion\\AppCompatFlags\\Compatibility Assistant\\Store", "EventData_User": "NT AUTHORITY\\SYSTEM"}
{"Provider_Name": "Microsoft-Windows-Sysmon", "Provider_Guid": "{5770385f-c22a-43e0-bf4c-06f5698ffbd9}", "Provider": null, "EventID_Qualifiers": "", "EventID": "12", "Version": "2", "Level": "4", "Task": "12", "Opcode": "0", "Keywords": "0x8000000000000000", "TimeCreated_SystemTime": "2023-09-27 06:50:55.816626", "TimeCreated": null, "EventRecordID": "30473", "Correlation_ActivityID": "", "Correlation_RelatedActivityID": "", "Correlation": null, "Execution_ProcessID": "3368", "Execution_ThreadID": "3332", "Execution": null, "Channel": "Microsoft-Windows-Sysmon/Operational", "Computer": "DESKTOP-P5C3MUD", "Security_UserID": "S-1-5-18", "Security": null, "EventData_RuleName": "-", "EventData_EventType": "CreateKey", "EventData_UtcTime": "2023-09-27 06:50:55.816", "EventData_ProcessGuid": "{4557fbaa-cea9-6513-0a01-000000000e00}", "EventData_ProcessId": "8484", "EventData_Image": "C:\\Windows\\system32\\svchost.exe", "EventData_TargetObject": "HKU\\S-1-5-21-2994737283-653069417-2221972583-1001\\SOFTWARE\\Microsoft\\Windows NT\\CurrentVersion\\AppCompatFlags\\Compatibility Assistant\\Store", "EventData_User": "NT AUTHORITY\\SYSTEM"}
{"Provider_Name": "Microsoft-Windows-Sysmon", "Provider_Guid": "{5770385f-c22a-43e0-bf4c-06f5698ffbd9}", "Provider": null, "EventID_Qualifiers": "", "EventID": "13", "Version": "2", "Level": "4", "Task": "13", "Opcode": "0", "Keywords": "0x8000000000000000", "TimeCreated_SystemTime": "2023-09-27 06:50:55.816727", "TimeCreated": null, "EventRecordID": "30474", "Correlation_ActivityID": "", "Correlation_RelatedActivityID": "", "Correlation": null, "Execution_ProcessID": "3368", "Execution_ThreadID": "3332", "Execution": null, "Channel": "Microsoft-Windows-Sysmon/Operational", "Computer": "DESKTOP-P5C3MUD", "Security_UserID": "S-1-5-18", "Security": null, "EventData_RuleName": "-", "EventData_EventType": "SetValue", "EventData_UtcTime": "2023-09-27 06:50:55.816", "EventData_ProcessGuid": "{4557fbaa-cea9-6513-0a01-000000000e00}", "EventData_ProcessId": "8484", "EventData_Image": "C:\\Windows\\system32\\svchost.exe", "EventData_TargetObject": "HKU\\S-1-5-21-2994737283-653069417-2221972583-1001\\SOFTWARE\\Microsoft\\Windows NT\\CurrentVersion\\AppCompatFlags\\Compatibility Assistant\\Store\\E:\\Experiment\\Windows Hacker Attack Program\\5\\\u6ce8\u518c\u8868\u81ea\u542f\u52a8\\AutoRun_Reg_Test.exe", "EventData_Details": "Binary Data", "EventData_User": "NT AUTHORITY\\SYSTEM"}
{"Provider_Name": "Microsoft-Windows-Sysmon", "Provider_Guid": "{5770385f-c22a-43e0-bf4c-06f5698ffbd9}", "Provider": null, "EventID_Qualifiers": "", "EventID": "10", "Version": "3", "Level": "4", "Task": "10", "Opcode": "0", "Keywords": "0x8000000000000000", "TimeCreated_SystemTime": "2023-09-27 06:50:55.817413", "TimeCreated": null, "EventRecordID": "30475", "Correlation_ActivityID": "", "Correlation_RelatedActivityID": "", "Correlation": null, "Execution_ProcessID": "3368", "Execution_ThreadID": "3332", "Execution": null, "Channel": "Microsoft-Windows-Sysmon/Operational", "Computer": "DESKTOP-P5C3MUD", "Security_UserID": "S-1-5-18", "Security": null, "EventData_RuleName": "-", "EventData_UtcTime": "2023-09-27 06:50:55.816", "EventData_SourceProcessGUID": "{4557fbaa-ce38-6513-8800-000000000e00}", "EventData_SourceProcessId": "5556", "EventData_SourceThreadId": "7120", "EventData_SourceImage": "C:\\Windows\\Explorer.EXE", "EventData_TargetProcessGUID": "{4557fbaa-ce44-6513-a900-000000000e00}", "EventData_TargetProcessId": "8304", "EventData_TargetImage": "C:\\Windows\\SystemApps\\MicrosoftWindows.Client.CBS_cw5n1h2txyewy\\TextInputHost.exe", "EventData_GrantedAccess": "0x00002000", "EventData_CallTrace": "C:\\Windows\\SYSTEM32\\ntdll.dll+9d314|C:\\Windows\\System32\\KERNELBASE.dll+308ee|C:\\Windows\\system32\\twinui.dll+331cb|C:\\Windows\\SYSTEM32\\ntdll.dll+716e9|C:\\Windows\\SYSTEM32\\ntdll.dll+531ba|C:\\Windows\\System32\\KERNEL32.DLL+17344|C:\\Windows\\SYSTEM32\\ntdll.dll+526b1", "EventData_SourceUser": "DESKTOP-P5C3MUD\\user", "EventData_TargetUser": "DESKTOP-P5C3MUD\\user"}
{"Provider_Name": "Microsoft-Windows-Sysmon", "Provider_Guid": "{5770385f-c22a-43e0-bf4c-06f5698ffbd9}", "Provider": null, "EventID_Qualifiers": "", "EventID": "10", "Version": "3", "Level": "4", "Task": "10", "Opcode": "0", "Keywords": "0x8000000000000000", "TimeCreated_SystemTime": "2023-09-27 06:50:55.817533", "TimeCreated": null, "EventRecordID": "30476", "Correlation_ActivityID": "", "Correlation_RelatedActivityID": "", "Correlation": null, "Execution_ProcessID": "3368", "Execution_ThreadID": "3332", "Execution": null, "Channel": "Microsoft-Windows-Sysmon/Operational", "Computer": "DESKTOP-P5C3MUD", "Security_UserID": "S-1-5-18", "Security": null, "EventData_RuleName": "-", "EventData_UtcTime": "2023-09-27 06:50:55.817", "EventData_SourceProcessGUID": "{4557fbaa-ce38-6513-8800-000000000e00}", "EventData_SourceProcessId": "5556", "EventData_SourceThreadId": "7120", "EventData_SourceImage": "C:\\Windows\\Explorer.EXE", "EventData_TargetProcessGUID": "{4557fbaa-ce7f-6513-d800-000000000e00}", "EventData_TargetProcessId": "1136", "EventData_TargetImage": "C:\\Windows\\ImmersiveControlPanel\\SystemSettings.exe", "EventData_GrantedAccess": "0x00002000", "EventData_CallTrace": "C:\\Windows\\SYSTEM32\\ntdll.dll+9d314|C:\\Windows\\System32\\KERNELBASE.dll+308ee|C:\\Windows\\system32\\twinui.dll+331cb|C:\\Windows\\SYSTEM32\\ntdll.dll+716e9|C:\\Windows\\SYSTEM32\\ntdll.dll+531ba|C:\\Windows\\System32\\KERNEL32.DLL+17344|C:\\Windows\\SYSTEM32\\ntdll.dll+526b1", "EventData_SourceUser": "DESKTOP-P5C3MUD\\user", "EventData_TargetUser": "DESKTOP-P5C3MUD\\user"}
{"Provider_Name": "Microsoft-Windows-Sysmon", "Provider_Guid": "{5770385f-c22a-43e0-bf4c-06f5698ffbd9}", "Provider": null, "EventID_Qualifiers": "", "EventID": "10", "Version": "3", "Level": "4", "Task": "10", "Opcode": "0", "Keywords": "0x8000000000000000", "TimeCreated_SystemTime": "2023-09-27 06:50:55.817629", "TimeCreated": null, "EventRecordID": "30477", "Correlation_ActivityID": "", "Correlation_RelatedActivityID": "", "Correlation": null, "Execution_ProcessID": "3368", "Execution_ThreadID": "3332", "Execution": null, "Channel": "Microsoft-Windows-Sysmon/Operational", "Computer": "DESKTOP-P5C3MUD", "Security_UserID": "S-1-5-18", "Security": null, "EventData_RuleName": "-", "EventData_UtcTime": "2023-09-27 06:50:55.817", "EventData_SourceProcessGUID": "{4557fbaa-ce38-6513-8800-000000000e00}", "EventData_SourceProcessId": "5556", "EventData_SourceThreadId": "7120", "EventData_SourceImage": "C:\\Windows\\Explorer.EXE", "EventData_TargetProcessGUID": "{4557fbaa-ce3e-6513-a200-000000000e00}", "EventData_TargetProcessId": "7572", "EventData_TargetImage": "C:\\Windows\\SystemApps\\Microsoft.LockApp_cw5n1h2txyewy\\LockApp.exe", "EventData_GrantedAccess": "0x00002000", "EventData_CallTrace": "C:\\Windows\\SYSTEM32\\ntdll.dll+9d314|C:\\Windows\\System32\\KERNELBASE.dll+308ee|C:\\Windows\\system32\\twinui.dll+331cb|C:\\Windows\\SYSTEM32\\ntdll.dll+716e9|C:\\Windows\\SYSTEM32\\ntdll.dll+531ba|C:\\Windows\\System32\\KERNEL32.DLL+17344|C:\\Windows\\SYSTEM32\\ntdll.dll+526b1", "EventData_SourceUser": "DESKTOP-P5C3MUD\\user", "EventData_TargetUser": "DESKTOP-P5C3MUD\\user"}
{"Provider_Name": "Microsoft-Windows-Sysmon", "Provider_Guid": "{5770385f-c22a-43e0-bf4c-06f5698ffbd9}", "Provider": null, "EventID_Qualifiers": "", "EventID": "10", "Version": "3", "Level": "4", "Task": "10", "Opcode": "0", "Keywords": "0x8000000000000000", "TimeCreated_SystemTime": "2023-09-27 06:50:55.817703", "TimeCreated": null, "EventRecordID": "30478", "Correlation_ActivityID": "", "Correlation_RelatedActivityID": "", "Correlation": null, "Execution_ProcessID": "3368", "Execution_ThreadID": "3332", "Execution": null, "Channel": "Microsoft-Windows-Sysmon/Operational", "Computer": "DESKTOP-P5C3MUD", "Security_UserID": "S-1-5-18", "Security": null, "EventData_RuleName": "-", "EventData_UtcTime": "2023-09-27 06:50:55.817", "EventData_SourceProcessGUID": "{4557fbaa-ce38-6513-8800-000000000e00}", "EventData_SourceProcessId": "5556", "EventData_SourceThreadId": "7120", "EventData_SourceImage": "C:\\Windows\\Explorer.EXE", "EventData_TargetProcessGUID": "{4557fbaa-ce3d-6513-9c00-000000000e00}", "EventData_TargetProcessId": "7160", "EventData_TargetImage": "C:\\Windows\\SystemApps\\ShellExperienceHost_cw5n1h2txyewy\\ShellExperienceHost.exe", "EventData_GrantedAccess": "0x00002000", "EventData_CallTrace": "C:\\Windows\\SYSTEM32\\ntdll.dll+9d314|C:\\Windows\\System32\\KERNELBASE.dll+308ee|C:\\Windows\\system32\\twinui.dll+331cb|C:\\Windows\\SYSTEM32\\ntdll.dll+716e9|C:\\Windows\\SYSTEM32\\ntdll.dll+531ba|C:\\Windows\\System32\\KERNEL32.DLL+17344|C:\\Windows\\SYSTEM32\\ntdll.dll+526b1", "EventData_SourceUser": "DESKTOP-P5C3MUD\\user", "EventData_TargetUser": "DESKTOP-P5C3MUD\\user"}
{"Provider_Name": "Microsoft-Windows-Sysmon", "Provider_Guid": "{5770385f-c22a-43e0-bf4c-06f5698ffbd9}", "Provider": null, "EventID_Qualifiers": "", "EventID": "10", "Version": "3", "Level": "4", "Task": "10", "Opcode": "0", "Keywords": "0x8000000000000000", "TimeCreated_SystemTime": "2023-09-27 06:50:55.817774", "TimeCreated": null, "EventRecordID": "30479", "Correlation_ActivityID": "", "Correlation_RelatedActivityID": "", "Correlation": null, "Execution_ProcessID": "3368", "Execution_ThreadID": "3332", "Execution": null, "Channel": "Microsoft-Windows-Sysmon/Operational", "Computer": "DESKTOP-P5C3MUD", "Security_UserID": "S-1-5-18", "Security": null, "EventData_RuleName": "-", "EventData_UtcTime": "2023-09-27 06:50:55.817", "EventData_SourceProcessGUID": "{4557fbaa-ce38-6513-8800-000000000e00}", "EventData_SourceProcessId": "5556", "EventData_SourceThreadId": "7120", "EventData_SourceImage": "C:\\Windows\\Explorer.EXE", "EventData_TargetProcessGUID": "{4557fbaa-ce3c-6513-9900-000000000e00}", "EventData_TargetProcessId": "6780", "EventData_TargetImage": "C:\\Windows\\SystemApps\\Microsoft.Windows.Search_cw5n1h2txyewy\\SearchApp.exe", "EventData_GrantedAccess": "0x00002000", "EventData_CallTrace": "C:\\Windows\\SYSTEM32\\ntdll.dll+9d314|C:\\Windows\\System32\\KERNELBASE.dll+308ee|C:\\Windows\\system32\\twinui.dll+331cb|C:\\Windows\\SYSTEM32\\ntdll.dll+716e9|C:\\Windows\\SYSTEM32\\ntdll.dll+531ba|C:\\Windows\\System32\\KERNEL32.DLL+17344|C:\\Windows\\SYSTEM32\\ntdll.dll+526b1", "EventData_SourceUser": "DESKTOP-P5C3MUD\\user", "EventData_TargetUser": "DESKTOP-P5C3MUD\\user"}
{"Provider_Name": "Microsoft-Windows-Sysmon", "Provider_Guid": "{5770385f-c22a-43e0-bf4c-06f5698ffbd9}", "Provider": null, "EventID_Qualifiers": "", "EventID": "10", "Version": "3", "Level": "4", "Task": "10", "Opcode": "0", "Keywords": "0x8000000000000000", "TimeCreated_SystemTime": "2023-09-27 06:50:55.817812", "TimeCreated": null, "EventRecordID": "30480", "Correlation_ActivityID": "", "Correlation_RelatedActivityID": "", "Correlation": null, "Execution_ProcessID": "3368", "Execution_ThreadID": "3332", "Execution": null, "Channel": "Microsoft-Windows-Sysmon/Operational", "Computer": "DESKTOP-P5C3MUD", "Security_UserID": "S-1-5-18", "Security": null, "EventData_RuleName": "-", "EventData_UtcTime": "2023-09-27 06:50:55.817", "EventData_SourceProcessGUID": "{4557fbaa-ce38-6513-8800-000000000e00}", "EventData_SourceProcessId": "5556", "EventData_SourceThreadId": "7120", "EventData_SourceImage": "C:\\Windows\\Explorer.EXE", "EventData_TargetProcessGUID": "{4557fbaa-ce3a-6513-8f00-000000000e00}", "EventData_TargetProcessId": "6100", "EventData_TargetImage": "C:\\Windows\\SystemApps\\Microsoft.Windows.StartMenuExperienceHost_cw5n1h2txyewy\\StartMenuExperienceHost.exe", "EventData_GrantedAccess": "0x00002000", "EventData_CallTrace": "C:\\Windows\\SYSTEM32\\ntdll.dll+9d314|C:\\Windows\\System32\\KERNELBASE.dll+308ee|C:\\Windows\\system32\\twinui.dll+331cb|C:\\Windows\\SYSTEM32\\ntdll.dll+716e9|C:\\Windows\\SYSTEM32\\ntdll.dll+531ba|C:\\Windows\\System32\\KERNEL32.DLL+17344|C:\\Windows\\SYSTEM32\\ntdll.dll+526b1", "EventData_SourceUser": "DESKTOP-P5C3MUD\\user", "EventData_TargetUser": "DESKTOP-P5C3MUD\\user"}
{"Provider_Name": "Microsoft-Windows-Sysmon", "Provider_Guid": "{5770385f-c22a-43e0-bf4c-06f5698ffbd9}", "Provider": null, "EventID_Qualifiers": "", "EventID": "10", "Version": "3", "Level": "4", "Task": "10", "Opcode": "0", "Keywords": "0x8000000000000000", "TimeCreated_SystemTime": "2023-09-27 06:50:55.817848", "TimeCreated": null, "EventRecordID": "30481", "Correlation_ActivityID": "", "Correlation_RelatedActivityID": "", "Correlation": null, "Execution_ProcessID": "3368", "Execution_ThreadID": "3332", "Execution": null, "Channel": "Microsoft-Windows-Sysmon/Operational", "Computer": "DESKTOP-P5C3MUD", "Security_UserID": "S-1-5-18", "Security": null, "EventData_RuleName": "-", "EventData_UtcTime": "2023-09-27 06:50:55.817", "EventData_SourceProcessGUID": "{4557fbaa-ce38-6513-8800-000000000e00}", "EventData_SourceProcessId": "5556", "EventData_SourceThreadId": "7120", "EventData_SourceImage": "C:\\Windows\\Explorer.EXE", "EventData_TargetProcessGUID": "{4557fbaa-ce4b-6513-b300-000000000e00}", "EventData_TargetProcessId": "8936", "EventData_TargetImage": "C:\\Windows\\system32\\ApplicationFrameHost.exe", "EventData_GrantedAccess": "0x00002000", "EventData_CallTrace": "C:\\Windows\\SYSTEM32\\ntdll.dll+9d314|C:\\Windows\\System32\\KERNELBASE.dll+308ee|C:\\Windows\\system32\\twinui.dll+331cb|C:\\Windows\\SYSTEM32\\ntdll.dll+716e9|C:\\Windows\\SYSTEM32\\ntdll.dll+531ba|C:\\Windows\\System32\\KERNEL32.DLL+17344|C:\\Windows\\SYSTEM32\\ntdll.dll+526b1", "EventData_SourceUser": "DESKTOP-P5C3MUD\\user", "EventData_TargetUser": "DESKTOP-P5C3MUD\\user"}
{"Provider_Name": "Microsoft-Windows-Sysmon", "Provider_Guid": "{5770385f-c22a-43e0-bf4c-06f5698ffbd9}", "Provider": null, "EventID_Qualifiers": "", "EventID": "7", "Version": "3", "Level": "4", "Task": "7", "Opcode": "0", "Keywords": "0x8000000000000000", "TimeCreated_SystemTime": "2023-09-27 06:50:55.820284", "TimeCreated": null, "EventRecordID": "30482", "Correlation_ActivityID": "", "Correlation_RelatedActivityID": "", "Correlation": null, "Execution_ProcessID": "3368", "Execution_ThreadID": "3332", "Execution": null, "Channel": "Microsoft-Windows-Sysmon/Operational", "Computer": "DESKTOP-P5C3MUD", "Security_UserID": "S-1-5-18", "Security": null, "EventData_RuleName": "-", "EventData_UtcTime": "2023-09-27 06:50:55.819", "EventData_ProcessGuid": "{4557fbaa-cea9-6513-0a01-000000000e00}", "EventData_ProcessId": "8484", "EventData_Image": "C:\\Windows\\System32\\svchost.exe", "EventData_ImageLoaded": "C:\\Windows\\System32\\aepic.dll", "EventData_FileVersion": "10.0.19645.1046 (WinBuild.160101.0800)", "EventData_Description": "Application Experience Program Cache", "EventData_Product": "Microsoft\u00ae Windows\u00ae Operating System", "EventData_Company": "Microsoft Corporation", "EventData_OriginalFileName": "aepic.dll", "EventData_Hashes": "SHA1=7881A6500A3D8E3D4A530E9B5A7F2AF1D4DD9842,MD5=AEABEC26904C2D5EA0CD1DEB690B78D1,SHA256=EE380D87B6521BEA8255C39C7E8798AD308CF73F41E0040B4A31D23C212475F4,IMPHASH=4D969DDEDBC410A80393FE465F8D613E", "EventData_Signed": "true", "EventData_Signature": "Microsoft Windows", "EventData_SignatureStatus": "Valid", "EventData_User": "NT AUTHORITY\\SYSTEM"}
{"Provider_Name": "Microsoft-Windows-Sysmon", "Provider_Guid": "{5770385f-c22a-43e0-bf4c-06f5698ffbd9}", "Provider": null, "EventID_Qualifiers": "", "EventID": "12", "Version": "2", "Level": "4", "Task": "12", "Opcode": "0", "Keywords": "0x8000000000000000", "TimeCreated_SystemTime": "2023-09-27 06:50:55.822206", "TimeCreated": null, "EventRecordID": "30483", "Correlation_ActivityID": "", "Correlation_RelatedActivityID": "", "Correlation": null, "Execution_ProcessID": "3368", "Execution_ThreadID": "3332", "Execution": null, "Channel": "Microsoft-Windows-Sysmon/Operational", "Computer": "DESKTOP-P5C3MUD", "Security_UserID": "S-1-5-18", "Security": null, "EventData_RuleName": "-", "EventData_EventType": "CreateKey", "EventData_UtcTime": "2023-09-27 06:50:55.821", "EventData_ProcessGuid": "{4557fbaa-cea9-6513-0a01-000000000e00}", "EventData_ProcessId": "8484", "EventData_Image": "C:\\Windows\\system32\\svchost.exe", "EventData_TargetObject": "\\REGISTRY\\A\\{80a7dc6a-6a1c-0c38-7053-c1a1aac745a3}\\Root", "EventData_User": "NT AUTHORITY\\SYSTEM"}
{"Provider_Name": "Microsoft-Windows-Sysmon", "Provider_Guid": "{5770385f-c22a-43e0-bf4c-06f5698ffbd9}", "Provider": null, "EventID_Qualifiers": "", "EventID": "12", "Version": "2", "Level": "4", "Task": "12", "Opcode": "0", "Keywords": "0x8000000000000000", "TimeCreated_SystemTime": "2023-09-27 06:50:55.822229", "TimeCreated": null, "EventRecordID": "30484", "Correlation_ActivityID": "", "Correlation_RelatedActivityID": "", "Correlation": null, "Execution_ProcessID": "3368", "Execution_ThreadID": "3332", "Execution": null, "Channel": "Microsoft-Windows-Sysmon/Operational", "Computer": "DESKTOP-P5C3MUD", "Security_UserID": "S-1-5-18", "Security": null, "EventData_RuleName": "-", "EventData_EventType": "CreateKey", "EventData_UtcTime": "2023-09-27 06:50:55.821", "EventData_ProcessGuid": "{4557fbaa-cea9-6513-0a01-000000000e00}", "EventData_ProcessId": "8484", "EventData_Image": "C:\\Windows\\system32\\svchost.exe", "EventData_TargetObject": "\\REGISTRY\\A\\{80a7dc6a-6a1c-0c38-7053-c1a1aac745a3}\\Root\\InventoryApplicationFile", "EventData_User": "NT AUTHORITY\\SYSTEM"}
{"Provider_Name": "Microsoft-Windows-Sysmon", "Provider_Guid": "{5770385f-c22a-43e0-bf4c-06f5698ffbd9}", "Provider": null, "EventID_Qualifiers": "", "EventID": "13", "Version": "2", "Level": "4", "Task": "13", "Opcode": "0", "Keywords": "0x8000000000000000", "TimeCreated_SystemTime": "2023-09-27 06:50:55.822273", "TimeCreated": null, "EventRecordID": "30485", "Correlation_ActivityID": "", "Correlation_RelatedActivityID": "", "Correlation": null, "Execution_ProcessID": "3368", "Execution_ThreadID": "3332", "Execution": null, "Channel": "Microsoft-Windows-Sysmon/Operational", "Computer": "DESKTOP-P5C3MUD", "Security_UserID": "S-1-5-18", "Security": null, "EventData_RuleName": "-", "EventData_EventType": "SetValue", "EventData_UtcTime": "2023-09-27 06:50:55.821", "EventData_ProcessGuid": "{4557fbaa-cea9-6513-0a01-000000000e00}", "EventData_ProcessId": "8484", "EventData_Image": "C:\\Windows\\system32\\svchost.exe", "EventData_TargetObject": "\\REGISTRY\\A\\{80a7dc6a-6a1c-0c38-7053-c1a1aac745a3}\\Root\\InventoryApplicationFile\\WritePermissionsCheck", "EventData_Details": "DWORD (0x00000001)", "EventData_User": "NT AUTHORITY\\SYSTEM"}
{"Provider_Name": "Microsoft-Windows-Sysmon", "Provider_Guid": "{5770385f-c22a-43e0-bf4c-06f5698ffbd9}", "Provider": null, "EventID_Qualifiers": "", "EventID": "12", "Version": "2", "Level": "4", "Task": "12", "Opcode": "0", "Keywords": "0x8000000000000000", "TimeCreated_SystemTime": "2023-09-27 06:50:55.822309", "TimeCreated": null, "EventRecordID": "30486", "Correlation_ActivityID": "", "Correlation_RelatedActivityID": "", "Correlation": null, "Execution_ProcessID": "3368", "Execution_ThreadID": "3332", "Execution": null, "Channel": "Microsoft-Windows-Sysmon/Operational", "Computer": "DESKTOP-P5C3MUD", "Security_UserID": "S-1-5-18", "Security": null, "EventData_RuleName": "-", "EventData_EventType": "CreateKey", "EventData_UtcTime": "2023-09-27 06:50:55.821", "EventData_ProcessGuid": "{4557fbaa-cea9-6513-0a01-000000000e00}", "EventData_ProcessId": "8484", "EventData_Image": "C:\\Windows\\system32\\svchost.exe", "EventData_TargetObject": "\\REGISTRY\\A\\{80a7dc6a-6a1c-0c38-7053-c1a1aac745a3}\\Root\\InventoryApplicationFile\\PermissionsCheckTestKey", "EventData_User": "NT AUTHORITY\\SYSTEM"}
{"Provider_Name": "Microsoft-Windows-Sysmon", "Provider_Guid": "{5770385f-c22a-43e0-bf4c-06f5698ffbd9}", "Provider": null, "EventID_Qualifiers": "", "EventID": "12", "Version": "2", "Level": "4", "Task": "12", "Opcode": "0", "Keywords": "0x8000000000000000", "TimeCreated_SystemTime": "2023-09-27 06:50:55.822355", "TimeCreated": null, "EventRecordID": "30487", "Correlation_ActivityID": "", "Correlation_RelatedActivityID": "", "Correlation": null, "Execution_ProcessID": "3368", "Execution_ThreadID": "3332", "Execution": null, "Channel": "Microsoft-Windows-Sysmon/Operational", "Computer": "DESKTOP-P5C3MUD", "Security_UserID": "S-1-5-18", "Security": null, "EventData_RuleName": "-", "EventData_EventType": "DeleteKey", "EventData_UtcTime": "2023-09-27 06:50:55.821", "EventData_ProcessGuid": "{4557fbaa-cea9-6513-0a01-000000000e00}", "EventData_ProcessId": "8484", "EventData_Image": "C:\\Windows\\system32\\svchost.exe", "EventData_TargetObject": "\\REGISTRY\\A\\{80a7dc6a-6a1c-0c38-7053-c1a1aac745a3}\\Root\\InventoryApplicationFile\\PermissionsCheckTestKey", "EventData_User": "NT AUTHORITY\\SYSTEM"}
{"Provider_Name": "Microsoft-Windows-Sysmon", "Provider_Guid": "{5770385f-c22a-43e0-bf4c-06f5698ffbd9}", "Provider": null, "EventID_Qualifiers": "", "EventID": "12", "Version": "2", "Level": "4", "Task": "12", "Opcode": "0", "Keywords": "0x8000000000000000", "TimeCreated_SystemTime": "2023-09-27 06:50:55.822760", "TimeCreated": null, "EventRecordID": "30488", "Correlation_ActivityID": "", "Correlation_RelatedActivityID": "", "Correlation": null, "Execution_ProcessID": "3368", "Execution_ThreadID": "3332", "Execution": null, "Channel": "Microsoft-Windows-Sysmon/Operational", "Computer": "DESKTOP-P5C3MUD", "Security_UserID": "S-1-5-18", "Security": null, "EventData_RuleName": "-", "EventData_EventType": "CreateKey", "EventData_UtcTime": "2023-09-27 06:50:55.822", "EventData_ProcessGuid": "{4557fbaa-cea9-6513-0a01-000000000e00}", "EventData_ProcessId": "8484", "EventData_Image": "C:\\Windows\\system32\\svchost.exe", "EventData_TargetObject": "\\REGISTRY\\A\\{80a7dc6a-6a1c-0c38-7053-c1a1aac745a3}\\Root", "EventData_User": "NT AUTHORITY\\SYSTEM"}
{"Provider_Name": "Microsoft-Windows-Sysmon", "Provider_Guid": "{5770385f-c22a-43e0-bf4c-06f5698ffbd9}", "Provider": null, "EventID_Qualifiers": "", "EventID": "12", "Version": "2", "Level": "4", "Task": "12", "Opcode": "0", "Keywords": "0x8000000000000000", "TimeCreated_SystemTime": "2023-09-27 06:50:55.822781", "TimeCreated": null, "EventRecordID": "30489", "Correlation_ActivityID": "", "Correlation_RelatedActivityID": "", "Correlation": null, "Execution_ProcessID": "3368", "Execution_ThreadID": "3332", "Execution": null, "Channel": "Microsoft-Windows-Sysmon/Operational", "Computer": "DESKTOP-P5C3MUD", "Security_UserID": "S-1-5-18", "Security": null, "EventData_RuleName": "-", "EventData_EventType": "CreateKey", "EventData_UtcTime": "2023-09-27 06:50:55.822", "EventData_ProcessGuid": "{4557fbaa-cea9-6513-0a01-000000000e00}", "EventData_ProcessId": "8484", "EventData_Image": "C:\\Windows\\system32\\svchost.exe", "EventData_TargetObject": "\\REGISTRY\\A\\{80a7dc6a-6a1c-0c38-7053-c1a1aac745a3}\\Root\\InventoryApplicationFile", "EventData_User": "NT AUTHORITY\\SYSTEM"}
{"Provider_Name": "Microsoft-Windows-Sysmon", "Provider_Guid": "{5770385f-c22a-43e0-bf4c-06f5698ffbd9}", "Provider": null, "EventID_Qualifiers": "", "EventID": "13", "Version": "2", "Level": "4", "Task": "13", "Opcode": "0", "Keywords": "0x8000000000000000", "TimeCreated_SystemTime": "2023-09-27 06:50:55.822802", "TimeCreated": null, "EventRecordID": "30490", "Correlation_ActivityID": "", "Correlation_RelatedActivityID": "", "Correlation": null, "Execution_ProcessID": "3368", "Execution_ThreadID": "3332", "Execution": null, "Channel": "Microsoft-Windows-Sysmon/Operational", "Computer": "DESKTOP-P5C3MUD", "Security_UserID": "S-1-5-18", "Security": null, "EventData_RuleName": "-", "EventData_EventType": "SetValue", "EventData_UtcTime": "2023-09-27 06:50:55.822", "EventData_ProcessGuid": "{4557fbaa-cea9-6513-0a01-000000000e00}", "EventData_ProcessId": "8484", "EventData_Image": "C:\\Windows\\system32\\svchost.exe", "EventData_TargetObject": "\\REGISTRY\\A\\{80a7dc6a-6a1c-0c38-7053-c1a1aac745a3}\\Root\\InventoryApplicationFile\\WritePermissionsCheck", "EventData_Details": "DWORD (0x00000001)", "EventData_User": "NT AUTHORITY\\SYSTEM"}
{"Provider_Name": "Microsoft-Windows-Sysmon", "Provider_Guid": "{5770385f-c22a-43e0-bf4c-06f5698ffbd9}", "Provider": null, "EventID_Qualifiers": "", "EventID": "12", "Version": "2", "Level": "4", "Task": "12", "Opcode": "0", "Keywords": "0x8000000000000000", "TimeCreated_SystemTime": "2023-09-27 06:50:55.822821", "TimeCreated": null, "EventRecordID": "30491", "Correlation_ActivityID": "", "Correlation_RelatedActivityID": "", "Correlation": null, "Execution_ProcessID": "3368", "Execution_ThreadID": "3332", "Execution": null, "Channel": "Microsoft-Windows-Sysmon/Operational", "Computer": "DESKTOP-P5C3MUD", "Security_UserID": "S-1-5-18", "Security": null, "EventData_RuleName": "-", "EventData_EventType": "CreateKey", "EventData_UtcTime": "2023-09-27 06:50:55.822", "EventData_ProcessGuid": "{4557fbaa-cea9-6513-0a01-000000000e00}", "EventData_ProcessId": "8484", "EventData_Image": "C:\\Windows\\system32\\svchost.exe", "EventData_TargetObject": "\\REGISTRY\\A\\{80a7dc6a-6a1c-0c38-7053-c1a1aac745a3}\\Root\\InventoryApplicationFile\\PermissionsCheckTestKey", "EventData_User": "NT AUTHORITY\\SYSTEM"}
{"Provider_Name": "Microsoft-Windows-Sysmon", "Provider_Guid": "{5770385f-c22a-43e0-bf4c-06f5698ffbd9}", "Provider": null, "EventID_Qualifiers": "", "EventID": "12", "Version": "2", "Level": "4", "Task": "12", "Opcode": "0", "Keywords": "0x8000000000000000", "TimeCreated_SystemTime": "2023-09-27 06:50:55.822842", "TimeCreated": null, "EventRecordID": "30492", "Correlation_ActivityID": "", "Correlation_RelatedActivityID": "", "Correlation": null, "Execution_ProcessID": "3368", "Execution_ThreadID": "3332", "Execution": null, "Channel": "Microsoft-Windows-Sysmon/Operational", "Computer": "DESKTOP-P5C3MUD", "Security_UserID": "S-1-5-18", "Security": null, "EventData_RuleName": "-", "EventData_EventType": "DeleteKey", "EventData_UtcTime": "2023-09-27 06:50:55.822", "EventData_ProcessGuid": "{4557fbaa-cea9-6513-0a01-000000000e00}", "EventData_ProcessId": "8484", "EventData_Image": "C:\\Windows\\system32\\svchost.exe", "EventData_TargetObject": "\\REGISTRY\\A\\{80a7dc6a-6a1c-0c38-7053-c1a1aac745a3}\\Root\\InventoryApplicationFile\\PermissionsCheckTestKey", "EventData_User": "NT AUTHORITY\\SYSTEM"}
{"Provider_Name": "Microsoft-Windows-Sysmon", "Provider_Guid": "{5770385f-c22a-43e0-bf4c-06f5698ffbd9}", "Provider": null, "EventID_Qualifiers": "", "EventID": "7", "Version": "3", "Level": "4", "Task": "7", "Opcode": "0", "Keywords": "0x8000000000000000", "TimeCreated_SystemTime": "2023-09-27 06:50:55.824322", "TimeCreated": null, "EventRecordID": "30493", "Correlation_ActivityID": "", "Correlation_RelatedActivityID": "", "Correlation": null, "Execution_ProcessID": "3368", "Execution_ThreadID": "888", "Execution": null, "Channel": "Microsoft-Windows-Sysmon/Operational", "Computer": "DESKTOP-P5C3MUD", "Security_UserID": "S-1-5-18", "Security": null, "EventData_RuleName": "-", "EventData_UtcTime": "2023-09-27 06:50:55.820", "EventData_ProcessGuid": "{4557fbaa-cea9-6513-0a01-000000000e00}", "EventData_ProcessId": "8484", "EventData_Image": "C:\\Windows\\System32\\svchost.exe", "EventData_ImageLoaded": "C:\\Windows\\System32\\ntmarta.dll", "EventData_FileVersion": "10.0.19041.546 (WinBuild.160101.0800)", "EventData_Description": "Windows NT MARTA provider", "EventData_Product": "Microsoft\u00ae Windows\u00ae Operating System", "EventData_Company": "Microsoft Corporation", "EventData_OriginalFileName": "ntmarta.dll", "EventData_Hashes": "SHA1=5A5DB0243FF6C10865B1301712647BBB416D2B07,MD5=3847505289CB4D4454F8DC5A866338A8,SHA256=B2EB064F3D70F08152E1845FBEEF64BE204FA44FA56D2E58A645E15DB5505011,IMPHASH=2A82B57D7A2D3136D8E6670296793FB3", "EventData_Signed": "true", "EventData_Signature": "Microsoft Windows", "EventData_SignatureStatus": "Valid", "EventData_User": "NT AUTHORITY\\SYSTEM"}
{"Provider_Name": "Microsoft-Windows-Sysmon", "Provider_Guid": "{5770385f-c22a-43e0-bf4c-06f5698ffbd9}", "Provider": null, "EventID_Qualifiers": "", "EventID": "12", "Version": "2", "Level": "4", "Task": "12", "Opcode": "0", "Keywords": "0x8000000000000000", "TimeCreated_SystemTime": "2023-09-27 06:50:55.927916", "TimeCreated": null, "EventRecordID": "30494", "Correlation_ActivityID": "", "Correlation_RelatedActivityID": "", "Correlation": null, "Execution_ProcessID": "3368", "Execution_ThreadID": "3332", "Execution": null, "Channel": "Microsoft-Windows-Sysmon/Operational", "Computer": "DESKTOP-P5C3MUD", "Security_UserID": "S-1-5-18", "Security": null, "EventData_RuleName": "-", "EventData_EventType": "CreateKey", "EventData_UtcTime": "2023-09-27 06:50:55.927", "EventData_ProcessGuid": "{4557fbaa-ce30-6513-3100-000000000e00}", "EventData_ProcessId": "2136", "EventData_Image": "C:\\Windows\\System32\\svchost.exe", "EventData_TargetObject": "HKLM\\SOFTWARE", "EventData_User": "NT AUTHORITY\\LOCAL SERVICE"}
{"Provider_Name": "Microsoft-Windows-Sysmon", "Provider_Guid": "{5770385f-c22a-43e0-bf4c-06f5698ffbd9}", "Provider": null, "EventID_Qualifiers": "", "EventID": "12", "Version": "2", "Level": "4", "Task": "12", "Opcode": "0", "Keywords": "0x8000000000000000", "TimeCreated_SystemTime": "2023-09-27 06:50:55.927938", "TimeCreated": null, "EventRecordID": "30495", "Correlation_ActivityID": "", "Correlation_RelatedActivityID": "", "Correlation": null, "Execution_ProcessID": "3368", "Execution_ThreadID": "3332", "Execution": null, "Channel": "Microsoft-Windows-Sysmon/Operational", "Computer": "DESKTOP-P5C3MUD", "Security_UserID": "S-1-5-18", "Security": null, "EventData_RuleName": "-", "EventData_EventType": "CreateKey", "EventData_UtcTime": "2023-09-27 06:50:55.927", "EventData_ProcessGuid": "{4557fbaa-ce30-6513-3100-000000000e00}", "EventData_ProcessId": "2136", "EventData_Image": "C:\\Windows\\System32\\svchost.exe", "EventData_TargetObject": "HKLM\\SOFTWARE\\Microsoft", "EventData_User": "NT AUTHORITY\\LOCAL SERVICE"}
{"Provider_Name": "Microsoft-Windows-Sysmon", "Provider_Guid": "{5770385f-c22a-43e0-bf4c-06f5698ffbd9}", "Provider": null, "EventID_Qualifiers": "", "EventID": "12", "Version": "2", "Level": "4", "Task": "12", "Opcode": "0", "Keywords": "0x8000000000000000", "TimeCreated_SystemTime": "2023-09-27 06:50:55.927958", "TimeCreated": null, "EventRecordID": "30496", "Correlation_ActivityID": "", "Correlation_RelatedActivityID": "", "Correlation": null, "Execution_ProcessID": "3368", "Execution_ThreadID": "3332", "Execution": null, "Channel": "Microsoft-Windows-Sysmon/Operational", "Computer": "DESKTOP-P5C3MUD", "Security_UserID": "S-1-5-18", "Security": null, "EventData_RuleName": "-", "EventData_EventType": "CreateKey", "EventData_UtcTime": "2023-09-27 06:50:55.927", "EventData_ProcessGuid": "{4557fbaa-ce30-6513-3100-000000000e00}", "EventData_ProcessId": "2136", "EventData_Image": "C:\\Windows\\System32\\svchost.exe", "EventData_TargetObject": "HKLM\\SOFTWARE\\Microsoft\\Windows", "EventData_User": "NT AUTHORITY\\LOCAL SERVICE"}
