{"Provider_Name": "Microsoft-Windows-Sysmon", "Provider_Guid": "{5770385f-c22a-43e0-bf4c-06f5698ffbd9}", "Provider": null, "EventID_Qualifiers": "", "EventID": "7", "Version": "3", "Level": "4", "Task": "7", "Opcode": "0", "Keywords": "0x8000000000000000", "TimeCreated_SystemTime": "2023-09-27 06:50:54.895542", "TimeCreated": null, "EventRecordID": "30428", "Correlation_ActivityID": "", "Correlation_RelatedActivityID": "", "Correlation": null, "Execution_ProcessID": "3368", "Execution_ThreadID": "888", "Execution": null, "Channel": "Microsoft-Windows-Sysmon/Operational", "Computer": "DESKTOP-P5C3MUD", "Security_UserID": "S-1-5-18", "Security": null, "EventData_RuleName": "-", "EventData_UtcTime": "2023-09-27 06:50:54.842", "EventData_ProcessGuid": "{4557fbaa-d0ce-6513-7801-000000000e00}", "EventData_ProcessId": "3516", "EventData_Image": "C:\\Windows\\System32\\consent.exe", "EventData_ImageLoaded": "C:\\Windows\\System32\\InputHost.dll", "EventData_FileVersion": "10.0.19041.1741 (WinBuild.160101.0800)", "EventData_Description": "InputHost", "EventData_Product": "Microsoft\u00ae Windows\u00ae Operating System", "EventData_Company": "Microsoft Corporation", "EventData_OriginalFileName": "InputHost.dll", "EventData_Hashes": "SHA1=C8CFD4A4F049CFFD27B9AC3B706180885DE8D960,MD5=0B54EE679B6E08BC59E680E9E187475D,SHA256=720CF00F46E992BB7C798F2130E4B7507CA342321046129E338B7E82CF20B6C1,IMPHASH=9F592118EBFE2D97835163A8D184F2FC", "EventData_Signed": "true", "EventData_Signature": "Microsoft Windows", "EventData_SignatureStatus": "Valid", "EventData_User": "NT AUTHORITY\\SYSTEM"}
{"Provider_Name": "Microsoft-Windows-Sysmon", "Provider_Guid": "{5770385f-c22a-43e0-bf4c-06f5698ffbd9}", "Provider": null, "EventID_Qualifiers": "", "EventID": "7", "Version": "3", "Level": "4", "Task": "7", "Opcode": "0", "Keywords": "0x8000000000000000", "TimeCreated_SystemTime": "2023-09-27 06:50:54.898457", "TimeCreated": null, "EventRecordID": "30429", "Correlation_ActivityID": "", "Correlation_RelatedActivityID": "", "Correlation": null, "Execution_ProcessID": "3368", "Execution_ThreadID": "888", "Execution": null, "Channel": "Microsoft-Windows-Sysmon/Operational", "Computer": "DESKTOP-P5C3MUD", "Security_UserID": "S-1-5-18", "Security": null, "EventData_RuleName": "-", "EventData_UtcTime": "2023-09-27 06:50:54.858", "EventData_ProcessGuid": "{4557fbaa-d0ce-6513-7801-000000000e00}", "EventData_ProcessId": "3516", "EventData_Image": "C:\\Windows\\System32\\consent.exe", "EventData_ImageLoaded": "C:\\Windows\\System32\\LanguageOverlayUtil.dll", "EventData_FileVersion": "10.0.19041.2546 (WinBuild.160101.0800)", "EventData_Description": "Provides helper APIs for managing overlaid localized Windows resources.", "EventData_Product": "Microsoft\u00ae Windows\u00ae Operating System", "EventData_Company": "Microsoft Corporation", "EventData_OriginalFileName": "LanguageOverlayUtil.dll", "EventData_Hashes": "SHA1=71C68DDF2A4056AE3229D34AF54BC7D9DFC9D3BE,MD5=E30E17068D339934A2F0700C29D3362A,SHA256=E7FCCD990112044A5E184AE8471C25920AAC957E0ACE10D451D7CDDACEF019A3,IMPHASH=938A6DCC44B8314AD2F72A5AB84991D9", "EventData_Signed": "true", "EventData_Signature": "Microsoft Windows", "EventData_SignatureStatus": "Valid", "EventData_User": "NT AUTHORITY\\SYSTEM"}
{"Provider_Name": "Microsoft-Windows-Sysmon", "Provider_Guid": "{5770385f-c22a-43e0-bf4c-06f5698ffbd9}", "Provider": null, "EventID_Qualifiers": "", "EventID": "7", "Version": "3", "Level": "4", "Task": "7", "Opcode": "0", "Keywords": "0x8000000000000000", "TimeCreated_SystemTime": "2023-09-27 06:50:54.900837", "TimeCreated": null, "EventRecordID": "30430", "Correlation_ActivityID": "", "Correlation_RelatedActivityID": "", "Correlation": null, "Execution_ProcessID": "3368", "Execution_ThreadID": "888", "Execution": null, "Channel": "Microsoft-Windows-Sysmon/Operational", "Computer": "DESKTOP-P5C3MUD", "Security_UserID": "S-1-5-18", "Security": null, "EventData_RuleName": "-", "EventData_UtcTime": "2023-09-27 06:50:54.858", "EventData_ProcessGuid": "{4557fbaa-d0ce-6513-7801-000000000e00}", "EventData_ProcessId": "3516", "EventData_Image": "C:\\Windows\\System32\\consent.exe", "EventData_ImageLoaded": "C:\\Windows\\System32\\avrt.dll", "EventData_FileVersion": "10.0.19041.546 (WinBuild.160101.0800)", "EventData_Description": "Multimedia Realtime Runtime", "EventData_Product": "Microsoft\u00ae Windows\u00ae Operating System", "EventData_Company": "Microsoft Corporation", "EventData_OriginalFileName": "avrt.dll", "EventData_Hashes": "SHA1=22903699EEB3A0DDD06B1B612FDCF9A351F56826,MD5=0CB92141535F501B8A1FC57B21A37F57,SHA256=CD886749BDA38058EBDEB4847DDBF6DF8A46E0BC8119FCDB0711D30ED3CB5070,IMPHASH=046AA5FB39DC367F12D12DD57F4D28E1", "EventData_Signed": "true", "EventData_Signature": "Microsoft Windows", "EventData_SignatureStatus": "Valid", "EventData_User": "NT AUTHORITY\\SYSTEM"}
{"Provider_Name": "Microsoft-Windows-Sysmon", "Provider_Guid": "{5770385f-c22a-43e0-bf4c-06f5698ffbd9}", "Provider": null, "EventID_Qualifiers": "", "EventID": "7", "Version": "3", "Level": "4", "Task": "7", "Opcode": "0", "Keywords": "0x8000000000000000", "TimeCreated_SystemTime": "2023-09-27 06:50:54.910681", "TimeCreated": null, "EventRecordID": "30431", "Correlation_ActivityID": "", "Correlation_RelatedActivityID": "", "Correlation": null, "Execution_ProcessID": "3368", "Execution_ThreadID": "888", "Execution": null, "Channel": "Microsoft-Windows-Sysmon/Operational", "Computer": "DESKTOP-P5C3MUD", "Security_UserID": "S-1-5-18", "Security": null, "EventData_RuleName": "-", "EventData_UtcTime": "2023-09-27 06:50:54.858", "EventData_ProcessGuid": "{4557fbaa-d0ce-6513-7801-000000000e00}", "EventData_ProcessId": "3516", "EventData_Image": "C:\\Windows\\System32\\consent.exe", "EventData_ImageLoaded": "C:\\Windows\\System32\\UIAnimation.dll", "EventData_FileVersion": "10.0.19041.746 (WinBuild.160101.0800)", "EventData_Description": "Windows Animation Manager", "EventData_Product": "Microsoft\u00ae Windows\u00ae Operating System", "EventData_Company": "Microsoft Corporation", "EventData_OriginalFileName": "UIAnimation.DLL", "EventData_Hashes": "SHA1=D4A6A0FF175D9CA4DE47A3901A56CCE49D71E92F,MD5=616190C1955F65E77DFDE3CCA6062B32,SHA256=4D12B87FCFFD1E621CB1D2E55A2F0F0A8577FBEBD9CA9BC7F8FB95786FC0D310,IMPHASH=64FCAA59473E6ADE3E4EB2356AE0AD4E", "EventData_Signed": "true", "EventData_Signature": "Microsoft Windows", "EventData_SignatureStatus": "Valid", "EventData_User": "NT AUTHORITY\\SYSTEM"}
{"Provider_Name": "Microsoft-Windows-Sysmon", "Provider_Guid": "{5770385f-c22a-43e0-bf4c-06f5698ffbd9}", "Provider": null, "EventID_Qualifiers": "", "EventID": "12", "Version": "2", "Level": "4", "Task": "12", "Opcode": "0", "Keywords": "0x8000000000000000", "TimeCreated_SystemTime": "2023-09-27 06:50:54.922026", "TimeCreated": null, "EventRecordID": "30432", "Correlation_ActivityID": "", "Correlation_RelatedActivityID": "", "Correlation": null, "Execution_ProcessID": "3368", "Execution_ThreadID": "3332", "Execution": null, "Channel": "Microsoft-Windows-Sysmon/Operational", "Computer": "DESKTOP-P5C3MUD", "Security_UserID": "S-1-5-18", "Security": null, "EventData_RuleName": "-", "EventData_EventType": "CreateKey", "EventData_UtcTime": "2023-09-27 06:50:54.920", "EventData_ProcessGuid": "{4557fbaa-ce30-6513-3c00-000000000e00}", "EventData_ProcessId": "2748", "EventData_Image": "C:\\Windows\\System32\\DriverStore\\FileRepository\\nv_dispig.inf_amd64_3c2bd4a1ec6d228e\\Display.NvContainer\\NVDisplay.Container.exe", "EventData_TargetObject": "HKLM\\System\\CurrentControlSet\\Services\\nvlddmkm\\Global\\Startup", "EventData_User": "NT AUTHORITY\\SYSTEM"}
{"Provider_Name": "Microsoft-Windows-Sysmon", "Provider_Guid": "{5770385f-c22a-43e0-bf4c-06f5698ffbd9}", "Provider": null, "EventID_Qualifiers": "", "EventID": "12", "Version": "2", "Level": "4", "Task": "12", "Opcode": "0", "Keywords": "0x8000000000000000", "TimeCreated_SystemTime": "2023-09-27 06:50:54.922054", "TimeCreated": null, "EventRecordID": "30433", "Correlation_ActivityID": "", "Correlation_RelatedActivityID": "", "Correlation": null, "Execution_ProcessID": "3368", "Execution_ThreadID": "3332", "Execution": null, "Channel": "Microsoft-Windows-Sysmon/Operational", "Computer": "DESKTOP-P5C3MUD", "Security_UserID": "S-1-5-18", "Security": null, "EventData_RuleName": "-", "EventData_EventType": "CreateKey", "EventData_UtcTime": "2023-09-27 06:50:54.920", "EventData_ProcessGuid": "{4557fbaa-ce30-6513-3c00-000000000e00}", "EventData_ProcessId": "2748", "EventData_Image": "C:\\Windows\\System32\\DriverStore\\FileRepository\\nv_dispig.inf_amd64_3c2bd4a1ec6d228e\\Display.NvContainer\\NVDisplay.Container.exe", "EventData_TargetObject": "HKLM\\System\\CurrentControlSet\\Services\\nvlddmkm\\Global\\Startup\\StartACETrayIcon", "EventData_User": "NT AUTHORITY\\SYSTEM"}
{"Provider_Name": "Microsoft-Windows-Sysmon", "Provider_Guid": "{5770385f-c22a-43e0-bf4c-06f5698ffbd9}", "Provider": null, "EventID_Qualifiers": "", "EventID": "13", "Version": "2", "Level": "4", "Task": "13", "Opcode": "0", "Keywords": "0x8000000000000000", "TimeCreated_SystemTime": "2023-09-27 06:50:54.922098", "TimeCreated": null, "EventRecordID": "30434", "Correlation_ActivityID": "", "Correlation_RelatedActivityID": "", "Correlation": null, "Execution_ProcessID": "3368", "Execution_ThreadID": "3332", "Execution": null, "Channel": "Microsoft-Windows-Sysmon/Operational", "Computer": "DESKTOP-P5C3MUD", "Security_UserID": "S-1-5-18", "Security": null, "EventData_RuleName": "-", "EventData_EventType": "SetValue", "EventData_UtcTime": "2023-09-27 06:50:54.920", "EventData_ProcessGuid": "{4557fbaa-ce30-6513-3c00-000000000e00}", "EventData_ProcessId": "2748", "EventData_Image": "C:\\Windows\\System32\\DriverStore\\FileRepository\\nv_dispig.inf_amd64_3c2bd4a1ec6d228e\\Display.NvContainer\\NVDisplay.Container.exe", "EventData_TargetObject": "HKLM\\System\\CurrentControlSet\\Services\\nvlddmkm\\Global\\Startup\\StartACETrayIcon\\(Default)", "EventData_Details": "DWORD (0x00000001)", "EventData_User": "NT AUTHORITY\\SYSTEM"}
{"Provider_Name": "Microsoft-Windows-Sysmon", "Provider_Guid": "{5770385f-c22a-43e0-bf4c-06f5698ffbd9}", "Provider": null, "EventID_Qualifiers": "", "EventID": "12", "Version": "2", "Level": "4", "Task": "12", "Opcode": "0", "Keywords": "0x8000000000000000", "TimeCreated_SystemTime": "2023-09-27 06:50:54.930149", "TimeCreated": null, "EventRecordID": "30435", "Correlation_ActivityID": "", "Correlation_RelatedActivityID": "", "Correlation": null, "Execution_ProcessID": "3368", "Execution_ThreadID": "3332", "Execution": null, "Channel": "Microsoft-Windows-Sysmon/Operational", "Computer": "DESKTOP-P5C3MUD", "Security_UserID": "S-1-5-18", "Security": null, "EventData_RuleName": "-", "EventData_EventType": "CreateKey", "EventData_UtcTime": "2023-09-27 06:50:54.920", "EventData_ProcessGuid": "{4557fbaa-ce30-6513-3c00-000000000e00}", "EventData_ProcessId": "2748", "EventData_Image": "C:\\Windows\\System32\\DriverStore\\FileRepository\\nv_dispig.inf_amd64_3c2bd4a1ec6d228e\\Display.NvContainer\\NVDisplay.Container.exe", "EventData_TargetObject": "HKLM\\System\\CurrentControlSet\\Services\\nvlddmkm\\Global\\Startup", "EventData_User": "NT AUTHORITY\\SYSTEM"}
{"Provider_Name": "Microsoft-Windows-Sysmon", "Provider_Guid": "{5770385f-c22a-43e0-bf4c-06f5698ffbd9}", "Provider": null, "EventID_Qualifiers": "", "EventID": "12", "Version": "2", "Level": "4", "Task": "12", "Opcode": "0", "Keywords": "0x8000000000000000", "TimeCreated_SystemTime": "2023-09-27 06:50:54.930191", "TimeCreated": null, "EventRecordID": "30436", "Correlation_ActivityID": "", "Correlation_RelatedActivityID": "", "Correlation": null, "Execution_ProcessID": "3368", "Execution_ThreadID": "3332", "Execution": null, "Channel": "Microsoft-Windows-Sysmon/Operational", "Computer": "DESKTOP-P5C3MUD", "Security_UserID": "S-1-5-18", "Security": null, "EventData_RuleName": "-", "EventData_EventType": "CreateKey", "EventData_UtcTime": "2023-09-27 06:50:54.920", "EventData_ProcessGuid": "{4557fbaa-ce30-6513-3c00-000000000e00}", "EventData_ProcessId": "2748", "EventData_Image": "C:\\Windows\\System32\\DriverStore\\FileRepository\\nv_dispig.inf_amd64_3c2bd4a1ec6d228e\\Display.NvContainer\\NVDisplay.Container.exe", "EventData_TargetObject": "HKLM\\System\\CurrentControlSet\\Services\\nvlddmkm\\Global\\Startup\\StartNvTray", "EventData_User": "NT AUTHORITY\\SYSTEM"}
{"Provider_Name": "Microsoft-Windows-Sysmon", "Provider_Guid": "{5770385f-c22a-43e0-bf4c-06f5698ffbd9}", "Provider": null, "EventID_Qualifiers": "", "EventID": "13", "Version": "2", "Level": "4", "Task": "13", "Opcode": "0", "Keywords": "0x8000000000000000", "TimeCreated_SystemTime": "2023-09-27 06:50:54.930214", "TimeCreated": null, "EventRecordID": "30437", "Correlation_ActivityID": "", "Correlation_RelatedActivityID": "", "Correlation": null, "Execution_ProcessID": "3368", "Execution_ThreadID": "3332", "Execution": null, "Channel": "Microsoft-Windows-Sysmon/Operational", "Computer": "DESKTOP-P5C3MUD", "Security_UserID": "S-1-5-18", "Security": null, "EventData_RuleName": "-", "EventData_EventType": "SetValue", "EventData_UtcTime": "2023-09-27 06:50:54.920", "EventData_ProcessGuid": "{4557fbaa-ce30-6513-3c00-000000000e00}", "EventData_ProcessId": "2748", "EventData_Image": "C:\\Windows\\System32\\DriverStore\\FileRepository\\nv_dispig.inf_amd64_3c2bd4a1ec6d228e\\Display.NvContainer\\NVDisplay.Container.exe", "EventData_TargetObject": "HKLM\\System\\CurrentControlSet\\Services\\nvlddmkm\\Global\\Startup\\StartNvTray\\(Default)", "EventData_Details": "DWORD (0x00000001)", "EventData_User": "NT AUTHORITY\\SYSTEM"}
{"Provider_Name": "Microsoft-Windows-Sysmon", "Provider_Guid": "{5770385f-c22a-43e0-bf4c-06f5698ffbd9}", "Provider": null, "EventID_Qualifiers": "", "EventID": "12", "Version": "2", "Level": "4", "Task": "12", "Opcode": "0", "Keywords": "0x8000000000000000", "TimeCreated_SystemTime": "2023-09-27 06:50:54.932936", "TimeCreated": null, "EventRecordID": "30438", "Correlation_ActivityID": "", "Correlation_RelatedActivityID": "", "Correlation": null, "Execution_ProcessID": "3368", "Execution_ThreadID": "3332", "Execution": null, "Channel": "Microsoft-Windows-Sysmon/Operational", "Computer": "DESKTOP-P5C3MUD", "Security_UserID": "S-1-5-18", "Security": null, "EventData_RuleName": "-", "EventData_EventType": "CreateKey", "EventData_UtcTime": "2023-09-27 06:50:54.932", "EventData_ProcessGuid": "{4557fbaa-ce30-6513-3c00-000000000e00}", "EventData_ProcessId": "2748", "EventData_Image": "C:\\Windows\\System32\\DriverStore\\FileRepository\\nv_dispig.inf_amd64_3c2bd4a1ec6d228e\\Display.NvContainer\\NVDisplay.Container.exe", "EventData_TargetObject": "HKLM\\System\\CurrentControlSet\\Services\\nvlddmkm\\Global\\Startup", "EventData_User": "NT AUTHORITY\\SYSTEM"}
{"Provider_Name": "Microsoft-Windows-Sysmon", "Provider_Guid": "{5770385f-c22a-43e0-bf4c-06f5698ffbd9}", "Provider": null, "EventID_Qualifiers": "", "EventID": "12", "Version": "2", "Level": "4", "Task": "12", "Opcode": "0", "Keywords": "0x8000000000000000", "TimeCreated_SystemTime": "2023-09-27 06:50:54.932993", "TimeCreated": null, "EventRecordID": "30439", "Correlation_ActivityID": "", "Correlation_RelatedActivityID": "", "Correlation": null, "Execution_ProcessID": "3368", "Execution_ThreadID": "3332", "Execution": null, "Channel": "Microsoft-Windows-Sysmon/Operational", "Computer": "DESKTOP-P5C3MUD", "Security_UserID": "S-1-5-18", "Security": null, "EventData_RuleName": "-", "EventData_EventType": "CreateKey", "EventData_UtcTime": "2023-09-27 06:50:54.932", "EventData_ProcessGuid": "{4557fbaa-ce30-6513-3c00-000000000e00}", "EventData_ProcessId": "2748", "EventData_Image": "C:\\Windows\\System32\\DriverStore\\FileRepository\\nv_dispig.inf_amd64_3c2bd4a1ec6d228e\\Display.NvContainer\\NVDisplay.Container.exe", "EventData_TargetObject": "HKLM\\System\\CurrentControlSet\\Services\\nvlddmkm\\Global\\Startup\\PerformSurroundHotKeysRegistration", "EventData_User": "NT AUTHORITY\\SYSTEM"}
{"Provider_Name": "Microsoft-Windows-Sysmon", "Provider_Guid": "{5770385f-c22a-43e0-bf4c-06f5698ffbd9}", "Provider": null, "EventID_Qualifiers": "", "EventID": "13", "Version": "2", "Level": "4", "Task": "13", "Opcode": "0", "Keywords": "0x8000000000000000", "TimeCreated_SystemTime": "2023-09-27 06:50:54.933022", "TimeCreated": null, "EventRecordID": "30440", "Correlation_ActivityID": "", "Correlation_RelatedActivityID": "", "Correlation": null, "Execution_ProcessID": "3368", "Execution_ThreadID": "3332", "Execution": null, "Channel": "Microsoft-Windows-Sysmon/Operational", "Computer": "DESKTOP-P5C3MUD", "Security_UserID": "S-1-5-18", "Security": null, "EventData_RuleName": "-", "EventData_EventType": "SetValue", "EventData_UtcTime": "2023-09-27 06:50:54.932", "EventData_ProcessGuid": "{4557fbaa-ce30-6513-3c00-000000000e00}", "EventData_ProcessId": "2748", "EventData_Image": "C:\\Windows\\System32\\DriverStore\\FileRepository\\nv_dispig.inf_amd64_3c2bd4a1ec6d228e\\Display.NvContainer\\NVDisplay.Container.exe", "EventData_TargetObject": "HKLM\\System\\CurrentControlSet\\Services\\nvlddmkm\\Global\\Startup\\PerformSurroundHotKeysRegistration\\(Default)", "EventData_Details": "DWORD (0x00000001)", "EventData_User": "NT AUTHORITY\\SYSTEM"}
{"Provider_Name": "Microsoft-Windows-Sysmon", "Provider_Guid": "{5770385f-c22a-43e0-bf4c-06f5698ffbd9}", "Provider": null, "EventID_Qualifiers": "", "EventID": "7", "Version": "3", "Level": "4", "Task": "7", "Opcode": "0", "Keywords": "0x8000000000000000", "TimeCreated_SystemTime": "2023-09-27 06:50:54.936127", "TimeCreated": null, "EventRecordID": "30441", "Correlation_ActivityID": "", "Correlation_RelatedActivityID": "", "Correlation": null, "Execution_ProcessID": "3368", "Execution_ThreadID": "3332", "Execution": null, "Channel": "Microsoft-Windows-Sysmon/Operational", "Computer": "DESKTOP-P5C3MUD", "Security_UserID": "S-1-5-18", "Security": null, "EventData_RuleName": "-", "EventData_UtcTime": "2023-09-27 06:50:54.935", "EventData_ProcessGuid": "{4557fbaa-d0ce-6513-7801-000000000e00}", "EventData_ProcessId": "3516", "EventData_Image": "C:\\Windows\\System32\\consent.exe", "EventData_ImageLoaded": "C:\\Windows\\System32\\dcomp.dll", "EventData_FileVersion": "10.0.19041.2913 (WinBuild.160101.0800)", "EventData_Description": "Microsoft DirectComposition Library", "EventData_Product": "Microsoft\u00ae Windows\u00ae Operating System", "EventData_Company": "Microsoft Corporation", "EventData_OriginalFileName": "dcomp.dll", "EventData_Hashes": "SHA1=010B32FC6C6309E337A7C9CA8A3CE083201989BF,MD5=C4C941D23C5238892A480127D53CEB84,SHA256=E277024966D4C3DC4CBF25A2A2E101AB9772584ABCD81E045E06C82649D7D480,IMPHASH=E4F4F922F3A2148E101AFC32E955331D", "EventData_Signed": "true", "EventData_Signature": "Microsoft Windows", "EventData_SignatureStatus": "Valid", "EventData_User": "NT AUTHORITY\\SYSTEM"}
{"Provider_Name": "Microsoft-Windows-Sysmon", "Provider_Guid": "{5770385f-c22a-43e0-bf4c-06f5698ffbd9}", "Provider": null, "EventID_Qualifiers": "", "EventID": "7", "Version": "3", "Level": "4", "Task": "7", "Opcode": "0", "Keywords": "0x8000000000000000", "TimeCreated_SystemTime": "2023-09-27 06:50:54.947306", "TimeCreated": null, "EventRecordID": "30442", "Correlation_ActivityID": "", "Correlation_RelatedActivityID": "", "Correlation": null, "Execution_ProcessID": "3368", "Execution_ThreadID": "3332", "Execution": null, "Channel": "Microsoft-Windows-Sysmon/Operational", "Computer": "DESKTOP-P5C3MUD", "Security_UserID": "S-1-5-18", "Security": null, "EventData_RuleName": "-", "EventData_UtcTime": "2023-09-27 06:50:54.946", "EventData_ProcessGuid": "{4557fbaa-d0ce-6513-7801-000000000e00}", "EventData_ProcessId": "3516", "EventData_Image": "C:\\Windows\\System32\\consent.exe", "EventData_ImageLoaded": "C:\\Windows\\System32\\d3d11.dll", "EventData_FileVersion": "10.0.19041.2913 (WinBuild.160101.0800)", "EventData_Description": "Direct3D 11 Runtime", "EventData_Product": "Microsoft\u00ae Windows\u00ae Operating System", "EventData_Company": "Microsoft Corporation", "EventData_OriginalFileName": "D3D11.dll", "EventData_Hashes": "SHA1=AE939496E020BC15810CC536DF1BE0C4DC353742,MD5=994D6C1E422EDEB346E5921691666BDA,SHA256=0D53D7E57084887C0E00FCAEE6EE19ADE14AA806857A935F1FCFE6483A61D897,IMPHASH=FBA87DE136F29D7B4B52254132E211DB", "EventData_Signed": "true", "EventData_Signature": "Microsoft Windows", "EventData_SignatureStatus": "Valid", "EventData_User": "NT AUTHORITY\\SYSTEM"}
{"Provider_Name": "Microsoft-Windows-Sysmon", "Provider_Guid": "{5770385f-c22a-43e0-bf4c-06f5698ffbd9}", "Provider": null, "EventID_Qualifiers": "", "EventID": "7", "Version": "3", "Level": "4", "Task": "7", "Opcode": "0", "Keywords": "0x8000000000000000", "TimeCreated_SystemTime": "2023-09-27 06:50:54.951744", "TimeCreated": null, "EventRecordID": "30443", "Correlation_ActivityID": "", "Correlation_RelatedActivityID": "", "Correlation": null, "Execution_ProcessID": "3368", "Execution_ThreadID": "3332", "Execution": null, "Channel": "Microsoft-Windows-Sysmon/Operational", "Computer": "DESKTOP-P5C3MUD", "Security_UserID": "S-1-5-18", "Security": null, "EventData_RuleName": "-", "EventData_UtcTime": "2023-09-27 06:50:54.951", "EventData_ProcessGuid": "{4557fbaa-d0ce-6513-7801-000000000e00}", "EventData_ProcessId": "3516", "EventData_Image": "C:\\Windows\\System32\\consent.exe", "EventData_ImageLoaded": "C:\\Windows\\System32\\dxgi.dll", "EventData_FileVersion": "10.0.19041.2311 (WinBuild.160101.0800)", "EventData_Description": "DirectX Graphics Infrastructure", "EventData_Product": "Microsoft\u00ae Windows\u00ae Operating System", "EventData_Company": "Microsoft Corporation", "EventData_OriginalFileName": "dxgi.dll", "EventData_Hashes": "SHA1=43F526CED3A9CE9DCBB1811B8018465546F70750,MD5=02B331C9D6E5EEFF79F9D32E546F0C7D,SHA256=3946469C13BB0EFA75A2192CE4593CAA09EAC688923F548B97EF86978799F222,IMPHASH=DE855C1AF87EC3A22CE05BCD8E04FE8D", "EventData_Signed": "true", "EventData_Signature": "Microsoft Windows", "EventData_SignatureStatus": "Valid", "EventData_User": "NT AUTHORITY\\SYSTEM"}
{"Provider_Name": "Microsoft-Windows-Sysmon", "Provider_Guid": "{5770385f-c22a-43e0-bf4c-06f5698ffbd9}", "Provider": null, "EventID_Qualifiers": "", "EventID": "7", "Version": "3", "Level": "4", "Task": "7", "Opcode": "0", "Keywords": "0x8000000000000000", "TimeCreated_SystemTime": "2023-09-27 06:50:54.958313", "TimeCreated": null, "EventRecordID": "30444", "Correlation_ActivityID": "", "Correlation_RelatedActivityID": "", "Correlation": null, "Execution_ProcessID": "3368", "Execution_ThreadID": "3332", "Execution": null, "Channel": "Microsoft-Windows-Sysmon/Operational", "Computer": "DESKTOP-P5C3MUD", "Security_UserID": "S-1-5-18", "Security": null, "EventData_RuleName": "-", "EventData_UtcTime": "2023-09-27 06:50:54.957", "EventData_ProcessGuid": "{4557fbaa-d0ce-6513-7801-000000000e00}", "EventData_ProcessId": "3516", "EventData_Image": "C:\\Windows\\System32\\consent.exe", "EventData_ImageLoaded": "C:\\Windows\\System32\\profapi.dll", "EventData_FileVersion": "10.0.19041.3155 (WinBuild.160101.0800)", "EventData_Description": "User Profile Basic API", "EventData_Product": "Microsoft\u00ae Windows\u00ae Operating System", "EventData_Company": "Microsoft Corporation", "EventData_OriginalFileName": "PROFAPI.DLL", "EventData_Hashes": "SHA1=3CD23FBE74A9B541482563EC4EBA2EBB1D3CE632,MD5=82CB08C4C0ED47C61FEE50D3538FD1E3,SHA256=E2A52FDD403A9E5AA43FA7D4D0EDBE03E2C9577B69E637EA0AD623874DBB4571,IMPHASH=E8B1891878D21F0F6310CAC7F25FC7B1", "EventData_Signed": "true", "EventData_Signature": "Microsoft Windows", "EventData_SignatureStatus": "Valid", "EventData_User": "NT AUTHORITY\\SYSTEM"}
{"Provider_Name": "Microsoft-Windows-Sysmon", "Provider_Guid": "{5770385f-c22a-43e0-bf4c-06f5698ffbd9}", "Provider": null, "EventID_Qualifiers": "", "EventID": "7", "Version": "3", "Level": "4", "Task": "7", "Opcode": "0", "Keywords": "0x8000000000000000", "TimeCreated_SystemTime": "2023-09-27 06:50:54.990040", "TimeCreated": null, "EventRecordID": "30445", "Correlation_ActivityID": "", "Correlation_RelatedActivityID": "", "Correlation": null, "Execution_ProcessID": "3368", "Execution_ThreadID": "3332", "Execution": null, "Channel": "Microsoft-Windows-Sysmon/Operational", "Computer": "DESKTOP-P5C3MUD", "Security_UserID": "S-1-5-18", "Security": null, "EventData_RuleName": "-", "EventData_UtcTime": "2023-09-27 06:50:54.989", "EventData_ProcessGuid": "{4557fbaa-d0ce-6513-7801-000000000e00}", "EventData_ProcessId": "3516", "EventData_Image": "C:\\Windows\\System32\\consent.exe", "EventData_ImageLoaded": "C:\\Windows\\System32\\Windows.Globalization.dll", "EventData_FileVersion": "10.0.19041.3393 (WinBuild.160101.0800)", "EventData_Description": "Windows Globalization", "EventData_Product": "Microsoft\u00ae Windows\u00ae Operating System", "EventData_Company": "Microsoft Corporation", "EventData_OriginalFileName": "Windows.Globalization.dll", "EventData_Hashes": "SHA1=A4ED7254B608C9CFC881F1F225369A615909BD15,MD5=513136CBB00CF26DC9F7EABE74D45B78,SHA256=2725E49349524C56093F1E4E0505BEF4A6E2F68391F9271A9BC1EF7F228CBF4D,IMPHASH=819122EC5350EF6CA97CED8DA9AEF194", "EventData_Signed": "true", "EventData_Signature": "Microsoft Windows", "EventData_SignatureStatus": "Valid", "EventData_User": "NT AUTHORITY\\SYSTEM"}
{"Provider_Name": "Microsoft-Windows-Sysmon", "Provider_Guid": "{5770385f-c22a-43e0-bf4c-06f5698ffbd9}", "Provider": null, "EventID_Qualifiers": "", "EventID": "7", "Version": "3", "Level": "4", "Task": "7", "Opcode": "0", "Keywords": "0x8000000000000000", "TimeCreated_SystemTime": "2023-09-27 06:50:54.991415", "TimeCreated": null, "EventRecordID": "30446", "Correlation_ActivityID": "", "Correlation_RelatedActivityID": "", "Correlation": null, "Execution_ProcessID": "3368", "Execution_ThreadID": "3332", "Execution": null, "Channel": "Microsoft-Windows-Sysmon/Operational", "Computer": "DESKTOP-P5C3MUD", "Security_UserID": "S-1-5-18", "Security": null, "EventData_RuleName": "-", "EventData_UtcTime": "2023-09-27 06:50:54.989", "EventData_ProcessGuid": "{4557fbaa-d0ce-6513-7801-000000000e00}", "EventData_ProcessId": "3516", "EventData_Image": "C:\\Windows\\System32\\consent.exe", "EventData_ImageLoaded": "C:\\Windows\\System32\\ResourcePolicyClient.dll", "EventData_FileVersion": "10.0.19041.546 (WinBuild.160101.0800)", "EventData_Description": "Resource Policy Client", "EventData_Product": "Microsoft\u00ae Windows\u00ae Operating System", "EventData_Company": "Microsoft Corporation", "EventData_OriginalFileName": "ResourcePolicyClient.dll", "EventData_Hashes": "SHA1=194B148953CAB5D591971FE33E0B80117AC695FF,MD5=FD22E78FED1FBC16A8455AD8DB12CA7C,SHA256=815D04346DD05C7FBBD4DA231C8E79F371484C8E4819F782BCFB0ECA82D7D809,IMPHASH=A40FABED68C5202AC815EA8499B5C4FB", "EventData_Signed": "true", "EventData_Signature": "Microsoft Windows", "EventData_SignatureStatus": "Valid", "EventData_User": "NT AUTHORITY\\SYSTEM"}
{"Provider_Name": "Microsoft-Windows-Sysmon", "Provider_Guid": "{5770385f-c22a-43e0-bf4c-06f5698ffbd9}", "Provider": null, "EventID_Qualifiers": "", "EventID": "7", "Version": "3", "Level": "4", "Task": "7", "Opcode": "0", "Keywords": "0x8000000000000000", "TimeCreated_SystemTime": "2023-09-27 06:50:54.998909", "TimeCreated": null, "EventRecordID": "30447", "Correlation_ActivityID": "", "Correlation_RelatedActivityID": "", "Correlation": null, "Execution_ProcessID": "3368", "Execution_ThreadID": "3332", "Execution": null, "Channel": "Microsoft-Windows-Sysmon/Operational", "Computer": "DESKTOP-P5C3MUD", "Security_UserID": "S-1-5-18", "Security": null, "EventData_RuleName": "-", "EventData_UtcTime": "2023-09-27 06:50:54.998", "EventData_ProcessGuid": "{4557fbaa-d0ce-6513-7801-000000000e00}", "EventData_ProcessId": "3516", "EventData_Image": "C:\\Windows\\System32\\consent.exe", "EventData_ImageLoaded": "C:\\Windows\\System32\\version.dll", "EventData_FileVersion": "10.0.19041.546 (WinBuild.160101.0800)", "EventData_Description": "Version Checking and File Installation Libraries", "EventData_Product": "Microsoft\u00ae Windows\u00ae Operating System", "EventData_Company": "Microsoft Corporation", "EventData_OriginalFileName": "VERSION.DLL", "EventData_Hashes": "SHA1=8ED26469AFBD53DA7749EF9C6AB8C7F010E9BB1E,MD5=17C1E1099B65051BB6DEC71FEA37315B,SHA256=E549D528FEE40208DF2DD911C2D96B29D02DF7BEF9B30C93285F4A2F3E1AD5B0,IMPHASH=34340C2C4E9AA6EF6AD12BB695FC695B", "EventData_Signed": "true", "EventData_Signature": "Microsoft Windows", "EventData_SignatureStatus": "Valid", "EventData_User": "NT AUTHORITY\\SYSTEM"}
{"Provider_Name": "Microsoft-Windows-Sysmon", "Provider_Guid": "{5770385f-c22a-43e0-bf4c-06f5698ffbd9}", "Provider": null, "EventID_Qualifiers": "", "EventID": "7", "Version": "3", "Level": "4", "Task": "7", "Opcode": "0", "Keywords": "0x8000000000000000", "TimeCreated_SystemTime": "2023-09-27 06:50:54.999584", "TimeCreated": null, "EventRecordID": "30448", "Correlation_ActivityID": "", "Correlation_RelatedActivityID": "", "Correlation": null, "Execution_ProcessID": "3368", "Execution_ThreadID": "3332", "Execution": null, "Channel": "Microsoft-Windows-Sysmon/Operational", "Computer": "DESKTOP-P5C3MUD", "Security_UserID": "S-1-5-18", "Security": null, "EventData_RuleName": "-", "EventData_UtcTime": "2023-09-27 06:50:54.999", "EventData_ProcessGuid": "{4557fbaa-d0ce-6513-7801-000000000e00}", "EventData_ProcessId": "3516", "EventData_Image": "C:\\Windows\\System32\\consent.exe", "EventData_ImageLoaded": "C:\\Windows\\System32\\cryptnet.dll", "EventData_FileVersion": "10.0.19041.906 (WinBuild.160101.0800)", "EventData_Description": "Crypto Network Related API", "EventData_Product": "Microsoft\u00ae Windows\u00ae Operating System", "EventData_Company": "Microsoft Corporation", "EventData_OriginalFileName": "CRYPTNET.DLL", "EventData_Hashes": "SHA1=2760F61791F838B19D00637580FD455D18DA84AC,MD5=FA0A5EDFB01E52069F4676189A59ACAE,SHA256=662C985C0E5413F156D905F5D934D6E4E8F3D8343227063426BD640E9C7296FF,IMPHASH=1BB913D1BE1C6B72F870212A6BB991F3", "EventData_Signed": "true", "EventData_Signature": "Microsoft Windows", "EventData_SignatureStatus": "Valid", "EventData_User": "NT AUTHORITY\\SYSTEM"}
{"Provider_Name": "Microsoft-Windows-Sysmon", "Provider_Guid": "{5770385f-c22a-43e0-bf4c-06f5698ffbd9}", "Provider": null, "EventID_Qualifiers": "", "EventID": "7", "Version": "3", "Level": "4", "Task": "7", "Opcode": "0", "Keywords": "0x8000000000000000", "TimeCreated_SystemTime": "2023-09-27 06:50:55.007132", "TimeCreated": null, "EventRecordID": "30449", "Correlation_ActivityID": "", "Correlation_RelatedActivityID": "", "Correlation": null, "Execution_ProcessID": "3368", "Execution_ThreadID": "3332", "Execution": null, "Channel": "Microsoft-Windows-Sysmon/Operational", "Computer": "DESKTOP-P5C3MUD", "Security_UserID": "S-1-5-18", "Security": null, "EventData_RuleName": "-", "EventData_UtcTime": "2023-09-27 06:50:55.006", "EventData_ProcessGuid": "{4557fbaa-d0ce-6513-7801-000000000e00}", "EventData_ProcessId": "3516", "EventData_Image": "C:\\Windows\\System32\\consent.exe", "EventData_ImageLoaded": "C:\\Windows\\System32\\wldp.dll", "EventData_FileVersion": "10.0.19041.2788 (WinBuild.160101.0800)", "EventData_Description": "Windows Lockdown Policy", "EventData_Product": "Microsoft\u00ae Windows\u00ae Operating System", "EventData_Company": "Microsoft Corporation", "EventData_OriginalFileName": "wldp.dll", "EventData_Hashes": "SHA1=88AFA2EA7703C558D06798F7A93CF992C49C1028,MD5=E89E7F5165608EA403F2758742B38303,SHA256=DE8A5CED5AC9ADBF3F5B0887F87DFA31E9E94AE7663549C5DD540D9A0AE54CA8,IMPHASH=5A4375B6611409A6F1E5201B58E8D82F", "EventData_Signed": "true", "EventData_Signature": "Microsoft Windows", "EventData_SignatureStatus": "Valid", "EventData_User": "NT AUTHORITY\\SYSTEM"}
{"Provider_Name": "Microsoft-Windows-Sysmon", "Provider_Guid": "{5770385f-c22a-43e0-bf4c-06f5698ffbd9}", "Provider": null, "EventID_Qualifiers": "", "EventID": "7", "Version": "3", "Level": "4", "Task": "7", "Opcode": "0", "Keywords": "0x8000000000000000", "TimeCreated_SystemTime": "2023-09-27 06:50:55.014698", "TimeCreated": null, "EventRecordID": "30450", "Correlation_ActivityID": "", "Correlation_RelatedActivityID": "", "Correlation": null, "Execution_ProcessID": "3368", "Execution_ThreadID": "888", "Execution": null, "Channel": "Microsoft-Windows-Sysmon/Operational", "Computer": "DESKTOP-P5C3MUD", "Security_UserID": "S-1-5-18", "Security": null, "EventData_RuleName": "-", "EventData_UtcTime": "2023-09-27 06:50:54.934", "EventData_ProcessGuid": "{4557fbaa-d0ce-6513-7801-000000000e00}", "EventData_ProcessId": "3516", "EventData_Image": "C:\\Windows\\System32\\consent.exe", "EventData_ImageLoaded": "C:\\Windows\\System32\\Windows.UI.Xaml.dll", "EventData_FileVersion": "10.0.19041.3448 (WinBuild.160101.0800)", "EventData_Description": "Windows.UI.Xaml dll", "EventData_Product": "Microsoft\u00ae Windows\u00ae Operating System", "EventData_Company": "Microsoft Corporation", "EventData_OriginalFileName": "Windows.UI.Xaml.dll", "EventData_Hashes": "SHA1=7C469FE49F2EBC81EC293A36040EC8C20783AE0E,MD5=7FA1625D5709F5746B4B2A0C4897650F,SHA256=2AE934A224D14A471440F47704BA5A82A47CFB7CCB2048BC606CB51A18BBD667,IMPHASH=0D1246F49153F4A5A0E00197B6C15DC1", "EventData_Signed": "true", "EventData_Signature": "Microsoft Windows", "EventData_SignatureStatus": "Valid", "EventData_User": "NT AUTHORITY\\SYSTEM"}
{"Provider_Name": "Microsoft-Windows-Sysmon", "Provider_Guid": "{5770385f-c22a-43e0-bf4c-06f5698ffbd9}", "Provider": null, "EventID_Qualifiers": "", "EventID": "7", "Version": "3", "Level": "4", "Task": "7", "Opcode": "0", "Keywords": "0x8000000000000000", "TimeCreated_SystemTime": "2023-09-27 06:50:55.024372", "TimeCreated": null, "EventRecordID": "30451", "Correlation_ActivityID": "", "Correlation_RelatedActivityID": "", "Correlation": null, "Execution_ProcessID": "3368", "Execution_ThreadID": "888", "Execution": null, "Channel": "Microsoft-Windows-Sysmon/Operational", "Computer": "DESKTOP-P5C3MUD", "Security_UserID": "S-1-5-18", "Security": null, "EventData_RuleName": "-", "EventData_UtcTime": "2023-09-27 06:50:54.957", "EventData_ProcessGuid": "{4557fbaa-d0ce-6513-7801-000000000e00}", "EventData_ProcessId": "3516", "EventData_Image": "C:\\Windows\\System32\\consent.exe", "EventData_ImageLoaded": "C:\\Windows\\System32\\Windows.UI.Immersive.dll", "EventData_FileVersion": "10.0.19041.2728 (WinBuild.160101.0800)", "EventData_Description": "WINDOWS.UI.IMMERSIVE", "EventData_Product": "Microsoft\u00ae Windows\u00ae Operating System", "EventData_Company": "Microsoft Corporation", "EventData_OriginalFileName": "WINDOWS.UI.IMMERSIVE.dll", "EventData_Hashes": "SHA1=EC2802048CA8AC01B9EF89B40F206F47784F4000,MD5=2828C5C0540C7965B963EFA5B7C67B28,SHA256=1100A3D03B5BBF59EB8E8843578F014C9CBA62743C22C1F194C0F849A47EA73D,IMPHASH=9098E005E51790B258E609F902AC70B1", "EventData_Signed": "true", "EventData_Signature": "Microsoft Windows", "EventData_SignatureStatus": "Valid", "EventData_User": "NT AUTHORITY\\SYSTEM"}
{"Provider_Name": "Microsoft-Windows-Sysmon", "Provider_Guid": "{5770385f-c22a-43e0-bf4c-06f5698ffbd9}", "Provider": null, "EventID_Qualifiers": "", "EventID": "7", "Version": "3", "Level": "4", "Task": "7", "Opcode": "0", "Keywords": "0x8000000000000000", "TimeCreated_SystemTime": "2023-09-27 06:50:55.035702", "TimeCreated": null, "EventRecordID": "30452", "Correlation_ActivityID": "", "Correlation_RelatedActivityID": "", "Correlation": null, "Execution_ProcessID": "3368", "Execution_ThreadID": "888", "Execution": null, "Channel": "Microsoft-Windows-Sysmon/Operational", "Computer": "DESKTOP-P5C3MUD", "Security_UserID": "S-1-5-18", "Security": null, "EventData_RuleName": "-", "EventData_UtcTime": "2023-09-27 06:50:54.988", "EventData_ProcessGuid": "{4557fbaa-d0ce-6513-7801-000000000e00}", "EventData_ProcessId": "3516", "EventData_Image": "C:\\Windows\\System32\\consent.exe", "EventData_ImageLoaded": "C:\\Windows\\System32\\d3d10warp.dll", "EventData_FileVersion": "10.0.19041.2788 (WinBuild.160101.0800)", "EventData_Description": "Direct3D Rasterizer", "EventData_Product": "Microsoft\u00ae Windows\u00ae Operating System", "EventData_Company": "Microsoft Corporation", "EventData_OriginalFileName": "D3D10Warp.dll", "EventData_Hashes": "SHA1=31DB61823DDBED1B8079D9CF26120440007CC9A0,MD5=0BC1DEB35F6AC62B577CAA64641FB630,SHA256=D7448EAF17C57FCAF2EBEAB34B05D9C106297DB0C6BC137F821DC40918BF79AA,IMPHASH=113EAE7F46AC04ADE26E10C730A6E454", "EventData_Signed": "true", "EventData_Signature": "Microsoft Windows", "EventData_SignatureStatus": "Valid", "EventData_User": "NT AUTHORITY\\SYSTEM"}
{"Provider_Name": "Microsoft-Windows-Sysmon", "Provider_Guid": "{5770385f-c22a-43e0-bf4c-06f5698ffbd9}", "Provider": null, "EventID_Qualifiers": "", "EventID": "7", "Version": "3", "Level": "4", "Task": "7", "Opcode": "0", "Keywords": "0x8000000000000000", "TimeCreated_SystemTime": "2023-09-27 06:50:55.038418", "TimeCreated": null, "EventRecordID": "30453", "Correlation_ActivityID": "", "Correlation_RelatedActivityID": "", "Correlation": null, "Execution_ProcessID": "3368", "Execution_ThreadID": "888", "Execution": null, "Channel": "Microsoft-Windows-Sysmon/Operational", "Computer": "DESKTOP-P5C3MUD", "Security_UserID": "S-1-5-18", "Security": null, "EventData_RuleName": "-", "EventData_UtcTime": "2023-09-27 06:50:54.993", "EventData_ProcessGuid": "{4557fbaa-d0ce-6513-7801-000000000e00}", "EventData_ProcessId": "3516", "EventData_Image": "C:\\Windows\\System32\\consent.exe", "EventData_ImageLoaded": "C:\\Windows\\System32\\DXCore.dll", "EventData_FileVersion": "10.0.19041.546 (WinBuild.160101.0800)", "EventData_Description": "DXCore", "EventData_Product": "Microsoft\u00ae Windows\u00ae Operating System", "EventData_Company": "Microsoft Corporation", "EventData_OriginalFileName": "DXCore.DLL", "EventData_Hashes": "SHA1=9B28E9B3083DA7B3524C79ED87F4E9797174D2A4,MD5=A9FC96DABAF458EC14ECCC45F4A3AF2B,SHA256=30E975B799B741A9AAB6A2060ECDCE68329CD01F086656F21932E34E80CEF2F8,IMPHASH=08CBE053FBC377CAF1671D5192567E4F", "EventData_Signed": "true", "EventData_Signature": "Microsoft Windows", "EventData_SignatureStatus": "Valid", "EventData_User": "NT AUTHORITY\\SYSTEM"}
{"Provider_Name": "Microsoft-Windows-Sysmon", "Provider_Guid": "{5770385f-c22a-43e0-bf4c-06f5698ffbd9}", "Provider": null, "EventID_Qualifiers": "", "EventID": "7", "Version": "3", "Level": "4", "Task": "7", "Opcode": "0", "Keywords": "0x8000000000000000", "TimeCreated_SystemTime": "2023-09-27 06:50:55.061943", "TimeCreated": null, "EventRecordID": "30454", "Correlation_ActivityID": "", "Correlation_RelatedActivityID": "", "Correlation": null, "Execution_ProcessID": "3368", "Execution_ThreadID": "888", "Execution": null, "Channel": "Microsoft-Windows-Sysmon/Operational", "Computer": "DESKTOP-P5C3MUD", "Security_UserID": "S-1-5-18", "Security": null, "EventData_RuleName": "-", "EventData_UtcTime": "2023-09-27 06:50:54.997", "EventData_ProcessGuid": "{4557fbaa-d0ce-6513-7801-000000000e00}", "EventData_ProcessId": "3516", "EventData_Image": "C:\\Windows\\System32\\consent.exe", "EventData_ImageLoaded": "C:\\Windows\\System32\\DriverStore\\FileRepository\\nv_dispig.inf_amd64_3c2bd4a1ec6d228e\\nvldumdx.dll", "EventData_FileVersion": "31.0.15.3598", "EventData_Description": "NVIDIA Driver Loader, Version 535.98 ", "EventData_Product": "NVIDIA driver loader", "EventData_Company": "NVIDIA Corporation", "EventData_OriginalFileName": "nvldumd.dll", "EventData_Hashes": "SHA1=0E9CBF6DD5033224326F36A1167EC56524F7394C,MD5=919C6B4B767627DF6E8F2D1A74FC30E2,SHA256=70A9D2EE720886A8410D75A1692638A5DB485A3B5DBAB693A6AA8E6256375BD8,IMPHASH=9D9AD78ABBB88FF2F6CF4467A824CEC4", "EventData_Signed": "true", "EventData_Signature": "NVIDIA Corporation", "EventData_SignatureStatus": "Valid", "EventData_User": "NT AUTHORITY\\SYSTEM"}
{"Provider_Name": "Microsoft-Windows-Sysmon", "Provider_Guid": "{5770385f-c22a-43e0-bf4c-06f5698ffbd9}", "Provider": null, "EventID_Qualifiers": "", "EventID": "7", "Version": "3", "Level": "4", "Task": "7", "Opcode": "0", "Keywords": "0x8000000000000000", "TimeCreated_SystemTime": "2023-09-27 06:50:55.065969", "TimeCreated": null, "EventRecordID": "30455", "Correlation_ActivityID": "", "Correlation_RelatedActivityID": "", "Correlation": null, "Execution_ProcessID": "3368", "Execution_ThreadID": "888", "Execution": null, "Channel": "Microsoft-Windows-Sysmon/Operational", "Computer": "DESKTOP-P5C3MUD", "Security_UserID": "S-1-5-18", "Security": null, "EventData_RuleName": "-", "EventData_UtcTime": "2023-09-27 06:50:55.005", "EventData_ProcessGuid": "{4557fbaa-d0ce-6513-7801-000000000e00}", "EventData_ProcessId": "3516", "EventData_Image": "C:\\Windows\\System32\\consent.exe", "EventData_ImageLoaded": "C:\\Windows\\System32\\drvstore.dll", "EventData_FileVersion": "10.0.19041.2546 (WinBuild.160101.0800)", "EventData_Description": "Driver Store API", "EventData_Product": "Microsoft\u00ae Windows\u00ae Operating System", "EventData_Company": "Microsoft Corporation", "EventData_OriginalFileName": "DRVSTORE.DLL", "EventData_Hashes": "SHA1=7CA507EBF59E2820D26DFC62688C320FE0537C6F,MD5=44B4346E742C2461A661A2142DD6D198,SHA256=31E420C686608F56F65218124C6E661ADF4E3983BE58099FCF31511A2577F836,IMPHASH=93C1E8D0FFAADAAD37BE2C01F095CAF5", "EventData_Signed": "true", "EventData_Signature": "Microsoft Windows", "EventData_SignatureStatus": "Valid", "EventData_User": "NT AUTHORITY\\SYSTEM"}
{"Provider_Name": "Microsoft-Windows-Sysmon", "Provider_Guid": "{5770385f-c22a-43e0-bf4c-06f5698ffbd9}", "Provider": null, "EventID_Qualifiers": "", "EventID": "7", "Version": "3", "Level": "4", "Task": "7", "Opcode": "0", "Keywords": "0x8000000000000000", "TimeCreated_SystemTime": "2023-09-27 06:50:55.467245", "TimeCreated": null, "EventRecordID": "30456", "Correlation_ActivityID": "", "Correlation_RelatedActivityID": "", "Correlation": null, "Execution_ProcessID": "3368", "Execution_ThreadID": "3332", "Execution": null, "Channel": "Microsoft-Windows-Sysmon/Operational", "Computer": "DESKTOP-P5C3MUD", "Security_UserID": "S-1-5-18", "Security": null, "EventData_RuleName": "-", "EventData_UtcTime": "2023-09-27 06:50:55.466", "EventData_ProcessGuid": "{4557fbaa-d0ce-6513-7801-000000000e00}", "EventData_ProcessId": "3516", "EventData_Image": "C:\\Windows\\System32\\consent.exe", "EventData_ImageLoaded": "C:\\Windows\\System32\\winmm.dll", "EventData_FileVersion": "10.0.19041.546 (WinBuild.160101.0800)", "EventData_Description": "MCI API DLL", "EventData_Product": "Microsoft\u00ae Windows\u00ae Operating System", "EventData_Company": "Microsoft Corporation", "EventData_OriginalFileName": "WINMM.DLL", "EventData_Hashes": "SHA1=657B3B4E63644F1C3DC0C2D07E8D42F859FD396A,MD5=8676A4171B36FB9D8E92F60568592720,SHA256=69B3EDE8AF72CA3F50DEE2BD0B239AD57389C4390275CC25219A871816193EC2,IMPHASH=053F233E499DD415931815DCCEF4F401", "EventData_Signed": "true", "EventData_Signature": "Microsoft Windows", "EventData_SignatureStatus": "Valid", "EventData_User": "NT AUTHORITY\\SYSTEM"}
{"Provider_Name": "Microsoft-Windows-Sysmon", "Provider_Guid": "{5770385f-c22a-43e0-bf4c-06f5698ffbd9}", "Provider": null, "EventID_Qualifiers": "", "EventID": "18", "Version": "1", "Level": "4", "Task": "18", "Opcode": "0", "Keywords": "0x8000000000000000", "TimeCreated_SystemTime": "2023-09-27 06:50:55.484995", "TimeCreated": null, "EventRecordID": "30457", "Correlation_ActivityID": "", "Correlation_RelatedActivityID": "", "Correlation": null, "Execution_ProcessID": "3368", "Execution_ThreadID": "3332", "Execution": null, "Channel": "Microsoft-Windows-Sysmon/Operational", "Computer": "DESKTOP-P5C3MUD", "Security_UserID": "S-1-5-18", "Security": null, "EventData_RuleName": "-", "EventData_EventType": "ConnectPipe", "EventData_UtcTime": "2023-09-27 06:50:55.484", "EventData_ProcessGuid": "{4557fbaa-d0ce-6513-7801-000000000e00}", "EventData_ProcessId": "3516", "EventData_PipeName": "\\UxdService", "EventData_Image": "C:\\Windows\\system32\\consent.exe", "EventData_User": "NT AUTHORITY\\SYSTEM"}
{"Provider_Name": "Microsoft-Windows-Sysmon", "Provider_Guid": "{5770385f-c22a-43e0-bf4c-06f5698ffbd9}", "Provider": null, "EventID_Qualifiers": "", "EventID": "7", "Version": "3", "Level": "4", "Task": "7", "Opcode": "0", "Keywords": "0x8000000000000000", "TimeCreated_SystemTime": "2023-09-27 06:50:55.534426", "TimeCreated": null, "EventRecordID": "30458", "Correlation_ActivityID": "", "Correlation_RelatedActivityID": "", "Correlation": null, "Execution_ProcessID": "3368", "Execution_ThreadID": "3332", "Execution": null, "Channel": "Microsoft-Windows-Sysmon/Operational", "Computer": "DESKTOP-P5C3MUD", "Security_UserID": "S-1-5-18", "Security": null, "EventData_RuleName": "-", "EventData_UtcTime": "2023-09-27 06:50:55.533", "EventData_ProcessGuid": "{4557fbaa-d0ce-6513-7801-000000000e00}", "EventData_ProcessId": "3516", "EventData_Image": "C:\\Windows\\System32\\consent.exe", "EventData_ImageLoaded": "C:\\Windows\\System32\\windows.storage.dll", "EventData_FileVersion": "10.0.19041.3393 (WinBuild.160101.0800)", "EventData_Description": "Microsoft WinRT Storage API", "EventData_Product": "Microsoft\u00ae Windows\u00ae Operating System", "EventData_Company": "Microsoft Corporation", "EventData_OriginalFileName": "Windows.Storage.dll", "EventData_Hashes": "SHA1=5C786E8513D36EA520A54BEB30E0CE5FE5FC0BFC,MD5=A9B07D52ACCE7ACDF8E17F7FA87EFF25,SHA256=DE3CBA9891177A02B124D8FD5E092BEA50FA98B8B8E5BE838F6ACFC3E1389AA0,IMPHASH=A78AAE42F9AE6A0E2B23C60D81D598C9", "EventData_Signed": "true", "EventData_Signature": "Microsoft Windows", "EventData_SignatureStatus": "Valid", "EventData_User": "NT AUTHORITY\\SYSTEM"}
{"Provider_Name": "Microsoft-Windows-Sysmon", "Provider_Guid": "{5770385f-c22a-43e0-bf4c-06f5698ffbd9}", "Provider": null, "EventID_Qualifiers": "", "EventID": "10", "Version": "3", "Level": "4", "Task": "10", "Opcode": "0", "Keywords": "0x8000000000000000", "TimeCreated_SystemTime": "2023-09-27 06:50:55.584003", "TimeCreated": null, "EventRecordID": "30459", "Correlation_ActivityID": "", "Correlation_RelatedActivityID": "", "Correlation": null, "Execution_ProcessID": "3368", "Execution_ThreadID": "3332", "Execution": null, "Channel": "Microsoft-Windows-Sysmon/Operational", "Computer": "DESKTOP-P5C3MUD", "Security_UserID": "S-1-5-18", "Security": null, "EventData_RuleName": "-", "EventData_UtcTime": "2023-09-27 06:50:55.583", "EventData_SourceProcessGUID": "{4557fbaa-ce30-6513-2f00-000000000e00}", "EventData_SourceProcessId": "2056", "EventData_SourceThreadId": "2176", "EventData_SourceImage": "C:\\Windows\\system32\\svchost.exe", "EventData_TargetProcessGUID": "{4557fbaa-d0ce-6513-7801-000000000e00}", "EventData_TargetProcessId": "3516", "EventData_TargetImage": "C:\\Windows\\system32\\consent.exe", "EventData_GrantedAccess": "0x00000040", "EventData_CallTrace": "C:\\Windows\\SYSTEM32\\ntdll.dll+9df24|c:\\windows\\system32\\fntcache.dll+37e9f|c:\\windows\\system32\\fntcache.dll+34cbb|c:\\windows\\system32\\fntcache.dll+34bd2|c:\\windows\\system32\\fntcache.dll+3d167|c:\\windows\\system32\\fntcache.dll+614fa|c:\\windows\\system32\\fntcache.dll+613c7|C:\\Windows\\System32\\KERNEL32.DLL+17344|C:\\Windows\\SYSTEM32\\ntdll.dll+526b1", "EventData_SourceUser": "NT AUTHORITY\\LOCAL SERVICE", "EventData_TargetUser": "NT AUTHORITY\\SYSTEM"}
{"Provider_Name": "Microsoft-Windows-Sysmon", "Provider_Guid": "{5770385f-c22a-43e0-bf4c-06f5698ffbd9}", "Provider": null, "EventID_Qualifiers": "", "EventID": "10", "Version": "3", "Level": "4", "Task": "10", "Opcode": "0", "Keywords": "0x8000000000000000", "TimeCreated_SystemTime": "2023-09-27 06:50:55.584219", "TimeCreated": null, "EventRecordID": "30460", "Correlation_ActivityID": "", "Correlation_RelatedActivityID": "", "Correlation": null, "Execution_ProcessID": "3368", "Execution_ThreadID": "3332", "Execution": null, "Channel": "Microsoft-Windows-Sysmon/Operational", "Computer": "DESKTOP-P5C3MUD", "Security_UserID": "S-1-5-18", "Security": null, "EventData_RuleName": "-", "EventData_UtcTime": "2023-09-27 06:50:55.583", "EventData_SourceProcessGUID": "{4557fbaa-ce30-6513-2f00-000000000e00}", "EventData_SourceProcessId": "2056", "EventData_SourceThreadId": "2176", "EventData_SourceImage": "C:\\Windows\\system32\\svchost.exe", "EventData_TargetProcessGUID": "{4557fbaa-d0ce-6513-7801-000000000e00}", "EventData_TargetProcessId": "3516", "EventData_TargetImage": "C:\\Windows\\system32\\consent.exe", "EventData_GrantedAccess": "0x00000040", "EventData_CallTrace": "C:\\Windows\\SYSTEM32\\ntdll.dll+9df24|c:\\windows\\system32\\fntcache.dll+37e9f|c:\\windows\\system32\\fntcache.dll+3807c|c:\\windows\\system32\\fntcache.dll+3d0b6|c:\\windows\\system32\\fntcache.dll+614fa|c:\\windows\\system32\\fntcache.dll+613c7|C:\\Windows\\System32\\KERNEL32.DLL+17344|C:\\Windows\\SYSTEM32\\ntdll.dll+526b1", "EventData_SourceUser": "NT AUTHORITY\\LOCAL SERVICE", "EventData_TargetUser": "NT AUTHORITY\\SYSTEM"}
