{"Provider_Name": "Microsoft-Windows-Sysmon", "Provider_Guid": "{5770385f-c22a-43e0-bf4c-06f5698ffbd9}", "Provider": null, "EventID_Qualifiers": "", "EventID": "12", "Version": "2", "Level": "4", "Task": "12", "Opcode": "0", "Keywords": "0x8000000000000000", "TimeCreated_SystemTime": "2023-09-27 06:50:57.010231", "TimeCreated": null, "EventRecordID": "30539", "Correlation_ActivityID": "", "Correlation_RelatedActivityID": "", "Correlation": null, "Execution_ProcessID": "3368", "Execution_ThreadID": "3332", "Execution": null, "Channel": "Microsoft-Windows-Sysmon/Operational", "Computer": "DESKTOP-P5C3MUD", "Security_UserID": "S-1-5-18", "Security": null, "EventData_RuleName": "-", "EventData_EventType": "CreateKey", "EventData_UtcTime": "2023-09-27 06:50:57.006", "EventData_ProcessGuid": "{4557fbaa-ce2f-6513-1b00-000000000e00}", "EventData_ProcessId": "1336", "EventData_Image": "C:\\Windows\\system32\\svchost.exe", "EventData_TargetObject": "HKU\\S-1-5-21-2994737283-653069417-2221972583-1001\\SOFTWARE\\Microsoft\\Windows\\CurrentVersion\\CloudStore\\StoreInit", "EventData_User": "NT AUTHORITY\\SYSTEM"}
{"Provider_Name": "Microsoft-Windows-Sysmon", "Provider_Guid": "{5770385f-c22a-43e0-bf4c-06f5698ffbd9}", "Provider": null, "EventID_Qualifiers": "", "EventID": "12", "Version": "2", "Level": "4", "Task": "12", "Opcode": "0", "Keywords": "0x8000000000000000", "TimeCreated_SystemTime": "2023-09-27 06:50:57.010889", "TimeCreated": null, "EventRecordID": "30540", "Correlation_ActivityID": "", "Correlation_RelatedActivityID": "", "Correlation": null, "Execution_ProcessID": "3368", "Execution_ThreadID": "3332", "Execution": null, "Channel": "Microsoft-Windows-Sysmon/Operational", "Computer": "DESKTOP-P5C3MUD", "Security_UserID": "S-1-5-18", "Security": null, "EventData_RuleName": "-", "EventData_EventType": "CreateKey", "EventData_UtcTime": "2023-09-27 06:50:57.006", "EventData_ProcessGuid": "{4557fbaa-ce2f-6513-1b00-000000000e00}", "EventData_ProcessId": "1336", "EventData_Image": "C:\\Windows\\system32\\svchost.exe", "EventData_TargetObject": "HKLM\\SOFTWARE\\Microsoft\\IdentityStore\\Cache\\S-1-5-21-2994737283-653069417-2221972583-1001", "EventData_User": "NT AUTHORITY\\SYSTEM"}
{"Provider_Name": "Microsoft-Windows-Sysmon", "Provider_Guid": "{5770385f-c22a-43e0-bf4c-06f5698ffbd9}", "Provider": null, "EventID_Qualifiers": "", "EventID": "13", "Version": "2", "Level": "4", "Task": "13", "Opcode": "0", "Keywords": "0x8000000000000000", "TimeCreated_SystemTime": "2023-09-27 06:50:57.013203", "TimeCreated": null, "EventRecordID": "30541", "Correlation_ActivityID": "", "Correlation_RelatedActivityID": "", "Correlation": null, "Execution_ProcessID": "3368", "Execution_ThreadID": "3332", "Execution": null, "Channel": "Microsoft-Windows-Sysmon/Operational", "Computer": "DESKTOP-P5C3MUD", "Security_UserID": "S-1-5-18", "Security": null, "EventData_RuleName": "-", "EventData_EventType": "SetValue", "EventData_UtcTime": "2023-09-27 06:50:57.011", "EventData_ProcessGuid": "{4557fbaa-ce55-6513-c700-000000000e00}", "EventData_ProcessId": "10168", "EventData_Image": "C:\\Windows\\system32\\svchost.exe", "EventData_TargetObject": "HKLM\\System\\CurrentControlSet\\Services\\bam\\State\\UserSettings\\S-1-5-21-2994737283-653069417-2221972583-1001\\\\Device\\HarddiskVolume6\\Experiment\\Windows Hacker Attack Program\\5\\\u6ce8\u518c\u8868\u81ea\u542f\u52a8\\AutoRun_Reg_Test.exe", "EventData_Details": "Binary Data", "EventData_User": "NT AUTHORITY\\SYSTEM"}
{"Provider_Name": "Microsoft-Windows-Sysmon", "Provider_Guid": "{5770385f-c22a-43e0-bf4c-06f5698ffbd9}", "Provider": null, "EventID_Qualifiers": "", "EventID": "1", "Version": "5", "Level": "4", "Task": "1", "Opcode": "0", "Keywords": "0x8000000000000000", "TimeCreated_SystemTime": "2023-09-27 06:50:57.013632", "TimeCreated": null, "EventRecordID": "30542", "Correlation_ActivityID": "", "Correlation_RelatedActivityID": "", "Correlation": null, "Execution_ProcessID": "3368", "Execution_ThreadID": "3332", "Execution": null, "Channel": "Microsoft-Windows-Sysmon/Operational", "Computer": "DESKTOP-P5C3MUD", "Security_UserID": "S-1-5-18", "Security": null, "EventData_RuleName": "-", "EventData_UtcTime": "2023-09-27 06:50:57.012", "EventData_ProcessGuid": "{4557fbaa-d0d1-6513-7901-000000000e00}", "EventData_ProcessId": "10536", "EventData_Image": "E:\\Experiment\\Windows Hacker Attack Program\\5\\\u6ce8\u518c\u8868\u81ea\u542f\u52a8\\AutoRun_Reg_Test.exe", "EventData_FileVersion": "-", "EventData_Description": "-", "EventData_Product": "-", "EventData_Company": "-", "EventData_OriginalFileName": "-", "EventData_CommandLine": "\"E:\\Experiment\\Windows Hacker Attack Program\\5\\\u6ce8\u518c\u8868\u81ea\u542f\u52a8\\AutoRun_Reg_Test.exe\" ", "EventData_CurrentDirectory": "E:\\Experiment\\Windows Hacker Attack Program\\5\\\u6ce8\u518c\u8868\u81ea\u542f\u52a8\\", "EventData_User": "DESKTOP-P5C3MUD\\user", "EventData_LogonGuid": "{4557fbaa-ce34-6513-c877-070000000000}", "EventData_LogonId": "0x00000000000777c8", "EventData_TerminalSessionId": "1", "EventData_IntegrityLevel": "High", "EventData_Hashes": "SHA1=459F303FEE801BBF7101B995E813F7CF9CCAC818,MD5=D1A7EFCA1C2A3776062EFCB190B938B7,SHA256=9F8DC438B21F4BEC471DD5A1E2F6EEA7A20A34974C868CB1FB23BD83B1A240E9,IMPHASH=C1B7B90FA01D712790C7A17FBEB3C870", "EventData_ParentProcessGuid": "{4557fbaa-ce38-6513-8800-000000000e00}", "EventData_ParentProcessId": "5556", "EventData_ParentImage": "C:\\Windows\\explorer.exe", "EventData_ParentCommandLine": "C:\\Windows\\Explorer.EXE", "EventData_ParentUser": "DESKTOP-P5C3MUD\\user"}
{"Provider_Name": "Microsoft-Windows-Sysmon", "Provider_Guid": "{5770385f-c22a-43e0-bf4c-06f5698ffbd9}", "Provider": null, "EventID_Qualifiers": "", "EventID": "10", "Version": "3", "Level": "4", "Task": "10", "Opcode": "0", "Keywords": "0x8000000000000000", "TimeCreated_SystemTime": "2023-09-27 06:50:57.013742", "TimeCreated": null, "EventRecordID": "30543", "Correlation_ActivityID": "", "Correlation_RelatedActivityID": "", "Correlation": null, "Execution_ProcessID": "3368", "Execution_ThreadID": "3332", "Execution": null, "Channel": "Microsoft-Windows-Sysmon/Operational", "Computer": "DESKTOP-P5C3MUD", "Security_UserID": "S-1-5-18", "Security": null, "EventData_RuleName": "-", "EventData_UtcTime": "2023-09-27 06:50:57.011", "EventData_SourceProcessGUID": "{4557fbaa-ce55-6513-c700-000000000e00}", "EventData_SourceProcessId": "10168", "EventData_SourceThreadId": "1740", "EventData_SourceImage": "C:\\Windows\\system32\\svchost.exe", "EventData_TargetProcessGUID": "{4557fbaa-d0d1-6513-7901-000000000e00}", "EventData_TargetProcessId": "10536", "EventData_TargetImage": "E:\\Experiment\\Windows Hacker Attack Program\\5\\\u6ce8\u518c\u8868\u81ea\u542f\u52a8\\AutoRun_Reg_Test.exe", "EventData_GrantedAccess": "0x001fffff", "EventData_CallTrace": "C:\\Windows\\SYSTEM32\\ntdll.dll+9e764|C:\\Windows\\System32\\KERNELBASE.dll+5b473|C:\\Windows\\System32\\KERNELBASE.dll+58a03|C:\\Windows\\System32\\KERNEL32.DLL+1de30|c:\\windows\\system32\\appinfo.dll+526b|c:\\windows\\system32\\appinfo.dll+697e|C:\\Windows\\System32\\RPCRT4.dll+7b4b3|C:\\Windows\\System32\\RPCRT4.dll+dc5ea|C:\\Windows\\System32\\RPCRT4.dll+59188|C:\\Windows\\System32\\RPCRT4.dll+3a3a6|C:\\Windows\\System32\\RPCRT4.dll+39fd6|C:\\Windows\\System32\\RPCRT4.dll+4730f|C:\\Windows\\System32\\RPCRT4.dll+468c8|C:\\Windows\\System32\\RPCRT4.dll+45eb1|C:\\Windows\\System32\\RPCRT4.dll+4591e|C:\\Windows\\System32\\RPCRT4.dll+4a032|C:\\Windows\\SYSTEM32\\ntdll.dll+20330|C:\\Windows\\SYSTEM32\\ntdll.dll+52f86|C:\\Windows\\System32\\KERNEL32.DLL+17344|C:\\Windows\\SYSTEM32\\ntdll.dll+526b1", "EventData_SourceUser": "NT AUTHORITY\\SYSTEM", "EventData_TargetUser": "DESKTOP-P5C3MUD\\user"}
{"Provider_Name": "Microsoft-Windows-Sysmon", "Provider_Guid": "{5770385f-c22a-43e0-bf4c-06f5698ffbd9}", "Provider": null, "EventID_Qualifiers": "", "EventID": "10", "Version": "3", "Level": "4", "Task": "10", "Opcode": "0", "Keywords": "0x8000000000000000", "TimeCreated_SystemTime": "2023-09-27 06:50:57.013823", "TimeCreated": null, "EventRecordID": "30544", "Correlation_ActivityID": "", "Correlation_RelatedActivityID": "", "Correlation": null, "Execution_ProcessID": "3368", "Execution_ThreadID": "3332", "Execution": null, "Channel": "Microsoft-Windows-Sysmon/Operational", "Computer": "DESKTOP-P5C3MUD", "Security_UserID": "S-1-5-18", "Security": null, "EventData_RuleName": "-", "EventData_UtcTime": "2023-09-27 06:50:57.011", "EventData_SourceProcessGUID": "{4557fbaa-ce2d-6513-0600-000000000e00}", "EventData_SourceProcessId": "500", "EventData_SourceThreadId": "636", "EventData_SourceImage": "C:\\Windows\\system32\\csrss.exe", "EventData_TargetProcessGUID": "{4557fbaa-d0d1-6513-7901-000000000e00}", "EventData_TargetProcessId": "10536", "EventData_TargetImage": "E:\\Experiment\\Windows Hacker Attack Program\\5\\\u6ce8\u518c\u8868\u81ea\u542f\u52a8\\AutoRun_Reg_Test.exe", "EventData_GrantedAccess": "0x001fffff", "EventData_CallTrace": "C:\\Windows\\SYSTEM32\\ntdll.dll+9d314|C:\\Windows\\system32\\basesrv.DLL+326f|C:\\Windows\\SYSTEM32\\CSRSRV.dll+6490|C:\\Windows\\SYSTEM32\\ntdll.dll+526bf", "EventData_SourceUser": "NT AUTHORITY\\SYSTEM", "EventData_TargetUser": "DESKTOP-P5C3MUD\\user"}
{"Provider_Name": "Microsoft-Windows-Sysmon", "Provider_Guid": "{5770385f-c22a-43e0-bf4c-06f5698ffbd9}", "Provider": null, "EventID_Qualifiers": "", "EventID": "10", "Version": "3", "Level": "4", "Task": "10", "Opcode": "0", "Keywords": "0x8000000000000000", "TimeCreated_SystemTime": "2023-09-27 06:50:57.014385", "TimeCreated": null, "EventRecordID": "30545", "Correlation_ActivityID": "", "Correlation_RelatedActivityID": "", "Correlation": null, "Execution_ProcessID": "3368", "Execution_ThreadID": "3332", "Execution": null, "Channel": "Microsoft-Windows-Sysmon/Operational", "Computer": "DESKTOP-P5C3MUD", "Security_UserID": "S-1-5-18", "Security": null, "EventData_RuleName": "-", "EventData_UtcTime": "2023-09-27 06:50:57.011", "EventData_SourceProcessGUID": "{4557fbaa-cea9-6513-0a01-000000000e00}", "EventData_SourceProcessId": "8484", "EventData_SourceThreadId": "10628", "EventData_SourceImage": "C:\\Windows\\system32\\svchost.exe", "EventData_TargetProcessGUID": "{4557fbaa-ce38-6513-8800-000000000e00}", "EventData_TargetProcessId": "5556", "EventData_TargetImage": "C:\\Windows\\Explorer.EXE", "EventData_GrantedAccess": "0x00001440", "EventData_CallTrace": "C:\\Windows\\SYSTEM32\\ntdll.dll+9d314|C:\\Windows\\System32\\KERNELBASE.dll+308ee|c:\\windows\\system32\\pcasvc.dll+5d28|c:\\windows\\system32\\pcasvc.dll+5e6f|C:\\Windows\\System32\\RPCRT4.dll+7b4b3|C:\\Windows\\System32\\RPCRT4.dll+de77b|C:\\Windows\\System32\\RPCRT4.dll+5be7c|C:\\Windows\\System32\\RPCRT4.dll+59188|C:\\Windows\\System32\\RPCRT4.dll+3a3a6|C:\\Windows\\System32\\RPCRT4.dll+39fd6|C:\\Windows\\System32\\RPCRT4.dll+4730f|C:\\Windows\\System32\\RPCRT4.dll+468c8|C:\\Windows\\System32\\RPCRT4.dll+45eb1|C:\\Windows\\System32\\RPCRT4.dll+4591e|C:\\Windows\\System32\\RPCRT4.dll+4a032|C:\\Windows\\SYSTEM32\\ntdll.dll+20330|C:\\Windows\\SYSTEM32\\ntdll.dll+52f86|C:\\Windows\\System32\\KERNEL32.DLL+17344|C:\\Windows\\SYSTEM32\\ntdll.dll+526b1", "EventData_SourceUser": "NT AUTHORITY\\SYSTEM", "EventData_TargetUser": "DESKTOP-P5C3MUD\\user"}
{"Provider_Name": "Microsoft-Windows-Sysmon", "Provider_Guid": "{5770385f-c22a-43e0-bf4c-06f5698ffbd9}", "Provider": null, "EventID_Qualifiers": "", "EventID": "12", "Version": "2", "Level": "4", "Task": "12", "Opcode": "0", "Keywords": "0x8000000000000000", "TimeCreated_SystemTime": "2023-09-27 06:50:57.014540", "TimeCreated": null, "EventRecordID": "30546", "Correlation_ActivityID": "", "Correlation_RelatedActivityID": "", "Correlation": null, "Execution_ProcessID": "3368", "Execution_ThreadID": "3332", "Execution": null, "Channel": "Microsoft-Windows-Sysmon/Operational", "Computer": "DESKTOP-P5C3MUD", "Security_UserID": "S-1-5-18", "Security": null, "EventData_RuleName": "-", "EventData_EventType": "CreateKey", "EventData_UtcTime": "2023-09-27 06:50:57.011", "EventData_ProcessGuid": "{4557fbaa-cea9-6513-0a01-000000000e00}", "EventData_ProcessId": "8484", "EventData_Image": "C:\\Windows\\system32\\svchost.exe", "EventData_TargetObject": "HKU\\S-1-5-21-2994737283-653069417-2221972583-1001\\SOFTWARE\\Microsoft\\Windows NT\\CurrentVersion\\AppCompatFlags\\Compatibility Assistant\\Store", "EventData_User": "NT AUTHORITY\\SYSTEM"}
{"Provider_Name": "Microsoft-Windows-Sysmon", "Provider_Guid": "{5770385f-c22a-43e0-bf4c-06f5698ffbd9}", "Provider": null, "EventID_Qualifiers": "", "EventID": "7", "Version": "3", "Level": "4", "Task": "7", "Opcode": "0", "Keywords": "0x8000000000000000", "TimeCreated_SystemTime": "2023-09-27 06:50:57.015587", "TimeCreated": null, "EventRecordID": "30547", "Correlation_ActivityID": "", "Correlation_RelatedActivityID": "", "Correlation": null, "Execution_ProcessID": "3368", "Execution_ThreadID": "3332", "Execution": null, "Channel": "Microsoft-Windows-Sysmon/Operational", "Computer": "DESKTOP-P5C3MUD", "Security_UserID": "S-1-5-18", "Security": null, "EventData_RuleName": "-", "EventData_UtcTime": "2023-09-27 06:50:57.014", "EventData_ProcessGuid": "{4557fbaa-cea9-6513-0a01-000000000e00}", "EventData_ProcessId": "8484", "EventData_Image": "C:\\Windows\\System32\\svchost.exe", "EventData_ImageLoaded": "C:\\Windows\\System32\\aepic.dll", "EventData_FileVersion": "10.0.19645.1046 (WinBuild.160101.0800)", "EventData_Description": "Application Experience Program Cache", "EventData_Product": "Microsoft\u00ae Windows\u00ae Operating System", "EventData_Company": "Microsoft Corporation", "EventData_OriginalFileName": "aepic.dll", "EventData_Hashes": "SHA1=7881A6500A3D8E3D4A530E9B5A7F2AF1D4DD9842,MD5=AEABEC26904C2D5EA0CD1DEB690B78D1,SHA256=EE380D87B6521BEA8255C39C7E8798AD308CF73F41E0040B4A31D23C212475F4,IMPHASH=4D969DDEDBC410A80393FE465F8D613E", "EventData_Signed": "true", "EventData_Signature": "Microsoft Windows", "EventData_SignatureStatus": "Valid", "EventData_User": "NT AUTHORITY\\SYSTEM"}
{"Provider_Name": "Microsoft-Windows-Sysmon", "Provider_Guid": "{5770385f-c22a-43e0-bf4c-06f5698ffbd9}", "Provider": null, "EventID_Qualifiers": "", "EventID": "7", "Version": "3", "Level": "4", "Task": "7", "Opcode": "0", "Keywords": "0x8000000000000000", "TimeCreated_SystemTime": "2023-09-27 06:50:57.015926", "TimeCreated": null, "EventRecordID": "30548", "Correlation_ActivityID": "", "Correlation_RelatedActivityID": "", "Correlation": null, "Execution_ProcessID": "3368", "Execution_ThreadID": "3332", "Execution": null, "Channel": "Microsoft-Windows-Sysmon/Operational", "Computer": "DESKTOP-P5C3MUD", "Security_UserID": "S-1-5-18", "Security": null, "EventData_RuleName": "-", "EventData_UtcTime": "2023-09-27 06:50:57.014", "EventData_ProcessGuid": "{4557fbaa-cea9-6513-0a01-000000000e00}", "EventData_ProcessId": "8484", "EventData_Image": "C:\\Windows\\System32\\svchost.exe", "EventData_ImageLoaded": "C:\\Windows\\System32\\ntmarta.dll", "EventData_FileVersion": "10.0.19041.546 (WinBuild.160101.0800)", "EventData_Description": "Windows NT MARTA provider", "EventData_Product": "Microsoft\u00ae Windows\u00ae Operating System", "EventData_Company": "Microsoft Corporation", "EventData_OriginalFileName": "ntmarta.dll", "EventData_Hashes": "SHA1=5A5DB0243FF6C10865B1301712647BBB416D2B07,MD5=3847505289CB4D4454F8DC5A866338A8,SHA256=B2EB064F3D70F08152E1845FBEEF64BE204FA44FA56D2E58A645E15DB5505011,IMPHASH=2A82B57D7A2D3136D8E6670296793FB3", "EventData_Signed": "true", "EventData_Signature": "Microsoft Windows", "EventData_SignatureStatus": "Valid", "EventData_User": "NT AUTHORITY\\SYSTEM"}
{"Provider_Name": "Microsoft-Windows-Sysmon", "Provider_Guid": "{5770385f-c22a-43e0-bf4c-06f5698ffbd9}", "Provider": null, "EventID_Qualifiers": "", "EventID": "12", "Version": "2", "Level": "4", "Task": "12", "Opcode": "0", "Keywords": "0x8000000000000000", "TimeCreated_SystemTime": "2023-09-27 06:50:57.016731", "TimeCreated": null, "EventRecordID": "30549", "Correlation_ActivityID": "", "Correlation_RelatedActivityID": "", "Correlation": null, "Execution_ProcessID": "3368", "Execution_ThreadID": "3332", "Execution": null, "Channel": "Microsoft-Windows-Sysmon/Operational", "Computer": "DESKTOP-P5C3MUD", "Security_UserID": "S-1-5-18", "Security": null, "EventData_RuleName": "-", "EventData_EventType": "CreateKey", "EventData_UtcTime": "2023-09-27 06:50:57.014", "EventData_ProcessGuid": "{4557fbaa-cea9-6513-0a01-000000000e00}", "EventData_ProcessId": "8484", "EventData_Image": "C:\\Windows\\system32\\svchost.exe", "EventData_TargetObject": "\\REGISTRY\\A\\{80a7dc6a-6a1c-0c38-7053-c1a1aac745a3}\\Root", "EventData_User": "NT AUTHORITY\\SYSTEM"}
{"Provider_Name": "Microsoft-Windows-Sysmon", "Provider_Guid": "{5770385f-c22a-43e0-bf4c-06f5698ffbd9}", "Provider": null, "EventID_Qualifiers": "", "EventID": "12", "Version": "2", "Level": "4", "Task": "12", "Opcode": "0", "Keywords": "0x8000000000000000", "TimeCreated_SystemTime": "2023-09-27 06:50:57.016762", "TimeCreated": null, "EventRecordID": "30550", "Correlation_ActivityID": "", "Correlation_RelatedActivityID": "", "Correlation": null, "Execution_ProcessID": "3368", "Execution_ThreadID": "3332", "Execution": null, "Channel": "Microsoft-Windows-Sysmon/Operational", "Computer": "DESKTOP-P5C3MUD", "Security_UserID": "S-1-5-18", "Security": null, "EventData_RuleName": "-", "EventData_EventType": "CreateKey", "EventData_UtcTime": "2023-09-27 06:50:57.014", "EventData_ProcessGuid": "{4557fbaa-cea9-6513-0a01-000000000e00}", "EventData_ProcessId": "8484", "EventData_Image": "C:\\Windows\\system32\\svchost.exe", "EventData_TargetObject": "\\REGISTRY\\A\\{80a7dc6a-6a1c-0c38-7053-c1a1aac745a3}\\Root\\InventoryApplicationFile", "EventData_User": "NT AUTHORITY\\SYSTEM"}
{"Provider_Name": "Microsoft-Windows-Sysmon", "Provider_Guid": "{5770385f-c22a-43e0-bf4c-06f5698ffbd9}", "Provider": null, "EventID_Qualifiers": "", "EventID": "13", "Version": "2", "Level": "4", "Task": "13", "Opcode": "0", "Keywords": "0x8000000000000000", "TimeCreated_SystemTime": "2023-09-27 06:50:57.016853", "TimeCreated": null, "EventRecordID": "30551", "Correlation_ActivityID": "", "Correlation_RelatedActivityID": "", "Correlation": null, "Execution_ProcessID": "3368", "Execution_ThreadID": "3332", "Execution": null, "Channel": "Microsoft-Windows-Sysmon/Operational", "Computer": "DESKTOP-P5C3MUD", "Security_UserID": "S-1-5-18", "Security": null, "EventData_RuleName": "-", "EventData_EventType": "SetValue", "EventData_UtcTime": "2023-09-27 06:50:57.014", "EventData_ProcessGuid": "{4557fbaa-cea9-6513-0a01-000000000e00}", "EventData_ProcessId": "8484", "EventData_Image": "C:\\Windows\\system32\\svchost.exe", "EventData_TargetObject": "\\REGISTRY\\A\\{80a7dc6a-6a1c-0c38-7053-c1a1aac745a3}\\Root\\InventoryApplicationFile\\WritePermissionsCheck", "EventData_Details": "DWORD (0x00000001)", "EventData_User": "NT AUTHORITY\\SYSTEM"}
{"Provider_Name": "Microsoft-Windows-Sysmon", "Provider_Guid": "{5770385f-c22a-43e0-bf4c-06f5698ffbd9}", "Provider": null, "EventID_Qualifiers": "", "EventID": "12", "Version": "2", "Level": "4", "Task": "12", "Opcode": "0", "Keywords": "0x8000000000000000", "TimeCreated_SystemTime": "2023-09-27 06:50:57.016893", "TimeCreated": null, "EventRecordID": "30552", "Correlation_ActivityID": "", "Correlation_RelatedActivityID": "", "Correlation": null, "Execution_ProcessID": "3368", "Execution_ThreadID": "3332", "Execution": null, "Channel": "Microsoft-Windows-Sysmon/Operational", "Computer": "DESKTOP-P5C3MUD", "Security_UserID": "S-1-5-18", "Security": null, "EventData_RuleName": "-", "EventData_EventType": "CreateKey", "EventData_UtcTime": "2023-09-27 06:50:57.014", "EventData_ProcessGuid": "{4557fbaa-cea9-6513-0a01-000000000e00}", "EventData_ProcessId": "8484", "EventData_Image": "C:\\Windows\\system32\\svchost.exe", "EventData_TargetObject": "\\REGISTRY\\A\\{80a7dc6a-6a1c-0c38-7053-c1a1aac745a3}\\Root\\InventoryApplicationFile\\PermissionsCheckTestKey", "EventData_User": "NT AUTHORITY\\SYSTEM"}
{"Provider_Name": "Microsoft-Windows-Sysmon", "Provider_Guid": "{5770385f-c22a-43e0-bf4c-06f5698ffbd9}", "Provider": null, "EventID_Qualifiers": "", "EventID": "12", "Version": "2", "Level": "4", "Task": "12", "Opcode": "0", "Keywords": "0x8000000000000000", "TimeCreated_SystemTime": "2023-09-27 06:50:57.016920", "TimeCreated": null, "EventRecordID": "30553", "Correlation_ActivityID": "", "Correlation_RelatedActivityID": "", "Correlation": null, "Execution_ProcessID": "3368", "Execution_ThreadID": "3332", "Execution": null, "Channel": "Microsoft-Windows-Sysmon/Operational", "Computer": "DESKTOP-P5C3MUD", "Security_UserID": "S-1-5-18", "Security": null, "EventData_RuleName": "-", "EventData_EventType": "DeleteKey", "EventData_UtcTime": "2023-09-27 06:50:57.014", "EventData_ProcessGuid": "{4557fbaa-cea9-6513-0a01-000000000e00}", "EventData_ProcessId": "8484", "EventData_Image": "C:\\Windows\\system32\\svchost.exe", "EventData_TargetObject": "\\REGISTRY\\A\\{80a7dc6a-6a1c-0c38-7053-c1a1aac745a3}\\Root\\InventoryApplicationFile\\PermissionsCheckTestKey", "EventData_User": "NT AUTHORITY\\SYSTEM"}
{"Provider_Name": "Microsoft-Windows-Sysmon", "Provider_Guid": "{5770385f-c22a-43e0-bf4c-06f5698ffbd9}", "Provider": null, "EventID_Qualifiers": "", "EventID": "12", "Version": "2", "Level": "4", "Task": "12", "Opcode": "0", "Keywords": "0x8000000000000000", "TimeCreated_SystemTime": "2023-09-27 06:50:57.017336", "TimeCreated": null, "EventRecordID": "30554", "Correlation_ActivityID": "", "Correlation_RelatedActivityID": "", "Correlation": null, "Execution_ProcessID": "3368", "Execution_ThreadID": "3332", "Execution": null, "Channel": "Microsoft-Windows-Sysmon/Operational", "Computer": "DESKTOP-P5C3MUD", "Security_UserID": "S-1-5-18", "Security": null, "EventData_RuleName": "-", "EventData_EventType": "CreateKey", "EventData_UtcTime": "2023-09-27 06:50:57.014", "EventData_ProcessGuid": "{4557fbaa-cea9-6513-0a01-000000000e00}", "EventData_ProcessId": "8484", "EventData_Image": "C:\\Windows\\system32\\svchost.exe", "EventData_TargetObject": "\\REGISTRY\\A\\{80a7dc6a-6a1c-0c38-7053-c1a1aac745a3}\\Root", "EventData_User": "NT AUTHORITY\\SYSTEM"}
{"Provider_Name": "Microsoft-Windows-Sysmon", "Provider_Guid": "{5770385f-c22a-43e0-bf4c-06f5698ffbd9}", "Provider": null, "EventID_Qualifiers": "", "EventID": "12", "Version": "2", "Level": "4", "Task": "12", "Opcode": "0", "Keywords": "0x8000000000000000", "TimeCreated_SystemTime": "2023-09-27 06:50:57.017357", "TimeCreated": null, "EventRecordID": "30555", "Correlation_ActivityID": "", "Correlation_RelatedActivityID": "", "Correlation": null, "Execution_ProcessID": "3368", "Execution_ThreadID": "3332", "Execution": null, "Channel": "Microsoft-Windows-Sysmon/Operational", "Computer": "DESKTOP-P5C3MUD", "Security_UserID": "S-1-5-18", "Security": null, "EventData_RuleName": "-", "EventData_EventType": "CreateKey", "EventData_UtcTime": "2023-09-27 06:50:57.014", "EventData_ProcessGuid": "{4557fbaa-cea9-6513-0a01-000000000e00}", "EventData_ProcessId": "8484", "EventData_Image": "C:\\Windows\\system32\\svchost.exe", "EventData_TargetObject": "\\REGISTRY\\A\\{80a7dc6a-6a1c-0c38-7053-c1a1aac745a3}\\Root\\InventoryApplicationFile", "EventData_User": "NT AUTHORITY\\SYSTEM"}
{"Provider_Name": "Microsoft-Windows-Sysmon", "Provider_Guid": "{5770385f-c22a-43e0-bf4c-06f5698ffbd9}", "Provider": null, "EventID_Qualifiers": "", "EventID": "13", "Version": "2", "Level": "4", "Task": "13", "Opcode": "0", "Keywords": "0x8000000000000000", "TimeCreated_SystemTime": "2023-09-27 06:50:57.017380", "TimeCreated": null, "EventRecordID": "30556", "Correlation_ActivityID": "", "Correlation_RelatedActivityID": "", "Correlation": null, "Execution_ProcessID": "3368", "Execution_ThreadID": "3332", "Execution": null, "Channel": "Microsoft-Windows-Sysmon/Operational", "Computer": "DESKTOP-P5C3MUD", "Security_UserID": "S-1-5-18", "Security": null, "EventData_RuleName": "-", "EventData_EventType": "SetValue", "EventData_UtcTime": "2023-09-27 06:50:57.014", "EventData_ProcessGuid": "{4557fbaa-cea9-6513-0a01-000000000e00}", "EventData_ProcessId": "8484", "EventData_Image": "C:\\Windows\\system32\\svchost.exe", "EventData_TargetObject": "\\REGISTRY\\A\\{80a7dc6a-6a1c-0c38-7053-c1a1aac745a3}\\Root\\InventoryApplicationFile\\WritePermissionsCheck", "EventData_Details": "DWORD (0x00000001)", "EventData_User": "NT AUTHORITY\\SYSTEM"}
{"Provider_Name": "Microsoft-Windows-Sysmon", "Provider_Guid": "{5770385f-c22a-43e0-bf4c-06f5698ffbd9}", "Provider": null, "EventID_Qualifiers": "", "EventID": "12", "Version": "2", "Level": "4", "Task": "12", "Opcode": "0", "Keywords": "0x8000000000000000", "TimeCreated_SystemTime": "2023-09-27 06:50:57.017399", "TimeCreated": null, "EventRecordID": "30557", "Correlation_ActivityID": "", "Correlation_RelatedActivityID": "", "Correlation": null, "Execution_ProcessID": "3368", "Execution_ThreadID": "3332", "Execution": null, "Channel": "Microsoft-Windows-Sysmon/Operational", "Computer": "DESKTOP-P5C3MUD", "Security_UserID": "S-1-5-18", "Security": null, "EventData_RuleName": "-", "EventData_EventType": "CreateKey", "EventData_UtcTime": "2023-09-27 06:50:57.014", "EventData_ProcessGuid": "{4557fbaa-cea9-6513-0a01-000000000e00}", "EventData_ProcessId": "8484", "EventData_Image": "C:\\Windows\\system32\\svchost.exe", "EventData_TargetObject": "\\REGISTRY\\A\\{80a7dc6a-6a1c-0c38-7053-c1a1aac745a3}\\Root\\InventoryApplicationFile\\PermissionsCheckTestKey", "EventData_User": "NT AUTHORITY\\SYSTEM"}
{"Provider_Name": "Microsoft-Windows-Sysmon", "Provider_Guid": "{5770385f-c22a-43e0-bf4c-06f5698ffbd9}", "Provider": null, "EventID_Qualifiers": "", "EventID": "12", "Version": "2", "Level": "4", "Task": "12", "Opcode": "0", "Keywords": "0x8000000000000000", "TimeCreated_SystemTime": "2023-09-27 06:50:57.017418", "TimeCreated": null, "EventRecordID": "30558", "Correlation_ActivityID": "", "Correlation_RelatedActivityID": "", "Correlation": null, "Execution_ProcessID": "3368", "Execution_ThreadID": "3332", "Execution": null, "Channel": "Microsoft-Windows-Sysmon/Operational", "Computer": "DESKTOP-P5C3MUD", "Security_UserID": "S-1-5-18", "Security": null, "EventData_RuleName": "-", "EventData_EventType": "DeleteKey", "EventData_UtcTime": "2023-09-27 06:50:57.014", "EventData_ProcessGuid": "{4557fbaa-cea9-6513-0a01-000000000e00}", "EventData_ProcessId": "8484", "EventData_Image": "C:\\Windows\\system32\\svchost.exe", "EventData_TargetObject": "\\REGISTRY\\A\\{80a7dc6a-6a1c-0c38-7053-c1a1aac745a3}\\Root\\InventoryApplicationFile\\PermissionsCheckTestKey", "EventData_User": "NT AUTHORITY\\SYSTEM"}
{"Provider_Name": "Microsoft-Windows-Sysmon", "Provider_Guid": "{5770385f-c22a-43e0-bf4c-06f5698ffbd9}", "Provider": null, "EventID_Qualifiers": "", "EventID": "7", "Version": "3", "Level": "4", "Task": "7", "Opcode": "0", "Keywords": "0x8000000000000000", "TimeCreated_SystemTime": "2023-09-27 06:50:57.018429", "TimeCreated": null, "EventRecordID": "30559", "Correlation_ActivityID": "", "Correlation_RelatedActivityID": "", "Correlation": null, "Execution_ProcessID": "3368", "Execution_ThreadID": "3332", "Execution": null, "Channel": "Microsoft-Windows-Sysmon/Operational", "Computer": "DESKTOP-P5C3MUD", "Security_UserID": "S-1-5-18", "Security": null, "EventData_RuleName": "-", "EventData_UtcTime": "2023-09-27 06:50:57.014", "EventData_ProcessGuid": "{4557fbaa-cea9-6513-0a01-000000000e00}", "EventData_ProcessId": "8484", "EventData_Image": "C:\\Windows\\System32\\svchost.exe", "EventData_ImageLoaded": "C:\\Windows\\System32\\wtsapi32.dll", "EventData_FileVersion": "10.0.19041.546 (WinBuild.160101.0800)", "EventData_Description": "Windows Remote Desktop Session Host Server SDK APIs", "EventData_Product": "Microsoft\u00ae Windows\u00ae Operating System", "EventData_Company": "Microsoft Corporation", "EventData_OriginalFileName": "wtsapi32.dll", "EventData_Hashes": "SHA1=F4B972ED5FEE471BDFB01B195C58F2D341299B93,MD5=2E8BC179A27B230AF644C81C956A7627,SHA256=1033414B92FE745FB7FD75CAB631FE253A55E390E11BAB0093AAD0D55A1734BE,IMPHASH=1D3A55F1B05A4AA4D327269FDE13BA58", "EventData_Signed": "true", "EventData_Signature": "Microsoft Windows", "EventData_SignatureStatus": "Valid", "EventData_User": "NT AUTHORITY\\SYSTEM"}
{"Provider_Name": "Microsoft-Windows-Sysmon", "Provider_Guid": "{5770385f-c22a-43e0-bf4c-06f5698ffbd9}", "Provider": null, "EventID_Qualifiers": "", "EventID": "7", "Version": "3", "Level": "4", "Task": "7", "Opcode": "0", "Keywords": "0x8000000000000000", "TimeCreated_SystemTime": "2023-09-27 06:50:57.018755", "TimeCreated": null, "EventRecordID": "30560", "Correlation_ActivityID": "", "Correlation_RelatedActivityID": "", "Correlation": null, "Execution_ProcessID": "3368", "Execution_ThreadID": "3332", "Execution": null, "Channel": "Microsoft-Windows-Sysmon/Operational", "Computer": "DESKTOP-P5C3MUD", "Security_UserID": "S-1-5-18", "Security": null, "EventData_RuleName": "-", "EventData_UtcTime": "2023-09-27 06:50:57.014", "EventData_ProcessGuid": "{4557fbaa-cea9-6513-0a01-000000000e00}", "EventData_ProcessId": "8484", "EventData_Image": "C:\\Windows\\System32\\svchost.exe", "EventData_ImageLoaded": "C:\\Windows\\System32\\winsta.dll", "EventData_FileVersion": "10.0.19041.3155 (WinBuild.160101.0800)", "EventData_Description": "Winstation Library", "EventData_Product": "Microsoft\u00ae Windows\u00ae Operating System", "EventData_Company": "Microsoft Corporation", "EventData_OriginalFileName": "winsta.dll", "EventData_Hashes": "SHA1=6B738EE83A0BCAFF7A733170D970A9A1D9E58FF6,MD5=28E23BBACF3EFF08ABD5B320C6516E11,SHA256=FAB9D092F3DBE10913C4E2AA68AFC945BEC24C902F30F9F66493AA21B4C4C73D,IMPHASH=FA2B2D44E98A1CB49CC6E013D9F0FDBF", "EventData_Signed": "true", "EventData_Signature": "Microsoft Windows", "EventData_SignatureStatus": "Valid", "EventData_User": "NT AUTHORITY\\SYSTEM"}
{"Provider_Name": "Microsoft-Windows-Sysmon", "Provider_Guid": "{5770385f-c22a-43e0-bf4c-06f5698ffbd9}", "Provider": null, "EventID_Qualifiers": "", "EventID": "7", "Version": "3", "Level": "4", "Task": "7", "Opcode": "0", "Keywords": "0x8000000000000000", "TimeCreated_SystemTime": "2023-09-27 06:50:57.019165", "TimeCreated": null, "EventRecordID": "30561", "Correlation_ActivityID": "", "Correlation_RelatedActivityID": "", "Correlation": null, "Execution_ProcessID": "3368", "Execution_ThreadID": "3332", "Execution": null, "Channel": "Microsoft-Windows-Sysmon/Operational", "Computer": "DESKTOP-P5C3MUD", "Security_UserID": "S-1-5-18", "Security": null, "EventData_RuleName": "-", "EventData_UtcTime": "2023-09-27 06:50:57.014", "EventData_ProcessGuid": "{4557fbaa-cea9-6513-0a01-000000000e00}", "EventData_ProcessId": "8484", "EventData_Image": "C:\\Windows\\System32\\svchost.exe", "EventData_ImageLoaded": "C:\\Windows\\System32\\rsaenh.dll", "EventData_FileVersion": "10.0.19041.1052 (WinBuild.160101.0800)", "EventData_Description": "Microsoft Enhanced Cryptographic Provider", "EventData_Product": "Microsoft\u00ae Windows\u00ae Operating System", "EventData_Company": "Microsoft Corporation", "EventData_OriginalFileName": "rsaenh.dll", "EventData_Hashes": "SHA1=822C4FADBE633D524C6921CDF48848227FB60AB5,MD5=745A6645F03EFE4B893575565301E677,SHA256=C9FD8377D6C328B2F01C687DAC95E9005C8BB0A4AA230B12DAA7C3CD3367F19A,IMPHASH=A4C20B1A7B632846186AD47A0810709E", "EventData_Signed": "true", "EventData_Signature": "Microsoft Windows", "EventData_SignatureStatus": "Valid", "EventData_User": "NT AUTHORITY\\SYSTEM"}
{"Provider_Name": "Microsoft-Windows-Sysmon", "Provider_Guid": "{5770385f-c22a-43e0-bf4c-06f5698ffbd9}", "Provider": null, "EventID_Qualifiers": "", "EventID": "7", "Version": "3", "Level": "4", "Task": "7", "Opcode": "0", "Keywords": "0x8000000000000000", "TimeCreated_SystemTime": "2023-09-27 06:50:57.019907", "TimeCreated": null, "EventRecordID": "30562", "Correlation_ActivityID": "", "Correlation_RelatedActivityID": "", "Correlation": null, "Execution_ProcessID": "3368", "Execution_ThreadID": "3332", "Execution": null, "Channel": "Microsoft-Windows-Sysmon/Operational", "Computer": "DESKTOP-P5C3MUD", "Security_UserID": "S-1-5-18", "Security": null, "EventData_RuleName": "-", "EventData_UtcTime": "2023-09-27 06:50:57.014", "EventData_ProcessGuid": "{4557fbaa-cea9-6513-0a01-000000000e00}", "EventData_ProcessId": "8484", "EventData_Image": "C:\\Windows\\System32\\svchost.exe", "EventData_ImageLoaded": "C:\\Windows\\System32\\cryptbase.dll", "EventData_FileVersion": "10.0.19041.546 (WinBuild.160101.0800)", "EventData_Description": "Base cryptographic API DLL", "EventData_Product": "Microsoft\u00ae Windows\u00ae Operating System", "EventData_Company": "Microsoft Corporation", "EventData_OriginalFileName": "cryptbase.dll", "EventData_Hashes": "SHA1=9356BB02FC42E850639F001A104717233B441DDF,MD5=095B8F1C0F8EE3CAA09FCCA6CB92F6C0,SHA256=B50D007EE8764F7CADA9D9A395DA396201C8B18E6501B50AB809914A7588BAF1,IMPHASH=947563122A564336B8FE403CBB94531C", "EventData_Signed": "true", "EventData_Signature": "Microsoft Windows", "EventData_SignatureStatus": "Valid", "EventData_User": "NT AUTHORITY\\SYSTEM"}
{"Provider_Name": "Microsoft-Windows-Sysmon", "Provider_Guid": "{5770385f-c22a-43e0-bf4c-06f5698ffbd9}", "Provider": null, "EventID_Qualifiers": "", "EventID": "10", "Version": "3", "Level": "4", "Task": "10", "Opcode": "0", "Keywords": "0x8000000000000000", "TimeCreated_SystemTime": "2023-09-27 06:50:57.020151", "TimeCreated": null, "EventRecordID": "30563", "Correlation_ActivityID": "", "Correlation_RelatedActivityID": "", "Correlation": null, "Execution_ProcessID": "3368", "Execution_ThreadID": "3332", "Execution": null, "Channel": "Microsoft-Windows-Sysmon/Operational", "Computer": "DESKTOP-P5C3MUD", "Security_UserID": "S-1-5-18", "Security": null, "EventData_RuleName": "-", "EventData_UtcTime": "2023-09-27 06:50:57.014", "EventData_SourceProcessGUID": "{4557fbaa-cea9-6513-0a01-000000000e00}", "EventData_SourceProcessId": "8484", "EventData_SourceThreadId": "2384", "EventData_SourceImage": "C:\\Windows\\system32\\svchost.exe", "EventData_TargetProcessGUID": "{4557fbaa-d0d1-6513-7901-000000000e00}", "EventData_TargetProcessId": "10536", "EventData_TargetImage": "E:\\Experiment\\Windows Hacker Attack Program\\5\\\u6ce8\u518c\u8868\u81ea\u542f\u52a8\\AutoRun_Reg_Test.exe", "EventData_GrantedAccess": "0x001fffff", "EventData_CallTrace": "C:\\Windows\\SYSTEM32\\ntdll.dll+9d314|C:\\Windows\\System32\\KERNELBASE.dll+308ee|c:\\windows\\system32\\pcasvc.dll+bd07|c:\\windows\\system32\\pcasvc.dll+cca6|c:\\windows\\system32\\pcasvc.dll+115ed|C:\\Windows\\System32\\KERNEL32.DLL+17344|C:\\Windows\\SYSTEM32\\ntdll.dll+526b1", "EventData_SourceUser": "NT AUTHORITY\\SYSTEM", "EventData_TargetUser": "DESKTOP-P5C3MUD\\user"}
{"Provider_Name": "Microsoft-Windows-Sysmon", "Provider_Guid": "{5770385f-c22a-43e0-bf4c-06f5698ffbd9}", "Provider": null, "EventID_Qualifiers": "", "EventID": "12", "Version": "2", "Level": "4", "Task": "12", "Opcode": "0", "Keywords": "0x8000000000000000", "TimeCreated_SystemTime": "2023-09-27 06:50:57.020267", "TimeCreated": null, "EventRecordID": "30564", "Correlation_ActivityID": "", "Correlation_RelatedActivityID": "", "Correlation": null, "Execution_ProcessID": "3368", "Execution_ThreadID": "3332", "Execution": null, "Channel": "Microsoft-Windows-Sysmon/Operational", "Computer": "DESKTOP-P5C3MUD", "Security_UserID": "S-1-5-18", "Security": null, "EventData_RuleName": "-", "EventData_EventType": "CreateKey", "EventData_UtcTime": "2023-09-27 06:50:57.014", "EventData_ProcessGuid": "{4557fbaa-cea9-6513-0a01-000000000e00}", "EventData_ProcessId": "8484", "EventData_Image": "C:\\Windows\\system32\\svchost.exe", "EventData_TargetObject": "HKU\\S-1-5-21-2994737283-653069417-2221972583-1001\\SOFTWARE\\Microsoft\\Windows NT\\CurrentVersion\\AppCompatFlags\\Compatibility Assistant\\Store", "EventData_User": "NT AUTHORITY\\SYSTEM"}
{"Provider_Name": "Microsoft-Windows-Sysmon", "Provider_Guid": "{5770385f-c22a-43e0-bf4c-06f5698ffbd9}", "Provider": null, "EventID_Qualifiers": "", "EventID": "7", "Version": "3", "Level": "4", "Task": "7", "Opcode": "0", "Keywords": "0x8000000000000000", "TimeCreated_SystemTime": "2023-09-27 06:50:57.022268", "TimeCreated": null, "EventRecordID": "30565", "Correlation_ActivityID": "", "Correlation_RelatedActivityID": "", "Correlation": null, "Execution_ProcessID": "3368", "Execution_ThreadID": "3332", "Execution": null, "Channel": "Microsoft-Windows-Sysmon/Operational", "Computer": "DESKTOP-P5C3MUD", "Security_UserID": "S-1-5-18", "Security": null, "EventData_RuleName": "-", "EventData_UtcTime": "2023-09-27 06:50:57.014", "EventData_ProcessGuid": "{4557fbaa-d0d1-6513-7901-000000000e00}", "EventData_ProcessId": "10536", "EventData_Image": "E:\\Experiment\\Windows Hacker Attack Program\\5\\\u6ce8\u518c\u8868\u81ea\u542f\u52a8\\AutoRun_Reg_Test.exe", "EventData_ImageLoaded": "E:\\Experiment\\Windows Hacker Attack Program\\5\\\u6ce8\u518c\u8868\u81ea\u542f\u52a8\\AutoRun_Reg_Test.exe", "EventData_FileVersion": "-", "EventData_Description": "-", "EventData_Product": "-", "EventData_Company": "-", "EventData_OriginalFileName": "-", "EventData_Hashes": "SHA1=459F303FEE801BBF7101B995E813F7CF9CCAC818,MD5=D1A7EFCA1C2A3776062EFCB190B938B7,SHA256=9F8DC438B21F4BEC471DD5A1E2F6EEA7A20A34974C868CB1FB23BD83B1A240E9,IMPHASH=C1B7B90FA01D712790C7A17FBEB3C870", "EventData_Signed": "false", "EventData_Signature": "-", "EventData_SignatureStatus": "Unavailable", "EventData_User": "DESKTOP-P5C3MUD\\user"}
{"Provider_Name": "Microsoft-Windows-Sysmon", "Provider_Guid": "{5770385f-c22a-43e0-bf4c-06f5698ffbd9}", "Provider": null, "EventID_Qualifiers": "", "EventID": "7", "Version": "3", "Level": "4", "Task": "7", "Opcode": "0", "Keywords": "0x8000000000000000", "TimeCreated_SystemTime": "2023-09-27 06:50:57.022493", "TimeCreated": null, "EventRecordID": "30566", "Correlation_ActivityID": "", "Correlation_RelatedActivityID": "", "Correlation": null, "Execution_ProcessID": "3368", "Execution_ThreadID": "3332", "Execution": null, "Channel": "Microsoft-Windows-Sysmon/Operational", "Computer": "DESKTOP-P5C3MUD", "Security_UserID": "S-1-5-18", "Security": null, "EventData_RuleName": "-", "EventData_UtcTime": "2023-09-27 06:50:57.014", "EventData_ProcessGuid": "{4557fbaa-d0d1-6513-7901-000000000e00}", "EventData_ProcessId": "10536", "EventData_Image": "E:\\Experiment\\Windows Hacker Attack Program\\5\\\u6ce8\u518c\u8868\u81ea\u542f\u52a8\\AutoRun_Reg_Test.exe", "EventData_ImageLoaded": "C:\\Windows\\System32\\ntdll.dll", "EventData_FileVersion": "10.0.19041.3393 (WinBuild.160101.0800)", "EventData_Description": "NT Layer DLL", "EventData_Product": "Microsoft\u00ae Windows\u00ae Operating System", "EventData_Company": "Microsoft Corporation", "EventData_OriginalFileName": "ntdll.dll", "EventData_Hashes": "SHA1=8047327CEFB24B1DFA5E1F4965FDB25C3E717642,MD5=62A8F85897022E08D1CCCB2C3AC6C8DE,SHA256=590E0BB26B4A24B0A787C7B8CACED643D8AECFE71140D1BD51A73D5D65B0AF94,IMPHASH=00000000000000000000000000000000", "EventData_Signed": "true", "EventData_Signature": "Microsoft Windows", "EventData_SignatureStatus": "Valid", "EventData_User": "DESKTOP-P5C3MUD\\user"}
{"Provider_Name": "Microsoft-Windows-Sysmon", "Provider_Guid": "{5770385f-c22a-43e0-bf4c-06f5698ffbd9}", "Provider": null, "EventID_Qualifiers": "", "EventID": "7", "Version": "3", "Level": "4", "Task": "7", "Opcode": "0", "Keywords": "0x8000000000000000", "TimeCreated_SystemTime": "2023-09-27 06:50:57.022890", "TimeCreated": null, "EventRecordID": "30567", "Correlation_ActivityID": "", "Correlation_RelatedActivityID": "", "Correlation": null, "Execution_ProcessID": "3368", "Execution_ThreadID": "3332", "Execution": null, "Channel": "Microsoft-Windows-Sysmon/Operational", "Computer": "DESKTOP-P5C3MUD", "Security_UserID": "S-1-5-18", "Security": null, "EventData_RuleName": "-", "EventData_UtcTime": "2023-09-27 06:50:57.014", "EventData_ProcessGuid": "{4557fbaa-d0d1-6513-7901-000000000e00}", "EventData_ProcessId": "10536", "EventData_Image": "E:\\Experiment\\Windows Hacker Attack Program\\5\\\u6ce8\u518c\u8868\u81ea\u542f\u52a8\\AutoRun_Reg_Test.exe", "EventData_ImageLoaded": "C:\\Windows\\SysWOW64\\ntdll.dll", "EventData_FileVersion": "10.0.19041.3393 (WinBuild.160101.0800)", "EventData_Description": "NT Layer DLL", "EventData_Product": "Microsoft\u00ae Windows\u00ae Operating System", "EventData_Company": "Microsoft Corporation", "EventData_OriginalFileName": "ntdll.dll", "EventData_Hashes": "SHA1=F295D781607346449289253F07DCB1423CAE1BE8,MD5=D813A601075A811B84141782D1B9FAF1,SHA256=98369370E3E0CFD3950B8C2121785C4EADBE621B7BEDD1BDF5B421548EA29AB8,IMPHASH=00000000000000000000000000000000", "EventData_Signed": "true", "EventData_Signature": "Microsoft Windows", "EventData_SignatureStatus": "Valid", "EventData_User": "DESKTOP-P5C3MUD\\user"}
{"Provider_Name": "Microsoft-Windows-Sysmon", "Provider_Guid": "{5770385f-c22a-43e0-bf4c-06f5698ffbd9}", "Provider": null, "EventID_Qualifiers": "", "EventID": "7", "Version": "3", "Level": "4", "Task": "7", "Opcode": "0", "Keywords": "0x8000000000000000", "TimeCreated_SystemTime": "2023-09-27 06:50:57.023468", "TimeCreated": null, "EventRecordID": "30568", "Correlation_ActivityID": "", "Correlation_RelatedActivityID": "", "Correlation": null, "Execution_ProcessID": "3368", "Execution_ThreadID": "3332", "Execution": null, "Channel": "Microsoft-Windows-Sysmon/Operational", "Computer": "DESKTOP-P5C3MUD", "Security_UserID": "S-1-5-18", "Security": null, "EventData_RuleName": "-", "EventData_UtcTime": "2023-09-27 06:50:57.014", "EventData_ProcessGuid": "{4557fbaa-d0d1-6513-7901-000000000e00}", "EventData_ProcessId": "10536", "EventData_Image": "E:\\Experiment\\Windows Hacker Attack Program\\5\\\u6ce8\u518c\u8868\u81ea\u542f\u52a8\\AutoRun_Reg_Test.exe", "EventData_ImageLoaded": "C:\\Windows\\System32\\wow64.dll", "EventData_FileVersion": "10.0.19041.3031 (WinBuild.160101.0800)", "EventData_Description": "Win32 Emulation on NT64", "EventData_Product": "Microsoft\u00ae Windows\u00ae Operating System", "EventData_Company": "Microsoft Corporation", "EventData_OriginalFileName": "wow64.dll", "EventData_Hashes": "SHA1=DC963AAE9498AD2E345D82594DCA61B04FCD9962,MD5=C1B93B475D7E01B86D0859D160C6EB43,SHA256=826E858724D132C60527759E64676990F1B28C9223EA820609ECDB1020867836,IMPHASH=4D26806E6CA2EC5EA8DF4BA29C854F96", "EventData_Signed": "true", "EventData_Signature": "Microsoft Windows", "EventData_SignatureStatus": "Valid", "EventData_User": "DESKTOP-P5C3MUD\\user"}
{"Provider_Name": "Microsoft-Windows-Sysmon", "Provider_Guid": "{5770385f-c22a-43e0-bf4c-06f5698ffbd9}", "Provider": null, "EventID_Qualifiers": "", "EventID": "7", "Version": "3", "Level": "4", "Task": "7", "Opcode": "0", "Keywords": "0x8000000000000000", "TimeCreated_SystemTime": "2023-09-27 06:50:57.024035", "TimeCreated": null, "EventRecordID": "30569", "Correlation_ActivityID": "", "Correlation_RelatedActivityID": "", "Correlation": null, "Execution_ProcessID": "3368", "Execution_ThreadID": "3332", "Execution": null, "Channel": "Microsoft-Windows-Sysmon/Operational", "Computer": "DESKTOP-P5C3MUD", "Security_UserID": "S-1-5-18", "Security": null, "EventData_RuleName": "-", "EventData_UtcTime": "2023-09-27 06:50:57.014", "EventData_ProcessGuid": "{4557fbaa-d0d1-6513-7901-000000000e00}", "EventData_ProcessId": "10536", "EventData_Image": "E:\\Experiment\\Windows Hacker Attack Program\\5\\\u6ce8\u518c\u8868\u81ea\u542f\u52a8\\AutoRun_Reg_Test.exe", "EventData_ImageLoaded": "C:\\Windows\\System32\\wow64win.dll", "EventData_FileVersion": "10.0.19041.2486 (WinBuild.160101.0800)", "EventData_Description": "Wow64 Console and Win32 API Logging", "EventData_Product": "Microsoft\u00ae Windows\u00ae Operating System", "EventData_Company": "Microsoft Corporation", "EventData_OriginalFileName": "wow64lg2.dll", "EventData_Hashes": "SHA1=13EF8CCAC99EF9560ACD7061B24FD39DA0FAF891,MD5=28A6F8BC61C5A72DF6343FAAF2B1B056,SHA256=2FAC8CC3653C2E9747864417C65EA02745F5653C3608FC115AD756199AB22BC0,IMPHASH=AA2F336C00F80E5E84819EE774D160FE", "EventData_Signed": "true", "EventData_Signature": "Microsoft Windows", "EventData_SignatureStatus": "Valid", "EventData_User": "DESKTOP-P5C3MUD\\user"}
{"Provider_Name": "Microsoft-Windows-Sysmon", "Provider_Guid": "{5770385f-c22a-43e0-bf4c-06f5698ffbd9}", "Provider": null, "EventID_Qualifiers": "", "EventID": "7", "Version": "3", "Level": "4", "Task": "7", "Opcode": "0", "Keywords": "0x8000000000000000", "TimeCreated_SystemTime": "2023-09-27 06:50:57.024549", "TimeCreated": null, "EventRecordID": "30570", "Correlation_ActivityID": "", "Correlation_RelatedActivityID": "", "Correlation": null, "Execution_ProcessID": "3368", "Execution_ThreadID": "3332", "Execution": null, "Channel": "Microsoft-Windows-Sysmon/Operational", "Computer": "DESKTOP-P5C3MUD", "Security_UserID": "S-1-5-18", "Security": null, "EventData_RuleName": "-", "EventData_UtcTime": "2023-09-27 06:50:57.014", "EventData_ProcessGuid": "{4557fbaa-d0d1-6513-7901-000000000e00}", "EventData_ProcessId": "10536", "EventData_Image": "E:\\Experiment\\Windows Hacker Attack Program\\5\\\u6ce8\u518c\u8868\u81ea\u542f\u52a8\\AutoRun_Reg_Test.exe", "EventData_ImageLoaded": "C:\\Windows\\System32\\wow64cpu.dll", "EventData_FileVersion": "10.0.19041.3031 (WinBuild.160101.0800)", "EventData_Description": "AMD64 Wow64 CPU ", "EventData_Product": "Microsoft\u00ae Windows\u00ae Operating System", "EventData_Company": "Microsoft Corporation", "EventData_OriginalFileName": "wow64cpu.dll", "EventData_Hashes": "SHA1=CC28E6758A60245E4255713B32464EC7EEFC2281,MD5=BDD6D16F7B16C2A83FE8CDA8CA4F185E,SHA256=AFD1B0AC6467C174E083C5DFFFD9AA76395A3C10E71719DA5551EFCC6422CAF2,IMPHASH=C22B977BE4BF67B1A723DD49BCC47668", "EventData_Signed": "true", "EventData_Signature": "Microsoft Windows", "EventData_SignatureStatus": "Valid", "EventData_User": "DESKTOP-P5C3MUD\\user"}
{"Provider_Name": "Microsoft-Windows-Sysmon", "Provider_Guid": "{5770385f-c22a-43e0-bf4c-06f5698ffbd9}", "Provider": null, "EventID_Qualifiers": "", "EventID": "7", "Version": "3", "Level": "4", "Task": "7", "Opcode": "0", "Keywords": "0x8000000000000000", "TimeCreated_SystemTime": "2023-09-27 06:50:57.025171", "TimeCreated": null, "EventRecordID": "30571", "Correlation_ActivityID": "", "Correlation_RelatedActivityID": "", "Correlation": null, "Execution_ProcessID": "3368", "Execution_ThreadID": "3332", "Execution": null, "Channel": "Microsoft-Windows-Sysmon/Operational", "Computer": "DESKTOP-P5C3MUD", "Security_UserID": "S-1-5-18", "Security": null, "EventData_RuleName": "-", "EventData_UtcTime": "2023-09-27 06:50:57.014", "EventData_ProcessGuid": "{4557fbaa-d0d1-6513-7901-000000000e00}", "EventData_ProcessId": "10536", "EventData_Image": "E:\\Experiment\\Windows Hacker Attack Program\\5\\\u6ce8\u518c\u8868\u81ea\u542f\u52a8\\AutoRun_Reg_Test.exe", "EventData_ImageLoaded": "C:\\Windows\\SysWOW64\\kernel32.dll", "EventData_FileVersion": "10.0.19041.3393 (WinBuild.160101.0800)", "EventData_Description": "Windows NT BASE API Client DLL", "EventData_Product": "Microsoft\u00ae Windows\u00ae Operating System", "EventData_Company": "Microsoft Corporation", "EventData_OriginalFileName": "kernel32", "EventData_Hashes": "SHA1=FC0D954BB9AD52D42DC903EF44759146BE65ABDE,MD5=649EF39F36C135AA410F436DAA589170,SHA256=3AF795D5C12392644FBB2C8679DF175FDE29CC6F9528649740CFBEA8DE400BB1,IMPHASH=58DCACAD923A90146D5E12C8E2A29336", "EventData_Signed": "true", "EventData_Signature": "Microsoft Windows", "EventData_SignatureStatus": "Valid", "EventData_User": "DESKTOP-P5C3MUD\\user"}
{"Provider_Name": "Microsoft-Windows-Sysmon", "Provider_Guid": "{5770385f-c22a-43e0-bf4c-06f5698ffbd9}", "Provider": null, "EventID_Qualifiers": "", "EventID": "7", "Version": "3", "Level": "4", "Task": "7", "Opcode": "0", "Keywords": "0x8000000000000000", "TimeCreated_SystemTime": "2023-09-27 06:50:57.025537", "TimeCreated": null, "EventRecordID": "30572", "Correlation_ActivityID": "", "Correlation_RelatedActivityID": "", "Correlation": null, "Execution_ProcessID": "3368", "Execution_ThreadID": "3332", "Execution": null, "Channel": "Microsoft-Windows-Sysmon/Operational", "Computer": "DESKTOP-P5C3MUD", "Security_UserID": "S-1-5-18", "Security": null, "EventData_RuleName": "-", "EventData_UtcTime": "2023-09-27 06:50:57.014", "EventData_ProcessGuid": "{4557fbaa-d0d1-6513-7901-000000000e00}", "EventData_ProcessId": "10536", "EventData_Image": "E:\\Experiment\\Windows Hacker Attack Program\\5\\\u6ce8\u518c\u8868\u81ea\u542f\u52a8\\AutoRun_Reg_Test.exe", "EventData_ImageLoaded": "C:\\Windows\\SysWOW64\\KernelBase.dll", "EventData_FileVersion": "10.0.19041.3448 (WinBuild.160101.0800)", "EventData_Description": "Windows NT BASE API Client DLL", "EventData_Product": "Microsoft\u00ae Windows\u00ae Operating System", "EventData_Company": "Microsoft Corporation", "EventData_OriginalFileName": "Kernelbase.dll", "EventData_Hashes": "SHA1=808C0FD5F176E63F836A15BDC9AA8B88A954F233,MD5=3F1A8BEFE4BA40CD5220FAD3EB8C1779,SHA256=7903849CBA0225BBA2449D0A8060D4B30CD15CA0AE1A0E89CAEA3CF157E6B7C2,IMPHASH=E3A1A46D2013C06F525DEB7AF0080C47", "EventData_Signed": "true", "EventData_Signature": "Microsoft Windows", "EventData_SignatureStatus": "Valid", "EventData_User": "DESKTOP-P5C3MUD\\user"}
