{"Provider_Name": "Microsoft-Windows-Sysmon", "Provider_Guid": "{5770385f-c22a-43e0-bf4c-06f5698ffbd9}", "Provider": null, "EventID_Qualifiers": "", "EventID": "7", "Version": "3", "Level": "4", "Task": "7", "Opcode": "0", "Keywords": "0x8000000000000000", "TimeCreated_SystemTime": "2023-09-27 06:50:42.749441", "TimeCreated": null, "EventRecordID": "29562", "Correlation_ActivityID": "", "Correlation_RelatedActivityID": "", "Correlation": null, "Execution_ProcessID": "3368", "Execution_ThreadID": "3332", "Execution": null, "Channel": "Microsoft-Windows-Sysmon/Operational", "Computer": "DESKTOP-P5C3MUD", "Security_UserID": "S-1-5-18", "Security": null, "EventData_RuleName": "-", "EventData_UtcTime": "2023-09-27 06:50:42.748", "EventData_ProcessGuid": "{4557fbaa-d0c2-6513-7401-000000000e00}", "EventData_ProcessId": "8216", "EventData_Image": "C:\\Windows\\System32\\conhost.exe", "EventData_ImageLoaded": "C:\\Windows\\System32\\ntdll.dll", "EventData_FileVersion": "10.0.19041.3393 (WinBuild.160101.0800)", "EventData_Description": "NT Layer DLL", "EventData_Product": "Microsoft\u00ae Windows\u00ae Operating System", "EventData_Company": "Microsoft Corporation", "EventData_OriginalFileName": "ntdll.dll", "EventData_Hashes": "SHA1=8047327CEFB24B1DFA5E1F4965FDB25C3E717642,MD5=62A8F85897022E08D1CCCB2C3AC6C8DE,SHA256=590E0BB26B4A24B0A787C7B8CACED643D8AECFE71140D1BD51A73D5D65B0AF94,IMPHASH=00000000000000000000000000000000", "EventData_Signed": "true", "EventData_Signature": "Microsoft Windows", "EventData_SignatureStatus": "Valid", "EventData_User": "DESKTOP-P5C3MUD\\user"}
{"Provider_Name": "Microsoft-Windows-Sysmon", "Provider_Guid": "{5770385f-c22a-43e0-bf4c-06f5698ffbd9}", "Provider": null, "EventID_Qualifiers": "", "EventID": "7", "Version": "3", "Level": "4", "Task": "7", "Opcode": "0", "Keywords": "0x8000000000000000", "TimeCreated_SystemTime": "2023-09-27 06:50:42.749535", "TimeCreated": null, "EventRecordID": "29563", "Correlation_ActivityID": "", "Correlation_RelatedActivityID": "", "Correlation": null, "Execution_ProcessID": "3368", "Execution_ThreadID": "3332", "Execution": null, "Channel": "Microsoft-Windows-Sysmon/Operational", "Computer": "DESKTOP-P5C3MUD", "Security_UserID": "S-1-5-18", "Security": null, "EventData_RuleName": "-", "EventData_UtcTime": "2023-09-27 06:50:42.748", "EventData_ProcessGuid": "{4557fbaa-d0c2-6513-7401-000000000e00}", "EventData_ProcessId": "8216", "EventData_Image": "C:\\Windows\\System32\\conhost.exe", "EventData_ImageLoaded": "C:\\Windows\\System32\\kernel32.dll", "EventData_FileVersion": "10.0.19041.3393 (WinBuild.160101.0800)", "EventData_Description": "Windows NT BASE API Client DLL", "EventData_Product": "Microsoft\u00ae Windows\u00ae Operating System", "EventData_Company": "Microsoft Corporation", "EventData_OriginalFileName": "kernel32", "EventData_Hashes": "SHA1=D57551055BD4E7644EDE2FFD76EAB966CD5612DA,MD5=D9DE98246BCB03964BBDBB4693B155DC,SHA256=C64B4EEFC2868E6E47E42254BDC7F3A817250E290C936E3C8AEF8720A8A8ED64,IMPHASH=F138C4A566A700DE3E7E024EE6C4D479", "EventData_Signed": "true", "EventData_Signature": "Microsoft Windows", "EventData_SignatureStatus": "Valid", "EventData_User": "DESKTOP-P5C3MUD\\user"}
{"Provider_Name": "Microsoft-Windows-Sysmon", "Provider_Guid": "{5770385f-c22a-43e0-bf4c-06f5698ffbd9}", "Provider": null, "EventID_Qualifiers": "", "EventID": "7", "Version": "3", "Level": "4", "Task": "7", "Opcode": "0", "Keywords": "0x8000000000000000", "TimeCreated_SystemTime": "2023-09-27 06:50:42.749865", "TimeCreated": null, "EventRecordID": "29564", "Correlation_ActivityID": "", "Correlation_RelatedActivityID": "", "Correlation": null, "Execution_ProcessID": "3368", "Execution_ThreadID": "3332", "Execution": null, "Channel": "Microsoft-Windows-Sysmon/Operational", "Computer": "DESKTOP-P5C3MUD", "Security_UserID": "S-1-5-18", "Security": null, "EventData_RuleName": "-", "EventData_UtcTime": "2023-09-27 06:50:42.748", "EventData_ProcessGuid": "{4557fbaa-d0c2-6513-7401-000000000e00}", "EventData_ProcessId": "8216", "EventData_Image": "C:\\Windows\\System32\\conhost.exe", "EventData_ImageLoaded": "C:\\Windows\\System32\\KernelBase.dll", "EventData_FileVersion": "10.0.19041.3393 (WinBuild.160101.0800)", "EventData_Description": "Windows NT BASE API Client DLL", "EventData_Product": "Microsoft\u00ae Windows\u00ae Operating System", "EventData_Company": "Microsoft Corporation", "EventData_OriginalFileName": "Kernelbase.dll", "EventData_Hashes": "SHA1=9FDB286060B8D6D293492A13575E6359604EEFE1,MD5=5B5BFC918C4AA0585969747B7FD6D404,SHA256=0FC2A2C20479C2D1A99468DD90D6B37E79CF4E9A1617F7ACC3FA116EAAF1E1B3,IMPHASH=0B3D9CDD2A78F1035F845B59D17F0420", "EventData_Signed": "true", "EventData_Signature": "Microsoft Windows", "EventData_SignatureStatus": "Valid", "EventData_User": "DESKTOP-P5C3MUD\\user"}
{"Provider_Name": "Microsoft-Windows-Sysmon", "Provider_Guid": "{5770385f-c22a-43e0-bf4c-06f5698ffbd9}", "Provider": null, "EventID_Qualifiers": "", "EventID": "10", "Version": "3", "Level": "4", "Task": "10", "Opcode": "0", "Keywords": "0x8000000000000000", "TimeCreated_SystemTime": "2023-09-27 06:50:42.750895", "TimeCreated": null, "EventRecordID": "29565", "Correlation_ActivityID": "", "Correlation_RelatedActivityID": "", "Correlation": null, "Execution_ProcessID": "3368", "Execution_ThreadID": "3332", "Execution": null, "Channel": "Microsoft-Windows-Sysmon/Operational", "Computer": "DESKTOP-P5C3MUD", "Security_UserID": "S-1-5-18", "Security": null, "EventData_RuleName": "-", "EventData_UtcTime": "2023-09-27 06:50:42.748", "EventData_SourceProcessGUID": "{4557fbaa-ce2f-6513-0900-000000000e00}", "EventData_SourceProcessId": "600", "EventData_SourceThreadId": "712", "EventData_SourceImage": "C:\\Windows\\system32\\csrss.exe", "EventData_TargetProcessGUID": "{4557fbaa-d0c2-6513-7401-000000000e00}", "EventData_TargetProcessId": "8216", "EventData_TargetImage": "C:\\Windows\\system32\\conhost.exe", "EventData_GrantedAccess": "0x001fffff", "EventData_CallTrace": "C:\\Windows\\SYSTEM32\\ntdll.dll+9df24|C:\\Windows\\SYSTEM32\\CSRSRV.dll+1451|C:\\Windows\\SYSTEM32\\CSRSRV.dll+69b7|C:\\Windows\\SYSTEM32\\ntdll.dll+526bf", "EventData_SourceUser": "NT AUTHORITY\\SYSTEM", "EventData_TargetUser": "DESKTOP-P5C3MUD\\user"}
{"Provider_Name": "Microsoft-Windows-Sysmon", "Provider_Guid": "{5770385f-c22a-43e0-bf4c-06f5698ffbd9}", "Provider": null, "EventID_Qualifiers": "", "EventID": "7", "Version": "3", "Level": "4", "Task": "7", "Opcode": "0", "Keywords": "0x8000000000000000", "TimeCreated_SystemTime": "2023-09-27 06:50:42.751068", "TimeCreated": null, "EventRecordID": "29566", "Correlation_ActivityID": "", "Correlation_RelatedActivityID": "", "Correlation": null, "Execution_ProcessID": "3368", "Execution_ThreadID": "888", "Execution": null, "Channel": "Microsoft-Windows-Sysmon/Operational", "Computer": "DESKTOP-P5C3MUD", "Security_UserID": "S-1-5-18", "Security": null, "EventData_RuleName": "-", "EventData_UtcTime": "2023-09-27 06:50:42.733", "EventData_ProcessGuid": "{4557fbaa-d0c2-6513-7301-000000000e00}", "EventData_ProcessId": "10884", "EventData_Image": "E:\\Experiment\\Windows Hacker Attack Program\\5\\\u6ce8\u518c\u8868\u81ea\u542f\u52a8\\AutoRun_Reg_Test.exe", "EventData_ImageLoaded": "C:\\Windows\\SysWOW64\\KernelBase.dll", "EventData_FileVersion": "10.0.19041.3448 (WinBuild.160101.0800)", "EventData_Description": "Windows NT BASE API Client DLL", "EventData_Product": "Microsoft\u00ae Windows\u00ae Operating System", "EventData_Company": "Microsoft Corporation", "EventData_OriginalFileName": "Kernelbase.dll", "EventData_Hashes": "SHA1=808C0FD5F176E63F836A15BDC9AA8B88A954F233,MD5=3F1A8BEFE4BA40CD5220FAD3EB8C1779,SHA256=7903849CBA0225BBA2449D0A8060D4B30CD15CA0AE1A0E89CAEA3CF157E6B7C2,IMPHASH=E3A1A46D2013C06F525DEB7AF0080C47", "EventData_Signed": "true", "EventData_Signature": "Microsoft Windows", "EventData_SignatureStatus": "Valid", "EventData_User": "DESKTOP-P5C3MUD\\user"}
{"Provider_Name": "Microsoft-Windows-Sysmon", "Provider_Guid": "{5770385f-c22a-43e0-bf4c-06f5698ffbd9}", "Provider": null, "EventID_Qualifiers": "", "EventID": "7", "Version": "3", "Level": "4", "Task": "7", "Opcode": "0", "Keywords": "0x8000000000000000", "TimeCreated_SystemTime": "2023-09-27 06:50:42.751377", "TimeCreated": null, "EventRecordID": "29567", "Correlation_ActivityID": "", "Correlation_RelatedActivityID": "", "Correlation": null, "Execution_ProcessID": "3368", "Execution_ThreadID": "3332", "Execution": null, "Channel": "Microsoft-Windows-Sysmon/Operational", "Computer": "DESKTOP-P5C3MUD", "Security_UserID": "S-1-5-18", "Security": null, "EventData_RuleName": "-", "EventData_UtcTime": "2023-09-27 06:50:42.748", "EventData_ProcessGuid": "{4557fbaa-d0c2-6513-7401-000000000e00}", "EventData_ProcessId": "8216", "EventData_Image": "C:\\Windows\\System32\\conhost.exe", "EventData_ImageLoaded": "C:\\Windows\\System32\\msvcp_win.dll", "EventData_FileVersion": "10.0.19041.789 (WinBuild.160101.0800)", "EventData_Description": "Microsoft\u00ae C Runtime Library", "EventData_Product": "Microsoft\u00ae Windows\u00ae Operating System", "EventData_Company": "Microsoft Corporation", "EventData_OriginalFileName": "msvcp_win.dll", "EventData_Hashes": "SHA1=09C6A238C7B2936207F261562079A327AA9FF34E,MD5=34692D0BDE33641B576C32165FBAAF6D,SHA256=FD1D0CC8A5AC8BF20AF9E1A7EC360DD76DC022DFE992556948DF1C17F7A714D2,IMPHASH=6395B9FE9663F603C53213439199897E", "EventData_Signed": "true", "EventData_Signature": "Microsoft Windows", "EventData_SignatureStatus": "Valid", "EventData_User": "DESKTOP-P5C3MUD\\user"}
{"Provider_Name": "Microsoft-Windows-Sysmon", "Provider_Guid": "{5770385f-c22a-43e0-bf4c-06f5698ffbd9}", "Provider": null, "EventID_Qualifiers": "", "EventID": "7", "Version": "3", "Level": "4", "Task": "7", "Opcode": "0", "Keywords": "0x8000000000000000", "TimeCreated_SystemTime": "2023-09-27 06:50:42.751617", "TimeCreated": null, "EventRecordID": "29568", "Correlation_ActivityID": "", "Correlation_RelatedActivityID": "", "Correlation": null, "Execution_ProcessID": "3368", "Execution_ThreadID": "3332", "Execution": null, "Channel": "Microsoft-Windows-Sysmon/Operational", "Computer": "DESKTOP-P5C3MUD", "Security_UserID": "S-1-5-18", "Security": null, "EventData_RuleName": "-", "EventData_UtcTime": "2023-09-27 06:50:42.748", "EventData_ProcessGuid": "{4557fbaa-d0c2-6513-7401-000000000e00}", "EventData_ProcessId": "8216", "EventData_Image": "C:\\Windows\\System32\\conhost.exe", "EventData_ImageLoaded": "C:\\Windows\\System32\\ucrtbase.dll", "EventData_FileVersion": "10.0.19041.789 (WinBuild.160101.0800)", "EventData_Description": "Microsoft\u00ae C Runtime Library", "EventData_Product": "Microsoft\u00ae Windows\u00ae Operating System", "EventData_Company": "Microsoft Corporation", "EventData_OriginalFileName": "ucrtbase.dll", "EventData_Hashes": "SHA1=E82945E3E63FFEF0974D6DD74F2AEF2BF6D0A908,MD5=2C8FE06966D5085A595FFA3C98FE3098,SHA256=DE8D08D01291DF93821314176381F3D1AE863E6C5584A7F8EA42F0B94B15EF65,IMPHASH=405CDE0FC80C30DCC3D783173DBD4143", "EventData_Signed": "true", "EventData_Signature": "Microsoft Windows", "EventData_SignatureStatus": "Valid", "EventData_User": "DESKTOP-P5C3MUD\\user"}
{"Provider_Name": "Microsoft-Windows-Sysmon", "Provider_Guid": "{5770385f-c22a-43e0-bf4c-06f5698ffbd9}", "Provider": null, "EventID_Qualifiers": "", "EventID": "7", "Version": "3", "Level": "4", "Task": "7", "Opcode": "0", "Keywords": "0x8000000000000000", "TimeCreated_SystemTime": "2023-09-27 06:50:42.751909", "TimeCreated": null, "EventRecordID": "29569", "Correlation_ActivityID": "", "Correlation_RelatedActivityID": "", "Correlation": null, "Execution_ProcessID": "3368", "Execution_ThreadID": "3332", "Execution": null, "Channel": "Microsoft-Windows-Sysmon/Operational", "Computer": "DESKTOP-P5C3MUD", "Security_UserID": "S-1-5-18", "Security": null, "EventData_RuleName": "-", "EventData_UtcTime": "2023-09-27 06:50:42.748", "EventData_ProcessGuid": "{4557fbaa-d0c2-6513-7401-000000000e00}", "EventData_ProcessId": "8216", "EventData_Image": "C:\\Windows\\System32\\conhost.exe", "EventData_ImageLoaded": "C:\\Windows\\System32\\SHCore.dll", "EventData_FileVersion": "10.0.19041.1865 (WinBuild.160101.0800)", "EventData_Description": "SHCORE", "EventData_Product": "Microsoft\u00ae Windows\u00ae Operating System", "EventData_Company": "Microsoft Corporation", "EventData_OriginalFileName": "SHCORE.dll", "EventData_Hashes": "SHA1=0C4F04988DAD09D944CD20E08C1922279AB8C860,MD5=230260C7B7C79E11EE1ED24C93AB5304,SHA256=030562A09391408D1A877951451A29A7BFFE3E88BF9DA9AF83E2ABC6A32B3EB2,IMPHASH=D9B433969ADEBDC1C4067380BB6D0D12", "EventData_Signed": "true", "EventData_Signature": "Microsoft Windows", "EventData_SignatureStatus": "Valid", "EventData_User": "DESKTOP-P5C3MUD\\user"}
{"Provider_Name": "Microsoft-Windows-Sysmon", "Provider_Guid": "{5770385f-c22a-43e0-bf4c-06f5698ffbd9}", "Provider": null, "EventID_Qualifiers": "", "EventID": "7", "Version": "3", "Level": "4", "Task": "7", "Opcode": "0", "Keywords": "0x8000000000000000", "TimeCreated_SystemTime": "2023-09-27 06:50:42.752127", "TimeCreated": null, "EventRecordID": "29570", "Correlation_ActivityID": "", "Correlation_RelatedActivityID": "", "Correlation": null, "Execution_ProcessID": "3368", "Execution_ThreadID": "3332", "Execution": null, "Channel": "Microsoft-Windows-Sysmon/Operational", "Computer": "DESKTOP-P5C3MUD", "Security_UserID": "S-1-5-18", "Security": null, "EventData_RuleName": "-", "EventData_UtcTime": "2023-09-27 06:50:42.748", "EventData_ProcessGuid": "{4557fbaa-d0c2-6513-7401-000000000e00}", "EventData_ProcessId": "8216", "EventData_Image": "C:\\Windows\\System32\\conhost.exe", "EventData_ImageLoaded": "C:\\Windows\\System32\\msvcrt.dll", "EventData_FileVersion": "7.0.19041.546 (WinBuild.160101.0800)", "EventData_Description": "Windows NT CRT DLL", "EventData_Product": "Microsoft\u00ae Windows\u00ae Operating System", "EventData_Company": "Microsoft Corporation", "EventData_OriginalFileName": "msvcrt.dll", "EventData_Hashes": "SHA1=5AFF4CFDEE689F127DF3C555281DC629D4D62318,MD5=A4F2D5942FB447CD48A5CEE414983E85,SHA256=DD7C8BC34CDBE30EF921395E874909BBF6BE53803822164F75F7207E9F085650,IMPHASH=1273683626EBBA703979F188A1E64237", "EventData_Signed": "true", "EventData_Signature": "Microsoft Windows", "EventData_SignatureStatus": "Valid", "EventData_User": "DESKTOP-P5C3MUD\\user"}
{"Provider_Name": "Microsoft-Windows-Sysmon", "Provider_Guid": "{5770385f-c22a-43e0-bf4c-06f5698ffbd9}", "Provider": null, "EventID_Qualifiers": "", "EventID": "7", "Version": "3", "Level": "4", "Task": "7", "Opcode": "0", "Keywords": "0x8000000000000000", "TimeCreated_SystemTime": "2023-09-27 06:50:42.752371", "TimeCreated": null, "EventRecordID": "29571", "Correlation_ActivityID": "", "Correlation_RelatedActivityID": "", "Correlation": null, "Execution_ProcessID": "3368", "Execution_ThreadID": "3332", "Execution": null, "Channel": "Microsoft-Windows-Sysmon/Operational", "Computer": "DESKTOP-P5C3MUD", "Security_UserID": "S-1-5-18", "Security": null, "EventData_RuleName": "-", "EventData_UtcTime": "2023-09-27 06:50:42.748", "EventData_ProcessGuid": "{4557fbaa-d0c2-6513-7401-000000000e00}", "EventData_ProcessId": "8216", "EventData_Image": "C:\\Windows\\System32\\conhost.exe", "EventData_ImageLoaded": "C:\\Windows\\System32\\combase.dll", "EventData_FileVersion": "10.0.19041.3393 (WinBuild.160101.0800)", "EventData_Description": "Microsoft COM for Windows", "EventData_Product": "Microsoft\u00ae Windows\u00ae Operating System", "EventData_Company": "Microsoft Corporation", "EventData_OriginalFileName": "COMBASE.DLL", "EventData_Hashes": "SHA1=D7DA6A2585718B5EA8626DB5F4DACEB9DBB03D28,MD5=E9DEDBD9FC590F4AA8ADFC8DCE488A1A,SHA256=2AD3B7F4A2FE88AEDEB1AE79B3778DCCF74608EAACB0ED42B79519EE6CB03885,IMPHASH=86D63FCC59A250884FAE714B325D53BF", "EventData_Signed": "true", "EventData_Signature": "Microsoft Windows", "EventData_SignatureStatus": "Valid", "EventData_User": "DESKTOP-P5C3MUD\\user"}
{"Provider_Name": "Microsoft-Windows-Sysmon", "Provider_Guid": "{5770385f-c22a-43e0-bf4c-06f5698ffbd9}", "Provider": null, "EventID_Qualifiers": "", "EventID": "7", "Version": "3", "Level": "4", "Task": "7", "Opcode": "0", "Keywords": "0x8000000000000000", "TimeCreated_SystemTime": "2023-09-27 06:50:42.752586", "TimeCreated": null, "EventRecordID": "29572", "Correlation_ActivityID": "", "Correlation_RelatedActivityID": "", "Correlation": null, "Execution_ProcessID": "3368", "Execution_ThreadID": "3332", "Execution": null, "Channel": "Microsoft-Windows-Sysmon/Operational", "Computer": "DESKTOP-P5C3MUD", "Security_UserID": "S-1-5-18", "Security": null, "EventData_RuleName": "-", "EventData_UtcTime": "2023-09-27 06:50:42.748", "EventData_ProcessGuid": "{4557fbaa-d0c2-6513-7401-000000000e00}", "EventData_ProcessId": "8216", "EventData_Image": "C:\\Windows\\System32\\conhost.exe", "EventData_ImageLoaded": "C:\\Windows\\System32\\rpcrt4.dll", "EventData_FileVersion": "10.0.19041.3448 (WinBuild.160101.0800)", "EventData_Description": "Remote Procedure Call Runtime", "EventData_Product": "Microsoft\u00ae Windows\u00ae Operating System", "EventData_Company": "Microsoft Corporation", "EventData_OriginalFileName": "rpcrt4.dll", "EventData_Hashes": "SHA1=6353D648B585C3FACA391B9E8D443B2A7CF78CDF,MD5=5A0FAC6E2991EFF83983A4F08384E962,SHA256=DA7DAC9F12A3DBCE66C0AF2EA3279DE5355B5001427820807E1273D6ED0678BA,IMPHASH=691FED08D927C769FAAC5041B85477B5", "EventData_Signed": "true", "EventData_Signature": "Microsoft Windows", "EventData_SignatureStatus": "Valid", "EventData_User": "DESKTOP-P5C3MUD\\user"}
{"Provider_Name": "Microsoft-Windows-Sysmon", "Provider_Guid": "{5770385f-c22a-43e0-bf4c-06f5698ffbd9}", "Provider": null, "EventID_Qualifiers": "", "EventID": "7", "Version": "3", "Level": "4", "Task": "7", "Opcode": "0", "Keywords": "0x8000000000000000", "TimeCreated_SystemTime": "2023-09-27 06:50:42.753048", "TimeCreated": null, "EventRecordID": "29573", "Correlation_ActivityID": "", "Correlation_RelatedActivityID": "", "Correlation": null, "Execution_ProcessID": "3368", "Execution_ThreadID": "3332", "Execution": null, "Channel": "Microsoft-Windows-Sysmon/Operational", "Computer": "DESKTOP-P5C3MUD", "Security_UserID": "S-1-5-18", "Security": null, "EventData_RuleName": "-", "EventData_UtcTime": "2023-09-27 06:50:42.748", "EventData_ProcessGuid": "{4557fbaa-d0c2-6513-7401-000000000e00}", "EventData_ProcessId": "8216", "EventData_Image": "C:\\Windows\\System32\\conhost.exe", "EventData_ImageLoaded": "C:\\Windows\\System32\\advapi32.dll", "EventData_FileVersion": "10.0.19041.3393 (WinBuild.160101.0800)", "EventData_Description": "Advanced Windows 32 Base API", "EventData_Product": "Microsoft\u00ae Windows\u00ae Operating System", "EventData_Company": "Microsoft Corporation", "EventData_OriginalFileName": "advapi32.dll", "EventData_Hashes": "SHA1=3489CD6055ED93368D2B2425E16B5EC8D217765E,MD5=D9EA51D6491617082AE6F68673211EBB,SHA256=3D927DE857F39B2953527100FF7B4AA507E959BF233D03B47299B19DE9755CB6,IMPHASH=06386997D444E0E8F791C29BE0E7A843", "EventData_Signed": "true", "EventData_Signature": "Microsoft Windows", "EventData_SignatureStatus": "Valid", "EventData_User": "DESKTOP-P5C3MUD\\user"}
{"Provider_Name": "Microsoft-Windows-Sysmon", "Provider_Guid": "{5770385f-c22a-43e0-bf4c-06f5698ffbd9}", "Provider": null, "EventID_Qualifiers": "", "EventID": "7", "Version": "3", "Level": "4", "Task": "7", "Opcode": "0", "Keywords": "0x8000000000000000", "TimeCreated_SystemTime": "2023-09-27 06:50:42.753275", "TimeCreated": null, "EventRecordID": "29574", "Correlation_ActivityID": "", "Correlation_RelatedActivityID": "", "Correlation": null, "Execution_ProcessID": "3368", "Execution_ThreadID": "3332", "Execution": null, "Channel": "Microsoft-Windows-Sysmon/Operational", "Computer": "DESKTOP-P5C3MUD", "Security_UserID": "S-1-5-18", "Security": null, "EventData_RuleName": "-", "EventData_UtcTime": "2023-09-27 06:50:42.748", "EventData_ProcessGuid": "{4557fbaa-d0c2-6513-7401-000000000e00}", "EventData_ProcessId": "8216", "EventData_Image": "C:\\Windows\\System32\\conhost.exe", "EventData_ImageLoaded": "C:\\Windows\\System32\\sechost.dll", "EventData_FileVersion": "10.0.19041.3393 (WinBuild.160101.0800)", "EventData_Description": "Host for SCM/SDDL/LSA Lookup APIs", "EventData_Product": "Microsoft\u00ae Windows\u00ae Operating System", "EventData_Company": "Microsoft Corporation", "EventData_OriginalFileName": "sechost.dll", "EventData_Hashes": "SHA1=5C500A625D81E3D562BAF43B3C4850BB6B0CFEE6,MD5=24B419A4E95C201FE5E84010F08F3861,SHA256=C9C852E4BED8A80080A1E9F25F4B1A1C1709198D56C8A55DF50754E004D23A08,IMPHASH=CE4BD072766253F6A267D0284CA82002", "EventData_Signed": "true", "EventData_Signature": "Microsoft Windows", "EventData_SignatureStatus": "Valid", "EventData_User": "DESKTOP-P5C3MUD\\user"}
{"Provider_Name": "Microsoft-Windows-Sysmon", "Provider_Guid": "{5770385f-c22a-43e0-bf4c-06f5698ffbd9}", "Provider": null, "EventID_Qualifiers": "", "EventID": "10", "Version": "3", "Level": "4", "Task": "10", "Opcode": "0", "Keywords": "0x8000000000000000", "TimeCreated_SystemTime": "2023-09-27 06:50:42.754896", "TimeCreated": null, "EventRecordID": "29575", "Correlation_ActivityID": "", "Correlation_RelatedActivityID": "", "Correlation": null, "Execution_ProcessID": "3368", "Execution_ThreadID": "3332", "Execution": null, "Channel": "Microsoft-Windows-Sysmon/Operational", "Computer": "DESKTOP-P5C3MUD", "Security_UserID": "S-1-5-18", "Security": null, "EventData_RuleName": "-", "EventData_UtcTime": "2023-09-27 06:50:42.748", "EventData_SourceProcessGUID": "{4557fbaa-d0c2-6513-7401-000000000e00}", "EventData_SourceProcessId": "8216", "EventData_SourceThreadId": "4936", "EventData_SourceImage": "C:\\Windows\\system32\\conhost.exe", "EventData_TargetProcessGUID": "{4557fbaa-d0c2-6513-7301-000000000e00}", "EventData_TargetProcessId": "10884", "EventData_TargetImage": "E:\\Experiment\\Windows Hacker Attack Program\\5\\\u6ce8\u518c\u8868\u81ea\u542f\u52a8\\AutoRun_Reg_Test.exe", "EventData_GrantedAccess": "0x001fffff", "EventData_CallTrace": "C:\\Windows\\SYSTEM32\\ntdll.dll+9d314|C:\\Windows\\System32\\KERNELBASE.dll+308ee|C:\\Windows\\system32\\conhost.exe+13a99|C:\\Windows\\system32\\conhost.exe+13be1|C:\\Windows\\system32\\conhost.exe+13d67|C:\\Windows\\system32\\conhost.exe+1114c|C:\\Windows\\System32\\KERNEL32.DLL+17344|C:\\Windows\\SYSTEM32\\ntdll.dll+526b1", "EventData_SourceUser": "DESKTOP-P5C3MUD\\user", "EventData_TargetUser": "DESKTOP-P5C3MUD\\user"}
{"Provider_Name": "Microsoft-Windows-Sysmon", "Provider_Guid": "{5770385f-c22a-43e0-bf4c-06f5698ffbd9}", "Provider": null, "EventID_Qualifiers": "", "EventID": "7", "Version": "3", "Level": "4", "Task": "7", "Opcode": "0", "Keywords": "0x8000000000000000", "TimeCreated_SystemTime": "2023-09-27 06:50:42.755217", "TimeCreated": null, "EventRecordID": "29576", "Correlation_ActivityID": "", "Correlation_RelatedActivityID": "", "Correlation": null, "Execution_ProcessID": "3368", "Execution_ThreadID": "3332", "Execution": null, "Channel": "Microsoft-Windows-Sysmon/Operational", "Computer": "DESKTOP-P5C3MUD", "Security_UserID": "S-1-5-18", "Security": null, "EventData_RuleName": "-", "EventData_UtcTime": "2023-09-27 06:50:42.748", "EventData_ProcessGuid": "{4557fbaa-d0c2-6513-7401-000000000e00}", "EventData_ProcessId": "8216", "EventData_Image": "C:\\Windows\\System32\\conhost.exe", "EventData_ImageLoaded": "C:\\Windows\\System32\\user32.dll", "EventData_FileVersion": "10.0.19041.3393 (WinBuild.160101.0800)", "EventData_Description": "Multi-User Windows USER API Client DLL", "EventData_Product": "Microsoft\u00ae Windows\u00ae Operating System", "EventData_Company": "Microsoft Corporation", "EventData_OriginalFileName": "user32", "EventData_Hashes": "SHA1=5F3128C036A7530EE4B33D9FA5026E674DB1E74F,MD5=96C3909034563760C1CCE9C861EF09B2,SHA256=0C6AB90977CA441DBD6B817B8CFCB21DD116827FDE027EC37312AFA8C080A30E,IMPHASH=ACEFB29F9A55C4D3D28B877834EE0A10", "EventData_Signed": "true", "EventData_Signature": "Microsoft Windows", "EventData_SignatureStatus": "Valid", "EventData_User": "DESKTOP-P5C3MUD\\user"}
{"Provider_Name": "Microsoft-Windows-Sysmon", "Provider_Guid": "{5770385f-c22a-43e0-bf4c-06f5698ffbd9}", "Provider": null, "EventID_Qualifiers": "", "EventID": "7", "Version": "3", "Level": "4", "Task": "7", "Opcode": "0", "Keywords": "0x8000000000000000", "TimeCreated_SystemTime": "2023-09-27 06:50:42.755383", "TimeCreated": null, "EventRecordID": "29577", "Correlation_ActivityID": "", "Correlation_RelatedActivityID": "", "Correlation": null, "Execution_ProcessID": "3368", "Execution_ThreadID": "3332", "Execution": null, "Channel": "Microsoft-Windows-Sysmon/Operational", "Computer": "DESKTOP-P5C3MUD", "Security_UserID": "S-1-5-18", "Security": null, "EventData_RuleName": "-", "EventData_UtcTime": "2023-09-27 06:50:42.748", "EventData_ProcessGuid": "{4557fbaa-d0c2-6513-7401-000000000e00}", "EventData_ProcessId": "8216", "EventData_Image": "C:\\Windows\\System32\\conhost.exe", "EventData_ImageLoaded": "C:\\Windows\\System32\\win32u.dll", "EventData_FileVersion": "10.0.19041.3448 (WinBuild.160101.0800)", "EventData_Description": "Win32u", "EventData_Product": "Microsoft\u00ae Windows\u00ae Operating System", "EventData_Company": "Microsoft Corporation", "EventData_OriginalFileName": "Win32u.DLL", "EventData_Hashes": "SHA1=29908492F3C3FCE45523982B63BC3703B751F654,MD5=27C10E2FD541BE67A008EF885855260F,SHA256=FD6C42098EA0F4BDA3EBE032211A8F89E00D21EE3D8177E374578C5CFEE739CF,IMPHASH=00000000000000000000000000000000", "EventData_Signed": "true", "EventData_Signature": "Microsoft Windows", "EventData_SignatureStatus": "Valid", "EventData_User": "DESKTOP-P5C3MUD\\user"}
{"Provider_Name": "Microsoft-Windows-Sysmon", "Provider_Guid": "{5770385f-c22a-43e0-bf4c-06f5698ffbd9}", "Provider": null, "EventID_Qualifiers": "", "EventID": "7", "Version": "3", "Level": "4", "Task": "7", "Opcode": "0", "Keywords": "0x8000000000000000", "TimeCreated_SystemTime": "2023-09-27 06:50:42.755606", "TimeCreated": null, "EventRecordID": "29578", "Correlation_ActivityID": "", "Correlation_RelatedActivityID": "", "Correlation": null, "Execution_ProcessID": "3368", "Execution_ThreadID": "3332", "Execution": null, "Channel": "Microsoft-Windows-Sysmon/Operational", "Computer": "DESKTOP-P5C3MUD", "Security_UserID": "S-1-5-18", "Security": null, "EventData_RuleName": "-", "EventData_UtcTime": "2023-09-27 06:50:42.748", "EventData_ProcessGuid": "{4557fbaa-d0c2-6513-7401-000000000e00}", "EventData_ProcessId": "8216", "EventData_Image": "C:\\Windows\\System32\\conhost.exe", "EventData_ImageLoaded": "C:\\Windows\\System32\\gdi32.dll", "EventData_FileVersion": "10.0.19041.3393 (WinBuild.160101.0800)", "EventData_Description": "GDI Client DLL", "EventData_Product": "Microsoft\u00ae Windows\u00ae Operating System", "EventData_Company": "Microsoft Corporation", "EventData_OriginalFileName": "gdi32", "EventData_Hashes": "SHA1=8CF4A6A8343A1B01CDC6A03FC8C5E8EFD0D05A98,MD5=9A79E67E9496A870B73FECA86A76C485,SHA256=09A101F2E6D9BA2BF9C3AFC5A52A572BC5B957A09B8A6221DBB69D0980E61C8D,IMPHASH=BAFBAAAA84FFAA63DAEF38BC7FBC0E2D", "EventData_Signed": "true", "EventData_Signature": "Microsoft Windows", "EventData_SignatureStatus": "Valid", "EventData_User": "DESKTOP-P5C3MUD\\user"}
{"Provider_Name": "Microsoft-Windows-Sysmon", "Provider_Guid": "{5770385f-c22a-43e0-bf4c-06f5698ffbd9}", "Provider": null, "EventID_Qualifiers": "", "EventID": "7", "Version": "3", "Level": "4", "Task": "7", "Opcode": "0", "Keywords": "0x8000000000000000", "TimeCreated_SystemTime": "2023-09-27 06:50:42.755833", "TimeCreated": null, "EventRecordID": "29579", "Correlation_ActivityID": "", "Correlation_RelatedActivityID": "", "Correlation": null, "Execution_ProcessID": "3368", "Execution_ThreadID": "3332", "Execution": null, "Channel": "Microsoft-Windows-Sysmon/Operational", "Computer": "DESKTOP-P5C3MUD", "Security_UserID": "S-1-5-18", "Security": null, "EventData_RuleName": "-", "EventData_UtcTime": "2023-09-27 06:50:42.748", "EventData_ProcessGuid": "{4557fbaa-d0c2-6513-7401-000000000e00}", "EventData_ProcessId": "8216", "EventData_Image": "C:\\Windows\\System32\\conhost.exe", "EventData_ImageLoaded": "C:\\Windows\\System32\\gdi32full.dll", "EventData_FileVersion": "10.0.19041.3393 (WinBuild.160101.0800)", "EventData_Description": "GDI Client DLL", "EventData_Product": "Microsoft\u00ae Windows\u00ae Operating System", "EventData_Company": "Microsoft Corporation", "EventData_OriginalFileName": "gdi32", "EventData_Hashes": "SHA1=A7FD81C2CC18E6EFE865D2F8DFDC671C1251452F,MD5=EC03004D454E330E168F456958B1C8ED,SHA256=ED27B0A962374F81DC5A857C6B2E99F9A6B3AD6C77BD603C51E63E11082EBB4F,IMPHASH=36F08372BA36C1D01D82282984115F63", "EventData_Signed": "true", "EventData_Signature": "Microsoft Windows", "EventData_SignatureStatus": "Valid", "EventData_User": "DESKTOP-P5C3MUD\\user"}
{"Provider_Name": "Microsoft-Windows-Sysmon", "Provider_Guid": "{5770385f-c22a-43e0-bf4c-06f5698ffbd9}", "Provider": null, "EventID_Qualifiers": "", "EventID": "7", "Version": "3", "Level": "4", "Task": "7", "Opcode": "0", "Keywords": "0x8000000000000000", "TimeCreated_SystemTime": "2023-09-27 06:50:42.756437", "TimeCreated": null, "EventRecordID": "29580", "Correlation_ActivityID": "", "Correlation_RelatedActivityID": "", "Correlation": null, "Execution_ProcessID": "3368", "Execution_ThreadID": "3332", "Execution": null, "Channel": "Microsoft-Windows-Sysmon/Operational", "Computer": "DESKTOP-P5C3MUD", "Security_UserID": "S-1-5-18", "Security": null, "EventData_RuleName": "-", "EventData_UtcTime": "2023-09-27 06:50:42.748", "EventData_ProcessGuid": "{4557fbaa-d0c2-6513-7401-000000000e00}", "EventData_ProcessId": "8216", "EventData_Image": "C:\\Windows\\System32\\conhost.exe", "EventData_ImageLoaded": "C:\\Windows\\System32\\imm32.dll", "EventData_FileVersion": "10.0.19041.2673 (WinBuild.160101.0800)", "EventData_Description": "Multi-User Windows IMM32 API Client DLL", "EventData_Product": "Microsoft\u00ae Windows\u00ae Operating System", "EventData_Company": "Microsoft Corporation", "EventData_OriginalFileName": "imm32", "EventData_Hashes": "SHA1=2979BB5D7383BC572782A5C8D913686342C45FD3,MD5=347542E79D4F36230FCEED464396B9E6,SHA256=C84AFA005D82A0C03C594BF1EE95702B1D19AB61A199C052CE34F5566F64548B,IMPHASH=5DA18AF11C75E49C602FE2CCDD45B0A5", "EventData_Signed": "true", "EventData_Signature": "Microsoft Windows", "EventData_SignatureStatus": "Valid", "EventData_User": "DESKTOP-P5C3MUD\\user"}
{"Provider_Name": "Microsoft-Windows-Sysmon", "Provider_Guid": "{5770385f-c22a-43e0-bf4c-06f5698ffbd9}", "Provider": null, "EventID_Qualifiers": "", "EventID": "7", "Version": "3", "Level": "4", "Task": "7", "Opcode": "0", "Keywords": "0x8000000000000000", "TimeCreated_SystemTime": "2023-09-27 06:50:42.757898", "TimeCreated": null, "EventRecordID": "29581", "Correlation_ActivityID": "", "Correlation_RelatedActivityID": "", "Correlation": null, "Execution_ProcessID": "3368", "Execution_ThreadID": "3332", "Execution": null, "Channel": "Microsoft-Windows-Sysmon/Operational", "Computer": "DESKTOP-P5C3MUD", "Security_UserID": "S-1-5-18", "Security": null, "EventData_RuleName": "-", "EventData_UtcTime": "2023-09-27 06:50:42.748", "EventData_ProcessGuid": "{4557fbaa-d0c2-6513-7401-000000000e00}", "EventData_ProcessId": "8216", "EventData_Image": "C:\\Windows\\System32\\conhost.exe", "EventData_ImageLoaded": "C:\\Windows\\System32\\shell32.dll", "EventData_FileVersion": "10.0.19041.3393 (WinBuild.160101.0800)", "EventData_Description": "Windows Shell Common Dll", "EventData_Product": "Microsoft\u00ae Windows\u00ae Operating System", "EventData_Company": "Microsoft Corporation", "EventData_OriginalFileName": "SHELL32.DLL", "EventData_Hashes": "SHA1=A90C625D36E454629071DD99CC7B5B3223F19488,MD5=5CF19FB713C5F33ED7E31216EA96AB6B,SHA256=5D25870C64A19C10A3E677A3D204EEB3B6FA1277FDC482D52870D30BF256180D,IMPHASH=3648A023F5B7A5D59466101DE5AD33EF", "EventData_Signed": "true", "EventData_Signature": "Microsoft Windows", "EventData_SignatureStatus": "Valid", "EventData_User": "DESKTOP-P5C3MUD\\user"}
{"Provider_Name": "Microsoft-Windows-Sysmon", "Provider_Guid": "{5770385f-c22a-43e0-bf4c-06f5698ffbd9}", "Provider": null, "EventID_Qualifiers": "", "EventID": "10", "Version": "3", "Level": "4", "Task": "10", "Opcode": "0", "Keywords": "0x8000000000000000", "TimeCreated_SystemTime": "2023-09-27 06:50:42.758984", "TimeCreated": null, "EventRecordID": "29582", "Correlation_ActivityID": "", "Correlation_RelatedActivityID": "", "Correlation": null, "Execution_ProcessID": "3368", "Execution_ThreadID": "3332", "Execution": null, "Channel": "Microsoft-Windows-Sysmon/Operational", "Computer": "DESKTOP-P5C3MUD", "Security_UserID": "S-1-5-18", "Security": null, "EventData_RuleName": "-", "EventData_UtcTime": "2023-09-27 06:50:42.748", "EventData_SourceProcessGUID": "{4557fbaa-ce2f-6513-2600-000000000e00}", "EventData_SourceProcessId": "1728", "EventData_SourceThreadId": "1784", "EventData_SourceImage": "C:\\Windows\\System32\\svchost.exe", "EventData_TargetProcessGUID": "{4557fbaa-d0c2-6513-7401-000000000e00}", "EventData_TargetProcessId": "8216", "EventData_TargetImage": "C:\\Windows\\system32\\conhost.exe", "EventData_GrantedAccess": "0x00001478", "EventData_CallTrace": "C:\\Windows\\SYSTEM32\\ntdll.dll+9d314|c:\\windows\\system32\\themeservice.dll+1bdb|c:\\windows\\system32\\themeservice.dll+1836|c:\\windows\\system32\\themeservice.dll+65ac|c:\\windows\\system32\\themeservice.dll+b9d8|c:\\windows\\system32\\themeservice.dll+a846|C:\\Windows\\System32\\svchost.exe+4340|C:\\Windows\\System32\\sechost.dll+dfd8|C:\\Windows\\System32\\KERNEL32.DLL+17344|C:\\Windows\\SYSTEM32\\ntdll.dll+526b1", "EventData_SourceUser": "NT AUTHORITY\\SYSTEM", "EventData_TargetUser": "DESKTOP-P5C3MUD\\user"}
{"Provider_Name": "Microsoft-Windows-Sysmon", "Provider_Guid": "{5770385f-c22a-43e0-bf4c-06f5698ffbd9}", "Provider": null, "EventID_Qualifiers": "", "EventID": "7", "Version": "3", "Level": "4", "Task": "7", "Opcode": "0", "Keywords": "0x8000000000000000", "TimeCreated_SystemTime": "2023-09-27 06:50:42.770767", "TimeCreated": null, "EventRecordID": "29583", "Correlation_ActivityID": "", "Correlation_RelatedActivityID": "", "Correlation": null, "Execution_ProcessID": "3368", "Execution_ThreadID": "888", "Execution": null, "Channel": "Microsoft-Windows-Sysmon/Operational", "Computer": "DESKTOP-P5C3MUD", "Security_UserID": "S-1-5-18", "Security": null, "EventData_RuleName": "-", "EventData_UtcTime": "2023-09-27 06:50:42.748", "EventData_ProcessGuid": "{4557fbaa-d0c2-6513-7401-000000000e00}", "EventData_ProcessId": "8216", "EventData_Image": "C:\\Windows\\System32\\conhost.exe", "EventData_ImageLoaded": "C:\\Windows\\System32\\uxtheme.dll", "EventData_FileVersion": "10.0.19041.3393 (WinBuild.160101.0800)", "EventData_Description": "Microsoft UxTheme Library", "EventData_Product": "Microsoft\u00ae Windows\u00ae Operating System", "EventData_Company": "Microsoft Corporation", "EventData_OriginalFileName": "UxTheme.dll", "EventData_Hashes": "SHA1=06E46F9F566FE8F9AF8B5B33AEC953F38404DF6C,MD5=828C95B5692CD182FCEE3D70E25C916B,SHA256=87FAE30470880C3C30FDAF0EFAEB15B7AEEF76A7C02A6EA8A26FFCEE0E3F23E2,IMPHASH=37F8EA82AFF569AD28F47E01131E3D05", "EventData_Signed": "true", "EventData_Signature": "Microsoft Windows", "EventData_SignatureStatus": "Valid", "EventData_User": "DESKTOP-P5C3MUD\\user"}
{"Provider_Name": "Microsoft-Windows-Sysmon", "Provider_Guid": "{5770385f-c22a-43e0-bf4c-06f5698ffbd9}", "Provider": null, "EventID_Qualifiers": "", "EventID": "7", "Version": "3", "Level": "4", "Task": "7", "Opcode": "0", "Keywords": "0x8000000000000000", "TimeCreated_SystemTime": "2023-09-27 06:50:42.782518", "TimeCreated": null, "EventRecordID": "29584", "Correlation_ActivityID": "", "Correlation_RelatedActivityID": "", "Correlation": null, "Execution_ProcessID": "3368", "Execution_ThreadID": "3332", "Execution": null, "Channel": "Microsoft-Windows-Sysmon/Operational", "Computer": "DESKTOP-P5C3MUD", "Security_UserID": "S-1-5-18", "Security": null, "EventData_RuleName": "-", "EventData_UtcTime": "2023-09-27 06:50:42.779", "EventData_ProcessGuid": "{4557fbaa-d0c2-6513-7401-000000000e00}", "EventData_ProcessId": "8216", "EventData_Image": "C:\\Windows\\System32\\conhost.exe", "EventData_ImageLoaded": "C:\\Windows\\System32\\msctf.dll", "EventData_FileVersion": "10.0.19041.2673 (WinBuild.160101.0800)", "EventData_Description": "MSCTF Server DLL", "EventData_Product": "Microsoft\u00ae Windows\u00ae Operating System", "EventData_Company": "Microsoft Corporation", "EventData_OriginalFileName": "MSCTF.DLL", "EventData_Hashes": "SHA1=6FB79D9458C13F07180CAF748D64190F02B7C143,MD5=0CB8FB1BF59AD48CC5CFFD00145D649E,SHA256=7F5693CD685CD21C733854E4B7EDC0BCE7AAB1F266501539EB26227C2FC4C4B1,IMPHASH=2D498809E56B0FAE7CE659A3C8C8A1CF", "EventData_Signed": "true", "EventData_Signature": "Microsoft Windows", "EventData_SignatureStatus": "Valid", "EventData_User": "DESKTOP-P5C3MUD\\user"}
{"Provider_Name": "Microsoft-Windows-Sysmon", "Provider_Guid": "{5770385f-c22a-43e0-bf4c-06f5698ffbd9}", "Provider": null, "EventID_Qualifiers": "", "EventID": "7", "Version": "3", "Level": "4", "Task": "7", "Opcode": "0", "Keywords": "0x8000000000000000", "TimeCreated_SystemTime": "2023-09-27 06:50:42.782669", "TimeCreated": null, "EventRecordID": "29585", "Correlation_ActivityID": "", "Correlation_RelatedActivityID": "", "Correlation": null, "Execution_ProcessID": "3368", "Execution_ThreadID": "3332", "Execution": null, "Channel": "Microsoft-Windows-Sysmon/Operational", "Computer": "DESKTOP-P5C3MUD", "Security_UserID": "S-1-5-18", "Security": null, "EventData_RuleName": "-", "EventData_UtcTime": "2023-09-27 06:50:42.779", "EventData_ProcessGuid": "{4557fbaa-d0c2-6513-7401-000000000e00}", "EventData_ProcessId": "8216", "EventData_Image": "C:\\Windows\\System32\\conhost.exe", "EventData_ImageLoaded": "C:\\Windows\\System32\\oleaut32.dll", "EventData_FileVersion": "10.0.19041.3208 (WinBuild.160101.0800)", "EventData_Description": "OLEAUT32.DLL", "EventData_Product": "Microsoft\u00ae Windows\u00ae Operating System", "EventData_Company": "Microsoft Corporation", "EventData_OriginalFileName": "OLEAUT32.DLL", "EventData_Hashes": "SHA1=2A7A94B87F7B9D1925600B468F2CD338E3A15330,MD5=7F045873F7045026A484A13131C890D8,SHA256=AE9F58ACBD39877CC92464E1D5698B04EB57E72D7C084FF5701641AED3E6211C,IMPHASH=88D04AF7498CEDC8E8B296BF84CBDB16", "EventData_Signed": "true", "EventData_Signature": "Microsoft Windows", "EventData_SignatureStatus": "Valid", "EventData_User": "DESKTOP-P5C3MUD\\user"}
{"Provider_Name": "Microsoft-Windows-Sysmon", "Provider_Guid": "{5770385f-c22a-43e0-bf4c-06f5698ffbd9}", "Provider": null, "EventID_Qualifiers": "", "EventID": "7", "Version": "3", "Level": "4", "Task": "7", "Opcode": "0", "Keywords": "0x8000000000000000", "TimeCreated_SystemTime": "2023-09-27 06:50:42.787977", "TimeCreated": null, "EventRecordID": "29586", "Correlation_ActivityID": "", "Correlation_RelatedActivityID": "", "Correlation": null, "Execution_ProcessID": "3368", "Execution_ThreadID": "3332", "Execution": null, "Channel": "Microsoft-Windows-Sysmon/Operational", "Computer": "DESKTOP-P5C3MUD", "Security_UserID": "S-1-5-18", "Security": null, "EventData_RuleName": "-", "EventData_UtcTime": "2023-09-27 06:50:42.779", "EventData_ProcessGuid": "{4557fbaa-d0c2-6513-7401-000000000e00}", "EventData_ProcessId": "8216", "EventData_Image": "C:\\Windows\\System32\\conhost.exe", "EventData_ImageLoaded": "C:\\Windows\\System32\\TextShaping.dll", "EventData_FileVersion": "-", "EventData_Description": "-", "EventData_Product": "-", "EventData_Company": "-", "EventData_OriginalFileName": "-", "EventData_Hashes": "SHA1=C0222E0ED87B618A16564DADD485CE3A80B762E2,MD5=4C528AE5D512E3901BACAA5D75240381,SHA256=B51BBE4C3D01ED3ECB8947C7CCE071022149496D713E65E5A30CACAA82B7681E,IMPHASH=A943777AC898B6DD3182E319E9ECBC5E", "EventData_Signed": "true", "EventData_Signature": "Microsoft Windows", "EventData_SignatureStatus": "Valid", "EventData_User": "DESKTOP-P5C3MUD\\user"}
{"Provider_Name": "Microsoft-Windows-Sysmon", "Provider_Guid": "{5770385f-c22a-43e0-bf4c-06f5698ffbd9}", "Provider": null, "EventID_Qualifiers": "", "EventID": "7", "Version": "3", "Level": "4", "Task": "7", "Opcode": "0", "Keywords": "0x8000000000000000", "TimeCreated_SystemTime": "2023-09-27 06:50:42.792849", "TimeCreated": null, "EventRecordID": "29587", "Correlation_ActivityID": "", "Correlation_RelatedActivityID": "", "Correlation": null, "Execution_ProcessID": "3368", "Execution_ThreadID": "3332", "Execution": null, "Channel": "Microsoft-Windows-Sysmon/Operational", "Computer": "DESKTOP-P5C3MUD", "Security_UserID": "S-1-5-18", "Security": null, "EventData_RuleName": "-", "EventData_UtcTime": "2023-09-27 06:50:42.779", "EventData_ProcessGuid": "{4557fbaa-d0c2-6513-7401-000000000e00}", "EventData_ProcessId": "8216", "EventData_Image": "C:\\Windows\\System32\\conhost.exe", "EventData_ImageLoaded": "C:\\Windows\\WinSxS\\amd64_microsoft.windows.common-controls_6595b64144ccf1df_6.0.19041.1110_none_60b5254171f9507e\\comctl32.dll", "EventData_FileVersion": "6.10 (WinBuild.160101.0800)", "EventData_Description": "User Experience Controls Library", "EventData_Product": "Microsoft\u00ae Windows\u00ae Operating System", "EventData_Company": "Microsoft Corporation", "EventData_OriginalFileName": "comctl32.DLL", "EventData_Hashes": "SHA1=625C424E6104F4EA83FB797E37748E02BB7DA05A,MD5=BC6BE4F87A4557179349323F23B5685F,SHA256=8972AA51E8EFF7A0DD87DBC6D70EFDF2F2F997A3B1F83AE6CCEA95B5650BA36E,IMPHASH=BC25EFB9E708A6B2C2CA9C59E4DA6B79", "EventData_Signed": "true", "EventData_Signature": "Microsoft Windows", "EventData_SignatureStatus": "Valid", "EventData_User": "DESKTOP-P5C3MUD\\user"}
{"Provider_Name": "Microsoft-Windows-Sysmon", "Provider_Guid": "{5770385f-c22a-43e0-bf4c-06f5698ffbd9}", "Provider": null, "EventID_Qualifiers": "", "EventID": "7", "Version": "3", "Level": "4", "Task": "7", "Opcode": "0", "Keywords": "0x8000000000000000", "TimeCreated_SystemTime": "2023-09-27 06:50:42.794968", "TimeCreated": null, "EventRecordID": "29588", "Correlation_ActivityID": "", "Correlation_RelatedActivityID": "", "Correlation": null, "Execution_ProcessID": "3368", "Execution_ThreadID": "3332", "Execution": null, "Channel": "Microsoft-Windows-Sysmon/Operational", "Computer": "DESKTOP-P5C3MUD", "Security_UserID": "S-1-5-18", "Security": null, "EventData_RuleName": "-", "EventData_UtcTime": "2023-09-27 06:50:42.779", "EventData_ProcessGuid": "{4557fbaa-d0c2-6513-7401-000000000e00}", "EventData_ProcessId": "8216", "EventData_Image": "C:\\Windows\\System32\\conhost.exe", "EventData_ImageLoaded": "C:\\Windows\\System32\\dwmapi.dll", "EventData_FileVersion": "10.0.19041.746 (WinBuild.160101.0800)", "EventData_Description": "Microsoft Desktop Window Manager API", "EventData_Product": "Microsoft\u00ae Windows\u00ae Operating System", "EventData_Company": "Microsoft Corporation", "EventData_OriginalFileName": "dwmapi.dll", "EventData_Hashes": "SHA1=14B77D5D9F2248DB1AC00015F10AE51323837543,MD5=B4915A95C8179AE230BF172F5A0F15C4,SHA256=E60A375B9222AD55921F6A54D225B2E13FEDBA9AD88FB19C513C960F5E4D3F6F,IMPHASH=AD400860F9D4836AA3A33D24EF565116", "EventData_Signed": "true", "EventData_Signature": "Microsoft Windows", "EventData_SignatureStatus": "Valid", "EventData_User": "DESKTOP-P5C3MUD\\user"}
{"Provider_Name": "Microsoft-Windows-Sysmon", "Provider_Guid": "{5770385f-c22a-43e0-bf4c-06f5698ffbd9}", "Provider": null, "EventID_Qualifiers": "", "EventID": "10", "Version": "3", "Level": "4", "Task": "10", "Opcode": "0", "Keywords": "0x8000000000000000", "TimeCreated_SystemTime": "2023-09-27 06:50:42.795315", "TimeCreated": null, "EventRecordID": "29589", "Correlation_ActivityID": "", "Correlation_RelatedActivityID": "", "Correlation": null, "Execution_ProcessID": "3368", "Execution_ThreadID": "3332", "Execution": null, "Channel": "Microsoft-Windows-Sysmon/Operational", "Computer": "DESKTOP-P5C3MUD", "Security_UserID": "S-1-5-18", "Security": null, "EventData_RuleName": "-", "EventData_UtcTime": "2023-09-27 06:50:42.779", "EventData_SourceProcessGUID": "{4557fbaa-ce38-6513-8800-000000000e00}", "EventData_SourceProcessId": "5556", "EventData_SourceThreadId": "5312", "EventData_SourceImage": "C:\\Windows\\Explorer.EXE", "EventData_TargetProcessGUID": "{4557fbaa-d0c2-6513-7401-000000000e00}", "EventData_TargetProcessId": "8216", "EventData_TargetImage": "C:\\Windows\\system32\\conhost.exe", "EventData_GrantedAccess": "0x00001410", "EventData_CallTrace": "C:\\Windows\\SYSTEM32\\ntdll.dll+9d314|C:\\Windows\\System32\\KERNELBASE.dll+308ee|C:\\Windows\\system32\\twinui.pcshell.dll+1f86f|C:\\Windows\\system32\\twinui.pcshell.dll+14d176|C:\\Windows\\System32\\KERNEL32.DLL+17344|C:\\Windows\\SYSTEM32\\ntdll.dll+526b1", "EventData_SourceUser": "DESKTOP-P5C3MUD\\user", "EventData_TargetUser": "DESKTOP-P5C3MUD\\user"}
{"Provider_Name": "Microsoft-Windows-Sysmon", "Provider_Guid": "{5770385f-c22a-43e0-bf4c-06f5698ffbd9}", "Provider": null, "EventID_Qualifiers": "", "EventID": "10", "Version": "3", "Level": "4", "Task": "10", "Opcode": "0", "Keywords": "0x8000000000000000", "TimeCreated_SystemTime": "2023-09-27 06:50:42.796322", "TimeCreated": null, "EventRecordID": "29590", "Correlation_ActivityID": "", "Correlation_RelatedActivityID": "", "Correlation": null, "Execution_ProcessID": "3368", "Execution_ThreadID": "3332", "Execution": null, "Channel": "Microsoft-Windows-Sysmon/Operational", "Computer": "DESKTOP-P5C3MUD", "Security_UserID": "S-1-5-18", "Security": null, "EventData_RuleName": "-", "EventData_UtcTime": "2023-09-27 06:50:42.795", "EventData_SourceProcessGUID": "{4557fbaa-ce38-6513-8800-000000000e00}", "EventData_SourceProcessId": "5556", "EventData_SourceThreadId": "5312", "EventData_SourceImage": "C:\\Windows\\Explorer.EXE", "EventData_TargetProcessGUID": "{4557fbaa-d0c2-6513-7401-000000000e00}", "EventData_TargetProcessId": "8216", "EventData_TargetImage": "C:\\Windows\\system32\\conhost.exe", "EventData_GrantedAccess": "0x00001410", "EventData_CallTrace": "C:\\Windows\\SYSTEM32\\ntdll.dll+9d314|C:\\Windows\\System32\\KERNELBASE.dll+308ee|C:\\Windows\\System32\\appresolver.dll+24d21|C:\\Windows\\System32\\appresolver.dll+21ce7|C:\\Windows\\system32\\twinui.pcshell.dll+1fab7|C:\\Windows\\system32\\twinui.pcshell.dll+14d176|C:\\Windows\\System32\\KERNEL32.DLL+17344|C:\\Windows\\SYSTEM32\\ntdll.dll+526b1", "EventData_SourceUser": "DESKTOP-P5C3MUD\\user", "EventData_TargetUser": "DESKTOP-P5C3MUD\\user"}
{"Provider_Name": "Microsoft-Windows-Sysmon", "Provider_Guid": "{5770385f-c22a-43e0-bf4c-06f5698ffbd9}", "Provider": null, "EventID_Qualifiers": "", "EventID": "7", "Version": "3", "Level": "4", "Task": "7", "Opcode": "0", "Keywords": "0x8000000000000000", "TimeCreated_SystemTime": "2023-09-27 06:50:42.796669", "TimeCreated": null, "EventRecordID": "29591", "Correlation_ActivityID": "", "Correlation_RelatedActivityID": "", "Correlation": null, "Execution_ProcessID": "3368", "Execution_ThreadID": "3332", "Execution": null, "Channel": "Microsoft-Windows-Sysmon/Operational", "Computer": "DESKTOP-P5C3MUD", "Security_UserID": "S-1-5-18", "Security": null, "EventData_RuleName": "-", "EventData_UtcTime": "2023-09-27 06:50:42.795", "EventData_ProcessGuid": "{4557fbaa-d0c2-6513-7401-000000000e00}", "EventData_ProcessId": "8216", "EventData_Image": "C:\\Windows\\System32\\conhost.exe", "EventData_ImageLoaded": "C:\\Windows\\System32\\kernel.appcore.dll", "EventData_FileVersion": "10.0.19041.546 (WinBuild.160101.0800)", "EventData_Description": "AppModel API Host", "EventData_Product": "Microsoft\u00ae Windows\u00ae Operating System", "EventData_Company": "Microsoft Corporation", "EventData_OriginalFileName": "kernel.appcore.dll", "EventData_Hashes": "SHA1=CDBA1CC8FD390B4F8101B5A22B0AA0BA5605C7DB,MD5=AF68FDDB20DF61ECE812B542176949E4,SHA256=7D6C60195DFB05EEC27377AE25D9AD259D7FDF85FA71D2AA855FD4129C2AADC2,IMPHASH=C24B24FA5FB3285D15231007B6E54465", "EventData_Signed": "true", "EventData_Signature": "Microsoft Windows", "EventData_SignatureStatus": "Valid", "EventData_User": "DESKTOP-P5C3MUD\\user"}
{"Provider_Name": "Microsoft-Windows-Sysmon", "Provider_Guid": "{5770385f-c22a-43e0-bf4c-06f5698ffbd9}", "Provider": null, "EventID_Qualifiers": "", "EventID": "7", "Version": "3", "Level": "4", "Task": "7", "Opcode": "0", "Keywords": "0x8000000000000000", "TimeCreated_SystemTime": "2023-09-27 06:50:42.796965", "TimeCreated": null, "EventRecordID": "29592", "Correlation_ActivityID": "", "Correlation_RelatedActivityID": "", "Correlation": null, "Execution_ProcessID": "3368", "Execution_ThreadID": "3332", "Execution": null, "Channel": "Microsoft-Windows-Sysmon/Operational", "Computer": "DESKTOP-P5C3MUD", "Security_UserID": "S-1-5-18", "Security": null, "EventData_RuleName": "-", "EventData_UtcTime": "2023-09-27 06:50:42.795", "EventData_ProcessGuid": "{4557fbaa-d0c2-6513-7401-000000000e00}", "EventData_ProcessId": "8216", "EventData_Image": "C:\\Windows\\System32\\conhost.exe", "EventData_ImageLoaded": "C:\\Windows\\System32\\bcryptprimitives.dll", "EventData_FileVersion": "10.0.19041.2486 (WinBuild.160101.0800)", "EventData_Description": "Windows Cryptographic Primitives Library", "EventData_Product": "Microsoft\u00ae Windows\u00ae Operating System", "EventData_Company": "Microsoft Corporation", "EventData_OriginalFileName": "bcryptprimitives.dll", "EventData_Hashes": "SHA1=3D582D85D9FAE1CD3579701BB6A49C6E0EFC5C0C,MD5=33F88521EB7778D5993779C5BB8E430C,SHA256=7808F3DD0B2C0B6B909363720E630E7A1EA4B58A0E5467242B8E86EFA5C91C72,IMPHASH=496E42068C9391511CF6EE7C54F73A9B", "EventData_Signed": "true", "EventData_Signature": "Microsoft Windows", "EventData_SignatureStatus": "Valid", "EventData_User": "DESKTOP-P5C3MUD\\user"}
