{"Provider_Name": "Microsoft-Windows-Sysmon", "Provider_Guid": "{5770385f-c22a-43e0-bf4c-06f5698ffbd9}", "Provider": null, "EventID_Qualifiers": "", "EventID": "12", "Version": "2", "Level": "4", "Task": "12", "Opcode": "0", "Keywords": "0x8000000000000000", "TimeCreated_SystemTime": "2023-09-27 06:50:54.707409", "TimeCreated": null, "EventRecordID": "30228", "Correlation_ActivityID": "", "Correlation_RelatedActivityID": "", "Correlation": null, "Execution_ProcessID": "3368", "Execution_ThreadID": "3332", "Execution": null, "Channel": "Microsoft-Windows-Sysmon/Operational", "Computer": "DESKTOP-P5C3MUD", "Security_UserID": "S-1-5-18", "Security": null, "EventData_RuleName": "-", "EventData_EventType": "CreateKey", "EventData_UtcTime": "2023-09-27 06:50:54.701", "EventData_ProcessGuid": "{4557fbaa-d0ce-6513-7801-000000000e00}", "EventData_ProcessId": "3516", "EventData_Image": "C:\\Windows\\system32\\consent.exe", "EventData_TargetObject": "HKLM\\SOFTWARE\\Microsoft\\SystemCertificates", "EventData_User": "NT AUTHORITY\\SYSTEM"}
{"Provider_Name": "Microsoft-Windows-Sysmon", "Provider_Guid": "{5770385f-c22a-43e0-bf4c-06f5698ffbd9}", "Provider": null, "EventID_Qualifiers": "", "EventID": "12", "Version": "2", "Level": "4", "Task": "12", "Opcode": "0", "Keywords": "0x8000000000000000", "TimeCreated_SystemTime": "2023-09-27 06:50:54.707483", "TimeCreated": null, "EventRecordID": "30229", "Correlation_ActivityID": "", "Correlation_RelatedActivityID": "", "Correlation": null, "Execution_ProcessID": "3368", "Execution_ThreadID": "3332", "Execution": null, "Channel": "Microsoft-Windows-Sysmon/Operational", "Computer": "DESKTOP-P5C3MUD", "Security_UserID": "S-1-5-18", "Security": null, "EventData_RuleName": "-", "EventData_EventType": "CreateKey", "EventData_UtcTime": "2023-09-27 06:50:54.701", "EventData_ProcessGuid": "{4557fbaa-d0ce-6513-7801-000000000e00}", "EventData_ProcessId": "3516", "EventData_Image": "C:\\Windows\\system32\\consent.exe", "EventData_TargetObject": "HKLM\\SOFTWARE", "EventData_User": "NT AUTHORITY\\SYSTEM"}
{"Provider_Name": "Microsoft-Windows-Sysmon", "Provider_Guid": "{5770385f-c22a-43e0-bf4c-06f5698ffbd9}", "Provider": null, "EventID_Qualifiers": "", "EventID": "12", "Version": "2", "Level": "4", "Task": "12", "Opcode": "0", "Keywords": "0x8000000000000000", "TimeCreated_SystemTime": "2023-09-27 06:50:54.707502", "TimeCreated": null, "EventRecordID": "30230", "Correlation_ActivityID": "", "Correlation_RelatedActivityID": "", "Correlation": null, "Execution_ProcessID": "3368", "Execution_ThreadID": "3332", "Execution": null, "Channel": "Microsoft-Windows-Sysmon/Operational", "Computer": "DESKTOP-P5C3MUD", "Security_UserID": "S-1-5-18", "Security": null, "EventData_RuleName": "-", "EventData_EventType": "CreateKey", "EventData_UtcTime": "2023-09-27 06:50:54.701", "EventData_ProcessGuid": "{4557fbaa-d0ce-6513-7801-000000000e00}", "EventData_ProcessId": "3516", "EventData_Image": "C:\\Windows\\system32\\consent.exe", "EventData_TargetObject": "HKLM\\SOFTWARE\\Policies", "EventData_User": "NT AUTHORITY\\SYSTEM"}
{"Provider_Name": "Microsoft-Windows-Sysmon", "Provider_Guid": "{5770385f-c22a-43e0-bf4c-06f5698ffbd9}", "Provider": null, "EventID_Qualifiers": "", "EventID": "12", "Version": "2", "Level": "4", "Task": "12", "Opcode": "0", "Keywords": "0x8000000000000000", "TimeCreated_SystemTime": "2023-09-27 06:50:54.707518", "TimeCreated": null, "EventRecordID": "30231", "Correlation_ActivityID": "", "Correlation_RelatedActivityID": "", "Correlation": null, "Execution_ProcessID": "3368", "Execution_ThreadID": "3332", "Execution": null, "Channel": "Microsoft-Windows-Sysmon/Operational", "Computer": "DESKTOP-P5C3MUD", "Security_UserID": "S-1-5-18", "Security": null, "EventData_RuleName": "-", "EventData_EventType": "CreateKey", "EventData_UtcTime": "2023-09-27 06:50:54.701", "EventData_ProcessGuid": "{4557fbaa-d0ce-6513-7801-000000000e00}", "EventData_ProcessId": "3516", "EventData_Image": "C:\\Windows\\system32\\consent.exe", "EventData_TargetObject": "HKLM\\SOFTWARE\\Policies\\Microsoft", "EventData_User": "NT AUTHORITY\\SYSTEM"}
{"Provider_Name": "Microsoft-Windows-Sysmon", "Provider_Guid": "{5770385f-c22a-43e0-bf4c-06f5698ffbd9}", "Provider": null, "EventID_Qualifiers": "", "EventID": "12", "Version": "2", "Level": "4", "Task": "12", "Opcode": "0", "Keywords": "0x8000000000000000", "TimeCreated_SystemTime": "2023-09-27 06:50:54.707535", "TimeCreated": null, "EventRecordID": "30232", "Correlation_ActivityID": "", "Correlation_RelatedActivityID": "", "Correlation": null, "Execution_ProcessID": "3368", "Execution_ThreadID": "3332", "Execution": null, "Channel": "Microsoft-Windows-Sysmon/Operational", "Computer": "DESKTOP-P5C3MUD", "Security_UserID": "S-1-5-18", "Security": null, "EventData_RuleName": "-", "EventData_EventType": "CreateKey", "EventData_UtcTime": "2023-09-27 06:50:54.701", "EventData_ProcessGuid": "{4557fbaa-d0ce-6513-7801-000000000e00}", "EventData_ProcessId": "3516", "EventData_Image": "C:\\Windows\\system32\\consent.exe", "EventData_TargetObject": "HKLM\\SOFTWARE\\Policies\\Microsoft\\SystemCertificates", "EventData_User": "NT AUTHORITY\\SYSTEM"}
{"Provider_Name": "Microsoft-Windows-Sysmon", "Provider_Guid": "{5770385f-c22a-43e0-bf4c-06f5698ffbd9}", "Provider": null, "EventID_Qualifiers": "", "EventID": "12", "Version": "2", "Level": "4", "Task": "12", "Opcode": "0", "Keywords": "0x8000000000000000", "TimeCreated_SystemTime": "2023-09-27 06:50:54.707613", "TimeCreated": null, "EventRecordID": "30233", "Correlation_ActivityID": "", "Correlation_RelatedActivityID": "", "Correlation": null, "Execution_ProcessID": "3368", "Execution_ThreadID": "3332", "Execution": null, "Channel": "Microsoft-Windows-Sysmon/Operational", "Computer": "DESKTOP-P5C3MUD", "Security_UserID": "S-1-5-18", "Security": null, "EventData_RuleName": "-", "EventData_EventType": "CreateKey", "EventData_UtcTime": "2023-09-27 06:50:54.701", "EventData_ProcessGuid": "{4557fbaa-d0ce-6513-7801-000000000e00}", "EventData_ProcessId": "3516", "EventData_Image": "C:\\Windows\\system32\\consent.exe", "EventData_TargetObject": "HKLM\\SOFTWARE", "EventData_User": "NT AUTHORITY\\SYSTEM"}
{"Provider_Name": "Microsoft-Windows-Sysmon", "Provider_Guid": "{5770385f-c22a-43e0-bf4c-06f5698ffbd9}", "Provider": null, "EventID_Qualifiers": "", "EventID": "12", "Version": "2", "Level": "4", "Task": "12", "Opcode": "0", "Keywords": "0x8000000000000000", "TimeCreated_SystemTime": "2023-09-27 06:50:54.707630", "TimeCreated": null, "EventRecordID": "30234", "Correlation_ActivityID": "", "Correlation_RelatedActivityID": "", "Correlation": null, "Execution_ProcessID": "3368", "Execution_ThreadID": "3332", "Execution": null, "Channel": "Microsoft-Windows-Sysmon/Operational", "Computer": "DESKTOP-P5C3MUD", "Security_UserID": "S-1-5-18", "Security": null, "EventData_RuleName": "-", "EventData_EventType": "CreateKey", "EventData_UtcTime": "2023-09-27 06:50:54.701", "EventData_ProcessGuid": "{4557fbaa-d0ce-6513-7801-000000000e00}", "EventData_ProcessId": "3516", "EventData_Image": "C:\\Windows\\system32\\consent.exe", "EventData_TargetObject": "HKLM\\SOFTWARE\\Microsoft", "EventData_User": "NT AUTHORITY\\SYSTEM"}
{"Provider_Name": "Microsoft-Windows-Sysmon", "Provider_Guid": "{5770385f-c22a-43e0-bf4c-06f5698ffbd9}", "Provider": null, "EventID_Qualifiers": "", "EventID": "12", "Version": "2", "Level": "4", "Task": "12", "Opcode": "0", "Keywords": "0x8000000000000000", "TimeCreated_SystemTime": "2023-09-27 06:50:54.707647", "TimeCreated": null, "EventRecordID": "30235", "Correlation_ActivityID": "", "Correlation_RelatedActivityID": "", "Correlation": null, "Execution_ProcessID": "3368", "Execution_ThreadID": "3332", "Execution": null, "Channel": "Microsoft-Windows-Sysmon/Operational", "Computer": "DESKTOP-P5C3MUD", "Security_UserID": "S-1-5-18", "Security": null, "EventData_RuleName": "-", "EventData_EventType": "CreateKey", "EventData_UtcTime": "2023-09-27 06:50:54.701", "EventData_ProcessGuid": "{4557fbaa-d0ce-6513-7801-000000000e00}", "EventData_ProcessId": "3516", "EventData_Image": "C:\\Windows\\system32\\consent.exe", "EventData_TargetObject": "HKLM\\SOFTWARE\\Microsoft\\EnterpriseCertificates", "EventData_User": "NT AUTHORITY\\SYSTEM"}
{"Provider_Name": "Microsoft-Windows-Sysmon", "Provider_Guid": "{5770385f-c22a-43e0-bf4c-06f5698ffbd9}", "Provider": null, "EventID_Qualifiers": "", "EventID": "12", "Version": "2", "Level": "4", "Task": "12", "Opcode": "0", "Keywords": "0x8000000000000000", "TimeCreated_SystemTime": "2023-09-27 06:50:54.707682", "TimeCreated": null, "EventRecordID": "30236", "Correlation_ActivityID": "", "Correlation_RelatedActivityID": "", "Correlation": null, "Execution_ProcessID": "3368", "Execution_ThreadID": "3332", "Execution": null, "Channel": "Microsoft-Windows-Sysmon/Operational", "Computer": "DESKTOP-P5C3MUD", "Security_UserID": "S-1-5-18", "Security": null, "EventData_RuleName": "-", "EventData_EventType": "CreateKey", "EventData_UtcTime": "2023-09-27 06:50:54.701", "EventData_ProcessGuid": "{4557fbaa-d0ce-6513-7801-000000000e00}", "EventData_ProcessId": "3516", "EventData_Image": "C:\\Windows\\system32\\consent.exe", "EventData_TargetObject": "HKLM\\SOFTWARE", "EventData_User": "NT AUTHORITY\\SYSTEM"}
{"Provider_Name": "Microsoft-Windows-Sysmon", "Provider_Guid": "{5770385f-c22a-43e0-bf4c-06f5698ffbd9}", "Provider": null, "EventID_Qualifiers": "", "EventID": "12", "Version": "2", "Level": "4", "Task": "12", "Opcode": "0", "Keywords": "0x8000000000000000", "TimeCreated_SystemTime": "2023-09-27 06:50:54.707699", "TimeCreated": null, "EventRecordID": "30237", "Correlation_ActivityID": "", "Correlation_RelatedActivityID": "", "Correlation": null, "Execution_ProcessID": "3368", "Execution_ThreadID": "3332", "Execution": null, "Channel": "Microsoft-Windows-Sysmon/Operational", "Computer": "DESKTOP-P5C3MUD", "Security_UserID": "S-1-5-18", "Security": null, "EventData_RuleName": "-", "EventData_EventType": "CreateKey", "EventData_UtcTime": "2023-09-27 06:50:54.701", "EventData_ProcessGuid": "{4557fbaa-d0ce-6513-7801-000000000e00}", "EventData_ProcessId": "3516", "EventData_Image": "C:\\Windows\\system32\\consent.exe", "EventData_TargetObject": "HKLM\\SOFTWARE\\Microsoft", "EventData_User": "NT AUTHORITY\\SYSTEM"}
{"Provider_Name": "Microsoft-Windows-Sysmon", "Provider_Guid": "{5770385f-c22a-43e0-bf4c-06f5698ffbd9}", "Provider": null, "EventID_Qualifiers": "", "EventID": "12", "Version": "2", "Level": "4", "Task": "12", "Opcode": "0", "Keywords": "0x8000000000000000", "TimeCreated_SystemTime": "2023-09-27 06:50:54.707716", "TimeCreated": null, "EventRecordID": "30238", "Correlation_ActivityID": "", "Correlation_RelatedActivityID": "", "Correlation": null, "Execution_ProcessID": "3368", "Execution_ThreadID": "3332", "Execution": null, "Channel": "Microsoft-Windows-Sysmon/Operational", "Computer": "DESKTOP-P5C3MUD", "Security_UserID": "S-1-5-18", "Security": null, "EventData_RuleName": "-", "EventData_EventType": "CreateKey", "EventData_UtcTime": "2023-09-27 06:50:54.701", "EventData_ProcessGuid": "{4557fbaa-d0ce-6513-7801-000000000e00}", "EventData_ProcessId": "3516", "EventData_Image": "C:\\Windows\\system32\\consent.exe", "EventData_TargetObject": "HKLM\\SOFTWARE\\Microsoft\\EnterpriseCertificates", "EventData_User": "NT AUTHORITY\\SYSTEM"}
{"Provider_Name": "Microsoft-Windows-Sysmon", "Provider_Guid": "{5770385f-c22a-43e0-bf4c-06f5698ffbd9}", "Provider": null, "EventID_Qualifiers": "", "EventID": "12", "Version": "2", "Level": "4", "Task": "12", "Opcode": "0", "Keywords": "0x8000000000000000", "TimeCreated_SystemTime": "2023-09-27 06:50:54.707815", "TimeCreated": null, "EventRecordID": "30239", "Correlation_ActivityID": "", "Correlation_RelatedActivityID": "", "Correlation": null, "Execution_ProcessID": "3368", "Execution_ThreadID": "3332", "Execution": null, "Channel": "Microsoft-Windows-Sysmon/Operational", "Computer": "DESKTOP-P5C3MUD", "Security_UserID": "S-1-5-18", "Security": null, "EventData_RuleName": "-", "EventData_EventType": "CreateKey", "EventData_UtcTime": "2023-09-27 06:50:54.701", "EventData_ProcessGuid": "{4557fbaa-d0ce-6513-7801-000000000e00}", "EventData_ProcessId": "3516", "EventData_Image": "C:\\Windows\\system32\\consent.exe", "EventData_TargetObject": "HKU\\S-1-5-21-2994737283-653069417-2221972583-1001\\SOFTWARE\\Microsoft\\SystemCertificates\\trust", "EventData_User": "NT AUTHORITY\\SYSTEM"}
{"Provider_Name": "Microsoft-Windows-Sysmon", "Provider_Guid": "{5770385f-c22a-43e0-bf4c-06f5698ffbd9}", "Provider": null, "EventID_Qualifiers": "", "EventID": "12", "Version": "2", "Level": "4", "Task": "12", "Opcode": "0", "Keywords": "0x8000000000000000", "TimeCreated_SystemTime": "2023-09-27 06:50:54.707844", "TimeCreated": null, "EventRecordID": "30240", "Correlation_ActivityID": "", "Correlation_RelatedActivityID": "", "Correlation": null, "Execution_ProcessID": "3368", "Execution_ThreadID": "3332", "Execution": null, "Channel": "Microsoft-Windows-Sysmon/Operational", "Computer": "DESKTOP-P5C3MUD", "Security_UserID": "S-1-5-18", "Security": null, "EventData_RuleName": "-", "EventData_EventType": "CreateKey", "EventData_UtcTime": "2023-09-27 06:50:54.701", "EventData_ProcessGuid": "{4557fbaa-d0ce-6513-7801-000000000e00}", "EventData_ProcessId": "3516", "EventData_Image": "C:\\Windows\\system32\\consent.exe", "EventData_TargetObject": "HKU\\S-1-5-21-2994737283-653069417-2221972583-1001\\SOFTWARE\\Microsoft\\SystemCertificates\\trust", "EventData_User": "NT AUTHORITY\\SYSTEM"}
{"Provider_Name": "Microsoft-Windows-Sysmon", "Provider_Guid": "{5770385f-c22a-43e0-bf4c-06f5698ffbd9}", "Provider": null, "EventID_Qualifiers": "", "EventID": "12", "Version": "2", "Level": "4", "Task": "12", "Opcode": "0", "Keywords": "0x8000000000000000", "TimeCreated_SystemTime": "2023-09-27 06:50:54.707865", "TimeCreated": null, "EventRecordID": "30241", "Correlation_ActivityID": "", "Correlation_RelatedActivityID": "", "Correlation": null, "Execution_ProcessID": "3368", "Execution_ThreadID": "3332", "Execution": null, "Channel": "Microsoft-Windows-Sysmon/Operational", "Computer": "DESKTOP-P5C3MUD", "Security_UserID": "S-1-5-18", "Security": null, "EventData_RuleName": "-", "EventData_EventType": "CreateKey", "EventData_UtcTime": "2023-09-27 06:50:54.701", "EventData_ProcessGuid": "{4557fbaa-d0ce-6513-7801-000000000e00}", "EventData_ProcessId": "3516", "EventData_Image": "C:\\Windows\\system32\\consent.exe", "EventData_TargetObject": "HKU\\S-1-5-21-2994737283-653069417-2221972583-1001\\SOFTWARE\\Microsoft\\SystemCertificates\\trust\\Certificates", "EventData_User": "NT AUTHORITY\\SYSTEM"}
{"Provider_Name": "Microsoft-Windows-Sysmon", "Provider_Guid": "{5770385f-c22a-43e0-bf4c-06f5698ffbd9}", "Provider": null, "EventID_Qualifiers": "", "EventID": "12", "Version": "2", "Level": "4", "Task": "12", "Opcode": "0", "Keywords": "0x8000000000000000", "TimeCreated_SystemTime": "2023-09-27 06:50:54.707893", "TimeCreated": null, "EventRecordID": "30242", "Correlation_ActivityID": "", "Correlation_RelatedActivityID": "", "Correlation": null, "Execution_ProcessID": "3368", "Execution_ThreadID": "3332", "Execution": null, "Channel": "Microsoft-Windows-Sysmon/Operational", "Computer": "DESKTOP-P5C3MUD", "Security_UserID": "S-1-5-18", "Security": null, "EventData_RuleName": "-", "EventData_EventType": "CreateKey", "EventData_UtcTime": "2023-09-27 06:50:54.701", "EventData_ProcessGuid": "{4557fbaa-d0ce-6513-7801-000000000e00}", "EventData_ProcessId": "3516", "EventData_Image": "C:\\Windows\\system32\\consent.exe", "EventData_TargetObject": "HKU\\S-1-5-21-2994737283-653069417-2221972583-1001\\SOFTWARE\\Microsoft\\SystemCertificates\\trust\\CRLs", "EventData_User": "NT AUTHORITY\\SYSTEM"}
{"Provider_Name": "Microsoft-Windows-Sysmon", "Provider_Guid": "{5770385f-c22a-43e0-bf4c-06f5698ffbd9}", "Provider": null, "EventID_Qualifiers": "", "EventID": "12", "Version": "2", "Level": "4", "Task": "12", "Opcode": "0", "Keywords": "0x8000000000000000", "TimeCreated_SystemTime": "2023-09-27 06:50:54.707916", "TimeCreated": null, "EventRecordID": "30243", "Correlation_ActivityID": "", "Correlation_RelatedActivityID": "", "Correlation": null, "Execution_ProcessID": "3368", "Execution_ThreadID": "3332", "Execution": null, "Channel": "Microsoft-Windows-Sysmon/Operational", "Computer": "DESKTOP-P5C3MUD", "Security_UserID": "S-1-5-18", "Security": null, "EventData_RuleName": "-", "EventData_EventType": "CreateKey", "EventData_UtcTime": "2023-09-27 06:50:54.701", "EventData_ProcessGuid": "{4557fbaa-d0ce-6513-7801-000000000e00}", "EventData_ProcessId": "3516", "EventData_Image": "C:\\Windows\\system32\\consent.exe", "EventData_TargetObject": "HKU\\S-1-5-21-2994737283-653069417-2221972583-1001\\SOFTWARE\\Microsoft\\SystemCertificates\\trust\\CTLs", "EventData_User": "NT AUTHORITY\\SYSTEM"}
{"Provider_Name": "Microsoft-Windows-Sysmon", "Provider_Guid": "{5770385f-c22a-43e0-bf4c-06f5698ffbd9}", "Provider": null, "EventID_Qualifiers": "", "EventID": "12", "Version": "2", "Level": "4", "Task": "12", "Opcode": "0", "Keywords": "0x8000000000000000", "TimeCreated_SystemTime": "2023-09-27 06:50:54.707970", "TimeCreated": null, "EventRecordID": "30244", "Correlation_ActivityID": "", "Correlation_RelatedActivityID": "", "Correlation": null, "Execution_ProcessID": "3368", "Execution_ThreadID": "3332", "Execution": null, "Channel": "Microsoft-Windows-Sysmon/Operational", "Computer": "DESKTOP-P5C3MUD", "Security_UserID": "S-1-5-18", "Security": null, "EventData_RuleName": "-", "EventData_EventType": "CreateKey", "EventData_UtcTime": "2023-09-27 06:50:54.701", "EventData_ProcessGuid": "{4557fbaa-d0ce-6513-7801-000000000e00}", "EventData_ProcessId": "3516", "EventData_Image": "C:\\Windows\\system32\\consent.exe", "EventData_TargetObject": "HKU\\S-1-5-21-2994737283-653069417-2221972583-1001\\SOFTWARE", "EventData_User": "NT AUTHORITY\\SYSTEM"}
{"Provider_Name": "Microsoft-Windows-Sysmon", "Provider_Guid": "{5770385f-c22a-43e0-bf4c-06f5698ffbd9}", "Provider": null, "EventID_Qualifiers": "", "EventID": "12", "Version": "2", "Level": "4", "Task": "12", "Opcode": "0", "Keywords": "0x8000000000000000", "TimeCreated_SystemTime": "2023-09-27 06:50:54.707991", "TimeCreated": null, "EventRecordID": "30245", "Correlation_ActivityID": "", "Correlation_RelatedActivityID": "", "Correlation": null, "Execution_ProcessID": "3368", "Execution_ThreadID": "3332", "Execution": null, "Channel": "Microsoft-Windows-Sysmon/Operational", "Computer": "DESKTOP-P5C3MUD", "Security_UserID": "S-1-5-18", "Security": null, "EventData_RuleName": "-", "EventData_EventType": "CreateKey", "EventData_UtcTime": "2023-09-27 06:50:54.701", "EventData_ProcessGuid": "{4557fbaa-d0ce-6513-7801-000000000e00}", "EventData_ProcessId": "3516", "EventData_Image": "C:\\Windows\\system32\\consent.exe", "EventData_TargetObject": "HKU\\S-1-5-21-2994737283-653069417-2221972583-1001\\SOFTWARE\\Policies", "EventData_User": "NT AUTHORITY\\SYSTEM"}
{"Provider_Name": "Microsoft-Windows-Sysmon", "Provider_Guid": "{5770385f-c22a-43e0-bf4c-06f5698ffbd9}", "Provider": null, "EventID_Qualifiers": "", "EventID": "12", "Version": "2", "Level": "4", "Task": "12", "Opcode": "0", "Keywords": "0x8000000000000000", "TimeCreated_SystemTime": "2023-09-27 06:50:54.708010", "TimeCreated": null, "EventRecordID": "30246", "Correlation_ActivityID": "", "Correlation_RelatedActivityID": "", "Correlation": null, "Execution_ProcessID": "3368", "Execution_ThreadID": "3332", "Execution": null, "Channel": "Microsoft-Windows-Sysmon/Operational", "Computer": "DESKTOP-P5C3MUD", "Security_UserID": "S-1-5-18", "Security": null, "EventData_RuleName": "-", "EventData_EventType": "CreateKey", "EventData_UtcTime": "2023-09-27 06:50:54.701", "EventData_ProcessGuid": "{4557fbaa-d0ce-6513-7801-000000000e00}", "EventData_ProcessId": "3516", "EventData_Image": "C:\\Windows\\system32\\consent.exe", "EventData_TargetObject": "HKU\\S-1-5-21-2994737283-653069417-2221972583-1001\\SOFTWARE\\Policies\\Microsoft", "EventData_User": "NT AUTHORITY\\SYSTEM"}
{"Provider_Name": "Microsoft-Windows-Sysmon", "Provider_Guid": "{5770385f-c22a-43e0-bf4c-06f5698ffbd9}", "Provider": null, "EventID_Qualifiers": "", "EventID": "12", "Version": "2", "Level": "4", "Task": "12", "Opcode": "0", "Keywords": "0x8000000000000000", "TimeCreated_SystemTime": "2023-09-27 06:50:54.708031", "TimeCreated": null, "EventRecordID": "30247", "Correlation_ActivityID": "", "Correlation_RelatedActivityID": "", "Correlation": null, "Execution_ProcessID": "3368", "Execution_ThreadID": "3332", "Execution": null, "Channel": "Microsoft-Windows-Sysmon/Operational", "Computer": "DESKTOP-P5C3MUD", "Security_UserID": "S-1-5-18", "Security": null, "EventData_RuleName": "-", "EventData_EventType": "CreateKey", "EventData_UtcTime": "2023-09-27 06:50:54.701", "EventData_ProcessGuid": "{4557fbaa-d0ce-6513-7801-000000000e00}", "EventData_ProcessId": "3516", "EventData_Image": "C:\\Windows\\system32\\consent.exe", "EventData_TargetObject": "HKU\\S-1-5-21-2994737283-653069417-2221972583-1001\\SOFTWARE\\Policies\\Microsoft\\SystemCertificates", "EventData_User": "NT AUTHORITY\\SYSTEM"}
{"Provider_Name": "Microsoft-Windows-Sysmon", "Provider_Guid": "{5770385f-c22a-43e0-bf4c-06f5698ffbd9}", "Provider": null, "EventID_Qualifiers": "", "EventID": "12", "Version": "2", "Level": "4", "Task": "12", "Opcode": "0", "Keywords": "0x8000000000000000", "TimeCreated_SystemTime": "2023-09-27 06:50:54.708105", "TimeCreated": null, "EventRecordID": "30248", "Correlation_ActivityID": "", "Correlation_RelatedActivityID": "", "Correlation": null, "Execution_ProcessID": "3368", "Execution_ThreadID": "3332", "Execution": null, "Channel": "Microsoft-Windows-Sysmon/Operational", "Computer": "DESKTOP-P5C3MUD", "Security_UserID": "S-1-5-18", "Security": null, "EventData_RuleName": "-", "EventData_EventType": "CreateKey", "EventData_UtcTime": "2023-09-27 06:50:54.701", "EventData_ProcessGuid": "{4557fbaa-d0ce-6513-7801-000000000e00}", "EventData_ProcessId": "3516", "EventData_Image": "C:\\Windows\\system32\\consent.exe", "EventData_TargetObject": "HKLM\\SOFTWARE", "EventData_User": "NT AUTHORITY\\SYSTEM"}
{"Provider_Name": "Microsoft-Windows-Sysmon", "Provider_Guid": "{5770385f-c22a-43e0-bf4c-06f5698ffbd9}", "Provider": null, "EventID_Qualifiers": "", "EventID": "12", "Version": "2", "Level": "4", "Task": "12", "Opcode": "0", "Keywords": "0x8000000000000000", "TimeCreated_SystemTime": "2023-09-27 06:50:54.708120", "TimeCreated": null, "EventRecordID": "30249", "Correlation_ActivityID": "", "Correlation_RelatedActivityID": "", "Correlation": null, "Execution_ProcessID": "3368", "Execution_ThreadID": "3332", "Execution": null, "Channel": "Microsoft-Windows-Sysmon/Operational", "Computer": "DESKTOP-P5C3MUD", "Security_UserID": "S-1-5-18", "Security": null, "EventData_RuleName": "-", "EventData_EventType": "CreateKey", "EventData_UtcTime": "2023-09-27 06:50:54.701", "EventData_ProcessGuid": "{4557fbaa-d0ce-6513-7801-000000000e00}", "EventData_ProcessId": "3516", "EventData_Image": "C:\\Windows\\system32\\consent.exe", "EventData_TargetObject": "HKLM\\SOFTWARE\\Microsoft", "EventData_User": "NT AUTHORITY\\SYSTEM"}
{"Provider_Name": "Microsoft-Windows-Sysmon", "Provider_Guid": "{5770385f-c22a-43e0-bf4c-06f5698ffbd9}", "Provider": null, "EventID_Qualifiers": "", "EventID": "12", "Version": "2", "Level": "4", "Task": "12", "Opcode": "0", "Keywords": "0x8000000000000000", "TimeCreated_SystemTime": "2023-09-27 06:50:54.708139", "TimeCreated": null, "EventRecordID": "30250", "Correlation_ActivityID": "", "Correlation_RelatedActivityID": "", "Correlation": null, "Execution_ProcessID": "3368", "Execution_ThreadID": "3332", "Execution": null, "Channel": "Microsoft-Windows-Sysmon/Operational", "Computer": "DESKTOP-P5C3MUD", "Security_UserID": "S-1-5-18", "Security": null, "EventData_RuleName": "-", "EventData_EventType": "CreateKey", "EventData_UtcTime": "2023-09-27 06:50:54.701", "EventData_ProcessGuid": "{4557fbaa-d0ce-6513-7801-000000000e00}", "EventData_ProcessId": "3516", "EventData_Image": "C:\\Windows\\system32\\consent.exe", "EventData_TargetObject": "HKLM\\SOFTWARE\\Microsoft\\SystemCertificates", "EventData_User": "NT AUTHORITY\\SYSTEM"}
{"Provider_Name": "Microsoft-Windows-Sysmon", "Provider_Guid": "{5770385f-c22a-43e0-bf4c-06f5698ffbd9}", "Provider": null, "EventID_Qualifiers": "", "EventID": "12", "Version": "2", "Level": "4", "Task": "12", "Opcode": "0", "Keywords": "0x8000000000000000", "TimeCreated_SystemTime": "2023-09-27 06:50:54.708178", "TimeCreated": null, "EventRecordID": "30251", "Correlation_ActivityID": "", "Correlation_RelatedActivityID": "", "Correlation": null, "Execution_ProcessID": "3368", "Execution_ThreadID": "3332", "Execution": null, "Channel": "Microsoft-Windows-Sysmon/Operational", "Computer": "DESKTOP-P5C3MUD", "Security_UserID": "S-1-5-18", "Security": null, "EventData_RuleName": "-", "EventData_EventType": "CreateKey", "EventData_UtcTime": "2023-09-27 06:50:54.701", "EventData_ProcessGuid": "{4557fbaa-d0ce-6513-7801-000000000e00}", "EventData_ProcessId": "3516", "EventData_Image": "C:\\Windows\\system32\\consent.exe", "EventData_TargetObject": "HKLM\\SOFTWARE", "EventData_User": "NT AUTHORITY\\SYSTEM"}
{"Provider_Name": "Microsoft-Windows-Sysmon", "Provider_Guid": "{5770385f-c22a-43e0-bf4c-06f5698ffbd9}", "Provider": null, "EventID_Qualifiers": "", "EventID": "12", "Version": "2", "Level": "4", "Task": "12", "Opcode": "0", "Keywords": "0x8000000000000000", "TimeCreated_SystemTime": "2023-09-27 06:50:54.708195", "TimeCreated": null, "EventRecordID": "30252", "Correlation_ActivityID": "", "Correlation_RelatedActivityID": "", "Correlation": null, "Execution_ProcessID": "3368", "Execution_ThreadID": "3332", "Execution": null, "Channel": "Microsoft-Windows-Sysmon/Operational", "Computer": "DESKTOP-P5C3MUD", "Security_UserID": "S-1-5-18", "Security": null, "EventData_RuleName": "-", "EventData_EventType": "CreateKey", "EventData_UtcTime": "2023-09-27 06:50:54.701", "EventData_ProcessGuid": "{4557fbaa-d0ce-6513-7801-000000000e00}", "EventData_ProcessId": "3516", "EventData_Image": "C:\\Windows\\system32\\consent.exe", "EventData_TargetObject": "HKLM\\SOFTWARE\\Microsoft", "EventData_User": "NT AUTHORITY\\SYSTEM"}
{"Provider_Name": "Microsoft-Windows-Sysmon", "Provider_Guid": "{5770385f-c22a-43e0-bf4c-06f5698ffbd9}", "Provider": null, "EventID_Qualifiers": "", "EventID": "12", "Version": "2", "Level": "4", "Task": "12", "Opcode": "0", "Keywords": "0x8000000000000000", "TimeCreated_SystemTime": "2023-09-27 06:50:54.708210", "TimeCreated": null, "EventRecordID": "30253", "Correlation_ActivityID": "", "Correlation_RelatedActivityID": "", "Correlation": null, "Execution_ProcessID": "3368", "Execution_ThreadID": "3332", "Execution": null, "Channel": "Microsoft-Windows-Sysmon/Operational", "Computer": "DESKTOP-P5C3MUD", "Security_UserID": "S-1-5-18", "Security": null, "EventData_RuleName": "-", "EventData_EventType": "CreateKey", "EventData_UtcTime": "2023-09-27 06:50:54.701", "EventData_ProcessGuid": "{4557fbaa-d0ce-6513-7801-000000000e00}", "EventData_ProcessId": "3516", "EventData_Image": "C:\\Windows\\system32\\consent.exe", "EventData_TargetObject": "HKLM\\SOFTWARE\\Microsoft\\SystemCertificates", "EventData_User": "NT AUTHORITY\\SYSTEM"}
{"Provider_Name": "Microsoft-Windows-Sysmon", "Provider_Guid": "{5770385f-c22a-43e0-bf4c-06f5698ffbd9}", "Provider": null, "EventID_Qualifiers": "", "EventID": "12", "Version": "2", "Level": "4", "Task": "12", "Opcode": "0", "Keywords": "0x8000000000000000", "TimeCreated_SystemTime": "2023-09-27 06:50:54.708302", "TimeCreated": null, "EventRecordID": "30254", "Correlation_ActivityID": "", "Correlation_RelatedActivityID": "", "Correlation": null, "Execution_ProcessID": "3368", "Execution_ThreadID": "3332", "Execution": null, "Channel": "Microsoft-Windows-Sysmon/Operational", "Computer": "DESKTOP-P5C3MUD", "Security_UserID": "S-1-5-18", "Security": null, "EventData_RuleName": "-", "EventData_EventType": "CreateKey", "EventData_UtcTime": "2023-09-27 06:50:54.701", "EventData_ProcessGuid": "{4557fbaa-d0ce-6513-7801-000000000e00}", "EventData_ProcessId": "3516", "EventData_Image": "C:\\Windows\\system32\\consent.exe", "EventData_TargetObject": "HKLM\\SOFTWARE", "EventData_User": "NT AUTHORITY\\SYSTEM"}
{"Provider_Name": "Microsoft-Windows-Sysmon", "Provider_Guid": "{5770385f-c22a-43e0-bf4c-06f5698ffbd9}", "Provider": null, "EventID_Qualifiers": "", "EventID": "12", "Version": "2", "Level": "4", "Task": "12", "Opcode": "0", "Keywords": "0x8000000000000000", "TimeCreated_SystemTime": "2023-09-27 06:50:54.708319", "TimeCreated": null, "EventRecordID": "30255", "Correlation_ActivityID": "", "Correlation_RelatedActivityID": "", "Correlation": null, "Execution_ProcessID": "3368", "Execution_ThreadID": "3332", "Execution": null, "Channel": "Microsoft-Windows-Sysmon/Operational", "Computer": "DESKTOP-P5C3MUD", "Security_UserID": "S-1-5-18", "Security": null, "EventData_RuleName": "-", "EventData_EventType": "CreateKey", "EventData_UtcTime": "2023-09-27 06:50:54.701", "EventData_ProcessGuid": "{4557fbaa-d0ce-6513-7801-000000000e00}", "EventData_ProcessId": "3516", "EventData_Image": "C:\\Windows\\system32\\consent.exe", "EventData_TargetObject": "HKLM\\SOFTWARE\\Policies", "EventData_User": "NT AUTHORITY\\SYSTEM"}
{"Provider_Name": "Microsoft-Windows-Sysmon", "Provider_Guid": "{5770385f-c22a-43e0-bf4c-06f5698ffbd9}", "Provider": null, "EventID_Qualifiers": "", "EventID": "12", "Version": "2", "Level": "4", "Task": "12", "Opcode": "0", "Keywords": "0x8000000000000000", "TimeCreated_SystemTime": "2023-09-27 06:50:54.708334", "TimeCreated": null, "EventRecordID": "30256", "Correlation_ActivityID": "", "Correlation_RelatedActivityID": "", "Correlation": null, "Execution_ProcessID": "3368", "Execution_ThreadID": "3332", "Execution": null, "Channel": "Microsoft-Windows-Sysmon/Operational", "Computer": "DESKTOP-P5C3MUD", "Security_UserID": "S-1-5-18", "Security": null, "EventData_RuleName": "-", "EventData_EventType": "CreateKey", "EventData_UtcTime": "2023-09-27 06:50:54.701", "EventData_ProcessGuid": "{4557fbaa-d0ce-6513-7801-000000000e00}", "EventData_ProcessId": "3516", "EventData_Image": "C:\\Windows\\system32\\consent.exe", "EventData_TargetObject": "HKLM\\SOFTWARE\\Policies\\Microsoft", "EventData_User": "NT AUTHORITY\\SYSTEM"}
{"Provider_Name": "Microsoft-Windows-Sysmon", "Provider_Guid": "{5770385f-c22a-43e0-bf4c-06f5698ffbd9}", "Provider": null, "EventID_Qualifiers": "", "EventID": "12", "Version": "2", "Level": "4", "Task": "12", "Opcode": "0", "Keywords": "0x8000000000000000", "TimeCreated_SystemTime": "2023-09-27 06:50:54.708351", "TimeCreated": null, "EventRecordID": "30257", "Correlation_ActivityID": "", "Correlation_RelatedActivityID": "", "Correlation": null, "Execution_ProcessID": "3368", "Execution_ThreadID": "3332", "Execution": null, "Channel": "Microsoft-Windows-Sysmon/Operational", "Computer": "DESKTOP-P5C3MUD", "Security_UserID": "S-1-5-18", "Security": null, "EventData_RuleName": "-", "EventData_EventType": "CreateKey", "EventData_UtcTime": "2023-09-27 06:50:54.701", "EventData_ProcessGuid": "{4557fbaa-d0ce-6513-7801-000000000e00}", "EventData_ProcessId": "3516", "EventData_Image": "C:\\Windows\\system32\\consent.exe", "EventData_TargetObject": "HKLM\\SOFTWARE\\Policies\\Microsoft\\SystemCertificates", "EventData_User": "NT AUTHORITY\\SYSTEM"}
{"Provider_Name": "Microsoft-Windows-Sysmon", "Provider_Guid": "{5770385f-c22a-43e0-bf4c-06f5698ffbd9}", "Provider": null, "EventID_Qualifiers": "", "EventID": "12", "Version": "2", "Level": "4", "Task": "12", "Opcode": "0", "Keywords": "0x8000000000000000", "TimeCreated_SystemTime": "2023-09-27 06:50:54.708422", "TimeCreated": null, "EventRecordID": "30258", "Correlation_ActivityID": "", "Correlation_RelatedActivityID": "", "Correlation": null, "Execution_ProcessID": "3368", "Execution_ThreadID": "3332", "Execution": null, "Channel": "Microsoft-Windows-Sysmon/Operational", "Computer": "DESKTOP-P5C3MUD", "Security_UserID": "S-1-5-18", "Security": null, "EventData_RuleName": "-", "EventData_EventType": "CreateKey", "EventData_UtcTime": "2023-09-27 06:50:54.701", "EventData_ProcessGuid": "{4557fbaa-d0ce-6513-7801-000000000e00}", "EventData_ProcessId": "3516", "EventData_Image": "C:\\Windows\\system32\\consent.exe", "EventData_TargetObject": "HKLM\\SOFTWARE", "EventData_User": "NT AUTHORITY\\SYSTEM"}
{"Provider_Name": "Microsoft-Windows-Sysmon", "Provider_Guid": "{5770385f-c22a-43e0-bf4c-06f5698ffbd9}", "Provider": null, "EventID_Qualifiers": "", "EventID": "12", "Version": "2", "Level": "4", "Task": "12", "Opcode": "0", "Keywords": "0x8000000000000000", "TimeCreated_SystemTime": "2023-09-27 06:50:54.708437", "TimeCreated": null, "EventRecordID": "30259", "Correlation_ActivityID": "", "Correlation_RelatedActivityID": "", "Correlation": null, "Execution_ProcessID": "3368", "Execution_ThreadID": "3332", "Execution": null, "Channel": "Microsoft-Windows-Sysmon/Operational", "Computer": "DESKTOP-P5C3MUD", "Security_UserID": "S-1-5-18", "Security": null, "EventData_RuleName": "-", "EventData_EventType": "CreateKey", "EventData_UtcTime": "2023-09-27 06:50:54.701", "EventData_ProcessGuid": "{4557fbaa-d0ce-6513-7801-000000000e00}", "EventData_ProcessId": "3516", "EventData_Image": "C:\\Windows\\system32\\consent.exe", "EventData_TargetObject": "HKLM\\SOFTWARE\\Microsoft", "EventData_User": "NT AUTHORITY\\SYSTEM"}
{"Provider_Name": "Microsoft-Windows-Sysmon", "Provider_Guid": "{5770385f-c22a-43e0-bf4c-06f5698ffbd9}", "Provider": null, "EventID_Qualifiers": "", "EventID": "12", "Version": "2", "Level": "4", "Task": "12", "Opcode": "0", "Keywords": "0x8000000000000000", "TimeCreated_SystemTime": "2023-09-27 06:50:54.708456", "TimeCreated": null, "EventRecordID": "30260", "Correlation_ActivityID": "", "Correlation_RelatedActivityID": "", "Correlation": null, "Execution_ProcessID": "3368", "Execution_ThreadID": "3332", "Execution": null, "Channel": "Microsoft-Windows-Sysmon/Operational", "Computer": "DESKTOP-P5C3MUD", "Security_UserID": "S-1-5-18", "Security": null, "EventData_RuleName": "-", "EventData_EventType": "CreateKey", "EventData_UtcTime": "2023-09-27 06:50:54.701", "EventData_ProcessGuid": "{4557fbaa-d0ce-6513-7801-000000000e00}", "EventData_ProcessId": "3516", "EventData_Image": "C:\\Windows\\system32\\consent.exe", "EventData_TargetObject": "HKLM\\SOFTWARE\\Microsoft\\EnterpriseCertificates", "EventData_User": "NT AUTHORITY\\SYSTEM"}
{"Provider_Name": "Microsoft-Windows-Sysmon", "Provider_Guid": "{5770385f-c22a-43e0-bf4c-06f5698ffbd9}", "Provider": null, "EventID_Qualifiers": "", "EventID": "12", "Version": "2", "Level": "4", "Task": "12", "Opcode": "0", "Keywords": "0x8000000000000000", "TimeCreated_SystemTime": "2023-09-27 06:50:54.708488", "TimeCreated": null, "EventRecordID": "30261", "Correlation_ActivityID": "", "Correlation_RelatedActivityID": "", "Correlation": null, "Execution_ProcessID": "3368", "Execution_ThreadID": "3332", "Execution": null, "Channel": "Microsoft-Windows-Sysmon/Operational", "Computer": "DESKTOP-P5C3MUD", "Security_UserID": "S-1-5-18", "Security": null, "EventData_RuleName": "-", "EventData_EventType": "CreateKey", "EventData_UtcTime": "2023-09-27 06:50:54.701", "EventData_ProcessGuid": "{4557fbaa-d0ce-6513-7801-000000000e00}", "EventData_ProcessId": "3516", "EventData_Image": "C:\\Windows\\system32\\consent.exe", "EventData_TargetObject": "HKLM\\SOFTWARE", "EventData_User": "NT AUTHORITY\\SYSTEM"}
{"Provider_Name": "Microsoft-Windows-Sysmon", "Provider_Guid": "{5770385f-c22a-43e0-bf4c-06f5698ffbd9}", "Provider": null, "EventID_Qualifiers": "", "EventID": "12", "Version": "2", "Level": "4", "Task": "12", "Opcode": "0", "Keywords": "0x8000000000000000", "TimeCreated_SystemTime": "2023-09-27 06:50:54.708506", "TimeCreated": null, "EventRecordID": "30262", "Correlation_ActivityID": "", "Correlation_RelatedActivityID": "", "Correlation": null, "Execution_ProcessID": "3368", "Execution_ThreadID": "3332", "Execution": null, "Channel": "Microsoft-Windows-Sysmon/Operational", "Computer": "DESKTOP-P5C3MUD", "Security_UserID": "S-1-5-18", "Security": null, "EventData_RuleName": "-", "EventData_EventType": "CreateKey", "EventData_UtcTime": "2023-09-27 06:50:54.701", "EventData_ProcessGuid": "{4557fbaa-d0ce-6513-7801-000000000e00}", "EventData_ProcessId": "3516", "EventData_Image": "C:\\Windows\\system32\\consent.exe", "EventData_TargetObject": "HKLM\\SOFTWARE\\Microsoft", "EventData_User": "NT AUTHORITY\\SYSTEM"}
{"Provider_Name": "Microsoft-Windows-Sysmon", "Provider_Guid": "{5770385f-c22a-43e0-bf4c-06f5698ffbd9}", "Provider": null, "EventID_Qualifiers": "", "EventID": "12", "Version": "2", "Level": "4", "Task": "12", "Opcode": "0", "Keywords": "0x8000000000000000", "TimeCreated_SystemTime": "2023-09-27 06:50:54.708521", "TimeCreated": null, "EventRecordID": "30263", "Correlation_ActivityID": "", "Correlation_RelatedActivityID": "", "Correlation": null, "Execution_ProcessID": "3368", "Execution_ThreadID": "3332", "Execution": null, "Channel": "Microsoft-Windows-Sysmon/Operational", "Computer": "DESKTOP-P5C3MUD", "Security_UserID": "S-1-5-18", "Security": null, "EventData_RuleName": "-", "EventData_EventType": "CreateKey", "EventData_UtcTime": "2023-09-27 06:50:54.701", "EventData_ProcessGuid": "{4557fbaa-d0ce-6513-7801-000000000e00}", "EventData_ProcessId": "3516", "EventData_Image": "C:\\Windows\\system32\\consent.exe", "EventData_TargetObject": "HKLM\\SOFTWARE\\Microsoft\\EnterpriseCertificates", "EventData_User": "NT AUTHORITY\\SYSTEM"}
{"Provider_Name": "Microsoft-Windows-Sysmon", "Provider_Guid": "{5770385f-c22a-43e0-bf4c-06f5698ffbd9}", "Provider": null, "EventID_Qualifiers": "", "EventID": "7", "Version": "3", "Level": "4", "Task": "7", "Opcode": "0", "Keywords": "0x8000000000000000", "TimeCreated_SystemTime": "2023-09-27 06:50:54.710299", "TimeCreated": null, "EventRecordID": "30264", "Correlation_ActivityID": "", "Correlation_RelatedActivityID": "", "Correlation": null, "Execution_ProcessID": "3368", "Execution_ThreadID": "3332", "Execution": null, "Channel": "Microsoft-Windows-Sysmon/Operational", "Computer": "DESKTOP-P5C3MUD", "Security_UserID": "S-1-5-18", "Security": null, "EventData_RuleName": "-", "EventData_UtcTime": "2023-09-27 06:50:54.701", "EventData_ProcessGuid": "{4557fbaa-d0ce-6513-7801-000000000e00}", "EventData_ProcessId": "3516", "EventData_Image": "C:\\Windows\\System32\\consent.exe", "EventData_ImageLoaded": "C:\\Windows\\System32\\gpapi.dll", "EventData_FileVersion": "10.0.19041.3393 (WinBuild.160101.0800)", "EventData_Description": "Group Policy Client API", "EventData_Product": "Microsoft\u00ae Windows\u00ae Operating System", "EventData_Company": "Microsoft Corporation", "EventData_OriginalFileName": "gpapi.dll", "EventData_Hashes": "SHA1=216EE31F1642FC7841F6BCAE2079B014CAE93275,MD5=4901305FA74F250F53AEB90F8F7D2B46,SHA256=64FF5F11A70CDCF21B413074ED8A39456A583497D52D5BC2432351D8A0E39D85,IMPHASH=5DABEC1BC8E76084EDACD112F77CACD1", "EventData_Signed": "true", "EventData_Signature": "Microsoft Windows", "EventData_SignatureStatus": "Valid", "EventData_User": "NT AUTHORITY\\SYSTEM"}
{"Provider_Name": "Microsoft-Windows-Sysmon", "Provider_Guid": "{5770385f-c22a-43e0-bf4c-06f5698ffbd9}", "Provider": null, "EventID_Qualifiers": "", "EventID": "10", "Version": "3", "Level": "4", "Task": "10", "Opcode": "0", "Keywords": "0x8000000000000000", "TimeCreated_SystemTime": "2023-09-27 06:50:54.713575", "TimeCreated": null, "EventRecordID": "30265", "Correlation_ActivityID": "", "Correlation_RelatedActivityID": "", "Correlation": null, "Execution_ProcessID": "3368", "Execution_ThreadID": "3332", "Execution": null, "Channel": "Microsoft-Windows-Sysmon/Operational", "Computer": "DESKTOP-P5C3MUD", "Security_UserID": "S-1-5-18", "Security": null, "EventData_RuleName": "-", "EventData_UtcTime": "2023-09-27 06:50:54.701", "EventData_SourceProcessGUID": "{4557fbaa-ce30-6513-4600-000000000e00}", "EventData_SourceProcessId": "3184", "EventData_SourceThreadId": "11112", "EventData_SourceImage": "C:\\Windows\\system32\\svchost.exe", "EventData_TargetProcessGUID": "{4557fbaa-d0ce-6513-7801-000000000e00}", "EventData_TargetProcessId": "3516", "EventData_TargetImage": "C:\\Windows\\system32\\consent.exe", "EventData_GrantedAccess": "0x00100040", "EventData_CallTrace": "C:\\Windows\\SYSTEM32\\ntdll.dll+9d314|C:\\Windows\\System32\\KERNELBASE.dll+308ee|c:\\windows\\system32\\cryptsvc.dll+8af3|c:\\windows\\system32\\cryptsvc.dll+8a0d|c:\\windows\\system32\\cryptsvc.dll+7b7e|C:\\Windows\\System32\\RPCRT4.dll+7b4b3|C:\\Windows\\System32\\RPCRT4.dll+de77b|C:\\Windows\\System32\\RPCRT4.dll+5be7c|C:\\Windows\\System32\\RPCRT4.dll+59188|C:\\Windows\\System32\\RPCRT4.dll+3a3a6|C:\\Windows\\System32\\RPCRT4.dll+39cf8|C:\\Windows\\System32\\RPCRT4.dll+474bf|C:\\Windows\\System32\\RPCRT4.dll+468c8|C:\\Windows\\System32\\RPCRT4.dll+45eb1|C:\\Windows\\System32\\RPCRT4.dll+4591e|C:\\Windows\\System32\\RPCRT4.dll+4a032|C:\\Windows\\SYSTEM32\\ntdll.dll+20330|C:\\Windows\\SYSTEM32\\ntdll.dll+52f86|C:\\Windows\\System32\\KERNEL32.DLL+17344|C:\\Windows\\SYSTEM32\\ntdll.dll+526b1", "EventData_SourceUser": "NT AUTHORITY\\NETWORK SERVICE", "EventData_TargetUser": "NT AUTHORITY\\SYSTEM"}
{"Provider_Name": "Microsoft-Windows-Sysmon", "Provider_Guid": "{5770385f-c22a-43e0-bf4c-06f5698ffbd9}", "Provider": null, "EventID_Qualifiers": "", "EventID": "7", "Version": "3", "Level": "4", "Task": "7", "Opcode": "0", "Keywords": "0x8000000000000000", "TimeCreated_SystemTime": "2023-09-27 06:50:54.722704", "TimeCreated": null, "EventRecordID": "30266", "Correlation_ActivityID": "", "Correlation_RelatedActivityID": "", "Correlation": null, "Execution_ProcessID": "3368", "Execution_ThreadID": "3332", "Execution": null, "Channel": "Microsoft-Windows-Sysmon/Operational", "Computer": "DESKTOP-P5C3MUD", "Security_UserID": "S-1-5-18", "Security": null, "EventData_RuleName": "-", "EventData_UtcTime": "2023-09-27 06:50:54.717", "EventData_ProcessGuid": "{4557fbaa-d0ce-6513-7801-000000000e00}", "EventData_ProcessId": "3516", "EventData_Image": "C:\\Windows\\System32\\consent.exe", "EventData_ImageLoaded": "C:\\Windows\\System32\\advapi32.dll", "EventData_FileVersion": "10.0.19041.3393 (WinBuild.160101.0800)", "EventData_Description": "Advanced Windows 32 Base API", "EventData_Product": "Microsoft\u00ae Windows\u00ae Operating System", "EventData_Company": "Microsoft Corporation", "EventData_OriginalFileName": "advapi32.dll", "EventData_Hashes": "SHA1=3489CD6055ED93368D2B2425E16B5EC8D217765E,MD5=D9EA51D6491617082AE6F68673211EBB,SHA256=3D927DE857F39B2953527100FF7B4AA507E959BF233D03B47299B19DE9755CB6,IMPHASH=06386997D444E0E8F791C29BE0E7A843", "EventData_Signed": "true", "EventData_Signature": "Microsoft Windows", "EventData_SignatureStatus": "Valid", "EventData_User": "NT AUTHORITY\\SYSTEM"}
{"Provider_Name": "Microsoft-Windows-Sysmon", "Provider_Guid": "{5770385f-c22a-43e0-bf4c-06f5698ffbd9}", "Provider": null, "EventID_Qualifiers": "", "EventID": "7", "Version": "3", "Level": "4", "Task": "7", "Opcode": "0", "Keywords": "0x8000000000000000", "TimeCreated_SystemTime": "2023-09-27 06:50:54.734451", "TimeCreated": null, "EventRecordID": "30267", "Correlation_ActivityID": "", "Correlation_RelatedActivityID": "", "Correlation": null, "Execution_ProcessID": "3368", "Execution_ThreadID": "3332", "Execution": null, "Channel": "Microsoft-Windows-Sysmon/Operational", "Computer": "DESKTOP-P5C3MUD", "Security_UserID": "S-1-5-18", "Security": null, "EventData_RuleName": "-", "EventData_UtcTime": "2023-09-27 06:50:54.733", "EventData_ProcessGuid": "{4557fbaa-d0ce-6513-7801-000000000e00}", "EventData_ProcessId": "3516", "EventData_Image": "C:\\Windows\\System32\\consent.exe", "EventData_ImageLoaded": "C:\\Windows\\System32\\iertutil.dll", "EventData_FileVersion": "11.00.19041.3393 (WinBuild.160101.0800)", "EventData_Description": "Run time utility for Internet Explorer", "EventData_Product": "Internet Explorer", "EventData_Company": "Microsoft Corporation", "EventData_OriginalFileName": "IeRtUtil.dll", "EventData_Hashes": "SHA1=76D71179D53E74172BCEE215BE7E4255230A65EA,MD5=4574103CBCE92204E6A4C97E7B01C880,SHA256=9DA816B287AD6AD7E764CE8D4DD868C2065383FDAE1966AC2A32AAD64BFF87A1,IMPHASH=7B798070FAE21424BD1087A165D3974B", "EventData_Signed": "true", "EventData_Signature": "Microsoft Windows", "EventData_SignatureStatus": "Valid", "EventData_User": "NT AUTHORITY\\SYSTEM"}
{"Provider_Name": "Microsoft-Windows-Sysmon", "Provider_Guid": "{5770385f-c22a-43e0-bf4c-06f5698ffbd9}", "Provider": null, "EventID_Qualifiers": "", "EventID": "7", "Version": "3", "Level": "4", "Task": "7", "Opcode": "0", "Keywords": "0x8000000000000000", "TimeCreated_SystemTime": "2023-09-27 06:50:54.736015", "TimeCreated": null, "EventRecordID": "30268", "Correlation_ActivityID": "", "Correlation_RelatedActivityID": "", "Correlation": null, "Execution_ProcessID": "3368", "Execution_ThreadID": "3332", "Execution": null, "Channel": "Microsoft-Windows-Sysmon/Operational", "Computer": "DESKTOP-P5C3MUD", "Security_UserID": "S-1-5-18", "Security": null, "EventData_RuleName": "-", "EventData_UtcTime": "2023-09-27 06:50:54.733", "EventData_ProcessGuid": "{4557fbaa-d0ce-6513-7801-000000000e00}", "EventData_ProcessId": "3516", "EventData_Image": "C:\\Windows\\System32\\consent.exe", "EventData_ImageLoaded": "C:\\Windows\\System32\\propsys.dll", "EventData_FileVersion": "7.0.19041.3393 (WinBuild.160101.0800)", "EventData_Description": "Microsoft Property System", "EventData_Product": "Windows\u00ae Search", "EventData_Company": "Microsoft Corporation", "EventData_OriginalFileName": "propsys.dll", "EventData_Hashes": "SHA1=547F9030DD030E2F34F4FA6AED05989D583D6A70,MD5=B9BD7C03A6C6AC9E2564890F911A6524,SHA256=6804F7FDFA218F6534228F633BC4BF00DF32A64D0D66B78068909C8C7A471F3F,IMPHASH=BFDAF1CB2C5CD10BA16EF54DA42CC916", "EventData_Signed": "true", "EventData_Signature": "Microsoft Windows", "EventData_SignatureStatus": "Valid", "EventData_User": "NT AUTHORITY\\SYSTEM"}
{"Provider_Name": "Microsoft-Windows-Sysmon", "Provider_Guid": "{5770385f-c22a-43e0-bf4c-06f5698ffbd9}", "Provider": null, "EventID_Qualifiers": "", "EventID": "10", "Version": "3", "Level": "4", "Task": "10", "Opcode": "0", "Keywords": "0x8000000000000000", "TimeCreated_SystemTime": "2023-09-27 06:50:54.745169", "TimeCreated": null, "EventRecordID": "30269", "Correlation_ActivityID": "", "Correlation_RelatedActivityID": "", "Correlation": null, "Execution_ProcessID": "3368", "Execution_ThreadID": "3332", "Execution": null, "Channel": "Microsoft-Windows-Sysmon/Operational", "Computer": "DESKTOP-P5C3MUD", "Security_UserID": "S-1-5-18", "Security": null, "EventData_RuleName": "-", "EventData_UtcTime": "2023-09-27 06:50:54.733", "EventData_SourceProcessGUID": "{4557fbaa-ce2f-6513-0a00-000000000e00}", "EventData_SourceProcessId": "688", "EventData_SourceThreadId": "768", "EventData_SourceImage": "C:\\Windows\\system32\\winlogon.exe", "EventData_TargetProcessGUID": "{4557fbaa-d0ce-6513-7801-000000000e00}", "EventData_TargetProcessId": "3516", "EventData_TargetImage": "C:\\Windows\\system32\\consent.exe", "EventData_GrantedAccess": "0x00100011", "EventData_CallTrace": "C:\\Windows\\SYSTEM32\\ntdll.dll+9d314|C:\\Windows\\System32\\KERNELBASE.dll+308ee|C:\\Windows\\system32\\winlogon.exe+79580|C:\\Windows\\system32\\winlogon.exe+29b5b|C:\\Windows\\SYSTEM32\\ntdll.dll+62230|C:\\Windows\\SYSTEM32\\ntdll.dll+531ba|C:\\Windows\\System32\\KERNEL32.DLL+17344|C:\\Windows\\SYSTEM32\\ntdll.dll+526b1", "EventData_SourceUser": "NT AUTHORITY\\SYSTEM", "EventData_TargetUser": "NT AUTHORITY\\SYSTEM"}
{"Provider_Name": "Microsoft-Windows-Sysmon", "Provider_Guid": "{5770385f-c22a-43e0-bf4c-06f5698ffbd9}", "Provider": null, "EventID_Qualifiers": "", "EventID": "7", "Version": "3", "Level": "4", "Task": "7", "Opcode": "0", "Keywords": "0x8000000000000000", "TimeCreated_SystemTime": "2023-09-27 06:50:54.749842", "TimeCreated": null, "EventRecordID": "30270", "Correlation_ActivityID": "", "Correlation_RelatedActivityID": "", "Correlation": null, "Execution_ProcessID": "3368", "Execution_ThreadID": "3332", "Execution": null, "Channel": "Microsoft-Windows-Sysmon/Operational", "Computer": "DESKTOP-P5C3MUD", "Security_UserID": "S-1-5-18", "Security": null, "EventData_RuleName": "-", "EventData_UtcTime": "2023-09-27 06:50:54.748", "EventData_ProcessGuid": "{4557fbaa-d0ce-6513-7801-000000000e00}", "EventData_ProcessId": "3516", "EventData_Image": "C:\\Windows\\System32\\consent.exe", "EventData_ImageLoaded": "C:\\Windows\\System32\\ole32.dll", "EventData_FileVersion": "10.0.19041.2965 (WinBuild.160101.0800)", "EventData_Description": "Microsoft OLE for Windows", "EventData_Product": "Microsoft\u00ae Windows\u00ae Operating System", "EventData_Company": "Microsoft Corporation", "EventData_OriginalFileName": "OLE32.DLL", "EventData_Hashes": "SHA1=AFD8381DFAD98D64F20AC48AF828F51B517D7C23,MD5=5151F3912370086A405A9A7070768F4B,SHA256=54416CD095DBF292E4229C753BEE076B82B981D82320202C9B5E916E2D0509A5,IMPHASH=58B7D42BAF8BCB6A17F4488C786BA758", "EventData_Signed": "true", "EventData_Signature": "Microsoft Windows", "EventData_SignatureStatus": "Valid", "EventData_User": "NT AUTHORITY\\SYSTEM"}
