{"Provider_Name": "Microsoft-Windows-Sysmon", "Provider_Guid": "{5770385f-c22a-43e0-bf4c-06f5698ffbd9}", "Provider": null, "EventID_Qualifiers": "", "EventID": "7", "Version": "3", "Level": "4", "Task": "7", "Opcode": "0", "Keywords": "0x8000000000000000", "TimeCreated_SystemTime": "2023-09-27 06:50:54.751236", "TimeCreated": null, "EventRecordID": "30271", "Correlation_ActivityID": "", "Correlation_RelatedActivityID": "", "Correlation": null, "Execution_ProcessID": "3368", "Execution_ThreadID": "888", "Execution": null, "Channel": "Microsoft-Windows-Sysmon/Operational", "Computer": "DESKTOP-P5C3MUD", "Security_UserID": "S-1-5-18", "Security": null, "EventData_RuleName": "-", "EventData_UtcTime": "2023-09-27 06:50:54.717", "EventData_ProcessGuid": "{4557fbaa-d0ce-6513-7801-000000000e00}", "EventData_ProcessId": "3516", "EventData_Image": "C:\\Windows\\System32\\consent.exe", "EventData_ImageLoaded": "C:\\Windows\\System32\\urlmon.dll", "EventData_FileVersion": "11.00.19041.3448 (WinBuild.160101.0800)", "EventData_Description": "OLE32 Extensions for Win32", "EventData_Product": "Internet Explorer", "EventData_Company": "Microsoft Corporation", "EventData_OriginalFileName": "UrlMon.dll", "EventData_Hashes": "SHA1=9E27A2C6653EB14F1AC39B3199CF4B34C6C8D46B,MD5=5849CBA0173A5D77CE259B0E068BAF0B,SHA256=44D5C5FCF2BDB2C4B64CFDD961C656B1DEAD40DC4324189F81F8F2D3604287AD,IMPHASH=E08970115519040D5D8DDD9206F445D3", "EventData_Signed": "true", "EventData_Signature": "Microsoft Windows", "EventData_SignatureStatus": "Valid", "EventData_User": "NT AUTHORITY\\SYSTEM"}
{"Provider_Name": "Microsoft-Windows-Sysmon", "Provider_Guid": "{5770385f-c22a-43e0-bf4c-06f5698ffbd9}", "Provider": null, "EventID_Qualifiers": "", "EventID": "7", "Version": "3", "Level": "4", "Task": "7", "Opcode": "0", "Keywords": "0x8000000000000000", "TimeCreated_SystemTime": "2023-09-27 06:50:54.755999", "TimeCreated": null, "EventRecordID": "30272", "Correlation_ActivityID": "", "Correlation_RelatedActivityID": "", "Correlation": null, "Execution_ProcessID": "3368", "Execution_ThreadID": "888", "Execution": null, "Channel": "Microsoft-Windows-Sysmon/Operational", "Computer": "DESKTOP-P5C3MUD", "Security_UserID": "S-1-5-18", "Security": null, "EventData_RuleName": "-", "EventData_UtcTime": "2023-09-27 06:50:54.733", "EventData_ProcessGuid": "{4557fbaa-d0ce-6513-7801-000000000e00}", "EventData_ProcessId": "3516", "EventData_Image": "C:\\Windows\\System32\\consent.exe", "EventData_ImageLoaded": "C:\\Windows\\System32\\srvcli.dll", "EventData_FileVersion": "10.0.19041.3155 (WinBuild.160101.0800)", "EventData_Description": "Server Service Client DLL", "EventData_Product": "Microsoft\u00ae Windows\u00ae Operating System", "EventData_Company": "Microsoft Corporation", "EventData_OriginalFileName": "SRVCLI.DLL", "EventData_Hashes": "SHA1=1F596A2A7FCC57DC9030491694E0780B0A06DEEF,MD5=25B67C240116E1084D7546D1B2473228,SHA256=19B1983F9050558DD51DC9FC3DAF9960B1F5CEB70082FAC963F908E27FF76150,IMPHASH=C1EDF0A54FD1CCF3CF053B992222F138", "EventData_Signed": "true", "EventData_Signature": "Microsoft Windows", "EventData_SignatureStatus": "Valid", "EventData_User": "NT AUTHORITY\\SYSTEM"}
{"Provider_Name": "Microsoft-Windows-Sysmon", "Provider_Guid": "{5770385f-c22a-43e0-bf4c-06f5698ffbd9}", "Provider": null, "EventID_Qualifiers": "", "EventID": "7", "Version": "3", "Level": "4", "Task": "7", "Opcode": "0", "Keywords": "0x8000000000000000", "TimeCreated_SystemTime": "2023-09-27 06:50:54.766140", "TimeCreated": null, "EventRecordID": "30273", "Correlation_ActivityID": "", "Correlation_RelatedActivityID": "", "Correlation": null, "Execution_ProcessID": "3368", "Execution_ThreadID": "888", "Execution": null, "Channel": "Microsoft-Windows-Sysmon/Operational", "Computer": "DESKTOP-P5C3MUD", "Security_UserID": "S-1-5-18", "Security": null, "EventData_RuleName": "-", "EventData_UtcTime": "2023-09-27 06:50:54.748", "EventData_ProcessGuid": "{4557fbaa-d0ce-6513-7801-000000000e00}", "EventData_ProcessId": "3516", "EventData_Image": "C:\\Windows\\System32\\consent.exe", "EventData_ImageLoaded": "C:\\Windows\\System32\\KBDUS.DLL", "EventData_FileVersion": "10.0.19041.546 (WinBuild.160101.0800)", "EventData_Description": "United States Keyboard Layout", "EventData_Product": "Microsoft\u00ae Windows\u00ae Operating System", "EventData_Company": "Microsoft Corporation", "EventData_OriginalFileName": "kbdus.dll", "EventData_Hashes": "SHA1=3043E7A80E4E702791A10EB1D6EFE835976A7185,MD5=6A9D352FDBDAB06AE31153A181E85706,SHA256=D9648DBC4F51063EE979D1D6C45F3680F4EA65FF6A6D7C51FCFA41213A7713F4,IMPHASH=00000000000000000000000000000000", "EventData_Signed": "true", "EventData_Signature": "Microsoft Windows", "EventData_SignatureStatus": "Valid", "EventData_User": "NT AUTHORITY\\SYSTEM"}
{"Provider_Name": "Microsoft-Windows-Sysmon", "Provider_Guid": "{5770385f-c22a-43e0-bf4c-06f5698ffbd9}", "Provider": null, "EventID_Qualifiers": "", "EventID": "12", "Version": "2", "Level": "4", "Task": "12", "Opcode": "0", "Keywords": "0x8000000000000000", "TimeCreated_SystemTime": "2023-09-27 06:50:54.778805", "TimeCreated": null, "EventRecordID": "30274", "Correlation_ActivityID": "", "Correlation_RelatedActivityID": "", "Correlation": null, "Execution_ProcessID": "3368", "Execution_ThreadID": "3332", "Execution": null, "Channel": "Microsoft-Windows-Sysmon/Operational", "Computer": "DESKTOP-P5C3MUD", "Security_UserID": "S-1-5-18", "Security": null, "EventData_RuleName": "-", "EventData_EventType": "CreateKey", "EventData_UtcTime": "2023-09-27 06:50:54.764", "EventData_ProcessGuid": "{4557fbaa-ce99-6513-fd00-000000000e00}", "EventData_ProcessId": "4848", "EventData_Image": "C:\\Windows\\system32\\ctfmon.exe", "EventData_TargetObject": "HKU\\S-1-5-21-2994737283-653069417-2221972583-1001\\SOFTWARE\\Microsoft\\Input\\TypingInsights", "EventData_User": "DESKTOP-P5C3MUD\\user"}
{"Provider_Name": "Microsoft-Windows-Sysmon", "Provider_Guid": "{5770385f-c22a-43e0-bf4c-06f5698ffbd9}", "Provider": null, "EventID_Qualifiers": "", "EventID": "13", "Version": "2", "Level": "4", "Task": "13", "Opcode": "0", "Keywords": "0x8000000000000000", "TimeCreated_SystemTime": "2023-09-27 06:50:54.778837", "TimeCreated": null, "EventRecordID": "30275", "Correlation_ActivityID": "", "Correlation_RelatedActivityID": "", "Correlation": null, "Execution_ProcessID": "3368", "Execution_ThreadID": "3332", "Execution": null, "Channel": "Microsoft-Windows-Sysmon/Operational", "Computer": "DESKTOP-P5C3MUD", "Security_UserID": "S-1-5-18", "Security": null, "EventData_RuleName": "-", "EventData_EventType": "SetValue", "EventData_UtcTime": "2023-09-27 06:50:54.764", "EventData_ProcessGuid": "{4557fbaa-ce99-6513-fd00-000000000e00}", "EventData_ProcessId": "4848", "EventData_Image": "C:\\Windows\\system32\\ctfmon.exe", "EventData_TargetObject": "HKU\\S-1-5-21-2994737283-653069417-2221972583-1001\\SOFTWARE\\Microsoft\\Input\\TypingInsights\\Insights", "EventData_Details": "Binary Data", "EventData_User": "DESKTOP-P5C3MUD\\user"}
{"Provider_Name": "Microsoft-Windows-Sysmon", "Provider_Guid": "{5770385f-c22a-43e0-bf4c-06f5698ffbd9}", "Provider": null, "EventID_Qualifiers": "", "EventID": "7", "Version": "3", "Level": "4", "Task": "7", "Opcode": "0", "Keywords": "0x8000000000000000", "TimeCreated_SystemTime": "2023-09-27 06:50:54.779085", "TimeCreated": null, "EventRecordID": "30276", "Correlation_ActivityID": "", "Correlation_RelatedActivityID": "", "Correlation": null, "Execution_ProcessID": "3368", "Execution_ThreadID": "3332", "Execution": null, "Channel": "Microsoft-Windows-Sysmon/Operational", "Computer": "DESKTOP-P5C3MUD", "Security_UserID": "S-1-5-18", "Security": null, "EventData_RuleName": "-", "EventData_UtcTime": "2023-09-27 06:50:54.764", "EventData_ProcessGuid": "{4557fbaa-d0ce-6513-7801-000000000e00}", "EventData_ProcessId": "3516", "EventData_Image": "C:\\Windows\\System32\\consent.exe", "EventData_ImageLoaded": "C:\\Windows\\System32\\powrprof.dll", "EventData_FileVersion": "10.0.19041.546 (WinBuild.160101.0800)", "EventData_Description": "Power Profile Helper DLL", "EventData_Product": "Microsoft\u00ae Windows\u00ae Operating System", "EventData_Company": "Microsoft Corporation", "EventData_OriginalFileName": "POWRPROF.DLL", "EventData_Hashes": "SHA1=1D9A28C8AC27D50B849A87E83C43E9F4F0EBDD64,MD5=D88B09A7546AD19622F643878AFB033F,SHA256=3F9674B385C0CFC4C93961620C6237499C1701CE76094DAB6F6E4E502E7881FC,IMPHASH=1767FC1F6BC4E7E9EA7A40C5731B08E9", "EventData_Signed": "true", "EventData_Signature": "Microsoft Windows", "EventData_SignatureStatus": "Valid", "EventData_User": "NT AUTHORITY\\SYSTEM"}
{"Provider_Name": "Microsoft-Windows-Sysmon", "Provider_Guid": "{5770385f-c22a-43e0-bf4c-06f5698ffbd9}", "Provider": null, "EventID_Qualifiers": "", "EventID": "7", "Version": "3", "Level": "4", "Task": "7", "Opcode": "0", "Keywords": "0x8000000000000000", "TimeCreated_SystemTime": "2023-09-27 06:50:54.779293", "TimeCreated": null, "EventRecordID": "30277", "Correlation_ActivityID": "", "Correlation_RelatedActivityID": "", "Correlation": null, "Execution_ProcessID": "3368", "Execution_ThreadID": "3332", "Execution": null, "Channel": "Microsoft-Windows-Sysmon/Operational", "Computer": "DESKTOP-P5C3MUD", "Security_UserID": "S-1-5-18", "Security": null, "EventData_RuleName": "-", "EventData_UtcTime": "2023-09-27 06:50:54.764", "EventData_ProcessGuid": "{4557fbaa-d0ce-6513-7801-000000000e00}", "EventData_ProcessId": "3516", "EventData_Image": "C:\\Windows\\System32\\consent.exe", "EventData_ImageLoaded": "C:\\Windows\\System32\\cfgmgr32.dll", "EventData_FileVersion": "10.0.19041.3155 (WinBuild.160101.0800)", "EventData_Description": "Configuration Manager DLL", "EventData_Product": "Microsoft\u00ae Windows\u00ae Operating System", "EventData_Company": "Microsoft Corporation", "EventData_OriginalFileName": "CFGMGR32.DLL", "EventData_Hashes": "SHA1=8C4C5FB0C219D1B49EEE2F4437BAFB2A9E028706,MD5=44711A569CB5C647064073078C303892,SHA256=B6711115A74D01932EC91552670EAC6CFD6E2AD7F30B500F2C358C336DC27974,IMPHASH=80B33C2BA2398A7ADF65B746E21F8E1F", "EventData_Signed": "true", "EventData_Signature": "Microsoft Windows", "EventData_SignatureStatus": "Valid", "EventData_User": "NT AUTHORITY\\SYSTEM"}
{"Provider_Name": "Microsoft-Windows-Sysmon", "Provider_Guid": "{5770385f-c22a-43e0-bf4c-06f5698ffbd9}", "Provider": null, "EventID_Qualifiers": "", "EventID": "7", "Version": "3", "Level": "4", "Task": "7", "Opcode": "0", "Keywords": "0x8000000000000000", "TimeCreated_SystemTime": "2023-09-27 06:50:54.781628", "TimeCreated": null, "EventRecordID": "30278", "Correlation_ActivityID": "", "Correlation_RelatedActivityID": "", "Correlation": null, "Execution_ProcessID": "3368", "Execution_ThreadID": "888", "Execution": null, "Channel": "Microsoft-Windows-Sysmon/Operational", "Computer": "DESKTOP-P5C3MUD", "Security_UserID": "S-1-5-18", "Security": null, "EventData_RuleName": "-", "EventData_UtcTime": "2023-09-27 06:50:54.748", "EventData_ProcessGuid": "{4557fbaa-d0ce-6513-7801-000000000e00}", "EventData_ProcessId": "3516", "EventData_Image": "C:\\Windows\\System32\\consent.exe", "EventData_ImageLoaded": "C:\\Windows\\System32\\msctfp.dll", "EventData_FileVersion": "10.0.19041.610 (WinBuild.160101.0800)", "EventData_Description": "MSCTFP Server DLL", "EventData_Product": "Microsoft\u00ae Windows\u00ae Operating System", "EventData_Company": "Microsoft Corporation", "EventData_OriginalFileName": "MSCTFP.DLL", "EventData_Hashes": "SHA1=03B933C6A537AD0A3FCBF7CB0301D28533161D36,MD5=F0B2B395174408A93345BDD9A0F15634,SHA256=76CEAA09D11BED9746424DA403F0961A9F48ADBBF52B5371852CA4FC0AA7B307,IMPHASH=09DF5AF33DFC83C547CBF57CC0244C56", "EventData_Signed": "true", "EventData_Signature": "Microsoft Windows", "EventData_SignatureStatus": "Valid", "EventData_User": "NT AUTHORITY\\SYSTEM"}
{"Provider_Name": "Microsoft-Windows-Sysmon", "Provider_Guid": "{5770385f-c22a-43e0-bf4c-06f5698ffbd9}", "Provider": null, "EventID_Qualifiers": "", "EventID": "7", "Version": "3", "Level": "4", "Task": "7", "Opcode": "0", "Keywords": "0x8000000000000000", "TimeCreated_SystemTime": "2023-09-27 06:50:54.781771", "TimeCreated": null, "EventRecordID": "30279", "Correlation_ActivityID": "", "Correlation_RelatedActivityID": "", "Correlation": null, "Execution_ProcessID": "3368", "Execution_ThreadID": "3332", "Execution": null, "Channel": "Microsoft-Windows-Sysmon/Operational", "Computer": "DESKTOP-P5C3MUD", "Security_UserID": "S-1-5-18", "Security": null, "EventData_RuleName": "-", "EventData_UtcTime": "2023-09-27 06:50:54.779", "EventData_ProcessGuid": "{4557fbaa-d0ce-6513-7801-000000000e00}", "EventData_ProcessId": "3516", "EventData_Image": "C:\\Windows\\System32\\consent.exe", "EventData_ImageLoaded": "C:\\Windows\\System32\\devobj.dll", "EventData_FileVersion": "10.0.19041.3155 (WinBuild.160101.0800)", "EventData_Description": "Device Information Set DLL", "EventData_Product": "Microsoft\u00ae Windows\u00ae Operating System", "EventData_Company": "Microsoft Corporation", "EventData_OriginalFileName": "devinfoset.DLL", "EventData_Hashes": "SHA1=DE790F3E37D3836F820D00CDFC2C753862BE40AA,MD5=165851EEA207D0F2FEF345EB31A41931,SHA256=C7BA877131ADF35F6907A908C22D680C87CFEFEC996F901BF56C9B2CEF59E403,IMPHASH=FEF55AAF9D7E031972ED016FAA0E364C", "EventData_Signed": "true", "EventData_Signature": "Microsoft Windows", "EventData_SignatureStatus": "Valid", "EventData_User": "NT AUTHORITY\\SYSTEM"}
{"Provider_Name": "Microsoft-Windows-Sysmon", "Provider_Guid": "{5770385f-c22a-43e0-bf4c-06f5698ffbd9}", "Provider": null, "EventID_Qualifiers": "", "EventID": "7", "Version": "3", "Level": "4", "Task": "7", "Opcode": "0", "Keywords": "0x8000000000000000", "TimeCreated_SystemTime": "2023-09-27 06:50:54.781988", "TimeCreated": null, "EventRecordID": "30280", "Correlation_ActivityID": "", "Correlation_RelatedActivityID": "", "Correlation": null, "Execution_ProcessID": "3368", "Execution_ThreadID": "3332", "Execution": null, "Channel": "Microsoft-Windows-Sysmon/Operational", "Computer": "DESKTOP-P5C3MUD", "Security_UserID": "S-1-5-18", "Security": null, "EventData_RuleName": "-", "EventData_UtcTime": "2023-09-27 06:50:54.779", "EventData_ProcessGuid": "{4557fbaa-d0ce-6513-7801-000000000e00}", "EventData_ProcessId": "3516", "EventData_Image": "C:\\Windows\\System32\\consent.exe", "EventData_ImageLoaded": "C:\\Windows\\System32\\umpdc.dll", "EventData_FileVersion": "-", "EventData_Description": "-", "EventData_Product": "-", "EventData_Company": "-", "EventData_OriginalFileName": "-", "EventData_Hashes": "SHA1=25635102C3159C4CA42E802492FEA502316054BA,MD5=8CDD866E0707A71952FBA8BE899B7512,SHA256=AB37401F78B29CC26DB5B27B3DC0CEC3C37CE99AD4E9DF6EBB54F4A239F30232,IMPHASH=171C26BD72218E670B2C74DB98A744AB", "EventData_Signed": "true", "EventData_Signature": "Microsoft Windows", "EventData_SignatureStatus": "Valid", "EventData_User": "NT AUTHORITY\\SYSTEM"}
{"Provider_Name": "Microsoft-Windows-Sysmon", "Provider_Guid": "{5770385f-c22a-43e0-bf4c-06f5698ffbd9}", "Provider": null, "EventID_Qualifiers": "", "EventID": "7", "Version": "3", "Level": "4", "Task": "7", "Opcode": "0", "Keywords": "0x8000000000000000", "TimeCreated_SystemTime": "2023-09-27 06:50:54.787010", "TimeCreated": null, "EventRecordID": "30281", "Correlation_ActivityID": "", "Correlation_RelatedActivityID": "", "Correlation": null, "Execution_ProcessID": "3368", "Execution_ThreadID": "888", "Execution": null, "Channel": "Microsoft-Windows-Sysmon/Operational", "Computer": "DESKTOP-P5C3MUD", "Security_UserID": "S-1-5-18", "Security": null, "EventData_RuleName": "-", "EventData_UtcTime": "2023-09-27 06:50:54.764", "EventData_ProcessGuid": "{4557fbaa-d0ce-6513-7801-000000000e00}", "EventData_ProcessId": "3516", "EventData_Image": "C:\\Windows\\System32\\consent.exe", "EventData_ImageLoaded": "C:\\Windows\\System32\\credui.dll", "EventData_FileVersion": "10.0.19041.2788 (WinBuild.160101.0800)", "EventData_Description": "Credential Manager User Interface", "EventData_Product": "Microsoft\u00ae Windows\u00ae Operating System", "EventData_Company": "Microsoft Corporation", "EventData_OriginalFileName": "credui.dll", "EventData_Hashes": "SHA1=B2E1BE2E81F233174451D9FB57E88AA4CD360C4D,MD5=B0E37860817D7502F7BBDB29761A4376,SHA256=8495768EC819339D39F2E69F16C49F101F6E928E90BDB0C81B7593000B439F08,IMPHASH=A88C56739BE160F37142BD9A3D0857FE", "EventData_Signed": "true", "EventData_Signature": "Microsoft Windows", "EventData_SignatureStatus": "Valid", "EventData_User": "NT AUTHORITY\\SYSTEM"}
{"Provider_Name": "Microsoft-Windows-Sysmon", "Provider_Guid": "{5770385f-c22a-43e0-bf4c-06f5698ffbd9}", "Provider": null, "EventID_Qualifiers": "", "EventID": "7", "Version": "3", "Level": "4", "Task": "7", "Opcode": "0", "Keywords": "0x8000000000000000", "TimeCreated_SystemTime": "2023-09-27 06:50:54.789234", "TimeCreated": null, "EventRecordID": "30282", "Correlation_ActivityID": "", "Correlation_RelatedActivityID": "", "Correlation": null, "Execution_ProcessID": "3368", "Execution_ThreadID": "3332", "Execution": null, "Channel": "Microsoft-Windows-Sysmon/Operational", "Computer": "DESKTOP-P5C3MUD", "Security_UserID": "S-1-5-18", "Security": null, "EventData_RuleName": "-", "EventData_UtcTime": "2023-09-27 06:50:54.779", "EventData_ProcessGuid": "{4557fbaa-d0ce-6513-7801-000000000e00}", "EventData_ProcessId": "3516", "EventData_Image": "C:\\Windows\\System32\\consent.exe", "EventData_ImageLoaded": "C:\\Windows\\System32\\BCP47Langs.dll", "EventData_FileVersion": "10.0.19041.1566 (WinBuild.160101.0800)", "EventData_Description": "BCP47 Language Classes", "EventData_Product": "Microsoft\u00ae Windows\u00ae Operating System", "EventData_Company": "Microsoft Corporation", "EventData_OriginalFileName": "BCP47Lang.dll", "EventData_Hashes": "SHA1=5CDFB1E241636E56BF6F8DA2572716B45701FFB7,MD5=72C65E4770BE939696D2A4A2F80BFE19,SHA256=C332D0F4CCC3AAF63AF3860EAA0F94D28D80CD882BE3A3BBC74F5D1E9B7F99EB,IMPHASH=BC8BE8A7ACFD6FC911398308C691A155", "EventData_Signed": "true", "EventData_Signature": "Microsoft Windows", "EventData_SignatureStatus": "Valid", "EventData_User": "NT AUTHORITY\\SYSTEM"}
{"Provider_Name": "Microsoft-Windows-Sysmon", "Provider_Guid": "{5770385f-c22a-43e0-bf4c-06f5698ffbd9}", "Provider": null, "EventID_Qualifiers": "", "EventID": "7", "Version": "3", "Level": "4", "Task": "7", "Opcode": "0", "Keywords": "0x8000000000000000", "TimeCreated_SystemTime": "2023-09-27 06:50:54.791723", "TimeCreated": null, "EventRecordID": "30283", "Correlation_ActivityID": "", "Correlation_RelatedActivityID": "", "Correlation": null, "Execution_ProcessID": "3368", "Execution_ThreadID": "888", "Execution": null, "Channel": "Microsoft-Windows-Sysmon/Operational", "Computer": "DESKTOP-P5C3MUD", "Security_UserID": "S-1-5-18", "Security": null, "EventData_RuleName": "-", "EventData_UtcTime": "2023-09-27 06:50:54.764", "EventData_ProcessGuid": "{4557fbaa-d0ce-6513-7801-000000000e00}", "EventData_ProcessId": "3516", "EventData_Image": "C:\\Windows\\System32\\consent.exe", "EventData_ImageLoaded": "C:\\Windows\\System32\\AudioSes.dll", "EventData_FileVersion": "10.0.19041.2364 (WinBuild.160101.0800)", "EventData_Description": "Audio Session", "EventData_Product": "Microsoft\u00ae Windows\u00ae Operating System", "EventData_Company": "Microsoft Corporation", "EventData_OriginalFileName": "AudioSes.Dll", "EventData_Hashes": "SHA1=F474B0AF678A6C486D382BCE5FA770BCEB1B93C3,MD5=2DF1A2249A3B5F3D485C5DCC1429BBCB,SHA256=12A4CFC911A1B7197348B40F15F4A2220F767714B9096ACA28BAA66A5933BD25,IMPHASH=051F4084C90C521757FDD424E4BA85B7", "EventData_Signed": "true", "EventData_Signature": "Microsoft Windows", "EventData_SignatureStatus": "Valid", "EventData_User": "NT AUTHORITY\\SYSTEM"}
{"Provider_Name": "Microsoft-Windows-Sysmon", "Provider_Guid": "{5770385f-c22a-43e0-bf4c-06f5698ffbd9}", "Provider": null, "EventID_Qualifiers": "", "EventID": "7", "Version": "3", "Level": "4", "Task": "7", "Opcode": "0", "Keywords": "0x8000000000000000", "TimeCreated_SystemTime": "2023-09-27 06:50:54.795071", "TimeCreated": null, "EventRecordID": "30284", "Correlation_ActivityID": "", "Correlation_RelatedActivityID": "", "Correlation": null, "Execution_ProcessID": "3368", "Execution_ThreadID": "888", "Execution": null, "Channel": "Microsoft-Windows-Sysmon/Operational", "Computer": "DESKTOP-P5C3MUD", "Security_UserID": "S-1-5-18", "Security": null, "EventData_RuleName": "-", "EventData_UtcTime": "2023-09-27 06:50:54.764", "EventData_ProcessGuid": "{4557fbaa-d0ce-6513-7801-000000000e00}", "EventData_ProcessId": "3516", "EventData_Image": "C:\\Windows\\System32\\consent.exe", "EventData_ImageLoaded": "C:\\Windows\\System32\\MMDevAPI.dll", "EventData_FileVersion": "10.0.19041.1503 (WinBuild.160101.0800)", "EventData_Description": "MMDevice API", "EventData_Product": "Microsoft\u00ae Windows\u00ae Operating System", "EventData_Company": "Microsoft Corporation", "EventData_OriginalFileName": "MMDevAPI.Dll", "EventData_Hashes": "SHA1=77D11AB87BD8F4ABA309164CA2FE054D510DB65C,MD5=8123FCED22F5424445BAA833E790ABE8,SHA256=0A5E682042A3DAD4BF67AB9A0E3542683A12B75C727EC4972820CF15E5CF59C2,IMPHASH=A7D2C90CEE1460527C702933E341F400", "EventData_Signed": "true", "EventData_Signature": "Microsoft Windows", "EventData_SignatureStatus": "Valid", "EventData_User": "NT AUTHORITY\\SYSTEM"}
{"Provider_Name": "Microsoft-Windows-Sysmon", "Provider_Guid": "{5770385f-c22a-43e0-bf4c-06f5698ffbd9}", "Provider": null, "EventID_Qualifiers": "", "EventID": "7", "Version": "3", "Level": "4", "Task": "7", "Opcode": "0", "Keywords": "0x8000000000000000", "TimeCreated_SystemTime": "2023-09-27 06:50:54.801476", "TimeCreated": null, "EventRecordID": "30285", "Correlation_ActivityID": "", "Correlation_RelatedActivityID": "", "Correlation": null, "Execution_ProcessID": "3368", "Execution_ThreadID": "888", "Execution": null, "Channel": "Microsoft-Windows-Sysmon/Operational", "Computer": "DESKTOP-P5C3MUD", "Security_UserID": "S-1-5-18", "Security": null, "EventData_RuleName": "-", "EventData_UtcTime": "2023-09-27 06:50:54.779", "EventData_ProcessGuid": "{4557fbaa-d0ce-6513-7801-000000000e00}", "EventData_ProcessId": "3516", "EventData_Image": "C:\\Windows\\System32\\consent.exe", "EventData_ImageLoaded": "C:\\Windows\\System32\\InputSwitch.dll", "EventData_FileVersion": "10.0.19041.1741 (WinBuild.160101.0800)", "EventData_Description": "Microsoft Windows Input Switcher", "EventData_Product": "Microsoft\u00ae Windows\u00ae Operating System", "EventData_Company": "Microsoft Corporation", "EventData_OriginalFileName": "InputSwitch.dll", "EventData_Hashes": "SHA1=4D8547D156B783DCCE0E10188D830964CE250432,MD5=72F522FA7ED3AE75CF8A7F445A3719FD,SHA256=260CD217A995C5BF7E3D5C358A685238A33BCD2FA8ED3871152939D10B0F9976,IMPHASH=AF40EF435D66995E0CD9800313880BFA", "EventData_Signed": "true", "EventData_Signature": "Microsoft Windows", "EventData_SignatureStatus": "Valid", "EventData_User": "NT AUTHORITY\\SYSTEM"}
{"Provider_Name": "Microsoft-Windows-Sysmon", "Provider_Guid": "{5770385f-c22a-43e0-bf4c-06f5698ffbd9}", "Provider": null, "EventID_Qualifiers": "", "EventID": "7", "Version": "3", "Level": "4", "Task": "7", "Opcode": "0", "Keywords": "0x8000000000000000", "TimeCreated_SystemTime": "2023-09-27 06:50:54.806627", "TimeCreated": null, "EventRecordID": "30286", "Correlation_ActivityID": "", "Correlation_RelatedActivityID": "", "Correlation": null, "Execution_ProcessID": "3368", "Execution_ThreadID": "3332", "Execution": null, "Channel": "Microsoft-Windows-Sysmon/Operational", "Computer": "DESKTOP-P5C3MUD", "Security_UserID": "S-1-5-18", "Security": null, "EventData_RuleName": "-", "EventData_UtcTime": "2023-09-27 06:50:54.795", "EventData_ProcessGuid": "{4557fbaa-d0ce-6513-7801-000000000e00}", "EventData_ProcessId": "3516", "EventData_Image": "C:\\Windows\\System32\\consent.exe", "EventData_ImageLoaded": "C:\\Windows\\System32\\wininet.dll", "EventData_FileVersion": "11.00.19041.3393 (WinBuild.160101.0800)", "EventData_Description": "Internet Extensions for Win32", "EventData_Product": "Internet Explorer", "EventData_Company": "Microsoft Corporation", "EventData_OriginalFileName": "wininet.dll", "EventData_Hashes": "SHA1=B9392ED6B5D46E6399198079444EAF87213A3965,MD5=7BE0A4024A6095690D5AA819708F9989,SHA256=8B0156070505DEAEA5720765B977786117B5172238D3C8AAF9FB231EDDDABC96,IMPHASH=8F2ADB9F59F915BA37A117C6317DAB73", "EventData_Signed": "true", "EventData_Signature": "Microsoft Windows", "EventData_SignatureStatus": "Valid", "EventData_User": "NT AUTHORITY\\SYSTEM"}
{"Provider_Name": "Microsoft-Windows-Sysmon", "Provider_Guid": "{5770385f-c22a-43e0-bf4c-06f5698ffbd9}", "Provider": null, "EventID_Qualifiers": "", "EventID": "7", "Version": "3", "Level": "4", "Task": "7", "Opcode": "0", "Keywords": "0x8000000000000000", "TimeCreated_SystemTime": "2023-09-27 06:50:54.809282", "TimeCreated": null, "EventRecordID": "30287", "Correlation_ActivityID": "", "Correlation_RelatedActivityID": "", "Correlation": null, "Execution_ProcessID": "3368", "Execution_ThreadID": "3332", "Execution": null, "Channel": "Microsoft-Windows-Sysmon/Operational", "Computer": "DESKTOP-P5C3MUD", "Security_UserID": "S-1-5-18", "Security": null, "EventData_RuleName": "-", "EventData_UtcTime": "2023-09-27 06:50:54.795", "EventData_ProcessGuid": "{4557fbaa-d0ce-6513-7801-000000000e00}", "EventData_ProcessId": "3516", "EventData_Image": "C:\\Windows\\System32\\consent.exe", "EventData_ImageLoaded": "C:\\Windows\\System32\\TextInputFramework.dll", "EventData_FileVersion": "10.0.19041.3393 (WinBuild.160101.0800)", "EventData_Description": "\"TextInputFramework.DYNLINK\"", "EventData_Product": "Microsoft\u00ae Windows\u00ae Operating System", "EventData_Company": "Microsoft Corporation", "EventData_OriginalFileName": "\"TextInputFramework.DYNLINK\"", "EventData_Hashes": "SHA1=BBDD845D9A04CA5DC894CF5E1EB3F7609EDBCEF6,MD5=49731140DCCE52A5F75F0FFB4E63E214,SHA256=D4910ED9F8D7B3530FAC76F978DE9A4932E7439EB9ACBFC3ABB9F46F2A1FFDDD,IMPHASH=BD3B2B92B97C2573E01C9D4381431CE9", "EventData_Signed": "true", "EventData_Signature": "Microsoft Windows", "EventData_SignatureStatus": "Valid", "EventData_User": "NT AUTHORITY\\SYSTEM"}
{"Provider_Name": "Microsoft-Windows-Sysmon", "Provider_Guid": "{5770385f-c22a-43e0-bf4c-06f5698ffbd9}", "Provider": null, "EventID_Qualifiers": "", "EventID": "7", "Version": "3", "Level": "4", "Task": "7", "Opcode": "0", "Keywords": "0x8000000000000000", "TimeCreated_SystemTime": "2023-09-27 06:50:54.809942", "TimeCreated": null, "EventRecordID": "30288", "Correlation_ActivityID": "", "Correlation_RelatedActivityID": "", "Correlation": null, "Execution_ProcessID": "3368", "Execution_ThreadID": "3332", "Execution": null, "Channel": "Microsoft-Windows-Sysmon/Operational", "Computer": "DESKTOP-P5C3MUD", "Security_UserID": "S-1-5-18", "Security": null, "EventData_RuleName": "-", "EventData_UtcTime": "2023-09-27 06:50:54.795", "EventData_ProcessGuid": "{4557fbaa-d0ce-6513-7801-000000000e00}", "EventData_ProcessId": "3516", "EventData_Image": "C:\\Windows\\System32\\consent.exe", "EventData_ImageLoaded": "C:\\Windows\\System32\\CoreUIComponents.dll", "EventData_FileVersion": "10.0.19041.546", "EventData_Description": "Microsoft Core UI Components Dll", "EventData_Product": "Microsoft\u00ae Windows\u00ae Operating System", "EventData_Company": "Microsoft Corporation", "EventData_OriginalFileName": "CoreUIComponents.dll", "EventData_Hashes": "SHA1=973210EE7824101E08AB1E166E2195B764993BF7,MD5=556F907CCE760F3589C953B34D98CABA,SHA256=27F6F85CCE6BE7A0127DECA777E11F3ADB4813B5182C287EFDBDD74C0952A339,IMPHASH=0B0DA790ADFDAC6A418A0ABF3F9CC3DB", "EventData_Signed": "true", "EventData_Signature": "Microsoft Windows", "EventData_SignatureStatus": "Valid", "EventData_User": "NT AUTHORITY\\SYSTEM"}
{"Provider_Name": "Microsoft-Windows-Sysmon", "Provider_Guid": "{5770385f-c22a-43e0-bf4c-06f5698ffbd9}", "Provider": null, "EventID_Qualifiers": "", "EventID": "7", "Version": "3", "Level": "4", "Task": "7", "Opcode": "0", "Keywords": "0x8000000000000000", "TimeCreated_SystemTime": "2023-09-27 06:50:54.810167", "TimeCreated": null, "EventRecordID": "30289", "Correlation_ActivityID": "", "Correlation_RelatedActivityID": "", "Correlation": null, "Execution_ProcessID": "3368", "Execution_ThreadID": "3332", "Execution": null, "Channel": "Microsoft-Windows-Sysmon/Operational", "Computer": "DESKTOP-P5C3MUD", "Security_UserID": "S-1-5-18", "Security": null, "EventData_RuleName": "-", "EventData_UtcTime": "2023-09-27 06:50:54.795", "EventData_ProcessGuid": "{4557fbaa-d0ce-6513-7801-000000000e00}", "EventData_ProcessId": "3516", "EventData_Image": "C:\\Windows\\System32\\consent.exe", "EventData_ImageLoaded": "C:\\Windows\\System32\\CoreMessaging.dll", "EventData_FileVersion": "10.0.19041.3393", "EventData_Description": "Microsoft CoreMessaging Dll", "EventData_Product": "Microsoft\u00ae Windows\u00ae Operating System", "EventData_Company": "Microsoft Corporation", "EventData_OriginalFileName": "CoreMessaging.dll", "EventData_Hashes": "SHA1=5ADD813F3BE0CE1B49183C560ABF6212B67EDE13,MD5=D8F552AC7C40F0ED3C4C15EFF4BD9378,SHA256=6931A4004CE8D8BD58D7213E3F67F4A60236FE84FAE9F729DA5C3FCBAF5549C9,IMPHASH=709EF95FC7F2757A4736822A17CB7871", "EventData_Signed": "true", "EventData_Signature": "Microsoft Windows", "EventData_SignatureStatus": "Valid", "EventData_User": "NT AUTHORITY\\SYSTEM"}
{"Provider_Name": "Microsoft-Windows-Sysmon", "Provider_Guid": "{5770385f-c22a-43e0-bf4c-06f5698ffbd9}", "Provider": null, "EventID_Qualifiers": "", "EventID": "7", "Version": "3", "Level": "4", "Task": "7", "Opcode": "0", "Keywords": "0x8000000000000000", "TimeCreated_SystemTime": "2023-09-27 06:50:54.810270", "TimeCreated": null, "EventRecordID": "30290", "Correlation_ActivityID": "", "Correlation_RelatedActivityID": "", "Correlation": null, "Execution_ProcessID": "3368", "Execution_ThreadID": "3332", "Execution": null, "Channel": "Microsoft-Windows-Sysmon/Operational", "Computer": "DESKTOP-P5C3MUD", "Security_UserID": "S-1-5-18", "Security": null, "EventData_RuleName": "-", "EventData_UtcTime": "2023-09-27 06:50:54.795", "EventData_ProcessGuid": "{4557fbaa-d0ce-6513-7801-000000000e00}", "EventData_ProcessId": "3516", "EventData_Image": "C:\\Windows\\System32\\consent.exe", "EventData_ImageLoaded": "C:\\Windows\\System32\\ws2_32.dll", "EventData_FileVersion": "10.0.19041.546 (WinBuild.160101.0800)", "EventData_Description": "Windows Socket 2.0 32-Bit DLL", "EventData_Product": "Microsoft\u00ae Windows\u00ae Operating System", "EventData_Company": "Microsoft Corporation", "EventData_OriginalFileName": "ws2_32.dll", "EventData_Hashes": "SHA1=2865C9AD28810C59F5EEED6F894467C9EB2C4EE8,MD5=6EED88C1206032A2797ABF131C6242CF,SHA256=1F996574F38219CDD848375F517F8D86E17542BC84D64CCE63AA0C64CC15F22D,IMPHASH=6EEE61EF7874AA59D1A3452C72E61D5C", "EventData_Signed": "true", "EventData_Signature": "Microsoft Windows", "EventData_SignatureStatus": "Valid", "EventData_User": "NT AUTHORITY\\SYSTEM"}
{"Provider_Name": "Microsoft-Windows-Sysmon", "Provider_Guid": "{5770385f-c22a-43e0-bf4c-06f5698ffbd9}", "Provider": null, "EventID_Qualifiers": "", "EventID": "7", "Version": "3", "Level": "4", "Task": "7", "Opcode": "0", "Keywords": "0x8000000000000000", "TimeCreated_SystemTime": "2023-09-27 06:50:54.810482", "TimeCreated": null, "EventRecordID": "30291", "Correlation_ActivityID": "", "Correlation_RelatedActivityID": "", "Correlation": null, "Execution_ProcessID": "3368", "Execution_ThreadID": "3332", "Execution": null, "Channel": "Microsoft-Windows-Sysmon/Operational", "Computer": "DESKTOP-P5C3MUD", "Security_UserID": "S-1-5-18", "Security": null, "EventData_RuleName": "-", "EventData_UtcTime": "2023-09-27 06:50:54.795", "EventData_ProcessGuid": "{4557fbaa-d0ce-6513-7801-000000000e00}", "EventData_ProcessId": "3516", "EventData_Image": "C:\\Windows\\System32\\consent.exe", "EventData_ImageLoaded": "C:\\Windows\\System32\\ntmarta.dll", "EventData_FileVersion": "10.0.19041.546 (WinBuild.160101.0800)", "EventData_Description": "Windows NT MARTA provider", "EventData_Product": "Microsoft\u00ae Windows\u00ae Operating System", "EventData_Company": "Microsoft Corporation", "EventData_OriginalFileName": "ntmarta.dll", "EventData_Hashes": "SHA1=5A5DB0243FF6C10865B1301712647BBB416D2B07,MD5=3847505289CB4D4454F8DC5A866338A8,SHA256=B2EB064F3D70F08152E1845FBEEF64BE204FA44FA56D2E58A645E15DB5505011,IMPHASH=2A82B57D7A2D3136D8E6670296793FB3", "EventData_Signed": "true", "EventData_Signature": "Microsoft Windows", "EventData_SignatureStatus": "Valid", "EventData_User": "NT AUTHORITY\\SYSTEM"}
{"Provider_Name": "Microsoft-Windows-Sysmon", "Provider_Guid": "{5770385f-c22a-43e0-bf4c-06f5698ffbd9}", "Provider": null, "EventID_Qualifiers": "", "EventID": "7", "Version": "3", "Level": "4", "Task": "7", "Opcode": "0", "Keywords": "0x8000000000000000", "TimeCreated_SystemTime": "2023-09-27 06:50:54.810719", "TimeCreated": null, "EventRecordID": "30292", "Correlation_ActivityID": "", "Correlation_RelatedActivityID": "", "Correlation": null, "Execution_ProcessID": "3368", "Execution_ThreadID": "3332", "Execution": null, "Channel": "Microsoft-Windows-Sysmon/Operational", "Computer": "DESKTOP-P5C3MUD", "Security_UserID": "S-1-5-18", "Security": null, "EventData_RuleName": "-", "EventData_UtcTime": "2023-09-27 06:50:54.795", "EventData_ProcessGuid": "{4557fbaa-d0ce-6513-7801-000000000e00}", "EventData_ProcessId": "3516", "EventData_Image": "C:\\Windows\\System32\\consent.exe", "EventData_ImageLoaded": "C:\\Windows\\System32\\WinTypes.dll", "EventData_FileVersion": "10.0.19041.3393 (WinBuild.160101.0800)", "EventData_Description": "Windows Base Types DLL", "EventData_Product": "Microsoft\u00ae Windows\u00ae Operating System", "EventData_Company": "Microsoft Corporation", "EventData_OriginalFileName": "WinTypes.dll", "EventData_Hashes": "SHA1=3F6E10E658E558E06D1CA50176465CFBDAF63EC7,MD5=2CC365DE50503A7498D1A8EB7DD64A53,SHA256=FFD4A36E5880669D0CCE8FAC83AE328ACDAB24ECC7A13E4DA26896A5B131BC13,IMPHASH=29DAF5F20C970881AB4F6C896AC969CE", "EventData_Signed": "true", "EventData_Signature": "Microsoft Windows", "EventData_SignatureStatus": "Valid", "EventData_User": "NT AUTHORITY\\SYSTEM"}
{"Provider_Name": "Microsoft-Windows-Sysmon", "Provider_Guid": "{5770385f-c22a-43e0-bf4c-06f5698ffbd9}", "Provider": null, "EventID_Qualifiers": "", "EventID": "10", "Version": "3", "Level": "4", "Task": "10", "Opcode": "0", "Keywords": "0x8000000000000000", "TimeCreated_SystemTime": "2023-09-27 06:50:54.812267", "TimeCreated": null, "EventRecordID": "30293", "Correlation_ActivityID": "", "Correlation_RelatedActivityID": "", "Correlation": null, "Execution_ProcessID": "3368", "Execution_ThreadID": "3332", "Execution": null, "Channel": "Microsoft-Windows-Sysmon/Operational", "Computer": "DESKTOP-P5C3MUD", "Security_UserID": "S-1-5-18", "Security": null, "EventData_RuleName": "-", "EventData_UtcTime": "2023-09-27 06:50:54.811", "EventData_SourceProcessGUID": "{4557fbaa-cec0-6513-1601-000000000e00}", "EventData_SourceProcessId": "11120", "EventData_SourceThreadId": "11124", "EventData_SourceImage": "C:\\Windows\\System32\\InputMethod\\CHS\\ChsIME.exe", "EventData_TargetProcessGUID": "{4557fbaa-d0ce-6513-7801-000000000e00}", "EventData_TargetProcessId": "3516", "EventData_TargetImage": "C:\\Windows\\system32\\consent.exe", "EventData_GrantedAccess": "0x00001410", "EventData_CallTrace": "C:\\Windows\\SYSTEM32\\ntdll.dll+9d314|C:\\Windows\\System32\\KERNELBASE.dll+308ee|C:\\Windows\\System32\\InputMethod\\CHS\\ChsEM.dll+381c6|C:\\Windows\\System32\\InputMethod\\CHS\\ChsEM.dll+1a324|C:\\Windows\\System32\\InputMethod\\CHS\\ChsEM.dll+1a19c|C:\\Windows\\System32\\InputMethod\\CHS\\ChsEM.dll+170a4|C:\\Windows\\System32\\InputMethod\\CHS\\ChsEM.dll+10f53|C:\\Windows\\System32\\combase.dll+2b8f1|C:\\Windows\\System32\\combase.dll+2a7d0|C:\\Windows\\System32\\combase.dll+2a52c|C:\\Windows\\System32\\InputMethod\\CHS\\ChsIME.exe+f32a|C:\\Windows\\System32\\InputMethod\\CHS\\ChsIME.exe+16a07|C:\\Windows\\System32\\InputMethod\\CHS\\ChsIME.exe+a2cc|C:\\Windows\\System32\\MSCTF.dll+9599b|C:\\Windows\\System32\\MSCTF.dll+96a92|C:\\Windows\\System32\\MSCTF.dll+9736a|C:\\Windows\\System32\\USER32.dll+e858|C:\\Windows\\System32\\USER32.dll+e3dc|C:\\Windows\\System32\\USER32.dll+20c93|C:\\Windows\\SYSTEM32\\ntdll.dll+a0cd4|UNKNOWN(FFFFF807446229F5)|UNKNOWN(FFFFFD5C45D05DD2)|UNKNOWN(FFFFFD5C45D0DF06)|UNKNOWN(FFFFFD5C45D0D134)", "EventData_SourceUser": "NT AUTHORITY\\SYSTEM", "EventData_TargetUser": "NT AUTHORITY\\SYSTEM"}
{"Provider_Name": "Microsoft-Windows-Sysmon", "Provider_Guid": "{5770385f-c22a-43e0-bf4c-06f5698ffbd9}", "Provider": null, "EventID_Qualifiers": "", "EventID": "10", "Version": "3", "Level": "4", "Task": "10", "Opcode": "0", "Keywords": "0x8000000000000000", "TimeCreated_SystemTime": "2023-09-27 06:50:54.812349", "TimeCreated": null, "EventRecordID": "30294", "Correlation_ActivityID": "", "Correlation_RelatedActivityID": "", "Correlation": null, "Execution_ProcessID": "3368", "Execution_ThreadID": "3332", "Execution": null, "Channel": "Microsoft-Windows-Sysmon/Operational", "Computer": "DESKTOP-P5C3MUD", "Security_UserID": "S-1-5-18", "Security": null, "EventData_RuleName": "-", "EventData_UtcTime": "2023-09-27 06:50:54.811", "EventData_SourceProcessGUID": "{4557fbaa-cec0-6513-1601-000000000e00}", "EventData_SourceProcessId": "11120", "EventData_SourceThreadId": "11124", "EventData_SourceImage": "C:\\Windows\\System32\\InputMethod\\CHS\\ChsIME.exe", "EventData_TargetProcessGUID": "{4557fbaa-d0ce-6513-7801-000000000e00}", "EventData_TargetProcessId": "3516", "EventData_TargetImage": "C:\\Windows\\system32\\consent.exe", "EventData_GrantedAccess": "0x00001410", "EventData_CallTrace": "C:\\Windows\\SYSTEM32\\ntdll.dll+9d314|C:\\Windows\\System32\\KERNELBASE.dll+308ee|C:\\Windows\\System32\\InputMethod\\CHS\\ChsEM.dll+37fb7|C:\\Windows\\System32\\InputMethod\\CHS\\ChsEM.dll+380d5|C:\\Windows\\System32\\USER32.dll+21a81|C:\\Windows\\System32\\USER32.dll+21904|C:\\Windows\\System32\\InputMethod\\CHS\\ChsEM.dll+382ff|C:\\Windows\\System32\\InputMethod\\CHS\\ChsEM.dll+1a324|C:\\Windows\\System32\\InputMethod\\CHS\\ChsEM.dll+1a19c|C:\\Windows\\System32\\InputMethod\\CHS\\ChsEM.dll+170a4|C:\\Windows\\System32\\InputMethod\\CHS\\ChsEM.dll+10f53|C:\\Windows\\System32\\combase.dll+2b8f1|C:\\Windows\\System32\\combase.dll+2a7d0|C:\\Windows\\System32\\combase.dll+2a52c|C:\\Windows\\System32\\InputMethod\\CHS\\ChsIME.exe+f32a|C:\\Windows\\System32\\InputMethod\\CHS\\ChsIME.exe+16a07|C:\\Windows\\System32\\InputMethod\\CHS\\ChsIME.exe+a2cc|C:\\Windows\\System32\\MSCTF.dll+9599b|C:\\Windows\\System32\\MSCTF.dll+96a92|C:\\Windows\\System32\\MSCTF.dll+9736a|C:\\Windows\\System32\\USER32.dll+e858|C:\\Windows\\System32\\USER32.dll+e3dc|C:\\Windows\\System32\\USER32.dll+20c93|C:\\Windows\\SYSTEM32\\ntdll.dll+a0cd4", "EventData_SourceUser": "NT AUTHORITY\\SYSTEM", "EventData_TargetUser": "NT AUTHORITY\\SYSTEM"}
{"Provider_Name": "Microsoft-Windows-Sysmon", "Provider_Guid": "{5770385f-c22a-43e0-bf4c-06f5698ffbd9}", "Provider": null, "EventID_Qualifiers": "", "EventID": "10", "Version": "3", "Level": "4", "Task": "10", "Opcode": "0", "Keywords": "0x8000000000000000", "TimeCreated_SystemTime": "2023-09-27 06:50:54.812399", "TimeCreated": null, "EventRecordID": "30295", "Correlation_ActivityID": "", "Correlation_RelatedActivityID": "", "Correlation": null, "Execution_ProcessID": "3368", "Execution_ThreadID": "3332", "Execution": null, "Channel": "Microsoft-Windows-Sysmon/Operational", "Computer": "DESKTOP-P5C3MUD", "Security_UserID": "S-1-5-18", "Security": null, "EventData_RuleName": "-", "EventData_UtcTime": "2023-09-27 06:50:54.811", "EventData_SourceProcessGUID": "{4557fbaa-cec0-6513-1601-000000000e00}", "EventData_SourceProcessId": "11120", "EventData_SourceThreadId": "11124", "EventData_SourceImage": "C:\\Windows\\System32\\InputMethod\\CHS\\ChsIME.exe", "EventData_TargetProcessGUID": "{4557fbaa-d0ce-6513-7801-000000000e00}", "EventData_TargetProcessId": "3516", "EventData_TargetImage": "C:\\Windows\\system32\\consent.exe", "EventData_GrantedAccess": "0x00001410", "EventData_CallTrace": "C:\\Windows\\SYSTEM32\\ntdll.dll+9d314|C:\\Windows\\System32\\KERNELBASE.dll+308ee|C:\\Windows\\System32\\InputMethod\\CHS\\ChsEM.dll+37fb7|C:\\Windows\\System32\\InputMethod\\CHS\\ChsEM.dll+380d5|C:\\Windows\\System32\\USER32.dll+21a81|C:\\Windows\\System32\\USER32.dll+21904|C:\\Windows\\System32\\InputMethod\\CHS\\ChsEM.dll+382ff|C:\\Windows\\System32\\InputMethod\\CHS\\ChsEM.dll+1a324|C:\\Windows\\System32\\InputMethod\\CHS\\ChsEM.dll+1a19c|C:\\Windows\\System32\\InputMethod\\CHS\\ChsEM.dll+170a4|C:\\Windows\\System32\\InputMethod\\CHS\\ChsEM.dll+10f53|C:\\Windows\\System32\\combase.dll+2b8f1|C:\\Windows\\System32\\combase.dll+2a7d0|C:\\Windows\\System32\\combase.dll+2a52c|C:\\Windows\\System32\\InputMethod\\CHS\\ChsIME.exe+f32a|C:\\Windows\\System32\\InputMethod\\CHS\\ChsIME.exe+16a07|C:\\Windows\\System32\\InputMethod\\CHS\\ChsIME.exe+a2cc|C:\\Windows\\System32\\MSCTF.dll+9599b|C:\\Windows\\System32\\MSCTF.dll+96a92|C:\\Windows\\System32\\MSCTF.dll+9736a|C:\\Windows\\System32\\USER32.dll+e858|C:\\Windows\\System32\\USER32.dll+e3dc|C:\\Windows\\System32\\USER32.dll+20c93|C:\\Windows\\SYSTEM32\\ntdll.dll+a0cd4", "EventData_SourceUser": "NT AUTHORITY\\SYSTEM", "EventData_TargetUser": "NT AUTHORITY\\SYSTEM"}
{"Provider_Name": "Microsoft-Windows-Sysmon", "Provider_Guid": "{5770385f-c22a-43e0-bf4c-06f5698ffbd9}", "Provider": null, "EventID_Qualifiers": "", "EventID": "10", "Version": "3", "Level": "4", "Task": "10", "Opcode": "0", "Keywords": "0x8000000000000000", "TimeCreated_SystemTime": "2023-09-27 06:50:54.812433", "TimeCreated": null, "EventRecordID": "30296", "Correlation_ActivityID": "", "Correlation_RelatedActivityID": "", "Correlation": null, "Execution_ProcessID": "3368", "Execution_ThreadID": "3332", "Execution": null, "Channel": "Microsoft-Windows-Sysmon/Operational", "Computer": "DESKTOP-P5C3MUD", "Security_UserID": "S-1-5-18", "Security": null, "EventData_RuleName": "-", "EventData_UtcTime": "2023-09-27 06:50:54.811", "EventData_SourceProcessGUID": "{4557fbaa-cec0-6513-1601-000000000e00}", "EventData_SourceProcessId": "11120", "EventData_SourceThreadId": "11124", "EventData_SourceImage": "C:\\Windows\\System32\\InputMethod\\CHS\\ChsIME.exe", "EventData_TargetProcessGUID": "{4557fbaa-d0ce-6513-7801-000000000e00}", "EventData_TargetProcessId": "3516", "EventData_TargetImage": "C:\\Windows\\system32\\consent.exe", "EventData_GrantedAccess": "0x00001410", "EventData_CallTrace": "C:\\Windows\\SYSTEM32\\ntdll.dll+9d314|C:\\Windows\\System32\\KERNELBASE.dll+308ee|C:\\Windows\\System32\\InputMethod\\CHS\\ChsEM.dll+37fb7|C:\\Windows\\System32\\InputMethod\\CHS\\ChsEM.dll+380d5|C:\\Windows\\System32\\USER32.dll+21a81|C:\\Windows\\System32\\USER32.dll+21904|C:\\Windows\\System32\\InputMethod\\CHS\\ChsEM.dll+382ff|C:\\Windows\\System32\\InputMethod\\CHS\\ChsEM.dll+1a324|C:\\Windows\\System32\\InputMethod\\CHS\\ChsEM.dll+1a19c|C:\\Windows\\System32\\InputMethod\\CHS\\ChsEM.dll+170a4|C:\\Windows\\System32\\InputMethod\\CHS\\ChsEM.dll+10f53|C:\\Windows\\System32\\combase.dll+2b8f1|C:\\Windows\\System32\\combase.dll+2a7d0|C:\\Windows\\System32\\combase.dll+2a52c|C:\\Windows\\System32\\InputMethod\\CHS\\ChsIME.exe+f32a|C:\\Windows\\System32\\InputMethod\\CHS\\ChsIME.exe+16a07|C:\\Windows\\System32\\InputMethod\\CHS\\ChsIME.exe+a2cc|C:\\Windows\\System32\\MSCTF.dll+9599b|C:\\Windows\\System32\\MSCTF.dll+96a92|C:\\Windows\\System32\\MSCTF.dll+9736a|C:\\Windows\\System32\\USER32.dll+e858|C:\\Windows\\System32\\USER32.dll+e3dc|C:\\Windows\\System32\\USER32.dll+20c93|C:\\Windows\\SYSTEM32\\ntdll.dll+a0cd4", "EventData_SourceUser": "NT AUTHORITY\\SYSTEM", "EventData_TargetUser": "NT AUTHORITY\\SYSTEM"}
{"Provider_Name": "Microsoft-Windows-Sysmon", "Provider_Guid": "{5770385f-c22a-43e0-bf4c-06f5698ffbd9}", "Provider": null, "EventID_Qualifiers": "", "EventID": "12", "Version": "2", "Level": "4", "Task": "12", "Opcode": "0", "Keywords": "0x8000000000000000", "TimeCreated_SystemTime": "2023-09-27 06:50:54.812548", "TimeCreated": null, "EventRecordID": "30297", "Correlation_ActivityID": "", "Correlation_RelatedActivityID": "", "Correlation": null, "Execution_ProcessID": "3368", "Execution_ThreadID": "3332", "Execution": null, "Channel": "Microsoft-Windows-Sysmon/Operational", "Computer": "DESKTOP-P5C3MUD", "Security_UserID": "S-1-5-18", "Security": null, "EventData_RuleName": "-", "EventData_EventType": "CreateKey", "EventData_UtcTime": "2023-09-27 06:50:54.811", "EventData_ProcessGuid": "{4557fbaa-cec0-6513-1601-000000000e00}", "EventData_ProcessId": "11120", "EventData_Image": "C:\\Windows\\System32\\InputMethod\\CHS\\ChsIME.exe", "EventData_TargetObject": "HKU\\.DEFAULT\\Software\\Microsoft\\InputMethod\\Siuf\\CandidateSelected", "EventData_User": "NT AUTHORITY\\SYSTEM"}
{"Provider_Name": "Microsoft-Windows-Sysmon", "Provider_Guid": "{5770385f-c22a-43e0-bf4c-06f5698ffbd9}", "Provider": null, "EventID_Qualifiers": "", "EventID": "7", "Version": "3", "Level": "4", "Task": "7", "Opcode": "0", "Keywords": "0x8000000000000000", "TimeCreated_SystemTime": "2023-09-27 06:50:54.812792", "TimeCreated": null, "EventRecordID": "30298", "Correlation_ActivityID": "", "Correlation_RelatedActivityID": "", "Correlation": null, "Execution_ProcessID": "3368", "Execution_ThreadID": "3332", "Execution": null, "Channel": "Microsoft-Windows-Sysmon/Operational", "Computer": "DESKTOP-P5C3MUD", "Security_UserID": "S-1-5-18", "Security": null, "EventData_RuleName": "-", "EventData_UtcTime": "2023-09-27 06:50:54.811", "EventData_ProcessGuid": "{4557fbaa-d0ce-6513-7801-000000000e00}", "EventData_ProcessId": "3516", "EventData_Image": "C:\\Windows\\System32\\consent.exe", "EventData_ImageLoaded": "C:\\Windows\\System32\\dui70.dll", "EventData_FileVersion": "10.0.19041.746 (WinBuild.160101.0800)", "EventData_Description": "Windows DirectUI Engine", "EventData_Product": "Microsoft\u00ae Windows\u00ae Operating System", "EventData_Company": "Microsoft Corporation", "EventData_OriginalFileName": "DUI70.DLL", "EventData_Hashes": "SHA1=0D4C4681C036939C1665F98076A23A81E75B4837,MD5=B736A38C4A2470DC46F92EBD520B3030,SHA256=FBD5E1F2CEEDC5A2A8FF07E0CD85AD81F594132C1FDF113AEE1169A70103EF83,IMPHASH=B7B21F8AECEE3D89AEDD84D3E5E586AA", "EventData_Signed": "true", "EventData_Signature": "Microsoft Windows", "EventData_SignatureStatus": "Valid", "EventData_User": "NT AUTHORITY\\SYSTEM"}
{"Provider_Name": "Microsoft-Windows-Sysmon", "Provider_Guid": "{5770385f-c22a-43e0-bf4c-06f5698ffbd9}", "Provider": null, "EventID_Qualifiers": "", "EventID": "7", "Version": "3", "Level": "4", "Task": "7", "Opcode": "0", "Keywords": "0x8000000000000000", "TimeCreated_SystemTime": "2023-09-27 06:50:54.815563", "TimeCreated": null, "EventRecordID": "30299", "Correlation_ActivityID": "", "Correlation_RelatedActivityID": "", "Correlation": null, "Execution_ProcessID": "3368", "Execution_ThreadID": "3332", "Execution": null, "Channel": "Microsoft-Windows-Sysmon/Operational", "Computer": "DESKTOP-P5C3MUD", "Security_UserID": "S-1-5-18", "Security": null, "EventData_RuleName": "-", "EventData_UtcTime": "2023-09-27 06:50:54.811", "EventData_ProcessGuid": "{4557fbaa-d0ce-6513-7801-000000000e00}", "EventData_ProcessId": "3516", "EventData_Image": "C:\\Windows\\System32\\consent.exe", "EventData_ImageLoaded": "C:\\Windows\\System32\\duser.dll", "EventData_FileVersion": "10.0.19041.546 (WinBuild.160101.0800)", "EventData_Description": "Windows DirectUser Engine", "EventData_Product": "Microsoft\u00ae Windows\u00ae Operating System", "EventData_Company": "Microsoft Corporation", "EventData_OriginalFileName": "DUser.DLL", "EventData_Hashes": "SHA1=FFC55693372B60B587EA9298B20629E2BC2906DB,MD5=0DE31834191B9524A69F8B8AAD655B3B,SHA256=C7BE8A83EF861073C9F9E510A579D42CFAE6DD04A92BDD98273E0C8A99A413CC,IMPHASH=A58EEA7A520B65403D6A57F563000A63", "EventData_Signed": "true", "EventData_Signature": "Microsoft Windows", "EventData_SignatureStatus": "Valid", "EventData_User": "NT AUTHORITY\\SYSTEM"}
{"Provider_Name": "Microsoft-Windows-Sysmon", "Provider_Guid": "{5770385f-c22a-43e0-bf4c-06f5698ffbd9}", "Provider": null, "EventID_Qualifiers": "", "EventID": "12", "Version": "2", "Level": "4", "Task": "12", "Opcode": "0", "Keywords": "0x8000000000000000", "TimeCreated_SystemTime": "2023-09-27 06:50:54.818758", "TimeCreated": null, "EventRecordID": "30300", "Correlation_ActivityID": "", "Correlation_RelatedActivityID": "", "Correlation": null, "Execution_ProcessID": "3368", "Execution_ThreadID": "3332", "Execution": null, "Channel": "Microsoft-Windows-Sysmon/Operational", "Computer": "DESKTOP-P5C3MUD", "Security_UserID": "S-1-5-18", "Security": null, "EventData_RuleName": "-", "EventData_EventType": "CreateKey", "EventData_UtcTime": "2023-09-27 06:50:54.811", "EventData_ProcessGuid": "{4557fbaa-d0ce-6513-7801-000000000e00}", "EventData_ProcessId": "3516", "EventData_Image": "C:\\Windows\\system32\\consent.exe", "EventData_TargetObject": "HKU\\.DEFAULT\\Software\\Microsoft\\Windows\\CurrentVersion\\Explorer\\Accent", "EventData_User": "NT AUTHORITY\\SYSTEM"}
