{"Provider_Name": "Microsoft-Windows-Sysmon", "Provider_Guid": "{5770385f-c22a-43e0-bf4c-06f5698ffbd9}", "Provider": null, "EventID_Qualifiers": "", "EventID": "12", "Version": "2", "Level": "4", "Task": "12", "Opcode": "0", "Keywords": "0x8000000000000000", "TimeCreated_SystemTime": "2023-09-27 06:50:40.319742", "TimeCreated": null, "EventRecordID": "29528", "Correlation_ActivityID": "", "Correlation_RelatedActivityID": "", "Correlation": null, "Execution_ProcessID": "3368", "Execution_ThreadID": "3332", "Execution": null, "Channel": "Microsoft-Windows-Sysmon/Operational", "Computer": "DESKTOP-P5C3MUD", "Security_UserID": "S-1-5-18", "Security": null, "EventData_RuleName": "-", "EventData_EventType": "CreateKey", "EventData_UtcTime": "2023-09-27 06:50:40.311", "EventData_ProcessGuid": "{4557fbaa-ce44-6513-a900-000000000e00}", "EventData_ProcessId": "8304", "EventData_Image": "C:\\Windows\\SystemApps\\MicrosoftWindows.Client.CBS_cw5n1h2txyewy\\TextInputHost.exe", "EventData_TargetObject": "\\REGISTRY\\A\\{b2b0c5ff-946b-2a53-e466-583ec3509288}\\LocalState", "EventData_User": "DESKTOP-P5C3MUD\\user"}
{"Provider_Name": "Microsoft-Windows-Sysmon", "Provider_Guid": "{5770385f-c22a-43e0-bf4c-06f5698ffbd9}", "Provider": null, "EventID_Qualifiers": "", "EventID": "12", "Version": "2", "Level": "4", "Task": "12", "Opcode": "0", "Keywords": "0x8000000000000000", "TimeCreated_SystemTime": "2023-09-27 06:50:41.749102", "TimeCreated": null, "EventRecordID": "29529", "Correlation_ActivityID": "", "Correlation_RelatedActivityID": "", "Correlation": null, "Execution_ProcessID": "3368", "Execution_ThreadID": "3332", "Execution": null, "Channel": "Microsoft-Windows-Sysmon/Operational", "Computer": "DESKTOP-P5C3MUD", "Security_UserID": "S-1-5-18", "Security": null, "EventData_RuleName": "-", "EventData_EventType": "CreateKey", "EventData_UtcTime": "2023-09-27 06:50:41.748", "EventData_ProcessGuid": "{4557fbaa-cf9a-6513-3401-000000000e00}", "EventData_ProcessId": "10248", "EventData_Image": "E:\\Software\\Microsoft Visual Studio\\Common7\\IDE\\devenv.exe", "EventData_TargetObject": "HKU\\S-1-5-21-2994737283-653069417-2221972583-1001\\SOFTWARE\\Microsoft\\VSCommon\\17.0\\SQM\\PIDs\\10248", "EventData_User": "DESKTOP-P5C3MUD\\user"}
{"Provider_Name": "Microsoft-Windows-Sysmon", "Provider_Guid": "{5770385f-c22a-43e0-bf4c-06f5698ffbd9}", "Provider": null, "EventID_Qualifiers": "", "EventID": "13", "Version": "2", "Level": "4", "Task": "13", "Opcode": "0", "Keywords": "0x8000000000000000", "TimeCreated_SystemTime": "2023-09-27 06:50:41.749197", "TimeCreated": null, "EventRecordID": "29530", "Correlation_ActivityID": "", "Correlation_RelatedActivityID": "", "Correlation": null, "Execution_ProcessID": "3368", "Execution_ThreadID": "3332", "Execution": null, "Channel": "Microsoft-Windows-Sysmon/Operational", "Computer": "DESKTOP-P5C3MUD", "Security_UserID": "S-1-5-18", "Security": null, "EventData_RuleName": "-", "EventData_EventType": "SetValue", "EventData_UtcTime": "2023-09-27 06:50:41.748", "EventData_ProcessGuid": "{4557fbaa-cf9a-6513-3401-000000000e00}", "EventData_ProcessId": "10248", "EventData_Image": "E:\\Software\\Microsoft Visual Studio\\Common7\\IDE\\devenv.exe", "EventData_TargetObject": "HKU\\S-1-5-21-2994737283-653069417-2221972583-1001\\SOFTWARE\\Microsoft\\VSCommon\\17.0\\SQM\\PIDs\\10248\\DebuggerPresent", "EventData_Details": "DWORD (0x00000000)", "EventData_User": "DESKTOP-P5C3MUD\\user"}
{"Provider_Name": "Microsoft-Windows-Sysmon", "Provider_Guid": "{5770385f-c22a-43e0-bf4c-06f5698ffbd9}", "Provider": null, "EventID_Qualifiers": "", "EventID": "13", "Version": "2", "Level": "4", "Task": "13", "Opcode": "0", "Keywords": "0x8000000000000000", "TimeCreated_SystemTime": "2023-09-27 06:50:42.227285", "TimeCreated": null, "EventRecordID": "29531", "Correlation_ActivityID": "", "Correlation_RelatedActivityID": "", "Correlation": null, "Execution_ProcessID": "3368", "Execution_ThreadID": "3332", "Execution": null, "Channel": "Microsoft-Windows-Sysmon/Operational", "Computer": "DESKTOP-P5C3MUD", "Security_UserID": "S-1-5-18", "Security": null, "EventData_RuleName": "-", "EventData_EventType": "SetValue", "EventData_UtcTime": "2023-09-27 06:50:42.217", "EventData_ProcessGuid": "{4557fbaa-ce30-6513-4d00-000000000e00}", "EventData_ProcessId": "3336", "EventData_Image": "C:\\ProgramData\\Microsoft\\Windows Defender\\Platform\\4.18.23080.2006-0\\MsMpEng.exe", "EventData_TargetObject": "HKLM\\SOFTWARE\\Microsoft\\Windows Defender\\Reporting\\SigUpdateTimestampsSinceLastHB", "EventData_Details": "(Empty)", "EventData_User": "NT AUTHORITY\\SYSTEM"}
{"Provider_Name": "Microsoft-Windows-Sysmon", "Provider_Guid": "{5770385f-c22a-43e0-bf4c-06f5698ffbd9}", "Provider": null, "EventID_Qualifiers": "", "EventID": "7", "Version": "3", "Level": "4", "Task": "7", "Opcode": "0", "Keywords": "0x8000000000000000", "TimeCreated_SystemTime": "2023-09-27 06:50:42.231365", "TimeCreated": null, "EventRecordID": "29532", "Correlation_ActivityID": "", "Correlation_RelatedActivityID": "", "Correlation": null, "Execution_ProcessID": "3368", "Execution_ThreadID": "3332", "Execution": null, "Channel": "Microsoft-Windows-Sysmon/Operational", "Computer": "DESKTOP-P5C3MUD", "Security_UserID": "S-1-5-18", "Security": null, "EventData_RuleName": "-", "EventData_UtcTime": "2023-09-27 06:50:42.217", "EventData_ProcessGuid": "{4557fbaa-ce30-6513-4d00-000000000e00}", "EventData_ProcessId": "3336", "EventData_Image": "C:\\ProgramData\\Microsoft\\Windows Defender\\Platform\\4.18.23080.2006-0\\MsMpEng.exe", "EventData_ImageLoaded": "C:\\Windows\\System32\\policymanager.dll", "EventData_FileVersion": "10.0.19041.3393 (WinBuild.160101.0800)", "EventData_Description": "Policy Manager DLL", "EventData_Product": "Microsoft\u00ae Windows\u00ae Operating System", "EventData_Company": "Microsoft Corporation", "EventData_OriginalFileName": "PolicyManager.dll", "EventData_Hashes": "SHA1=A087AE04C416E7AD3B8F27B8B128B9241F85973A,MD5=51C3E1E27FEC9EAD08E042D773745AA4,SHA256=C1100715B15A8FE029BB0F86A390F555AEF3D3D68D11D2D9B5DD9B089CAFF2EF,IMPHASH=9BC0CC2B828A90FC8670B84A5D9C28B1", "EventData_Signed": "true", "EventData_Signature": "Microsoft Windows", "EventData_SignatureStatus": "Valid", "EventData_User": "NT AUTHORITY\\SYSTEM"}
{"Provider_Name": "Microsoft-Windows-Sysmon", "Provider_Guid": "{5770385f-c22a-43e0-bf4c-06f5698ffbd9}", "Provider": null, "EventID_Qualifiers": "", "EventID": "7", "Version": "3", "Level": "4", "Task": "7", "Opcode": "0", "Keywords": "0x8000000000000000", "TimeCreated_SystemTime": "2023-09-27 06:50:42.231768", "TimeCreated": null, "EventRecordID": "29533", "Correlation_ActivityID": "", "Correlation_RelatedActivityID": "", "Correlation": null, "Execution_ProcessID": "3368", "Execution_ThreadID": "3332", "Execution": null, "Channel": "Microsoft-Windows-Sysmon/Operational", "Computer": "DESKTOP-P5C3MUD", "Security_UserID": "S-1-5-18", "Security": null, "EventData_RuleName": "-", "EventData_UtcTime": "2023-09-27 06:50:42.217", "EventData_ProcessGuid": "{4557fbaa-ce30-6513-4d00-000000000e00}", "EventData_ProcessId": "3336", "EventData_Image": "C:\\ProgramData\\Microsoft\\Windows Defender\\Platform\\4.18.23080.2006-0\\MsMpEng.exe", "EventData_ImageLoaded": "C:\\Windows\\System32\\msvcp110_win.dll", "EventData_FileVersion": "10.0.19041.546 (WinBuild.160101.0800)", "EventData_Description": "Microsoft\u00ae STL110 C++ Runtime Library", "EventData_Product": "Microsoft\u00ae Windows\u00ae Operating System", "EventData_Company": "Microsoft Corporation", "EventData_OriginalFileName": "msvcp110_win.dll", "EventData_Hashes": "SHA1=B6313CBCF5A220EFAE747EB19ECC5F116CDEEEDA,MD5=F084EFCD67D2DEEE55137EE8FDFCE0A9,SHA256=625CF50CD7FCD0E16D0E28514E92919B6EBFB9CB07CD1803110FDB0F5368ACA4,IMPHASH=0C9842FA3B6083C81371783143E5B7E1", "EventData_Signed": "true", "EventData_Signature": "Microsoft Windows", "EventData_SignatureStatus": "Valid", "EventData_User": "NT AUTHORITY\\SYSTEM"}
{"Provider_Name": "Microsoft-Windows-Sysmon", "Provider_Guid": "{5770385f-c22a-43e0-bf4c-06f5698ffbd9}", "Provider": null, "EventID_Qualifiers": "", "EventID": "12", "Version": "2", "Level": "4", "Task": "12", "Opcode": "0", "Keywords": "0x8000000000000000", "TimeCreated_SystemTime": "2023-09-27 06:50:42.233263", "TimeCreated": null, "EventRecordID": "29534", "Correlation_ActivityID": "", "Correlation_RelatedActivityID": "", "Correlation": null, "Execution_ProcessID": "3368", "Execution_ThreadID": "3332", "Execution": null, "Channel": "Microsoft-Windows-Sysmon/Operational", "Computer": "DESKTOP-P5C3MUD", "Security_UserID": "S-1-5-18", "Security": null, "EventData_RuleName": "-", "EventData_EventType": "CreateKey", "EventData_UtcTime": "2023-09-27 06:50:42.233", "EventData_ProcessGuid": "{4557fbaa-ce30-6513-4d00-000000000e00}", "EventData_ProcessId": "3336", "EventData_Image": "C:\\ProgramData\\Microsoft\\Windows Defender\\Platform\\4.18.23080.2006-0\\MsMpEng.exe", "EventData_TargetObject": "HKU\\.DEFAULT\\Software\\Microsoft\\Windows Defender", "EventData_User": "NT AUTHORITY\\SYSTEM"}
{"Provider_Name": "Microsoft-Windows-Sysmon", "Provider_Guid": "{5770385f-c22a-43e0-bf4c-06f5698ffbd9}", "Provider": null, "EventID_Qualifiers": "", "EventID": "12", "Version": "2", "Level": "4", "Task": "12", "Opcode": "0", "Keywords": "0x8000000000000000", "TimeCreated_SystemTime": "2023-09-27 06:50:42.233288", "TimeCreated": null, "EventRecordID": "29535", "Correlation_ActivityID": "", "Correlation_RelatedActivityID": "", "Correlation": null, "Execution_ProcessID": "3368", "Execution_ThreadID": "3332", "Execution": null, "Channel": "Microsoft-Windows-Sysmon/Operational", "Computer": "DESKTOP-P5C3MUD", "Security_UserID": "S-1-5-18", "Security": null, "EventData_RuleName": "-", "EventData_EventType": "CreateKey", "EventData_UtcTime": "2023-09-27 06:50:42.233", "EventData_ProcessGuid": "{4557fbaa-ce30-6513-4d00-000000000e00}", "EventData_ProcessId": "3336", "EventData_Image": "C:\\ProgramData\\Microsoft\\Windows Defender\\Platform\\4.18.23080.2006-0\\MsMpEng.exe", "EventData_TargetObject": "HKU\\.DEFAULT\\Software\\Microsoft\\Windows Defender", "EventData_User": "NT AUTHORITY\\SYSTEM"}
{"Provider_Name": "Microsoft-Windows-Sysmon", "Provider_Guid": "{5770385f-c22a-43e0-bf4c-06f5698ffbd9}", "Provider": null, "EventID_Qualifiers": "", "EventID": "12", "Version": "2", "Level": "4", "Task": "12", "Opcode": "0", "Keywords": "0x8000000000000000", "TimeCreated_SystemTime": "2023-09-27 06:50:42.618572", "TimeCreated": null, "EventRecordID": "29536", "Correlation_ActivityID": "", "Correlation_RelatedActivityID": "", "Correlation": null, "Execution_ProcessID": "3368", "Execution_ThreadID": "3332", "Execution": null, "Channel": "Microsoft-Windows-Sysmon/Operational", "Computer": "DESKTOP-P5C3MUD", "Security_UserID": "S-1-5-18", "Security": null, "EventData_RuleName": "-", "EventData_EventType": "CreateKey", "EventData_UtcTime": "2023-09-27 06:50:42.608", "EventData_ProcessGuid": "{4557fbaa-ce30-6513-4d00-000000000e00}", "EventData_ProcessId": "3336", "EventData_Image": "C:\\ProgramData\\Microsoft\\Windows Defender\\Platform\\4.18.23080.2006-0\\MsMpEng.exe", "EventData_TargetObject": "HKU\\.DEFAULT\\Software\\Microsoft\\Windows Defender", "EventData_User": "NT AUTHORITY\\SYSTEM"}
{"Provider_Name": "Microsoft-Windows-Sysmon", "Provider_Guid": "{5770385f-c22a-43e0-bf4c-06f5698ffbd9}", "Provider": null, "EventID_Qualifiers": "", "EventID": "13", "Version": "2", "Level": "4", "Task": "13", "Opcode": "0", "Keywords": "0x8000000000000000", "TimeCreated_SystemTime": "2023-09-27 06:50:42.618616", "TimeCreated": null, "EventRecordID": "29537", "Correlation_ActivityID": "", "Correlation_RelatedActivityID": "", "Correlation": null, "Execution_ProcessID": "3368", "Execution_ThreadID": "3332", "Execution": null, "Channel": "Microsoft-Windows-Sysmon/Operational", "Computer": "DESKTOP-P5C3MUD", "Security_UserID": "S-1-5-18", "Security": null, "EventData_RuleName": "-", "EventData_EventType": "SetValue", "EventData_UtcTime": "2023-09-27 06:50:42.608", "EventData_ProcessGuid": "{4557fbaa-ce30-6513-4d00-000000000e00}", "EventData_ProcessId": "3336", "EventData_Image": "C:\\ProgramData\\Microsoft\\Windows Defender\\Platform\\4.18.23080.2006-0\\MsMpEng.exe", "EventData_TargetObject": "HKU\\.DEFAULT\\Software\\Microsoft\\Windows Defender\\CachedProxyAccessType ", "EventData_Details": "DWORD (0x00000001)", "EventData_User": "NT AUTHORITY\\SYSTEM"}
{"Provider_Name": "Microsoft-Windows-Sysmon", "Provider_Guid": "{5770385f-c22a-43e0-bf4c-06f5698ffbd9}", "Provider": null, "EventID_Qualifiers": "", "EventID": "13", "Version": "2", "Level": "4", "Task": "13", "Opcode": "0", "Keywords": "0x8000000000000000", "TimeCreated_SystemTime": "2023-09-27 06:50:42.618649", "TimeCreated": null, "EventRecordID": "29538", "Correlation_ActivityID": "", "Correlation_RelatedActivityID": "", "Correlation": null, "Execution_ProcessID": "3368", "Execution_ThreadID": "3332", "Execution": null, "Channel": "Microsoft-Windows-Sysmon/Operational", "Computer": "DESKTOP-P5C3MUD", "Security_UserID": "S-1-5-18", "Security": null, "EventData_RuleName": "-", "EventData_EventType": "SetValue", "EventData_UtcTime": "2023-09-27 06:50:42.608", "EventData_ProcessGuid": "{4557fbaa-ce30-6513-4d00-000000000e00}", "EventData_ProcessId": "3336", "EventData_Image": "C:\\ProgramData\\Microsoft\\Windows Defender\\Platform\\4.18.23080.2006-0\\MsMpEng.exe", "EventData_TargetObject": "HKU\\.DEFAULT\\Software\\Microsoft\\Windows Defender\\CachedProxy", "EventData_Details": "(Empty)", "EventData_User": "NT AUTHORITY\\SYSTEM"}
{"Provider_Name": "Microsoft-Windows-Sysmon", "Provider_Guid": "{5770385f-c22a-43e0-bf4c-06f5698ffbd9}", "Provider": null, "EventID_Qualifiers": "", "EventID": "13", "Version": "2", "Level": "4", "Task": "13", "Opcode": "0", "Keywords": "0x8000000000000000", "TimeCreated_SystemTime": "2023-09-27 06:50:42.618679", "TimeCreated": null, "EventRecordID": "29539", "Correlation_ActivityID": "", "Correlation_RelatedActivityID": "", "Correlation": null, "Execution_ProcessID": "3368", "Execution_ThreadID": "3332", "Execution": null, "Channel": "Microsoft-Windows-Sysmon/Operational", "Computer": "DESKTOP-P5C3MUD", "Security_UserID": "S-1-5-18", "Security": null, "EventData_RuleName": "-", "EventData_EventType": "SetValue", "EventData_UtcTime": "2023-09-27 06:50:42.608", "EventData_ProcessGuid": "{4557fbaa-ce30-6513-4d00-000000000e00}", "EventData_ProcessId": "3336", "EventData_Image": "C:\\ProgramData\\Microsoft\\Windows Defender\\Platform\\4.18.23080.2006-0\\MsMpEng.exe", "EventData_TargetObject": "HKU\\.DEFAULT\\Software\\Microsoft\\Windows Defender\\CachedProxyBypass", "EventData_Details": "(Empty)", "EventData_User": "NT AUTHORITY\\SYSTEM"}
{"Provider_Name": "Microsoft-Windows-Sysmon", "Provider_Guid": "{5770385f-c22a-43e0-bf4c-06f5698ffbd9}", "Provider": null, "EventID_Qualifiers": "", "EventID": "13", "Version": "2", "Level": "4", "Task": "13", "Opcode": "0", "Keywords": "0x8000000000000000", "TimeCreated_SystemTime": "2023-09-27 06:50:42.618944", "TimeCreated": null, "EventRecordID": "29540", "Correlation_ActivityID": "", "Correlation_RelatedActivityID": "", "Correlation": null, "Execution_ProcessID": "3368", "Execution_ThreadID": "3332", "Execution": null, "Channel": "Microsoft-Windows-Sysmon/Operational", "Computer": "DESKTOP-P5C3MUD", "Security_UserID": "S-1-5-18", "Security": null, "EventData_RuleName": "-", "EventData_EventType": "SetValue", "EventData_UtcTime": "2023-09-27 06:50:42.608", "EventData_ProcessGuid": "{4557fbaa-ce30-6513-4d00-000000000e00}", "EventData_ProcessId": "3336", "EventData_Image": "C:\\ProgramData\\Microsoft\\Windows Defender\\Platform\\4.18.23080.2006-0\\MsMpEng.exe", "EventData_TargetObject": "HKLM\\SOFTWARE\\Microsoft\\Windows Defender\\Spynet\\LastMAPSSuccessTime", "EventData_Details": "Binary Data", "EventData_User": "NT AUTHORITY\\SYSTEM"}
{"Provider_Name": "Microsoft-Windows-Sysmon", "Provider_Guid": "{5770385f-c22a-43e0-bf4c-06f5698ffbd9}", "Provider": null, "EventID_Qualifiers": "", "EventID": "11", "Version": "2", "Level": "4", "Task": "11", "Opcode": "0", "Keywords": "0x8000000000000000", "TimeCreated_SystemTime": "2023-09-27 06:50:42.619835", "TimeCreated": null, "EventRecordID": "29541", "Correlation_ActivityID": "", "Correlation_RelatedActivityID": "", "Correlation": null, "Execution_ProcessID": "3368", "Execution_ThreadID": "3332", "Execution": null, "Channel": "Microsoft-Windows-Sysmon/Operational", "Computer": "DESKTOP-P5C3MUD", "Security_UserID": "S-1-5-18", "Security": null, "EventData_RuleName": "-", "EventData_UtcTime": "2023-09-27 06:50:42.608", "EventData_ProcessGuid": "{4557fbaa-ce30-6513-4d00-000000000e00}", "EventData_ProcessId": "3336", "EventData_Image": "C:\\ProgramData\\Microsoft\\Windows Defender\\Platform\\4.18.23080.2006-0\\MsMpEng.exe", "EventData_TargetFilename": "C:\\ProgramData\\Microsoft\\Windows Defender\\Scans\\History\\Store\\8AC50F8B6AF0C8236FEE31EBE8802282", "EventData_CreationUtcTime": "2023-09-27 06:50:42.608", "EventData_User": "NT AUTHORITY\\SYSTEM"}
{"Provider_Name": "Microsoft-Windows-Sysmon", "Provider_Guid": "{5770385f-c22a-43e0-bf4c-06f5698ffbd9}", "Provider": null, "EventID_Qualifiers": "", "EventID": "13", "Version": "2", "Level": "4", "Task": "13", "Opcode": "0", "Keywords": "0x8000000000000000", "TimeCreated_SystemTime": "2023-09-27 06:50:42.622904", "TimeCreated": null, "EventRecordID": "29542", "Correlation_ActivityID": "", "Correlation_RelatedActivityID": "", "Correlation": null, "Execution_ProcessID": "3368", "Execution_ThreadID": "3332", "Execution": null, "Channel": "Microsoft-Windows-Sysmon/Operational", "Computer": "DESKTOP-P5C3MUD", "Security_UserID": "S-1-5-18", "Security": null, "EventData_RuleName": "-", "EventData_EventType": "SetValue", "EventData_UtcTime": "2023-09-27 06:50:42.608", "EventData_ProcessGuid": "{4557fbaa-ce38-6513-8800-000000000e00}", "EventData_ProcessId": "5556", "EventData_Image": "C:\\Windows\\Explorer.EXE", "EventData_TargetObject": "HKU\\S-1-5-21-2994737283-653069417-2221972583-1001\\SOFTWARE\\Microsoft\\Windows\\CurrentVersion\\Explorer\\UserAssist\\{CEBFF5CD-ACE2-4F4F-9178-9926F41749EA}\\Count\\R:\\Rkcrevzrag\\Jvaqbjf Unpxre Nggnpx Cebtenz\\5\\\u6ce8\u518c\u8868\u81ea\u542f\u52a8\\NhgbEha_Ert_Grfg.rkr", "EventData_Details": "Binary Data", "EventData_User": "DESKTOP-P5C3MUD\\user"}
{"Provider_Name": "Microsoft-Windows-Sysmon", "Provider_Guid": "{5770385f-c22a-43e0-bf4c-06f5698ffbd9}", "Provider": null, "EventID_Qualifiers": "", "EventID": "13", "Version": "2", "Level": "4", "Task": "13", "Opcode": "0", "Keywords": "0x8000000000000000", "TimeCreated_SystemTime": "2023-09-27 06:50:42.622936", "TimeCreated": null, "EventRecordID": "29543", "Correlation_ActivityID": "", "Correlation_RelatedActivityID": "", "Correlation": null, "Execution_ProcessID": "3368", "Execution_ThreadID": "3332", "Execution": null, "Channel": "Microsoft-Windows-Sysmon/Operational", "Computer": "DESKTOP-P5C3MUD", "Security_UserID": "S-1-5-18", "Security": null, "EventData_RuleName": "-", "EventData_EventType": "SetValue", "EventData_UtcTime": "2023-09-27 06:50:42.608", "EventData_ProcessGuid": "{4557fbaa-ce38-6513-8800-000000000e00}", "EventData_ProcessId": "5556", "EventData_Image": "C:\\Windows\\Explorer.EXE", "EventData_TargetObject": "HKU\\S-1-5-21-2994737283-653069417-2221972583-1001\\SOFTWARE\\Microsoft\\Windows\\CurrentVersion\\Explorer\\UserAssist\\{CEBFF5CD-ACE2-4F4F-9178-9926F41749EA}\\Count\\HRZR_PGYFRFFVBA", "EventData_Details": "Binary Data", "EventData_User": "DESKTOP-P5C3MUD\\user"}
{"Provider_Name": "Microsoft-Windows-Sysmon", "Provider_Guid": "{5770385f-c22a-43e0-bf4c-06f5698ffbd9}", "Provider": null, "EventID_Qualifiers": "", "EventID": "1", "Version": "5", "Level": "4", "Task": "1", "Opcode": "0", "Keywords": "0x8000000000000000", "TimeCreated_SystemTime": "2023-09-27 06:50:42.697685", "TimeCreated": null, "EventRecordID": "29544", "Correlation_ActivityID": "", "Correlation_RelatedActivityID": "", "Correlation": null, "Execution_ProcessID": "3368", "Execution_ThreadID": "3332", "Execution": null, "Channel": "Microsoft-Windows-Sysmon/Operational", "Computer": "DESKTOP-P5C3MUD", "Security_UserID": "S-1-5-18", "Security": null, "EventData_RuleName": "-", "EventData_UtcTime": "2023-09-27 06:50:42.690", "EventData_ProcessGuid": "{4557fbaa-d0c2-6513-7301-000000000e00}", "EventData_ProcessId": "10884", "EventData_Image": "E:\\Experiment\\Windows Hacker Attack Program\\5\\\u6ce8\u518c\u8868\u81ea\u542f\u52a8\\AutoRun_Reg_Test.exe", "EventData_FileVersion": "-", "EventData_Description": "-", "EventData_Product": "-", "EventData_Company": "-", "EventData_OriginalFileName": "-", "EventData_CommandLine": "\"E:\\Experiment\\Windows Hacker Attack Program\\5\\\u6ce8\u518c\u8868\u81ea\u542f\u52a8\\AutoRun_Reg_Test.exe\" ", "EventData_CurrentDirectory": "E:\\Experiment\\Windows Hacker Attack Program\\5\\\u6ce8\u518c\u8868\u81ea\u542f\u52a8\\", "EventData_User": "DESKTOP-P5C3MUD\\user", "EventData_LogonGuid": "{4557fbaa-ce34-6513-0478-070000000000}", "EventData_LogonId": "0x0000000000077804", "EventData_TerminalSessionId": "1", "EventData_IntegrityLevel": "Medium", "EventData_Hashes": "SHA1=459F303FEE801BBF7101B995E813F7CF9CCAC818,MD5=D1A7EFCA1C2A3776062EFCB190B938B7,SHA256=9F8DC438B21F4BEC471DD5A1E2F6EEA7A20A34974C868CB1FB23BD83B1A240E9,IMPHASH=C1B7B90FA01D712790C7A17FBEB3C870", "EventData_ParentProcessGuid": "{4557fbaa-ce38-6513-8800-000000000e00}", "EventData_ParentProcessId": "5556", "EventData_ParentImage": "C:\\Windows\\explorer.exe", "EventData_ParentCommandLine": "C:\\Windows\\Explorer.EXE", "EventData_ParentUser": "DESKTOP-P5C3MUD\\user"}
{"Provider_Name": "Microsoft-Windows-Sysmon", "Provider_Guid": "{5770385f-c22a-43e0-bf4c-06f5698ffbd9}", "Provider": null, "EventID_Qualifiers": "", "EventID": "10", "Version": "3", "Level": "4", "Task": "10", "Opcode": "0", "Keywords": "0x8000000000000000", "TimeCreated_SystemTime": "2023-09-27 06:50:42.697823", "TimeCreated": null, "EventRecordID": "29545", "Correlation_ActivityID": "", "Correlation_RelatedActivityID": "", "Correlation": null, "Execution_ProcessID": "3368", "Execution_ThreadID": "3332", "Execution": null, "Channel": "Microsoft-Windows-Sysmon/Operational", "Computer": "DESKTOP-P5C3MUD", "Security_UserID": "S-1-5-18", "Security": null, "EventData_RuleName": "-", "EventData_UtcTime": "2023-09-27 06:50:42.686", "EventData_SourceProcessGUID": "{4557fbaa-ce38-6513-8800-000000000e00}", "EventData_SourceProcessId": "5556", "EventData_SourceThreadId": "1536", "EventData_SourceImage": "C:\\Windows\\Explorer.EXE", "EventData_TargetProcessGUID": "{4557fbaa-d0c2-6513-7301-000000000e00}", "EventData_TargetProcessId": "10884", "EventData_TargetImage": "E:\\Experiment\\Windows Hacker Attack Program\\5\\\u6ce8\u518c\u8868\u81ea\u542f\u52a8\\AutoRun_Reg_Test.exe", "EventData_GrantedAccess": "0x001fffff", "EventData_CallTrace": "C:\\Windows\\SYSTEM32\\ntdll.dll+9e764|C:\\Windows\\System32\\KERNELBASE.dll+5b473|C:\\Windows\\System32\\KERNELBASE.dll+597e6|C:\\Windows\\System32\\KERNEL32.DLL+1cec4|C:\\Windows\\SYSTEM32\\windows.storage.dll+17238d|C:\\Windows\\SYSTEM32\\windows.storage.dll+c219c|C:\\Windows\\SYSTEM32\\windows.storage.dll+ef21c|C:\\Windows\\SYSTEM32\\windows.storage.dll+ef043|C:\\Windows\\SYSTEM32\\windows.storage.dll+ef6ad|C:\\Windows\\SYSTEM32\\windows.storage.dll+1d9ff0|C:\\Windows\\SYSTEM32\\windows.storage.dll+ef85f|C:\\Windows\\SYSTEM32\\windows.storage.dll+c27c7|C:\\Windows\\SYSTEM32\\windows.storage.dll+18956d|C:\\Windows\\SYSTEM32\\windows.storage.dll+189485|C:\\Windows\\System32\\SHELL32.dll+306a2|C:\\Windows\\System32\\SHELL32.dll+3055a|C:\\Windows\\System32\\SHELL32.dll+b207c|C:\\Windows\\System32\\SHELL32.dll+b1efd|C:\\Windows\\System32\\SHELL32.dll+2614b5|C:\\Windows\\System32\\SHELL32.dll+514d99|C:\\Windows\\System32\\shcore.dll+2bf69|C:\\Windows\\System32\\KERNEL32.DLL+17344|C:\\Windows\\SYSTEM32\\ntdll.dll+526b1", "EventData_SourceUser": "DESKTOP-P5C3MUD\\user", "EventData_TargetUser": "DESKTOP-P5C3MUD\\user"}
{"Provider_Name": "Microsoft-Windows-Sysmon", "Provider_Guid": "{5770385f-c22a-43e0-bf4c-06f5698ffbd9}", "Provider": null, "EventID_Qualifiers": "", "EventID": "10", "Version": "3", "Level": "4", "Task": "10", "Opcode": "0", "Keywords": "0x8000000000000000", "TimeCreated_SystemTime": "2023-09-27 06:50:42.701330", "TimeCreated": null, "EventRecordID": "29546", "Correlation_ActivityID": "", "Correlation_RelatedActivityID": "", "Correlation": null, "Execution_ProcessID": "3368", "Execution_ThreadID": "3332", "Execution": null, "Channel": "Microsoft-Windows-Sysmon/Operational", "Computer": "DESKTOP-P5C3MUD", "Security_UserID": "S-1-5-18", "Security": null, "EventData_RuleName": "-", "EventData_UtcTime": "2023-09-27 06:50:42.686", "EventData_SourceProcessGUID": "{4557fbaa-ce2f-6513-0900-000000000e00}", "EventData_SourceProcessId": "600", "EventData_SourceThreadId": "628", "EventData_SourceImage": "C:\\Windows\\system32\\csrss.exe", "EventData_TargetProcessGUID": "{4557fbaa-d0c2-6513-7301-000000000e00}", "EventData_TargetProcessId": "10884", "EventData_TargetImage": "E:\\Experiment\\Windows Hacker Attack Program\\5\\\u6ce8\u518c\u8868\u81ea\u542f\u52a8\\AutoRun_Reg_Test.exe", "EventData_GrantedAccess": "0x001fffff", "EventData_CallTrace": "C:\\Windows\\SYSTEM32\\ntdll.dll+9d314|C:\\Windows\\system32\\basesrv.DLL+326f|C:\\Windows\\SYSTEM32\\CSRSRV.dll+6490|C:\\Windows\\SYSTEM32\\ntdll.dll+526bf", "EventData_SourceUser": "NT AUTHORITY\\SYSTEM", "EventData_TargetUser": "DESKTOP-P5C3MUD\\user"}
{"Provider_Name": "Microsoft-Windows-Sysmon", "Provider_Guid": "{5770385f-c22a-43e0-bf4c-06f5698ffbd9}", "Provider": null, "EventID_Qualifiers": "", "EventID": "10", "Version": "3", "Level": "4", "Task": "10", "Opcode": "0", "Keywords": "0x8000000000000000", "TimeCreated_SystemTime": "2023-09-27 06:50:42.702923", "TimeCreated": null, "EventRecordID": "29547", "Correlation_ActivityID": "", "Correlation_RelatedActivityID": "", "Correlation": null, "Execution_ProcessID": "3368", "Execution_ThreadID": "3332", "Execution": null, "Channel": "Microsoft-Windows-Sysmon/Operational", "Computer": "DESKTOP-P5C3MUD", "Security_UserID": "S-1-5-18", "Security": null, "EventData_RuleName": "-", "EventData_UtcTime": "2023-09-27 06:50:42.701", "EventData_SourceProcessGUID": "{4557fbaa-cea9-6513-0a01-000000000e00}", "EventData_SourceProcessId": "8484", "EventData_SourceThreadId": "6708", "EventData_SourceImage": "C:\\Windows\\system32\\svchost.exe", "EventData_TargetProcessGUID": "{4557fbaa-ce38-6513-8800-000000000e00}", "EventData_TargetProcessId": "5556", "EventData_TargetImage": "C:\\Windows\\Explorer.EXE", "EventData_GrantedAccess": "0x00001440", "EventData_CallTrace": "C:\\Windows\\SYSTEM32\\ntdll.dll+9d314|C:\\Windows\\System32\\KERNELBASE.dll+308ee|c:\\windows\\system32\\pcasvc.dll+5d28|c:\\windows\\system32\\pcasvc.dll+5e6f|C:\\Windows\\System32\\RPCRT4.dll+7b4b3|C:\\Windows\\System32\\RPCRT4.dll+de77b|C:\\Windows\\System32\\RPCRT4.dll+5be7c|C:\\Windows\\System32\\RPCRT4.dll+59188|C:\\Windows\\System32\\RPCRT4.dll+3a3a6|C:\\Windows\\System32\\RPCRT4.dll+39fd6|C:\\Windows\\System32\\RPCRT4.dll+4730f|C:\\Windows\\System32\\RPCRT4.dll+468c8|C:\\Windows\\System32\\RPCRT4.dll+45eb1|C:\\Windows\\System32\\RPCRT4.dll+4591e|C:\\Windows\\System32\\RPCRT4.dll+4a032|C:\\Windows\\SYSTEM32\\ntdll.dll+20330|C:\\Windows\\SYSTEM32\\ntdll.dll+52f86|C:\\Windows\\System32\\KERNEL32.DLL+17344|C:\\Windows\\SYSTEM32\\ntdll.dll+526b1", "EventData_SourceUser": "NT AUTHORITY\\SYSTEM", "EventData_TargetUser": "DESKTOP-P5C3MUD\\user"}
{"Provider_Name": "Microsoft-Windows-Sysmon", "Provider_Guid": "{5770385f-c22a-43e0-bf4c-06f5698ffbd9}", "Provider": null, "EventID_Qualifiers": "", "EventID": "12", "Version": "2", "Level": "4", "Task": "12", "Opcode": "0", "Keywords": "0x8000000000000000", "TimeCreated_SystemTime": "2023-09-27 06:50:42.703268", "TimeCreated": null, "EventRecordID": "29548", "Correlation_ActivityID": "", "Correlation_RelatedActivityID": "", "Correlation": null, "Execution_ProcessID": "3368", "Execution_ThreadID": "3332", "Execution": null, "Channel": "Microsoft-Windows-Sysmon/Operational", "Computer": "DESKTOP-P5C3MUD", "Security_UserID": "S-1-5-18", "Security": null, "EventData_RuleName": "-", "EventData_EventType": "CreateKey", "EventData_UtcTime": "2023-09-27 06:50:42.701", "EventData_ProcessGuid": "{4557fbaa-cea9-6513-0a01-000000000e00}", "EventData_ProcessId": "8484", "EventData_Image": "C:\\Windows\\system32\\svchost.exe", "EventData_TargetObject": "HKU\\S-1-5-21-2994737283-653069417-2221972583-1001\\SOFTWARE\\Microsoft\\Windows NT\\CurrentVersion\\AppCompatFlags\\Compatibility Assistant\\Store", "EventData_User": "NT AUTHORITY\\SYSTEM"}
{"Provider_Name": "Microsoft-Windows-Sysmon", "Provider_Guid": "{5770385f-c22a-43e0-bf4c-06f5698ffbd9}", "Provider": null, "EventID_Qualifiers": "", "EventID": "13", "Version": "2", "Level": "4", "Task": "13", "Opcode": "0", "Keywords": "0x8000000000000000", "TimeCreated_SystemTime": "2023-09-27 06:50:42.717178", "TimeCreated": null, "EventRecordID": "29549", "Correlation_ActivityID": "", "Correlation_RelatedActivityID": "", "Correlation": null, "Execution_ProcessID": "3368", "Execution_ThreadID": "3332", "Execution": null, "Channel": "Microsoft-Windows-Sysmon/Operational", "Computer": "DESKTOP-P5C3MUD", "Security_UserID": "S-1-5-18", "Security": null, "EventData_RuleName": "-", "EventData_EventType": "SetValue", "EventData_UtcTime": "2023-09-27 06:50:42.701", "EventData_ProcessGuid": "{4557fbaa-cea9-6513-0a01-000000000e00}", "EventData_ProcessId": "8484", "EventData_Image": "C:\\Windows\\system32\\svchost.exe", "EventData_TargetObject": "HKU\\S-1-5-21-2994737283-653069417-2221972583-1001\\SOFTWARE\\Microsoft\\Windows NT\\CurrentVersion\\AppCompatFlags\\Compatibility Assistant\\Store\\E:\\Experiment\\Windows Hacker Attack Program\\5\\\u6ce8\u518c\u8868\u81ea\u542f\u52a8\\AutoRun_Reg_Test.exe", "EventData_Details": "Binary Data", "EventData_User": "NT AUTHORITY\\SYSTEM"}
{"Provider_Name": "Microsoft-Windows-Sysmon", "Provider_Guid": "{5770385f-c22a-43e0-bf4c-06f5698ffbd9}", "Provider": null, "EventID_Qualifiers": "", "EventID": "10", "Version": "3", "Level": "4", "Task": "10", "Opcode": "0", "Keywords": "0x8000000000000000", "TimeCreated_SystemTime": "2023-09-27 06:50:42.717953", "TimeCreated": null, "EventRecordID": "29550", "Correlation_ActivityID": "", "Correlation_RelatedActivityID": "", "Correlation": null, "Execution_ProcessID": "3368", "Execution_ThreadID": "3332", "Execution": null, "Channel": "Microsoft-Windows-Sysmon/Operational", "Computer": "DESKTOP-P5C3MUD", "Security_UserID": "S-1-5-18", "Security": null, "EventData_RuleName": "-", "EventData_UtcTime": "2023-09-27 06:50:42.717", "EventData_SourceProcessGUID": "{4557fbaa-cea9-6513-0a01-000000000e00}", "EventData_SourceProcessId": "8484", "EventData_SourceThreadId": "2384", "EventData_SourceImage": "C:\\Windows\\system32\\svchost.exe", "EventData_TargetProcessGUID": "{4557fbaa-d0c2-6513-7301-000000000e00}", "EventData_TargetProcessId": "10884", "EventData_TargetImage": "E:\\Experiment\\Windows Hacker Attack Program\\5\\\u6ce8\u518c\u8868\u81ea\u542f\u52a8\\AutoRun_Reg_Test.exe", "EventData_GrantedAccess": "0x001fffff", "EventData_CallTrace": "C:\\Windows\\SYSTEM32\\ntdll.dll+9d314|C:\\Windows\\System32\\KERNELBASE.dll+308ee|c:\\windows\\system32\\pcasvc.dll+bd07|c:\\windows\\system32\\pcasvc.dll+cca6|c:\\windows\\system32\\pcasvc.dll+115ed|C:\\Windows\\System32\\KERNEL32.DLL+17344|C:\\Windows\\SYSTEM32\\ntdll.dll+526b1", "EventData_SourceUser": "NT AUTHORITY\\SYSTEM", "EventData_TargetUser": "DESKTOP-P5C3MUD\\user"}
{"Provider_Name": "Microsoft-Windows-Sysmon", "Provider_Guid": "{5770385f-c22a-43e0-bf4c-06f5698ffbd9}", "Provider": null, "EventID_Qualifiers": "", "EventID": "12", "Version": "2", "Level": "4", "Task": "12", "Opcode": "0", "Keywords": "0x8000000000000000", "TimeCreated_SystemTime": "2023-09-27 06:50:42.718288", "TimeCreated": null, "EventRecordID": "29551", "Correlation_ActivityID": "", "Correlation_RelatedActivityID": "", "Correlation": null, "Execution_ProcessID": "3368", "Execution_ThreadID": "3332", "Execution": null, "Channel": "Microsoft-Windows-Sysmon/Operational", "Computer": "DESKTOP-P5C3MUD", "Security_UserID": "S-1-5-18", "Security": null, "EventData_RuleName": "-", "EventData_EventType": "CreateKey", "EventData_UtcTime": "2023-09-27 06:50:42.717", "EventData_ProcessGuid": "{4557fbaa-cea9-6513-0a01-000000000e00}", "EventData_ProcessId": "8484", "EventData_Image": "C:\\Windows\\system32\\svchost.exe", "EventData_TargetObject": "HKU\\S-1-5-21-2994737283-653069417-2221972583-1001\\SOFTWARE\\Microsoft\\Windows NT\\CurrentVersion\\AppCompatFlags\\Compatibility Assistant\\Store", "EventData_User": "NT AUTHORITY\\SYSTEM"}
{"Provider_Name": "Microsoft-Windows-Sysmon", "Provider_Guid": "{5770385f-c22a-43e0-bf4c-06f5698ffbd9}", "Provider": null, "EventID_Qualifiers": "", "EventID": "7", "Version": "3", "Level": "4", "Task": "7", "Opcode": "0", "Keywords": "0x8000000000000000", "TimeCreated_SystemTime": "2023-09-27 06:50:42.718800", "TimeCreated": null, "EventRecordID": "29552", "Correlation_ActivityID": "", "Correlation_RelatedActivityID": "", "Correlation": null, "Execution_ProcessID": "3368", "Execution_ThreadID": "3332", "Execution": null, "Channel": "Microsoft-Windows-Sysmon/Operational", "Computer": "DESKTOP-P5C3MUD", "Security_UserID": "S-1-5-18", "Security": null, "EventData_RuleName": "-", "EventData_UtcTime": "2023-09-27 06:50:42.717", "EventData_ProcessGuid": "{4557fbaa-d0c2-6513-7301-000000000e00}", "EventData_ProcessId": "10884", "EventData_Image": "E:\\Experiment\\Windows Hacker Attack Program\\5\\\u6ce8\u518c\u8868\u81ea\u542f\u52a8\\AutoRun_Reg_Test.exe", "EventData_ImageLoaded": "C:\\Windows\\System32\\ntdll.dll", "EventData_FileVersion": "10.0.19041.3393 (WinBuild.160101.0800)", "EventData_Description": "NT Layer DLL", "EventData_Product": "Microsoft\u00ae Windows\u00ae Operating System", "EventData_Company": "Microsoft Corporation", "EventData_OriginalFileName": "ntdll.dll", "EventData_Hashes": "SHA1=8047327CEFB24B1DFA5E1F4965FDB25C3E717642,MD5=62A8F85897022E08D1CCCB2C3AC6C8DE,SHA256=590E0BB26B4A24B0A787C7B8CACED643D8AECFE71140D1BD51A73D5D65B0AF94,IMPHASH=00000000000000000000000000000000", "EventData_Signed": "true", "EventData_Signature": "Microsoft Windows", "EventData_SignatureStatus": "Valid", "EventData_User": "DESKTOP-P5C3MUD\\user"}
{"Provider_Name": "Microsoft-Windows-Sysmon", "Provider_Guid": "{5770385f-c22a-43e0-bf4c-06f5698ffbd9}", "Provider": null, "EventID_Qualifiers": "", "EventID": "7", "Version": "3", "Level": "4", "Task": "7", "Opcode": "0", "Keywords": "0x8000000000000000", "TimeCreated_SystemTime": "2023-09-27 06:50:42.724407", "TimeCreated": null, "EventRecordID": "29553", "Correlation_ActivityID": "", "Correlation_RelatedActivityID": "", "Correlation": null, "Execution_ProcessID": "3368", "Execution_ThreadID": "888", "Execution": null, "Channel": "Microsoft-Windows-Sysmon/Operational", "Computer": "DESKTOP-P5C3MUD", "Security_UserID": "S-1-5-18", "Security": null, "EventData_RuleName": "-", "EventData_UtcTime": "2023-09-27 06:50:42.717", "EventData_ProcessGuid": "{4557fbaa-d0c2-6513-7301-000000000e00}", "EventData_ProcessId": "10884", "EventData_Image": "E:\\Experiment\\Windows Hacker Attack Program\\5\\\u6ce8\u518c\u8868\u81ea\u542f\u52a8\\AutoRun_Reg_Test.exe", "EventData_ImageLoaded": "E:\\Experiment\\Windows Hacker Attack Program\\5\\\u6ce8\u518c\u8868\u81ea\u542f\u52a8\\AutoRun_Reg_Test.exe", "EventData_FileVersion": "-", "EventData_Description": "-", "EventData_Product": "-", "EventData_Company": "-", "EventData_OriginalFileName": "-", "EventData_Hashes": "SHA1=459F303FEE801BBF7101B995E813F7CF9CCAC818,MD5=D1A7EFCA1C2A3776062EFCB190B938B7,SHA256=9F8DC438B21F4BEC471DD5A1E2F6EEA7A20A34974C868CB1FB23BD83B1A240E9,IMPHASH=C1B7B90FA01D712790C7A17FBEB3C870", "EventData_Signed": "false", "EventData_Signature": "-", "EventData_SignatureStatus": "Unavailable", "EventData_User": "DESKTOP-P5C3MUD\\user"}
{"Provider_Name": "Microsoft-Windows-Sysmon", "Provider_Guid": "{5770385f-c22a-43e0-bf4c-06f5698ffbd9}", "Provider": null, "EventID_Qualifiers": "", "EventID": "7", "Version": "3", "Level": "4", "Task": "7", "Opcode": "0", "Keywords": "0x8000000000000000", "TimeCreated_SystemTime": "2023-09-27 06:50:42.727280", "TimeCreated": null, "EventRecordID": "29554", "Correlation_ActivityID": "", "Correlation_RelatedActivityID": "", "Correlation": null, "Execution_ProcessID": "3368", "Execution_ThreadID": "888", "Execution": null, "Channel": "Microsoft-Windows-Sysmon/Operational", "Computer": "DESKTOP-P5C3MUD", "Security_UserID": "S-1-5-18", "Security": null, "EventData_RuleName": "-", "EventData_UtcTime": "2023-09-27 06:50:42.719", "EventData_ProcessGuid": "{4557fbaa-ce30-6513-4d00-000000000e00}", "EventData_ProcessId": "3336", "EventData_Image": "C:\\ProgramData\\Microsoft\\Windows Defender\\Platform\\4.18.23080.2006-0\\MsMpEng.exe", "EventData_ImageLoaded": "C:\\Windows\\System32\\SecurityCenterBrokerPS.dll", "EventData_FileVersion": "10.0.19041.329 (WinBuild.160101.0800)", "EventData_Description": "SecurityCenterBrokerPS", "EventData_Product": "Microsoft\u00ae Windows\u00ae Operating System", "EventData_Company": "Microsoft Corporation", "EventData_OriginalFileName": "SecurityCenterBrokerPS.dll", "EventData_Hashes": "SHA1=D774F17CBE5AA59934BA4CA9F09B90EFE13812C3,MD5=2BC28BEF1970C13A411BEE31E084889B,SHA256=6C24BEBF9234B86A40C83E8FC0D5003BE78B8C95E8D4DE8029BA8EA09CFB17B1,IMPHASH=9B66B437A01E3C95B3DC6561B0EEDBEE", "EventData_Signed": "true", "EventData_Signature": "Microsoft Windows Publisher", "EventData_SignatureStatus": "Valid", "EventData_User": "NT AUTHORITY\\SYSTEM"}
{"Provider_Name": "Microsoft-Windows-Sysmon", "Provider_Guid": "{5770385f-c22a-43e0-bf4c-06f5698ffbd9}", "Provider": null, "EventID_Qualifiers": "", "EventID": "7", "Version": "3", "Level": "4", "Task": "7", "Opcode": "0", "Keywords": "0x8000000000000000", "TimeCreated_SystemTime": "2023-09-27 06:50:42.732367", "TimeCreated": null, "EventRecordID": "29555", "Correlation_ActivityID": "", "Correlation_RelatedActivityID": "", "Correlation": null, "Execution_ProcessID": "3368", "Execution_ThreadID": "888", "Execution": null, "Channel": "Microsoft-Windows-Sysmon/Operational", "Computer": "DESKTOP-P5C3MUD", "Security_UserID": "S-1-5-18", "Security": null, "EventData_RuleName": "-", "EventData_UtcTime": "2023-09-27 06:50:42.719", "EventData_ProcessGuid": "{4557fbaa-d0c2-6513-7301-000000000e00}", "EventData_ProcessId": "10884", "EventData_Image": "E:\\Experiment\\Windows Hacker Attack Program\\5\\\u6ce8\u518c\u8868\u81ea\u542f\u52a8\\AutoRun_Reg_Test.exe", "EventData_ImageLoaded": "C:\\Windows\\SysWOW64\\ntdll.dll", "EventData_FileVersion": "10.0.19041.3393 (WinBuild.160101.0800)", "EventData_Description": "NT Layer DLL", "EventData_Product": "Microsoft\u00ae Windows\u00ae Operating System", "EventData_Company": "Microsoft Corporation", "EventData_OriginalFileName": "ntdll.dll", "EventData_Hashes": "SHA1=F295D781607346449289253F07DCB1423CAE1BE8,MD5=D813A601075A811B84141782D1B9FAF1,SHA256=98369370E3E0CFD3950B8C2121785C4EADBE621B7BEDD1BDF5B421548EA29AB8,IMPHASH=00000000000000000000000000000000", "EventData_Signed": "true", "EventData_Signature": "Microsoft Windows", "EventData_SignatureStatus": "Valid", "EventData_User": "DESKTOP-P5C3MUD\\user"}
{"Provider_Name": "Microsoft-Windows-Sysmon", "Provider_Guid": "{5770385f-c22a-43e0-bf4c-06f5698ffbd9}", "Provider": null, "EventID_Qualifiers": "", "EventID": "7", "Version": "3", "Level": "4", "Task": "7", "Opcode": "0", "Keywords": "0x8000000000000000", "TimeCreated_SystemTime": "2023-09-27 06:50:42.735661", "TimeCreated": null, "EventRecordID": "29556", "Correlation_ActivityID": "", "Correlation_RelatedActivityID": "", "Correlation": null, "Execution_ProcessID": "3368", "Execution_ThreadID": "888", "Execution": null, "Channel": "Microsoft-Windows-Sysmon/Operational", "Computer": "DESKTOP-P5C3MUD", "Security_UserID": "S-1-5-18", "Security": null, "EventData_RuleName": "-", "EventData_UtcTime": "2023-09-27 06:50:42.719", "EventData_ProcessGuid": "{4557fbaa-d0c2-6513-7301-000000000e00}", "EventData_ProcessId": "10884", "EventData_Image": "E:\\Experiment\\Windows Hacker Attack Program\\5\\\u6ce8\u518c\u8868\u81ea\u542f\u52a8\\AutoRun_Reg_Test.exe", "EventData_ImageLoaded": "C:\\Windows\\System32\\wow64.dll", "EventData_FileVersion": "10.0.19041.3031 (WinBuild.160101.0800)", "EventData_Description": "Win32 Emulation on NT64", "EventData_Product": "Microsoft\u00ae Windows\u00ae Operating System", "EventData_Company": "Microsoft Corporation", "EventData_OriginalFileName": "wow64.dll", "EventData_Hashes": "SHA1=DC963AAE9498AD2E345D82594DCA61B04FCD9962,MD5=C1B93B475D7E01B86D0859D160C6EB43,SHA256=826E858724D132C60527759E64676990F1B28C9223EA820609ECDB1020867836,IMPHASH=4D26806E6CA2EC5EA8DF4BA29C854F96", "EventData_Signed": "true", "EventData_Signature": "Microsoft Windows", "EventData_SignatureStatus": "Valid", "EventData_User": "DESKTOP-P5C3MUD\\user"}
{"Provider_Name": "Microsoft-Windows-Sysmon", "Provider_Guid": "{5770385f-c22a-43e0-bf4c-06f5698ffbd9}", "Provider": null, "EventID_Qualifiers": "", "EventID": "7", "Version": "3", "Level": "4", "Task": "7", "Opcode": "0", "Keywords": "0x8000000000000000", "TimeCreated_SystemTime": "2023-09-27 06:50:42.738941", "TimeCreated": null, "EventRecordID": "29557", "Correlation_ActivityID": "", "Correlation_RelatedActivityID": "", "Correlation": null, "Execution_ProcessID": "3368", "Execution_ThreadID": "888", "Execution": null, "Channel": "Microsoft-Windows-Sysmon/Operational", "Computer": "DESKTOP-P5C3MUD", "Security_UserID": "S-1-5-18", "Security": null, "EventData_RuleName": "-", "EventData_UtcTime": "2023-09-27 06:50:42.719", "EventData_ProcessGuid": "{4557fbaa-d0c2-6513-7301-000000000e00}", "EventData_ProcessId": "10884", "EventData_Image": "E:\\Experiment\\Windows Hacker Attack Program\\5\\\u6ce8\u518c\u8868\u81ea\u542f\u52a8\\AutoRun_Reg_Test.exe", "EventData_ImageLoaded": "C:\\Windows\\System32\\wow64win.dll", "EventData_FileVersion": "10.0.19041.2486 (WinBuild.160101.0800)", "EventData_Description": "Wow64 Console and Win32 API Logging", "EventData_Product": "Microsoft\u00ae Windows\u00ae Operating System", "EventData_Company": "Microsoft Corporation", "EventData_OriginalFileName": "wow64lg2.dll", "EventData_Hashes": "SHA1=13EF8CCAC99EF9560ACD7061B24FD39DA0FAF891,MD5=28A6F8BC61C5A72DF6343FAAF2B1B056,SHA256=2FAC8CC3653C2E9747864417C65EA02745F5653C3608FC115AD756199AB22BC0,IMPHASH=AA2F336C00F80E5E84819EE774D160FE", "EventData_Signed": "true", "EventData_Signature": "Microsoft Windows", "EventData_SignatureStatus": "Valid", "EventData_User": "DESKTOP-P5C3MUD\\user"}
{"Provider_Name": "Microsoft-Windows-Sysmon", "Provider_Guid": "{5770385f-c22a-43e0-bf4c-06f5698ffbd9}", "Provider": null, "EventID_Qualifiers": "", "EventID": "7", "Version": "3", "Level": "4", "Task": "7", "Opcode": "0", "Keywords": "0x8000000000000000", "TimeCreated_SystemTime": "2023-09-27 06:50:42.741528", "TimeCreated": null, "EventRecordID": "29558", "Correlation_ActivityID": "", "Correlation_RelatedActivityID": "", "Correlation": null, "Execution_ProcessID": "3368", "Execution_ThreadID": "888", "Execution": null, "Channel": "Microsoft-Windows-Sysmon/Operational", "Computer": "DESKTOP-P5C3MUD", "Security_UserID": "S-1-5-18", "Security": null, "EventData_RuleName": "-", "EventData_UtcTime": "2023-09-27 06:50:42.719", "EventData_ProcessGuid": "{4557fbaa-d0c2-6513-7301-000000000e00}", "EventData_ProcessId": "10884", "EventData_Image": "E:\\Experiment\\Windows Hacker Attack Program\\5\\\u6ce8\u518c\u8868\u81ea\u542f\u52a8\\AutoRun_Reg_Test.exe", "EventData_ImageLoaded": "C:\\Windows\\System32\\wow64cpu.dll", "EventData_FileVersion": "10.0.19041.3031 (WinBuild.160101.0800)", "EventData_Description": "AMD64 Wow64 CPU ", "EventData_Product": "Microsoft\u00ae Windows\u00ae Operating System", "EventData_Company": "Microsoft Corporation", "EventData_OriginalFileName": "wow64cpu.dll", "EventData_Hashes": "SHA1=CC28E6758A60245E4255713B32464EC7EEFC2281,MD5=BDD6D16F7B16C2A83FE8CDA8CA4F185E,SHA256=AFD1B0AC6467C174E083C5DFFFD9AA76395A3C10E71719DA5551EFCC6422CAF2,IMPHASH=C22B977BE4BF67B1A723DD49BCC47668", "EventData_Signed": "true", "EventData_Signature": "Microsoft Windows", "EventData_SignatureStatus": "Valid", "EventData_User": "DESKTOP-P5C3MUD\\user"}
{"Provider_Name": "Microsoft-Windows-Sysmon", "Provider_Guid": "{5770385f-c22a-43e0-bf4c-06f5698ffbd9}", "Provider": null, "EventID_Qualifiers": "", "EventID": "7", "Version": "3", "Level": "4", "Task": "7", "Opcode": "0", "Keywords": "0x8000000000000000", "TimeCreated_SystemTime": "2023-09-27 06:50:42.744879", "TimeCreated": null, "EventRecordID": "29559", "Correlation_ActivityID": "", "Correlation_RelatedActivityID": "", "Correlation": null, "Execution_ProcessID": "3368", "Execution_ThreadID": "888", "Execution": null, "Channel": "Microsoft-Windows-Sysmon/Operational", "Computer": "DESKTOP-P5C3MUD", "Security_UserID": "S-1-5-18", "Security": null, "EventData_RuleName": "-", "EventData_UtcTime": "2023-09-27 06:50:42.733", "EventData_ProcessGuid": "{4557fbaa-d0c2-6513-7301-000000000e00}", "EventData_ProcessId": "10884", "EventData_Image": "E:\\Experiment\\Windows Hacker Attack Program\\5\\\u6ce8\u518c\u8868\u81ea\u542f\u52a8\\AutoRun_Reg_Test.exe", "EventData_ImageLoaded": "C:\\Windows\\SysWOW64\\kernel32.dll", "EventData_FileVersion": "10.0.19041.3393 (WinBuild.160101.0800)", "EventData_Description": "Windows NT BASE API Client DLL", "EventData_Product": "Microsoft\u00ae Windows\u00ae Operating System", "EventData_Company": "Microsoft Corporation", "EventData_OriginalFileName": "kernel32", "EventData_Hashes": "SHA1=FC0D954BB9AD52D42DC903EF44759146BE65ABDE,MD5=649EF39F36C135AA410F436DAA589170,SHA256=3AF795D5C12392644FBB2C8679DF175FDE29CC6F9528649740CFBEA8DE400BB1,IMPHASH=58DCACAD923A90146D5E12C8E2A29336", "EventData_Signed": "true", "EventData_Signature": "Microsoft Windows", "EventData_SignatureStatus": "Valid", "EventData_User": "DESKTOP-P5C3MUD\\user"}
{"Provider_Name": "Microsoft-Windows-Sysmon", "Provider_Guid": "{5770385f-c22a-43e0-bf4c-06f5698ffbd9}", "Provider": null, "EventID_Qualifiers": "", "EventID": "10", "Version": "3", "Level": "4", "Task": "10", "Opcode": "0", "Keywords": "0x8000000000000000", "TimeCreated_SystemTime": "2023-09-27 06:50:42.746847", "TimeCreated": null, "EventRecordID": "29560", "Correlation_ActivityID": "", "Correlation_RelatedActivityID": "", "Correlation": null, "Execution_ProcessID": "3368", "Execution_ThreadID": "3332", "Execution": null, "Channel": "Microsoft-Windows-Sysmon/Operational", "Computer": "DESKTOP-P5C3MUD", "Security_UserID": "S-1-5-18", "Security": null, "EventData_RuleName": "-", "EventData_UtcTime": "2023-09-27 06:50:42.733", "EventData_SourceProcessGUID": "{4557fbaa-cea9-6513-0a01-000000000e00}", "EventData_SourceProcessId": "8484", "EventData_SourceThreadId": "2384", "EventData_SourceImage": "C:\\Windows\\system32\\svchost.exe", "EventData_TargetProcessGUID": "{4557fbaa-d0c2-6513-7401-000000000e00}", "EventData_TargetProcessId": "8216", "EventData_TargetImage": "C:\\Windows\\system32\\conhost.exe", "EventData_GrantedAccess": "0x001fffff", "EventData_CallTrace": "C:\\Windows\\SYSTEM32\\ntdll.dll+9d314|C:\\Windows\\System32\\KERNELBASE.dll+308ee|c:\\windows\\system32\\pcasvc.dll+bd07|c:\\windows\\system32\\pcasvc.dll+cca6|c:\\windows\\system32\\pcasvc.dll+115ed|C:\\Windows\\System32\\KERNEL32.DLL+17344|C:\\Windows\\SYSTEM32\\ntdll.dll+526b1", "EventData_SourceUser": "NT AUTHORITY\\SYSTEM", "EventData_TargetUser": "DESKTOP-P5C3MUD\\user"}
{"Provider_Name": "Microsoft-Windows-Sysmon", "Provider_Guid": "{5770385f-c22a-43e0-bf4c-06f5698ffbd9}", "Provider": null, "EventID_Qualifiers": "", "EventID": "7", "Version": "3", "Level": "4", "Task": "7", "Opcode": "0", "Keywords": "0x8000000000000000", "TimeCreated_SystemTime": "2023-09-27 06:50:42.749336", "TimeCreated": null, "EventRecordID": "29561", "Correlation_ActivityID": "", "Correlation_RelatedActivityID": "", "Correlation": null, "Execution_ProcessID": "3368", "Execution_ThreadID": "3332", "Execution": null, "Channel": "Microsoft-Windows-Sysmon/Operational", "Computer": "DESKTOP-P5C3MUD", "Security_UserID": "S-1-5-18", "Security": null, "EventData_RuleName": "-", "EventData_UtcTime": "2023-09-27 06:50:42.733", "EventData_ProcessGuid": "{4557fbaa-d0c2-6513-7401-000000000e00}", "EventData_ProcessId": "8216", "EventData_Image": "C:\\Windows\\System32\\conhost.exe", "EventData_ImageLoaded": "C:\\Windows\\System32\\conhost.exe", "EventData_FileVersion": "10.0.19041.3393 (WinBuild.160101.0800)", "EventData_Description": "Console Window Host", "EventData_Product": "Microsoft\u00ae Windows\u00ae Operating System", "EventData_Company": "Microsoft Corporation", "EventData_OriginalFileName": "CONHOST.EXE", "EventData_Hashes": "SHA1=805D59ABED301A4A8219531544EDC1742207F8AD,MD5=7366FBEFE66BA0F1F5304F7D6FEF09FE,SHA256=5C7AA6C7D6CC9B7BF66B39BFBA334DE236EEFDD5E790545CED4C2E42600F8794,IMPHASH=0F64302D3280DE299F4C51A78746F606", "EventData_Signed": "true", "EventData_Signature": "Microsoft Windows", "EventData_SignatureStatus": "Valid", "EventData_User": "DESKTOP-P5C3MUD\\user"}
