{"Provider_Name": "Microsoft-Windows-Sysmon", "Provider_Guid": "{5770385f-c22a-43e0-bf4c-06f5698ffbd9}", "Provider": null, "EventID_Qualifiers": "", "EventID": "10", "Version": "3", "Level": "4", "Task": "10", "Opcode": "0", "Keywords": "0x8000000000000000", "TimeCreated_SystemTime": "2023-09-27 06:50:45.350866", "TimeCreated": null, "EventRecordID": "29774", "Correlation_ActivityID": "", "Correlation_RelatedActivityID": "", "Correlation": null, "Execution_ProcessID": "3368", "Execution_ThreadID": "3332", "Execution": null, "Channel": "Microsoft-Windows-Sysmon/Operational", "Computer": "DESKTOP-P5C3MUD", "Security_UserID": "S-1-5-18", "Security": null, "EventData_RuleName": "-", "EventData_UtcTime": "2023-09-27 06:50:45.342", "EventData_SourceProcessGUID": "{4557fbaa-cea9-6513-0a01-000000000e00}", "EventData_SourceProcessId": "8484", "EventData_SourceThreadId": "2384", "EventData_SourceImage": "C:\\Windows\\system32\\svchost.exe", "EventData_TargetProcessGUID": "{4557fbaa-d0c5-6513-7501-000000000e00}", "EventData_TargetProcessId": "5780", "EventData_TargetImage": "C:\\Windows\\SysWOW64\\cmd.exe", "EventData_GrantedAccess": "0x001fffff", "EventData_CallTrace": "C:\\Windows\\SYSTEM32\\ntdll.dll+9d314|C:\\Windows\\System32\\KERNELBASE.dll+308ee|c:\\windows\\system32\\pcasvc.dll+bd07|c:\\windows\\system32\\pcasvc.dll+cca6|c:\\windows\\system32\\pcasvc.dll+115ed|C:\\Windows\\System32\\KERNEL32.DLL+17344|C:\\Windows\\SYSTEM32\\ntdll.dll+526b1", "EventData_SourceUser": "NT AUTHORITY\\SYSTEM", "EventData_TargetUser": "DESKTOP-P5C3MUD\\user"}
{"Provider_Name": "Microsoft-Windows-Sysmon", "Provider_Guid": "{5770385f-c22a-43e0-bf4c-06f5698ffbd9}", "Provider": null, "EventID_Qualifiers": "", "EventID": "13", "Version": "2", "Level": "4", "Task": "13", "Opcode": "0", "Keywords": "0x8000000000000000", "TimeCreated_SystemTime": "2023-09-27 06:50:45.350948", "TimeCreated": null, "EventRecordID": "29775", "Correlation_ActivityID": "", "Correlation_RelatedActivityID": "", "Correlation": null, "Execution_ProcessID": "3368", "Execution_ThreadID": "3332", "Execution": null, "Channel": "Microsoft-Windows-Sysmon/Operational", "Computer": "DESKTOP-P5C3MUD", "Security_UserID": "S-1-5-18", "Security": null, "EventData_RuleName": "-", "EventData_EventType": "SetValue", "EventData_UtcTime": "2023-09-27 06:50:45.342", "EventData_ProcessGuid": "{4557fbaa-ce38-6513-8800-000000000e00}", "EventData_ProcessId": "5556", "EventData_Image": "C:\\Windows\\Explorer.EXE", "EventData_TargetObject": "HKU\\S-1-5-21-2994737283-653069417-2221972583-1001\\SOFTWARE\\Microsoft\\Windows\\CurrentVersion\\ActivityDataModel\\ReaderRevisionInfo\\C576D885-A342-B9F1-2607-4651ECE05371", "EventData_Details": "Binary Data", "EventData_User": "DESKTOP-P5C3MUD\\user"}
{"Provider_Name": "Microsoft-Windows-Sysmon", "Provider_Guid": "{5770385f-c22a-43e0-bf4c-06f5698ffbd9}", "Provider": null, "EventID_Qualifiers": "", "EventID": "13", "Version": "2", "Level": "4", "Task": "13", "Opcode": "0", "Keywords": "0x8000000000000000", "TimeCreated_SystemTime": "2023-09-27 06:50:45.354128", "TimeCreated": null, "EventRecordID": "29776", "Correlation_ActivityID": "", "Correlation_RelatedActivityID": "", "Correlation": null, "Execution_ProcessID": "3368", "Execution_ThreadID": "3332", "Execution": null, "Channel": "Microsoft-Windows-Sysmon/Operational", "Computer": "DESKTOP-P5C3MUD", "Security_UserID": "S-1-5-18", "Security": null, "EventData_RuleName": "-", "EventData_EventType": "SetValue", "EventData_UtcTime": "2023-09-27 06:50:45.342", "EventData_ProcessGuid": "{4557fbaa-d0c2-6513-7301-000000000e00}", "EventData_ProcessId": "10884", "EventData_Image": "E:\\Experiment\\Windows Hacker Attack Program\\5\\\u6ce8\u518c\u8868\u81ea\u542f\u52a8\\AutoRun_Reg_Test.exe", "EventData_TargetObject": "HKLM\\System\\CurrentControlSet\\Services\\bam\\State\\UserSettings\\S-1-5-21-2994737283-653069417-2221972583-1001\\\\Device\\HarddiskVolume3\\Windows\\SysWOW64\\cmd.exe", "EventData_Details": "Binary Data", "EventData_User": "DESKTOP-P5C3MUD\\user"}
{"Provider_Name": "Microsoft-Windows-Sysmon", "Provider_Guid": "{5770385f-c22a-43e0-bf4c-06f5698ffbd9}", "Provider": null, "EventID_Qualifiers": "", "EventID": "1", "Version": "5", "Level": "4", "Task": "1", "Opcode": "0", "Keywords": "0x8000000000000000", "TimeCreated_SystemTime": "2023-09-27 06:50:45.368820", "TimeCreated": null, "EventRecordID": "29777", "Correlation_ActivityID": "", "Correlation_RelatedActivityID": "", "Correlation": null, "Execution_ProcessID": "3368", "Execution_ThreadID": "3332", "Execution": null, "Channel": "Microsoft-Windows-Sysmon/Operational", "Computer": "DESKTOP-P5C3MUD", "Security_UserID": "S-1-5-18", "Security": null, "EventData_RuleName": "-", "EventData_UtcTime": "2023-09-27 06:50:45.350", "EventData_ProcessGuid": "{4557fbaa-d0c5-6513-7501-000000000e00}", "EventData_ProcessId": "5780", "EventData_Image": "C:\\Windows\\SysWOW64\\cmd.exe", "EventData_FileVersion": "10.0.19041.746 (WinBuild.160101.0800)", "EventData_Description": "Windows Command Processor", "EventData_Product": "Microsoft\u00ae Windows\u00ae Operating System", "EventData_Company": "Microsoft Corporation", "EventData_OriginalFileName": "Cmd.Exe", "EventData_CommandLine": "C:\\Windows\\system32\\cmd.exe /c pause", "EventData_CurrentDirectory": "E:\\Experiment\\Windows Hacker Attack Program\\5\\\u6ce8\u518c\u8868\u81ea\u542f\u52a8\\", "EventData_User": "DESKTOP-P5C3MUD\\user", "EventData_LogonGuid": "{4557fbaa-ce34-6513-0478-070000000000}", "EventData_LogonId": "0x0000000000077804", "EventData_TerminalSessionId": "1", "EventData_IntegrityLevel": "Medium", "EventData_Hashes": "SHA1=4048488DE6BA4BFEF9EDF103755519F1F762668F,MD5=D0FCE3AFA6AA1D58CE9FA336CC2B675B,SHA256=4D89FC34D5F0F9BABD022271C585A9477BF41E834E46B991DEAA0530FDB25E22,IMPHASH=392B4D61B1D1DADC1F06444DF258188A", "EventData_ParentProcessGuid": "{4557fbaa-d0c2-6513-7301-000000000e00}", "EventData_ParentProcessId": "10884", "EventData_ParentImage": "E:\\Experiment\\Windows Hacker Attack Program\\5\\\u6ce8\u518c\u8868\u81ea\u542f\u52a8\\AutoRun_Reg_Test.exe", "EventData_ParentCommandLine": "\"E:\\Experiment\\Windows Hacker Attack Program\\5\\\u6ce8\u518c\u8868\u81ea\u542f\u52a8\\AutoRun_Reg_Test.exe\" ", "EventData_ParentUser": "DESKTOP-P5C3MUD\\user"}
{"Provider_Name": "Microsoft-Windows-Sysmon", "Provider_Guid": "{5770385f-c22a-43e0-bf4c-06f5698ffbd9}", "Provider": null, "EventID_Qualifiers": "", "EventID": "10", "Version": "3", "Level": "4", "Task": "10", "Opcode": "0", "Keywords": "0x8000000000000000", "TimeCreated_SystemTime": "2023-09-27 06:50:45.368876", "TimeCreated": null, "EventRecordID": "29778", "Correlation_ActivityID": "", "Correlation_RelatedActivityID": "", "Correlation": null, "Execution_ProcessID": "3368", "Execution_ThreadID": "3332", "Execution": null, "Channel": "Microsoft-Windows-Sysmon/Operational", "Computer": "DESKTOP-P5C3MUD", "Security_UserID": "S-1-5-18", "Security": null, "EventData_RuleName": "-", "EventData_UtcTime": "2023-09-27 06:50:45.358", "EventData_SourceProcessGUID": "{4557fbaa-d0c2-6513-7301-000000000e00}", "EventData_SourceProcessId": "10884", "EventData_SourceThreadId": "5772", "EventData_SourceImage": "E:\\Experiment\\Windows Hacker Attack Program\\5\\\u6ce8\u518c\u8868\u81ea\u542f\u52a8\\AutoRun_Reg_Test.exe", "EventData_TargetProcessGUID": "{4557fbaa-d0c5-6513-7501-000000000e00}", "EventData_TargetProcessId": "5780", "EventData_TargetImage": "C:\\Windows\\SysWOW64\\cmd.exe", "EventData_GrantedAccess": "0x001fffff", "EventData_CallTrace": "C:\\Windows\\SYSTEM32\\ntdll.dll+9e764|C:\\Windows\\System32\\wow64.dll+117f9|C:\\Windows\\System32\\wow64.dll+10fd0|C:\\Windows\\System32\\wow64.dll+90da|C:\\Windows\\System32\\wow64cpu.dll+17c3|C:\\Windows\\System32\\wow64cpu.dll+11b9|C:\\Windows\\System32\\wow64.dll+3989|C:\\Windows\\System32\\wow64.dll+337d|C:\\Windows\\SYSTEM32\\ntdll.dll+d35e1|C:\\Windows\\SYSTEM32\\ntdll.dll+74dbb|C:\\Windows\\SYSTEM32\\ntdll.dll+74c43|C:\\Windows\\SYSTEM32\\ntdll.dll+74bee|C:\\Windows\\SYSTEM32\\ntdll.dll+736ec(wow64)|C:\\Windows\\System32\\KERNELBASE.dll+106b64(wow64)|C:\\Windows\\System32\\KERNELBASE.dll+105e6c(wow64)|E:\\Experiment\\Windows Hacker Attack Program\\5\\\u6ce8\u518c\u8868\u81ea\u542f\u52a8\\AutoRun_Reg_Test.exe+ff5cb|E:\\Experiment\\Windows Hacker Attack Program\\5\\\u6ce8\u518c\u8868\u81ea\u542f\u52a8\\AutoRun_Reg_Test.exe+dcf66|E:\\Experiment\\Windows Hacker Attack Program\\5\\\u6ce8\u518c\u8868\u81ea\u542f\u52a8\\AutoRun_Reg_Test.exe+dd32b|E:\\Experiment\\Windows Hacker Attack Program\\5\\\u6ce8\u518c\u8868\u81ea\u542f\u52a8\\AutoRun_Reg_Test.exe+dc341|E:\\Experiment\\Windows Hacker Attack Program\\5\\\u6ce8\u518c\u8868\u81ea\u542f\u52a8\\AutoRun_Reg_Test.exe+de73a|E:\\Experiment\\Windows Hacker Attack Program\\5\\\u6ce8\u518c\u8868\u81ea\u542f\u52a8\\AutoRun_Reg_Test.exe+b9c90|E:\\Experiment\\Windows Hacker Attack Program\\5\\\u6ce8\u518c\u8868\u81ea\u542f\u52a8\\AutoRun_Reg_Test.exe+b9774|E:\\Experiment\\Windows Hacker Attack Program\\5\\\u6ce8\u518c\u8868\u81ea\u542f\u52a8\\AutoRun_Reg_Test.exe+b9ede|E:\\Experiment\\Windows Hacker Attack Program\\5\\\u6ce8\u518c\u8868\u81ea\u542f\u52a8\\AutoRun_Reg_Test.exe+624be", "EventData_SourceUser": "DESKTOP-P5C3MUD\\user", "EventData_TargetUser": "DESKTOP-P5C3MUD\\user"}
{"Provider_Name": "Microsoft-Windows-Sysmon", "Provider_Guid": "{5770385f-c22a-43e0-bf4c-06f5698ffbd9}", "Provider": null, "EventID_Qualifiers": "", "EventID": "10", "Version": "3", "Level": "4", "Task": "10", "Opcode": "0", "Keywords": "0x8000000000000000", "TimeCreated_SystemTime": "2023-09-27 06:50:45.370312", "TimeCreated": null, "EventRecordID": "29779", "Correlation_ActivityID": "", "Correlation_RelatedActivityID": "", "Correlation": null, "Execution_ProcessID": "3368", "Execution_ThreadID": "3332", "Execution": null, "Channel": "Microsoft-Windows-Sysmon/Operational", "Computer": "DESKTOP-P5C3MUD", "Security_UserID": "S-1-5-18", "Security": null, "EventData_RuleName": "-", "EventData_UtcTime": "2023-09-27 06:50:45.358", "EventData_SourceProcessGUID": "{4557fbaa-ce2f-6513-0900-000000000e00}", "EventData_SourceProcessId": "600", "EventData_SourceThreadId": "712", "EventData_SourceImage": "C:\\Windows\\system32\\csrss.exe", "EventData_TargetProcessGUID": "{4557fbaa-d0c5-6513-7501-000000000e00}", "EventData_TargetProcessId": "5780", "EventData_TargetImage": "C:\\Windows\\SysWOW64\\cmd.exe", "EventData_GrantedAccess": "0x001fffff", "EventData_CallTrace": "C:\\Windows\\SYSTEM32\\ntdll.dll+9d314|C:\\Windows\\system32\\basesrv.DLL+326f|C:\\Windows\\SYSTEM32\\CSRSRV.dll+6490|C:\\Windows\\SYSTEM32\\ntdll.dll+526bf", "EventData_SourceUser": "NT AUTHORITY\\SYSTEM", "EventData_TargetUser": "DESKTOP-P5C3MUD\\user"}
{"Provider_Name": "Microsoft-Windows-Sysmon", "Provider_Guid": "{5770385f-c22a-43e0-bf4c-06f5698ffbd9}", "Provider": null, "EventID_Qualifiers": "", "EventID": "7", "Version": "3", "Level": "4", "Task": "7", "Opcode": "0", "Keywords": "0x8000000000000000", "TimeCreated_SystemTime": "2023-09-27 06:50:45.371605", "TimeCreated": null, "EventRecordID": "29780", "Correlation_ActivityID": "", "Correlation_RelatedActivityID": "", "Correlation": null, "Execution_ProcessID": "3368", "Execution_ThreadID": "3332", "Execution": null, "Channel": "Microsoft-Windows-Sysmon/Operational", "Computer": "DESKTOP-P5C3MUD", "Security_UserID": "S-1-5-18", "Security": null, "EventData_RuleName": "-", "EventData_UtcTime": "2023-09-27 06:50:45.358", "EventData_ProcessGuid": "{4557fbaa-d0c5-6513-7501-000000000e00}", "EventData_ProcessId": "5780", "EventData_Image": "C:\\Windows\\SysWOW64\\cmd.exe", "EventData_ImageLoaded": "C:\\Windows\\System32\\ntdll.dll", "EventData_FileVersion": "10.0.19041.3393 (WinBuild.160101.0800)", "EventData_Description": "NT Layer DLL", "EventData_Product": "Microsoft\u00ae Windows\u00ae Operating System", "EventData_Company": "Microsoft Corporation", "EventData_OriginalFileName": "ntdll.dll", "EventData_Hashes": "SHA1=8047327CEFB24B1DFA5E1F4965FDB25C3E717642,MD5=62A8F85897022E08D1CCCB2C3AC6C8DE,SHA256=590E0BB26B4A24B0A787C7B8CACED643D8AECFE71140D1BD51A73D5D65B0AF94,IMPHASH=00000000000000000000000000000000", "EventData_Signed": "true", "EventData_Signature": "Microsoft Windows", "EventData_SignatureStatus": "Valid", "EventData_User": "DESKTOP-P5C3MUD\\user"}
{"Provider_Name": "Microsoft-Windows-Sysmon", "Provider_Guid": "{5770385f-c22a-43e0-bf4c-06f5698ffbd9}", "Provider": null, "EventID_Qualifiers": "", "EventID": "7", "Version": "3", "Level": "4", "Task": "7", "Opcode": "0", "Keywords": "0x8000000000000000", "TimeCreated_SystemTime": "2023-09-27 06:50:45.371914", "TimeCreated": null, "EventRecordID": "29781", "Correlation_ActivityID": "", "Correlation_RelatedActivityID": "", "Correlation": null, "Execution_ProcessID": "3368", "Execution_ThreadID": "3332", "Execution": null, "Channel": "Microsoft-Windows-Sysmon/Operational", "Computer": "DESKTOP-P5C3MUD", "Security_UserID": "S-1-5-18", "Security": null, "EventData_RuleName": "-", "EventData_UtcTime": "2023-09-27 06:50:45.358", "EventData_ProcessGuid": "{4557fbaa-d0c5-6513-7501-000000000e00}", "EventData_ProcessId": "5780", "EventData_Image": "C:\\Windows\\SysWOW64\\cmd.exe", "EventData_ImageLoaded": "C:\\Windows\\SysWOW64\\ntdll.dll", "EventData_FileVersion": "10.0.19041.3393 (WinBuild.160101.0800)", "EventData_Description": "NT Layer DLL", "EventData_Product": "Microsoft\u00ae Windows\u00ae Operating System", "EventData_Company": "Microsoft Corporation", "EventData_OriginalFileName": "ntdll.dll", "EventData_Hashes": "SHA1=F295D781607346449289253F07DCB1423CAE1BE8,MD5=D813A601075A811B84141782D1B9FAF1,SHA256=98369370E3E0CFD3950B8C2121785C4EADBE621B7BEDD1BDF5B421548EA29AB8,IMPHASH=00000000000000000000000000000000", "EventData_Signed": "true", "EventData_Signature": "Microsoft Windows", "EventData_SignatureStatus": "Valid", "EventData_User": "DESKTOP-P5C3MUD\\user"}
{"Provider_Name": "Microsoft-Windows-Sysmon", "Provider_Guid": "{5770385f-c22a-43e0-bf4c-06f5698ffbd9}", "Provider": null, "EventID_Qualifiers": "", "EventID": "9", "Version": "2", "Level": "4", "Task": "9", "Opcode": "0", "Keywords": "0x8000000000000000", "TimeCreated_SystemTime": "2023-09-27 06:50:45.376265", "TimeCreated": null, "EventRecordID": "29782", "Correlation_ActivityID": "", "Correlation_RelatedActivityID": "", "Correlation": null, "Execution_ProcessID": "3368", "Execution_ThreadID": "3332", "Execution": null, "Channel": "Microsoft-Windows-Sysmon/Operational", "Computer": "DESKTOP-P5C3MUD", "Security_UserID": "S-1-5-18", "Security": null, "EventData_RuleName": "-", "EventData_UtcTime": "2023-09-27 06:50:45.373", "EventData_ProcessGuid": "{4557fbaa-ce24-6513-eb03-000000000000}", "EventData_ProcessId": "4", "EventData_Image": "System", "EventData_Device": "\\Device\\HarddiskVolume3", "EventData_User": "NT AUTHORITY\\SYSTEM"}
{"Provider_Name": "Microsoft-Windows-Sysmon", "Provider_Guid": "{5770385f-c22a-43e0-bf4c-06f5698ffbd9}", "Provider": null, "EventID_Qualifiers": "", "EventID": "9", "Version": "2", "Level": "4", "Task": "9", "Opcode": "0", "Keywords": "0x8000000000000000", "TimeCreated_SystemTime": "2023-09-27 06:50:45.376310", "TimeCreated": null, "EventRecordID": "29783", "Correlation_ActivityID": "", "Correlation_RelatedActivityID": "", "Correlation": null, "Execution_ProcessID": "3368", "Execution_ThreadID": "3332", "Execution": null, "Channel": "Microsoft-Windows-Sysmon/Operational", "Computer": "DESKTOP-P5C3MUD", "Security_UserID": "S-1-5-18", "Security": null, "EventData_RuleName": "-", "EventData_UtcTime": "2023-09-27 06:50:45.373", "EventData_ProcessGuid": "{4557fbaa-ce24-6513-eb03-000000000000}", "EventData_ProcessId": "4", "EventData_Image": "System", "EventData_Device": "\\Device\\HarddiskVolume6", "EventData_User": "NT AUTHORITY\\SYSTEM"}
{"Provider_Name": "Microsoft-Windows-Sysmon", "Provider_Guid": "{5770385f-c22a-43e0-bf4c-06f5698ffbd9}", "Provider": null, "EventID_Qualifiers": "", "EventID": "9", "Version": "2", "Level": "4", "Task": "9", "Opcode": "0", "Keywords": "0x8000000000000000", "TimeCreated_SystemTime": "2023-09-27 06:50:45.376352", "TimeCreated": null, "EventRecordID": "29784", "Correlation_ActivityID": "", "Correlation_RelatedActivityID": "", "Correlation": null, "Execution_ProcessID": "3368", "Execution_ThreadID": "3332", "Execution": null, "Channel": "Microsoft-Windows-Sysmon/Operational", "Computer": "DESKTOP-P5C3MUD", "Security_UserID": "S-1-5-18", "Security": null, "EventData_RuleName": "-", "EventData_UtcTime": "2023-09-27 06:50:45.373", "EventData_ProcessGuid": "{4557fbaa-ce24-6513-eb03-000000000000}", "EventData_ProcessId": "4", "EventData_Image": "System", "EventData_Device": "\\Device\\HarddiskVolume4", "EventData_User": "NT AUTHORITY\\SYSTEM"}
{"Provider_Name": "Microsoft-Windows-Sysmon", "Provider_Guid": "{5770385f-c22a-43e0-bf4c-06f5698ffbd9}", "Provider": null, "EventID_Qualifiers": "", "EventID": "9", "Version": "2", "Level": "4", "Task": "9", "Opcode": "0", "Keywords": "0x8000000000000000", "TimeCreated_SystemTime": "2023-09-27 06:50:45.376417", "TimeCreated": null, "EventRecordID": "29785", "Correlation_ActivityID": "", "Correlation_RelatedActivityID": "", "Correlation": null, "Execution_ProcessID": "3368", "Execution_ThreadID": "3332", "Execution": null, "Channel": "Microsoft-Windows-Sysmon/Operational", "Computer": "DESKTOP-P5C3MUD", "Security_UserID": "S-1-5-18", "Security": null, "EventData_RuleName": "-", "EventData_UtcTime": "2023-09-27 06:50:45.373", "EventData_ProcessGuid": "{4557fbaa-ce24-6513-eb03-000000000000}", "EventData_ProcessId": "4", "EventData_Image": "System", "EventData_Device": "\\Device\\HarddiskVolume1", "EventData_User": "NT AUTHORITY\\SYSTEM"}
{"Provider_Name": "Microsoft-Windows-Sysmon", "Provider_Guid": "{5770385f-c22a-43e0-bf4c-06f5698ffbd9}", "Provider": null, "EventID_Qualifiers": "", "EventID": "7", "Version": "3", "Level": "4", "Task": "7", "Opcode": "0", "Keywords": "0x8000000000000000", "TimeCreated_SystemTime": "2023-09-27 06:50:45.376774", "TimeCreated": null, "EventRecordID": "29786", "Correlation_ActivityID": "", "Correlation_RelatedActivityID": "", "Correlation": null, "Execution_ProcessID": "3368", "Execution_ThreadID": "888", "Execution": null, "Channel": "Microsoft-Windows-Sysmon/Operational", "Computer": "DESKTOP-P5C3MUD", "Security_UserID": "S-1-5-18", "Security": null, "EventData_RuleName": "-", "EventData_UtcTime": "2023-09-27 06:50:45.358", "EventData_ProcessGuid": "{4557fbaa-d0c5-6513-7501-000000000e00}", "EventData_ProcessId": "5780", "EventData_Image": "C:\\Windows\\SysWOW64\\cmd.exe", "EventData_ImageLoaded": "C:\\Windows\\SysWOW64\\cmd.exe", "EventData_FileVersion": "10.0.19041.746 (WinBuild.160101.0800)", "EventData_Description": "Windows Command Processor", "EventData_Product": "Microsoft\u00ae Windows\u00ae Operating System", "EventData_Company": "Microsoft Corporation", "EventData_OriginalFileName": "Cmd.Exe", "EventData_Hashes": "SHA1=4048488DE6BA4BFEF9EDF103755519F1F762668F,MD5=D0FCE3AFA6AA1D58CE9FA336CC2B675B,SHA256=4D89FC34D5F0F9BABD022271C585A9477BF41E834E46B991DEAA0530FDB25E22,IMPHASH=392B4D61B1D1DADC1F06444DF258188A", "EventData_Signed": "true", "EventData_Signature": "Microsoft Windows", "EventData_SignatureStatus": "Valid", "EventData_User": "DESKTOP-P5C3MUD\\user"}
{"Provider_Name": "Microsoft-Windows-Sysmon", "Provider_Guid": "{5770385f-c22a-43e0-bf4c-06f5698ffbd9}", "Provider": null, "EventID_Qualifiers": "", "EventID": "7", "Version": "3", "Level": "4", "Task": "7", "Opcode": "0", "Keywords": "0x8000000000000000", "TimeCreated_SystemTime": "2023-09-27 06:50:45.385626", "TimeCreated": null, "EventRecordID": "29787", "Correlation_ActivityID": "", "Correlation_RelatedActivityID": "", "Correlation": null, "Execution_ProcessID": "3368", "Execution_ThreadID": "3332", "Execution": null, "Channel": "Microsoft-Windows-Sysmon/Operational", "Computer": "DESKTOP-P5C3MUD", "Security_UserID": "S-1-5-18", "Security": null, "EventData_RuleName": "-", "EventData_UtcTime": "2023-09-27 06:50:45.373", "EventData_ProcessGuid": "{4557fbaa-d0c5-6513-7501-000000000e00}", "EventData_ProcessId": "5780", "EventData_Image": "C:\\Windows\\SysWOW64\\cmd.exe", "EventData_ImageLoaded": "C:\\Windows\\System32\\wow64.dll", "EventData_FileVersion": "10.0.19041.3031 (WinBuild.160101.0800)", "EventData_Description": "Win32 Emulation on NT64", "EventData_Product": "Microsoft\u00ae Windows\u00ae Operating System", "EventData_Company": "Microsoft Corporation", "EventData_OriginalFileName": "wow64.dll", "EventData_Hashes": "SHA1=DC963AAE9498AD2E345D82594DCA61B04FCD9962,MD5=C1B93B475D7E01B86D0859D160C6EB43,SHA256=826E858724D132C60527759E64676990F1B28C9223EA820609ECDB1020867836,IMPHASH=4D26806E6CA2EC5EA8DF4BA29C854F96", "EventData_Signed": "true", "EventData_Signature": "Microsoft Windows", "EventData_SignatureStatus": "Valid", "EventData_User": "DESKTOP-P5C3MUD\\user"}
{"Provider_Name": "Microsoft-Windows-Sysmon", "Provider_Guid": "{5770385f-c22a-43e0-bf4c-06f5698ffbd9}", "Provider": null, "EventID_Qualifiers": "", "EventID": "7", "Version": "3", "Level": "4", "Task": "7", "Opcode": "0", "Keywords": "0x8000000000000000", "TimeCreated_SystemTime": "2023-09-27 06:50:45.385826", "TimeCreated": null, "EventRecordID": "29788", "Correlation_ActivityID": "", "Correlation_RelatedActivityID": "", "Correlation": null, "Execution_ProcessID": "3368", "Execution_ThreadID": "3332", "Execution": null, "Channel": "Microsoft-Windows-Sysmon/Operational", "Computer": "DESKTOP-P5C3MUD", "Security_UserID": "S-1-5-18", "Security": null, "EventData_RuleName": "-", "EventData_UtcTime": "2023-09-27 06:50:45.373", "EventData_ProcessGuid": "{4557fbaa-d0c5-6513-7501-000000000e00}", "EventData_ProcessId": "5780", "EventData_Image": "C:\\Windows\\SysWOW64\\cmd.exe", "EventData_ImageLoaded": "C:\\Windows\\System32\\wow64win.dll", "EventData_FileVersion": "10.0.19041.2486 (WinBuild.160101.0800)", "EventData_Description": "Wow64 Console and Win32 API Logging", "EventData_Product": "Microsoft\u00ae Windows\u00ae Operating System", "EventData_Company": "Microsoft Corporation", "EventData_OriginalFileName": "wow64lg2.dll", "EventData_Hashes": "SHA1=13EF8CCAC99EF9560ACD7061B24FD39DA0FAF891,MD5=28A6F8BC61C5A72DF6343FAAF2B1B056,SHA256=2FAC8CC3653C2E9747864417C65EA02745F5653C3608FC115AD756199AB22BC0,IMPHASH=AA2F336C00F80E5E84819EE774D160FE", "EventData_Signed": "true", "EventData_Signature": "Microsoft Windows", "EventData_SignatureStatus": "Valid", "EventData_User": "DESKTOP-P5C3MUD\\user"}
{"Provider_Name": "Microsoft-Windows-Sysmon", "Provider_Guid": "{5770385f-c22a-43e0-bf4c-06f5698ffbd9}", "Provider": null, "EventID_Qualifiers": "", "EventID": "7", "Version": "3", "Level": "4", "Task": "7", "Opcode": "0", "Keywords": "0x8000000000000000", "TimeCreated_SystemTime": "2023-09-27 06:50:45.386259", "TimeCreated": null, "EventRecordID": "29789", "Correlation_ActivityID": "", "Correlation_RelatedActivityID": "", "Correlation": null, "Execution_ProcessID": "3368", "Execution_ThreadID": "3332", "Execution": null, "Channel": "Microsoft-Windows-Sysmon/Operational", "Computer": "DESKTOP-P5C3MUD", "Security_UserID": "S-1-5-18", "Security": null, "EventData_RuleName": "-", "EventData_UtcTime": "2023-09-27 06:50:45.373", "EventData_ProcessGuid": "{4557fbaa-d0c5-6513-7501-000000000e00}", "EventData_ProcessId": "5780", "EventData_Image": "C:\\Windows\\SysWOW64\\cmd.exe", "EventData_ImageLoaded": "C:\\Windows\\System32\\wow64cpu.dll", "EventData_FileVersion": "10.0.19041.3031 (WinBuild.160101.0800)", "EventData_Description": "AMD64 Wow64 CPU ", "EventData_Product": "Microsoft\u00ae Windows\u00ae Operating System", "EventData_Company": "Microsoft Corporation", "EventData_OriginalFileName": "wow64cpu.dll", "EventData_Hashes": "SHA1=CC28E6758A60245E4255713B32464EC7EEFC2281,MD5=BDD6D16F7B16C2A83FE8CDA8CA4F185E,SHA256=AFD1B0AC6467C174E083C5DFFFD9AA76395A3C10E71719DA5551EFCC6422CAF2,IMPHASH=C22B977BE4BF67B1A723DD49BCC47668", "EventData_Signed": "true", "EventData_Signature": "Microsoft Windows", "EventData_SignatureStatus": "Valid", "EventData_User": "DESKTOP-P5C3MUD\\user"}
{"Provider_Name": "Microsoft-Windows-Sysmon", "Provider_Guid": "{5770385f-c22a-43e0-bf4c-06f5698ffbd9}", "Provider": null, "EventID_Qualifiers": "", "EventID": "7", "Version": "3", "Level": "4", "Task": "7", "Opcode": "0", "Keywords": "0x8000000000000000", "TimeCreated_SystemTime": "2023-09-27 06:50:45.386778", "TimeCreated": null, "EventRecordID": "29790", "Correlation_ActivityID": "", "Correlation_RelatedActivityID": "", "Correlation": null, "Execution_ProcessID": "3368", "Execution_ThreadID": "3332", "Execution": null, "Channel": "Microsoft-Windows-Sysmon/Operational", "Computer": "DESKTOP-P5C3MUD", "Security_UserID": "S-1-5-18", "Security": null, "EventData_RuleName": "-", "EventData_UtcTime": "2023-09-27 06:50:45.373", "EventData_ProcessGuid": "{4557fbaa-d0c5-6513-7501-000000000e00}", "EventData_ProcessId": "5780", "EventData_Image": "C:\\Windows\\SysWOW64\\cmd.exe", "EventData_ImageLoaded": "C:\\Windows\\SysWOW64\\kernel32.dll", "EventData_FileVersion": "10.0.19041.3393 (WinBuild.160101.0800)", "EventData_Description": "Windows NT BASE API Client DLL", "EventData_Product": "Microsoft\u00ae Windows\u00ae Operating System", "EventData_Company": "Microsoft Corporation", "EventData_OriginalFileName": "kernel32", "EventData_Hashes": "SHA1=FC0D954BB9AD52D42DC903EF44759146BE65ABDE,MD5=649EF39F36C135AA410F436DAA589170,SHA256=3AF795D5C12392644FBB2C8679DF175FDE29CC6F9528649740CFBEA8DE400BB1,IMPHASH=58DCACAD923A90146D5E12C8E2A29336", "EventData_Signed": "true", "EventData_Signature": "Microsoft Windows", "EventData_SignatureStatus": "Valid", "EventData_User": "DESKTOP-P5C3MUD\\user"}
{"Provider_Name": "Microsoft-Windows-Sysmon", "Provider_Guid": "{5770385f-c22a-43e0-bf4c-06f5698ffbd9}", "Provider": null, "EventID_Qualifiers": "", "EventID": "7", "Version": "3", "Level": "4", "Task": "7", "Opcode": "0", "Keywords": "0x8000000000000000", "TimeCreated_SystemTime": "2023-09-27 06:50:45.387037", "TimeCreated": null, "EventRecordID": "29791", "Correlation_ActivityID": "", "Correlation_RelatedActivityID": "", "Correlation": null, "Execution_ProcessID": "3368", "Execution_ThreadID": "3332", "Execution": null, "Channel": "Microsoft-Windows-Sysmon/Operational", "Computer": "DESKTOP-P5C3MUD", "Security_UserID": "S-1-5-18", "Security": null, "EventData_RuleName": "-", "EventData_UtcTime": "2023-09-27 06:50:45.373", "EventData_ProcessGuid": "{4557fbaa-d0c5-6513-7501-000000000e00}", "EventData_ProcessId": "5780", "EventData_Image": "C:\\Windows\\SysWOW64\\cmd.exe", "EventData_ImageLoaded": "C:\\Windows\\SysWOW64\\KernelBase.dll", "EventData_FileVersion": "10.0.19041.3448 (WinBuild.160101.0800)", "EventData_Description": "Windows NT BASE API Client DLL", "EventData_Product": "Microsoft\u00ae Windows\u00ae Operating System", "EventData_Company": "Microsoft Corporation", "EventData_OriginalFileName": "Kernelbase.dll", "EventData_Hashes": "SHA1=808C0FD5F176E63F836A15BDC9AA8B88A954F233,MD5=3F1A8BEFE4BA40CD5220FAD3EB8C1779,SHA256=7903849CBA0225BBA2449D0A8060D4B30CD15CA0AE1A0E89CAEA3CF157E6B7C2,IMPHASH=E3A1A46D2013C06F525DEB7AF0080C47", "EventData_Signed": "true", "EventData_Signature": "Microsoft Windows", "EventData_SignatureStatus": "Valid", "EventData_User": "DESKTOP-P5C3MUD\\user"}
{"Provider_Name": "Microsoft-Windows-Sysmon", "Provider_Guid": "{5770385f-c22a-43e0-bf4c-06f5698ffbd9}", "Provider": null, "EventID_Qualifiers": "", "EventID": "10", "Version": "3", "Level": "4", "Task": "10", "Opcode": "0", "Keywords": "0x8000000000000000", "TimeCreated_SystemTime": "2023-09-27 06:50:45.387405", "TimeCreated": null, "EventRecordID": "29792", "Correlation_ActivityID": "", "Correlation_RelatedActivityID": "", "Correlation": null, "Execution_ProcessID": "3368", "Execution_ThreadID": "3332", "Execution": null, "Channel": "Microsoft-Windows-Sysmon/Operational", "Computer": "DESKTOP-P5C3MUD", "Security_UserID": "S-1-5-18", "Security": null, "EventData_RuleName": "-", "EventData_UtcTime": "2023-09-27 06:50:45.373", "EventData_SourceProcessGUID": "{4557fbaa-d0c2-6513-7401-000000000e00}", "EventData_SourceProcessId": "8216", "EventData_SourceThreadId": "4936", "EventData_SourceImage": "C:\\Windows\\system32\\conhost.exe", "EventData_TargetProcessGUID": "{4557fbaa-d0c5-6513-7501-000000000e00}", "EventData_TargetProcessId": "5780", "EventData_TargetImage": "C:\\Windows\\SysWOW64\\cmd.exe", "EventData_GrantedAccess": "0x001fffff", "EventData_CallTrace": "C:\\Windows\\SYSTEM32\\ntdll.dll+9d314|C:\\Windows\\System32\\KERNELBASE.dll+308ee|C:\\Windows\\system32\\conhost.exe+13a99|C:\\Windows\\system32\\conhost.exe+13be1|C:\\Windows\\system32\\conhost.exe+13d67|C:\\Windows\\system32\\conhost.exe+1114c|C:\\Windows\\System32\\KERNEL32.DLL+17344|C:\\Windows\\SYSTEM32\\ntdll.dll+526b1", "EventData_SourceUser": "DESKTOP-P5C3MUD\\user", "EventData_TargetUser": "DESKTOP-P5C3MUD\\user"}
{"Provider_Name": "Microsoft-Windows-Sysmon", "Provider_Guid": "{5770385f-c22a-43e0-bf4c-06f5698ffbd9}", "Provider": null, "EventID_Qualifiers": "", "EventID": "7", "Version": "3", "Level": "4", "Task": "7", "Opcode": "0", "Keywords": "0x8000000000000000", "TimeCreated_SystemTime": "2023-09-27 06:50:45.388464", "TimeCreated": null, "EventRecordID": "29793", "Correlation_ActivityID": "", "Correlation_RelatedActivityID": "", "Correlation": null, "Execution_ProcessID": "3368", "Execution_ThreadID": "3332", "Execution": null, "Channel": "Microsoft-Windows-Sysmon/Operational", "Computer": "DESKTOP-P5C3MUD", "Security_UserID": "S-1-5-18", "Security": null, "EventData_RuleName": "-", "EventData_UtcTime": "2023-09-27 06:50:45.373", "EventData_ProcessGuid": "{4557fbaa-d0c5-6513-7501-000000000e00}", "EventData_ProcessId": "5780", "EventData_Image": "C:\\Windows\\SysWOW64\\cmd.exe", "EventData_ImageLoaded": "C:\\Windows\\SysWOW64\\apphelp.dll", "EventData_FileVersion": "10.0.19041.2913 (WinBuild.160101.0800)", "EventData_Description": "Application Compatibility Client Library", "EventData_Product": "Microsoft\u00ae Windows\u00ae Operating System", "EventData_Company": "Microsoft Corporation", "EventData_OriginalFileName": "Apphelp", "EventData_Hashes": "SHA1=8AC2F8B1FED93092CDAAD6FD8B0F7AC3495A0D9B,MD5=9DE4D036EC95ACD8690B1835EF4608E9,SHA256=E53378B0C4CF5603AF1A9A3DFFB676349080CFF9E214881DD41CA3B6A7E03CB2,IMPHASH=965387DD90077BEBD51DACD5BBAD2B9F", "EventData_Signed": "true", "EventData_Signature": "Microsoft Windows", "EventData_SignatureStatus": "Valid", "EventData_User": "DESKTOP-P5C3MUD\\user"}
{"Provider_Name": "Microsoft-Windows-Sysmon", "Provider_Guid": "{5770385f-c22a-43e0-bf4c-06f5698ffbd9}", "Provider": null, "EventID_Qualifiers": "", "EventID": "7", "Version": "3", "Level": "4", "Task": "7", "Opcode": "0", "Keywords": "0x8000000000000000", "TimeCreated_SystemTime": "2023-09-27 06:50:45.389954", "TimeCreated": null, "EventRecordID": "29794", "Correlation_ActivityID": "", "Correlation_RelatedActivityID": "", "Correlation": null, "Execution_ProcessID": "3368", "Execution_ThreadID": "3332", "Execution": null, "Channel": "Microsoft-Windows-Sysmon/Operational", "Computer": "DESKTOP-P5C3MUD", "Security_UserID": "S-1-5-18", "Security": null, "EventData_RuleName": "-", "EventData_UtcTime": "2023-09-27 06:50:45.389", "EventData_ProcessGuid": "{4557fbaa-d0c5-6513-7501-000000000e00}", "EventData_ProcessId": "5780", "EventData_Image": "C:\\Windows\\SysWOW64\\cmd.exe", "EventData_ImageLoaded": "C:\\Windows\\SysWOW64\\msvcrt.dll", "EventData_FileVersion": "7.0.19041.546 (WinBuild.160101.0800)", "EventData_Description": "Windows NT CRT DLL", "EventData_Product": "Microsoft\u00ae Windows\u00ae Operating System", "EventData_Company": "Microsoft Corporation", "EventData_OriginalFileName": "msvcrt.dll", "EventData_Hashes": "SHA1=E75752978EDC470752DE9627A498794393C3B8EB,MD5=0DAA0D9DC786F95C8DC2CCC0221B2863,SHA256=279A03ACC810C1FE613BE283EB24762F0451DA9A6142ED3DC996A1D10FE2F692,IMPHASH=C3F466EF7F4926CB29A80701AE643FD4", "EventData_Signed": "true", "EventData_Signature": "Microsoft Windows", "EventData_SignatureStatus": "Valid", "EventData_User": "DESKTOP-P5C3MUD\\user"}
{"Provider_Name": "Microsoft-Windows-Sysmon", "Provider_Guid": "{5770385f-c22a-43e0-bf4c-06f5698ffbd9}", "Provider": null, "EventID_Qualifiers": "", "EventID": "7", "Version": "3", "Level": "4", "Task": "7", "Opcode": "0", "Keywords": "0x8000000000000000", "TimeCreated_SystemTime": "2023-09-27 06:50:45.390263", "TimeCreated": null, "EventRecordID": "29795", "Correlation_ActivityID": "", "Correlation_RelatedActivityID": "", "Correlation": null, "Execution_ProcessID": "3368", "Execution_ThreadID": "3332", "Execution": null, "Channel": "Microsoft-Windows-Sysmon/Operational", "Computer": "DESKTOP-P5C3MUD", "Security_UserID": "S-1-5-18", "Security": null, "EventData_RuleName": "-", "EventData_UtcTime": "2023-09-27 06:50:45.389", "EventData_ProcessGuid": "{4557fbaa-d0c5-6513-7501-000000000e00}", "EventData_ProcessId": "5780", "EventData_Image": "C:\\Windows\\SysWOW64\\cmd.exe", "EventData_ImageLoaded": "C:\\Windows\\SysWOW64\\combase.dll", "EventData_FileVersion": "10.0.19041.3393 (WinBuild.160101.0800)", "EventData_Description": "Microsoft COM for Windows", "EventData_Product": "Microsoft\u00ae Windows\u00ae Operating System", "EventData_Company": "Microsoft Corporation", "EventData_OriginalFileName": "COMBASE.DLL", "EventData_Hashes": "SHA1=1F2DE3557C29229C2616FBDF8E559FAEB0ECBC22,MD5=63A2251530E8F9331D7A4992C84BE114,SHA256=B2370A72F174E476823DF62180380428287554FE7105B0F5FC59F4CD2D1DBEA9,IMPHASH=0E7DBCDD9169F88354984E1C8B8310BD", "EventData_Signed": "true", "EventData_Signature": "Microsoft Windows", "EventData_SignatureStatus": "Valid", "EventData_User": "DESKTOP-P5C3MUD\\user"}
{"Provider_Name": "Microsoft-Windows-Sysmon", "Provider_Guid": "{5770385f-c22a-43e0-bf4c-06f5698ffbd9}", "Provider": null, "EventID_Qualifiers": "", "EventID": "7", "Version": "3", "Level": "4", "Task": "7", "Opcode": "0", "Keywords": "0x8000000000000000", "TimeCreated_SystemTime": "2023-09-27 06:50:45.390560", "TimeCreated": null, "EventRecordID": "29796", "Correlation_ActivityID": "", "Correlation_RelatedActivityID": "", "Correlation": null, "Execution_ProcessID": "3368", "Execution_ThreadID": "3332", "Execution": null, "Channel": "Microsoft-Windows-Sysmon/Operational", "Computer": "DESKTOP-P5C3MUD", "Security_UserID": "S-1-5-18", "Security": null, "EventData_RuleName": "-", "EventData_UtcTime": "2023-09-27 06:50:45.389", "EventData_ProcessGuid": "{4557fbaa-d0c5-6513-7501-000000000e00}", "EventData_ProcessId": "5780", "EventData_Image": "C:\\Windows\\SysWOW64\\cmd.exe", "EventData_ImageLoaded": "C:\\Windows\\SysWOW64\\ucrtbase.dll", "EventData_FileVersion": "10.0.19041.789 (WinBuild.160101.0800)", "EventData_Description": "Microsoft\u00ae C Runtime Library", "EventData_Product": "Microsoft\u00ae Windows\u00ae Operating System", "EventData_Company": "Microsoft Corporation", "EventData_OriginalFileName": "ucrtbase.dll", "EventData_Hashes": "SHA1=54D14ACE2F00A93C28984A577EBB47929D29E3CF,MD5=DF160B9471E9CE9AA4EFCFE625673310,SHA256=C8DBD811BB85D7E17D457C7938C15EF39DBDE395F82E967387E082F2C9860748,IMPHASH=EA37CB467EA2ADB2B776C1C8C105007C", "EventData_Signed": "true", "EventData_Signature": "Microsoft Windows", "EventData_SignatureStatus": "Valid", "EventData_User": "DESKTOP-P5C3MUD\\user"}
{"Provider_Name": "Microsoft-Windows-Sysmon", "Provider_Guid": "{5770385f-c22a-43e0-bf4c-06f5698ffbd9}", "Provider": null, "EventID_Qualifiers": "", "EventID": "7", "Version": "3", "Level": "4", "Task": "7", "Opcode": "0", "Keywords": "0x8000000000000000", "TimeCreated_SystemTime": "2023-09-27 06:50:45.390762", "TimeCreated": null, "EventRecordID": "29797", "Correlation_ActivityID": "", "Correlation_RelatedActivityID": "", "Correlation": null, "Execution_ProcessID": "3368", "Execution_ThreadID": "3332", "Execution": null, "Channel": "Microsoft-Windows-Sysmon/Operational", "Computer": "DESKTOP-P5C3MUD", "Security_UserID": "S-1-5-18", "Security": null, "EventData_RuleName": "-", "EventData_UtcTime": "2023-09-27 06:50:45.389", "EventData_ProcessGuid": "{4557fbaa-d0c5-6513-7501-000000000e00}", "EventData_ProcessId": "5780", "EventData_Image": "C:\\Windows\\SysWOW64\\cmd.exe", "EventData_ImageLoaded": "C:\\Windows\\SysWOW64\\rpcrt4.dll", "EventData_FileVersion": "10.0.19041.3448 (WinBuild.160101.0800)", "EventData_Description": "Remote Procedure Call Runtime", "EventData_Product": "Microsoft\u00ae Windows\u00ae Operating System", "EventData_Company": "Microsoft Corporation", "EventData_OriginalFileName": "rpcrt4.dll", "EventData_Hashes": "SHA1=A86C6B7883654CDB2D6B446B84C749293B40E27A,MD5=D9A3FD4E06F4BB6005BEF228A9BC08D7,SHA256=8E4F558FC90B69911E72E3F7018065C7AAD748F14B7FBA08E8B33895342BF055,IMPHASH=D37A3BA972D11ECDBBDCA2130202D5AC", "EventData_Signed": "true", "EventData_Signature": "Microsoft Windows", "EventData_SignatureStatus": "Valid", "EventData_User": "DESKTOP-P5C3MUD\\user"}
{"Provider_Name": "Microsoft-Windows-Sysmon", "Provider_Guid": "{5770385f-c22a-43e0-bf4c-06f5698ffbd9}", "Provider": null, "EventID_Qualifiers": "", "EventID": "13", "Version": "2", "Level": "4", "Task": "13", "Opcode": "0", "Keywords": "0x8000000000000000", "TimeCreated_SystemTime": "2023-09-27 06:50:45.827164", "TimeCreated": null, "EventRecordID": "29798", "Correlation_ActivityID": "", "Correlation_RelatedActivityID": "", "Correlation": null, "Execution_ProcessID": "3368", "Execution_ThreadID": "3332", "Execution": null, "Channel": "Microsoft-Windows-Sysmon/Operational", "Computer": "DESKTOP-P5C3MUD", "Security_UserID": "S-1-5-18", "Security": null, "EventData_RuleName": "-", "EventData_EventType": "SetValue", "EventData_UtcTime": "2023-09-27 06:50:45.826", "EventData_ProcessGuid": "{4557fbaa-ce38-6513-8800-000000000e00}", "EventData_ProcessId": "5556", "EventData_Image": "C:\\Windows\\Explorer.EXE", "EventData_TargetObject": "HKU\\S-1-5-21-2994737283-653069417-2221972583-1001\\SOFTWARE\\Microsoft\\Windows\\CurrentVersion\\Explorer\\UserAssist\\{CEBFF5CD-ACE2-4F4F-9178-9926F41749EA}\\Count\\R:\\Rkcrevzrag\\Jvaqbjf Unpxre Nggnpx Cebtenz\\5\\\u6ce8\u518c\u8868\u81ea\u542f\u52a8\\NhgbEha_Ert_Grfg.rkr", "EventData_Details": "Binary Data", "EventData_User": "DESKTOP-P5C3MUD\\user"}
{"Provider_Name": "Microsoft-Windows-Sysmon", "Provider_Guid": "{5770385f-c22a-43e0-bf4c-06f5698ffbd9}", "Provider": null, "EventID_Qualifiers": "", "EventID": "13", "Version": "2", "Level": "4", "Task": "13", "Opcode": "0", "Keywords": "0x8000000000000000", "TimeCreated_SystemTime": "2023-09-27 06:50:45.827208", "TimeCreated": null, "EventRecordID": "29799", "Correlation_ActivityID": "", "Correlation_RelatedActivityID": "", "Correlation": null, "Execution_ProcessID": "3368", "Execution_ThreadID": "3332", "Execution": null, "Channel": "Microsoft-Windows-Sysmon/Operational", "Computer": "DESKTOP-P5C3MUD", "Security_UserID": "S-1-5-18", "Security": null, "EventData_RuleName": "-", "EventData_EventType": "SetValue", "EventData_UtcTime": "2023-09-27 06:50:45.826", "EventData_ProcessGuid": "{4557fbaa-ce38-6513-8800-000000000e00}", "EventData_ProcessId": "5556", "EventData_Image": "C:\\Windows\\Explorer.EXE", "EventData_TargetObject": "HKU\\S-1-5-21-2994737283-653069417-2221972583-1001\\SOFTWARE\\Microsoft\\Windows\\CurrentVersion\\Explorer\\UserAssist\\{CEBFF5CD-ACE2-4F4F-9178-9926F41749EA}\\Count\\HRZR_PGYFRFFVBA", "EventData_Details": "Binary Data", "EventData_User": "DESKTOP-P5C3MUD\\user"}
{"Provider_Name": "Microsoft-Windows-Sysmon", "Provider_Guid": "{5770385f-c22a-43e0-bf4c-06f5698ffbd9}", "Provider": null, "EventID_Qualifiers": "", "EventID": "9", "Version": "2", "Level": "4", "Task": "9", "Opcode": "0", "Keywords": "0x8000000000000000", "TimeCreated_SystemTime": "2023-09-27 06:50:46.371778", "TimeCreated": null, "EventRecordID": "29800", "Correlation_ActivityID": "", "Correlation_RelatedActivityID": "", "Correlation": null, "Execution_ProcessID": "3368", "Execution_ThreadID": "3332", "Execution": null, "Channel": "Microsoft-Windows-Sysmon/Operational", "Computer": "DESKTOP-P5C3MUD", "Security_UserID": "S-1-5-18", "Security": null, "EventData_RuleName": "-", "EventData_UtcTime": "2023-09-27 06:50:46.358", "EventData_ProcessGuid": "{4557fbaa-ce30-6513-4d00-000000000e00}", "EventData_ProcessId": "3336", "EventData_Image": "C:\\ProgramData\\Microsoft\\Windows Defender\\Platform\\4.18.23080.2006-0\\MsMpEng.exe", "EventData_Device": "\\Device\\HarddiskVolume6", "EventData_User": "NT AUTHORITY\\SYSTEM"}
{"Provider_Name": "Microsoft-Windows-Sysmon", "Provider_Guid": "{5770385f-c22a-43e0-bf4c-06f5698ffbd9}", "Provider": null, "EventID_Qualifiers": "", "EventID": "12", "Version": "2", "Level": "4", "Task": "12", "Opcode": "0", "Keywords": "0x8000000000000000", "TimeCreated_SystemTime": "2023-09-27 06:50:46.764687", "TimeCreated": null, "EventRecordID": "29801", "Correlation_ActivityID": "", "Correlation_RelatedActivityID": "", "Correlation": null, "Execution_ProcessID": "3368", "Execution_ThreadID": "3332", "Execution": null, "Channel": "Microsoft-Windows-Sysmon/Operational", "Computer": "DESKTOP-P5C3MUD", "Security_UserID": "S-1-5-18", "Security": null, "EventData_RuleName": "-", "EventData_EventType": "CreateKey", "EventData_UtcTime": "2023-09-27 06:50:46.764", "EventData_ProcessGuid": "{4557fbaa-cf9a-6513-3401-000000000e00}", "EventData_ProcessId": "10248", "EventData_Image": "E:\\Software\\Microsoft Visual Studio\\Common7\\IDE\\devenv.exe", "EventData_TargetObject": "HKU\\S-1-5-21-2994737283-653069417-2221972583-1001\\SOFTWARE\\Microsoft\\VSCommon\\17.0\\SQM\\PIDs\\10248", "EventData_User": "DESKTOP-P5C3MUD\\user"}
{"Provider_Name": "Microsoft-Windows-Sysmon", "Provider_Guid": "{5770385f-c22a-43e0-bf4c-06f5698ffbd9}", "Provider": null, "EventID_Qualifiers": "", "EventID": "13", "Version": "2", "Level": "4", "Task": "13", "Opcode": "0", "Keywords": "0x8000000000000000", "TimeCreated_SystemTime": "2023-09-27 06:50:46.764738", "TimeCreated": null, "EventRecordID": "29802", "Correlation_ActivityID": "", "Correlation_RelatedActivityID": "", "Correlation": null, "Execution_ProcessID": "3368", "Execution_ThreadID": "3332", "Execution": null, "Channel": "Microsoft-Windows-Sysmon/Operational", "Computer": "DESKTOP-P5C3MUD", "Security_UserID": "S-1-5-18", "Security": null, "EventData_RuleName": "-", "EventData_EventType": "SetValue", "EventData_UtcTime": "2023-09-27 06:50:46.764", "EventData_ProcessGuid": "{4557fbaa-cf9a-6513-3401-000000000e00}", "EventData_ProcessId": "10248", "EventData_Image": "E:\\Software\\Microsoft Visual Studio\\Common7\\IDE\\devenv.exe", "EventData_TargetObject": "HKU\\S-1-5-21-2994737283-653069417-2221972583-1001\\SOFTWARE\\Microsoft\\VSCommon\\17.0\\SQM\\PIDs\\10248\\DebuggerPresent", "EventData_Details": "DWORD (0x00000000)", "EventData_User": "DESKTOP-P5C3MUD\\user"}
{"Provider_Name": "Microsoft-Windows-Sysmon", "Provider_Guid": "{5770385f-c22a-43e0-bf4c-06f5698ffbd9}", "Provider": null, "EventID_Qualifiers": "", "EventID": "13", "Version": "2", "Level": "4", "Task": "13", "Opcode": "0", "Keywords": "0x8000000000000000", "TimeCreated_SystemTime": "2023-09-27 06:50:46.983780", "TimeCreated": null, "EventRecordID": "29803", "Correlation_ActivityID": "", "Correlation_RelatedActivityID": "", "Correlation": null, "Execution_ProcessID": "3368", "Execution_ThreadID": "3332", "Execution": null, "Channel": "Microsoft-Windows-Sysmon/Operational", "Computer": "DESKTOP-P5C3MUD", "Security_UserID": "S-1-5-18", "Security": null, "EventData_RuleName": "-", "EventData_EventType": "SetValue", "EventData_UtcTime": "2023-09-27 06:50:46.983", "EventData_ProcessGuid": "{4557fbaa-ce30-6513-4d00-000000000e00}", "EventData_ProcessId": "3336", "EventData_Image": "C:\\ProgramData\\Microsoft\\Windows Defender\\Platform\\4.18.23080.2006-0\\MsMpEng.exe", "EventData_TargetObject": "HKLM\\SOFTWARE\\Microsoft\\Windows Defender\\Reporting\\SigUpdateTimestampsSinceLastHB", "EventData_Details": "(Empty)", "EventData_User": "NT AUTHORITY\\SYSTEM"}
{"Provider_Name": "Microsoft-Windows-Sysmon", "Provider_Guid": "{5770385f-c22a-43e0-bf4c-06f5698ffbd9}", "Provider": null, "EventID_Qualifiers": "", "EventID": "13", "Version": "2", "Level": "4", "Task": "13", "Opcode": "0", "Keywords": "0x8000000000000000", "TimeCreated_SystemTime": "2023-09-27 06:50:47.967884", "TimeCreated": null, "EventRecordID": "29804", "Correlation_ActivityID": "", "Correlation_RelatedActivityID": "", "Correlation": null, "Execution_ProcessID": "3368", "Execution_ThreadID": "3332", "Execution": null, "Channel": "Microsoft-Windows-Sysmon/Operational", "Computer": "DESKTOP-P5C3MUD", "Security_UserID": "S-1-5-18", "Security": null, "EventData_RuleName": "-", "EventData_EventType": "SetValue", "EventData_UtcTime": "2023-09-27 06:50:47.967", "EventData_ProcessGuid": "{4557fbaa-cf9a-6513-3401-000000000e00}", "EventData_ProcessId": "10248", "EventData_Image": "E:\\Software\\Microsoft Visual Studio\\Common7\\IDE\\devenv.exe", "EventData_TargetObject": "HKLM\\SOFTWARE\\Microsoft\\Windows NT\\CurrentVersion\\Notifications\\Data\\418A073AA3BC3475", "EventData_Details": "Binary Data", "EventData_User": "DESKTOP-P5C3MUD\\user"}
{"Provider_Name": "Microsoft-Windows-Sysmon", "Provider_Guid": "{5770385f-c22a-43e0-bf4c-06f5698ffbd9}", "Provider": null, "EventID_Qualifiers": "", "EventID": "10", "Version": "3", "Level": "4", "Task": "10", "Opcode": "0", "Keywords": "0x8000000000000000", "TimeCreated_SystemTime": "2023-09-27 06:50:50.343681", "TimeCreated": null, "EventRecordID": "29805", "Correlation_ActivityID": "", "Correlation_RelatedActivityID": "", "Correlation": null, "Execution_ProcessID": "3368", "Execution_ThreadID": "3332", "Execution": null, "Channel": "Microsoft-Windows-Sysmon/Operational", "Computer": "DESKTOP-P5C3MUD", "Security_UserID": "S-1-5-18", "Security": null, "EventData_RuleName": "-", "EventData_UtcTime": "2023-09-27 06:50:50.342", "EventData_SourceProcessGUID": "{4557fbaa-ce38-6513-8800-000000000e00}", "EventData_SourceProcessId": "5556", "EventData_SourceThreadId": "8800", "EventData_SourceImage": "C:\\Windows\\Explorer.EXE", "EventData_TargetProcessGUID": "{4557fbaa-ce44-6513-a900-000000000e00}", "EventData_TargetProcessId": "8304", "EventData_TargetImage": "C:\\Windows\\SystemApps\\MicrosoftWindows.Client.CBS_cw5n1h2txyewy\\TextInputHost.exe", "EventData_GrantedAccess": "0x00002000", "EventData_CallTrace": "C:\\Windows\\SYSTEM32\\ntdll.dll+9d314|C:\\Windows\\System32\\KERNELBASE.dll+308ee|C:\\Windows\\system32\\twinui.dll+331cb|C:\\Windows\\SYSTEM32\\ntdll.dll+716e9|C:\\Windows\\SYSTEM32\\ntdll.dll+531ba|C:\\Windows\\System32\\KERNEL32.DLL+17344|C:\\Windows\\SYSTEM32\\ntdll.dll+526b1", "EventData_SourceUser": "DESKTOP-P5C3MUD\\user", "EventData_TargetUser": "DESKTOP-P5C3MUD\\user"}
{"Provider_Name": "Microsoft-Windows-Sysmon", "Provider_Guid": "{5770385f-c22a-43e0-bf4c-06f5698ffbd9}", "Provider": null, "EventID_Qualifiers": "", "EventID": "10", "Version": "3", "Level": "4", "Task": "10", "Opcode": "0", "Keywords": "0x8000000000000000", "TimeCreated_SystemTime": "2023-09-27 06:50:50.343756", "TimeCreated": null, "EventRecordID": "29806", "Correlation_ActivityID": "", "Correlation_RelatedActivityID": "", "Correlation": null, "Execution_ProcessID": "3368", "Execution_ThreadID": "3332", "Execution": null, "Channel": "Microsoft-Windows-Sysmon/Operational", "Computer": "DESKTOP-P5C3MUD", "Security_UserID": "S-1-5-18", "Security": null, "EventData_RuleName": "-", "EventData_UtcTime": "2023-09-27 06:50:50.342", "EventData_SourceProcessGUID": "{4557fbaa-ce38-6513-8800-000000000e00}", "EventData_SourceProcessId": "5556", "EventData_SourceThreadId": "8800", "EventData_SourceImage": "C:\\Windows\\Explorer.EXE", "EventData_TargetProcessGUID": "{4557fbaa-ce7f-6513-d800-000000000e00}", "EventData_TargetProcessId": "1136", "EventData_TargetImage": "C:\\Windows\\ImmersiveControlPanel\\SystemSettings.exe", "EventData_GrantedAccess": "0x00002000", "EventData_CallTrace": "C:\\Windows\\SYSTEM32\\ntdll.dll+9d314|C:\\Windows\\System32\\KERNELBASE.dll+308ee|C:\\Windows\\system32\\twinui.dll+331cb|C:\\Windows\\SYSTEM32\\ntdll.dll+716e9|C:\\Windows\\SYSTEM32\\ntdll.dll+531ba|C:\\Windows\\System32\\KERNEL32.DLL+17344|C:\\Windows\\SYSTEM32\\ntdll.dll+526b1", "EventData_SourceUser": "DESKTOP-P5C3MUD\\user", "EventData_TargetUser": "DESKTOP-P5C3MUD\\user"}
{"Provider_Name": "Microsoft-Windows-Sysmon", "Provider_Guid": "{5770385f-c22a-43e0-bf4c-06f5698ffbd9}", "Provider": null, "EventID_Qualifiers": "", "EventID": "10", "Version": "3", "Level": "4", "Task": "10", "Opcode": "0", "Keywords": "0x8000000000000000", "TimeCreated_SystemTime": "2023-09-27 06:50:50.343859", "TimeCreated": null, "EventRecordID": "29807", "Correlation_ActivityID": "", "Correlation_RelatedActivityID": "", "Correlation": null, "Execution_ProcessID": "3368", "Execution_ThreadID": "3332", "Execution": null, "Channel": "Microsoft-Windows-Sysmon/Operational", "Computer": "DESKTOP-P5C3MUD", "Security_UserID": "S-1-5-18", "Security": null, "EventData_RuleName": "-", "EventData_UtcTime": "2023-09-27 06:50:50.342", "EventData_SourceProcessGUID": "{4557fbaa-ce38-6513-8800-000000000e00}", "EventData_SourceProcessId": "5556", "EventData_SourceThreadId": "8800", "EventData_SourceImage": "C:\\Windows\\Explorer.EXE", "EventData_TargetProcessGUID": "{4557fbaa-ce3e-6513-a200-000000000e00}", "EventData_TargetProcessId": "7572", "EventData_TargetImage": "C:\\Windows\\SystemApps\\Microsoft.LockApp_cw5n1h2txyewy\\LockApp.exe", "EventData_GrantedAccess": "0x00002000", "EventData_CallTrace": "C:\\Windows\\SYSTEM32\\ntdll.dll+9d314|C:\\Windows\\System32\\KERNELBASE.dll+308ee|C:\\Windows\\system32\\twinui.dll+331cb|C:\\Windows\\SYSTEM32\\ntdll.dll+716e9|C:\\Windows\\SYSTEM32\\ntdll.dll+531ba|C:\\Windows\\System32\\KERNEL32.DLL+17344|C:\\Windows\\SYSTEM32\\ntdll.dll+526b1", "EventData_SourceUser": "DESKTOP-P5C3MUD\\user", "EventData_TargetUser": "DESKTOP-P5C3MUD\\user"}
