{"Provider_Name": "Microsoft-Windows-Sysmon", "Provider_Guid": "{5770385f-c22a-43e0-bf4c-06f5698ffbd9}", "Provider": null, "EventID_Qualifiers": "", "EventID": "7", "Version": "3", "Level": "4", "Task": "7", "Opcode": "0", "Keywords": "0x8000000000000000", "TimeCreated_SystemTime": "2023-09-27 06:50:51.853115", "TimeCreated": null, "EventRecordID": "29882", "Correlation_ActivityID": "", "Correlation_RelatedActivityID": "", "Correlation": null, "Execution_ProcessID": "3368", "Execution_ThreadID": "3332", "Execution": null, "Channel": "Microsoft-Windows-Sysmon/Operational", "Computer": "DESKTOP-P5C3MUD", "Security_UserID": "S-1-5-18", "Security": null, "EventData_RuleName": "-", "EventData_UtcTime": "2023-09-27 06:50:51.842", "EventData_ProcessGuid": "{4557fbaa-d0cb-6513-7601-000000000e00}", "EventData_ProcessId": "1848", "EventData_Image": "C:\\Windows\\System32\\svchost.exe", "EventData_ImageLoaded": "C:\\Windows\\System32\\kernel32.dll", "EventData_FileVersion": "10.0.19041.3393 (WinBuild.160101.0800)", "EventData_Description": "Windows NT BASE API Client DLL", "EventData_Product": "Microsoft\u00ae Windows\u00ae Operating System", "EventData_Company": "Microsoft Corporation", "EventData_OriginalFileName": "kernel32", "EventData_Hashes": "SHA1=D57551055BD4E7644EDE2FFD76EAB966CD5612DA,MD5=D9DE98246BCB03964BBDBB4693B155DC,SHA256=C64B4EEFC2868E6E47E42254BDC7F3A817250E290C936E3C8AEF8720A8A8ED64,IMPHASH=F138C4A566A700DE3E7E024EE6C4D479", "EventData_Signed": "true", "EventData_Signature": "Microsoft Windows", "EventData_SignatureStatus": "Valid", "EventData_User": "NT AUTHORITY\\SYSTEM"}
{"Provider_Name": "Microsoft-Windows-Sysmon", "Provider_Guid": "{5770385f-c22a-43e0-bf4c-06f5698ffbd9}", "Provider": null, "EventID_Qualifiers": "", "EventID": "7", "Version": "3", "Level": "4", "Task": "7", "Opcode": "0", "Keywords": "0x8000000000000000", "TimeCreated_SystemTime": "2023-09-27 06:50:51.853357", "TimeCreated": null, "EventRecordID": "29883", "Correlation_ActivityID": "", "Correlation_RelatedActivityID": "", "Correlation": null, "Execution_ProcessID": "3368", "Execution_ThreadID": "3332", "Execution": null, "Channel": "Microsoft-Windows-Sysmon/Operational", "Computer": "DESKTOP-P5C3MUD", "Security_UserID": "S-1-5-18", "Security": null, "EventData_RuleName": "-", "EventData_UtcTime": "2023-09-27 06:50:51.842", "EventData_ProcessGuid": "{4557fbaa-d0cb-6513-7601-000000000e00}", "EventData_ProcessId": "1848", "EventData_Image": "C:\\Windows\\System32\\svchost.exe", "EventData_ImageLoaded": "C:\\Windows\\System32\\KernelBase.dll", "EventData_FileVersion": "10.0.19041.3393 (WinBuild.160101.0800)", "EventData_Description": "Windows NT BASE API Client DLL", "EventData_Product": "Microsoft\u00ae Windows\u00ae Operating System", "EventData_Company": "Microsoft Corporation", "EventData_OriginalFileName": "Kernelbase.dll", "EventData_Hashes": "SHA1=9FDB286060B8D6D293492A13575E6359604EEFE1,MD5=5B5BFC918C4AA0585969747B7FD6D404,SHA256=0FC2A2C20479C2D1A99468DD90D6B37E79CF4E9A1617F7ACC3FA116EAAF1E1B3,IMPHASH=0B3D9CDD2A78F1035F845B59D17F0420", "EventData_Signed": "true", "EventData_Signature": "Microsoft Windows", "EventData_SignatureStatus": "Valid", "EventData_User": "NT AUTHORITY\\SYSTEM"}
{"Provider_Name": "Microsoft-Windows-Sysmon", "Provider_Guid": "{5770385f-c22a-43e0-bf4c-06f5698ffbd9}", "Provider": null, "EventID_Qualifiers": "", "EventID": "7", "Version": "3", "Level": "4", "Task": "7", "Opcode": "0", "Keywords": "0x8000000000000000", "TimeCreated_SystemTime": "2023-09-27 06:50:51.854509", "TimeCreated": null, "EventRecordID": "29884", "Correlation_ActivityID": "", "Correlation_RelatedActivityID": "", "Correlation": null, "Execution_ProcessID": "3368", "Execution_ThreadID": "3332", "Execution": null, "Channel": "Microsoft-Windows-Sysmon/Operational", "Computer": "DESKTOP-P5C3MUD", "Security_UserID": "S-1-5-18", "Security": null, "EventData_RuleName": "-", "EventData_UtcTime": "2023-09-27 06:50:51.842", "EventData_ProcessGuid": "{4557fbaa-d0cb-6513-7601-000000000e00}", "EventData_ProcessId": "1848", "EventData_Image": "C:\\Windows\\System32\\svchost.exe", "EventData_ImageLoaded": "C:\\Windows\\System32\\sechost.dll", "EventData_FileVersion": "10.0.19041.3393 (WinBuild.160101.0800)", "EventData_Description": "Host for SCM/SDDL/LSA Lookup APIs", "EventData_Product": "Microsoft\u00ae Windows\u00ae Operating System", "EventData_Company": "Microsoft Corporation", "EventData_OriginalFileName": "sechost.dll", "EventData_Hashes": "SHA1=5C500A625D81E3D562BAF43B3C4850BB6B0CFEE6,MD5=24B419A4E95C201FE5E84010F08F3861,SHA256=C9C852E4BED8A80080A1E9F25F4B1A1C1709198D56C8A55DF50754E004D23A08,IMPHASH=CE4BD072766253F6A267D0284CA82002", "EventData_Signed": "true", "EventData_Signature": "Microsoft Windows", "EventData_SignatureStatus": "Valid", "EventData_User": "NT AUTHORITY\\SYSTEM"}
{"Provider_Name": "Microsoft-Windows-Sysmon", "Provider_Guid": "{5770385f-c22a-43e0-bf4c-06f5698ffbd9}", "Provider": null, "EventID_Qualifiers": "", "EventID": "7", "Version": "3", "Level": "4", "Task": "7", "Opcode": "0", "Keywords": "0x8000000000000000", "TimeCreated_SystemTime": "2023-09-27 06:50:51.854763", "TimeCreated": null, "EventRecordID": "29885", "Correlation_ActivityID": "", "Correlation_RelatedActivityID": "", "Correlation": null, "Execution_ProcessID": "3368", "Execution_ThreadID": "3332", "Execution": null, "Channel": "Microsoft-Windows-Sysmon/Operational", "Computer": "DESKTOP-P5C3MUD", "Security_UserID": "S-1-5-18", "Security": null, "EventData_RuleName": "-", "EventData_UtcTime": "2023-09-27 06:50:51.842", "EventData_ProcessGuid": "{4557fbaa-d0cb-6513-7601-000000000e00}", "EventData_ProcessId": "1848", "EventData_Image": "C:\\Windows\\System32\\svchost.exe", "EventData_ImageLoaded": "C:\\Windows\\System32\\rpcrt4.dll", "EventData_FileVersion": "10.0.19041.3448 (WinBuild.160101.0800)", "EventData_Description": "Remote Procedure Call Runtime", "EventData_Product": "Microsoft\u00ae Windows\u00ae Operating System", "EventData_Company": "Microsoft Corporation", "EventData_OriginalFileName": "rpcrt4.dll", "EventData_Hashes": "SHA1=6353D648B585C3FACA391B9E8D443B2A7CF78CDF,MD5=5A0FAC6E2991EFF83983A4F08384E962,SHA256=DA7DAC9F12A3DBCE66C0AF2EA3279DE5355B5001427820807E1273D6ED0678BA,IMPHASH=691FED08D927C769FAAC5041B85477B5", "EventData_Signed": "true", "EventData_Signature": "Microsoft Windows", "EventData_SignatureStatus": "Valid", "EventData_User": "NT AUTHORITY\\SYSTEM"}
{"Provider_Name": "Microsoft-Windows-Sysmon", "Provider_Guid": "{5770385f-c22a-43e0-bf4c-06f5698ffbd9}", "Provider": null, "EventID_Qualifiers": "", "EventID": "7", "Version": "3", "Level": "4", "Task": "7", "Opcode": "0", "Keywords": "0x8000000000000000", "TimeCreated_SystemTime": "2023-09-27 06:50:51.855055", "TimeCreated": null, "EventRecordID": "29886", "Correlation_ActivityID": "", "Correlation_RelatedActivityID": "", "Correlation": null, "Execution_ProcessID": "3368", "Execution_ThreadID": "3332", "Execution": null, "Channel": "Microsoft-Windows-Sysmon/Operational", "Computer": "DESKTOP-P5C3MUD", "Security_UserID": "S-1-5-18", "Security": null, "EventData_RuleName": "-", "EventData_UtcTime": "2023-09-27 06:50:51.842", "EventData_ProcessGuid": "{4557fbaa-d0cb-6513-7601-000000000e00}", "EventData_ProcessId": "1848", "EventData_Image": "C:\\Windows\\System32\\svchost.exe", "EventData_ImageLoaded": "C:\\Windows\\System32\\ucrtbase.dll", "EventData_FileVersion": "10.0.19041.789 (WinBuild.160101.0800)", "EventData_Description": "Microsoft\u00ae C Runtime Library", "EventData_Product": "Microsoft\u00ae Windows\u00ae Operating System", "EventData_Company": "Microsoft Corporation", "EventData_OriginalFileName": "ucrtbase.dll", "EventData_Hashes": "SHA1=E82945E3E63FFEF0974D6DD74F2AEF2BF6D0A908,MD5=2C8FE06966D5085A595FFA3C98FE3098,SHA256=DE8D08D01291DF93821314176381F3D1AE863E6C5584A7F8EA42F0B94B15EF65,IMPHASH=405CDE0FC80C30DCC3D783173DBD4143", "EventData_Signed": "true", "EventData_Signature": "Microsoft Windows", "EventData_SignatureStatus": "Valid", "EventData_User": "NT AUTHORITY\\SYSTEM"}
{"Provider_Name": "Microsoft-Windows-Sysmon", "Provider_Guid": "{5770385f-c22a-43e0-bf4c-06f5698ffbd9}", "Provider": null, "EventID_Qualifiers": "", "EventID": "7", "Version": "3", "Level": "4", "Task": "7", "Opcode": "0", "Keywords": "0x8000000000000000", "TimeCreated_SystemTime": "2023-09-27 06:50:51.855917", "TimeCreated": null, "EventRecordID": "29887", "Correlation_ActivityID": "", "Correlation_RelatedActivityID": "", "Correlation": null, "Execution_ProcessID": "3368", "Execution_ThreadID": "3332", "Execution": null, "Channel": "Microsoft-Windows-Sysmon/Operational", "Computer": "DESKTOP-P5C3MUD", "Security_UserID": "S-1-5-18", "Security": null, "EventData_RuleName": "-", "EventData_UtcTime": "2023-09-27 06:50:51.842", "EventData_ProcessGuid": "{4557fbaa-d0cb-6513-7601-000000000e00}", "EventData_ProcessId": "1848", "EventData_Image": "C:\\Windows\\System32\\svchost.exe", "EventData_ImageLoaded": "C:\\Windows\\System32\\combase.dll", "EventData_FileVersion": "10.0.19041.3393 (WinBuild.160101.0800)", "EventData_Description": "Microsoft COM for Windows", "EventData_Product": "Microsoft\u00ae Windows\u00ae Operating System", "EventData_Company": "Microsoft Corporation", "EventData_OriginalFileName": "COMBASE.DLL", "EventData_Hashes": "SHA1=D7DA6A2585718B5EA8626DB5F4DACEB9DBB03D28,MD5=E9DEDBD9FC590F4AA8ADFC8DCE488A1A,SHA256=2AD3B7F4A2FE88AEDEB1AE79B3778DCCF74608EAACB0ED42B79519EE6CB03885,IMPHASH=86D63FCC59A250884FAE714B325D53BF", "EventData_Signed": "true", "EventData_Signature": "Microsoft Windows", "EventData_SignatureStatus": "Valid", "EventData_User": "NT AUTHORITY\\SYSTEM"}
{"Provider_Name": "Microsoft-Windows-Sysmon", "Provider_Guid": "{5770385f-c22a-43e0-bf4c-06f5698ffbd9}", "Provider": null, "EventID_Qualifiers": "", "EventID": "7", "Version": "3", "Level": "4", "Task": "7", "Opcode": "0", "Keywords": "0x8000000000000000", "TimeCreated_SystemTime": "2023-09-27 06:50:51.856970", "TimeCreated": null, "EventRecordID": "29888", "Correlation_ActivityID": "", "Correlation_RelatedActivityID": "", "Correlation": null, "Execution_ProcessID": "3368", "Execution_ThreadID": "3332", "Execution": null, "Channel": "Microsoft-Windows-Sysmon/Operational", "Computer": "DESKTOP-P5C3MUD", "Security_UserID": "S-1-5-18", "Security": null, "EventData_RuleName": "-", "EventData_UtcTime": "2023-09-27 06:50:51.842", "EventData_ProcessGuid": "{4557fbaa-d0cb-6513-7601-000000000e00}", "EventData_ProcessId": "1848", "EventData_Image": "C:\\Windows\\System32\\svchost.exe", "EventData_ImageLoaded": "C:\\Windows\\System32\\kernel.appcore.dll", "EventData_FileVersion": "10.0.19041.546 (WinBuild.160101.0800)", "EventData_Description": "AppModel API Host", "EventData_Product": "Microsoft\u00ae Windows\u00ae Operating System", "EventData_Company": "Microsoft Corporation", "EventData_OriginalFileName": "kernel.appcore.dll", "EventData_Hashes": "SHA1=CDBA1CC8FD390B4F8101B5A22B0AA0BA5605C7DB,MD5=AF68FDDB20DF61ECE812B542176949E4,SHA256=7D6C60195DFB05EEC27377AE25D9AD259D7FDF85FA71D2AA855FD4129C2AADC2,IMPHASH=C24B24FA5FB3285D15231007B6E54465", "EventData_Signed": "true", "EventData_Signature": "Microsoft Windows", "EventData_SignatureStatus": "Valid", "EventData_User": "NT AUTHORITY\\SYSTEM"}
{"Provider_Name": "Microsoft-Windows-Sysmon", "Provider_Guid": "{5770385f-c22a-43e0-bf4c-06f5698ffbd9}", "Provider": null, "EventID_Qualifiers": "", "EventID": "7", "Version": "3", "Level": "4", "Task": "7", "Opcode": "0", "Keywords": "0x8000000000000000", "TimeCreated_SystemTime": "2023-09-27 06:50:51.857193", "TimeCreated": null, "EventRecordID": "29889", "Correlation_ActivityID": "", "Correlation_RelatedActivityID": "", "Correlation": null, "Execution_ProcessID": "3368", "Execution_ThreadID": "3332", "Execution": null, "Channel": "Microsoft-Windows-Sysmon/Operational", "Computer": "DESKTOP-P5C3MUD", "Security_UserID": "S-1-5-18", "Security": null, "EventData_RuleName": "-", "EventData_UtcTime": "2023-09-27 06:50:51.842", "EventData_ProcessGuid": "{4557fbaa-d0cb-6513-7601-000000000e00}", "EventData_ProcessId": "1848", "EventData_Image": "C:\\Windows\\System32\\svchost.exe", "EventData_ImageLoaded": "C:\\Windows\\System32\\msvcrt.dll", "EventData_FileVersion": "7.0.19041.546 (WinBuild.160101.0800)", "EventData_Description": "Windows NT CRT DLL", "EventData_Product": "Microsoft\u00ae Windows\u00ae Operating System", "EventData_Company": "Microsoft Corporation", "EventData_OriginalFileName": "msvcrt.dll", "EventData_Hashes": "SHA1=5AFF4CFDEE689F127DF3C555281DC629D4D62318,MD5=A4F2D5942FB447CD48A5CEE414983E85,SHA256=DD7C8BC34CDBE30EF921395E874909BBF6BE53803822164F75F7207E9F085650,IMPHASH=1273683626EBBA703979F188A1E64237", "EventData_Signed": "true", "EventData_Signature": "Microsoft Windows", "EventData_SignatureStatus": "Valid", "EventData_User": "NT AUTHORITY\\SYSTEM"}
{"Provider_Name": "Microsoft-Windows-Sysmon", "Provider_Guid": "{5770385f-c22a-43e0-bf4c-06f5698ffbd9}", "Provider": null, "EventID_Qualifiers": "", "EventID": "7", "Version": "3", "Level": "4", "Task": "7", "Opcode": "0", "Keywords": "0x8000000000000000", "TimeCreated_SystemTime": "2023-09-27 06:50:51.857681", "TimeCreated": null, "EventRecordID": "29890", "Correlation_ActivityID": "", "Correlation_RelatedActivityID": "", "Correlation": null, "Execution_ProcessID": "3368", "Execution_ThreadID": "3332", "Execution": null, "Channel": "Microsoft-Windows-Sysmon/Operational", "Computer": "DESKTOP-P5C3MUD", "Security_UserID": "S-1-5-18", "Security": null, "EventData_RuleName": "-", "EventData_UtcTime": "2023-09-27 06:50:51.842", "EventData_ProcessGuid": "{4557fbaa-d0cb-6513-7601-000000000e00}", "EventData_ProcessId": "1848", "EventData_Image": "C:\\Windows\\System32\\svchost.exe", "EventData_ImageLoaded": "C:\\Windows\\System32\\bcryptprimitives.dll", "EventData_FileVersion": "10.0.19041.2486 (WinBuild.160101.0800)", "EventData_Description": "Windows Cryptographic Primitives Library", "EventData_Product": "Microsoft\u00ae Windows\u00ae Operating System", "EventData_Company": "Microsoft Corporation", "EventData_OriginalFileName": "bcryptprimitives.dll", "EventData_Hashes": "SHA1=3D582D85D9FAE1CD3579701BB6A49C6E0EFC5C0C,MD5=33F88521EB7778D5993779C5BB8E430C,SHA256=7808F3DD0B2C0B6B909363720E630E7A1EA4B58A0E5467242B8E86EFA5C91C72,IMPHASH=496E42068C9391511CF6EE7C54F73A9B", "EventData_Signed": "true", "EventData_Signature": "Microsoft Windows", "EventData_SignatureStatus": "Valid", "EventData_User": "NT AUTHORITY\\SYSTEM"}
{"Provider_Name": "Microsoft-Windows-Sysmon", "Provider_Guid": "{5770385f-c22a-43e0-bf4c-06f5698ffbd9}", "Provider": null, "EventID_Qualifiers": "", "EventID": "7", "Version": "3", "Level": "4", "Task": "7", "Opcode": "0", "Keywords": "0x8000000000000000", "TimeCreated_SystemTime": "2023-09-27 06:50:51.858335", "TimeCreated": null, "EventRecordID": "29891", "Correlation_ActivityID": "", "Correlation_RelatedActivityID": "", "Correlation": null, "Execution_ProcessID": "3368", "Execution_ThreadID": "3332", "Execution": null, "Channel": "Microsoft-Windows-Sysmon/Operational", "Computer": "DESKTOP-P5C3MUD", "Security_UserID": "S-1-5-18", "Security": null, "EventData_RuleName": "-", "EventData_UtcTime": "2023-09-27 06:50:51.858", "EventData_ProcessGuid": "{4557fbaa-d0cb-6513-7601-000000000e00}", "EventData_ProcessId": "1848", "EventData_Image": "C:\\Windows\\System32\\svchost.exe", "EventData_ImageLoaded": "C:\\Windows\\System32\\user32.dll", "EventData_FileVersion": "10.0.19041.3393 (WinBuild.160101.0800)", "EventData_Description": "Multi-User Windows USER API Client DLL", "EventData_Product": "Microsoft\u00ae Windows\u00ae Operating System", "EventData_Company": "Microsoft Corporation", "EventData_OriginalFileName": "user32", "EventData_Hashes": "SHA1=5F3128C036A7530EE4B33D9FA5026E674DB1E74F,MD5=96C3909034563760C1CCE9C861EF09B2,SHA256=0C6AB90977CA441DBD6B817B8CFCB21DD116827FDE027EC37312AFA8C080A30E,IMPHASH=ACEFB29F9A55C4D3D28B877834EE0A10", "EventData_Signed": "true", "EventData_Signature": "Microsoft Windows", "EventData_SignatureStatus": "Valid", "EventData_User": "NT AUTHORITY\\SYSTEM"}
{"Provider_Name": "Microsoft-Windows-Sysmon", "Provider_Guid": "{5770385f-c22a-43e0-bf4c-06f5698ffbd9}", "Provider": null, "EventID_Qualifiers": "", "EventID": "7", "Version": "3", "Level": "4", "Task": "7", "Opcode": "0", "Keywords": "0x8000000000000000", "TimeCreated_SystemTime": "2023-09-27 06:50:51.858536", "TimeCreated": null, "EventRecordID": "29892", "Correlation_ActivityID": "", "Correlation_RelatedActivityID": "", "Correlation": null, "Execution_ProcessID": "3368", "Execution_ThreadID": "3332", "Execution": null, "Channel": "Microsoft-Windows-Sysmon/Operational", "Computer": "DESKTOP-P5C3MUD", "Security_UserID": "S-1-5-18", "Security": null, "EventData_RuleName": "-", "EventData_UtcTime": "2023-09-27 06:50:51.858", "EventData_ProcessGuid": "{4557fbaa-d0cb-6513-7601-000000000e00}", "EventData_ProcessId": "1848", "EventData_Image": "C:\\Windows\\System32\\svchost.exe", "EventData_ImageLoaded": "C:\\Windows\\System32\\win32u.dll", "EventData_FileVersion": "10.0.19041.3448 (WinBuild.160101.0800)", "EventData_Description": "Win32u", "EventData_Product": "Microsoft\u00ae Windows\u00ae Operating System", "EventData_Company": "Microsoft Corporation", "EventData_OriginalFileName": "Win32u.DLL", "EventData_Hashes": "SHA1=29908492F3C3FCE45523982B63BC3703B751F654,MD5=27C10E2FD541BE67A008EF885855260F,SHA256=FD6C42098EA0F4BDA3EBE032211A8F89E00D21EE3D8177E374578C5CFEE739CF,IMPHASH=00000000000000000000000000000000", "EventData_Signed": "true", "EventData_Signature": "Microsoft Windows", "EventData_SignatureStatus": "Valid", "EventData_User": "NT AUTHORITY\\SYSTEM"}
{"Provider_Name": "Microsoft-Windows-Sysmon", "Provider_Guid": "{5770385f-c22a-43e0-bf4c-06f5698ffbd9}", "Provider": null, "EventID_Qualifiers": "", "EventID": "7", "Version": "3", "Level": "4", "Task": "7", "Opcode": "0", "Keywords": "0x8000000000000000", "TimeCreated_SystemTime": "2023-09-27 06:50:51.858753", "TimeCreated": null, "EventRecordID": "29893", "Correlation_ActivityID": "", "Correlation_RelatedActivityID": "", "Correlation": null, "Execution_ProcessID": "3368", "Execution_ThreadID": "3332", "Execution": null, "Channel": "Microsoft-Windows-Sysmon/Operational", "Computer": "DESKTOP-P5C3MUD", "Security_UserID": "S-1-5-18", "Security": null, "EventData_RuleName": "-", "EventData_UtcTime": "2023-09-27 06:50:51.858", "EventData_ProcessGuid": "{4557fbaa-d0cb-6513-7601-000000000e00}", "EventData_ProcessId": "1848", "EventData_Image": "C:\\Windows\\System32\\svchost.exe", "EventData_ImageLoaded": "C:\\Windows\\System32\\gdi32.dll", "EventData_FileVersion": "10.0.19041.3393 (WinBuild.160101.0800)", "EventData_Description": "GDI Client DLL", "EventData_Product": "Microsoft\u00ae Windows\u00ae Operating System", "EventData_Company": "Microsoft Corporation", "EventData_OriginalFileName": "gdi32", "EventData_Hashes": "SHA1=8CF4A6A8343A1B01CDC6A03FC8C5E8EFD0D05A98,MD5=9A79E67E9496A870B73FECA86A76C485,SHA256=09A101F2E6D9BA2BF9C3AFC5A52A572BC5B957A09B8A6221DBB69D0980E61C8D,IMPHASH=BAFBAAAA84FFAA63DAEF38BC7FBC0E2D", "EventData_Signed": "true", "EventData_Signature": "Microsoft Windows", "EventData_SignatureStatus": "Valid", "EventData_User": "NT AUTHORITY\\SYSTEM"}
{"Provider_Name": "Microsoft-Windows-Sysmon", "Provider_Guid": "{5770385f-c22a-43e0-bf4c-06f5698ffbd9}", "Provider": null, "EventID_Qualifiers": "", "EventID": "7", "Version": "3", "Level": "4", "Task": "7", "Opcode": "0", "Keywords": "0x8000000000000000", "TimeCreated_SystemTime": "2023-09-27 06:50:51.858995", "TimeCreated": null, "EventRecordID": "29894", "Correlation_ActivityID": "", "Correlation_RelatedActivityID": "", "Correlation": null, "Execution_ProcessID": "3368", "Execution_ThreadID": "3332", "Execution": null, "Channel": "Microsoft-Windows-Sysmon/Operational", "Computer": "DESKTOP-P5C3MUD", "Security_UserID": "S-1-5-18", "Security": null, "EventData_RuleName": "-", "EventData_UtcTime": "2023-09-27 06:50:51.858", "EventData_ProcessGuid": "{4557fbaa-d0cb-6513-7601-000000000e00}", "EventData_ProcessId": "1848", "EventData_Image": "C:\\Windows\\System32\\svchost.exe", "EventData_ImageLoaded": "C:\\Windows\\System32\\gdi32full.dll", "EventData_FileVersion": "10.0.19041.3393 (WinBuild.160101.0800)", "EventData_Description": "GDI Client DLL", "EventData_Product": "Microsoft\u00ae Windows\u00ae Operating System", "EventData_Company": "Microsoft Corporation", "EventData_OriginalFileName": "gdi32", "EventData_Hashes": "SHA1=A7FD81C2CC18E6EFE865D2F8DFDC671C1251452F,MD5=EC03004D454E330E168F456958B1C8ED,SHA256=ED27B0A962374F81DC5A857C6B2E99F9A6B3AD6C77BD603C51E63E11082EBB4F,IMPHASH=36F08372BA36C1D01D82282984115F63", "EventData_Signed": "true", "EventData_Signature": "Microsoft Windows", "EventData_SignatureStatus": "Valid", "EventData_User": "NT AUTHORITY\\SYSTEM"}
{"Provider_Name": "Microsoft-Windows-Sysmon", "Provider_Guid": "{5770385f-c22a-43e0-bf4c-06f5698ffbd9}", "Provider": null, "EventID_Qualifiers": "", "EventID": "7", "Version": "3", "Level": "4", "Task": "7", "Opcode": "0", "Keywords": "0x8000000000000000", "TimeCreated_SystemTime": "2023-09-27 06:50:51.859247", "TimeCreated": null, "EventRecordID": "29895", "Correlation_ActivityID": "", "Correlation_RelatedActivityID": "", "Correlation": null, "Execution_ProcessID": "3368", "Execution_ThreadID": "3332", "Execution": null, "Channel": "Microsoft-Windows-Sysmon/Operational", "Computer": "DESKTOP-P5C3MUD", "Security_UserID": "S-1-5-18", "Security": null, "EventData_RuleName": "-", "EventData_UtcTime": "2023-09-27 06:50:51.858", "EventData_ProcessGuid": "{4557fbaa-d0cb-6513-7601-000000000e00}", "EventData_ProcessId": "1848", "EventData_Image": "C:\\Windows\\System32\\svchost.exe", "EventData_ImageLoaded": "C:\\Windows\\System32\\msvcp_win.dll", "EventData_FileVersion": "10.0.19041.789 (WinBuild.160101.0800)", "EventData_Description": "Microsoft\u00ae C Runtime Library", "EventData_Product": "Microsoft\u00ae Windows\u00ae Operating System", "EventData_Company": "Microsoft Corporation", "EventData_OriginalFileName": "msvcp_win.dll", "EventData_Hashes": "SHA1=09C6A238C7B2936207F261562079A327AA9FF34E,MD5=34692D0BDE33641B576C32165FBAAF6D,SHA256=FD1D0CC8A5AC8BF20AF9E1A7EC360DD76DC022DFE992556948DF1C17F7A714D2,IMPHASH=6395B9FE9663F603C53213439199897E", "EventData_Signed": "true", "EventData_Signature": "Microsoft Windows", "EventData_SignatureStatus": "Valid", "EventData_User": "NT AUTHORITY\\SYSTEM"}
{"Provider_Name": "Microsoft-Windows-Sysmon", "Provider_Guid": "{5770385f-c22a-43e0-bf4c-06f5698ffbd9}", "Provider": null, "EventID_Qualifiers": "", "EventID": "10", "Version": "3", "Level": "4", "Task": "10", "Opcode": "0", "Keywords": "0x8000000000000000", "TimeCreated_SystemTime": "2023-09-27 06:50:51.861012", "TimeCreated": null, "EventRecordID": "29896", "Correlation_ActivityID": "", "Correlation_RelatedActivityID": "", "Correlation": null, "Execution_ProcessID": "3368", "Execution_ThreadID": "3332", "Execution": null, "Channel": "Microsoft-Windows-Sysmon/Operational", "Computer": "DESKTOP-P5C3MUD", "Security_UserID": "S-1-5-18", "Security": null, "EventData_RuleName": "-", "EventData_UtcTime": "2023-09-27 06:50:51.858", "EventData_SourceProcessGUID": "{4557fbaa-ce2f-6513-1000-000000000e00}", "EventData_SourceProcessId": "1000", "EventData_SourceThreadId": "1120", "EventData_SourceImage": "C:\\Windows\\system32\\svchost.exe", "EventData_TargetProcessGUID": "{4557fbaa-d0cb-6513-7601-000000000e00}", "EventData_TargetProcessId": "1848", "EventData_TargetImage": "C:\\Windows\\System32\\svchost.exe", "EventData_GrantedAccess": "0x00100000", "EventData_CallTrace": "C:\\Windows\\SYSTEM32\\ntdll.dll+9df24|C:\\Windows\\System32\\RPCRT4.dll+4f034|c:\\windows\\system32\\rpcss.dll+fb25|c:\\windows\\system32\\rpcss.dll+e417|C:\\Windows\\System32\\RPCRT4.dll+7b4b3|C:\\Windows\\System32\\RPCRT4.dll+7a282|C:\\Windows\\System32\\RPCRT4.dll+1e1ca|C:\\Windows\\System32\\RPCRT4.dll+5dfda|C:\\Windows\\System32\\RPCRT4.dll+59188|C:\\Windows\\System32\\RPCRT4.dll+3a3a6|C:\\Windows\\System32\\RPCRT4.dll+39cf8|C:\\Windows\\System32\\RPCRT4.dll+474bf|C:\\Windows\\System32\\RPCRT4.dll+468c8|C:\\Windows\\System32\\RPCRT4.dll+45eb1|C:\\Windows\\System32\\RPCRT4.dll+4591e|C:\\Windows\\System32\\RPCRT4.dll+4a032|C:\\Windows\\SYSTEM32\\ntdll.dll+20330|C:\\Windows\\SYSTEM32\\ntdll.dll+52f86|C:\\Windows\\System32\\KERNEL32.DLL+17344|C:\\Windows\\SYSTEM32\\ntdll.dll+526b1", "EventData_SourceUser": "NT AUTHORITY\\NETWORK SERVICE", "EventData_TargetUser": "NT AUTHORITY\\SYSTEM"}
{"Provider_Name": "Microsoft-Windows-Sysmon", "Provider_Guid": "{5770385f-c22a-43e0-bf4c-06f5698ffbd9}", "Provider": null, "EventID_Qualifiers": "", "EventID": "7", "Version": "3", "Level": "4", "Task": "7", "Opcode": "0", "Keywords": "0x8000000000000000", "TimeCreated_SystemTime": "2023-09-27 06:50:51.863642", "TimeCreated": null, "EventRecordID": "29897", "Correlation_ActivityID": "", "Correlation_RelatedActivityID": "", "Correlation": null, "Execution_ProcessID": "3368", "Execution_ThreadID": "3332", "Execution": null, "Channel": "Microsoft-Windows-Sysmon/Operational", "Computer": "DESKTOP-P5C3MUD", "Security_UserID": "S-1-5-18", "Security": null, "EventData_RuleName": "-", "EventData_UtcTime": "2023-09-27 06:50:51.858", "EventData_ProcessGuid": "{4557fbaa-d0cb-6513-7601-000000000e00}", "EventData_ProcessId": "1848", "EventData_Image": "C:\\Windows\\System32\\svchost.exe", "EventData_ImageLoaded": "C:\\Windows\\System32\\wldp.dll", "EventData_FileVersion": "10.0.19041.2788 (WinBuild.160101.0800)", "EventData_Description": "Windows Lockdown Policy", "EventData_Product": "Microsoft\u00ae Windows\u00ae Operating System", "EventData_Company": "Microsoft Corporation", "EventData_OriginalFileName": "wldp.dll", "EventData_Hashes": "SHA1=88AFA2EA7703C558D06798F7A93CF992C49C1028,MD5=E89E7F5165608EA403F2758742B38303,SHA256=DE8A5CED5AC9ADBF3F5B0887F87DFA31E9E94AE7663549C5DD540D9A0AE54CA8,IMPHASH=5A4375B6611409A6F1E5201B58E8D82F", "EventData_Signed": "true", "EventData_Signature": "Microsoft Windows", "EventData_SignatureStatus": "Valid", "EventData_User": "NT AUTHORITY\\SYSTEM"}
{"Provider_Name": "Microsoft-Windows-Sysmon", "Provider_Guid": "{5770385f-c22a-43e0-bf4c-06f5698ffbd9}", "Provider": null, "EventID_Qualifiers": "", "EventID": "7", "Version": "3", "Level": "4", "Task": "7", "Opcode": "0", "Keywords": "0x8000000000000000", "TimeCreated_SystemTime": "2023-09-27 06:50:51.863789", "TimeCreated": null, "EventRecordID": "29898", "Correlation_ActivityID": "", "Correlation_RelatedActivityID": "", "Correlation": null, "Execution_ProcessID": "3368", "Execution_ThreadID": "3332", "Execution": null, "Channel": "Microsoft-Windows-Sysmon/Operational", "Computer": "DESKTOP-P5C3MUD", "Security_UserID": "S-1-5-18", "Security": null, "EventData_RuleName": "-", "EventData_UtcTime": "2023-09-27 06:50:51.858", "EventData_ProcessGuid": "{4557fbaa-d0cb-6513-7601-000000000e00}", "EventData_ProcessId": "1848", "EventData_Image": "C:\\Windows\\System32\\svchost.exe", "EventData_ImageLoaded": "C:\\Windows\\System32\\advapi32.dll", "EventData_FileVersion": "10.0.19041.3393 (WinBuild.160101.0800)", "EventData_Description": "Advanced Windows 32 Base API", "EventData_Product": "Microsoft\u00ae Windows\u00ae Operating System", "EventData_Company": "Microsoft Corporation", "EventData_OriginalFileName": "advapi32.dll", "EventData_Hashes": "SHA1=3489CD6055ED93368D2B2425E16B5EC8D217765E,MD5=D9EA51D6491617082AE6F68673211EBB,SHA256=3D927DE857F39B2953527100FF7B4AA507E959BF233D03B47299B19DE9755CB6,IMPHASH=06386997D444E0E8F791C29BE0E7A843", "EventData_Signed": "true", "EventData_Signature": "Microsoft Windows", "EventData_SignatureStatus": "Valid", "EventData_User": "NT AUTHORITY\\SYSTEM"}
{"Provider_Name": "Microsoft-Windows-Sysmon", "Provider_Guid": "{5770385f-c22a-43e0-bf4c-06f5698ffbd9}", "Provider": null, "EventID_Qualifiers": "", "EventID": "7", "Version": "3", "Level": "4", "Task": "7", "Opcode": "0", "Keywords": "0x8000000000000000", "TimeCreated_SystemTime": "2023-09-27 06:50:51.870226", "TimeCreated": null, "EventRecordID": "29899", "Correlation_ActivityID": "", "Correlation_RelatedActivityID": "", "Correlation": null, "Execution_ProcessID": "3368", "Execution_ThreadID": "3332", "Execution": null, "Channel": "Microsoft-Windows-Sysmon/Operational", "Computer": "DESKTOP-P5C3MUD", "Security_UserID": "S-1-5-18", "Security": null, "EventData_RuleName": "-", "EventData_UtcTime": "2023-09-27 06:50:51.858", "EventData_ProcessGuid": "{4557fbaa-d0cb-6513-7601-000000000e00}", "EventData_ProcessId": "1848", "EventData_Image": "C:\\Windows\\System32\\svchost.exe", "EventData_ImageLoaded": "C:\\Windows\\System32\\wtsapi32.dll", "EventData_FileVersion": "10.0.19041.546 (WinBuild.160101.0800)", "EventData_Description": "Windows Remote Desktop Session Host Server SDK APIs", "EventData_Product": "Microsoft\u00ae Windows\u00ae Operating System", "EventData_Company": "Microsoft Corporation", "EventData_OriginalFileName": "wtsapi32.dll", "EventData_Hashes": "SHA1=F4B972ED5FEE471BDFB01B195C58F2D341299B93,MD5=2E8BC179A27B230AF644C81C956A7627,SHA256=1033414B92FE745FB7FD75CAB631FE253A55E390E11BAB0093AAD0D55A1734BE,IMPHASH=1D3A55F1B05A4AA4D327269FDE13BA58", "EventData_Signed": "true", "EventData_Signature": "Microsoft Windows", "EventData_SignatureStatus": "Valid", "EventData_User": "NT AUTHORITY\\SYSTEM"}
{"Provider_Name": "Microsoft-Windows-Sysmon", "Provider_Guid": "{5770385f-c22a-43e0-bf4c-06f5698ffbd9}", "Provider": null, "EventID_Qualifiers": "", "EventID": "7", "Version": "3", "Level": "4", "Task": "7", "Opcode": "0", "Keywords": "0x8000000000000000", "TimeCreated_SystemTime": "2023-09-27 06:50:51.870989", "TimeCreated": null, "EventRecordID": "29900", "Correlation_ActivityID": "", "Correlation_RelatedActivityID": "", "Correlation": null, "Execution_ProcessID": "3368", "Execution_ThreadID": "3332", "Execution": null, "Channel": "Microsoft-Windows-Sysmon/Operational", "Computer": "DESKTOP-P5C3MUD", "Security_UserID": "S-1-5-18", "Security": null, "EventData_RuleName": "-", "EventData_UtcTime": "2023-09-27 06:50:51.858", "EventData_ProcessGuid": "{4557fbaa-d0cb-6513-7601-000000000e00}", "EventData_ProcessId": "1848", "EventData_Image": "C:\\Windows\\System32\\svchost.exe", "EventData_ImageLoaded": "C:\\Windows\\System32\\mpr.dll", "EventData_FileVersion": "10.0.19041.1806 (WinBuild.160101.0800)", "EventData_Description": "Multiple Provider Router DLL", "EventData_Product": "Microsoft\u00ae Windows\u00ae Operating System", "EventData_Company": "Microsoft Corporation", "EventData_OriginalFileName": "mpr.dll", "EventData_Hashes": "SHA1=FF650D0200AC5D1BA08A447F2B30F13F3100C413,MD5=80118FD65755C2EED8775C895A4C2B43,SHA256=02B57C49D529175955AF1BB8E8CDC4E125A9A92940F207FFD18681925A76CCCF,IMPHASH=20A055C902A467D5D15649CFA6502CED", "EventData_Signed": "true", "EventData_Signature": "Microsoft Windows", "EventData_SignatureStatus": "Valid", "EventData_User": "NT AUTHORITY\\SYSTEM"}
{"Provider_Name": "Microsoft-Windows-Sysmon", "Provider_Guid": "{5770385f-c22a-43e0-bf4c-06f5698ffbd9}", "Provider": null, "EventID_Qualifiers": "", "EventID": "7", "Version": "3", "Level": "4", "Task": "7", "Opcode": "0", "Keywords": "0x8000000000000000", "TimeCreated_SystemTime": "2023-09-27 06:50:51.872679", "TimeCreated": null, "EventRecordID": "29901", "Correlation_ActivityID": "", "Correlation_RelatedActivityID": "", "Correlation": null, "Execution_ProcessID": "3368", "Execution_ThreadID": "888", "Execution": null, "Channel": "Microsoft-Windows-Sysmon/Operational", "Computer": "DESKTOP-P5C3MUD", "Security_UserID": "S-1-5-18", "Security": null, "EventData_RuleName": "-", "EventData_UtcTime": "2023-09-27 06:50:51.858", "EventData_ProcessGuid": "{4557fbaa-d0cb-6513-7601-000000000e00}", "EventData_ProcessId": "1848", "EventData_Image": "C:\\Windows\\System32\\svchost.exe", "EventData_ImageLoaded": "C:\\Windows\\System32\\wdi.dll", "EventData_FileVersion": "10.0.19041.1 (WinBuild.160101.0800)", "EventData_Description": "Windows Diagnostic Infrastructure", "EventData_Product": "Microsoft\u00ae Windows\u00ae Operating System", "EventData_Company": "Microsoft Corporation", "EventData_OriginalFileName": "wdi.dll", "EventData_Hashes": "SHA1=E6250B2107824B4398AE408925C10B7AF9799C99,MD5=BB37AF6E45E0F69222E057A74B4AFE1E,SHA256=4662064205BEC0DB7B10F1412E0A09A6E5E3B16DE443AEF7F79ACA3ACE24A51D,IMPHASH=F5F0239F47BAC201511EE4D14D60CB60", "EventData_Signed": "true", "EventData_Signature": "Microsoft Windows", "EventData_SignatureStatus": "Valid", "EventData_User": "NT AUTHORITY\\SYSTEM"}
{"Provider_Name": "Microsoft-Windows-Sysmon", "Provider_Guid": "{5770385f-c22a-43e0-bf4c-06f5698ffbd9}", "Provider": null, "EventID_Qualifiers": "", "EventID": "7", "Version": "3", "Level": "4", "Task": "7", "Opcode": "0", "Keywords": "0x8000000000000000", "TimeCreated_SystemTime": "2023-09-27 06:50:51.886488", "TimeCreated": null, "EventRecordID": "29902", "Correlation_ActivityID": "", "Correlation_RelatedActivityID": "", "Correlation": null, "Execution_ProcessID": "3368", "Execution_ThreadID": "888", "Execution": null, "Channel": "Microsoft-Windows-Sysmon/Operational", "Computer": "DESKTOP-P5C3MUD", "Security_UserID": "S-1-5-18", "Security": null, "EventData_RuleName": "-", "EventData_UtcTime": "2023-09-27 06:50:51.858", "EventData_ProcessGuid": "{4557fbaa-d0cb-6513-7601-000000000e00}", "EventData_ProcessId": "1848", "EventData_Image": "C:\\Windows\\System32\\svchost.exe", "EventData_ImageLoaded": "C:\\Windows\\System32\\pcadm.dll", "EventData_FileVersion": "10.0.19041.3393 (WinBuild.160101.0800)", "EventData_Description": "Program Compatibility Assistant Diagnostic Module", "EventData_Product": "Microsoft\u00ae Windows\u00ae Operating System", "EventData_Company": "Microsoft Corporation", "EventData_OriginalFileName": "pcadm.dll", "EventData_Hashes": "SHA1=EE125147438F819DFA64B3E764127226FE57EF0B,MD5=E879A7B676BD6848AB0564F54260B8DC,SHA256=74A235930D8436315EDD15E4A8F01F19B97183E013143284D673B9A1AAF8A738,IMPHASH=EF9D9440D248F88A762955F418465A38", "EventData_Signed": "true", "EventData_Signature": "Microsoft Windows", "EventData_SignatureStatus": "Valid", "EventData_User": "NT AUTHORITY\\SYSTEM"}
{"Provider_Name": "Microsoft-Windows-Sysmon", "Provider_Guid": "{5770385f-c22a-43e0-bf4c-06f5698ffbd9}", "Provider": null, "EventID_Qualifiers": "", "EventID": "7", "Version": "3", "Level": "4", "Task": "7", "Opcode": "0", "Keywords": "0x8000000000000000", "TimeCreated_SystemTime": "2023-09-27 06:50:51.893841", "TimeCreated": null, "EventRecordID": "29903", "Correlation_ActivityID": "", "Correlation_RelatedActivityID": "", "Correlation": null, "Execution_ProcessID": "3368", "Execution_ThreadID": "888", "Execution": null, "Channel": "Microsoft-Windows-Sysmon/Operational", "Computer": "DESKTOP-P5C3MUD", "Security_UserID": "S-1-5-18", "Security": null, "EventData_RuleName": "-", "EventData_UtcTime": "2023-09-27 06:50:51.858", "EventData_ProcessGuid": "{4557fbaa-d0cb-6513-7601-000000000e00}", "EventData_ProcessId": "1848", "EventData_Image": "C:\\Windows\\System32\\svchost.exe", "EventData_ImageLoaded": "C:\\Windows\\System32\\pcacli.dll", "EventData_FileVersion": "10.0.19041.546 (WinBuild.160101.0800)", "EventData_Description": "Program Compatibility Assistant Client Module", "EventData_Product": "Microsoft\u00ae Windows\u00ae Operating System", "EventData_Company": "Microsoft Corporation", "EventData_OriginalFileName": "-", "EventData_Hashes": "SHA1=1E8FCB8551D18B1C777D3C8F88D117D00884D562,MD5=AC9A1D6AE55762A7ED1B139562BEAA66,SHA256=9D97B0901ECE09E1B2D5662E8646777BDAB3762EA73F8A1C1B9396E5848B7D36,IMPHASH=FC866F1C6B18B3EF54FD042300F51C84", "EventData_Signed": "true", "EventData_Signature": "Microsoft Windows", "EventData_SignatureStatus": "Valid", "EventData_User": "NT AUTHORITY\\SYSTEM"}
{"Provider_Name": "Microsoft-Windows-Sysmon", "Provider_Guid": "{5770385f-c22a-43e0-bf4c-06f5698ffbd9}", "Provider": null, "EventID_Qualifiers": "", "EventID": "5", "Version": "3", "Level": "4", "Task": "5", "Opcode": "0", "Keywords": "0x8000000000000000", "TimeCreated_SystemTime": "2023-09-27 06:50:52.703533", "TimeCreated": null, "EventRecordID": "29904", "Correlation_ActivityID": "", "Correlation_RelatedActivityID": "", "Correlation": null, "Execution_ProcessID": "3368", "Execution_ThreadID": "3332", "Execution": null, "Channel": "Microsoft-Windows-Sysmon/Operational", "Computer": "DESKTOP-P5C3MUD", "Security_UserID": "S-1-5-18", "Security": null, "EventData_RuleName": "-", "EventData_UtcTime": "2023-09-27 06:50:52.701", "EventData_ProcessGuid": "{4557fbaa-d0ad-6513-7201-000000000e00}", "EventData_ProcessId": "10208", "EventData_Image": "C:\\Program Files (x86)\\Microsoft\\Edge\\Application\\msedge.exe", "EventData_User": "DESKTOP-P5C3MUD\\user"}
{"Provider_Name": "Microsoft-Windows-Sysmon", "Provider_Guid": "{5770385f-c22a-43e0-bf4c-06f5698ffbd9}", "Provider": null, "EventID_Qualifiers": "", "EventID": "13", "Version": "2", "Level": "4", "Task": "13", "Opcode": "0", "Keywords": "0x8000000000000000", "TimeCreated_SystemTime": "2023-09-27 06:50:52.703680", "TimeCreated": null, "EventRecordID": "29905", "Correlation_ActivityID": "", "Correlation_RelatedActivityID": "", "Correlation": null, "Execution_ProcessID": "3368", "Execution_ThreadID": "3332", "Execution": null, "Channel": "Microsoft-Windows-Sysmon/Operational", "Computer": "DESKTOP-P5C3MUD", "Security_UserID": "S-1-5-18", "Security": null, "EventData_RuleName": "-", "EventData_EventType": "SetValue", "EventData_UtcTime": "2023-09-27 06:50:52.701", "EventData_ProcessGuid": "{4557fbaa-d0ad-6513-7201-000000000e00}", "EventData_ProcessId": "10208", "EventData_Image": "C:\\Program Files (x86)\\Microsoft\\Edge\\Application\\msedge.exe", "EventData_TargetObject": "HKLM\\System\\CurrentControlSet\\Services\\bam\\State\\UserSettings\\S-1-5-21-2994737283-653069417-2221972583-1001\\\\Device\\HarddiskVolume3\\Program Files (x86)\\Microsoft\\Edge\\Application\\msedge.exe", "EventData_Details": "Binary Data", "EventData_User": "DESKTOP-P5C3MUD\\user"}
{"Provider_Name": "Microsoft-Windows-Sysmon", "Provider_Guid": "{5770385f-c22a-43e0-bf4c-06f5698ffbd9}", "Provider": null, "EventID_Qualifiers": "", "EventID": "13", "Version": "2", "Level": "4", "Task": "13", "Opcode": "0", "Keywords": "0x8000000000000000", "TimeCreated_SystemTime": "2023-09-27 06:50:52.871290", "TimeCreated": null, "EventRecordID": "29906", "Correlation_ActivityID": "", "Correlation_RelatedActivityID": "", "Correlation": null, "Execution_ProcessID": "3368", "Execution_ThreadID": "3332", "Execution": null, "Channel": "Microsoft-Windows-Sysmon/Operational", "Computer": "DESKTOP-P5C3MUD", "Security_UserID": "S-1-5-18", "Security": null, "EventData_RuleName": "-", "EventData_EventType": "SetValue", "EventData_UtcTime": "2023-09-27 06:50:52.858", "EventData_ProcessGuid": "{4557fbaa-ce30-6513-4d00-000000000e00}", "EventData_ProcessId": "3336", "EventData_Image": "C:\\ProgramData\\Microsoft\\Windows Defender\\Platform\\4.18.23080.2006-0\\MsMpEng.exe", "EventData_TargetObject": "HKLM\\SOFTWARE\\Microsoft\\Windows Defender\\Reporting\\SigUpdateTimestampsSinceLastHB", "EventData_Details": "(Empty)", "EventData_User": "NT AUTHORITY\\SYSTEM"}
{"Provider_Name": "Microsoft-Windows-Sysmon", "Provider_Guid": "{5770385f-c22a-43e0-bf4c-06f5698ffbd9}", "Provider": null, "EventID_Qualifiers": "", "EventID": "12", "Version": "2", "Level": "4", "Task": "12", "Opcode": "0", "Keywords": "0x8000000000000000", "TimeCreated_SystemTime": "2023-09-27 06:50:52.875435", "TimeCreated": null, "EventRecordID": "29907", "Correlation_ActivityID": "", "Correlation_RelatedActivityID": "", "Correlation": null, "Execution_ProcessID": "3368", "Execution_ThreadID": "3332", "Execution": null, "Channel": "Microsoft-Windows-Sysmon/Operational", "Computer": "DESKTOP-P5C3MUD", "Security_UserID": "S-1-5-18", "Security": null, "EventData_RuleName": "-", "EventData_EventType": "CreateKey", "EventData_UtcTime": "2023-09-27 06:50:52.873", "EventData_ProcessGuid": "{4557fbaa-ce30-6513-4d00-000000000e00}", "EventData_ProcessId": "3336", "EventData_Image": "C:\\ProgramData\\Microsoft\\Windows Defender\\Platform\\4.18.23080.2006-0\\MsMpEng.exe", "EventData_TargetObject": "HKU\\.DEFAULT\\Software\\Microsoft\\Windows Defender", "EventData_User": "NT AUTHORITY\\SYSTEM"}
{"Provider_Name": "Microsoft-Windows-Sysmon", "Provider_Guid": "{5770385f-c22a-43e0-bf4c-06f5698ffbd9}", "Provider": null, "EventID_Qualifiers": "", "EventID": "12", "Version": "2", "Level": "4", "Task": "12", "Opcode": "0", "Keywords": "0x8000000000000000", "TimeCreated_SystemTime": "2023-09-27 06:50:52.875462", "TimeCreated": null, "EventRecordID": "29908", "Correlation_ActivityID": "", "Correlation_RelatedActivityID": "", "Correlation": null, "Execution_ProcessID": "3368", "Execution_ThreadID": "3332", "Execution": null, "Channel": "Microsoft-Windows-Sysmon/Operational", "Computer": "DESKTOP-P5C3MUD", "Security_UserID": "S-1-5-18", "Security": null, "EventData_RuleName": "-", "EventData_EventType": "CreateKey", "EventData_UtcTime": "2023-09-27 06:50:52.873", "EventData_ProcessGuid": "{4557fbaa-ce30-6513-4d00-000000000e00}", "EventData_ProcessId": "3336", "EventData_Image": "C:\\ProgramData\\Microsoft\\Windows Defender\\Platform\\4.18.23080.2006-0\\MsMpEng.exe", "EventData_TargetObject": "HKU\\.DEFAULT\\Software\\Microsoft\\Windows Defender", "EventData_User": "NT AUTHORITY\\SYSTEM"}
{"Provider_Name": "Microsoft-Windows-Sysmon", "Provider_Guid": "{5770385f-c22a-43e0-bf4c-06f5698ffbd9}", "Provider": null, "EventID_Qualifiers": "", "EventID": "12", "Version": "2", "Level": "4", "Task": "12", "Opcode": "0", "Keywords": "0x8000000000000000", "TimeCreated_SystemTime": "2023-09-27 06:50:53.062683", "TimeCreated": null, "EventRecordID": "29909", "Correlation_ActivityID": "", "Correlation_RelatedActivityID": "", "Correlation": null, "Execution_ProcessID": "3368", "Execution_ThreadID": "3332", "Execution": null, "Channel": "Microsoft-Windows-Sysmon/Operational", "Computer": "DESKTOP-P5C3MUD", "Security_UserID": "S-1-5-18", "Security": null, "EventData_RuleName": "-", "EventData_EventType": "CreateKey", "EventData_UtcTime": "2023-09-27 06:50:53.061", "EventData_ProcessGuid": "{4557fbaa-ce38-6513-8800-000000000e00}", "EventData_ProcessId": "5556", "EventData_Image": "C:\\Windows\\Explorer.EXE", "EventData_TargetObject": "HKU\\S-1-5-21-2994737283-653069417-2221972583-1001\\SOFTWARE", "EventData_User": "DESKTOP-P5C3MUD\\user"}
{"Provider_Name": "Microsoft-Windows-Sysmon", "Provider_Guid": "{5770385f-c22a-43e0-bf4c-06f5698ffbd9}", "Provider": null, "EventID_Qualifiers": "", "EventID": "12", "Version": "2", "Level": "4", "Task": "12", "Opcode": "0", "Keywords": "0x8000000000000000", "TimeCreated_SystemTime": "2023-09-27 06:50:53.062708", "TimeCreated": null, "EventRecordID": "29910", "Correlation_ActivityID": "", "Correlation_RelatedActivityID": "", "Correlation": null, "Execution_ProcessID": "3368", "Execution_ThreadID": "3332", "Execution": null, "Channel": "Microsoft-Windows-Sysmon/Operational", "Computer": "DESKTOP-P5C3MUD", "Security_UserID": "S-1-5-18", "Security": null, "EventData_RuleName": "-", "EventData_EventType": "CreateKey", "EventData_UtcTime": "2023-09-27 06:50:53.061", "EventData_ProcessGuid": "{4557fbaa-ce38-6513-8800-000000000e00}", "EventData_ProcessId": "5556", "EventData_Image": "C:\\Windows\\Explorer.EXE", "EventData_TargetObject": "HKU\\S-1-5-21-2994737283-653069417-2221972583-1001\\SOFTWARE\\Policies", "EventData_User": "DESKTOP-P5C3MUD\\user"}
{"Provider_Name": "Microsoft-Windows-Sysmon", "Provider_Guid": "{5770385f-c22a-43e0-bf4c-06f5698ffbd9}", "Provider": null, "EventID_Qualifiers": "", "EventID": "12", "Version": "2", "Level": "4", "Task": "12", "Opcode": "0", "Keywords": "0x8000000000000000", "TimeCreated_SystemTime": "2023-09-27 06:50:53.062767", "TimeCreated": null, "EventRecordID": "29911", "Correlation_ActivityID": "", "Correlation_RelatedActivityID": "", "Correlation": null, "Execution_ProcessID": "3368", "Execution_ThreadID": "3332", "Execution": null, "Channel": "Microsoft-Windows-Sysmon/Operational", "Computer": "DESKTOP-P5C3MUD", "Security_UserID": "S-1-5-18", "Security": null, "EventData_RuleName": "-", "EventData_EventType": "CreateKey", "EventData_UtcTime": "2023-09-27 06:50:53.061", "EventData_ProcessGuid": "{4557fbaa-ce38-6513-8800-000000000e00}", "EventData_ProcessId": "5556", "EventData_Image": "C:\\Windows\\Explorer.EXE", "EventData_TargetObject": "HKU\\S-1-5-21-2994737283-653069417-2221972583-1001\\SOFTWARE\\Policies\\Microsoft", "EventData_User": "DESKTOP-P5C3MUD\\user"}
{"Provider_Name": "Microsoft-Windows-Sysmon", "Provider_Guid": "{5770385f-c22a-43e0-bf4c-06f5698ffbd9}", "Provider": null, "EventID_Qualifiers": "", "EventID": "12", "Version": "2", "Level": "4", "Task": "12", "Opcode": "0", "Keywords": "0x8000000000000000", "TimeCreated_SystemTime": "2023-09-27 06:50:53.062790", "TimeCreated": null, "EventRecordID": "29912", "Correlation_ActivityID": "", "Correlation_RelatedActivityID": "", "Correlation": null, "Execution_ProcessID": "3368", "Execution_ThreadID": "3332", "Execution": null, "Channel": "Microsoft-Windows-Sysmon/Operational", "Computer": "DESKTOP-P5C3MUD", "Security_UserID": "S-1-5-18", "Security": null, "EventData_RuleName": "-", "EventData_EventType": "CreateKey", "EventData_UtcTime": "2023-09-27 06:50:53.061", "EventData_ProcessGuid": "{4557fbaa-ce38-6513-8800-000000000e00}", "EventData_ProcessId": "5556", "EventData_Image": "C:\\Windows\\Explorer.EXE", "EventData_TargetObject": "HKU\\S-1-5-21-2994737283-653069417-2221972583-1001\\SOFTWARE\\Policies\\Microsoft\\SystemCertificates", "EventData_User": "DESKTOP-P5C3MUD\\user"}
{"Provider_Name": "Microsoft-Windows-Sysmon", "Provider_Guid": "{5770385f-c22a-43e0-bf4c-06f5698ffbd9}", "Provider": null, "EventID_Qualifiers": "", "EventID": "12", "Version": "2", "Level": "4", "Task": "12", "Opcode": "0", "Keywords": "0x8000000000000000", "TimeCreated_SystemTime": "2023-09-27 06:50:53.062874", "TimeCreated": null, "EventRecordID": "29913", "Correlation_ActivityID": "", "Correlation_RelatedActivityID": "", "Correlation": null, "Execution_ProcessID": "3368", "Execution_ThreadID": "3332", "Execution": null, "Channel": "Microsoft-Windows-Sysmon/Operational", "Computer": "DESKTOP-P5C3MUD", "Security_UserID": "S-1-5-18", "Security": null, "EventData_RuleName": "-", "EventData_EventType": "CreateKey", "EventData_UtcTime": "2023-09-27 06:50:53.061", "EventData_ProcessGuid": "{4557fbaa-ce38-6513-8800-000000000e00}", "EventData_ProcessId": "5556", "EventData_Image": "C:\\Windows\\Explorer.EXE", "EventData_TargetObject": "HKLM\\SOFTWARE", "EventData_User": "DESKTOP-P5C3MUD\\user"}
{"Provider_Name": "Microsoft-Windows-Sysmon", "Provider_Guid": "{5770385f-c22a-43e0-bf4c-06f5698ffbd9}", "Provider": null, "EventID_Qualifiers": "", "EventID": "12", "Version": "2", "Level": "4", "Task": "12", "Opcode": "0", "Keywords": "0x8000000000000000", "TimeCreated_SystemTime": "2023-09-27 06:50:53.062891", "TimeCreated": null, "EventRecordID": "29914", "Correlation_ActivityID": "", "Correlation_RelatedActivityID": "", "Correlation": null, "Execution_ProcessID": "3368", "Execution_ThreadID": "3332", "Execution": null, "Channel": "Microsoft-Windows-Sysmon/Operational", "Computer": "DESKTOP-P5C3MUD", "Security_UserID": "S-1-5-18", "Security": null, "EventData_RuleName": "-", "EventData_EventType": "CreateKey", "EventData_UtcTime": "2023-09-27 06:50:53.061", "EventData_ProcessGuid": "{4557fbaa-ce38-6513-8800-000000000e00}", "EventData_ProcessId": "5556", "EventData_Image": "C:\\Windows\\Explorer.EXE", "EventData_TargetObject": "HKLM\\SOFTWARE\\Microsoft", "EventData_User": "DESKTOP-P5C3MUD\\user"}
{"Provider_Name": "Microsoft-Windows-Sysmon", "Provider_Guid": "{5770385f-c22a-43e0-bf4c-06f5698ffbd9}", "Provider": null, "EventID_Qualifiers": "", "EventID": "12", "Version": "2", "Level": "4", "Task": "12", "Opcode": "0", "Keywords": "0x8000000000000000", "TimeCreated_SystemTime": "2023-09-27 06:50:53.062910", "TimeCreated": null, "EventRecordID": "29915", "Correlation_ActivityID": "", "Correlation_RelatedActivityID": "", "Correlation": null, "Execution_ProcessID": "3368", "Execution_ThreadID": "3332", "Execution": null, "Channel": "Microsoft-Windows-Sysmon/Operational", "Computer": "DESKTOP-P5C3MUD", "Security_UserID": "S-1-5-18", "Security": null, "EventData_RuleName": "-", "EventData_EventType": "CreateKey", "EventData_UtcTime": "2023-09-27 06:50:53.061", "EventData_ProcessGuid": "{4557fbaa-ce38-6513-8800-000000000e00}", "EventData_ProcessId": "5556", "EventData_Image": "C:\\Windows\\Explorer.EXE", "EventData_TargetObject": "HKLM\\SOFTWARE\\Microsoft\\SystemCertificates", "EventData_User": "DESKTOP-P5C3MUD\\user"}
{"Provider_Name": "Microsoft-Windows-Sysmon", "Provider_Guid": "{5770385f-c22a-43e0-bf4c-06f5698ffbd9}", "Provider": null, "EventID_Qualifiers": "", "EventID": "12", "Version": "2", "Level": "4", "Task": "12", "Opcode": "0", "Keywords": "0x8000000000000000", "TimeCreated_SystemTime": "2023-09-27 06:50:53.062963", "TimeCreated": null, "EventRecordID": "29916", "Correlation_ActivityID": "", "Correlation_RelatedActivityID": "", "Correlation": null, "Execution_ProcessID": "3368", "Execution_ThreadID": "3332", "Execution": null, "Channel": "Microsoft-Windows-Sysmon/Operational", "Computer": "DESKTOP-P5C3MUD", "Security_UserID": "S-1-5-18", "Security": null, "EventData_RuleName": "-", "EventData_EventType": "CreateKey", "EventData_UtcTime": "2023-09-27 06:50:53.061", "EventData_ProcessGuid": "{4557fbaa-ce38-6513-8800-000000000e00}", "EventData_ProcessId": "5556", "EventData_Image": "C:\\Windows\\Explorer.EXE", "EventData_TargetObject": "HKLM\\SOFTWARE", "EventData_User": "DESKTOP-P5C3MUD\\user"}
