{"Provider_Name": "Microsoft-Windows-Sysmon", "Provider_Guid": "{5770385f-c22a-43e0-bf4c-06f5698ffbd9}", "Provider": null, "EventID_Qualifiers": "", "EventID": "12", "Version": "2", "Level": "4", "Task": "12", "Opcode": "0", "Keywords": "0x8000000000000000", "TimeCreated_SystemTime": "2023-09-27 07:33:52.157362", "TimeCreated": null, "EventRecordID": "32428", "Correlation_ActivityID": "", "Correlation_RelatedActivityID": "", "Correlation": null, "Execution_ProcessID": "3408", "Execution_ThreadID": "1072", "Execution": null, "Channel": "Microsoft-Windows-Sysmon/Operational", "Computer": "DESKTOP-P5C3MUD", "Security_UserID": "S-1-5-18", "Security": null, "EventData_RuleName": "-", "EventData_EventType": "CreateKey", "EventData_UtcTime": "2023-09-27 07:33:52.156", "EventData_ProcessGuid": "{4557fbaa-d56c-6513-3b00-000000000f00}", "EventData_ProcessId": "2672", "EventData_Image": "C:\\Windows\\system32\\svchost.exe", "EventData_TargetObject": "HKU\\S-1-5-21-2994737283-653069417-2221972583-1001\\SOFTWARE\\Microsoft\\Windows\\CurrentVersion\\Internet Settings\\Connections", "EventData_User": "NT AUTHORITY\\LOCAL SERVICE"}
{"Provider_Name": "Microsoft-Windows-Sysmon", "Provider_Guid": "{5770385f-c22a-43e0-bf4c-06f5698ffbd9}", "Provider": null, "EventID_Qualifiers": "", "EventID": "12", "Version": "2", "Level": "4", "Task": "12", "Opcode": "0", "Keywords": "0x8000000000000000", "TimeCreated_SystemTime": "2023-09-27 07:33:52.157679", "TimeCreated": null, "EventRecordID": "32429", "Correlation_ActivityID": "", "Correlation_RelatedActivityID": "", "Correlation": null, "Execution_ProcessID": "3408", "Execution_ThreadID": "1072", "Execution": null, "Channel": "Microsoft-Windows-Sysmon/Operational", "Computer": "DESKTOP-P5C3MUD", "Security_UserID": "S-1-5-18", "Security": null, "EventData_RuleName": "-", "EventData_EventType": "CreateKey", "EventData_UtcTime": "2023-09-27 07:33:52.156", "EventData_ProcessGuid": "{4557fbaa-d56c-6513-3b00-000000000f00}", "EventData_ProcessId": "2672", "EventData_Image": "C:\\Windows\\system32\\svchost.exe", "EventData_TargetObject": "HKU\\S-1-5-21-2994737283-653069417-2221972583-1001\\SOFTWARE\\Microsoft\\Windows\\CurrentVersion\\Internet Settings\\Connections", "EventData_User": "NT AUTHORITY\\LOCAL SERVICE"}
{"Provider_Name": "Microsoft-Windows-Sysmon", "Provider_Guid": "{5770385f-c22a-43e0-bf4c-06f5698ffbd9}", "Provider": null, "EventID_Qualifiers": "", "EventID": "12", "Version": "2", "Level": "4", "Task": "12", "Opcode": "0", "Keywords": "0x8000000000000000", "TimeCreated_SystemTime": "2023-09-27 07:33:52.159840", "TimeCreated": null, "EventRecordID": "32430", "Correlation_ActivityID": "", "Correlation_RelatedActivityID": "", "Correlation": null, "Execution_ProcessID": "3408", "Execution_ThreadID": "1072", "Execution": null, "Channel": "Microsoft-Windows-Sysmon/Operational", "Computer": "DESKTOP-P5C3MUD", "Security_UserID": "S-1-5-18", "Security": null, "EventData_RuleName": "-", "EventData_EventType": "CreateKey", "EventData_UtcTime": "2023-09-27 07:33:52.158", "EventData_ProcessGuid": "{4557fbaa-d56c-6513-3b00-000000000f00}", "EventData_ProcessId": "2672", "EventData_Image": "C:\\Windows\\system32\\svchost.exe", "EventData_TargetObject": "HKU\\S-1-5-21-2994737283-653069417-2221972583-1001\\SOFTWARE\\Microsoft\\Windows\\CurrentVersion\\Internet Settings\\Connections", "EventData_User": "NT AUTHORITY\\LOCAL SERVICE"}
{"Provider_Name": "Microsoft-Windows-Sysmon", "Provider_Guid": "{5770385f-c22a-43e0-bf4c-06f5698ffbd9}", "Provider": null, "EventID_Qualifiers": "", "EventID": "7", "Version": "3", "Level": "4", "Task": "7", "Opcode": "0", "Keywords": "0x8000000000000000", "TimeCreated_SystemTime": "2023-09-27 07:33:52.160732", "TimeCreated": null, "EventRecordID": "32431", "Correlation_ActivityID": "", "Correlation_RelatedActivityID": "", "Correlation": null, "Execution_ProcessID": "3408", "Execution_ThreadID": "1072", "Execution": null, "Channel": "Microsoft-Windows-Sysmon/Operational", "Computer": "DESKTOP-P5C3MUD", "Security_UserID": "S-1-5-18", "Security": null, "EventData_RuleName": "-", "EventData_UtcTime": "2023-09-27 07:33:52.159", "EventData_ProcessGuid": "{4557fbaa-d592-6513-d700-000000000f00}", "EventData_ProcessId": "10936", "EventData_Image": "C:\\Windows\\System32\\ctfmon.exe", "EventData_ImageLoaded": "C:\\Windows\\System32\\crypt32.dll", "EventData_FileVersion": "10.0.19041.3271 (WinBuild.160101.0800)", "EventData_Description": "Crypto API32", "EventData_Product": "Microsoft\u00ae Windows\u00ae Operating System", "EventData_Company": "Microsoft Corporation", "EventData_OriginalFileName": "CRYPT32.DLL", "EventData_Hashes": "SHA1=12886AE3EDD4F2F47D33A5B0AB9FE75F159EA76C,MD5=DD4E169271A78E79737908FA8EAF2AD9,SHA256=0521F08CEC73C031E06EDC8DE246D01D106A6A11A4A7BD2E07594394CBFC7E8B,IMPHASH=A97F15D316311CED0251A5EF98AA3F9C", "EventData_Signed": "true", "EventData_Signature": "Microsoft Windows", "EventData_SignatureStatus": "Valid", "EventData_User": "DESKTOP-P5C3MUD\\user"}
{"Provider_Name": "Microsoft-Windows-Sysmon", "Provider_Guid": "{5770385f-c22a-43e0-bf4c-06f5698ffbd9}", "Provider": null, "EventID_Qualifiers": "", "EventID": "7", "Version": "3", "Level": "4", "Task": "7", "Opcode": "0", "Keywords": "0x8000000000000000", "TimeCreated_SystemTime": "2023-09-27 07:33:52.161440", "TimeCreated": null, "EventRecordID": "32432", "Correlation_ActivityID": "", "Correlation_RelatedActivityID": "", "Correlation": null, "Execution_ProcessID": "3408", "Execution_ThreadID": "1160", "Execution": null, "Channel": "Microsoft-Windows-Sysmon/Operational", "Computer": "DESKTOP-P5C3MUD", "Security_UserID": "S-1-5-18", "Security": null, "EventData_RuleName": "-", "EventData_UtcTime": "2023-09-27 07:33:52.156", "EventData_ProcessGuid": "{4557fbaa-d592-6513-d700-000000000f00}", "EventData_ProcessId": "10936", "EventData_Image": "C:\\Windows\\System32\\ctfmon.exe", "EventData_ImageLoaded": "C:\\Windows\\System32\\mswsock.dll", "EventData_FileVersion": "10.0.19041.546 (WinBuild.160101.0800)", "EventData_Description": "Microsoft Windows Sockets 2.0 Service Provider", "EventData_Product": "Microsoft\u00ae Windows\u00ae Operating System", "EventData_Company": "Microsoft Corporation", "EventData_OriginalFileName": "mswsock.dll", "EventData_Hashes": "SHA1=CBD9FD0961F47398DF85AE5D89D895C3737106DB,MD5=89CA286E36756DD0DDE53ACD953F44DC,SHA256=055F34466511DBEBA4F082B110216CE9C1C7F056D4F1440D62D5442971A7B1CC,IMPHASH=85208FF38F6A48DADE783C7E66C5BC22", "EventData_Signed": "true", "EventData_Signature": "Microsoft Windows", "EventData_SignatureStatus": "Valid", "EventData_User": "DESKTOP-P5C3MUD\\user"}
{"Provider_Name": "Microsoft-Windows-Sysmon", "Provider_Guid": "{5770385f-c22a-43e0-bf4c-06f5698ffbd9}", "Provider": null, "EventID_Qualifiers": "", "EventID": "7", "Version": "3", "Level": "4", "Task": "7", "Opcode": "0", "Keywords": "0x8000000000000000", "TimeCreated_SystemTime": "2023-09-27 07:33:52.162096", "TimeCreated": null, "EventRecordID": "32433", "Correlation_ActivityID": "", "Correlation_RelatedActivityID": "", "Correlation": null, "Execution_ProcessID": "3408", "Execution_ThreadID": "1072", "Execution": null, "Channel": "Microsoft-Windows-Sysmon/Operational", "Computer": "DESKTOP-P5C3MUD", "Security_UserID": "S-1-5-18", "Security": null, "EventData_RuleName": "-", "EventData_UtcTime": "2023-09-27 07:33:52.160", "EventData_ProcessGuid": "{4557fbaa-d592-6513-d700-000000000f00}", "EventData_ProcessId": "10936", "EventData_Image": "C:\\Windows\\System32\\ctfmon.exe", "EventData_ImageLoaded": "C:\\Windows\\System32\\msasn1.dll", "EventData_FileVersion": "10.0.19041.2251 (WinBuild.160101.0800)", "EventData_Description": "ASN.1 Runtime APIs", "EventData_Product": "Microsoft\u00ae Windows\u00ae Operating System", "EventData_Company": "Microsoft Corporation", "EventData_OriginalFileName": "msasn1.dll", "EventData_Hashes": "SHA1=9F5750E767BA361338AAF375C3979B5ECFD7174A,MD5=B3F03427FA6E44A575E1979E733A6087,SHA256=8E03923C164DEF7BD33DD418D1875393C8369584FCD29C4911DF6E554C47FE00,IMPHASH=F79599CA729D557E0381EC0A41471A27", "EventData_Signed": "true", "EventData_Signature": "Microsoft Windows", "EventData_SignatureStatus": "Valid", "EventData_User": "DESKTOP-P5C3MUD\\user"}
{"Provider_Name": "Microsoft-Windows-Sysmon", "Provider_Guid": "{5770385f-c22a-43e0-bf4c-06f5698ffbd9}", "Provider": null, "EventID_Qualifiers": "", "EventID": "7", "Version": "3", "Level": "4", "Task": "7", "Opcode": "0", "Keywords": "0x8000000000000000", "TimeCreated_SystemTime": "2023-09-27 07:33:52.162325", "TimeCreated": null, "EventRecordID": "32434", "Correlation_ActivityID": "", "Correlation_RelatedActivityID": "", "Correlation": null, "Execution_ProcessID": "3408", "Execution_ThreadID": "1072", "Execution": null, "Channel": "Microsoft-Windows-Sysmon/Operational", "Computer": "DESKTOP-P5C3MUD", "Security_UserID": "S-1-5-18", "Security": null, "EventData_RuleName": "-", "EventData_UtcTime": "2023-09-27 07:33:52.160", "EventData_ProcessGuid": "{4557fbaa-d592-6513-d700-000000000f00}", "EventData_ProcessId": "10936", "EventData_Image": "C:\\Windows\\System32\\ctfmon.exe", "EventData_ImageLoaded": "C:\\Windows\\System32\\wintrust.dll", "EventData_FileVersion": "10.0.19041.3271 (WinBuild.160101.0800)", "EventData_Description": "Microsoft Trust Verification APIs", "EventData_Product": "Microsoft\u00ae Windows\u00ae Operating System", "EventData_Company": "Microsoft Corporation", "EventData_OriginalFileName": "WINTRUST.DLL", "EventData_Hashes": "SHA1=45BD7550F1F3307FB01E9FCC4F287640C38ACD38,MD5=730AE641E56B7C6E116849D6CD89FED1,SHA256=67981C82249130D64CC409360DFAD7EF93219BEDE832B6A8206C82786ECF6600,IMPHASH=BB52467EED88435117F9681DE9C434AF", "EventData_Signed": "true", "EventData_Signature": "Microsoft Windows", "EventData_SignatureStatus": "Valid", "EventData_User": "DESKTOP-P5C3MUD\\user"}
{"Provider_Name": "Microsoft-Windows-Sysmon", "Provider_Guid": "{5770385f-c22a-43e0-bf4c-06f5698ffbd9}", "Provider": null, "EventID_Qualifiers": "", "EventID": "7", "Version": "3", "Level": "4", "Task": "7", "Opcode": "0", "Keywords": "0x8000000000000000", "TimeCreated_SystemTime": "2023-09-27 07:33:52.162554", "TimeCreated": null, "EventRecordID": "32435", "Correlation_ActivityID": "", "Correlation_RelatedActivityID": "", "Correlation": null, "Execution_ProcessID": "3408", "Execution_ThreadID": "1072", "Execution": null, "Channel": "Microsoft-Windows-Sysmon/Operational", "Computer": "DESKTOP-P5C3MUD", "Security_UserID": "S-1-5-18", "Security": null, "EventData_RuleName": "-", "EventData_UtcTime": "2023-09-27 07:33:52.161", "EventData_ProcessGuid": "{4557fbaa-d592-6513-d700-000000000f00}", "EventData_ProcessId": "10936", "EventData_Image": "C:\\Windows\\System32\\ctfmon.exe", "EventData_ImageLoaded": "C:\\Windows\\System32\\cryptsp.dll", "EventData_FileVersion": "10.0.19041.546 (WinBuild.160101.0800)", "EventData_Description": "Cryptographic Service Provider API", "EventData_Product": "Microsoft\u00ae Windows\u00ae Operating System", "EventData_Company": "Microsoft Corporation", "EventData_OriginalFileName": "cryptsp.dll", "EventData_Hashes": "SHA1=03AAA61CFDD8C9830383DEE534FC984EF0B815F7,MD5=A26D9BD5FE9F31F2D47F81EF95876749,SHA256=82027B8C6CE412F9C9731AF5E904291DAE944C3845EBFEF2AF86C8543C8AD5A7,IMPHASH=A9B9D04D0B53DC48ABB37BE77AD01B55", "EventData_Signed": "true", "EventData_Signature": "Microsoft Windows", "EventData_SignatureStatus": "Valid", "EventData_User": "DESKTOP-P5C3MUD\\user"}
{"Provider_Name": "Microsoft-Windows-Sysmon", "Provider_Guid": "{5770385f-c22a-43e0-bf4c-06f5698ffbd9}", "Provider": null, "EventID_Qualifiers": "", "EventID": "7", "Version": "3", "Level": "4", "Task": "7", "Opcode": "0", "Keywords": "0x8000000000000000", "TimeCreated_SystemTime": "2023-09-27 07:33:52.163090", "TimeCreated": null, "EventRecordID": "32436", "Correlation_ActivityID": "", "Correlation_RelatedActivityID": "", "Correlation": null, "Execution_ProcessID": "3408", "Execution_ThreadID": "1072", "Execution": null, "Channel": "Microsoft-Windows-Sysmon/Operational", "Computer": "DESKTOP-P5C3MUD", "Security_UserID": "S-1-5-18", "Security": null, "EventData_RuleName": "-", "EventData_UtcTime": "2023-09-27 07:33:52.161", "EventData_ProcessGuid": "{4557fbaa-d592-6513-d700-000000000f00}", "EventData_ProcessId": "10936", "EventData_Image": "C:\\Windows\\System32\\ctfmon.exe", "EventData_ImageLoaded": "C:\\Windows\\System32\\rsaenh.dll", "EventData_FileVersion": "10.0.19041.1052 (WinBuild.160101.0800)", "EventData_Description": "Microsoft Enhanced Cryptographic Provider", "EventData_Product": "Microsoft\u00ae Windows\u00ae Operating System", "EventData_Company": "Microsoft Corporation", "EventData_OriginalFileName": "rsaenh.dll", "EventData_Hashes": "SHA1=822C4FADBE633D524C6921CDF48848227FB60AB5,MD5=745A6645F03EFE4B893575565301E677,SHA256=C9FD8377D6C328B2F01C687DAC95E9005C8BB0A4AA230B12DAA7C3CD3367F19A,IMPHASH=A4C20B1A7B632846186AD47A0810709E", "EventData_Signed": "true", "EventData_Signature": "Microsoft Windows", "EventData_SignatureStatus": "Valid", "EventData_User": "DESKTOP-P5C3MUD\\user"}
{"Provider_Name": "Microsoft-Windows-Sysmon", "Provider_Guid": "{5770385f-c22a-43e0-bf4c-06f5698ffbd9}", "Provider": null, "EventID_Qualifiers": "", "EventID": "7", "Version": "3", "Level": "4", "Task": "7", "Opcode": "0", "Keywords": "0x8000000000000000", "TimeCreated_SystemTime": "2023-09-27 07:33:52.163260", "TimeCreated": null, "EventRecordID": "32437", "Correlation_ActivityID": "", "Correlation_RelatedActivityID": "", "Correlation": null, "Execution_ProcessID": "3408", "Execution_ThreadID": "1072", "Execution": null, "Channel": "Microsoft-Windows-Sysmon/Operational", "Computer": "DESKTOP-P5C3MUD", "Security_UserID": "S-1-5-18", "Security": null, "EventData_RuleName": "-", "EventData_UtcTime": "2023-09-27 07:33:52.161", "EventData_ProcessGuid": "{4557fbaa-d592-6513-d700-000000000f00}", "EventData_ProcessId": "10936", "EventData_Image": "C:\\Windows\\System32\\ctfmon.exe", "EventData_ImageLoaded": "C:\\Windows\\System32\\bcrypt.dll", "EventData_FileVersion": "10.0.19041.3208 (WinBuild.160101.0800)", "EventData_Description": "Windows Cryptographic Primitives Library", "EventData_Product": "Microsoft\u00ae Windows\u00ae Operating System", "EventData_Company": "Microsoft Corporation", "EventData_OriginalFileName": "bcrypt.dll", "EventData_Hashes": "SHA1=2E52850265489F1D7341A77DA07DC6B7DDF7CCD1,MD5=97E069C0F044C0488280A19297489A7F,SHA256=B44118094DFA7A100B42B338BCE94240616F253458AF74E205C864A756CD4F6E,IMPHASH=F8A5CF8F7AF31A59E7541332D16C6ABA", "EventData_Signed": "true", "EventData_Signature": "Microsoft Windows", "EventData_SignatureStatus": "Valid", "EventData_User": "DESKTOP-P5C3MUD\\user"}
{"Provider_Name": "Microsoft-Windows-Sysmon", "Provider_Guid": "{5770385f-c22a-43e0-bf4c-06f5698ffbd9}", "Provider": null, "EventID_Qualifiers": "", "EventID": "12", "Version": "2", "Level": "4", "Task": "12", "Opcode": "0", "Keywords": "0x8000000000000000", "TimeCreated_SystemTime": "2023-09-27 07:33:52.163584", "TimeCreated": null, "EventRecordID": "32438", "Correlation_ActivityID": "", "Correlation_RelatedActivityID": "", "Correlation": null, "Execution_ProcessID": "3408", "Execution_ThreadID": "1072", "Execution": null, "Channel": "Microsoft-Windows-Sysmon/Operational", "Computer": "DESKTOP-P5C3MUD", "Security_UserID": "S-1-5-18", "Security": null, "EventData_RuleName": "-", "EventData_EventType": "CreateKey", "EventData_UtcTime": "2023-09-27 07:33:52.162", "EventData_ProcessGuid": "{4557fbaa-d592-6513-d700-000000000f00}", "EventData_ProcessId": "10936", "EventData_Image": "C:\\Windows\\system32\\ctfmon.exe", "EventData_TargetObject": "HKLM\\SOFTWARE", "EventData_User": "DESKTOP-P5C3MUD\\user"}
{"Provider_Name": "Microsoft-Windows-Sysmon", "Provider_Guid": "{5770385f-c22a-43e0-bf4c-06f5698ffbd9}", "Provider": null, "EventID_Qualifiers": "", "EventID": "12", "Version": "2", "Level": "4", "Task": "12", "Opcode": "0", "Keywords": "0x8000000000000000", "TimeCreated_SystemTime": "2023-09-27 07:33:52.163601", "TimeCreated": null, "EventRecordID": "32439", "Correlation_ActivityID": "", "Correlation_RelatedActivityID": "", "Correlation": null, "Execution_ProcessID": "3408", "Execution_ThreadID": "1072", "Execution": null, "Channel": "Microsoft-Windows-Sysmon/Operational", "Computer": "DESKTOP-P5C3MUD", "Security_UserID": "S-1-5-18", "Security": null, "EventData_RuleName": "-", "EventData_EventType": "CreateKey", "EventData_UtcTime": "2023-09-27 07:33:52.162", "EventData_ProcessGuid": "{4557fbaa-d592-6513-d700-000000000f00}", "EventData_ProcessId": "10936", "EventData_Image": "C:\\Windows\\system32\\ctfmon.exe", "EventData_TargetObject": "HKLM\\SOFTWARE\\Microsoft", "EventData_User": "DESKTOP-P5C3MUD\\user"}
{"Provider_Name": "Microsoft-Windows-Sysmon", "Provider_Guid": "{5770385f-c22a-43e0-bf4c-06f5698ffbd9}", "Provider": null, "EventID_Qualifiers": "", "EventID": "12", "Version": "2", "Level": "4", "Task": "12", "Opcode": "0", "Keywords": "0x8000000000000000", "TimeCreated_SystemTime": "2023-09-27 07:33:52.163635", "TimeCreated": null, "EventRecordID": "32440", "Correlation_ActivityID": "", "Correlation_RelatedActivityID": "", "Correlation": null, "Execution_ProcessID": "3408", "Execution_ThreadID": "1072", "Execution": null, "Channel": "Microsoft-Windows-Sysmon/Operational", "Computer": "DESKTOP-P5C3MUD", "Security_UserID": "S-1-5-18", "Security": null, "EventData_RuleName": "-", "EventData_EventType": "CreateKey", "EventData_UtcTime": "2023-09-27 07:33:52.162", "EventData_ProcessGuid": "{4557fbaa-d592-6513-d700-000000000f00}", "EventData_ProcessId": "10936", "EventData_Image": "C:\\Windows\\system32\\ctfmon.exe", "EventData_TargetObject": "HKLM\\SOFTWARE\\Microsoft\\SystemCertificates", "EventData_User": "DESKTOP-P5C3MUD\\user"}
{"Provider_Name": "Microsoft-Windows-Sysmon", "Provider_Guid": "{5770385f-c22a-43e0-bf4c-06f5698ffbd9}", "Provider": null, "EventID_Qualifiers": "", "EventID": "12", "Version": "2", "Level": "4", "Task": "12", "Opcode": "0", "Keywords": "0x8000000000000000", "TimeCreated_SystemTime": "2023-09-27 07:33:52.163664", "TimeCreated": null, "EventRecordID": "32441", "Correlation_ActivityID": "", "Correlation_RelatedActivityID": "", "Correlation": null, "Execution_ProcessID": "3408", "Execution_ThreadID": "1072", "Execution": null, "Channel": "Microsoft-Windows-Sysmon/Operational", "Computer": "DESKTOP-P5C3MUD", "Security_UserID": "S-1-5-18", "Security": null, "EventData_RuleName": "-", "EventData_EventType": "CreateKey", "EventData_UtcTime": "2023-09-27 07:33:52.162", "EventData_ProcessGuid": "{4557fbaa-d592-6513-d700-000000000f00}", "EventData_ProcessId": "10936", "EventData_Image": "C:\\Windows\\system32\\ctfmon.exe", "EventData_TargetObject": "HKLM\\SOFTWARE", "EventData_User": "DESKTOP-P5C3MUD\\user"}
{"Provider_Name": "Microsoft-Windows-Sysmon", "Provider_Guid": "{5770385f-c22a-43e0-bf4c-06f5698ffbd9}", "Provider": null, "EventID_Qualifiers": "", "EventID": "12", "Version": "2", "Level": "4", "Task": "12", "Opcode": "0", "Keywords": "0x8000000000000000", "TimeCreated_SystemTime": "2023-09-27 07:33:52.163694", "TimeCreated": null, "EventRecordID": "32442", "Correlation_ActivityID": "", "Correlation_RelatedActivityID": "", "Correlation": null, "Execution_ProcessID": "3408", "Execution_ThreadID": "1072", "Execution": null, "Channel": "Microsoft-Windows-Sysmon/Operational", "Computer": "DESKTOP-P5C3MUD", "Security_UserID": "S-1-5-18", "Security": null, "EventData_RuleName": "-", "EventData_EventType": "CreateKey", "EventData_UtcTime": "2023-09-27 07:33:52.162", "EventData_ProcessGuid": "{4557fbaa-d592-6513-d700-000000000f00}", "EventData_ProcessId": "10936", "EventData_Image": "C:\\Windows\\system32\\ctfmon.exe", "EventData_TargetObject": "HKLM\\SOFTWARE\\Microsoft", "EventData_User": "DESKTOP-P5C3MUD\\user"}
{"Provider_Name": "Microsoft-Windows-Sysmon", "Provider_Guid": "{5770385f-c22a-43e0-bf4c-06f5698ffbd9}", "Provider": null, "EventID_Qualifiers": "", "EventID": "12", "Version": "2", "Level": "4", "Task": "12", "Opcode": "0", "Keywords": "0x8000000000000000", "TimeCreated_SystemTime": "2023-09-27 07:33:52.163725", "TimeCreated": null, "EventRecordID": "32443", "Correlation_ActivityID": "", "Correlation_RelatedActivityID": "", "Correlation": null, "Execution_ProcessID": "3408", "Execution_ThreadID": "1072", "Execution": null, "Channel": "Microsoft-Windows-Sysmon/Operational", "Computer": "DESKTOP-P5C3MUD", "Security_UserID": "S-1-5-18", "Security": null, "EventData_RuleName": "-", "EventData_EventType": "CreateKey", "EventData_UtcTime": "2023-09-27 07:33:52.162", "EventData_ProcessGuid": "{4557fbaa-d592-6513-d700-000000000f00}", "EventData_ProcessId": "10936", "EventData_Image": "C:\\Windows\\system32\\ctfmon.exe", "EventData_TargetObject": "HKLM\\SOFTWARE\\Microsoft\\SystemCertificates", "EventData_User": "DESKTOP-P5C3MUD\\user"}
{"Provider_Name": "Microsoft-Windows-Sysmon", "Provider_Guid": "{5770385f-c22a-43e0-bf4c-06f5698ffbd9}", "Provider": null, "EventID_Qualifiers": "", "EventID": "12", "Version": "2", "Level": "4", "Task": "12", "Opcode": "0", "Keywords": "0x8000000000000000", "TimeCreated_SystemTime": "2023-09-27 07:33:52.163767", "TimeCreated": null, "EventRecordID": "32444", "Correlation_ActivityID": "", "Correlation_RelatedActivityID": "", "Correlation": null, "Execution_ProcessID": "3408", "Execution_ThreadID": "1072", "Execution": null, "Channel": "Microsoft-Windows-Sysmon/Operational", "Computer": "DESKTOP-P5C3MUD", "Security_UserID": "S-1-5-18", "Security": null, "EventData_RuleName": "-", "EventData_EventType": "CreateKey", "EventData_UtcTime": "2023-09-27 07:33:52.162", "EventData_ProcessGuid": "{4557fbaa-d592-6513-d700-000000000f00}", "EventData_ProcessId": "10936", "EventData_Image": "C:\\Windows\\system32\\ctfmon.exe", "EventData_TargetObject": "HKLM\\SOFTWARE", "EventData_User": "DESKTOP-P5C3MUD\\user"}
{"Provider_Name": "Microsoft-Windows-Sysmon", "Provider_Guid": "{5770385f-c22a-43e0-bf4c-06f5698ffbd9}", "Provider": null, "EventID_Qualifiers": "", "EventID": "12", "Version": "2", "Level": "4", "Task": "12", "Opcode": "0", "Keywords": "0x8000000000000000", "TimeCreated_SystemTime": "2023-09-27 07:33:52.163795", "TimeCreated": null, "EventRecordID": "32445", "Correlation_ActivityID": "", "Correlation_RelatedActivityID": "", "Correlation": null, "Execution_ProcessID": "3408", "Execution_ThreadID": "1072", "Execution": null, "Channel": "Microsoft-Windows-Sysmon/Operational", "Computer": "DESKTOP-P5C3MUD", "Security_UserID": "S-1-5-18", "Security": null, "EventData_RuleName": "-", "EventData_EventType": "CreateKey", "EventData_UtcTime": "2023-09-27 07:33:52.162", "EventData_ProcessGuid": "{4557fbaa-d592-6513-d700-000000000f00}", "EventData_ProcessId": "10936", "EventData_Image": "C:\\Windows\\system32\\ctfmon.exe", "EventData_TargetObject": "HKLM\\SOFTWARE\\Microsoft", "EventData_User": "DESKTOP-P5C3MUD\\user"}
{"Provider_Name": "Microsoft-Windows-Sysmon", "Provider_Guid": "{5770385f-c22a-43e0-bf4c-06f5698ffbd9}", "Provider": null, "EventID_Qualifiers": "", "EventID": "12", "Version": "2", "Level": "4", "Task": "12", "Opcode": "0", "Keywords": "0x8000000000000000", "TimeCreated_SystemTime": "2023-09-27 07:33:52.163826", "TimeCreated": null, "EventRecordID": "32446", "Correlation_ActivityID": "", "Correlation_RelatedActivityID": "", "Correlation": null, "Execution_ProcessID": "3408", "Execution_ThreadID": "1072", "Execution": null, "Channel": "Microsoft-Windows-Sysmon/Operational", "Computer": "DESKTOP-P5C3MUD", "Security_UserID": "S-1-5-18", "Security": null, "EventData_RuleName": "-", "EventData_EventType": "CreateKey", "EventData_UtcTime": "2023-09-27 07:33:52.162", "EventData_ProcessGuid": "{4557fbaa-d592-6513-d700-000000000f00}", "EventData_ProcessId": "10936", "EventData_Image": "C:\\Windows\\system32\\ctfmon.exe", "EventData_TargetObject": "HKLM\\SOFTWARE\\Microsoft\\SystemCertificates", "EventData_User": "DESKTOP-P5C3MUD\\user"}
{"Provider_Name": "Microsoft-Windows-Sysmon", "Provider_Guid": "{5770385f-c22a-43e0-bf4c-06f5698ffbd9}", "Provider": null, "EventID_Qualifiers": "", "EventID": "12", "Version": "2", "Level": "4", "Task": "12", "Opcode": "0", "Keywords": "0x8000000000000000", "TimeCreated_SystemTime": "2023-09-27 07:33:52.163868", "TimeCreated": null, "EventRecordID": "32447", "Correlation_ActivityID": "", "Correlation_RelatedActivityID": "", "Correlation": null, "Execution_ProcessID": "3408", "Execution_ThreadID": "1072", "Execution": null, "Channel": "Microsoft-Windows-Sysmon/Operational", "Computer": "DESKTOP-P5C3MUD", "Security_UserID": "S-1-5-18", "Security": null, "EventData_RuleName": "-", "EventData_EventType": "CreateKey", "EventData_UtcTime": "2023-09-27 07:33:52.162", "EventData_ProcessGuid": "{4557fbaa-d592-6513-d700-000000000f00}", "EventData_ProcessId": "10936", "EventData_Image": "C:\\Windows\\system32\\ctfmon.exe", "EventData_TargetObject": "HKLM\\SOFTWARE", "EventData_User": "DESKTOP-P5C3MUD\\user"}
{"Provider_Name": "Microsoft-Windows-Sysmon", "Provider_Guid": "{5770385f-c22a-43e0-bf4c-06f5698ffbd9}", "Provider": null, "EventID_Qualifiers": "", "EventID": "12", "Version": "2", "Level": "4", "Task": "12", "Opcode": "0", "Keywords": "0x8000000000000000", "TimeCreated_SystemTime": "2023-09-27 07:33:52.164093", "TimeCreated": null, "EventRecordID": "32448", "Correlation_ActivityID": "", "Correlation_RelatedActivityID": "", "Correlation": null, "Execution_ProcessID": "3408", "Execution_ThreadID": "1072", "Execution": null, "Channel": "Microsoft-Windows-Sysmon/Operational", "Computer": "DESKTOP-P5C3MUD", "Security_UserID": "S-1-5-18", "Security": null, "EventData_RuleName": "-", "EventData_EventType": "CreateKey", "EventData_UtcTime": "2023-09-27 07:33:52.162", "EventData_ProcessGuid": "{4557fbaa-d592-6513-d700-000000000f00}", "EventData_ProcessId": "10936", "EventData_Image": "C:\\Windows\\system32\\ctfmon.exe", "EventData_TargetObject": "HKLM\\SOFTWARE\\Microsoft", "EventData_User": "DESKTOP-P5C3MUD\\user"}
{"Provider_Name": "Microsoft-Windows-Sysmon", "Provider_Guid": "{5770385f-c22a-43e0-bf4c-06f5698ffbd9}", "Provider": null, "EventID_Qualifiers": "", "EventID": "12", "Version": "2", "Level": "4", "Task": "12", "Opcode": "0", "Keywords": "0x8000000000000000", "TimeCreated_SystemTime": "2023-09-27 07:33:52.164118", "TimeCreated": null, "EventRecordID": "32449", "Correlation_ActivityID": "", "Correlation_RelatedActivityID": "", "Correlation": null, "Execution_ProcessID": "3408", "Execution_ThreadID": "1072", "Execution": null, "Channel": "Microsoft-Windows-Sysmon/Operational", "Computer": "DESKTOP-P5C3MUD", "Security_UserID": "S-1-5-18", "Security": null, "EventData_RuleName": "-", "EventData_EventType": "CreateKey", "EventData_UtcTime": "2023-09-27 07:33:52.162", "EventData_ProcessGuid": "{4557fbaa-d592-6513-d700-000000000f00}", "EventData_ProcessId": "10936", "EventData_Image": "C:\\Windows\\system32\\ctfmon.exe", "EventData_TargetObject": "HKLM\\SOFTWARE\\Microsoft\\EnterpriseCertificates", "EventData_User": "DESKTOP-P5C3MUD\\user"}
{"Provider_Name": "Microsoft-Windows-Sysmon", "Provider_Guid": "{5770385f-c22a-43e0-bf4c-06f5698ffbd9}", "Provider": null, "EventID_Qualifiers": "", "EventID": "12", "Version": "2", "Level": "4", "Task": "12", "Opcode": "0", "Keywords": "0x8000000000000000", "TimeCreated_SystemTime": "2023-09-27 07:33:52.164143", "TimeCreated": null, "EventRecordID": "32450", "Correlation_ActivityID": "", "Correlation_RelatedActivityID": "", "Correlation": null, "Execution_ProcessID": "3408", "Execution_ThreadID": "1072", "Execution": null, "Channel": "Microsoft-Windows-Sysmon/Operational", "Computer": "DESKTOP-P5C3MUD", "Security_UserID": "S-1-5-18", "Security": null, "EventData_RuleName": "-", "EventData_EventType": "CreateKey", "EventData_UtcTime": "2023-09-27 07:33:52.162", "EventData_ProcessGuid": "{4557fbaa-d592-6513-d700-000000000f00}", "EventData_ProcessId": "10936", "EventData_Image": "C:\\Windows\\system32\\ctfmon.exe", "EventData_TargetObject": "HKLM\\SOFTWARE", "EventData_User": "DESKTOP-P5C3MUD\\user"}
{"Provider_Name": "Microsoft-Windows-Sysmon", "Provider_Guid": "{5770385f-c22a-43e0-bf4c-06f5698ffbd9}", "Provider": null, "EventID_Qualifiers": "", "EventID": "12", "Version": "2", "Level": "4", "Task": "12", "Opcode": "0", "Keywords": "0x8000000000000000", "TimeCreated_SystemTime": "2023-09-27 07:33:52.164160", "TimeCreated": null, "EventRecordID": "32451", "Correlation_ActivityID": "", "Correlation_RelatedActivityID": "", "Correlation": null, "Execution_ProcessID": "3408", "Execution_ThreadID": "1072", "Execution": null, "Channel": "Microsoft-Windows-Sysmon/Operational", "Computer": "DESKTOP-P5C3MUD", "Security_UserID": "S-1-5-18", "Security": null, "EventData_RuleName": "-", "EventData_EventType": "CreateKey", "EventData_UtcTime": "2023-09-27 07:33:52.162", "EventData_ProcessGuid": "{4557fbaa-d592-6513-d700-000000000f00}", "EventData_ProcessId": "10936", "EventData_Image": "C:\\Windows\\system32\\ctfmon.exe", "EventData_TargetObject": "HKLM\\SOFTWARE\\Microsoft", "EventData_User": "DESKTOP-P5C3MUD\\user"}
{"Provider_Name": "Microsoft-Windows-Sysmon", "Provider_Guid": "{5770385f-c22a-43e0-bf4c-06f5698ffbd9}", "Provider": null, "EventID_Qualifiers": "", "EventID": "7", "Version": "3", "Level": "4", "Task": "7", "Opcode": "0", "Keywords": "0x8000000000000000", "TimeCreated_SystemTime": "2023-09-27 07:33:52.164171", "TimeCreated": null, "EventRecordID": "32452", "Correlation_ActivityID": "", "Correlation_RelatedActivityID": "", "Correlation": null, "Execution_ProcessID": "3408", "Execution_ThreadID": "1160", "Execution": null, "Channel": "Microsoft-Windows-Sysmon/Operational", "Computer": "DESKTOP-P5C3MUD", "Security_UserID": "S-1-5-18", "Security": null, "EventData_RuleName": "-", "EventData_UtcTime": "2023-09-27 07:33:52.157", "EventData_ProcessGuid": "{4557fbaa-d592-6513-d700-000000000f00}", "EventData_ProcessId": "10936", "EventData_Image": "C:\\Windows\\System32\\ctfmon.exe", "EventData_ImageLoaded": "C:\\Windows\\System32\\winnsi.dll", "EventData_FileVersion": "10.0.19041.546 (WinBuild.160101.0800)", "EventData_Description": "Network Store Information RPC interface", "EventData_Product": "Microsoft\u00ae Windows\u00ae Operating System", "EventData_Company": "Microsoft Corporation", "EventData_OriginalFileName": "winnsi.dll", "EventData_Hashes": "SHA1=5A52E89C3E290EADF41C3B5BABF3B88BC0087299,MD5=C552B64BAD90764055C33E68EC8250F9,SHA256=4824FCE965B9DEC8D78842CDC3EBCDF8D2D2ED15DE05D5007FB18C1B2DE79E11,IMPHASH=AD7C692FA9FCC8C643FD494188DECA65", "EventData_Signed": "true", "EventData_Signature": "Microsoft Windows", "EventData_SignatureStatus": "Valid", "EventData_User": "DESKTOP-P5C3MUD\\user"}
{"Provider_Name": "Microsoft-Windows-Sysmon", "Provider_Guid": "{5770385f-c22a-43e0-bf4c-06f5698ffbd9}", "Provider": null, "EventID_Qualifiers": "", "EventID": "12", "Version": "2", "Level": "4", "Task": "12", "Opcode": "0", "Keywords": "0x8000000000000000", "TimeCreated_SystemTime": "2023-09-27 07:33:52.164209", "TimeCreated": null, "EventRecordID": "32453", "Correlation_ActivityID": "", "Correlation_RelatedActivityID": "", "Correlation": null, "Execution_ProcessID": "3408", "Execution_ThreadID": "1072", "Execution": null, "Channel": "Microsoft-Windows-Sysmon/Operational", "Computer": "DESKTOP-P5C3MUD", "Security_UserID": "S-1-5-18", "Security": null, "EventData_RuleName": "-", "EventData_EventType": "CreateKey", "EventData_UtcTime": "2023-09-27 07:33:52.162", "EventData_ProcessGuid": "{4557fbaa-d592-6513-d700-000000000f00}", "EventData_ProcessId": "10936", "EventData_Image": "C:\\Windows\\system32\\ctfmon.exe", "EventData_TargetObject": "HKLM\\SOFTWARE\\Microsoft\\EnterpriseCertificates", "EventData_User": "DESKTOP-P5C3MUD\\user"}
{"Provider_Name": "Microsoft-Windows-Sysmon", "Provider_Guid": "{5770385f-c22a-43e0-bf4c-06f5698ffbd9}", "Provider": null, "EventID_Qualifiers": "", "EventID": "12", "Version": "2", "Level": "4", "Task": "12", "Opcode": "0", "Keywords": "0x8000000000000000", "TimeCreated_SystemTime": "2023-09-27 07:33:52.164249", "TimeCreated": null, "EventRecordID": "32454", "Correlation_ActivityID": "", "Correlation_RelatedActivityID": "", "Correlation": null, "Execution_ProcessID": "3408", "Execution_ThreadID": "1072", "Execution": null, "Channel": "Microsoft-Windows-Sysmon/Operational", "Computer": "DESKTOP-P5C3MUD", "Security_UserID": "S-1-5-18", "Security": null, "EventData_RuleName": "-", "EventData_EventType": "CreateKey", "EventData_UtcTime": "2023-09-27 07:33:52.162", "EventData_ProcessGuid": "{4557fbaa-d592-6513-d700-000000000f00}", "EventData_ProcessId": "10936", "EventData_Image": "C:\\Windows\\system32\\ctfmon.exe", "EventData_TargetObject": "HKLM\\SOFTWARE", "EventData_User": "DESKTOP-P5C3MUD\\user"}
{"Provider_Name": "Microsoft-Windows-Sysmon", "Provider_Guid": "{5770385f-c22a-43e0-bf4c-06f5698ffbd9}", "Provider": null, "EventID_Qualifiers": "", "EventID": "12", "Version": "2", "Level": "4", "Task": "12", "Opcode": "0", "Keywords": "0x8000000000000000", "TimeCreated_SystemTime": "2023-09-27 07:33:52.164267", "TimeCreated": null, "EventRecordID": "32455", "Correlation_ActivityID": "", "Correlation_RelatedActivityID": "", "Correlation": null, "Execution_ProcessID": "3408", "Execution_ThreadID": "1072", "Execution": null, "Channel": "Microsoft-Windows-Sysmon/Operational", "Computer": "DESKTOP-P5C3MUD", "Security_UserID": "S-1-5-18", "Security": null, "EventData_RuleName": "-", "EventData_EventType": "CreateKey", "EventData_UtcTime": "2023-09-27 07:33:52.162", "EventData_ProcessGuid": "{4557fbaa-d592-6513-d700-000000000f00}", "EventData_ProcessId": "10936", "EventData_Image": "C:\\Windows\\system32\\ctfmon.exe", "EventData_TargetObject": "HKLM\\SOFTWARE\\Microsoft", "EventData_User": "DESKTOP-P5C3MUD\\user"}
{"Provider_Name": "Microsoft-Windows-Sysmon", "Provider_Guid": "{5770385f-c22a-43e0-bf4c-06f5698ffbd9}", "Provider": null, "EventID_Qualifiers": "", "EventID": "12", "Version": "2", "Level": "4", "Task": "12", "Opcode": "0", "Keywords": "0x8000000000000000", "TimeCreated_SystemTime": "2023-09-27 07:33:52.164314", "TimeCreated": null, "EventRecordID": "32456", "Correlation_ActivityID": "", "Correlation_RelatedActivityID": "", "Correlation": null, "Execution_ProcessID": "3408", "Execution_ThreadID": "1072", "Execution": null, "Channel": "Microsoft-Windows-Sysmon/Operational", "Computer": "DESKTOP-P5C3MUD", "Security_UserID": "S-1-5-18", "Security": null, "EventData_RuleName": "-", "EventData_EventType": "CreateKey", "EventData_UtcTime": "2023-09-27 07:33:52.162", "EventData_ProcessGuid": "{4557fbaa-d592-6513-d700-000000000f00}", "EventData_ProcessId": "10936", "EventData_Image": "C:\\Windows\\system32\\ctfmon.exe", "EventData_TargetObject": "HKLM\\SOFTWARE\\Microsoft\\SystemCertificates", "EventData_User": "DESKTOP-P5C3MUD\\user"}
{"Provider_Name": "Microsoft-Windows-Sysmon", "Provider_Guid": "{5770385f-c22a-43e0-bf4c-06f5698ffbd9}", "Provider": null, "EventID_Qualifiers": "", "EventID": "12", "Version": "2", "Level": "4", "Task": "12", "Opcode": "0", "Keywords": "0x8000000000000000", "TimeCreated_SystemTime": "2023-09-27 07:33:52.164347", "TimeCreated": null, "EventRecordID": "32457", "Correlation_ActivityID": "", "Correlation_RelatedActivityID": "", "Correlation": null, "Execution_ProcessID": "3408", "Execution_ThreadID": "1072", "Execution": null, "Channel": "Microsoft-Windows-Sysmon/Operational", "Computer": "DESKTOP-P5C3MUD", "Security_UserID": "S-1-5-18", "Security": null, "EventData_RuleName": "-", "EventData_EventType": "CreateKey", "EventData_UtcTime": "2023-09-27 07:33:52.162", "EventData_ProcessGuid": "{4557fbaa-d592-6513-d700-000000000f00}", "EventData_ProcessId": "10936", "EventData_Image": "C:\\Windows\\system32\\ctfmon.exe", "EventData_TargetObject": "HKLM\\SOFTWARE", "EventData_User": "DESKTOP-P5C3MUD\\user"}
{"Provider_Name": "Microsoft-Windows-Sysmon", "Provider_Guid": "{5770385f-c22a-43e0-bf4c-06f5698ffbd9}", "Provider": null, "EventID_Qualifiers": "", "EventID": "12", "Version": "2", "Level": "4", "Task": "12", "Opcode": "0", "Keywords": "0x8000000000000000", "TimeCreated_SystemTime": "2023-09-27 07:33:52.164370", "TimeCreated": null, "EventRecordID": "32458", "Correlation_ActivityID": "", "Correlation_RelatedActivityID": "", "Correlation": null, "Execution_ProcessID": "3408", "Execution_ThreadID": "1072", "Execution": null, "Channel": "Microsoft-Windows-Sysmon/Operational", "Computer": "DESKTOP-P5C3MUD", "Security_UserID": "S-1-5-18", "Security": null, "EventData_RuleName": "-", "EventData_EventType": "CreateKey", "EventData_UtcTime": "2023-09-27 07:33:52.162", "EventData_ProcessGuid": "{4557fbaa-d592-6513-d700-000000000f00}", "EventData_ProcessId": "10936", "EventData_Image": "C:\\Windows\\system32\\ctfmon.exe", "EventData_TargetObject": "HKLM\\SOFTWARE\\Microsoft", "EventData_User": "DESKTOP-P5C3MUD\\user"}
{"Provider_Name": "Microsoft-Windows-Sysmon", "Provider_Guid": "{5770385f-c22a-43e0-bf4c-06f5698ffbd9}", "Provider": null, "EventID_Qualifiers": "", "EventID": "12", "Version": "2", "Level": "4", "Task": "12", "Opcode": "0", "Keywords": "0x8000000000000000", "TimeCreated_SystemTime": "2023-09-27 07:33:52.164410", "TimeCreated": null, "EventRecordID": "32459", "Correlation_ActivityID": "", "Correlation_RelatedActivityID": "", "Correlation": null, "Execution_ProcessID": "3408", "Execution_ThreadID": "1072", "Execution": null, "Channel": "Microsoft-Windows-Sysmon/Operational", "Computer": "DESKTOP-P5C3MUD", "Security_UserID": "S-1-5-18", "Security": null, "EventData_RuleName": "-", "EventData_EventType": "CreateKey", "EventData_UtcTime": "2023-09-27 07:33:52.162", "EventData_ProcessGuid": "{4557fbaa-d592-6513-d700-000000000f00}", "EventData_ProcessId": "10936", "EventData_Image": "C:\\Windows\\system32\\ctfmon.exe", "EventData_TargetObject": "HKLM\\SOFTWARE\\Microsoft\\SystemCertificates", "EventData_User": "DESKTOP-P5C3MUD\\user"}
{"Provider_Name": "Microsoft-Windows-Sysmon", "Provider_Guid": "{5770385f-c22a-43e0-bf4c-06f5698ffbd9}", "Provider": null, "EventID_Qualifiers": "", "EventID": "12", "Version": "2", "Level": "4", "Task": "12", "Opcode": "0", "Keywords": "0x8000000000000000", "TimeCreated_SystemTime": "2023-09-27 07:33:52.164526", "TimeCreated": null, "EventRecordID": "32460", "Correlation_ActivityID": "", "Correlation_RelatedActivityID": "", "Correlation": null, "Execution_ProcessID": "3408", "Execution_ThreadID": "1072", "Execution": null, "Channel": "Microsoft-Windows-Sysmon/Operational", "Computer": "DESKTOP-P5C3MUD", "Security_UserID": "S-1-5-18", "Security": null, "EventData_RuleName": "-", "EventData_EventType": "CreateKey", "EventData_UtcTime": "2023-09-27 07:33:52.162", "EventData_ProcessGuid": "{4557fbaa-d592-6513-d700-000000000f00}", "EventData_ProcessId": "10936", "EventData_Image": "C:\\Windows\\system32\\ctfmon.exe", "EventData_TargetObject": "HKLM\\SOFTWARE", "EventData_User": "DESKTOP-P5C3MUD\\user"}
{"Provider_Name": "Microsoft-Windows-Sysmon", "Provider_Guid": "{5770385f-c22a-43e0-bf4c-06f5698ffbd9}", "Provider": null, "EventID_Qualifiers": "", "EventID": "12", "Version": "2", "Level": "4", "Task": "12", "Opcode": "0", "Keywords": "0x8000000000000000", "TimeCreated_SystemTime": "2023-09-27 07:33:52.164549", "TimeCreated": null, "EventRecordID": "32461", "Correlation_ActivityID": "", "Correlation_RelatedActivityID": "", "Correlation": null, "Execution_ProcessID": "3408", "Execution_ThreadID": "1072", "Execution": null, "Channel": "Microsoft-Windows-Sysmon/Operational", "Computer": "DESKTOP-P5C3MUD", "Security_UserID": "S-1-5-18", "Security": null, "EventData_RuleName": "-", "EventData_EventType": "CreateKey", "EventData_UtcTime": "2023-09-27 07:33:52.162", "EventData_ProcessGuid": "{4557fbaa-d592-6513-d700-000000000f00}", "EventData_ProcessId": "10936", "EventData_Image": "C:\\Windows\\system32\\ctfmon.exe", "EventData_TargetObject": "HKLM\\SOFTWARE\\Microsoft", "EventData_User": "DESKTOP-P5C3MUD\\user"}
{"Provider_Name": "Microsoft-Windows-Sysmon", "Provider_Guid": "{5770385f-c22a-43e0-bf4c-06f5698ffbd9}", "Provider": null, "EventID_Qualifiers": "", "EventID": "12", "Version": "2", "Level": "4", "Task": "12", "Opcode": "0", "Keywords": "0x8000000000000000", "TimeCreated_SystemTime": "2023-09-27 07:33:52.164621", "TimeCreated": null, "EventRecordID": "32462", "Correlation_ActivityID": "", "Correlation_RelatedActivityID": "", "Correlation": null, "Execution_ProcessID": "3408", "Execution_ThreadID": "1072", "Execution": null, "Channel": "Microsoft-Windows-Sysmon/Operational", "Computer": "DESKTOP-P5C3MUD", "Security_UserID": "S-1-5-18", "Security": null, "EventData_RuleName": "-", "EventData_EventType": "CreateKey", "EventData_UtcTime": "2023-09-27 07:33:52.163", "EventData_ProcessGuid": "{4557fbaa-d592-6513-d700-000000000f00}", "EventData_ProcessId": "10936", "EventData_Image": "C:\\Windows\\system32\\ctfmon.exe", "EventData_TargetObject": "HKLM\\SOFTWARE\\Microsoft\\SystemCertificates", "EventData_User": "DESKTOP-P5C3MUD\\user"}
{"Provider_Name": "Microsoft-Windows-Sysmon", "Provider_Guid": "{5770385f-c22a-43e0-bf4c-06f5698ffbd9}", "Provider": null, "EventID_Qualifiers": "", "EventID": "12", "Version": "2", "Level": "4", "Task": "12", "Opcode": "0", "Keywords": "0x8000000000000000", "TimeCreated_SystemTime": "2023-09-27 07:33:52.164677", "TimeCreated": null, "EventRecordID": "32463", "Correlation_ActivityID": "", "Correlation_RelatedActivityID": "", "Correlation": null, "Execution_ProcessID": "3408", "Execution_ThreadID": "1072", "Execution": null, "Channel": "Microsoft-Windows-Sysmon/Operational", "Computer": "DESKTOP-P5C3MUD", "Security_UserID": "S-1-5-18", "Security": null, "EventData_RuleName": "-", "EventData_EventType": "CreateKey", "EventData_UtcTime": "2023-09-27 07:33:52.163", "EventData_ProcessGuid": "{4557fbaa-d592-6513-d700-000000000f00}", "EventData_ProcessId": "10936", "EventData_Image": "C:\\Windows\\system32\\ctfmon.exe", "EventData_TargetObject": "HKLM\\SOFTWARE", "EventData_User": "DESKTOP-P5C3MUD\\user"}
{"Provider_Name": "Microsoft-Windows-Sysmon", "Provider_Guid": "{5770385f-c22a-43e0-bf4c-06f5698ffbd9}", "Provider": null, "EventID_Qualifiers": "", "EventID": "12", "Version": "2", "Level": "4", "Task": "12", "Opcode": "0", "Keywords": "0x8000000000000000", "TimeCreated_SystemTime": "2023-09-27 07:33:52.164698", "TimeCreated": null, "EventRecordID": "32464", "Correlation_ActivityID": "", "Correlation_RelatedActivityID": "", "Correlation": null, "Execution_ProcessID": "3408", "Execution_ThreadID": "1072", "Execution": null, "Channel": "Microsoft-Windows-Sysmon/Operational", "Computer": "DESKTOP-P5C3MUD", "Security_UserID": "S-1-5-18", "Security": null, "EventData_RuleName": "-", "EventData_EventType": "CreateKey", "EventData_UtcTime": "2023-09-27 07:33:52.163", "EventData_ProcessGuid": "{4557fbaa-d592-6513-d700-000000000f00}", "EventData_ProcessId": "10936", "EventData_Image": "C:\\Windows\\system32\\ctfmon.exe", "EventData_TargetObject": "HKLM\\SOFTWARE\\Microsoft", "EventData_User": "DESKTOP-P5C3MUD\\user"}
{"Provider_Name": "Microsoft-Windows-Sysmon", "Provider_Guid": "{5770385f-c22a-43e0-bf4c-06f5698ffbd9}", "Provider": null, "EventID_Qualifiers": "", "EventID": "12", "Version": "2", "Level": "4", "Task": "12", "Opcode": "0", "Keywords": "0x8000000000000000", "TimeCreated_SystemTime": "2023-09-27 07:33:52.164724", "TimeCreated": null, "EventRecordID": "32465", "Correlation_ActivityID": "", "Correlation_RelatedActivityID": "", "Correlation": null, "Execution_ProcessID": "3408", "Execution_ThreadID": "1072", "Execution": null, "Channel": "Microsoft-Windows-Sysmon/Operational", "Computer": "DESKTOP-P5C3MUD", "Security_UserID": "S-1-5-18", "Security": null, "EventData_RuleName": "-", "EventData_EventType": "CreateKey", "EventData_UtcTime": "2023-09-27 07:33:52.163", "EventData_ProcessGuid": "{4557fbaa-d592-6513-d700-000000000f00}", "EventData_ProcessId": "10936", "EventData_Image": "C:\\Windows\\system32\\ctfmon.exe", "EventData_TargetObject": "HKLM\\SOFTWARE\\Microsoft\\EnterpriseCertificates", "EventData_User": "DESKTOP-P5C3MUD\\user"}
{"Provider_Name": "Microsoft-Windows-Sysmon", "Provider_Guid": "{5770385f-c22a-43e0-bf4c-06f5698ffbd9}", "Provider": null, "EventID_Qualifiers": "", "EventID": "12", "Version": "2", "Level": "4", "Task": "12", "Opcode": "0", "Keywords": "0x8000000000000000", "TimeCreated_SystemTime": "2023-09-27 07:33:52.164740", "TimeCreated": null, "EventRecordID": "32466", "Correlation_ActivityID": "", "Correlation_RelatedActivityID": "", "Correlation": null, "Execution_ProcessID": "3408", "Execution_ThreadID": "1072", "Execution": null, "Channel": "Microsoft-Windows-Sysmon/Operational", "Computer": "DESKTOP-P5C3MUD", "Security_UserID": "S-1-5-18", "Security": null, "EventData_RuleName": "-", "EventData_EventType": "CreateKey", "EventData_UtcTime": "2023-09-27 07:33:52.163", "EventData_ProcessGuid": "{4557fbaa-d592-6513-d700-000000000f00}", "EventData_ProcessId": "10936", "EventData_Image": "C:\\Windows\\system32\\ctfmon.exe", "EventData_TargetObject": "HKLM\\SOFTWARE", "EventData_User": "DESKTOP-P5C3MUD\\user"}
{"Provider_Name": "Microsoft-Windows-Sysmon", "Provider_Guid": "{5770385f-c22a-43e0-bf4c-06f5698ffbd9}", "Provider": null, "EventID_Qualifiers": "", "EventID": "12", "Version": "2", "Level": "4", "Task": "12", "Opcode": "0", "Keywords": "0x8000000000000000", "TimeCreated_SystemTime": "2023-09-27 07:33:52.164764", "TimeCreated": null, "EventRecordID": "32467", "Correlation_ActivityID": "", "Correlation_RelatedActivityID": "", "Correlation": null, "Execution_ProcessID": "3408", "Execution_ThreadID": "1072", "Execution": null, "Channel": "Microsoft-Windows-Sysmon/Operational", "Computer": "DESKTOP-P5C3MUD", "Security_UserID": "S-1-5-18", "Security": null, "EventData_RuleName": "-", "EventData_EventType": "CreateKey", "EventData_UtcTime": "2023-09-27 07:33:52.163", "EventData_ProcessGuid": "{4557fbaa-d592-6513-d700-000000000f00}", "EventData_ProcessId": "10936", "EventData_Image": "C:\\Windows\\system32\\ctfmon.exe", "EventData_TargetObject": "HKLM\\SOFTWARE\\Microsoft", "EventData_User": "DESKTOP-P5C3MUD\\user"}
{"Provider_Name": "Microsoft-Windows-Sysmon", "Provider_Guid": "{5770385f-c22a-43e0-bf4c-06f5698ffbd9}", "Provider": null, "EventID_Qualifiers": "", "EventID": "12", "Version": "2", "Level": "4", "Task": "12", "Opcode": "0", "Keywords": "0x8000000000000000", "TimeCreated_SystemTime": "2023-09-27 07:33:52.164833", "TimeCreated": null, "EventRecordID": "32468", "Correlation_ActivityID": "", "Correlation_RelatedActivityID": "", "Correlation": null, "Execution_ProcessID": "3408", "Execution_ThreadID": "1072", "Execution": null, "Channel": "Microsoft-Windows-Sysmon/Operational", "Computer": "DESKTOP-P5C3MUD", "Security_UserID": "S-1-5-18", "Security": null, "EventData_RuleName": "-", "EventData_EventType": "CreateKey", "EventData_UtcTime": "2023-09-27 07:33:52.163", "EventData_ProcessGuid": "{4557fbaa-d592-6513-d700-000000000f00}", "EventData_ProcessId": "10936", "EventData_Image": "C:\\Windows\\system32\\ctfmon.exe", "EventData_TargetObject": "HKLM\\SOFTWARE\\Microsoft\\EnterpriseCertificates", "EventData_User": "DESKTOP-P5C3MUD\\user"}
{"Provider_Name": "Microsoft-Windows-Sysmon", "Provider_Guid": "{5770385f-c22a-43e0-bf4c-06f5698ffbd9}", "Provider": null, "EventID_Qualifiers": "", "EventID": "12", "Version": "2", "Level": "4", "Task": "12", "Opcode": "0", "Keywords": "0x8000000000000000", "TimeCreated_SystemTime": "2023-09-27 07:33:52.164856", "TimeCreated": null, "EventRecordID": "32469", "Correlation_ActivityID": "", "Correlation_RelatedActivityID": "", "Correlation": null, "Execution_ProcessID": "3408", "Execution_ThreadID": "1072", "Execution": null, "Channel": "Microsoft-Windows-Sysmon/Operational", "Computer": "DESKTOP-P5C3MUD", "Security_UserID": "S-1-5-18", "Security": null, "EventData_RuleName": "-", "EventData_EventType": "CreateKey", "EventData_UtcTime": "2023-09-27 07:33:52.163", "EventData_ProcessGuid": "{4557fbaa-d592-6513-d700-000000000f00}", "EventData_ProcessId": "10936", "EventData_Image": "C:\\Windows\\system32\\ctfmon.exe", "EventData_TargetObject": "HKLM\\SOFTWARE", "EventData_User": "DESKTOP-P5C3MUD\\user"}
{"Provider_Name": "Microsoft-Windows-Sysmon", "Provider_Guid": "{5770385f-c22a-43e0-bf4c-06f5698ffbd9}", "Provider": null, "EventID_Qualifiers": "", "EventID": "12", "Version": "2", "Level": "4", "Task": "12", "Opcode": "0", "Keywords": "0x8000000000000000", "TimeCreated_SystemTime": "2023-09-27 07:33:52.164873", "TimeCreated": null, "EventRecordID": "32470", "Correlation_ActivityID": "", "Correlation_RelatedActivityID": "", "Correlation": null, "Execution_ProcessID": "3408", "Execution_ThreadID": "1072", "Execution": null, "Channel": "Microsoft-Windows-Sysmon/Operational", "Computer": "DESKTOP-P5C3MUD", "Security_UserID": "S-1-5-18", "Security": null, "EventData_RuleName": "-", "EventData_EventType": "CreateKey", "EventData_UtcTime": "2023-09-27 07:33:52.163", "EventData_ProcessGuid": "{4557fbaa-d592-6513-d700-000000000f00}", "EventData_ProcessId": "10936", "EventData_Image": "C:\\Windows\\system32\\ctfmon.exe", "EventData_TargetObject": "HKLM\\SOFTWARE\\Policies", "EventData_User": "DESKTOP-P5C3MUD\\user"}
