{"Provider_Name": "Microsoft-Windows-Sysmon", "Provider_Guid": "{5770385f-c22a-43e0-bf4c-06f5698ffbd9}", "Provider": null, "EventID_Qualifiers": "", "EventID": "12", "Version": "2", "Level": "4", "Task": "12", "Opcode": "0", "Keywords": "0x8000000000000000", "TimeCreated_SystemTime": "2023-09-27 07:33:51.106009", "TimeCreated": null, "EventRecordID": "32350", "Correlation_ActivityID": "", "Correlation_RelatedActivityID": "", "Correlation": null, "Execution_ProcessID": "3408", "Execution_ThreadID": "1072", "Execution": null, "Channel": "Microsoft-Windows-Sysmon/Operational", "Computer": "DESKTOP-P5C3MUD", "Security_UserID": "S-1-5-18", "Security": null, "EventData_RuleName": "-", "EventData_EventType": "CreateKey", "EventData_UtcTime": "2023-09-27 07:33:51.092", "EventData_ProcessGuid": "{4557fbaa-d9c0-6513-6301-000000000f00}", "EventData_ProcessId": "3348", "EventData_Image": "C:\\Windows\\system32\\AUDIODG.EXE", "EventData_TargetObject": "HKU\\S-1-5-19\\SOFTWARE\\Microsoft\\Multimedia\\Audio Compression Manager", "EventData_User": "NT AUTHORITY\\LOCAL SERVICE"}
{"Provider_Name": "Microsoft-Windows-Sysmon", "Provider_Guid": "{5770385f-c22a-43e0-bf4c-06f5698ffbd9}", "Provider": null, "EventID_Qualifiers": "", "EventID": "12", "Version": "2", "Level": "4", "Task": "12", "Opcode": "0", "Keywords": "0x8000000000000000", "TimeCreated_SystemTime": "2023-09-27 07:33:51.106028", "TimeCreated": null, "EventRecordID": "32351", "Correlation_ActivityID": "", "Correlation_RelatedActivityID": "", "Correlation": null, "Execution_ProcessID": "3408", "Execution_ThreadID": "1072", "Execution": null, "Channel": "Microsoft-Windows-Sysmon/Operational", "Computer": "DESKTOP-P5C3MUD", "Security_UserID": "S-1-5-18", "Security": null, "EventData_RuleName": "-", "EventData_EventType": "CreateKey", "EventData_UtcTime": "2023-09-27 07:33:51.092", "EventData_ProcessGuid": "{4557fbaa-d9c0-6513-6301-000000000f00}", "EventData_ProcessId": "3348", "EventData_Image": "C:\\Windows\\system32\\AUDIODG.EXE", "EventData_TargetObject": "HKU\\S-1-5-19\\SOFTWARE\\Microsoft\\Multimedia\\Audio Compression Manager\\Priority v4.00", "EventData_User": "NT AUTHORITY\\LOCAL SERVICE"}
{"Provider_Name": "Microsoft-Windows-Sysmon", "Provider_Guid": "{5770385f-c22a-43e0-bf4c-06f5698ffbd9}", "Provider": null, "EventID_Qualifiers": "", "EventID": "12", "Version": "2", "Level": "4", "Task": "12", "Opcode": "0", "Keywords": "0x8000000000000000", "TimeCreated_SystemTime": "2023-09-27 07:33:51.106045", "TimeCreated": null, "EventRecordID": "32352", "Correlation_ActivityID": "", "Correlation_RelatedActivityID": "", "Correlation": null, "Execution_ProcessID": "3408", "Execution_ThreadID": "1072", "Execution": null, "Channel": "Microsoft-Windows-Sysmon/Operational", "Computer": "DESKTOP-P5C3MUD", "Security_UserID": "S-1-5-18", "Security": null, "EventData_RuleName": "-", "EventData_EventType": "CreateKey", "EventData_UtcTime": "2023-09-27 07:33:51.092", "EventData_ProcessGuid": "{4557fbaa-d9c0-6513-6301-000000000f00}", "EventData_ProcessId": "3348", "EventData_Image": "C:\\Windows\\system32\\AUDIODG.EXE", "EventData_TargetObject": "HKU\\S-1-5-19\\SOFTWARE\\Microsoft\\Multimedia", "EventData_User": "NT AUTHORITY\\LOCAL SERVICE"}
{"Provider_Name": "Microsoft-Windows-Sysmon", "Provider_Guid": "{5770385f-c22a-43e0-bf4c-06f5698ffbd9}", "Provider": null, "EventID_Qualifiers": "", "EventID": "12", "Version": "2", "Level": "4", "Task": "12", "Opcode": "0", "Keywords": "0x8000000000000000", "TimeCreated_SystemTime": "2023-09-27 07:33:51.106062", "TimeCreated": null, "EventRecordID": "32353", "Correlation_ActivityID": "", "Correlation_RelatedActivityID": "", "Correlation": null, "Execution_ProcessID": "3408", "Execution_ThreadID": "1072", "Execution": null, "Channel": "Microsoft-Windows-Sysmon/Operational", "Computer": "DESKTOP-P5C3MUD", "Security_UserID": "S-1-5-18", "Security": null, "EventData_RuleName": "-", "EventData_EventType": "CreateKey", "EventData_UtcTime": "2023-09-27 07:33:51.092", "EventData_ProcessGuid": "{4557fbaa-d9c0-6513-6301-000000000f00}", "EventData_ProcessId": "3348", "EventData_Image": "C:\\Windows\\system32\\AUDIODG.EXE", "EventData_TargetObject": "HKU\\S-1-5-19\\SOFTWARE\\Microsoft\\Multimedia\\msacm.imaadpcm", "EventData_User": "NT AUTHORITY\\LOCAL SERVICE"}
{"Provider_Name": "Microsoft-Windows-Sysmon", "Provider_Guid": "{5770385f-c22a-43e0-bf4c-06f5698ffbd9}", "Provider": null, "EventID_Qualifiers": "", "EventID": "12", "Version": "2", "Level": "4", "Task": "12", "Opcode": "0", "Keywords": "0x8000000000000000", "TimeCreated_SystemTime": "2023-09-27 07:33:51.106079", "TimeCreated": null, "EventRecordID": "32354", "Correlation_ActivityID": "", "Correlation_RelatedActivityID": "", "Correlation": null, "Execution_ProcessID": "3408", "Execution_ThreadID": "1072", "Execution": null, "Channel": "Microsoft-Windows-Sysmon/Operational", "Computer": "DESKTOP-P5C3MUD", "Security_UserID": "S-1-5-18", "Security": null, "EventData_RuleName": "-", "EventData_EventType": "CreateKey", "EventData_UtcTime": "2023-09-27 07:33:51.092", "EventData_ProcessGuid": "{4557fbaa-d9c0-6513-6301-000000000f00}", "EventData_ProcessId": "3348", "EventData_Image": "C:\\Windows\\system32\\AUDIODG.EXE", "EventData_TargetObject": "HKU\\S-1-5-19\\SOFTWARE\\Microsoft\\Multimedia\\Audio Compression Manager", "EventData_User": "NT AUTHORITY\\LOCAL SERVICE"}
{"Provider_Name": "Microsoft-Windows-Sysmon", "Provider_Guid": "{5770385f-c22a-43e0-bf4c-06f5698ffbd9}", "Provider": null, "EventID_Qualifiers": "", "EventID": "12", "Version": "2", "Level": "4", "Task": "12", "Opcode": "0", "Keywords": "0x8000000000000000", "TimeCreated_SystemTime": "2023-09-27 07:33:51.106098", "TimeCreated": null, "EventRecordID": "32355", "Correlation_ActivityID": "", "Correlation_RelatedActivityID": "", "Correlation": null, "Execution_ProcessID": "3408", "Execution_ThreadID": "1072", "Execution": null, "Channel": "Microsoft-Windows-Sysmon/Operational", "Computer": "DESKTOP-P5C3MUD", "Security_UserID": "S-1-5-18", "Security": null, "EventData_RuleName": "-", "EventData_EventType": "CreateKey", "EventData_UtcTime": "2023-09-27 07:33:51.092", "EventData_ProcessGuid": "{4557fbaa-d9c0-6513-6301-000000000f00}", "EventData_ProcessId": "3348", "EventData_Image": "C:\\Windows\\system32\\AUDIODG.EXE", "EventData_TargetObject": "HKU\\S-1-5-19\\SOFTWARE\\Microsoft\\Multimedia\\Audio Compression Manager\\Priority v4.00", "EventData_User": "NT AUTHORITY\\LOCAL SERVICE"}
{"Provider_Name": "Microsoft-Windows-Sysmon", "Provider_Guid": "{5770385f-c22a-43e0-bf4c-06f5698ffbd9}", "Provider": null, "EventID_Qualifiers": "", "EventID": "12", "Version": "2", "Level": "4", "Task": "12", "Opcode": "0", "Keywords": "0x8000000000000000", "TimeCreated_SystemTime": "2023-09-27 07:33:51.107416", "TimeCreated": null, "EventRecordID": "32356", "Correlation_ActivityID": "", "Correlation_RelatedActivityID": "", "Correlation": null, "Execution_ProcessID": "3408", "Execution_ThreadID": "1072", "Execution": null, "Channel": "Microsoft-Windows-Sysmon/Operational", "Computer": "DESKTOP-P5C3MUD", "Security_UserID": "S-1-5-18", "Security": null, "EventData_RuleName": "-", "EventData_EventType": "CreateKey", "EventData_UtcTime": "2023-09-27 07:33:51.092", "EventData_ProcessGuid": "{4557fbaa-d9c0-6513-6301-000000000f00}", "EventData_ProcessId": "3348", "EventData_Image": "C:\\Windows\\system32\\AUDIODG.EXE", "EventData_TargetObject": "HKU\\S-1-5-19\\SOFTWARE\\Microsoft\\Multimedia\\Audio Compression Manager", "EventData_User": "NT AUTHORITY\\LOCAL SERVICE"}
{"Provider_Name": "Microsoft-Windows-Sysmon", "Provider_Guid": "{5770385f-c22a-43e0-bf4c-06f5698ffbd9}", "Provider": null, "EventID_Qualifiers": "", "EventID": "12", "Version": "2", "Level": "4", "Task": "12", "Opcode": "0", "Keywords": "0x8000000000000000", "TimeCreated_SystemTime": "2023-09-27 07:33:51.107445", "TimeCreated": null, "EventRecordID": "32357", "Correlation_ActivityID": "", "Correlation_RelatedActivityID": "", "Correlation": null, "Execution_ProcessID": "3408", "Execution_ThreadID": "1072", "Execution": null, "Channel": "Microsoft-Windows-Sysmon/Operational", "Computer": "DESKTOP-P5C3MUD", "Security_UserID": "S-1-5-18", "Security": null, "EventData_RuleName": "-", "EventData_EventType": "CreateKey", "EventData_UtcTime": "2023-09-27 07:33:51.092", "EventData_ProcessGuid": "{4557fbaa-d9c0-6513-6301-000000000f00}", "EventData_ProcessId": "3348", "EventData_Image": "C:\\Windows\\system32\\AUDIODG.EXE", "EventData_TargetObject": "HKU\\S-1-5-19\\SOFTWARE\\Microsoft\\Multimedia\\Audio Compression Manager\\Priority v4.00", "EventData_User": "NT AUTHORITY\\LOCAL SERVICE"}
{"Provider_Name": "Microsoft-Windows-Sysmon", "Provider_Guid": "{5770385f-c22a-43e0-bf4c-06f5698ffbd9}", "Provider": null, "EventID_Qualifiers": "", "EventID": "12", "Version": "2", "Level": "4", "Task": "12", "Opcode": "0", "Keywords": "0x8000000000000000", "TimeCreated_SystemTime": "2023-09-27 07:33:51.107487", "TimeCreated": null, "EventRecordID": "32358", "Correlation_ActivityID": "", "Correlation_RelatedActivityID": "", "Correlation": null, "Execution_ProcessID": "3408", "Execution_ThreadID": "1072", "Execution": null, "Channel": "Microsoft-Windows-Sysmon/Operational", "Computer": "DESKTOP-P5C3MUD", "Security_UserID": "S-1-5-18", "Security": null, "EventData_RuleName": "-", "EventData_EventType": "CreateKey", "EventData_UtcTime": "2023-09-27 07:33:51.092", "EventData_ProcessGuid": "{4557fbaa-d9c0-6513-6301-000000000f00}", "EventData_ProcessId": "3348", "EventData_Image": "C:\\Windows\\system32\\AUDIODG.EXE", "EventData_TargetObject": "HKU\\S-1-5-19\\SOFTWARE\\Microsoft\\Multimedia", "EventData_User": "NT AUTHORITY\\LOCAL SERVICE"}
{"Provider_Name": "Microsoft-Windows-Sysmon", "Provider_Guid": "{5770385f-c22a-43e0-bf4c-06f5698ffbd9}", "Provider": null, "EventID_Qualifiers": "", "EventID": "12", "Version": "2", "Level": "4", "Task": "12", "Opcode": "0", "Keywords": "0x8000000000000000", "TimeCreated_SystemTime": "2023-09-27 07:33:51.107519", "TimeCreated": null, "EventRecordID": "32359", "Correlation_ActivityID": "", "Correlation_RelatedActivityID": "", "Correlation": null, "Execution_ProcessID": "3408", "Execution_ThreadID": "1072", "Execution": null, "Channel": "Microsoft-Windows-Sysmon/Operational", "Computer": "DESKTOP-P5C3MUD", "Security_UserID": "S-1-5-18", "Security": null, "EventData_RuleName": "-", "EventData_EventType": "CreateKey", "EventData_UtcTime": "2023-09-27 07:33:51.092", "EventData_ProcessGuid": "{4557fbaa-d9c0-6513-6301-000000000f00}", "EventData_ProcessId": "3348", "EventData_Image": "C:\\Windows\\system32\\AUDIODG.EXE", "EventData_TargetObject": "HKU\\S-1-5-19\\SOFTWARE\\Microsoft\\Multimedia\\msacm.imaadpcm", "EventData_User": "NT AUTHORITY\\LOCAL SERVICE"}
{"Provider_Name": "Microsoft-Windows-Sysmon", "Provider_Guid": "{5770385f-c22a-43e0-bf4c-06f5698ffbd9}", "Provider": null, "EventID_Qualifiers": "", "EventID": "12", "Version": "2", "Level": "4", "Task": "12", "Opcode": "0", "Keywords": "0x8000000000000000", "TimeCreated_SystemTime": "2023-09-27 07:33:51.107538", "TimeCreated": null, "EventRecordID": "32360", "Correlation_ActivityID": "", "Correlation_RelatedActivityID": "", "Correlation": null, "Execution_ProcessID": "3408", "Execution_ThreadID": "1072", "Execution": null, "Channel": "Microsoft-Windows-Sysmon/Operational", "Computer": "DESKTOP-P5C3MUD", "Security_UserID": "S-1-5-18", "Security": null, "EventData_RuleName": "-", "EventData_EventType": "CreateKey", "EventData_UtcTime": "2023-09-27 07:33:51.092", "EventData_ProcessGuid": "{4557fbaa-d9c0-6513-6301-000000000f00}", "EventData_ProcessId": "3348", "EventData_Image": "C:\\Windows\\system32\\AUDIODG.EXE", "EventData_TargetObject": "HKU\\S-1-5-19\\SOFTWARE\\Microsoft\\Multimedia\\Audio Compression Manager", "EventData_User": "NT AUTHORITY\\LOCAL SERVICE"}
{"Provider_Name": "Microsoft-Windows-Sysmon", "Provider_Guid": "{5770385f-c22a-43e0-bf4c-06f5698ffbd9}", "Provider": null, "EventID_Qualifiers": "", "EventID": "12", "Version": "2", "Level": "4", "Task": "12", "Opcode": "0", "Keywords": "0x8000000000000000", "TimeCreated_SystemTime": "2023-09-27 07:33:51.107557", "TimeCreated": null, "EventRecordID": "32361", "Correlation_ActivityID": "", "Correlation_RelatedActivityID": "", "Correlation": null, "Execution_ProcessID": "3408", "Execution_ThreadID": "1072", "Execution": null, "Channel": "Microsoft-Windows-Sysmon/Operational", "Computer": "DESKTOP-P5C3MUD", "Security_UserID": "S-1-5-18", "Security": null, "EventData_RuleName": "-", "EventData_EventType": "CreateKey", "EventData_UtcTime": "2023-09-27 07:33:51.092", "EventData_ProcessGuid": "{4557fbaa-d9c0-6513-6301-000000000f00}", "EventData_ProcessId": "3348", "EventData_Image": "C:\\Windows\\system32\\AUDIODG.EXE", "EventData_TargetObject": "HKU\\S-1-5-19\\SOFTWARE\\Microsoft\\Multimedia\\Audio Compression Manager\\Priority v4.00", "EventData_User": "NT AUTHORITY\\LOCAL SERVICE"}
{"Provider_Name": "Microsoft-Windows-Sysmon", "Provider_Guid": "{5770385f-c22a-43e0-bf4c-06f5698ffbd9}", "Provider": null, "EventID_Qualifiers": "", "EventID": "12", "Version": "2", "Level": "4", "Task": "12", "Opcode": "0", "Keywords": "0x8000000000000000", "TimeCreated_SystemTime": "2023-09-27 07:33:51.107574", "TimeCreated": null, "EventRecordID": "32362", "Correlation_ActivityID": "", "Correlation_RelatedActivityID": "", "Correlation": null, "Execution_ProcessID": "3408", "Execution_ThreadID": "1072", "Execution": null, "Channel": "Microsoft-Windows-Sysmon/Operational", "Computer": "DESKTOP-P5C3MUD", "Security_UserID": "S-1-5-18", "Security": null, "EventData_RuleName": "-", "EventData_EventType": "CreateKey", "EventData_UtcTime": "2023-09-27 07:33:51.092", "EventData_ProcessGuid": "{4557fbaa-d9c0-6513-6301-000000000f00}", "EventData_ProcessId": "3348", "EventData_Image": "C:\\Windows\\system32\\AUDIODG.EXE", "EventData_TargetObject": "HKU\\S-1-5-19\\SOFTWARE\\Microsoft\\Multimedia", "EventData_User": "NT AUTHORITY\\LOCAL SERVICE"}
{"Provider_Name": "Microsoft-Windows-Sysmon", "Provider_Guid": "{5770385f-c22a-43e0-bf4c-06f5698ffbd9}", "Provider": null, "EventID_Qualifiers": "", "EventID": "12", "Version": "2", "Level": "4", "Task": "12", "Opcode": "0", "Keywords": "0x8000000000000000", "TimeCreated_SystemTime": "2023-09-27 07:33:51.107592", "TimeCreated": null, "EventRecordID": "32363", "Correlation_ActivityID": "", "Correlation_RelatedActivityID": "", "Correlation": null, "Execution_ProcessID": "3408", "Execution_ThreadID": "1072", "Execution": null, "Channel": "Microsoft-Windows-Sysmon/Operational", "Computer": "DESKTOP-P5C3MUD", "Security_UserID": "S-1-5-18", "Security": null, "EventData_RuleName": "-", "EventData_EventType": "CreateKey", "EventData_UtcTime": "2023-09-27 07:33:51.092", "EventData_ProcessGuid": "{4557fbaa-d9c0-6513-6301-000000000f00}", "EventData_ProcessId": "3348", "EventData_Image": "C:\\Windows\\system32\\AUDIODG.EXE", "EventData_TargetObject": "HKU\\S-1-5-19\\SOFTWARE\\Microsoft\\Multimedia\\msacm.msgsm610", "EventData_User": "NT AUTHORITY\\LOCAL SERVICE"}
{"Provider_Name": "Microsoft-Windows-Sysmon", "Provider_Guid": "{5770385f-c22a-43e0-bf4c-06f5698ffbd9}", "Provider": null, "EventID_Qualifiers": "", "EventID": "12", "Version": "2", "Level": "4", "Task": "12", "Opcode": "0", "Keywords": "0x8000000000000000", "TimeCreated_SystemTime": "2023-09-27 07:33:51.107609", "TimeCreated": null, "EventRecordID": "32364", "Correlation_ActivityID": "", "Correlation_RelatedActivityID": "", "Correlation": null, "Execution_ProcessID": "3408", "Execution_ThreadID": "1072", "Execution": null, "Channel": "Microsoft-Windows-Sysmon/Operational", "Computer": "DESKTOP-P5C3MUD", "Security_UserID": "S-1-5-18", "Security": null, "EventData_RuleName": "-", "EventData_EventType": "CreateKey", "EventData_UtcTime": "2023-09-27 07:33:51.092", "EventData_ProcessGuid": "{4557fbaa-d9c0-6513-6301-000000000f00}", "EventData_ProcessId": "3348", "EventData_Image": "C:\\Windows\\system32\\AUDIODG.EXE", "EventData_TargetObject": "HKU\\S-1-5-19\\SOFTWARE\\Microsoft\\Multimedia\\Audio Compression Manager", "EventData_User": "NT AUTHORITY\\LOCAL SERVICE"}
{"Provider_Name": "Microsoft-Windows-Sysmon", "Provider_Guid": "{5770385f-c22a-43e0-bf4c-06f5698ffbd9}", "Provider": null, "EventID_Qualifiers": "", "EventID": "12", "Version": "2", "Level": "4", "Task": "12", "Opcode": "0", "Keywords": "0x8000000000000000", "TimeCreated_SystemTime": "2023-09-27 07:33:51.107628", "TimeCreated": null, "EventRecordID": "32365", "Correlation_ActivityID": "", "Correlation_RelatedActivityID": "", "Correlation": null, "Execution_ProcessID": "3408", "Execution_ThreadID": "1072", "Execution": null, "Channel": "Microsoft-Windows-Sysmon/Operational", "Computer": "DESKTOP-P5C3MUD", "Security_UserID": "S-1-5-18", "Security": null, "EventData_RuleName": "-", "EventData_EventType": "CreateKey", "EventData_UtcTime": "2023-09-27 07:33:51.092", "EventData_ProcessGuid": "{4557fbaa-d9c0-6513-6301-000000000f00}", "EventData_ProcessId": "3348", "EventData_Image": "C:\\Windows\\system32\\AUDIODG.EXE", "EventData_TargetObject": "HKU\\S-1-5-19\\SOFTWARE\\Microsoft\\Multimedia\\Audio Compression Manager\\Priority v4.00", "EventData_User": "NT AUTHORITY\\LOCAL SERVICE"}
{"Provider_Name": "Microsoft-Windows-Sysmon", "Provider_Guid": "{5770385f-c22a-43e0-bf4c-06f5698ffbd9}", "Provider": null, "EventID_Qualifiers": "", "EventID": "12", "Version": "2", "Level": "4", "Task": "12", "Opcode": "0", "Keywords": "0x8000000000000000", "TimeCreated_SystemTime": "2023-09-27 07:33:51.107645", "TimeCreated": null, "EventRecordID": "32366", "Correlation_ActivityID": "", "Correlation_RelatedActivityID": "", "Correlation": null, "Execution_ProcessID": "3408", "Execution_ThreadID": "1072", "Execution": null, "Channel": "Microsoft-Windows-Sysmon/Operational", "Computer": "DESKTOP-P5C3MUD", "Security_UserID": "S-1-5-18", "Security": null, "EventData_RuleName": "-", "EventData_EventType": "CreateKey", "EventData_UtcTime": "2023-09-27 07:33:51.092", "EventData_ProcessGuid": "{4557fbaa-d9c0-6513-6301-000000000f00}", "EventData_ProcessId": "3348", "EventData_Image": "C:\\Windows\\system32\\AUDIODG.EXE", "EventData_TargetObject": "HKU\\S-1-5-19\\SOFTWARE\\Microsoft\\Multimedia\\Audio Compression Manager", "EventData_User": "NT AUTHORITY\\LOCAL SERVICE"}
{"Provider_Name": "Microsoft-Windows-Sysmon", "Provider_Guid": "{5770385f-c22a-43e0-bf4c-06f5698ffbd9}", "Provider": null, "EventID_Qualifiers": "", "EventID": "12", "Version": "2", "Level": "4", "Task": "12", "Opcode": "0", "Keywords": "0x8000000000000000", "TimeCreated_SystemTime": "2023-09-27 07:33:51.107664", "TimeCreated": null, "EventRecordID": "32367", "Correlation_ActivityID": "", "Correlation_RelatedActivityID": "", "Correlation": null, "Execution_ProcessID": "3408", "Execution_ThreadID": "1072", "Execution": null, "Channel": "Microsoft-Windows-Sysmon/Operational", "Computer": "DESKTOP-P5C3MUD", "Security_UserID": "S-1-5-18", "Security": null, "EventData_RuleName": "-", "EventData_EventType": "CreateKey", "EventData_UtcTime": "2023-09-27 07:33:51.092", "EventData_ProcessGuid": "{4557fbaa-d9c0-6513-6301-000000000f00}", "EventData_ProcessId": "3348", "EventData_Image": "C:\\Windows\\system32\\AUDIODG.EXE", "EventData_TargetObject": "HKU\\S-1-5-19\\SOFTWARE\\Microsoft\\Multimedia\\Audio Compression Manager\\Priority v4.00", "EventData_User": "NT AUTHORITY\\LOCAL SERVICE"}
{"Provider_Name": "Microsoft-Windows-Sysmon", "Provider_Guid": "{5770385f-c22a-43e0-bf4c-06f5698ffbd9}", "Provider": null, "EventID_Qualifiers": "", "EventID": "12", "Version": "2", "Level": "4", "Task": "12", "Opcode": "0", "Keywords": "0x8000000000000000", "TimeCreated_SystemTime": "2023-09-27 07:33:51.107681", "TimeCreated": null, "EventRecordID": "32368", "Correlation_ActivityID": "", "Correlation_RelatedActivityID": "", "Correlation": null, "Execution_ProcessID": "3408", "Execution_ThreadID": "1072", "Execution": null, "Channel": "Microsoft-Windows-Sysmon/Operational", "Computer": "DESKTOP-P5C3MUD", "Security_UserID": "S-1-5-18", "Security": null, "EventData_RuleName": "-", "EventData_EventType": "CreateKey", "EventData_UtcTime": "2023-09-27 07:33:51.092", "EventData_ProcessGuid": "{4557fbaa-d9c0-6513-6301-000000000f00}", "EventData_ProcessId": "3348", "EventData_Image": "C:\\Windows\\system32\\AUDIODG.EXE", "EventData_TargetObject": "HKU\\S-1-5-19\\SOFTWARE\\Microsoft\\Multimedia", "EventData_User": "NT AUTHORITY\\LOCAL SERVICE"}
{"Provider_Name": "Microsoft-Windows-Sysmon", "Provider_Guid": "{5770385f-c22a-43e0-bf4c-06f5698ffbd9}", "Provider": null, "EventID_Qualifiers": "", "EventID": "12", "Version": "2", "Level": "4", "Task": "12", "Opcode": "0", "Keywords": "0x8000000000000000", "TimeCreated_SystemTime": "2023-09-27 07:33:51.107698", "TimeCreated": null, "EventRecordID": "32369", "Correlation_ActivityID": "", "Correlation_RelatedActivityID": "", "Correlation": null, "Execution_ProcessID": "3408", "Execution_ThreadID": "1072", "Execution": null, "Channel": "Microsoft-Windows-Sysmon/Operational", "Computer": "DESKTOP-P5C3MUD", "Security_UserID": "S-1-5-18", "Security": null, "EventData_RuleName": "-", "EventData_EventType": "CreateKey", "EventData_UtcTime": "2023-09-27 07:33:51.092", "EventData_ProcessGuid": "{4557fbaa-d9c0-6513-6301-000000000f00}", "EventData_ProcessId": "3348", "EventData_Image": "C:\\Windows\\system32\\AUDIODG.EXE", "EventData_TargetObject": "HKU\\S-1-5-19\\SOFTWARE\\Microsoft\\Multimedia\\msacm.imaadpcm", "EventData_User": "NT AUTHORITY\\LOCAL SERVICE"}
{"Provider_Name": "Microsoft-Windows-Sysmon", "Provider_Guid": "{5770385f-c22a-43e0-bf4c-06f5698ffbd9}", "Provider": null, "EventID_Qualifiers": "", "EventID": "12", "Version": "2", "Level": "4", "Task": "12", "Opcode": "0", "Keywords": "0x8000000000000000", "TimeCreated_SystemTime": "2023-09-27 07:33:51.107716", "TimeCreated": null, "EventRecordID": "32370", "Correlation_ActivityID": "", "Correlation_RelatedActivityID": "", "Correlation": null, "Execution_ProcessID": "3408", "Execution_ThreadID": "1072", "Execution": null, "Channel": "Microsoft-Windows-Sysmon/Operational", "Computer": "DESKTOP-P5C3MUD", "Security_UserID": "S-1-5-18", "Security": null, "EventData_RuleName": "-", "EventData_EventType": "CreateKey", "EventData_UtcTime": "2023-09-27 07:33:51.092", "EventData_ProcessGuid": "{4557fbaa-d9c0-6513-6301-000000000f00}", "EventData_ProcessId": "3348", "EventData_Image": "C:\\Windows\\system32\\AUDIODG.EXE", "EventData_TargetObject": "HKU\\S-1-5-19\\SOFTWARE\\Microsoft\\Multimedia\\Audio Compression Manager", "EventData_User": "NT AUTHORITY\\LOCAL SERVICE"}
{"Provider_Name": "Microsoft-Windows-Sysmon", "Provider_Guid": "{5770385f-c22a-43e0-bf4c-06f5698ffbd9}", "Provider": null, "EventID_Qualifiers": "", "EventID": "12", "Version": "2", "Level": "4", "Task": "12", "Opcode": "0", "Keywords": "0x8000000000000000", "TimeCreated_SystemTime": "2023-09-27 07:33:51.107735", "TimeCreated": null, "EventRecordID": "32371", "Correlation_ActivityID": "", "Correlation_RelatedActivityID": "", "Correlation": null, "Execution_ProcessID": "3408", "Execution_ThreadID": "1072", "Execution": null, "Channel": "Microsoft-Windows-Sysmon/Operational", "Computer": "DESKTOP-P5C3MUD", "Security_UserID": "S-1-5-18", "Security": null, "EventData_RuleName": "-", "EventData_EventType": "CreateKey", "EventData_UtcTime": "2023-09-27 07:33:51.092", "EventData_ProcessGuid": "{4557fbaa-d9c0-6513-6301-000000000f00}", "EventData_ProcessId": "3348", "EventData_Image": "C:\\Windows\\system32\\AUDIODG.EXE", "EventData_TargetObject": "HKU\\S-1-5-19\\SOFTWARE\\Microsoft\\Multimedia\\Audio Compression Manager\\Priority v4.00", "EventData_User": "NT AUTHORITY\\LOCAL SERVICE"}
{"Provider_Name": "Microsoft-Windows-Sysmon", "Provider_Guid": "{5770385f-c22a-43e0-bf4c-06f5698ffbd9}", "Provider": null, "EventID_Qualifiers": "", "EventID": "12", "Version": "2", "Level": "4", "Task": "12", "Opcode": "0", "Keywords": "0x8000000000000000", "TimeCreated_SystemTime": "2023-09-27 07:33:51.107752", "TimeCreated": null, "EventRecordID": "32372", "Correlation_ActivityID": "", "Correlation_RelatedActivityID": "", "Correlation": null, "Execution_ProcessID": "3408", "Execution_ThreadID": "1072", "Execution": null, "Channel": "Microsoft-Windows-Sysmon/Operational", "Computer": "DESKTOP-P5C3MUD", "Security_UserID": "S-1-5-18", "Security": null, "EventData_RuleName": "-", "EventData_EventType": "CreateKey", "EventData_UtcTime": "2023-09-27 07:33:51.092", "EventData_ProcessGuid": "{4557fbaa-d9c0-6513-6301-000000000f00}", "EventData_ProcessId": "3348", "EventData_Image": "C:\\Windows\\system32\\AUDIODG.EXE", "EventData_TargetObject": "HKU\\S-1-5-19\\SOFTWARE\\Microsoft\\Multimedia", "EventData_User": "NT AUTHORITY\\LOCAL SERVICE"}
{"Provider_Name": "Microsoft-Windows-Sysmon", "Provider_Guid": "{5770385f-c22a-43e0-bf4c-06f5698ffbd9}", "Provider": null, "EventID_Qualifiers": "", "EventID": "12", "Version": "2", "Level": "4", "Task": "12", "Opcode": "0", "Keywords": "0x8000000000000000", "TimeCreated_SystemTime": "2023-09-27 07:33:51.107893", "TimeCreated": null, "EventRecordID": "32373", "Correlation_ActivityID": "", "Correlation_RelatedActivityID": "", "Correlation": null, "Execution_ProcessID": "3408", "Execution_ThreadID": "1072", "Execution": null, "Channel": "Microsoft-Windows-Sysmon/Operational", "Computer": "DESKTOP-P5C3MUD", "Security_UserID": "S-1-5-18", "Security": null, "EventData_RuleName": "-", "EventData_EventType": "CreateKey", "EventData_UtcTime": "2023-09-27 07:33:51.092", "EventData_ProcessGuid": "{4557fbaa-d9c0-6513-6301-000000000f00}", "EventData_ProcessId": "3348", "EventData_Image": "C:\\Windows\\system32\\AUDIODG.EXE", "EventData_TargetObject": "HKU\\S-1-5-19\\SOFTWARE\\Microsoft\\Multimedia\\msacm.msgsm610", "EventData_User": "NT AUTHORITY\\LOCAL SERVICE"}
{"Provider_Name": "Microsoft-Windows-Sysmon", "Provider_Guid": "{5770385f-c22a-43e0-bf4c-06f5698ffbd9}", "Provider": null, "EventID_Qualifiers": "", "EventID": "12", "Version": "2", "Level": "4", "Task": "12", "Opcode": "0", "Keywords": "0x8000000000000000", "TimeCreated_SystemTime": "2023-09-27 07:33:51.107920", "TimeCreated": null, "EventRecordID": "32374", "Correlation_ActivityID": "", "Correlation_RelatedActivityID": "", "Correlation": null, "Execution_ProcessID": "3408", "Execution_ThreadID": "1072", "Execution": null, "Channel": "Microsoft-Windows-Sysmon/Operational", "Computer": "DESKTOP-P5C3MUD", "Security_UserID": "S-1-5-18", "Security": null, "EventData_RuleName": "-", "EventData_EventType": "CreateKey", "EventData_UtcTime": "2023-09-27 07:33:51.092", "EventData_ProcessGuid": "{4557fbaa-d9c0-6513-6301-000000000f00}", "EventData_ProcessId": "3348", "EventData_Image": "C:\\Windows\\system32\\AUDIODG.EXE", "EventData_TargetObject": "HKU\\S-1-5-19\\SOFTWARE\\Microsoft\\Multimedia\\Audio Compression Manager", "EventData_User": "NT AUTHORITY\\LOCAL SERVICE"}
{"Provider_Name": "Microsoft-Windows-Sysmon", "Provider_Guid": "{5770385f-c22a-43e0-bf4c-06f5698ffbd9}", "Provider": null, "EventID_Qualifiers": "", "EventID": "12", "Version": "2", "Level": "4", "Task": "12", "Opcode": "0", "Keywords": "0x8000000000000000", "TimeCreated_SystemTime": "2023-09-27 07:33:51.107939", "TimeCreated": null, "EventRecordID": "32375", "Correlation_ActivityID": "", "Correlation_RelatedActivityID": "", "Correlation": null, "Execution_ProcessID": "3408", "Execution_ThreadID": "1072", "Execution": null, "Channel": "Microsoft-Windows-Sysmon/Operational", "Computer": "DESKTOP-P5C3MUD", "Security_UserID": "S-1-5-18", "Security": null, "EventData_RuleName": "-", "EventData_EventType": "CreateKey", "EventData_UtcTime": "2023-09-27 07:33:51.092", "EventData_ProcessGuid": "{4557fbaa-d9c0-6513-6301-000000000f00}", "EventData_ProcessId": "3348", "EventData_Image": "C:\\Windows\\system32\\AUDIODG.EXE", "EventData_TargetObject": "HKU\\S-1-5-19\\SOFTWARE\\Microsoft\\Multimedia\\Audio Compression Manager\\Priority v4.00", "EventData_User": "NT AUTHORITY\\LOCAL SERVICE"}
{"Provider_Name": "Microsoft-Windows-Sysmon", "Provider_Guid": "{5770385f-c22a-43e0-bf4c-06f5698ffbd9}", "Provider": null, "EventID_Qualifiers": "", "EventID": "12", "Version": "2", "Level": "4", "Task": "12", "Opcode": "0", "Keywords": "0x8000000000000000", "TimeCreated_SystemTime": "2023-09-27 07:33:51.107956", "TimeCreated": null, "EventRecordID": "32376", "Correlation_ActivityID": "", "Correlation_RelatedActivityID": "", "Correlation": null, "Execution_ProcessID": "3408", "Execution_ThreadID": "1072", "Execution": null, "Channel": "Microsoft-Windows-Sysmon/Operational", "Computer": "DESKTOP-P5C3MUD", "Security_UserID": "S-1-5-18", "Security": null, "EventData_RuleName": "-", "EventData_EventType": "CreateKey", "EventData_UtcTime": "2023-09-27 07:33:51.092", "EventData_ProcessGuid": "{4557fbaa-d9c0-6513-6301-000000000f00}", "EventData_ProcessId": "3348", "EventData_Image": "C:\\Windows\\system32\\AUDIODG.EXE", "EventData_TargetObject": "HKU\\S-1-5-19\\SOFTWARE\\Microsoft\\Multimedia", "EventData_User": "NT AUTHORITY\\LOCAL SERVICE"}
{"Provider_Name": "Microsoft-Windows-Sysmon", "Provider_Guid": "{5770385f-c22a-43e0-bf4c-06f5698ffbd9}", "Provider": null, "EventID_Qualifiers": "", "EventID": "12", "Version": "2", "Level": "4", "Task": "12", "Opcode": "0", "Keywords": "0x8000000000000000", "TimeCreated_SystemTime": "2023-09-27 07:33:51.107973", "TimeCreated": null, "EventRecordID": "32377", "Correlation_ActivityID": "", "Correlation_RelatedActivityID": "", "Correlation": null, "Execution_ProcessID": "3408", "Execution_ThreadID": "1072", "Execution": null, "Channel": "Microsoft-Windows-Sysmon/Operational", "Computer": "DESKTOP-P5C3MUD", "Security_UserID": "S-1-5-18", "Security": null, "EventData_RuleName": "-", "EventData_EventType": "CreateKey", "EventData_UtcTime": "2023-09-27 07:33:51.092", "EventData_ProcessGuid": "{4557fbaa-d9c0-6513-6301-000000000f00}", "EventData_ProcessId": "3348", "EventData_Image": "C:\\Windows\\system32\\AUDIODG.EXE", "EventData_TargetObject": "HKU\\S-1-5-19\\SOFTWARE\\Microsoft\\Multimedia\\msacm.msgsm610", "EventData_User": "NT AUTHORITY\\LOCAL SERVICE"}
{"Provider_Name": "Microsoft-Windows-Sysmon", "Provider_Guid": "{5770385f-c22a-43e0-bf4c-06f5698ffbd9}", "Provider": null, "EventID_Qualifiers": "", "EventID": "7", "Version": "3", "Level": "4", "Task": "7", "Opcode": "0", "Keywords": "0x8000000000000000", "TimeCreated_SystemTime": "2023-09-27 07:33:51.115726", "TimeCreated": null, "EventRecordID": "32378", "Correlation_ActivityID": "", "Correlation_RelatedActivityID": "", "Correlation": null, "Execution_ProcessID": "3408", "Execution_ThreadID": "1160", "Execution": null, "Channel": "Microsoft-Windows-Sysmon/Operational", "Computer": "DESKTOP-P5C3MUD", "Security_UserID": "S-1-5-18", "Security": null, "EventData_RuleName": "-", "EventData_UtcTime": "2023-09-27 07:33:51.030", "EventData_ProcessGuid": "{4557fbaa-dade-6513-ae01-000000000f00}", "EventData_ProcessId": "10884", "EventData_Image": "C:\\Windows\\System32\\consent.exe", "EventData_ImageLoaded": "C:\\Windows\\System32\\d3d10warp.dll", "EventData_FileVersion": "10.0.19041.2788 (WinBuild.160101.0800)", "EventData_Description": "Direct3D Rasterizer", "EventData_Product": "Microsoft\u00ae Windows\u00ae Operating System", "EventData_Company": "Microsoft Corporation", "EventData_OriginalFileName": "D3D10Warp.dll", "EventData_Hashes": "SHA1=31DB61823DDBED1B8079D9CF26120440007CC9A0,MD5=0BC1DEB35F6AC62B577CAA64641FB630,SHA256=D7448EAF17C57FCAF2EBEAB34B05D9C106297DB0C6BC137F821DC40918BF79AA,IMPHASH=113EAE7F46AC04ADE26E10C730A6E454", "EventData_Signed": "true", "EventData_Signature": "Microsoft Windows", "EventData_SignatureStatus": "Valid", "EventData_User": "NT AUTHORITY\\SYSTEM"}
{"Provider_Name": "Microsoft-Windows-Sysmon", "Provider_Guid": "{5770385f-c22a-43e0-bf4c-06f5698ffbd9}", "Provider": null, "EventID_Qualifiers": "", "EventID": "7", "Version": "3", "Level": "4", "Task": "7", "Opcode": "0", "Keywords": "0x8000000000000000", "TimeCreated_SystemTime": "2023-09-27 07:33:51.118153", "TimeCreated": null, "EventRecordID": "32379", "Correlation_ActivityID": "", "Correlation_RelatedActivityID": "", "Correlation": null, "Execution_ProcessID": "3408", "Execution_ThreadID": "1160", "Execution": null, "Channel": "Microsoft-Windows-Sysmon/Operational", "Computer": "DESKTOP-P5C3MUD", "Security_UserID": "S-1-5-18", "Security": null, "EventData_RuleName": "-", "EventData_UtcTime": "2023-09-27 07:33:51.030", "EventData_ProcessGuid": "{4557fbaa-dade-6513-ae01-000000000f00}", "EventData_ProcessId": "10884", "EventData_Image": "C:\\Windows\\System32\\consent.exe", "EventData_ImageLoaded": "C:\\Windows\\System32\\avrt.dll", "EventData_FileVersion": "10.0.19041.546 (WinBuild.160101.0800)", "EventData_Description": "Multimedia Realtime Runtime", "EventData_Product": "Microsoft\u00ae Windows\u00ae Operating System", "EventData_Company": "Microsoft Corporation", "EventData_OriginalFileName": "avrt.dll", "EventData_Hashes": "SHA1=22903699EEB3A0DDD06B1B612FDCF9A351F56826,MD5=0CB92141535F501B8A1FC57B21A37F57,SHA256=CD886749BDA38058EBDEB4847DDBF6DF8A46E0BC8119FCDB0711D30ED3CB5070,IMPHASH=046AA5FB39DC367F12D12DD57F4D28E1", "EventData_Signed": "true", "EventData_Signature": "Microsoft Windows", "EventData_SignatureStatus": "Valid", "EventData_User": "NT AUTHORITY\\SYSTEM"}
{"Provider_Name": "Microsoft-Windows-Sysmon", "Provider_Guid": "{5770385f-c22a-43e0-bf4c-06f5698ffbd9}", "Provider": null, "EventID_Qualifiers": "", "EventID": "7", "Version": "3", "Level": "4", "Task": "7", "Opcode": "0", "Keywords": "0x8000000000000000", "TimeCreated_SystemTime": "2023-09-27 07:33:51.120590", "TimeCreated": null, "EventRecordID": "32380", "Correlation_ActivityID": "", "Correlation_RelatedActivityID": "", "Correlation": null, "Execution_ProcessID": "3408", "Execution_ThreadID": "1160", "Execution": null, "Channel": "Microsoft-Windows-Sysmon/Operational", "Computer": "DESKTOP-P5C3MUD", "Security_UserID": "S-1-5-18", "Security": null, "EventData_RuleName": "-", "EventData_UtcTime": "2023-09-27 07:33:51.030", "EventData_ProcessGuid": "{4557fbaa-dade-6513-ae01-000000000f00}", "EventData_ProcessId": "10884", "EventData_Image": "C:\\Windows\\System32\\consent.exe", "EventData_ImageLoaded": "C:\\Windows\\System32\\ResourcePolicyClient.dll", "EventData_FileVersion": "10.0.19041.546 (WinBuild.160101.0800)", "EventData_Description": "Resource Policy Client", "EventData_Product": "Microsoft\u00ae Windows\u00ae Operating System", "EventData_Company": "Microsoft Corporation", "EventData_OriginalFileName": "ResourcePolicyClient.dll", "EventData_Hashes": "SHA1=194B148953CAB5D591971FE33E0B80117AC695FF,MD5=FD22E78FED1FBC16A8455AD8DB12CA7C,SHA256=815D04346DD05C7FBBD4DA231C8E79F371484C8E4819F782BCFB0ECA82D7D809,IMPHASH=A40FABED68C5202AC815EA8499B5C4FB", "EventData_Signed": "true", "EventData_Signature": "Microsoft Windows", "EventData_SignatureStatus": "Valid", "EventData_User": "NT AUTHORITY\\SYSTEM"}
{"Provider_Name": "Microsoft-Windows-Sysmon", "Provider_Guid": "{5770385f-c22a-43e0-bf4c-06f5698ffbd9}", "Provider": null, "EventID_Qualifiers": "", "EventID": "7", "Version": "3", "Level": "4", "Task": "7", "Opcode": "0", "Keywords": "0x8000000000000000", "TimeCreated_SystemTime": "2023-09-27 07:33:51.123207", "TimeCreated": null, "EventRecordID": "32381", "Correlation_ActivityID": "", "Correlation_RelatedActivityID": "", "Correlation": null, "Execution_ProcessID": "3408", "Execution_ThreadID": "1160", "Execution": null, "Channel": "Microsoft-Windows-Sysmon/Operational", "Computer": "DESKTOP-P5C3MUD", "Security_UserID": "S-1-5-18", "Security": null, "EventData_RuleName": "-", "EventData_UtcTime": "2023-09-27 07:33:51.030", "EventData_ProcessGuid": "{4557fbaa-dade-6513-ae01-000000000f00}", "EventData_ProcessId": "10884", "EventData_Image": "C:\\Windows\\System32\\consent.exe", "EventData_ImageLoaded": "C:\\Windows\\System32\\DXCore.dll", "EventData_FileVersion": "10.0.19041.546 (WinBuild.160101.0800)", "EventData_Description": "DXCore", "EventData_Product": "Microsoft\u00ae Windows\u00ae Operating System", "EventData_Company": "Microsoft Corporation", "EventData_OriginalFileName": "DXCore.DLL", "EventData_Hashes": "SHA1=9B28E9B3083DA7B3524C79ED87F4E9797174D2A4,MD5=A9FC96DABAF458EC14ECCC45F4A3AF2B,SHA256=30E975B799B741A9AAB6A2060ECDCE68329CD01F086656F21932E34E80CEF2F8,IMPHASH=08CBE053FBC377CAF1671D5192567E4F", "EventData_Signed": "true", "EventData_Signature": "Microsoft Windows", "EventData_SignatureStatus": "Valid", "EventData_User": "NT AUTHORITY\\SYSTEM"}
{"Provider_Name": "Microsoft-Windows-Sysmon", "Provider_Guid": "{5770385f-c22a-43e0-bf4c-06f5698ffbd9}", "Provider": null, "EventID_Qualifiers": "", "EventID": "7", "Version": "3", "Level": "4", "Task": "7", "Opcode": "0", "Keywords": "0x8000000000000000", "TimeCreated_SystemTime": "2023-09-27 07:33:51.130836", "TimeCreated": null, "EventRecordID": "32382", "Correlation_ActivityID": "", "Correlation_RelatedActivityID": "", "Correlation": null, "Execution_ProcessID": "3408", "Execution_ThreadID": "1160", "Execution": null, "Channel": "Microsoft-Windows-Sysmon/Operational", "Computer": "DESKTOP-P5C3MUD", "Security_UserID": "S-1-5-18", "Security": null, "EventData_RuleName": "-", "EventData_UtcTime": "2023-09-27 07:33:51.045", "EventData_ProcessGuid": "{4557fbaa-dade-6513-ae01-000000000f00}", "EventData_ProcessId": "10884", "EventData_Image": "C:\\Windows\\System32\\consent.exe", "EventData_ImageLoaded": "C:\\Windows\\System32\\DriverStore\\FileRepository\\nv_dispig.inf_amd64_3c2bd4a1ec6d228e\\nvldumdx.dll", "EventData_FileVersion": "31.0.15.3598", "EventData_Description": "NVIDIA Driver Loader, Version 535.98 ", "EventData_Product": "NVIDIA driver loader", "EventData_Company": "NVIDIA Corporation", "EventData_OriginalFileName": "nvldumd.dll", "EventData_Hashes": "SHA1=0E9CBF6DD5033224326F36A1167EC56524F7394C,MD5=919C6B4B767627DF6E8F2D1A74FC30E2,SHA256=70A9D2EE720886A8410D75A1692638A5DB485A3B5DBAB693A6AA8E6256375BD8,IMPHASH=9D9AD78ABBB88FF2F6CF4467A824CEC4", "EventData_Signed": "true", "EventData_Signature": "NVIDIA Corporation", "EventData_SignatureStatus": "Valid", "EventData_User": "NT AUTHORITY\\SYSTEM"}
{"Provider_Name": "Microsoft-Windows-Sysmon", "Provider_Guid": "{5770385f-c22a-43e0-bf4c-06f5698ffbd9}", "Provider": null, "EventID_Qualifiers": "", "EventID": "7", "Version": "3", "Level": "4", "Task": "7", "Opcode": "0", "Keywords": "0x8000000000000000", "TimeCreated_SystemTime": "2023-09-27 07:33:51.134027", "TimeCreated": null, "EventRecordID": "32383", "Correlation_ActivityID": "", "Correlation_RelatedActivityID": "", "Correlation": null, "Execution_ProcessID": "3408", "Execution_ThreadID": "1160", "Execution": null, "Channel": "Microsoft-Windows-Sysmon/Operational", "Computer": "DESKTOP-P5C3MUD", "Security_UserID": "S-1-5-18", "Security": null, "EventData_RuleName": "-", "EventData_UtcTime": "2023-09-27 07:33:51.045", "EventData_ProcessGuid": "{4557fbaa-dade-6513-ae01-000000000f00}", "EventData_ProcessId": "10884", "EventData_Image": "C:\\Windows\\System32\\consent.exe", "EventData_ImageLoaded": "C:\\Windows\\System32\\cryptnet.dll", "EventData_FileVersion": "10.0.19041.906 (WinBuild.160101.0800)", "EventData_Description": "Crypto Network Related API", "EventData_Product": "Microsoft\u00ae Windows\u00ae Operating System", "EventData_Company": "Microsoft Corporation", "EventData_OriginalFileName": "CRYPTNET.DLL", "EventData_Hashes": "SHA1=2760F61791F838B19D00637580FD455D18DA84AC,MD5=FA0A5EDFB01E52069F4676189A59ACAE,SHA256=662C985C0E5413F156D905F5D934D6E4E8F3D8343227063426BD640E9C7296FF,IMPHASH=1BB913D1BE1C6B72F870212A6BB991F3", "EventData_Signed": "true", "EventData_Signature": "Microsoft Windows", "EventData_SignatureStatus": "Valid", "EventData_User": "NT AUTHORITY\\SYSTEM"}
{"Provider_Name": "Microsoft-Windows-Sysmon", "Provider_Guid": "{5770385f-c22a-43e0-bf4c-06f5698ffbd9}", "Provider": null, "EventID_Qualifiers": "", "EventID": "7", "Version": "3", "Level": "4", "Task": "7", "Opcode": "0", "Keywords": "0x8000000000000000", "TimeCreated_SystemTime": "2023-09-27 07:33:51.139137", "TimeCreated": null, "EventRecordID": "32384", "Correlation_ActivityID": "", "Correlation_RelatedActivityID": "", "Correlation": null, "Execution_ProcessID": "3408", "Execution_ThreadID": "1160", "Execution": null, "Channel": "Microsoft-Windows-Sysmon/Operational", "Computer": "DESKTOP-P5C3MUD", "Security_UserID": "S-1-5-18", "Security": null, "EventData_RuleName": "-", "EventData_UtcTime": "2023-09-27 07:33:51.045", "EventData_ProcessGuid": "{4557fbaa-dade-6513-ae01-000000000f00}", "EventData_ProcessId": "10884", "EventData_Image": "C:\\Windows\\System32\\consent.exe", "EventData_ImageLoaded": "C:\\Windows\\System32\\drvstore.dll", "EventData_FileVersion": "10.0.19041.2546 (WinBuild.160101.0800)", "EventData_Description": "Driver Store API", "EventData_Product": "Microsoft\u00ae Windows\u00ae Operating System", "EventData_Company": "Microsoft Corporation", "EventData_OriginalFileName": "DRVSTORE.DLL", "EventData_Hashes": "SHA1=7CA507EBF59E2820D26DFC62688C320FE0537C6F,MD5=44B4346E742C2461A661A2142DD6D198,SHA256=31E420C686608F56F65218124C6E661ADF4E3983BE58099FCF31511A2577F836,IMPHASH=93C1E8D0FFAADAAD37BE2C01F095CAF5", "EventData_Signed": "true", "EventData_Signature": "Microsoft Windows", "EventData_SignatureStatus": "Valid", "EventData_User": "NT AUTHORITY\\SYSTEM"}
{"Provider_Name": "Microsoft-Windows-Sysmon", "Provider_Guid": "{5770385f-c22a-43e0-bf4c-06f5698ffbd9}", "Provider": null, "EventID_Qualifiers": "", "EventID": "18", "Version": "1", "Level": "4", "Task": "18", "Opcode": "0", "Keywords": "0x8000000000000000", "TimeCreated_SystemTime": "2023-09-27 07:33:51.531816", "TimeCreated": null, "EventRecordID": "32385", "Correlation_ActivityID": "", "Correlation_RelatedActivityID": "", "Correlation": null, "Execution_ProcessID": "3408", "Execution_ThreadID": "1072", "Execution": null, "Channel": "Microsoft-Windows-Sysmon/Operational", "Computer": "DESKTOP-P5C3MUD", "Security_UserID": "S-1-5-18", "Security": null, "EventData_RuleName": "-", "EventData_EventType": "ConnectPipe", "EventData_UtcTime": "2023-09-27 07:33:51.530", "EventData_ProcessGuid": "{4557fbaa-dade-6513-ae01-000000000f00}", "EventData_ProcessId": "10884", "EventData_PipeName": "\\UxdService", "EventData_Image": "C:\\Windows\\system32\\consent.exe", "EventData_User": "NT AUTHORITY\\SYSTEM"}
{"Provider_Name": "Microsoft-Windows-Sysmon", "Provider_Guid": "{5770385f-c22a-43e0-bf4c-06f5698ffbd9}", "Provider": null, "EventID_Qualifiers": "", "EventID": "7", "Version": "3", "Level": "4", "Task": "7", "Opcode": "0", "Keywords": "0x8000000000000000", "TimeCreated_SystemTime": "2023-09-27 07:33:51.548565", "TimeCreated": null, "EventRecordID": "32386", "Correlation_ActivityID": "", "Correlation_RelatedActivityID": "", "Correlation": null, "Execution_ProcessID": "3408", "Execution_ThreadID": "1072", "Execution": null, "Channel": "Microsoft-Windows-Sysmon/Operational", "Computer": "DESKTOP-P5C3MUD", "Security_UserID": "S-1-5-18", "Security": null, "EventData_RuleName": "-", "EventData_UtcTime": "2023-09-27 07:33:51.546", "EventData_ProcessGuid": "{4557fbaa-dade-6513-ae01-000000000f00}", "EventData_ProcessId": "10884", "EventData_Image": "C:\\Windows\\System32\\consent.exe", "EventData_ImageLoaded": "C:\\Windows\\System32\\windows.storage.dll", "EventData_FileVersion": "10.0.19041.3393 (WinBuild.160101.0800)", "EventData_Description": "Microsoft WinRT Storage API", "EventData_Product": "Microsoft\u00ae Windows\u00ae Operating System", "EventData_Company": "Microsoft Corporation", "EventData_OriginalFileName": "Windows.Storage.dll", "EventData_Hashes": "SHA1=5C786E8513D36EA520A54BEB30E0CE5FE5FC0BFC,MD5=A9B07D52ACCE7ACDF8E17F7FA87EFF25,SHA256=DE3CBA9891177A02B124D8FD5E092BEA50FA98B8B8E5BE838F6ACFC3E1389AA0,IMPHASH=A78AAE42F9AE6A0E2B23C60D81D598C9", "EventData_Signed": "true", "EventData_Signature": "Microsoft Windows", "EventData_SignatureStatus": "Valid", "EventData_User": "NT AUTHORITY\\SYSTEM"}
{"Provider_Name": "Microsoft-Windows-Sysmon", "Provider_Guid": "{5770385f-c22a-43e0-bf4c-06f5698ffbd9}", "Provider": null, "EventID_Qualifiers": "", "EventID": "10", "Version": "3", "Level": "4", "Task": "10", "Opcode": "0", "Keywords": "0x8000000000000000", "TimeCreated_SystemTime": "2023-09-27 07:33:51.596296", "TimeCreated": null, "EventRecordID": "32387", "Correlation_ActivityID": "", "Correlation_RelatedActivityID": "", "Correlation": null, "Execution_ProcessID": "3408", "Execution_ThreadID": "1072", "Execution": null, "Channel": "Microsoft-Windows-Sysmon/Operational", "Computer": "DESKTOP-P5C3MUD", "Security_UserID": "S-1-5-18", "Security": null, "EventData_RuleName": "-", "EventData_UtcTime": "2023-09-27 07:33:51.595", "EventData_SourceProcessGUID": "{4557fbaa-d56b-6513-2f00-000000000f00}", "EventData_SourceProcessId": "1908", "EventData_SourceThreadId": "2168", "EventData_SourceImage": "C:\\Windows\\system32\\svchost.exe", "EventData_TargetProcessGUID": "{4557fbaa-dade-6513-ae01-000000000f00}", "EventData_TargetProcessId": "10884", "EventData_TargetImage": "C:\\Windows\\system32\\consent.exe", "EventData_GrantedAccess": "0x00000040", "EventData_CallTrace": "C:\\Windows\\SYSTEM32\\ntdll.dll+9df24|c:\\windows\\system32\\fntcache.dll+37e9f|c:\\windows\\system32\\fntcache.dll+34cbb|c:\\windows\\system32\\fntcache.dll+34bd2|c:\\windows\\system32\\fntcache.dll+3d167|c:\\windows\\system32\\fntcache.dll+614fa|c:\\windows\\system32\\fntcache.dll+613c7|C:\\Windows\\System32\\KERNEL32.DLL+17344|C:\\Windows\\SYSTEM32\\ntdll.dll+526b1", "EventData_SourceUser": "NT AUTHORITY\\LOCAL SERVICE", "EventData_TargetUser": "NT AUTHORITY\\SYSTEM"}
{"Provider_Name": "Microsoft-Windows-Sysmon", "Provider_Guid": "{5770385f-c22a-43e0-bf4c-06f5698ffbd9}", "Provider": null, "EventID_Qualifiers": "", "EventID": "10", "Version": "3", "Level": "4", "Task": "10", "Opcode": "0", "Keywords": "0x8000000000000000", "TimeCreated_SystemTime": "2023-09-27 07:33:51.596514", "TimeCreated": null, "EventRecordID": "32388", "Correlation_ActivityID": "", "Correlation_RelatedActivityID": "", "Correlation": null, "Execution_ProcessID": "3408", "Execution_ThreadID": "1072", "Execution": null, "Channel": "Microsoft-Windows-Sysmon/Operational", "Computer": "DESKTOP-P5C3MUD", "Security_UserID": "S-1-5-18", "Security": null, "EventData_RuleName": "-", "EventData_UtcTime": "2023-09-27 07:33:51.595", "EventData_SourceProcessGUID": "{4557fbaa-d56b-6513-2f00-000000000f00}", "EventData_SourceProcessId": "1908", "EventData_SourceThreadId": "2168", "EventData_SourceImage": "C:\\Windows\\system32\\svchost.exe", "EventData_TargetProcessGUID": "{4557fbaa-dade-6513-ae01-000000000f00}", "EventData_TargetProcessId": "10884", "EventData_TargetImage": "C:\\Windows\\system32\\consent.exe", "EventData_GrantedAccess": "0x00000040", "EventData_CallTrace": "C:\\Windows\\SYSTEM32\\ntdll.dll+9df24|c:\\windows\\system32\\fntcache.dll+37e9f|c:\\windows\\system32\\fntcache.dll+3807c|c:\\windows\\system32\\fntcache.dll+3d0b6|c:\\windows\\system32\\fntcache.dll+614fa|c:\\windows\\system32\\fntcache.dll+613c7|C:\\Windows\\System32\\KERNEL32.DLL+17344|C:\\Windows\\SYSTEM32\\ntdll.dll+526b1", "EventData_SourceUser": "NT AUTHORITY\\LOCAL SERVICE", "EventData_TargetUser": "NT AUTHORITY\\SYSTEM"}
{"Provider_Name": "Microsoft-Windows-Sysmon", "Provider_Guid": "{5770385f-c22a-43e0-bf4c-06f5698ffbd9}", "Provider": null, "EventID_Qualifiers": "", "EventID": "10", "Version": "3", "Level": "4", "Task": "10", "Opcode": "0", "Keywords": "0x8000000000000000", "TimeCreated_SystemTime": "2023-09-27 07:33:51.598230", "TimeCreated": null, "EventRecordID": "32389", "Correlation_ActivityID": "", "Correlation_RelatedActivityID": "", "Correlation": null, "Execution_ProcessID": "3408", "Execution_ThreadID": "1072", "Execution": null, "Channel": "Microsoft-Windows-Sysmon/Operational", "Computer": "DESKTOP-P5C3MUD", "Security_UserID": "S-1-5-18", "Security": null, "EventData_RuleName": "-", "EventData_UtcTime": "2023-09-27 07:33:51.596", "EventData_SourceProcessGUID": "{4557fbaa-d56b-6513-2f00-000000000f00}", "EventData_SourceProcessId": "1908", "EventData_SourceThreadId": "2168", "EventData_SourceImage": "C:\\Windows\\system32\\svchost.exe", "EventData_TargetProcessGUID": "{4557fbaa-dade-6513-ae01-000000000f00}", "EventData_TargetProcessId": "10884", "EventData_TargetImage": "C:\\Windows\\system32\\consent.exe", "EventData_GrantedAccess": "0x00000040", "EventData_CallTrace": "C:\\Windows\\SYSTEM32\\ntdll.dll+9df24|c:\\windows\\system32\\fntcache.dll+37e9f|c:\\windows\\system32\\fntcache.dll+3807c|c:\\windows\\system32\\fntcache.dll+3d0b6|c:\\windows\\system32\\fntcache.dll+614fa|c:\\windows\\system32\\fntcache.dll+613c7|C:\\Windows\\System32\\KERNEL32.DLL+17344|C:\\Windows\\SYSTEM32\\ntdll.dll+526b1", "EventData_SourceUser": "NT AUTHORITY\\LOCAL SERVICE", "EventData_TargetUser": "NT AUTHORITY\\SYSTEM"}
