{"Provider_Name": "Microsoft-Windows-Sysmon", "Provider_Guid": "{5770385f-c22a-43e0-bf4c-06f5698ffbd9}", "Provider": null, "EventID_Qualifiers": "", "EventID": "10", "Version": "3", "Level": "4", "Task": "10", "Opcode": "0", "Keywords": "0x8000000000000000", "TimeCreated_SystemTime": "2023-09-27 07:33:50.876328", "TimeCreated": null, "EventRecordID": "32202", "Correlation_ActivityID": "", "Correlation_RelatedActivityID": "", "Correlation": null, "Execution_ProcessID": "3408", "Execution_ThreadID": "1072", "Execution": null, "Channel": "Microsoft-Windows-Sysmon/Operational", "Computer": "DESKTOP-P5C3MUD", "Security_UserID": "S-1-5-18", "Security": null, "EventData_RuleName": "-", "EventData_UtcTime": "2023-09-27 07:33:50.873", "EventData_SourceProcessGUID": "{4557fbaa-d56c-6513-4400-000000000f00}", "EventData_SourceProcessId": "3172", "EventData_SourceThreadId": "3432", "EventData_SourceImage": "C:\\Windows\\system32\\svchost.exe", "EventData_TargetProcessGUID": "{4557fbaa-dade-6513-ae01-000000000f00}", "EventData_TargetProcessId": "10884", "EventData_TargetImage": "C:\\Windows\\system32\\consent.exe", "EventData_GrantedAccess": "0x00100040", "EventData_CallTrace": "C:\\Windows\\SYSTEM32\\ntdll.dll+9d314|C:\\Windows\\System32\\KERNELBASE.dll+308ee|c:\\windows\\system32\\cryptsvc.dll+8af3|c:\\windows\\system32\\cryptsvc.dll+8a0d|c:\\windows\\system32\\cryptsvc.dll+7b7e|C:\\Windows\\System32\\RPCRT4.dll+7b4b3|C:\\Windows\\System32\\RPCRT4.dll+de77b|C:\\Windows\\System32\\RPCRT4.dll+5be7c|C:\\Windows\\System32\\RPCRT4.dll+59188|C:\\Windows\\System32\\RPCRT4.dll+3a3a6|C:\\Windows\\System32\\RPCRT4.dll+39cf8|C:\\Windows\\System32\\RPCRT4.dll+474bf|C:\\Windows\\System32\\RPCRT4.dll+468c8|C:\\Windows\\System32\\RPCRT4.dll+45eb1|C:\\Windows\\System32\\RPCRT4.dll+4591e|C:\\Windows\\System32\\RPCRT4.dll+4a032|C:\\Windows\\SYSTEM32\\ntdll.dll+20330|C:\\Windows\\SYSTEM32\\ntdll.dll+52f86|C:\\Windows\\System32\\KERNEL32.DLL+17344|C:\\Windows\\SYSTEM32\\ntdll.dll+526b1", "EventData_SourceUser": "NT AUTHORITY\\NETWORK SERVICE", "EventData_TargetUser": "NT AUTHORITY\\SYSTEM"}
{"Provider_Name": "Microsoft-Windows-Sysmon", "Provider_Guid": "{5770385f-c22a-43e0-bf4c-06f5698ffbd9}", "Provider": null, "EventID_Qualifiers": "", "EventID": "7", "Version": "3", "Level": "4", "Task": "7", "Opcode": "0", "Keywords": "0x8000000000000000", "TimeCreated_SystemTime": "2023-09-27 07:33:50.882822", "TimeCreated": null, "EventRecordID": "32203", "Correlation_ActivityID": "", "Correlation_RelatedActivityID": "", "Correlation": null, "Execution_ProcessID": "3408", "Execution_ThreadID": "1072", "Execution": null, "Channel": "Microsoft-Windows-Sysmon/Operational", "Computer": "DESKTOP-P5C3MUD", "Security_UserID": "S-1-5-18", "Security": null, "EventData_RuleName": "-", "EventData_UtcTime": "2023-09-27 07:33:50.873", "EventData_ProcessGuid": "{4557fbaa-dade-6513-ae01-000000000f00}", "EventData_ProcessId": "10884", "EventData_Image": "C:\\Windows\\System32\\consent.exe", "EventData_ImageLoaded": "C:\\Windows\\System32\\advapi32.dll", "EventData_FileVersion": "10.0.19041.3393 (WinBuild.160101.0800)", "EventData_Description": "Advanced Windows 32 Base API", "EventData_Product": "Microsoft\u00ae Windows\u00ae Operating System", "EventData_Company": "Microsoft Corporation", "EventData_OriginalFileName": "advapi32.dll", "EventData_Hashes": "SHA1=3489CD6055ED93368D2B2425E16B5EC8D217765E,MD5=D9EA51D6491617082AE6F68673211EBB,SHA256=3D927DE857F39B2953527100FF7B4AA507E959BF233D03B47299B19DE9755CB6,IMPHASH=06386997D444E0E8F791C29BE0E7A843", "EventData_Signed": "true", "EventData_Signature": "Microsoft Windows", "EventData_SignatureStatus": "Valid", "EventData_User": "NT AUTHORITY\\SYSTEM"}
{"Provider_Name": "Microsoft-Windows-Sysmon", "Provider_Guid": "{5770385f-c22a-43e0-bf4c-06f5698ffbd9}", "Provider": null, "EventID_Qualifiers": "", "EventID": "7", "Version": "3", "Level": "4", "Task": "7", "Opcode": "0", "Keywords": "0x8000000000000000", "TimeCreated_SystemTime": "2023-09-27 07:33:50.904343", "TimeCreated": null, "EventRecordID": "32204", "Correlation_ActivityID": "", "Correlation_RelatedActivityID": "", "Correlation": null, "Execution_ProcessID": "3408", "Execution_ThreadID": "1072", "Execution": null, "Channel": "Microsoft-Windows-Sysmon/Operational", "Computer": "DESKTOP-P5C3MUD", "Security_UserID": "S-1-5-18", "Security": null, "EventData_RuleName": "-", "EventData_UtcTime": "2023-09-27 07:33:50.889", "EventData_ProcessGuid": "{4557fbaa-dade-6513-ae01-000000000f00}", "EventData_ProcessId": "10884", "EventData_Image": "C:\\Windows\\System32\\consent.exe", "EventData_ImageLoaded": "C:\\Windows\\System32\\urlmon.dll", "EventData_FileVersion": "11.00.19041.3448 (WinBuild.160101.0800)", "EventData_Description": "OLE32 Extensions for Win32", "EventData_Product": "Internet Explorer", "EventData_Company": "Microsoft Corporation", "EventData_OriginalFileName": "UrlMon.dll", "EventData_Hashes": "SHA1=9E27A2C6653EB14F1AC39B3199CF4B34C6C8D46B,MD5=5849CBA0173A5D77CE259B0E068BAF0B,SHA256=44D5C5FCF2BDB2C4B64CFDD961C656B1DEAD40DC4324189F81F8F2D3604287AD,IMPHASH=E08970115519040D5D8DDD9206F445D3", "EventData_Signed": "true", "EventData_Signature": "Microsoft Windows", "EventData_SignatureStatus": "Valid", "EventData_User": "NT AUTHORITY\\SYSTEM"}
{"Provider_Name": "Microsoft-Windows-Sysmon", "Provider_Guid": "{5770385f-c22a-43e0-bf4c-06f5698ffbd9}", "Provider": null, "EventID_Qualifiers": "", "EventID": "7", "Version": "3", "Level": "4", "Task": "7", "Opcode": "0", "Keywords": "0x8000000000000000", "TimeCreated_SystemTime": "2023-09-27 07:33:50.904728", "TimeCreated": null, "EventRecordID": "32205", "Correlation_ActivityID": "", "Correlation_RelatedActivityID": "", "Correlation": null, "Execution_ProcessID": "3408", "Execution_ThreadID": "1072", "Execution": null, "Channel": "Microsoft-Windows-Sysmon/Operational", "Computer": "DESKTOP-P5C3MUD", "Security_UserID": "S-1-5-18", "Security": null, "EventData_RuleName": "-", "EventData_UtcTime": "2023-09-27 07:33:50.889", "EventData_ProcessGuid": "{4557fbaa-dade-6513-ae01-000000000f00}", "EventData_ProcessId": "10884", "EventData_Image": "C:\\Windows\\System32\\consent.exe", "EventData_ImageLoaded": "C:\\Windows\\System32\\iertutil.dll", "EventData_FileVersion": "11.00.19041.3393 (WinBuild.160101.0800)", "EventData_Description": "Run time utility for Internet Explorer", "EventData_Product": "Internet Explorer", "EventData_Company": "Microsoft Corporation", "EventData_OriginalFileName": "IeRtUtil.dll", "EventData_Hashes": "SHA1=76D71179D53E74172BCEE215BE7E4255230A65EA,MD5=4574103CBCE92204E6A4C97E7B01C880,SHA256=9DA816B287AD6AD7E764CE8D4DD868C2065383FDAE1966AC2A32AAD64BFF87A1,IMPHASH=7B798070FAE21424BD1087A165D3974B", "EventData_Signed": "true", "EventData_Signature": "Microsoft Windows", "EventData_SignatureStatus": "Valid", "EventData_User": "NT AUTHORITY\\SYSTEM"}
{"Provider_Name": "Microsoft-Windows-Sysmon", "Provider_Guid": "{5770385f-c22a-43e0-bf4c-06f5698ffbd9}", "Provider": null, "EventID_Qualifiers": "", "EventID": "7", "Version": "3", "Level": "4", "Task": "7", "Opcode": "0", "Keywords": "0x8000000000000000", "TimeCreated_SystemTime": "2023-09-27 07:33:50.905424", "TimeCreated": null, "EventRecordID": "32206", "Correlation_ActivityID": "", "Correlation_RelatedActivityID": "", "Correlation": null, "Execution_ProcessID": "3408", "Execution_ThreadID": "1072", "Execution": null, "Channel": "Microsoft-Windows-Sysmon/Operational", "Computer": "DESKTOP-P5C3MUD", "Security_UserID": "S-1-5-18", "Security": null, "EventData_RuleName": "-", "EventData_UtcTime": "2023-09-27 07:33:50.905", "EventData_ProcessGuid": "{4557fbaa-dade-6513-ae01-000000000f00}", "EventData_ProcessId": "10884", "EventData_Image": "C:\\Windows\\System32\\consent.exe", "EventData_ImageLoaded": "C:\\Windows\\System32\\srvcli.dll", "EventData_FileVersion": "10.0.19041.3155 (WinBuild.160101.0800)", "EventData_Description": "Server Service Client DLL", "EventData_Product": "Microsoft\u00ae Windows\u00ae Operating System", "EventData_Company": "Microsoft Corporation", "EventData_OriginalFileName": "SRVCLI.DLL", "EventData_Hashes": "SHA1=1F596A2A7FCC57DC9030491694E0780B0A06DEEF,MD5=25B67C240116E1084D7546D1B2473228,SHA256=19B1983F9050558DD51DC9FC3DAF9960B1F5CEB70082FAC963F908E27FF76150,IMPHASH=C1EDF0A54FD1CCF3CF053B992222F138", "EventData_Signed": "true", "EventData_Signature": "Microsoft Windows", "EventData_SignatureStatus": "Valid", "EventData_User": "NT AUTHORITY\\SYSTEM"}
{"Provider_Name": "Microsoft-Windows-Sysmon", "Provider_Guid": "{5770385f-c22a-43e0-bf4c-06f5698ffbd9}", "Provider": null, "EventID_Qualifiers": "", "EventID": "7", "Version": "3", "Level": "4", "Task": "7", "Opcode": "0", "Keywords": "0x8000000000000000", "TimeCreated_SystemTime": "2023-09-27 07:33:50.906351", "TimeCreated": null, "EventRecordID": "32207", "Correlation_ActivityID": "", "Correlation_RelatedActivityID": "", "Correlation": null, "Execution_ProcessID": "3408", "Execution_ThreadID": "1072", "Execution": null, "Channel": "Microsoft-Windows-Sysmon/Operational", "Computer": "DESKTOP-P5C3MUD", "Security_UserID": "S-1-5-18", "Security": null, "EventData_RuleName": "-", "EventData_UtcTime": "2023-09-27 07:33:50.905", "EventData_ProcessGuid": "{4557fbaa-dade-6513-ae01-000000000f00}", "EventData_ProcessId": "10884", "EventData_Image": "C:\\Windows\\System32\\consent.exe", "EventData_ImageLoaded": "C:\\Windows\\System32\\propsys.dll", "EventData_FileVersion": "7.0.19041.3393 (WinBuild.160101.0800)", "EventData_Description": "Microsoft Property System", "EventData_Product": "Windows\u00ae Search", "EventData_Company": "Microsoft Corporation", "EventData_OriginalFileName": "propsys.dll", "EventData_Hashes": "SHA1=547F9030DD030E2F34F4FA6AED05989D583D6A70,MD5=B9BD7C03A6C6AC9E2564890F911A6524,SHA256=6804F7FDFA218F6534228F633BC4BF00DF32A64D0D66B78068909C8C7A471F3F,IMPHASH=BFDAF1CB2C5CD10BA16EF54DA42CC916", "EventData_Signed": "true", "EventData_Signature": "Microsoft Windows", "EventData_SignatureStatus": "Valid", "EventData_User": "NT AUTHORITY\\SYSTEM"}
{"Provider_Name": "Microsoft-Windows-Sysmon", "Provider_Guid": "{5770385f-c22a-43e0-bf4c-06f5698ffbd9}", "Provider": null, "EventID_Qualifiers": "", "EventID": "10", "Version": "3", "Level": "4", "Task": "10", "Opcode": "0", "Keywords": "0x8000000000000000", "TimeCreated_SystemTime": "2023-09-27 07:33:50.916218", "TimeCreated": null, "EventRecordID": "32208", "Correlation_ActivityID": "", "Correlation_RelatedActivityID": "", "Correlation": null, "Execution_ProcessID": "3408", "Execution_ThreadID": "1072", "Execution": null, "Channel": "Microsoft-Windows-Sysmon/Operational", "Computer": "DESKTOP-P5C3MUD", "Security_UserID": "S-1-5-18", "Security": null, "EventData_RuleName": "-", "EventData_UtcTime": "2023-09-27 07:33:50.905", "EventData_SourceProcessGUID": "{4557fbaa-d56b-6513-0a00-000000000f00}", "EventData_SourceProcessId": "676", "EventData_SourceThreadId": "436", "EventData_SourceImage": "C:\\Windows\\system32\\winlogon.exe", "EventData_TargetProcessGUID": "{4557fbaa-dade-6513-ae01-000000000f00}", "EventData_TargetProcessId": "10884", "EventData_TargetImage": "C:\\Windows\\system32\\consent.exe", "EventData_GrantedAccess": "0x00100011", "EventData_CallTrace": "C:\\Windows\\SYSTEM32\\ntdll.dll+9d314|C:\\Windows\\System32\\KERNELBASE.dll+308ee|C:\\Windows\\system32\\winlogon.exe+79580|C:\\Windows\\system32\\winlogon.exe+29b5b|C:\\Windows\\SYSTEM32\\ntdll.dll+62230|C:\\Windows\\SYSTEM32\\ntdll.dll+531ba|C:\\Windows\\System32\\KERNEL32.DLL+17344|C:\\Windows\\SYSTEM32\\ntdll.dll+526b1", "EventData_SourceUser": "NT AUTHORITY\\SYSTEM", "EventData_TargetUser": "NT AUTHORITY\\SYSTEM"}
{"Provider_Name": "Microsoft-Windows-Sysmon", "Provider_Guid": "{5770385f-c22a-43e0-bf4c-06f5698ffbd9}", "Provider": null, "EventID_Qualifiers": "", "EventID": "7", "Version": "3", "Level": "4", "Task": "7", "Opcode": "0", "Keywords": "0x8000000000000000", "TimeCreated_SystemTime": "2023-09-27 07:33:50.922136", "TimeCreated": null, "EventRecordID": "32209", "Correlation_ActivityID": "", "Correlation_RelatedActivityID": "", "Correlation": null, "Execution_ProcessID": "3408", "Execution_ThreadID": "1160", "Execution": null, "Channel": "Microsoft-Windows-Sysmon/Operational", "Computer": "DESKTOP-P5C3MUD", "Security_UserID": "S-1-5-18", "Security": null, "EventData_RuleName": "-", "EventData_UtcTime": "2023-09-27 07:33:50.905", "EventData_ProcessGuid": "{4557fbaa-dade-6513-ae01-000000000f00}", "EventData_ProcessId": "10884", "EventData_Image": "C:\\Windows\\System32\\consent.exe", "EventData_ImageLoaded": "C:\\Windows\\System32\\ole32.dll", "EventData_FileVersion": "10.0.19041.2965 (WinBuild.160101.0800)", "EventData_Description": "Microsoft OLE for Windows", "EventData_Product": "Microsoft\u00ae Windows\u00ae Operating System", "EventData_Company": "Microsoft Corporation", "EventData_OriginalFileName": "OLE32.DLL", "EventData_Hashes": "SHA1=AFD8381DFAD98D64F20AC48AF828F51B517D7C23,MD5=5151F3912370086A405A9A7070768F4B,SHA256=54416CD095DBF292E4229C753BEE076B82B981D82320202C9B5E916E2D0509A5,IMPHASH=58B7D42BAF8BCB6A17F4488C786BA758", "EventData_Signed": "true", "EventData_Signature": "Microsoft Windows", "EventData_SignatureStatus": "Valid", "EventData_User": "NT AUTHORITY\\SYSTEM"}
{"Provider_Name": "Microsoft-Windows-Sysmon", "Provider_Guid": "{5770385f-c22a-43e0-bf4c-06f5698ffbd9}", "Provider": null, "EventID_Qualifiers": "", "EventID": "7", "Version": "3", "Level": "4", "Task": "7", "Opcode": "0", "Keywords": "0x8000000000000000", "TimeCreated_SystemTime": "2023-09-27 07:33:50.933720", "TimeCreated": null, "EventRecordID": "32210", "Correlation_ActivityID": "", "Correlation_RelatedActivityID": "", "Correlation": null, "Execution_ProcessID": "3408", "Execution_ThreadID": "1160", "Execution": null, "Channel": "Microsoft-Windows-Sysmon/Operational", "Computer": "DESKTOP-P5C3MUD", "Security_UserID": "S-1-5-18", "Security": null, "EventData_RuleName": "-", "EventData_UtcTime": "2023-09-27 07:33:50.905", "EventData_ProcessGuid": "{4557fbaa-dade-6513-ae01-000000000f00}", "EventData_ProcessId": "10884", "EventData_Image": "C:\\Windows\\System32\\consent.exe", "EventData_ImageLoaded": "C:\\Windows\\System32\\KBDUS.DLL", "EventData_FileVersion": "10.0.19041.546 (WinBuild.160101.0800)", "EventData_Description": "United States Keyboard Layout", "EventData_Product": "Microsoft\u00ae Windows\u00ae Operating System", "EventData_Company": "Microsoft Corporation", "EventData_OriginalFileName": "kbdus.dll", "EventData_Hashes": "SHA1=3043E7A80E4E702791A10EB1D6EFE835976A7185,MD5=6A9D352FDBDAB06AE31153A181E85706,SHA256=D9648DBC4F51063EE979D1D6C45F3680F4EA65FF6A6D7C51FCFA41213A7713F4,IMPHASH=00000000000000000000000000000000", "EventData_Signed": "true", "EventData_Signature": "Microsoft Windows", "EventData_SignatureStatus": "Valid", "EventData_User": "NT AUTHORITY\\SYSTEM"}
{"Provider_Name": "Microsoft-Windows-Sysmon", "Provider_Guid": "{5770385f-c22a-43e0-bf4c-06f5698ffbd9}", "Provider": null, "EventID_Qualifiers": "", "EventID": "7", "Version": "3", "Level": "4", "Task": "7", "Opcode": "0", "Keywords": "0x8000000000000000", "TimeCreated_SystemTime": "2023-09-27 07:33:50.936491", "TimeCreated": null, "EventRecordID": "32211", "Correlation_ActivityID": "", "Correlation_RelatedActivityID": "", "Correlation": null, "Execution_ProcessID": "3408", "Execution_ThreadID": "1072", "Execution": null, "Channel": "Microsoft-Windows-Sysmon/Operational", "Computer": "DESKTOP-P5C3MUD", "Security_UserID": "S-1-5-18", "Security": null, "EventData_RuleName": "-", "EventData_UtcTime": "2023-09-27 07:33:50.920", "EventData_ProcessGuid": "{4557fbaa-dade-6513-ae01-000000000f00}", "EventData_ProcessId": "10884", "EventData_Image": "C:\\Windows\\System32\\consent.exe", "EventData_ImageLoaded": "C:\\Windows\\System32\\BCP47Langs.dll", "EventData_FileVersion": "10.0.19041.1566 (WinBuild.160101.0800)", "EventData_Description": "BCP47 Language Classes", "EventData_Product": "Microsoft\u00ae Windows\u00ae Operating System", "EventData_Company": "Microsoft Corporation", "EventData_OriginalFileName": "BCP47Lang.dll", "EventData_Hashes": "SHA1=5CDFB1E241636E56BF6F8DA2572716B45701FFB7,MD5=72C65E4770BE939696D2A4A2F80BFE19,SHA256=C332D0F4CCC3AAF63AF3860EAA0F94D28D80CD882BE3A3BBC74F5D1E9B7F99EB,IMPHASH=BC8BE8A7ACFD6FC911398308C691A155", "EventData_Signed": "true", "EventData_Signature": "Microsoft Windows", "EventData_SignatureStatus": "Valid", "EventData_User": "NT AUTHORITY\\SYSTEM"}
{"Provider_Name": "Microsoft-Windows-Sysmon", "Provider_Guid": "{5770385f-c22a-43e0-bf4c-06f5698ffbd9}", "Provider": null, "EventID_Qualifiers": "", "EventID": "7", "Version": "3", "Level": "4", "Task": "7", "Opcode": "0", "Keywords": "0x8000000000000000", "TimeCreated_SystemTime": "2023-09-27 07:33:50.941011", "TimeCreated": null, "EventRecordID": "32212", "Correlation_ActivityID": "", "Correlation_RelatedActivityID": "", "Correlation": null, "Execution_ProcessID": "3408", "Execution_ThreadID": "1160", "Execution": null, "Channel": "Microsoft-Windows-Sysmon/Operational", "Computer": "DESKTOP-P5C3MUD", "Security_UserID": "S-1-5-18", "Security": null, "EventData_RuleName": "-", "EventData_UtcTime": "2023-09-27 07:33:50.920", "EventData_ProcessGuid": "{4557fbaa-dade-6513-ae01-000000000f00}", "EventData_ProcessId": "10884", "EventData_Image": "C:\\Windows\\System32\\consent.exe", "EventData_ImageLoaded": "C:\\Windows\\System32\\msctfp.dll", "EventData_FileVersion": "10.0.19041.610 (WinBuild.160101.0800)", "EventData_Description": "MSCTFP Server DLL", "EventData_Product": "Microsoft\u00ae Windows\u00ae Operating System", "EventData_Company": "Microsoft Corporation", "EventData_OriginalFileName": "MSCTFP.DLL", "EventData_Hashes": "SHA1=03B933C6A537AD0A3FCBF7CB0301D28533161D36,MD5=F0B2B395174408A93345BDD9A0F15634,SHA256=76CEAA09D11BED9746424DA403F0961A9F48ADBBF52B5371852CA4FC0AA7B307,IMPHASH=09DF5AF33DFC83C547CBF57CC0244C56", "EventData_Signed": "true", "EventData_Signature": "Microsoft Windows", "EventData_SignatureStatus": "Valid", "EventData_User": "NT AUTHORITY\\SYSTEM"}
{"Provider_Name": "Microsoft-Windows-Sysmon", "Provider_Guid": "{5770385f-c22a-43e0-bf4c-06f5698ffbd9}", "Provider": null, "EventID_Qualifiers": "", "EventID": "12", "Version": "2", "Level": "4", "Task": "12", "Opcode": "0", "Keywords": "0x8000000000000000", "TimeCreated_SystemTime": "2023-09-27 07:33:50.945505", "TimeCreated": null, "EventRecordID": "32213", "Correlation_ActivityID": "", "Correlation_RelatedActivityID": "", "Correlation": null, "Execution_ProcessID": "3408", "Execution_ThreadID": "1072", "Execution": null, "Channel": "Microsoft-Windows-Sysmon/Operational", "Computer": "DESKTOP-P5C3MUD", "Security_UserID": "S-1-5-18", "Security": null, "EventData_RuleName": "-", "EventData_EventType": "CreateKey", "EventData_UtcTime": "2023-09-27 07:33:50.936", "EventData_ProcessGuid": "{4557fbaa-d592-6513-d700-000000000f00}", "EventData_ProcessId": "10936", "EventData_Image": "C:\\Windows\\system32\\ctfmon.exe", "EventData_TargetObject": "HKU\\S-1-5-21-2994737283-653069417-2221972583-1001\\SOFTWARE\\Microsoft\\Input\\TypingInsights", "EventData_User": "DESKTOP-P5C3MUD\\user"}
{"Provider_Name": "Microsoft-Windows-Sysmon", "Provider_Guid": "{5770385f-c22a-43e0-bf4c-06f5698ffbd9}", "Provider": null, "EventID_Qualifiers": "", "EventID": "13", "Version": "2", "Level": "4", "Task": "13", "Opcode": "0", "Keywords": "0x8000000000000000", "TimeCreated_SystemTime": "2023-09-27 07:33:50.945671", "TimeCreated": null, "EventRecordID": "32214", "Correlation_ActivityID": "", "Correlation_RelatedActivityID": "", "Correlation": null, "Execution_ProcessID": "3408", "Execution_ThreadID": "1072", "Execution": null, "Channel": "Microsoft-Windows-Sysmon/Operational", "Computer": "DESKTOP-P5C3MUD", "Security_UserID": "S-1-5-18", "Security": null, "EventData_RuleName": "-", "EventData_EventType": "SetValue", "EventData_UtcTime": "2023-09-27 07:33:50.936", "EventData_ProcessGuid": "{4557fbaa-d592-6513-d700-000000000f00}", "EventData_ProcessId": "10936", "EventData_Image": "C:\\Windows\\system32\\ctfmon.exe", "EventData_TargetObject": "HKU\\S-1-5-21-2994737283-653069417-2221972583-1001\\SOFTWARE\\Microsoft\\Input\\TypingInsights\\Insights", "EventData_Details": "Binary Data", "EventData_User": "DESKTOP-P5C3MUD\\user"}
{"Provider_Name": "Microsoft-Windows-Sysmon", "Provider_Guid": "{5770385f-c22a-43e0-bf4c-06f5698ffbd9}", "Provider": null, "EventID_Qualifiers": "", "EventID": "7", "Version": "3", "Level": "4", "Task": "7", "Opcode": "0", "Keywords": "0x8000000000000000", "TimeCreated_SystemTime": "2023-09-27 07:33:50.950197", "TimeCreated": null, "EventRecordID": "32215", "Correlation_ActivityID": "", "Correlation_RelatedActivityID": "", "Correlation": null, "Execution_ProcessID": "3408", "Execution_ThreadID": "1160", "Execution": null, "Channel": "Microsoft-Windows-Sysmon/Operational", "Computer": "DESKTOP-P5C3MUD", "Security_UserID": "S-1-5-18", "Security": null, "EventData_RuleName": "-", "EventData_UtcTime": "2023-09-27 07:33:50.920", "EventData_ProcessGuid": "{4557fbaa-dade-6513-ae01-000000000f00}", "EventData_ProcessId": "10884", "EventData_Image": "C:\\Windows\\System32\\consent.exe", "EventData_ImageLoaded": "C:\\Windows\\System32\\InputSwitch.dll", "EventData_FileVersion": "10.0.19041.1741 (WinBuild.160101.0800)", "EventData_Description": "Microsoft Windows Input Switcher", "EventData_Product": "Microsoft\u00ae Windows\u00ae Operating System", "EventData_Company": "Microsoft Corporation", "EventData_OriginalFileName": "InputSwitch.dll", "EventData_Hashes": "SHA1=4D8547D156B783DCCE0E10188D830964CE250432,MD5=72F522FA7ED3AE75CF8A7F445A3719FD,SHA256=260CD217A995C5BF7E3D5C358A685238A33BCD2FA8ED3871152939D10B0F9976,IMPHASH=AF40EF435D66995E0CD9800313880BFA", "EventData_Signed": "true", "EventData_Signature": "Microsoft Windows", "EventData_SignatureStatus": "Valid", "EventData_User": "NT AUTHORITY\\SYSTEM"}
{"Provider_Name": "Microsoft-Windows-Sysmon", "Provider_Guid": "{5770385f-c22a-43e0-bf4c-06f5698ffbd9}", "Provider": null, "EventID_Qualifiers": "", "EventID": "7", "Version": "3", "Level": "4", "Task": "7", "Opcode": "0", "Keywords": "0x8000000000000000", "TimeCreated_SystemTime": "2023-09-27 07:33:50.966209", "TimeCreated": null, "EventRecordID": "32216", "Correlation_ActivityID": "", "Correlation_RelatedActivityID": "", "Correlation": null, "Execution_ProcessID": "3408", "Execution_ThreadID": "1072", "Execution": null, "Channel": "Microsoft-Windows-Sysmon/Operational", "Computer": "DESKTOP-P5C3MUD", "Security_UserID": "S-1-5-18", "Security": null, "EventData_RuleName": "-", "EventData_UtcTime": "2023-09-27 07:33:50.951", "EventData_ProcessGuid": "{4557fbaa-dade-6513-ae01-000000000f00}", "EventData_ProcessId": "10884", "EventData_Image": "C:\\Windows\\System32\\consent.exe", "EventData_ImageLoaded": "C:\\Windows\\System32\\powrprof.dll", "EventData_FileVersion": "10.0.19041.546 (WinBuild.160101.0800)", "EventData_Description": "Power Profile Helper DLL", "EventData_Product": "Microsoft\u00ae Windows\u00ae Operating System", "EventData_Company": "Microsoft Corporation", "EventData_OriginalFileName": "POWRPROF.DLL", "EventData_Hashes": "SHA1=1D9A28C8AC27D50B849A87E83C43E9F4F0EBDD64,MD5=D88B09A7546AD19622F643878AFB033F,SHA256=3F9674B385C0CFC4C93961620C6237499C1701CE76094DAB6F6E4E502E7881FC,IMPHASH=1767FC1F6BC4E7E9EA7A40C5731B08E9", "EventData_Signed": "true", "EventData_Signature": "Microsoft Windows", "EventData_SignatureStatus": "Valid", "EventData_User": "NT AUTHORITY\\SYSTEM"}
{"Provider_Name": "Microsoft-Windows-Sysmon", "Provider_Guid": "{5770385f-c22a-43e0-bf4c-06f5698ffbd9}", "Provider": null, "EventID_Qualifiers": "", "EventID": "7", "Version": "3", "Level": "4", "Task": "7", "Opcode": "0", "Keywords": "0x8000000000000000", "TimeCreated_SystemTime": "2023-09-27 07:33:50.970020", "TimeCreated": null, "EventRecordID": "32217", "Correlation_ActivityID": "", "Correlation_RelatedActivityID": "", "Correlation": null, "Execution_ProcessID": "3408", "Execution_ThreadID": "1072", "Execution": null, "Channel": "Microsoft-Windows-Sysmon/Operational", "Computer": "DESKTOP-P5C3MUD", "Security_UserID": "S-1-5-18", "Security": null, "EventData_RuleName": "-", "EventData_UtcTime": "2023-09-27 07:33:50.967", "EventData_ProcessGuid": "{4557fbaa-dade-6513-ae01-000000000f00}", "EventData_ProcessId": "10884", "EventData_Image": "C:\\Windows\\System32\\consent.exe", "EventData_ImageLoaded": "C:\\Windows\\System32\\umpdc.dll", "EventData_FileVersion": "-", "EventData_Description": "-", "EventData_Product": "-", "EventData_Company": "-", "EventData_OriginalFileName": "-", "EventData_Hashes": "SHA1=25635102C3159C4CA42E802492FEA502316054BA,MD5=8CDD866E0707A71952FBA8BE899B7512,SHA256=AB37401F78B29CC26DB5B27B3DC0CEC3C37CE99AD4E9DF6EBB54F4A239F30232,IMPHASH=171C26BD72218E670B2C74DB98A744AB", "EventData_Signed": "true", "EventData_Signature": "Microsoft Windows", "EventData_SignatureStatus": "Valid", "EventData_User": "NT AUTHORITY\\SYSTEM"}
{"Provider_Name": "Microsoft-Windows-Sysmon", "Provider_Guid": "{5770385f-c22a-43e0-bf4c-06f5698ffbd9}", "Provider": null, "EventID_Qualifiers": "", "EventID": "7", "Version": "3", "Level": "4", "Task": "7", "Opcode": "0", "Keywords": "0x8000000000000000", "TimeCreated_SystemTime": "2023-09-27 07:33:50.971340", "TimeCreated": null, "EventRecordID": "32218", "Correlation_ActivityID": "", "Correlation_RelatedActivityID": "", "Correlation": null, "Execution_ProcessID": "3408", "Execution_ThreadID": "1072", "Execution": null, "Channel": "Microsoft-Windows-Sysmon/Operational", "Computer": "DESKTOP-P5C3MUD", "Security_UserID": "S-1-5-18", "Security": null, "EventData_RuleName": "-", "EventData_UtcTime": "2023-09-27 07:33:50.967", "EventData_ProcessGuid": "{4557fbaa-dade-6513-ae01-000000000f00}", "EventData_ProcessId": "10884", "EventData_Image": "C:\\Windows\\System32\\consent.exe", "EventData_ImageLoaded": "C:\\Windows\\System32\\TextInputFramework.dll", "EventData_FileVersion": "10.0.19041.3393 (WinBuild.160101.0800)", "EventData_Description": "\"TextInputFramework.DYNLINK\"", "EventData_Product": "Microsoft\u00ae Windows\u00ae Operating System", "EventData_Company": "Microsoft Corporation", "EventData_OriginalFileName": "\"TextInputFramework.DYNLINK\"", "EventData_Hashes": "SHA1=BBDD845D9A04CA5DC894CF5E1EB3F7609EDBCEF6,MD5=49731140DCCE52A5F75F0FFB4E63E214,SHA256=D4910ED9F8D7B3530FAC76F978DE9A4932E7439EB9ACBFC3ABB9F46F2A1FFDDD,IMPHASH=BD3B2B92B97C2573E01C9D4381431CE9", "EventData_Signed": "true", "EventData_Signature": "Microsoft Windows", "EventData_SignatureStatus": "Valid", "EventData_User": "NT AUTHORITY\\SYSTEM"}
{"Provider_Name": "Microsoft-Windows-Sysmon", "Provider_Guid": "{5770385f-c22a-43e0-bf4c-06f5698ffbd9}", "Provider": null, "EventID_Qualifiers": "", "EventID": "7", "Version": "3", "Level": "4", "Task": "7", "Opcode": "0", "Keywords": "0x8000000000000000", "TimeCreated_SystemTime": "2023-09-27 07:33:50.971685", "TimeCreated": null, "EventRecordID": "32219", "Correlation_ActivityID": "", "Correlation_RelatedActivityID": "", "Correlation": null, "Execution_ProcessID": "3408", "Execution_ThreadID": "1072", "Execution": null, "Channel": "Microsoft-Windows-Sysmon/Operational", "Computer": "DESKTOP-P5C3MUD", "Security_UserID": "S-1-5-18", "Security": null, "EventData_RuleName": "-", "EventData_UtcTime": "2023-09-27 07:33:50.967", "EventData_ProcessGuid": "{4557fbaa-dade-6513-ae01-000000000f00}", "EventData_ProcessId": "10884", "EventData_Image": "C:\\Windows\\System32\\consent.exe", "EventData_ImageLoaded": "C:\\Windows\\System32\\CoreUIComponents.dll", "EventData_FileVersion": "10.0.19041.546", "EventData_Description": "Microsoft Core UI Components Dll", "EventData_Product": "Microsoft\u00ae Windows\u00ae Operating System", "EventData_Company": "Microsoft Corporation", "EventData_OriginalFileName": "CoreUIComponents.dll", "EventData_Hashes": "SHA1=973210EE7824101E08AB1E166E2195B764993BF7,MD5=556F907CCE760F3589C953B34D98CABA,SHA256=27F6F85CCE6BE7A0127DECA777E11F3ADB4813B5182C287EFDBDD74C0952A339,IMPHASH=0B0DA790ADFDAC6A418A0ABF3F9CC3DB", "EventData_Signed": "true", "EventData_Signature": "Microsoft Windows", "EventData_SignatureStatus": "Valid", "EventData_User": "NT AUTHORITY\\SYSTEM"}
{"Provider_Name": "Microsoft-Windows-Sysmon", "Provider_Guid": "{5770385f-c22a-43e0-bf4c-06f5698ffbd9}", "Provider": null, "EventID_Qualifiers": "", "EventID": "7", "Version": "3", "Level": "4", "Task": "7", "Opcode": "0", "Keywords": "0x8000000000000000", "TimeCreated_SystemTime": "2023-09-27 07:33:50.972160", "TimeCreated": null, "EventRecordID": "32220", "Correlation_ActivityID": "", "Correlation_RelatedActivityID": "", "Correlation": null, "Execution_ProcessID": "3408", "Execution_ThreadID": "1072", "Execution": null, "Channel": "Microsoft-Windows-Sysmon/Operational", "Computer": "DESKTOP-P5C3MUD", "Security_UserID": "S-1-5-18", "Security": null, "EventData_RuleName": "-", "EventData_UtcTime": "2023-09-27 07:33:50.967", "EventData_ProcessGuid": "{4557fbaa-dade-6513-ae01-000000000f00}", "EventData_ProcessId": "10884", "EventData_Image": "C:\\Windows\\System32\\consent.exe", "EventData_ImageLoaded": "C:\\Windows\\System32\\CoreMessaging.dll", "EventData_FileVersion": "10.0.19041.3393", "EventData_Description": "Microsoft CoreMessaging Dll", "EventData_Product": "Microsoft\u00ae Windows\u00ae Operating System", "EventData_Company": "Microsoft Corporation", "EventData_OriginalFileName": "CoreMessaging.dll", "EventData_Hashes": "SHA1=5ADD813F3BE0CE1B49183C560ABF6212B67EDE13,MD5=D8F552AC7C40F0ED3C4C15EFF4BD9378,SHA256=6931A4004CE8D8BD58D7213E3F67F4A60236FE84FAE9F729DA5C3FCBAF5549C9,IMPHASH=709EF95FC7F2757A4736822A17CB7871", "EventData_Signed": "true", "EventData_Signature": "Microsoft Windows", "EventData_SignatureStatus": "Valid", "EventData_User": "NT AUTHORITY\\SYSTEM"}
{"Provider_Name": "Microsoft-Windows-Sysmon", "Provider_Guid": "{5770385f-c22a-43e0-bf4c-06f5698ffbd9}", "Provider": null, "EventID_Qualifiers": "", "EventID": "7", "Version": "3", "Level": "4", "Task": "7", "Opcode": "0", "Keywords": "0x8000000000000000", "TimeCreated_SystemTime": "2023-09-27 07:33:50.972294", "TimeCreated": null, "EventRecordID": "32221", "Correlation_ActivityID": "", "Correlation_RelatedActivityID": "", "Correlation": null, "Execution_ProcessID": "3408", "Execution_ThreadID": "1072", "Execution": null, "Channel": "Microsoft-Windows-Sysmon/Operational", "Computer": "DESKTOP-P5C3MUD", "Security_UserID": "S-1-5-18", "Security": null, "EventData_RuleName": "-", "EventData_UtcTime": "2023-09-27 07:33:50.967", "EventData_ProcessGuid": "{4557fbaa-dade-6513-ae01-000000000f00}", "EventData_ProcessId": "10884", "EventData_Image": "C:\\Windows\\System32\\consent.exe", "EventData_ImageLoaded": "C:\\Windows\\System32\\ws2_32.dll", "EventData_FileVersion": "10.0.19041.546 (WinBuild.160101.0800)", "EventData_Description": "Windows Socket 2.0 32-Bit DLL", "EventData_Product": "Microsoft\u00ae Windows\u00ae Operating System", "EventData_Company": "Microsoft Corporation", "EventData_OriginalFileName": "ws2_32.dll", "EventData_Hashes": "SHA1=2865C9AD28810C59F5EEED6F894467C9EB2C4EE8,MD5=6EED88C1206032A2797ABF131C6242CF,SHA256=1F996574F38219CDD848375F517F8D86E17542BC84D64CCE63AA0C64CC15F22D,IMPHASH=6EEE61EF7874AA59D1A3452C72E61D5C", "EventData_Signed": "true", "EventData_Signature": "Microsoft Windows", "EventData_SignatureStatus": "Valid", "EventData_User": "NT AUTHORITY\\SYSTEM"}
{"Provider_Name": "Microsoft-Windows-Sysmon", "Provider_Guid": "{5770385f-c22a-43e0-bf4c-06f5698ffbd9}", "Provider": null, "EventID_Qualifiers": "", "EventID": "7", "Version": "3", "Level": "4", "Task": "7", "Opcode": "0", "Keywords": "0x8000000000000000", "TimeCreated_SystemTime": "2023-09-27 07:33:50.973764", "TimeCreated": null, "EventRecordID": "32222", "Correlation_ActivityID": "", "Correlation_RelatedActivityID": "", "Correlation": null, "Execution_ProcessID": "3408", "Execution_ThreadID": "1072", "Execution": null, "Channel": "Microsoft-Windows-Sysmon/Operational", "Computer": "DESKTOP-P5C3MUD", "Security_UserID": "S-1-5-18", "Security": null, "EventData_RuleName": "-", "EventData_UtcTime": "2023-09-27 07:33:50.967", "EventData_ProcessGuid": "{4557fbaa-dade-6513-ae01-000000000f00}", "EventData_ProcessId": "10884", "EventData_Image": "C:\\Windows\\System32\\consent.exe", "EventData_ImageLoaded": "C:\\Windows\\System32\\WinTypes.dll", "EventData_FileVersion": "10.0.19041.3393 (WinBuild.160101.0800)", "EventData_Description": "Windows Base Types DLL", "EventData_Product": "Microsoft\u00ae Windows\u00ae Operating System", "EventData_Company": "Microsoft Corporation", "EventData_OriginalFileName": "WinTypes.dll", "EventData_Hashes": "SHA1=3F6E10E658E558E06D1CA50176465CFBDAF63EC7,MD5=2CC365DE50503A7498D1A8EB7DD64A53,SHA256=FFD4A36E5880669D0CCE8FAC83AE328ACDAB24ECC7A13E4DA26896A5B131BC13,IMPHASH=29DAF5F20C970881AB4F6C896AC969CE", "EventData_Signed": "true", "EventData_Signature": "Microsoft Windows", "EventData_SignatureStatus": "Valid", "EventData_User": "NT AUTHORITY\\SYSTEM"}
{"Provider_Name": "Microsoft-Windows-Sysmon", "Provider_Guid": "{5770385f-c22a-43e0-bf4c-06f5698ffbd9}", "Provider": null, "EventID_Qualifiers": "", "EventID": "7", "Version": "3", "Level": "4", "Task": "7", "Opcode": "0", "Keywords": "0x8000000000000000", "TimeCreated_SystemTime": "2023-09-27 07:33:50.976271", "TimeCreated": null, "EventRecordID": "32223", "Correlation_ActivityID": "", "Correlation_RelatedActivityID": "", "Correlation": null, "Execution_ProcessID": "3408", "Execution_ThreadID": "1072", "Execution": null, "Channel": "Microsoft-Windows-Sysmon/Operational", "Computer": "DESKTOP-P5C3MUD", "Security_UserID": "S-1-5-18", "Security": null, "EventData_RuleName": "-", "EventData_UtcTime": "2023-09-27 07:33:50.967", "EventData_ProcessGuid": "{4557fbaa-dade-6513-ae01-000000000f00}", "EventData_ProcessId": "10884", "EventData_Image": "C:\\Windows\\System32\\consent.exe", "EventData_ImageLoaded": "C:\\Windows\\System32\\WinTypes.dll", "EventData_FileVersion": "10.0.19041.3393 (WinBuild.160101.0800)", "EventData_Description": "Windows Base Types DLL", "EventData_Product": "Microsoft\u00ae Windows\u00ae Operating System", "EventData_Company": "Microsoft Corporation", "EventData_OriginalFileName": "WinTypes.dll", "EventData_Hashes": "SHA1=3F6E10E658E558E06D1CA50176465CFBDAF63EC7,MD5=2CC365DE50503A7498D1A8EB7DD64A53,SHA256=FFD4A36E5880669D0CCE8FAC83AE328ACDAB24ECC7A13E4DA26896A5B131BC13,IMPHASH=29DAF5F20C970881AB4F6C896AC969CE", "EventData_Signed": "true", "EventData_Signature": "Microsoft Windows", "EventData_SignatureStatus": "Valid", "EventData_User": "NT AUTHORITY\\SYSTEM"}
{"Provider_Name": "Microsoft-Windows-Sysmon", "Provider_Guid": "{5770385f-c22a-43e0-bf4c-06f5698ffbd9}", "Provider": null, "EventID_Qualifiers": "", "EventID": "7", "Version": "3", "Level": "4", "Task": "7", "Opcode": "0", "Keywords": "0x8000000000000000", "TimeCreated_SystemTime": "2023-09-27 07:33:50.976608", "TimeCreated": null, "EventRecordID": "32224", "Correlation_ActivityID": "", "Correlation_RelatedActivityID": "", "Correlation": null, "Execution_ProcessID": "3408", "Execution_ThreadID": "1072", "Execution": null, "Channel": "Microsoft-Windows-Sysmon/Operational", "Computer": "DESKTOP-P5C3MUD", "Security_UserID": "S-1-5-18", "Security": null, "EventData_RuleName": "-", "EventData_UtcTime": "2023-09-27 07:33:50.967", "EventData_ProcessGuid": "{4557fbaa-dade-6513-ae01-000000000f00}", "EventData_ProcessId": "10884", "EventData_Image": "C:\\Windows\\System32\\consent.exe", "EventData_ImageLoaded": "C:\\Windows\\System32\\dui70.dll", "EventData_FileVersion": "10.0.19041.746 (WinBuild.160101.0800)", "EventData_Description": "Windows DirectUI Engine", "EventData_Product": "Microsoft\u00ae Windows\u00ae Operating System", "EventData_Company": "Microsoft Corporation", "EventData_OriginalFileName": "DUI70.DLL", "EventData_Hashes": "SHA1=0D4C4681C036939C1665F98076A23A81E75B4837,MD5=B736A38C4A2470DC46F92EBD520B3030,SHA256=FBD5E1F2CEEDC5A2A8FF07E0CD85AD81F594132C1FDF113AEE1169A70103EF83,IMPHASH=B7B21F8AECEE3D89AEDD84D3E5E586AA", "EventData_Signed": "true", "EventData_Signature": "Microsoft Windows", "EventData_SignatureStatus": "Valid", "EventData_User": "NT AUTHORITY\\SYSTEM"}
{"Provider_Name": "Microsoft-Windows-Sysmon", "Provider_Guid": "{5770385f-c22a-43e0-bf4c-06f5698ffbd9}", "Provider": null, "EventID_Qualifiers": "", "EventID": "10", "Version": "3", "Level": "4", "Task": "10", "Opcode": "0", "Keywords": "0x8000000000000000", "TimeCreated_SystemTime": "2023-09-27 07:33:50.976795", "TimeCreated": null, "EventRecordID": "32225", "Correlation_ActivityID": "", "Correlation_RelatedActivityID": "", "Correlation": null, "Execution_ProcessID": "3408", "Execution_ThreadID": "1072", "Execution": null, "Channel": "Microsoft-Windows-Sysmon/Operational", "Computer": "DESKTOP-P5C3MUD", "Security_UserID": "S-1-5-18", "Security": null, "EventData_RuleName": "-", "EventData_UtcTime": "2023-09-27 07:33:50.967", "EventData_SourceProcessGUID": "{4557fbaa-d9c0-6513-6201-000000000f00}", "EventData_SourceProcessId": "1736", "EventData_SourceThreadId": "6196", "EventData_SourceImage": "C:\\Windows\\System32\\InputMethod\\CHS\\ChsIME.exe", "EventData_TargetProcessGUID": "{4557fbaa-dade-6513-ae01-000000000f00}", "EventData_TargetProcessId": "10884", "EventData_TargetImage": "C:\\Windows\\system32\\consent.exe", "EventData_GrantedAccess": "0x00001410", "EventData_CallTrace": "C:\\Windows\\SYSTEM32\\ntdll.dll+9d314|C:\\Windows\\System32\\KERNELBASE.dll+308ee|C:\\Windows\\System32\\InputMethod\\CHS\\ChsEM.dll+381c6|C:\\Windows\\System32\\InputMethod\\CHS\\ChsEM.dll+1a324|C:\\Windows\\System32\\InputMethod\\CHS\\ChsEM.dll+1a19c|C:\\Windows\\System32\\InputMethod\\CHS\\ChsEM.dll+170a4|C:\\Windows\\System32\\InputMethod\\CHS\\ChsEM.dll+10f53|C:\\Windows\\System32\\combase.dll+2b8f1|C:\\Windows\\System32\\combase.dll+2a7d0|C:\\Windows\\System32\\combase.dll+2a52c|C:\\Windows\\System32\\InputMethod\\CHS\\ChsIME.exe+f32a|C:\\Windows\\System32\\InputMethod\\CHS\\ChsIME.exe+16a07|C:\\Windows\\System32\\InputMethod\\CHS\\ChsIME.exe+a2cc|C:\\Windows\\System32\\MSCTF.dll+9599b|C:\\Windows\\System32\\MSCTF.dll+96a92|C:\\Windows\\System32\\MSCTF.dll+9736a|C:\\Windows\\System32\\USER32.dll+e858|C:\\Windows\\System32\\USER32.dll+e3dc|C:\\Windows\\System32\\USER32.dll+20c93|C:\\Windows\\SYSTEM32\\ntdll.dll+a0cd4|UNKNOWN(FFFFF8000E8229F5)|UNKNOWN(FFFFF92694105DD2)|UNKNOWN(FFFFF9269410DF06)|UNKNOWN(FFFFF9269410D134)", "EventData_SourceUser": "NT AUTHORITY\\SYSTEM", "EventData_TargetUser": "NT AUTHORITY\\SYSTEM"}
{"Provider_Name": "Microsoft-Windows-Sysmon", "Provider_Guid": "{5770385f-c22a-43e0-bf4c-06f5698ffbd9}", "Provider": null, "EventID_Qualifiers": "", "EventID": "10", "Version": "3", "Level": "4", "Task": "10", "Opcode": "0", "Keywords": "0x8000000000000000", "TimeCreated_SystemTime": "2023-09-27 07:33:50.976843", "TimeCreated": null, "EventRecordID": "32226", "Correlation_ActivityID": "", "Correlation_RelatedActivityID": "", "Correlation": null, "Execution_ProcessID": "3408", "Execution_ThreadID": "1072", "Execution": null, "Channel": "Microsoft-Windows-Sysmon/Operational", "Computer": "DESKTOP-P5C3MUD", "Security_UserID": "S-1-5-18", "Security": null, "EventData_RuleName": "-", "EventData_UtcTime": "2023-09-27 07:33:50.967", "EventData_SourceProcessGUID": "{4557fbaa-d9c0-6513-6201-000000000f00}", "EventData_SourceProcessId": "1736", "EventData_SourceThreadId": "6196", "EventData_SourceImage": "C:\\Windows\\System32\\InputMethod\\CHS\\ChsIME.exe", "EventData_TargetProcessGUID": "{4557fbaa-dade-6513-ae01-000000000f00}", "EventData_TargetProcessId": "10884", "EventData_TargetImage": "C:\\Windows\\system32\\consent.exe", "EventData_GrantedAccess": "0x00001410", "EventData_CallTrace": "C:\\Windows\\SYSTEM32\\ntdll.dll+9d314|C:\\Windows\\System32\\KERNELBASE.dll+308ee|C:\\Windows\\System32\\InputMethod\\CHS\\ChsEM.dll+37fb7|C:\\Windows\\System32\\InputMethod\\CHS\\ChsEM.dll+380d5|C:\\Windows\\System32\\USER32.dll+21a81|C:\\Windows\\System32\\USER32.dll+21904|C:\\Windows\\System32\\InputMethod\\CHS\\ChsEM.dll+382ff|C:\\Windows\\System32\\InputMethod\\CHS\\ChsEM.dll+1a324|C:\\Windows\\System32\\InputMethod\\CHS\\ChsEM.dll+1a19c|C:\\Windows\\System32\\InputMethod\\CHS\\ChsEM.dll+170a4|C:\\Windows\\System32\\InputMethod\\CHS\\ChsEM.dll+10f53|C:\\Windows\\System32\\combase.dll+2b8f1|C:\\Windows\\System32\\combase.dll+2a7d0|C:\\Windows\\System32\\combase.dll+2a52c|C:\\Windows\\System32\\InputMethod\\CHS\\ChsIME.exe+f32a|C:\\Windows\\System32\\InputMethod\\CHS\\ChsIME.exe+16a07|C:\\Windows\\System32\\InputMethod\\CHS\\ChsIME.exe+a2cc|C:\\Windows\\System32\\MSCTF.dll+9599b|C:\\Windows\\System32\\MSCTF.dll+96a92|C:\\Windows\\System32\\MSCTF.dll+9736a|C:\\Windows\\System32\\USER32.dll+e858|C:\\Windows\\System32\\USER32.dll+e3dc|C:\\Windows\\System32\\USER32.dll+20c93|C:\\Windows\\SYSTEM32\\ntdll.dll+a0cd4", "EventData_SourceUser": "NT AUTHORITY\\SYSTEM", "EventData_TargetUser": "NT AUTHORITY\\SYSTEM"}
{"Provider_Name": "Microsoft-Windows-Sysmon", "Provider_Guid": "{5770385f-c22a-43e0-bf4c-06f5698ffbd9}", "Provider": null, "EventID_Qualifiers": "", "EventID": "10", "Version": "3", "Level": "4", "Task": "10", "Opcode": "0", "Keywords": "0x8000000000000000", "TimeCreated_SystemTime": "2023-09-27 07:33:50.976894", "TimeCreated": null, "EventRecordID": "32227", "Correlation_ActivityID": "", "Correlation_RelatedActivityID": "", "Correlation": null, "Execution_ProcessID": "3408", "Execution_ThreadID": "1072", "Execution": null, "Channel": "Microsoft-Windows-Sysmon/Operational", "Computer": "DESKTOP-P5C3MUD", "Security_UserID": "S-1-5-18", "Security": null, "EventData_RuleName": "-", "EventData_UtcTime": "2023-09-27 07:33:50.967", "EventData_SourceProcessGUID": "{4557fbaa-d9c0-6513-6201-000000000f00}", "EventData_SourceProcessId": "1736", "EventData_SourceThreadId": "6196", "EventData_SourceImage": "C:\\Windows\\System32\\InputMethod\\CHS\\ChsIME.exe", "EventData_TargetProcessGUID": "{4557fbaa-dade-6513-ae01-000000000f00}", "EventData_TargetProcessId": "10884", "EventData_TargetImage": "C:\\Windows\\system32\\consent.exe", "EventData_GrantedAccess": "0x00001410", "EventData_CallTrace": "C:\\Windows\\SYSTEM32\\ntdll.dll+9d314|C:\\Windows\\System32\\KERNELBASE.dll+308ee|C:\\Windows\\System32\\InputMethod\\CHS\\ChsEM.dll+37fb7|C:\\Windows\\System32\\InputMethod\\CHS\\ChsEM.dll+380d5|C:\\Windows\\System32\\USER32.dll+21a81|C:\\Windows\\System32\\USER32.dll+21904|C:\\Windows\\System32\\InputMethod\\CHS\\ChsEM.dll+382ff|C:\\Windows\\System32\\InputMethod\\CHS\\ChsEM.dll+1a324|C:\\Windows\\System32\\InputMethod\\CHS\\ChsEM.dll+1a19c|C:\\Windows\\System32\\InputMethod\\CHS\\ChsEM.dll+170a4|C:\\Windows\\System32\\InputMethod\\CHS\\ChsEM.dll+10f53|C:\\Windows\\System32\\combase.dll+2b8f1|C:\\Windows\\System32\\combase.dll+2a7d0|C:\\Windows\\System32\\combase.dll+2a52c|C:\\Windows\\System32\\InputMethod\\CHS\\ChsIME.exe+f32a|C:\\Windows\\System32\\InputMethod\\CHS\\ChsIME.exe+16a07|C:\\Windows\\System32\\InputMethod\\CHS\\ChsIME.exe+a2cc|C:\\Windows\\System32\\MSCTF.dll+9599b|C:\\Windows\\System32\\MSCTF.dll+96a92|C:\\Windows\\System32\\MSCTF.dll+9736a|C:\\Windows\\System32\\USER32.dll+e858|C:\\Windows\\System32\\USER32.dll+e3dc|C:\\Windows\\System32\\USER32.dll+20c93|C:\\Windows\\SYSTEM32\\ntdll.dll+a0cd4", "EventData_SourceUser": "NT AUTHORITY\\SYSTEM", "EventData_TargetUser": "NT AUTHORITY\\SYSTEM"}
{"Provider_Name": "Microsoft-Windows-Sysmon", "Provider_Guid": "{5770385f-c22a-43e0-bf4c-06f5698ffbd9}", "Provider": null, "EventID_Qualifiers": "", "EventID": "10", "Version": "3", "Level": "4", "Task": "10", "Opcode": "0", "Keywords": "0x8000000000000000", "TimeCreated_SystemTime": "2023-09-27 07:33:50.976978", "TimeCreated": null, "EventRecordID": "32228", "Correlation_ActivityID": "", "Correlation_RelatedActivityID": "", "Correlation": null, "Execution_ProcessID": "3408", "Execution_ThreadID": "1072", "Execution": null, "Channel": "Microsoft-Windows-Sysmon/Operational", "Computer": "DESKTOP-P5C3MUD", "Security_UserID": "S-1-5-18", "Security": null, "EventData_RuleName": "-", "EventData_UtcTime": "2023-09-27 07:33:50.967", "EventData_SourceProcessGUID": "{4557fbaa-d9c0-6513-6201-000000000f00}", "EventData_SourceProcessId": "1736", "EventData_SourceThreadId": "6196", "EventData_SourceImage": "C:\\Windows\\System32\\InputMethod\\CHS\\ChsIME.exe", "EventData_TargetProcessGUID": "{4557fbaa-dade-6513-ae01-000000000f00}", "EventData_TargetProcessId": "10884", "EventData_TargetImage": "C:\\Windows\\system32\\consent.exe", "EventData_GrantedAccess": "0x00001410", "EventData_CallTrace": "C:\\Windows\\SYSTEM32\\ntdll.dll+9d314|C:\\Windows\\System32\\KERNELBASE.dll+308ee|C:\\Windows\\System32\\InputMethod\\CHS\\ChsEM.dll+37fb7|C:\\Windows\\System32\\InputMethod\\CHS\\ChsEM.dll+380d5|C:\\Windows\\System32\\USER32.dll+21a81|C:\\Windows\\System32\\USER32.dll+21904|C:\\Windows\\System32\\InputMethod\\CHS\\ChsEM.dll+382ff|C:\\Windows\\System32\\InputMethod\\CHS\\ChsEM.dll+1a324|C:\\Windows\\System32\\InputMethod\\CHS\\ChsEM.dll+1a19c|C:\\Windows\\System32\\InputMethod\\CHS\\ChsEM.dll+170a4|C:\\Windows\\System32\\InputMethod\\CHS\\ChsEM.dll+10f53|C:\\Windows\\System32\\combase.dll+2b8f1|C:\\Windows\\System32\\combase.dll+2a7d0|C:\\Windows\\System32\\combase.dll+2a52c|C:\\Windows\\System32\\InputMethod\\CHS\\ChsIME.exe+f32a|C:\\Windows\\System32\\InputMethod\\CHS\\ChsIME.exe+16a07|C:\\Windows\\System32\\InputMethod\\CHS\\ChsIME.exe+a2cc|C:\\Windows\\System32\\MSCTF.dll+9599b|C:\\Windows\\System32\\MSCTF.dll+96a92|C:\\Windows\\System32\\MSCTF.dll+9736a|C:\\Windows\\System32\\USER32.dll+e858|C:\\Windows\\System32\\USER32.dll+e3dc|C:\\Windows\\System32\\USER32.dll+20c93|C:\\Windows\\SYSTEM32\\ntdll.dll+a0cd4", "EventData_SourceUser": "NT AUTHORITY\\SYSTEM", "EventData_TargetUser": "NT AUTHORITY\\SYSTEM"}
{"Provider_Name": "Microsoft-Windows-Sysmon", "Provider_Guid": "{5770385f-c22a-43e0-bf4c-06f5698ffbd9}", "Provider": null, "EventID_Qualifiers": "", "EventID": "12", "Version": "2", "Level": "4", "Task": "12", "Opcode": "0", "Keywords": "0x8000000000000000", "TimeCreated_SystemTime": "2023-09-27 07:33:50.977036", "TimeCreated": null, "EventRecordID": "32229", "Correlation_ActivityID": "", "Correlation_RelatedActivityID": "", "Correlation": null, "Execution_ProcessID": "3408", "Execution_ThreadID": "1072", "Execution": null, "Channel": "Microsoft-Windows-Sysmon/Operational", "Computer": "DESKTOP-P5C3MUD", "Security_UserID": "S-1-5-18", "Security": null, "EventData_RuleName": "-", "EventData_EventType": "CreateKey", "EventData_UtcTime": "2023-09-27 07:33:50.967", "EventData_ProcessGuid": "{4557fbaa-d9c0-6513-6201-000000000f00}", "EventData_ProcessId": "1736", "EventData_Image": "C:\\Windows\\System32\\InputMethod\\CHS\\ChsIME.exe", "EventData_TargetObject": "HKU\\.DEFAULT\\Software\\Microsoft\\InputMethod\\Siuf\\CandidateSelected", "EventData_User": "NT AUTHORITY\\SYSTEM"}
{"Provider_Name": "Microsoft-Windows-Sysmon", "Provider_Guid": "{5770385f-c22a-43e0-bf4c-06f5698ffbd9}", "Provider": null, "EventID_Qualifiers": "", "EventID": "7", "Version": "3", "Level": "4", "Task": "7", "Opcode": "0", "Keywords": "0x8000000000000000", "TimeCreated_SystemTime": "2023-09-27 07:33:50.977459", "TimeCreated": null, "EventRecordID": "32230", "Correlation_ActivityID": "", "Correlation_RelatedActivityID": "", "Correlation": null, "Execution_ProcessID": "3408", "Execution_ThreadID": "1072", "Execution": null, "Channel": "Microsoft-Windows-Sysmon/Operational", "Computer": "DESKTOP-P5C3MUD", "Security_UserID": "S-1-5-18", "Security": null, "EventData_RuleName": "-", "EventData_UtcTime": "2023-09-27 07:33:50.967", "EventData_ProcessGuid": "{4557fbaa-dade-6513-ae01-000000000f00}", "EventData_ProcessId": "10884", "EventData_Image": "C:\\Windows\\System32\\consent.exe", "EventData_ImageLoaded": "C:\\Windows\\System32\\duser.dll", "EventData_FileVersion": "10.0.19041.546 (WinBuild.160101.0800)", "EventData_Description": "Windows DirectUser Engine", "EventData_Product": "Microsoft\u00ae Windows\u00ae Operating System", "EventData_Company": "Microsoft Corporation", "EventData_OriginalFileName": "DUser.DLL", "EventData_Hashes": "SHA1=FFC55693372B60B587EA9298B20629E2BC2906DB,MD5=0DE31834191B9524A69F8B8AAD655B3B,SHA256=C7BE8A83EF861073C9F9E510A579D42CFAE6DD04A92BDD98273E0C8A99A413CC,IMPHASH=A58EEA7A520B65403D6A57F563000A63", "EventData_Signed": "true", "EventData_Signature": "Microsoft Windows", "EventData_SignatureStatus": "Valid", "EventData_User": "NT AUTHORITY\\SYSTEM"}
{"Provider_Name": "Microsoft-Windows-Sysmon", "Provider_Guid": "{5770385f-c22a-43e0-bf4c-06f5698ffbd9}", "Provider": null, "EventID_Qualifiers": "", "EventID": "12", "Version": "2", "Level": "4", "Task": "12", "Opcode": "0", "Keywords": "0x8000000000000000", "TimeCreated_SystemTime": "2023-09-27 07:33:50.980177", "TimeCreated": null, "EventRecordID": "32231", "Correlation_ActivityID": "", "Correlation_RelatedActivityID": "", "Correlation": null, "Execution_ProcessID": "3408", "Execution_ThreadID": "1072", "Execution": null, "Channel": "Microsoft-Windows-Sysmon/Operational", "Computer": "DESKTOP-P5C3MUD", "Security_UserID": "S-1-5-18", "Security": null, "EventData_RuleName": "-", "EventData_EventType": "CreateKey", "EventData_UtcTime": "2023-09-27 07:33:50.967", "EventData_ProcessGuid": "{4557fbaa-dade-6513-ae01-000000000f00}", "EventData_ProcessId": "10884", "EventData_Image": "C:\\Windows\\system32\\consent.exe", "EventData_TargetObject": "HKU\\.DEFAULT\\Software\\Microsoft\\Windows\\CurrentVersion\\Explorer\\Accent", "EventData_User": "NT AUTHORITY\\SYSTEM"}
