{"Provider_Name": "Microsoft-Windows-Sysmon", "Provider_Guid": "{5770385f-c22a-43e0-bf4c-06f5698ffbd9}", "Provider": null, "EventID_Qualifiers": "", "EventID": "7", "Version": "3", "Level": "4", "Task": "7", "Opcode": "0", "Keywords": "0x8000000000000000", "TimeCreated_SystemTime": "2023-09-27 07:33:50.861921", "TimeCreated": null, "EventRecordID": "32067", "Correlation_ActivityID": "", "Correlation_RelatedActivityID": "", "Correlation": null, "Execution_ProcessID": "3408", "Execution_ThreadID": "1072", "Execution": null, "Channel": "Microsoft-Windows-Sysmon/Operational", "Computer": "DESKTOP-P5C3MUD", "Security_UserID": "S-1-5-18", "Security": null, "EventData_RuleName": "-", "EventData_UtcTime": "2023-09-27 07:33:50.858", "EventData_ProcessGuid": "{4557fbaa-dade-6513-ae01-000000000f00}", "EventData_ProcessId": "10884", "EventData_Image": "C:\\Windows\\System32\\consent.exe", "EventData_ImageLoaded": "C:\\Windows\\System32\\clbcatq.dll", "EventData_FileVersion": "2001.12.10941.16384 (WinBuild.160101.0800)", "EventData_Description": "COM+ Configuration Catalog", "EventData_Product": "Microsoft\u00ae Windows\u00ae Operating System", "EventData_Company": "Microsoft Corporation", "EventData_OriginalFileName": "CLBCATQ.DLL", "EventData_Hashes": "SHA1=D43C00D78E4A10507199A82F8701652E973BE2FD,MD5=24E854179CA5B82CC75ED5579C643ACC,SHA256=7E695A94C372F152C3E7BCC97DFCAAE890B7A190C5F569E5005550D917A1E806,IMPHASH=86E552D00967273D5B312EF569ADC52F", "EventData_Signed": "true", "EventData_Signature": "Microsoft Windows", "EventData_SignatureStatus": "Valid", "EventData_User": "NT AUTHORITY\\SYSTEM"}
{"Provider_Name": "Microsoft-Windows-Sysmon", "Provider_Guid": "{5770385f-c22a-43e0-bf4c-06f5698ffbd9}", "Provider": null, "EventID_Qualifiers": "", "EventID": "7", "Version": "3", "Level": "4", "Task": "7", "Opcode": "0", "Keywords": "0x8000000000000000", "TimeCreated_SystemTime": "2023-09-27 07:33:50.862669", "TimeCreated": null, "EventRecordID": "32068", "Correlation_ActivityID": "", "Correlation_RelatedActivityID": "", "Correlation": null, "Execution_ProcessID": "3408", "Execution_ThreadID": "1072", "Execution": null, "Channel": "Microsoft-Windows-Sysmon/Operational", "Computer": "DESKTOP-P5C3MUD", "Security_UserID": "S-1-5-18", "Security": null, "EventData_RuleName": "-", "EventData_UtcTime": "2023-09-27 07:33:50.858", "EventData_ProcessGuid": "{4557fbaa-dade-6513-ae01-000000000f00}", "EventData_ProcessId": "10884", "EventData_Image": "C:\\Windows\\System32\\consent.exe", "EventData_ImageLoaded": "C:\\Windows\\System32\\cryptsp.dll", "EventData_FileVersion": "10.0.19041.546 (WinBuild.160101.0800)", "EventData_Description": "Cryptographic Service Provider API", "EventData_Product": "Microsoft\u00ae Windows\u00ae Operating System", "EventData_Company": "Microsoft Corporation", "EventData_OriginalFileName": "cryptsp.dll", "EventData_Hashes": "SHA1=03AAA61CFDD8C9830383DEE534FC984EF0B815F7,MD5=A26D9BD5FE9F31F2D47F81EF95876749,SHA256=82027B8C6CE412F9C9731AF5E904291DAE944C3845EBFEF2AF86C8543C8AD5A7,IMPHASH=A9B9D04D0B53DC48ABB37BE77AD01B55", "EventData_Signed": "true", "EventData_Signature": "Microsoft Windows", "EventData_SignatureStatus": "Valid", "EventData_User": "NT AUTHORITY\\SYSTEM"}
{"Provider_Name": "Microsoft-Windows-Sysmon", "Provider_Guid": "{5770385f-c22a-43e0-bf4c-06f5698ffbd9}", "Provider": null, "EventID_Qualifiers": "", "EventID": "7", "Version": "3", "Level": "4", "Task": "7", "Opcode": "0", "Keywords": "0x8000000000000000", "TimeCreated_SystemTime": "2023-09-27 07:33:50.862940", "TimeCreated": null, "EventRecordID": "32069", "Correlation_ActivityID": "", "Correlation_RelatedActivityID": "", "Correlation": null, "Execution_ProcessID": "3408", "Execution_ThreadID": "1072", "Execution": null, "Channel": "Microsoft-Windows-Sysmon/Operational", "Computer": "DESKTOP-P5C3MUD", "Security_UserID": "S-1-5-18", "Security": null, "EventData_RuleName": "-", "EventData_UtcTime": "2023-09-27 07:33:50.858", "EventData_ProcessGuid": "{4557fbaa-dade-6513-ae01-000000000f00}", "EventData_ProcessId": "10884", "EventData_Image": "C:\\Windows\\System32\\consent.exe", "EventData_ImageLoaded": "C:\\Windows\\System32\\bcrypt.dll", "EventData_FileVersion": "10.0.19041.3208 (WinBuild.160101.0800)", "EventData_Description": "Windows Cryptographic Primitives Library", "EventData_Product": "Microsoft\u00ae Windows\u00ae Operating System", "EventData_Company": "Microsoft Corporation", "EventData_OriginalFileName": "bcrypt.dll", "EventData_Hashes": "SHA1=2E52850265489F1D7341A77DA07DC6B7DDF7CCD1,MD5=97E069C0F044C0488280A19297489A7F,SHA256=B44118094DFA7A100B42B338BCE94240616F253458AF74E205C864A756CD4F6E,IMPHASH=F8A5CF8F7AF31A59E7541332D16C6ABA", "EventData_Signed": "true", "EventData_Signature": "Microsoft Windows", "EventData_SignatureStatus": "Valid", "EventData_User": "NT AUTHORITY\\SYSTEM"}
{"Provider_Name": "Microsoft-Windows-Sysmon", "Provider_Guid": "{5770385f-c22a-43e0-bf4c-06f5698ffbd9}", "Provider": null, "EventID_Qualifiers": "", "EventID": "7", "Version": "3", "Level": "4", "Task": "7", "Opcode": "0", "Keywords": "0x8000000000000000", "TimeCreated_SystemTime": "2023-09-27 07:33:50.863552", "TimeCreated": null, "EventRecordID": "32070", "Correlation_ActivityID": "", "Correlation_RelatedActivityID": "", "Correlation": null, "Execution_ProcessID": "3408", "Execution_ThreadID": "1072", "Execution": null, "Channel": "Microsoft-Windows-Sysmon/Operational", "Computer": "DESKTOP-P5C3MUD", "Security_UserID": "S-1-5-18", "Security": null, "EventData_RuleName": "-", "EventData_UtcTime": "2023-09-27 07:33:50.858", "EventData_ProcessGuid": "{4557fbaa-dade-6513-ae01-000000000f00}", "EventData_ProcessId": "10884", "EventData_Image": "C:\\Windows\\System32\\consent.exe", "EventData_ImageLoaded": "C:\\Windows\\System32\\cryptbase.dll", "EventData_FileVersion": "10.0.19041.546 (WinBuild.160101.0800)", "EventData_Description": "Base cryptographic API DLL", "EventData_Product": "Microsoft\u00ae Windows\u00ae Operating System", "EventData_Company": "Microsoft Corporation", "EventData_OriginalFileName": "cryptbase.dll", "EventData_Hashes": "SHA1=9356BB02FC42E850639F001A104717233B441DDF,MD5=095B8F1C0F8EE3CAA09FCCA6CB92F6C0,SHA256=B50D007EE8764F7CADA9D9A395DA396201C8B18E6501B50AB809914A7588BAF1,IMPHASH=947563122A564336B8FE403CBB94531C", "EventData_Signed": "true", "EventData_Signature": "Microsoft Windows", "EventData_SignatureStatus": "Valid", "EventData_User": "NT AUTHORITY\\SYSTEM"}
{"Provider_Name": "Microsoft-Windows-Sysmon", "Provider_Guid": "{5770385f-c22a-43e0-bf4c-06f5698ffbd9}", "Provider": null, "EventID_Qualifiers": "", "EventID": "7", "Version": "3", "Level": "4", "Task": "7", "Opcode": "0", "Keywords": "0x8000000000000000", "TimeCreated_SystemTime": "2023-09-27 07:33:50.863976", "TimeCreated": null, "EventRecordID": "32071", "Correlation_ActivityID": "", "Correlation_RelatedActivityID": "", "Correlation": null, "Execution_ProcessID": "3408", "Execution_ThreadID": "1160", "Execution": null, "Channel": "Microsoft-Windows-Sysmon/Operational", "Computer": "DESKTOP-P5C3MUD", "Security_UserID": "S-1-5-18", "Security": null, "EventData_RuleName": "-", "EventData_UtcTime": "2023-09-27 07:33:50.842", "EventData_ProcessGuid": "{4557fbaa-dade-6513-ae01-000000000f00}", "EventData_ProcessId": "10884", "EventData_Image": "C:\\Windows\\System32\\consent.exe", "EventData_ImageLoaded": "C:\\Windows\\System32\\shell32.dll", "EventData_FileVersion": "10.0.19041.3393 (WinBuild.160101.0800)", "EventData_Description": "Windows Shell Common Dll", "EventData_Product": "Microsoft\u00ae Windows\u00ae Operating System", "EventData_Company": "Microsoft Corporation", "EventData_OriginalFileName": "SHELL32.DLL", "EventData_Hashes": "SHA1=A90C625D36E454629071DD99CC7B5B3223F19488,MD5=5CF19FB713C5F33ED7E31216EA96AB6B,SHA256=5D25870C64A19C10A3E677A3D204EEB3B6FA1277FDC482D52870D30BF256180D,IMPHASH=3648A023F5B7A5D59466101DE5AD33EF", "EventData_Signed": "true", "EventData_Signature": "Microsoft Windows", "EventData_SignatureStatus": "Valid", "EventData_User": "NT AUTHORITY\\SYSTEM"}
{"Provider_Name": "Microsoft-Windows-Sysmon", "Provider_Guid": "{5770385f-c22a-43e0-bf4c-06f5698ffbd9}", "Provider": null, "EventID_Qualifiers": "", "EventID": "12", "Version": "2", "Level": "4", "Task": "12", "Opcode": "0", "Keywords": "0x8000000000000000", "TimeCreated_SystemTime": "2023-09-27 07:33:50.866327", "TimeCreated": null, "EventRecordID": "32072", "Correlation_ActivityID": "", "Correlation_RelatedActivityID": "", "Correlation": null, "Execution_ProcessID": "3408", "Execution_ThreadID": "1072", "Execution": null, "Channel": "Microsoft-Windows-Sysmon/Operational", "Computer": "DESKTOP-P5C3MUD", "Security_UserID": "S-1-5-18", "Security": null, "EventData_RuleName": "-", "EventData_EventType": "CreateKey", "EventData_UtcTime": "2023-09-27 07:33:50.858", "EventData_ProcessGuid": "{4557fbaa-dade-6513-ae01-000000000f00}", "EventData_ProcessId": "10884", "EventData_Image": "C:\\Windows\\system32\\consent.exe", "EventData_TargetObject": "HKU\\S-1-5-21-2994737283-653069417-2221972583-1001\\SOFTWARE\\Microsoft\\SystemCertificates\\CA", "EventData_User": "NT AUTHORITY\\SYSTEM"}
{"Provider_Name": "Microsoft-Windows-Sysmon", "Provider_Guid": "{5770385f-c22a-43e0-bf4c-06f5698ffbd9}", "Provider": null, "EventID_Qualifiers": "", "EventID": "12", "Version": "2", "Level": "4", "Task": "12", "Opcode": "0", "Keywords": "0x8000000000000000", "TimeCreated_SystemTime": "2023-09-27 07:33:50.866388", "TimeCreated": null, "EventRecordID": "32073", "Correlation_ActivityID": "", "Correlation_RelatedActivityID": "", "Correlation": null, "Execution_ProcessID": "3408", "Execution_ThreadID": "1072", "Execution": null, "Channel": "Microsoft-Windows-Sysmon/Operational", "Computer": "DESKTOP-P5C3MUD", "Security_UserID": "S-1-5-18", "Security": null, "EventData_RuleName": "-", "EventData_EventType": "CreateKey", "EventData_UtcTime": "2023-09-27 07:33:50.858", "EventData_ProcessGuid": "{4557fbaa-dade-6513-ae01-000000000f00}", "EventData_ProcessId": "10884", "EventData_Image": "C:\\Windows\\system32\\consent.exe", "EventData_TargetObject": "HKU\\S-1-5-21-2994737283-653069417-2221972583-1001\\SOFTWARE\\Microsoft\\SystemCertificates\\CA", "EventData_User": "NT AUTHORITY\\SYSTEM"}
{"Provider_Name": "Microsoft-Windows-Sysmon", "Provider_Guid": "{5770385f-c22a-43e0-bf4c-06f5698ffbd9}", "Provider": null, "EventID_Qualifiers": "", "EventID": "12", "Version": "2", "Level": "4", "Task": "12", "Opcode": "0", "Keywords": "0x8000000000000000", "TimeCreated_SystemTime": "2023-09-27 07:33:50.866419", "TimeCreated": null, "EventRecordID": "32074", "Correlation_ActivityID": "", "Correlation_RelatedActivityID": "", "Correlation": null, "Execution_ProcessID": "3408", "Execution_ThreadID": "1072", "Execution": null, "Channel": "Microsoft-Windows-Sysmon/Operational", "Computer": "DESKTOP-P5C3MUD", "Security_UserID": "S-1-5-18", "Security": null, "EventData_RuleName": "-", "EventData_EventType": "CreateKey", "EventData_UtcTime": "2023-09-27 07:33:50.858", "EventData_ProcessGuid": "{4557fbaa-dade-6513-ae01-000000000f00}", "EventData_ProcessId": "10884", "EventData_Image": "C:\\Windows\\system32\\consent.exe", "EventData_TargetObject": "HKU\\S-1-5-21-2994737283-653069417-2221972583-1001\\SOFTWARE\\Microsoft\\SystemCertificates\\CA\\Certificates", "EventData_User": "NT AUTHORITY\\SYSTEM"}
{"Provider_Name": "Microsoft-Windows-Sysmon", "Provider_Guid": "{5770385f-c22a-43e0-bf4c-06f5698ffbd9}", "Provider": null, "EventID_Qualifiers": "", "EventID": "12", "Version": "2", "Level": "4", "Task": "12", "Opcode": "0", "Keywords": "0x8000000000000000", "TimeCreated_SystemTime": "2023-09-27 07:33:50.866699", "TimeCreated": null, "EventRecordID": "32075", "Correlation_ActivityID": "", "Correlation_RelatedActivityID": "", "Correlation": null, "Execution_ProcessID": "3408", "Execution_ThreadID": "1072", "Execution": null, "Channel": "Microsoft-Windows-Sysmon/Operational", "Computer": "DESKTOP-P5C3MUD", "Security_UserID": "S-1-5-18", "Security": null, "EventData_RuleName": "-", "EventData_EventType": "CreateKey", "EventData_UtcTime": "2023-09-27 07:33:50.858", "EventData_ProcessGuid": "{4557fbaa-dade-6513-ae01-000000000f00}", "EventData_ProcessId": "10884", "EventData_Image": "C:\\Windows\\system32\\consent.exe", "EventData_TargetObject": "HKU\\S-1-5-21-2994737283-653069417-2221972583-1001\\SOFTWARE\\Microsoft\\SystemCertificates\\CA\\CRLs", "EventData_User": "NT AUTHORITY\\SYSTEM"}
{"Provider_Name": "Microsoft-Windows-Sysmon", "Provider_Guid": "{5770385f-c22a-43e0-bf4c-06f5698ffbd9}", "Provider": null, "EventID_Qualifiers": "", "EventID": "12", "Version": "2", "Level": "4", "Task": "12", "Opcode": "0", "Keywords": "0x8000000000000000", "TimeCreated_SystemTime": "2023-09-27 07:33:50.866739", "TimeCreated": null, "EventRecordID": "32076", "Correlation_ActivityID": "", "Correlation_RelatedActivityID": "", "Correlation": null, "Execution_ProcessID": "3408", "Execution_ThreadID": "1072", "Execution": null, "Channel": "Microsoft-Windows-Sysmon/Operational", "Computer": "DESKTOP-P5C3MUD", "Security_UserID": "S-1-5-18", "Security": null, "EventData_RuleName": "-", "EventData_EventType": "CreateKey", "EventData_UtcTime": "2023-09-27 07:33:50.858", "EventData_ProcessGuid": "{4557fbaa-dade-6513-ae01-000000000f00}", "EventData_ProcessId": "10884", "EventData_Image": "C:\\Windows\\system32\\consent.exe", "EventData_TargetObject": "HKU\\S-1-5-21-2994737283-653069417-2221972583-1001\\SOFTWARE\\Microsoft\\SystemCertificates\\CA\\CTLs", "EventData_User": "NT AUTHORITY\\SYSTEM"}
{"Provider_Name": "Microsoft-Windows-Sysmon", "Provider_Guid": "{5770385f-c22a-43e0-bf4c-06f5698ffbd9}", "Provider": null, "EventID_Qualifiers": "", "EventID": "12", "Version": "2", "Level": "4", "Task": "12", "Opcode": "0", "Keywords": "0x8000000000000000", "TimeCreated_SystemTime": "2023-09-27 07:33:50.866800", "TimeCreated": null, "EventRecordID": "32077", "Correlation_ActivityID": "", "Correlation_RelatedActivityID": "", "Correlation": null, "Execution_ProcessID": "3408", "Execution_ThreadID": "1072", "Execution": null, "Channel": "Microsoft-Windows-Sysmon/Operational", "Computer": "DESKTOP-P5C3MUD", "Security_UserID": "S-1-5-18", "Security": null, "EventData_RuleName": "-", "EventData_EventType": "CreateKey", "EventData_UtcTime": "2023-09-27 07:33:50.858", "EventData_ProcessGuid": "{4557fbaa-dade-6513-ae01-000000000f00}", "EventData_ProcessId": "10884", "EventData_Image": "C:\\Windows\\system32\\consent.exe", "EventData_TargetObject": "HKU\\S-1-5-21-2994737283-653069417-2221972583-1001\\SOFTWARE", "EventData_User": "NT AUTHORITY\\SYSTEM"}
{"Provider_Name": "Microsoft-Windows-Sysmon", "Provider_Guid": "{5770385f-c22a-43e0-bf4c-06f5698ffbd9}", "Provider": null, "EventID_Qualifiers": "", "EventID": "12", "Version": "2", "Level": "4", "Task": "12", "Opcode": "0", "Keywords": "0x8000000000000000", "TimeCreated_SystemTime": "2023-09-27 07:33:50.866833", "TimeCreated": null, "EventRecordID": "32078", "Correlation_ActivityID": "", "Correlation_RelatedActivityID": "", "Correlation": null, "Execution_ProcessID": "3408", "Execution_ThreadID": "1072", "Execution": null, "Channel": "Microsoft-Windows-Sysmon/Operational", "Computer": "DESKTOP-P5C3MUD", "Security_UserID": "S-1-5-18", "Security": null, "EventData_RuleName": "-", "EventData_EventType": "CreateKey", "EventData_UtcTime": "2023-09-27 07:33:50.858", "EventData_ProcessGuid": "{4557fbaa-dade-6513-ae01-000000000f00}", "EventData_ProcessId": "10884", "EventData_Image": "C:\\Windows\\system32\\consent.exe", "EventData_TargetObject": "HKU\\S-1-5-21-2994737283-653069417-2221972583-1001\\SOFTWARE\\Policies", "EventData_User": "NT AUTHORITY\\SYSTEM"}
{"Provider_Name": "Microsoft-Windows-Sysmon", "Provider_Guid": "{5770385f-c22a-43e0-bf4c-06f5698ffbd9}", "Provider": null, "EventID_Qualifiers": "", "EventID": "12", "Version": "2", "Level": "4", "Task": "12", "Opcode": "0", "Keywords": "0x8000000000000000", "TimeCreated_SystemTime": "2023-09-27 07:33:50.866867", "TimeCreated": null, "EventRecordID": "32079", "Correlation_ActivityID": "", "Correlation_RelatedActivityID": "", "Correlation": null, "Execution_ProcessID": "3408", "Execution_ThreadID": "1072", "Execution": null, "Channel": "Microsoft-Windows-Sysmon/Operational", "Computer": "DESKTOP-P5C3MUD", "Security_UserID": "S-1-5-18", "Security": null, "EventData_RuleName": "-", "EventData_EventType": "CreateKey", "EventData_UtcTime": "2023-09-27 07:33:50.858", "EventData_ProcessGuid": "{4557fbaa-dade-6513-ae01-000000000f00}", "EventData_ProcessId": "10884", "EventData_Image": "C:\\Windows\\system32\\consent.exe", "EventData_TargetObject": "HKU\\S-1-5-21-2994737283-653069417-2221972583-1001\\SOFTWARE\\Policies\\Microsoft", "EventData_User": "NT AUTHORITY\\SYSTEM"}
{"Provider_Name": "Microsoft-Windows-Sysmon", "Provider_Guid": "{5770385f-c22a-43e0-bf4c-06f5698ffbd9}", "Provider": null, "EventID_Qualifiers": "", "EventID": "12", "Version": "2", "Level": "4", "Task": "12", "Opcode": "0", "Keywords": "0x8000000000000000", "TimeCreated_SystemTime": "2023-09-27 07:33:50.866886", "TimeCreated": null, "EventRecordID": "32080", "Correlation_ActivityID": "", "Correlation_RelatedActivityID": "", "Correlation": null, "Execution_ProcessID": "3408", "Execution_ThreadID": "1072", "Execution": null, "Channel": "Microsoft-Windows-Sysmon/Operational", "Computer": "DESKTOP-P5C3MUD", "Security_UserID": "S-1-5-18", "Security": null, "EventData_RuleName": "-", "EventData_EventType": "CreateKey", "EventData_UtcTime": "2023-09-27 07:33:50.858", "EventData_ProcessGuid": "{4557fbaa-dade-6513-ae01-000000000f00}", "EventData_ProcessId": "10884", "EventData_Image": "C:\\Windows\\system32\\consent.exe", "EventData_TargetObject": "HKU\\S-1-5-21-2994737283-653069417-2221972583-1001\\SOFTWARE\\Policies\\Microsoft\\SystemCertificates", "EventData_User": "NT AUTHORITY\\SYSTEM"}
{"Provider_Name": "Microsoft-Windows-Sysmon", "Provider_Guid": "{5770385f-c22a-43e0-bf4c-06f5698ffbd9}", "Provider": null, "EventID_Qualifiers": "", "EventID": "12", "Version": "2", "Level": "4", "Task": "12", "Opcode": "0", "Keywords": "0x8000000000000000", "TimeCreated_SystemTime": "2023-09-27 07:33:50.866928", "TimeCreated": null, "EventRecordID": "32081", "Correlation_ActivityID": "", "Correlation_RelatedActivityID": "", "Correlation": null, "Execution_ProcessID": "3408", "Execution_ThreadID": "1072", "Execution": null, "Channel": "Microsoft-Windows-Sysmon/Operational", "Computer": "DESKTOP-P5C3MUD", "Security_UserID": "S-1-5-18", "Security": null, "EventData_RuleName": "-", "EventData_EventType": "CreateKey", "EventData_UtcTime": "2023-09-27 07:33:50.858", "EventData_ProcessGuid": "{4557fbaa-dade-6513-ae01-000000000f00}", "EventData_ProcessId": "10884", "EventData_Image": "C:\\Windows\\system32\\consent.exe", "EventData_TargetObject": "HKLM\\SOFTWARE", "EventData_User": "NT AUTHORITY\\SYSTEM"}
{"Provider_Name": "Microsoft-Windows-Sysmon", "Provider_Guid": "{5770385f-c22a-43e0-bf4c-06f5698ffbd9}", "Provider": null, "EventID_Qualifiers": "", "EventID": "12", "Version": "2", "Level": "4", "Task": "12", "Opcode": "0", "Keywords": "0x8000000000000000", "TimeCreated_SystemTime": "2023-09-27 07:33:50.866945", "TimeCreated": null, "EventRecordID": "32082", "Correlation_ActivityID": "", "Correlation_RelatedActivityID": "", "Correlation": null, "Execution_ProcessID": "3408", "Execution_ThreadID": "1072", "Execution": null, "Channel": "Microsoft-Windows-Sysmon/Operational", "Computer": "DESKTOP-P5C3MUD", "Security_UserID": "S-1-5-18", "Security": null, "EventData_RuleName": "-", "EventData_EventType": "CreateKey", "EventData_UtcTime": "2023-09-27 07:33:50.858", "EventData_ProcessGuid": "{4557fbaa-dade-6513-ae01-000000000f00}", "EventData_ProcessId": "10884", "EventData_Image": "C:\\Windows\\system32\\consent.exe", "EventData_TargetObject": "HKLM\\SOFTWARE\\Microsoft", "EventData_User": "NT AUTHORITY\\SYSTEM"}
{"Provider_Name": "Microsoft-Windows-Sysmon", "Provider_Guid": "{5770385f-c22a-43e0-bf4c-06f5698ffbd9}", "Provider": null, "EventID_Qualifiers": "", "EventID": "12", "Version": "2", "Level": "4", "Task": "12", "Opcode": "0", "Keywords": "0x8000000000000000", "TimeCreated_SystemTime": "2023-09-27 07:33:50.866962", "TimeCreated": null, "EventRecordID": "32083", "Correlation_ActivityID": "", "Correlation_RelatedActivityID": "", "Correlation": null, "Execution_ProcessID": "3408", "Execution_ThreadID": "1072", "Execution": null, "Channel": "Microsoft-Windows-Sysmon/Operational", "Computer": "DESKTOP-P5C3MUD", "Security_UserID": "S-1-5-18", "Security": null, "EventData_RuleName": "-", "EventData_EventType": "CreateKey", "EventData_UtcTime": "2023-09-27 07:33:50.858", "EventData_ProcessGuid": "{4557fbaa-dade-6513-ae01-000000000f00}", "EventData_ProcessId": "10884", "EventData_Image": "C:\\Windows\\system32\\consent.exe", "EventData_TargetObject": "HKLM\\SOFTWARE\\Microsoft\\SystemCertificates", "EventData_User": "NT AUTHORITY\\SYSTEM"}
{"Provider_Name": "Microsoft-Windows-Sysmon", "Provider_Guid": "{5770385f-c22a-43e0-bf4c-06f5698ffbd9}", "Provider": null, "EventID_Qualifiers": "", "EventID": "12", "Version": "2", "Level": "4", "Task": "12", "Opcode": "0", "Keywords": "0x8000000000000000", "TimeCreated_SystemTime": "2023-09-27 07:33:50.867022", "TimeCreated": null, "EventRecordID": "32084", "Correlation_ActivityID": "", "Correlation_RelatedActivityID": "", "Correlation": null, "Execution_ProcessID": "3408", "Execution_ThreadID": "1072", "Execution": null, "Channel": "Microsoft-Windows-Sysmon/Operational", "Computer": "DESKTOP-P5C3MUD", "Security_UserID": "S-1-5-18", "Security": null, "EventData_RuleName": "-", "EventData_EventType": "CreateKey", "EventData_UtcTime": "2023-09-27 07:33:50.858", "EventData_ProcessGuid": "{4557fbaa-dade-6513-ae01-000000000f00}", "EventData_ProcessId": "10884", "EventData_Image": "C:\\Windows\\system32\\consent.exe", "EventData_TargetObject": "HKLM\\SOFTWARE", "EventData_User": "NT AUTHORITY\\SYSTEM"}
{"Provider_Name": "Microsoft-Windows-Sysmon", "Provider_Guid": "{5770385f-c22a-43e0-bf4c-06f5698ffbd9}", "Provider": null, "EventID_Qualifiers": "", "EventID": "12", "Version": "2", "Level": "4", "Task": "12", "Opcode": "0", "Keywords": "0x8000000000000000", "TimeCreated_SystemTime": "2023-09-27 07:33:50.867046", "TimeCreated": null, "EventRecordID": "32085", "Correlation_ActivityID": "", "Correlation_RelatedActivityID": "", "Correlation": null, "Execution_ProcessID": "3408", "Execution_ThreadID": "1072", "Execution": null, "Channel": "Microsoft-Windows-Sysmon/Operational", "Computer": "DESKTOP-P5C3MUD", "Security_UserID": "S-1-5-18", "Security": null, "EventData_RuleName": "-", "EventData_EventType": "CreateKey", "EventData_UtcTime": "2023-09-27 07:33:50.858", "EventData_ProcessGuid": "{4557fbaa-dade-6513-ae01-000000000f00}", "EventData_ProcessId": "10884", "EventData_Image": "C:\\Windows\\system32\\consent.exe", "EventData_TargetObject": "HKLM\\SOFTWARE\\Microsoft", "EventData_User": "NT AUTHORITY\\SYSTEM"}
{"Provider_Name": "Microsoft-Windows-Sysmon", "Provider_Guid": "{5770385f-c22a-43e0-bf4c-06f5698ffbd9}", "Provider": null, "EventID_Qualifiers": "", "EventID": "12", "Version": "2", "Level": "4", "Task": "12", "Opcode": "0", "Keywords": "0x8000000000000000", "TimeCreated_SystemTime": "2023-09-27 07:33:50.867065", "TimeCreated": null, "EventRecordID": "32086", "Correlation_ActivityID": "", "Correlation_RelatedActivityID": "", "Correlation": null, "Execution_ProcessID": "3408", "Execution_ThreadID": "1072", "Execution": null, "Channel": "Microsoft-Windows-Sysmon/Operational", "Computer": "DESKTOP-P5C3MUD", "Security_UserID": "S-1-5-18", "Security": null, "EventData_RuleName": "-", "EventData_EventType": "CreateKey", "EventData_UtcTime": "2023-09-27 07:33:50.858", "EventData_ProcessGuid": "{4557fbaa-dade-6513-ae01-000000000f00}", "EventData_ProcessId": "10884", "EventData_Image": "C:\\Windows\\system32\\consent.exe", "EventData_TargetObject": "HKLM\\SOFTWARE\\Microsoft\\SystemCertificates", "EventData_User": "NT AUTHORITY\\SYSTEM"}
{"Provider_Name": "Microsoft-Windows-Sysmon", "Provider_Guid": "{5770385f-c22a-43e0-bf4c-06f5698ffbd9}", "Provider": null, "EventID_Qualifiers": "", "EventID": "7", "Version": "3", "Level": "4", "Task": "7", "Opcode": "0", "Keywords": "0x8000000000000000", "TimeCreated_SystemTime": "2023-09-27 07:33:50.867174", "TimeCreated": null, "EventRecordID": "32087", "Correlation_ActivityID": "", "Correlation_RelatedActivityID": "", "Correlation": null, "Execution_ProcessID": "3408", "Execution_ThreadID": "1160", "Execution": null, "Channel": "Microsoft-Windows-Sysmon/Operational", "Computer": "DESKTOP-P5C3MUD", "Security_UserID": "S-1-5-18", "Security": null, "EventData_RuleName": "-", "EventData_UtcTime": "2023-09-27 07:33:50.858", "EventData_ProcessGuid": "{4557fbaa-dade-6513-ae01-000000000f00}", "EventData_ProcessId": "10884", "EventData_Image": "C:\\Windows\\System32\\consent.exe", "EventData_ImageLoaded": "C:\\Windows\\System32\\rsaenh.dll", "EventData_FileVersion": "10.0.19041.1052 (WinBuild.160101.0800)", "EventData_Description": "Microsoft Enhanced Cryptographic Provider", "EventData_Product": "Microsoft\u00ae Windows\u00ae Operating System", "EventData_Company": "Microsoft Corporation", "EventData_OriginalFileName": "rsaenh.dll", "EventData_Hashes": "SHA1=822C4FADBE633D524C6921CDF48848227FB60AB5,MD5=745A6645F03EFE4B893575565301E677,SHA256=C9FD8377D6C328B2F01C687DAC95E9005C8BB0A4AA230B12DAA7C3CD3367F19A,IMPHASH=A4C20B1A7B632846186AD47A0810709E", "EventData_Signed": "true", "EventData_Signature": "Microsoft Windows", "EventData_SignatureStatus": "Valid", "EventData_User": "NT AUTHORITY\\SYSTEM"}
{"Provider_Name": "Microsoft-Windows-Sysmon", "Provider_Guid": "{5770385f-c22a-43e0-bf4c-06f5698ffbd9}", "Provider": null, "EventID_Qualifiers": "", "EventID": "12", "Version": "2", "Level": "4", "Task": "12", "Opcode": "0", "Keywords": "0x8000000000000000", "TimeCreated_SystemTime": "2023-09-27 07:33:50.867254", "TimeCreated": null, "EventRecordID": "32088", "Correlation_ActivityID": "", "Correlation_RelatedActivityID": "", "Correlation": null, "Execution_ProcessID": "3408", "Execution_ThreadID": "1072", "Execution": null, "Channel": "Microsoft-Windows-Sysmon/Operational", "Computer": "DESKTOP-P5C3MUD", "Security_UserID": "S-1-5-18", "Security": null, "EventData_RuleName": "-", "EventData_EventType": "CreateKey", "EventData_UtcTime": "2023-09-27 07:33:50.858", "EventData_ProcessGuid": "{4557fbaa-dade-6513-ae01-000000000f00}", "EventData_ProcessId": "10884", "EventData_Image": "C:\\Windows\\system32\\consent.exe", "EventData_TargetObject": "HKLM\\SOFTWARE", "EventData_User": "NT AUTHORITY\\SYSTEM"}
{"Provider_Name": "Microsoft-Windows-Sysmon", "Provider_Guid": "{5770385f-c22a-43e0-bf4c-06f5698ffbd9}", "Provider": null, "EventID_Qualifiers": "", "EventID": "12", "Version": "2", "Level": "4", "Task": "12", "Opcode": "0", "Keywords": "0x8000000000000000", "TimeCreated_SystemTime": "2023-09-27 07:33:50.867277", "TimeCreated": null, "EventRecordID": "32089", "Correlation_ActivityID": "", "Correlation_RelatedActivityID": "", "Correlation": null, "Execution_ProcessID": "3408", "Execution_ThreadID": "1072", "Execution": null, "Channel": "Microsoft-Windows-Sysmon/Operational", "Computer": "DESKTOP-P5C3MUD", "Security_UserID": "S-1-5-18", "Security": null, "EventData_RuleName": "-", "EventData_EventType": "CreateKey", "EventData_UtcTime": "2023-09-27 07:33:50.858", "EventData_ProcessGuid": "{4557fbaa-dade-6513-ae01-000000000f00}", "EventData_ProcessId": "10884", "EventData_Image": "C:\\Windows\\system32\\consent.exe", "EventData_TargetObject": "HKLM\\SOFTWARE\\Policies", "EventData_User": "NT AUTHORITY\\SYSTEM"}
{"Provider_Name": "Microsoft-Windows-Sysmon", "Provider_Guid": "{5770385f-c22a-43e0-bf4c-06f5698ffbd9}", "Provider": null, "EventID_Qualifiers": "", "EventID": "12", "Version": "2", "Level": "4", "Task": "12", "Opcode": "0", "Keywords": "0x8000000000000000", "TimeCreated_SystemTime": "2023-09-27 07:33:50.867294", "TimeCreated": null, "EventRecordID": "32090", "Correlation_ActivityID": "", "Correlation_RelatedActivityID": "", "Correlation": null, "Execution_ProcessID": "3408", "Execution_ThreadID": "1072", "Execution": null, "Channel": "Microsoft-Windows-Sysmon/Operational", "Computer": "DESKTOP-P5C3MUD", "Security_UserID": "S-1-5-18", "Security": null, "EventData_RuleName": "-", "EventData_EventType": "CreateKey", "EventData_UtcTime": "2023-09-27 07:33:50.858", "EventData_ProcessGuid": "{4557fbaa-dade-6513-ae01-000000000f00}", "EventData_ProcessId": "10884", "EventData_Image": "C:\\Windows\\system32\\consent.exe", "EventData_TargetObject": "HKLM\\SOFTWARE\\Policies\\Microsoft", "EventData_User": "NT AUTHORITY\\SYSTEM"}
{"Provider_Name": "Microsoft-Windows-Sysmon", "Provider_Guid": "{5770385f-c22a-43e0-bf4c-06f5698ffbd9}", "Provider": null, "EventID_Qualifiers": "", "EventID": "12", "Version": "2", "Level": "4", "Task": "12", "Opcode": "0", "Keywords": "0x8000000000000000", "TimeCreated_SystemTime": "2023-09-27 07:33:50.867313", "TimeCreated": null, "EventRecordID": "32091", "Correlation_ActivityID": "", "Correlation_RelatedActivityID": "", "Correlation": null, "Execution_ProcessID": "3408", "Execution_ThreadID": "1072", "Execution": null, "Channel": "Microsoft-Windows-Sysmon/Operational", "Computer": "DESKTOP-P5C3MUD", "Security_UserID": "S-1-5-18", "Security": null, "EventData_RuleName": "-", "EventData_EventType": "CreateKey", "EventData_UtcTime": "2023-09-27 07:33:50.858", "EventData_ProcessGuid": "{4557fbaa-dade-6513-ae01-000000000f00}", "EventData_ProcessId": "10884", "EventData_Image": "C:\\Windows\\system32\\consent.exe", "EventData_TargetObject": "HKLM\\SOFTWARE\\Policies\\Microsoft\\SystemCertificates", "EventData_User": "NT AUTHORITY\\SYSTEM"}
{"Provider_Name": "Microsoft-Windows-Sysmon", "Provider_Guid": "{5770385f-c22a-43e0-bf4c-06f5698ffbd9}", "Provider": null, "EventID_Qualifiers": "", "EventID": "12", "Version": "2", "Level": "4", "Task": "12", "Opcode": "0", "Keywords": "0x8000000000000000", "TimeCreated_SystemTime": "2023-09-27 07:33:50.867392", "TimeCreated": null, "EventRecordID": "32092", "Correlation_ActivityID": "", "Correlation_RelatedActivityID": "", "Correlation": null, "Execution_ProcessID": "3408", "Execution_ThreadID": "1072", "Execution": null, "Channel": "Microsoft-Windows-Sysmon/Operational", "Computer": "DESKTOP-P5C3MUD", "Security_UserID": "S-1-5-18", "Security": null, "EventData_RuleName": "-", "EventData_EventType": "CreateKey", "EventData_UtcTime": "2023-09-27 07:33:50.858", "EventData_ProcessGuid": "{4557fbaa-dade-6513-ae01-000000000f00}", "EventData_ProcessId": "10884", "EventData_Image": "C:\\Windows\\system32\\consent.exe", "EventData_TargetObject": "HKLM\\SOFTWARE", "EventData_User": "NT AUTHORITY\\SYSTEM"}
{"Provider_Name": "Microsoft-Windows-Sysmon", "Provider_Guid": "{5770385f-c22a-43e0-bf4c-06f5698ffbd9}", "Provider": null, "EventID_Qualifiers": "", "EventID": "12", "Version": "2", "Level": "4", "Task": "12", "Opcode": "0", "Keywords": "0x8000000000000000", "TimeCreated_SystemTime": "2023-09-27 07:33:50.867434", "TimeCreated": null, "EventRecordID": "32093", "Correlation_ActivityID": "", "Correlation_RelatedActivityID": "", "Correlation": null, "Execution_ProcessID": "3408", "Execution_ThreadID": "1072", "Execution": null, "Channel": "Microsoft-Windows-Sysmon/Operational", "Computer": "DESKTOP-P5C3MUD", "Security_UserID": "S-1-5-18", "Security": null, "EventData_RuleName": "-", "EventData_EventType": "CreateKey", "EventData_UtcTime": "2023-09-27 07:33:50.858", "EventData_ProcessGuid": "{4557fbaa-dade-6513-ae01-000000000f00}", "EventData_ProcessId": "10884", "EventData_Image": "C:\\Windows\\system32\\consent.exe", "EventData_TargetObject": "HKLM\\SOFTWARE\\Microsoft", "EventData_User": "NT AUTHORITY\\SYSTEM"}
{"Provider_Name": "Microsoft-Windows-Sysmon", "Provider_Guid": "{5770385f-c22a-43e0-bf4c-06f5698ffbd9}", "Provider": null, "EventID_Qualifiers": "", "EventID": "12", "Version": "2", "Level": "4", "Task": "12", "Opcode": "0", "Keywords": "0x8000000000000000", "TimeCreated_SystemTime": "2023-09-27 07:33:50.867462", "TimeCreated": null, "EventRecordID": "32094", "Correlation_ActivityID": "", "Correlation_RelatedActivityID": "", "Correlation": null, "Execution_ProcessID": "3408", "Execution_ThreadID": "1072", "Execution": null, "Channel": "Microsoft-Windows-Sysmon/Operational", "Computer": "DESKTOP-P5C3MUD", "Security_UserID": "S-1-5-18", "Security": null, "EventData_RuleName": "-", "EventData_EventType": "CreateKey", "EventData_UtcTime": "2023-09-27 07:33:50.858", "EventData_ProcessGuid": "{4557fbaa-dade-6513-ae01-000000000f00}", "EventData_ProcessId": "10884", "EventData_Image": "C:\\Windows\\system32\\consent.exe", "EventData_TargetObject": "HKLM\\SOFTWARE\\Microsoft\\EnterpriseCertificates", "EventData_User": "NT AUTHORITY\\SYSTEM"}
{"Provider_Name": "Microsoft-Windows-Sysmon", "Provider_Guid": "{5770385f-c22a-43e0-bf4c-06f5698ffbd9}", "Provider": null, "EventID_Qualifiers": "", "EventID": "12", "Version": "2", "Level": "4", "Task": "12", "Opcode": "0", "Keywords": "0x8000000000000000", "TimeCreated_SystemTime": "2023-09-27 07:33:50.867477", "TimeCreated": null, "EventRecordID": "32095", "Correlation_ActivityID": "", "Correlation_RelatedActivityID": "", "Correlation": null, "Execution_ProcessID": "3408", "Execution_ThreadID": "1072", "Execution": null, "Channel": "Microsoft-Windows-Sysmon/Operational", "Computer": "DESKTOP-P5C3MUD", "Security_UserID": "S-1-5-18", "Security": null, "EventData_RuleName": "-", "EventData_EventType": "CreateKey", "EventData_UtcTime": "2023-09-27 07:33:50.858", "EventData_ProcessGuid": "{4557fbaa-dade-6513-ae01-000000000f00}", "EventData_ProcessId": "10884", "EventData_Image": "C:\\Windows\\system32\\consent.exe", "EventData_TargetObject": "HKLM\\SOFTWARE", "EventData_User": "NT AUTHORITY\\SYSTEM"}
{"Provider_Name": "Microsoft-Windows-Sysmon", "Provider_Guid": "{5770385f-c22a-43e0-bf4c-06f5698ffbd9}", "Provider": null, "EventID_Qualifiers": "", "EventID": "12", "Version": "2", "Level": "4", "Task": "12", "Opcode": "0", "Keywords": "0x8000000000000000", "TimeCreated_SystemTime": "2023-09-27 07:33:50.867495", "TimeCreated": null, "EventRecordID": "32096", "Correlation_ActivityID": "", "Correlation_RelatedActivityID": "", "Correlation": null, "Execution_ProcessID": "3408", "Execution_ThreadID": "1072", "Execution": null, "Channel": "Microsoft-Windows-Sysmon/Operational", "Computer": "DESKTOP-P5C3MUD", "Security_UserID": "S-1-5-18", "Security": null, "EventData_RuleName": "-", "EventData_EventType": "CreateKey", "EventData_UtcTime": "2023-09-27 07:33:50.858", "EventData_ProcessGuid": "{4557fbaa-dade-6513-ae01-000000000f00}", "EventData_ProcessId": "10884", "EventData_Image": "C:\\Windows\\system32\\consent.exe", "EventData_TargetObject": "HKLM\\SOFTWARE\\Microsoft", "EventData_User": "NT AUTHORITY\\SYSTEM"}
{"Provider_Name": "Microsoft-Windows-Sysmon", "Provider_Guid": "{5770385f-c22a-43e0-bf4c-06f5698ffbd9}", "Provider": null, "EventID_Qualifiers": "", "EventID": "12", "Version": "2", "Level": "4", "Task": "12", "Opcode": "0", "Keywords": "0x8000000000000000", "TimeCreated_SystemTime": "2023-09-27 07:33:50.867527", "TimeCreated": null, "EventRecordID": "32097", "Correlation_ActivityID": "", "Correlation_RelatedActivityID": "", "Correlation": null, "Execution_ProcessID": "3408", "Execution_ThreadID": "1072", "Execution": null, "Channel": "Microsoft-Windows-Sysmon/Operational", "Computer": "DESKTOP-P5C3MUD", "Security_UserID": "S-1-5-18", "Security": null, "EventData_RuleName": "-", "EventData_EventType": "CreateKey", "EventData_UtcTime": "2023-09-27 07:33:50.858", "EventData_ProcessGuid": "{4557fbaa-dade-6513-ae01-000000000f00}", "EventData_ProcessId": "10884", "EventData_Image": "C:\\Windows\\system32\\consent.exe", "EventData_TargetObject": "HKLM\\SOFTWARE\\Microsoft\\EnterpriseCertificates", "EventData_User": "NT AUTHORITY\\SYSTEM"}
{"Provider_Name": "Microsoft-Windows-Sysmon", "Provider_Guid": "{5770385f-c22a-43e0-bf4c-06f5698ffbd9}", "Provider": null, "EventID_Qualifiers": "", "EventID": "12", "Version": "2", "Level": "4", "Task": "12", "Opcode": "0", "Keywords": "0x8000000000000000", "TimeCreated_SystemTime": "2023-09-27 07:33:50.868080", "TimeCreated": null, "EventRecordID": "32098", "Correlation_ActivityID": "", "Correlation_RelatedActivityID": "", "Correlation": null, "Execution_ProcessID": "3408", "Execution_ThreadID": "1072", "Execution": null, "Channel": "Microsoft-Windows-Sysmon/Operational", "Computer": "DESKTOP-P5C3MUD", "Security_UserID": "S-1-5-18", "Security": null, "EventData_RuleName": "-", "EventData_EventType": "CreateKey", "EventData_UtcTime": "2023-09-27 07:33:50.858", "EventData_ProcessGuid": "{4557fbaa-dade-6513-ae01-000000000f00}", "EventData_ProcessId": "10884", "EventData_Image": "C:\\Windows\\system32\\consent.exe", "EventData_TargetObject": "HKU\\S-1-5-21-2994737283-653069417-2221972583-1001\\SOFTWARE", "EventData_User": "NT AUTHORITY\\SYSTEM"}
{"Provider_Name": "Microsoft-Windows-Sysmon", "Provider_Guid": "{5770385f-c22a-43e0-bf4c-06f5698ffbd9}", "Provider": null, "EventID_Qualifiers": "", "EventID": "12", "Version": "2", "Level": "4", "Task": "12", "Opcode": "0", "Keywords": "0x8000000000000000", "TimeCreated_SystemTime": "2023-09-27 07:33:50.868099", "TimeCreated": null, "EventRecordID": "32099", "Correlation_ActivityID": "", "Correlation_RelatedActivityID": "", "Correlation": null, "Execution_ProcessID": "3408", "Execution_ThreadID": "1072", "Execution": null, "Channel": "Microsoft-Windows-Sysmon/Operational", "Computer": "DESKTOP-P5C3MUD", "Security_UserID": "S-1-5-18", "Security": null, "EventData_RuleName": "-", "EventData_EventType": "CreateKey", "EventData_UtcTime": "2023-09-27 07:33:50.858", "EventData_ProcessGuid": "{4557fbaa-dade-6513-ae01-000000000f00}", "EventData_ProcessId": "10884", "EventData_Image": "C:\\Windows\\system32\\consent.exe", "EventData_TargetObject": "HKU\\S-1-5-21-2994737283-653069417-2221972583-1001\\SOFTWARE\\Policies", "EventData_User": "NT AUTHORITY\\SYSTEM"}
{"Provider_Name": "Microsoft-Windows-Sysmon", "Provider_Guid": "{5770385f-c22a-43e0-bf4c-06f5698ffbd9}", "Provider": null, "EventID_Qualifiers": "", "EventID": "12", "Version": "2", "Level": "4", "Task": "12", "Opcode": "0", "Keywords": "0x8000000000000000", "TimeCreated_SystemTime": "2023-09-27 07:33:50.868120", "TimeCreated": null, "EventRecordID": "32100", "Correlation_ActivityID": "", "Correlation_RelatedActivityID": "", "Correlation": null, "Execution_ProcessID": "3408", "Execution_ThreadID": "1072", "Execution": null, "Channel": "Microsoft-Windows-Sysmon/Operational", "Computer": "DESKTOP-P5C3MUD", "Security_UserID": "S-1-5-18", "Security": null, "EventData_RuleName": "-", "EventData_EventType": "CreateKey", "EventData_UtcTime": "2023-09-27 07:33:50.858", "EventData_ProcessGuid": "{4557fbaa-dade-6513-ae01-000000000f00}", "EventData_ProcessId": "10884", "EventData_Image": "C:\\Windows\\system32\\consent.exe", "EventData_TargetObject": "HKU\\S-1-5-21-2994737283-653069417-2221972583-1001\\SOFTWARE\\Policies\\Microsoft", "EventData_User": "NT AUTHORITY\\SYSTEM"}
{"Provider_Name": "Microsoft-Windows-Sysmon", "Provider_Guid": "{5770385f-c22a-43e0-bf4c-06f5698ffbd9}", "Provider": null, "EventID_Qualifiers": "", "EventID": "12", "Version": "2", "Level": "4", "Task": "12", "Opcode": "0", "Keywords": "0x8000000000000000", "TimeCreated_SystemTime": "2023-09-27 07:33:50.868139", "TimeCreated": null, "EventRecordID": "32101", "Correlation_ActivityID": "", "Correlation_RelatedActivityID": "", "Correlation": null, "Execution_ProcessID": "3408", "Execution_ThreadID": "1072", "Execution": null, "Channel": "Microsoft-Windows-Sysmon/Operational", "Computer": "DESKTOP-P5C3MUD", "Security_UserID": "S-1-5-18", "Security": null, "EventData_RuleName": "-", "EventData_EventType": "CreateKey", "EventData_UtcTime": "2023-09-27 07:33:50.858", "EventData_ProcessGuid": "{4557fbaa-dade-6513-ae01-000000000f00}", "EventData_ProcessId": "10884", "EventData_Image": "C:\\Windows\\system32\\consent.exe", "EventData_TargetObject": "HKU\\S-1-5-21-2994737283-653069417-2221972583-1001\\SOFTWARE\\Policies\\Microsoft\\SystemCertificates", "EventData_User": "NT AUTHORITY\\SYSTEM"}
{"Provider_Name": "Microsoft-Windows-Sysmon", "Provider_Guid": "{5770385f-c22a-43e0-bf4c-06f5698ffbd9}", "Provider": null, "EventID_Qualifiers": "", "EventID": "12", "Version": "2", "Level": "4", "Task": "12", "Opcode": "0", "Keywords": "0x8000000000000000", "TimeCreated_SystemTime": "2023-09-27 07:33:50.868155", "TimeCreated": null, "EventRecordID": "32102", "Correlation_ActivityID": "", "Correlation_RelatedActivityID": "", "Correlation": null, "Execution_ProcessID": "3408", "Execution_ThreadID": "1072", "Execution": null, "Channel": "Microsoft-Windows-Sysmon/Operational", "Computer": "DESKTOP-P5C3MUD", "Security_UserID": "S-1-5-18", "Security": null, "EventData_RuleName": "-", "EventData_EventType": "CreateKey", "EventData_UtcTime": "2023-09-27 07:33:50.858", "EventData_ProcessGuid": "{4557fbaa-dade-6513-ae01-000000000f00}", "EventData_ProcessId": "10884", "EventData_Image": "C:\\Windows\\system32\\consent.exe", "EventData_TargetObject": "HKLM\\SOFTWARE", "EventData_User": "NT AUTHORITY\\SYSTEM"}
{"Provider_Name": "Microsoft-Windows-Sysmon", "Provider_Guid": "{5770385f-c22a-43e0-bf4c-06f5698ffbd9}", "Provider": null, "EventID_Qualifiers": "", "EventID": "12", "Version": "2", "Level": "4", "Task": "12", "Opcode": "0", "Keywords": "0x8000000000000000", "TimeCreated_SystemTime": "2023-09-27 07:33:50.868170", "TimeCreated": null, "EventRecordID": "32103", "Correlation_ActivityID": "", "Correlation_RelatedActivityID": "", "Correlation": null, "Execution_ProcessID": "3408", "Execution_ThreadID": "1072", "Execution": null, "Channel": "Microsoft-Windows-Sysmon/Operational", "Computer": "DESKTOP-P5C3MUD", "Security_UserID": "S-1-5-18", "Security": null, "EventData_RuleName": "-", "EventData_EventType": "CreateKey", "EventData_UtcTime": "2023-09-27 07:33:50.858", "EventData_ProcessGuid": "{4557fbaa-dade-6513-ae01-000000000f00}", "EventData_ProcessId": "10884", "EventData_Image": "C:\\Windows\\system32\\consent.exe", "EventData_TargetObject": "HKLM\\SOFTWARE\\Microsoft", "EventData_User": "NT AUTHORITY\\SYSTEM"}
{"Provider_Name": "Microsoft-Windows-Sysmon", "Provider_Guid": "{5770385f-c22a-43e0-bf4c-06f5698ffbd9}", "Provider": null, "EventID_Qualifiers": "", "EventID": "12", "Version": "2", "Level": "4", "Task": "12", "Opcode": "0", "Keywords": "0x8000000000000000", "TimeCreated_SystemTime": "2023-09-27 07:33:50.868189", "TimeCreated": null, "EventRecordID": "32104", "Correlation_ActivityID": "", "Correlation_RelatedActivityID": "", "Correlation": null, "Execution_ProcessID": "3408", "Execution_ThreadID": "1072", "Execution": null, "Channel": "Microsoft-Windows-Sysmon/Operational", "Computer": "DESKTOP-P5C3MUD", "Security_UserID": "S-1-5-18", "Security": null, "EventData_RuleName": "-", "EventData_EventType": "CreateKey", "EventData_UtcTime": "2023-09-27 07:33:50.858", "EventData_ProcessGuid": "{4557fbaa-dade-6513-ae01-000000000f00}", "EventData_ProcessId": "10884", "EventData_Image": "C:\\Windows\\system32\\consent.exe", "EventData_TargetObject": "HKLM\\SOFTWARE\\Microsoft\\SystemCertificates", "EventData_User": "NT AUTHORITY\\SYSTEM"}
{"Provider_Name": "Microsoft-Windows-Sysmon", "Provider_Guid": "{5770385f-c22a-43e0-bf4c-06f5698ffbd9}", "Provider": null, "EventID_Qualifiers": "", "EventID": "12", "Version": "2", "Level": "4", "Task": "12", "Opcode": "0", "Keywords": "0x8000000000000000", "TimeCreated_SystemTime": "2023-09-27 07:33:50.868202", "TimeCreated": null, "EventRecordID": "32105", "Correlation_ActivityID": "", "Correlation_RelatedActivityID": "", "Correlation": null, "Execution_ProcessID": "3408", "Execution_ThreadID": "1072", "Execution": null, "Channel": "Microsoft-Windows-Sysmon/Operational", "Computer": "DESKTOP-P5C3MUD", "Security_UserID": "S-1-5-18", "Security": null, "EventData_RuleName": "-", "EventData_EventType": "CreateKey", "EventData_UtcTime": "2023-09-27 07:33:50.858", "EventData_ProcessGuid": "{4557fbaa-dade-6513-ae01-000000000f00}", "EventData_ProcessId": "10884", "EventData_Image": "C:\\Windows\\system32\\consent.exe", "EventData_TargetObject": "HKLM\\SOFTWARE", "EventData_User": "NT AUTHORITY\\SYSTEM"}
{"Provider_Name": "Microsoft-Windows-Sysmon", "Provider_Guid": "{5770385f-c22a-43e0-bf4c-06f5698ffbd9}", "Provider": null, "EventID_Qualifiers": "", "EventID": "12", "Version": "2", "Level": "4", "Task": "12", "Opcode": "0", "Keywords": "0x8000000000000000", "TimeCreated_SystemTime": "2023-09-27 07:33:50.868217", "TimeCreated": null, "EventRecordID": "32106", "Correlation_ActivityID": "", "Correlation_RelatedActivityID": "", "Correlation": null, "Execution_ProcessID": "3408", "Execution_ThreadID": "1072", "Execution": null, "Channel": "Microsoft-Windows-Sysmon/Operational", "Computer": "DESKTOP-P5C3MUD", "Security_UserID": "S-1-5-18", "Security": null, "EventData_RuleName": "-", "EventData_EventType": "CreateKey", "EventData_UtcTime": "2023-09-27 07:33:50.858", "EventData_ProcessGuid": "{4557fbaa-dade-6513-ae01-000000000f00}", "EventData_ProcessId": "10884", "EventData_Image": "C:\\Windows\\system32\\consent.exe", "EventData_TargetObject": "HKLM\\SOFTWARE\\Microsoft", "EventData_User": "NT AUTHORITY\\SYSTEM"}
{"Provider_Name": "Microsoft-Windows-Sysmon", "Provider_Guid": "{5770385f-c22a-43e0-bf4c-06f5698ffbd9}", "Provider": null, "EventID_Qualifiers": "", "EventID": "12", "Version": "2", "Level": "4", "Task": "12", "Opcode": "0", "Keywords": "0x8000000000000000", "TimeCreated_SystemTime": "2023-09-27 07:33:50.868235", "TimeCreated": null, "EventRecordID": "32107", "Correlation_ActivityID": "", "Correlation_RelatedActivityID": "", "Correlation": null, "Execution_ProcessID": "3408", "Execution_ThreadID": "1072", "Execution": null, "Channel": "Microsoft-Windows-Sysmon/Operational", "Computer": "DESKTOP-P5C3MUD", "Security_UserID": "S-1-5-18", "Security": null, "EventData_RuleName": "-", "EventData_EventType": "CreateKey", "EventData_UtcTime": "2023-09-27 07:33:50.858", "EventData_ProcessGuid": "{4557fbaa-dade-6513-ae01-000000000f00}", "EventData_ProcessId": "10884", "EventData_Image": "C:\\Windows\\system32\\consent.exe", "EventData_TargetObject": "HKLM\\SOFTWARE\\Microsoft\\SystemCertificates", "EventData_User": "NT AUTHORITY\\SYSTEM"}
{"Provider_Name": "Microsoft-Windows-Sysmon", "Provider_Guid": "{5770385f-c22a-43e0-bf4c-06f5698ffbd9}", "Provider": null, "EventID_Qualifiers": "", "EventID": "12", "Version": "2", "Level": "4", "Task": "12", "Opcode": "0", "Keywords": "0x8000000000000000", "TimeCreated_SystemTime": "2023-09-27 07:33:50.868250", "TimeCreated": null, "EventRecordID": "32108", "Correlation_ActivityID": "", "Correlation_RelatedActivityID": "", "Correlation": null, "Execution_ProcessID": "3408", "Execution_ThreadID": "1072", "Execution": null, "Channel": "Microsoft-Windows-Sysmon/Operational", "Computer": "DESKTOP-P5C3MUD", "Security_UserID": "S-1-5-18", "Security": null, "EventData_RuleName": "-", "EventData_EventType": "CreateKey", "EventData_UtcTime": "2023-09-27 07:33:50.858", "EventData_ProcessGuid": "{4557fbaa-dade-6513-ae01-000000000f00}", "EventData_ProcessId": "10884", "EventData_Image": "C:\\Windows\\system32\\consent.exe", "EventData_TargetObject": "HKLM\\SOFTWARE", "EventData_User": "NT AUTHORITY\\SYSTEM"}
{"Provider_Name": "Microsoft-Windows-Sysmon", "Provider_Guid": "{5770385f-c22a-43e0-bf4c-06f5698ffbd9}", "Provider": null, "EventID_Qualifiers": "", "EventID": "12", "Version": "2", "Level": "4", "Task": "12", "Opcode": "0", "Keywords": "0x8000000000000000", "TimeCreated_SystemTime": "2023-09-27 07:33:50.868265", "TimeCreated": null, "EventRecordID": "32109", "Correlation_ActivityID": "", "Correlation_RelatedActivityID": "", "Correlation": null, "Execution_ProcessID": "3408", "Execution_ThreadID": "1072", "Execution": null, "Channel": "Microsoft-Windows-Sysmon/Operational", "Computer": "DESKTOP-P5C3MUD", "Security_UserID": "S-1-5-18", "Security": null, "EventData_RuleName": "-", "EventData_EventType": "CreateKey", "EventData_UtcTime": "2023-09-27 07:33:50.858", "EventData_ProcessGuid": "{4557fbaa-dade-6513-ae01-000000000f00}", "EventData_ProcessId": "10884", "EventData_Image": "C:\\Windows\\system32\\consent.exe", "EventData_TargetObject": "HKLM\\SOFTWARE\\Policies", "EventData_User": "NT AUTHORITY\\SYSTEM"}
{"Provider_Name": "Microsoft-Windows-Sysmon", "Provider_Guid": "{5770385f-c22a-43e0-bf4c-06f5698ffbd9}", "Provider": null, "EventID_Qualifiers": "", "EventID": "12", "Version": "2", "Level": "4", "Task": "12", "Opcode": "0", "Keywords": "0x8000000000000000", "TimeCreated_SystemTime": "2023-09-27 07:33:50.868280", "TimeCreated": null, "EventRecordID": "32110", "Correlation_ActivityID": "", "Correlation_RelatedActivityID": "", "Correlation": null, "Execution_ProcessID": "3408", "Execution_ThreadID": "1072", "Execution": null, "Channel": "Microsoft-Windows-Sysmon/Operational", "Computer": "DESKTOP-P5C3MUD", "Security_UserID": "S-1-5-18", "Security": null, "EventData_RuleName": "-", "EventData_EventType": "CreateKey", "EventData_UtcTime": "2023-09-27 07:33:50.858", "EventData_ProcessGuid": "{4557fbaa-dade-6513-ae01-000000000f00}", "EventData_ProcessId": "10884", "EventData_Image": "C:\\Windows\\system32\\consent.exe", "EventData_TargetObject": "HKLM\\SOFTWARE\\Policies\\Microsoft", "EventData_User": "NT AUTHORITY\\SYSTEM"}
