{"Provider_Name": "Microsoft-Windows-Sysmon", "Provider_Guid": "{5770385f-c22a-43e0-bf4c-06f5698ffbd9}", "Provider": null, "EventID_Qualifiers": "", "EventID": "7", "Version": "3", "Level": "4", "Task": "7", "Opcode": "0", "Keywords": "0x8000000000000000", "TimeCreated_SystemTime": "2023-09-27 07:33:51.103882", "TimeCreated": null, "EventRecordID": "32305", "Correlation_ActivityID": "", "Correlation_RelatedActivityID": "", "Correlation": null, "Execution_ProcessID": "3408", "Execution_ThreadID": "1160", "Execution": null, "Channel": "Microsoft-Windows-Sysmon/Operational", "Computer": "DESKTOP-P5C3MUD", "Security_UserID": "S-1-5-18", "Security": null, "EventData_RuleName": "-", "EventData_UtcTime": "2023-09-27 07:33:51.014", "EventData_ProcessGuid": "{4557fbaa-d9c0-6513-6201-000000000f00}", "EventData_ProcessId": "1736", "EventData_Image": "C:\\Windows\\System32\\InputMethod\\CHS\\ChsIME.exe", "EventData_ImageLoaded": "C:\\Windows\\System32\\OnDemandConnRouteHelper.dll", "EventData_FileVersion": "10.0.19041.2311 (WinBuild.160101.0800)", "EventData_Description": "On Demand Connctiond Route Helper", "EventData_Product": "Microsoft\u00ae Windows\u00ae Operating System", "EventData_Company": "Microsoft Corporation", "EventData_OriginalFileName": "OnDemandConnRouteHelper.dll", "EventData_Hashes": "SHA1=2E1FF39A5F6E785F98953D27B86F236528E52460,MD5=4D9E2E387700816976BF76A612E46CD7,SHA256=1DA537FD65A0ECE300F2443F44514116285458F4B5CAAE1890AF5C5A59CF80EE,IMPHASH=48D15928B7CDAE9E088E08F2C8DE7CFE", "EventData_Signed": "true", "EventData_Signature": "Microsoft Windows", "EventData_SignatureStatus": "Valid", "EventData_User": "NT AUTHORITY\\SYSTEM"}
{"Provider_Name": "Microsoft-Windows-Sysmon", "Provider_Guid": "{5770385f-c22a-43e0-bf4c-06f5698ffbd9}", "Provider": null, "EventID_Qualifiers": "", "EventID": "12", "Version": "2", "Level": "4", "Task": "12", "Opcode": "0", "Keywords": "0x8000000000000000", "TimeCreated_SystemTime": "2023-09-27 07:33:51.104595", "TimeCreated": null, "EventRecordID": "32306", "Correlation_ActivityID": "", "Correlation_RelatedActivityID": "", "Correlation": null, "Execution_ProcessID": "3408", "Execution_ThreadID": "1072", "Execution": null, "Channel": "Microsoft-Windows-Sysmon/Operational", "Computer": "DESKTOP-P5C3MUD", "Security_UserID": "S-1-5-18", "Security": null, "EventData_RuleName": "-", "EventData_EventType": "CreateKey", "EventData_UtcTime": "2023-09-27 07:33:51.092", "EventData_ProcessGuid": "{4557fbaa-d9c0-6513-6301-000000000f00}", "EventData_ProcessId": "3348", "EventData_Image": "C:\\Windows\\system32\\AUDIODG.EXE", "EventData_TargetObject": "HKU\\S-1-5-19\\SOFTWARE\\Microsoft\\Multimedia\\Audio Compression Manager", "EventData_User": "NT AUTHORITY\\LOCAL SERVICE"}
{"Provider_Name": "Microsoft-Windows-Sysmon", "Provider_Guid": "{5770385f-c22a-43e0-bf4c-06f5698ffbd9}", "Provider": null, "EventID_Qualifiers": "", "EventID": "12", "Version": "2", "Level": "4", "Task": "12", "Opcode": "0", "Keywords": "0x8000000000000000", "TimeCreated_SystemTime": "2023-09-27 07:33:51.104637", "TimeCreated": null, "EventRecordID": "32307", "Correlation_ActivityID": "", "Correlation_RelatedActivityID": "", "Correlation": null, "Execution_ProcessID": "3408", "Execution_ThreadID": "1072", "Execution": null, "Channel": "Microsoft-Windows-Sysmon/Operational", "Computer": "DESKTOP-P5C3MUD", "Security_UserID": "S-1-5-18", "Security": null, "EventData_RuleName": "-", "EventData_EventType": "CreateKey", "EventData_UtcTime": "2023-09-27 07:33:51.092", "EventData_ProcessGuid": "{4557fbaa-d9c0-6513-6301-000000000f00}", "EventData_ProcessId": "3348", "EventData_Image": "C:\\Windows\\system32\\AUDIODG.EXE", "EventData_TargetObject": "HKU\\S-1-5-19\\SOFTWARE\\Microsoft\\Multimedia\\Audio Compression Manager\\Priority v4.00", "EventData_User": "NT AUTHORITY\\LOCAL SERVICE"}
{"Provider_Name": "Microsoft-Windows-Sysmon", "Provider_Guid": "{5770385f-c22a-43e0-bf4c-06f5698ffbd9}", "Provider": null, "EventID_Qualifiers": "", "EventID": "12", "Version": "2", "Level": "4", "Task": "12", "Opcode": "0", "Keywords": "0x8000000000000000", "TimeCreated_SystemTime": "2023-09-27 07:33:51.104666", "TimeCreated": null, "EventRecordID": "32308", "Correlation_ActivityID": "", "Correlation_RelatedActivityID": "", "Correlation": null, "Execution_ProcessID": "3408", "Execution_ThreadID": "1072", "Execution": null, "Channel": "Microsoft-Windows-Sysmon/Operational", "Computer": "DESKTOP-P5C3MUD", "Security_UserID": "S-1-5-18", "Security": null, "EventData_RuleName": "-", "EventData_EventType": "CreateKey", "EventData_UtcTime": "2023-09-27 07:33:51.092", "EventData_ProcessGuid": "{4557fbaa-d9c0-6513-6301-000000000f00}", "EventData_ProcessId": "3348", "EventData_Image": "C:\\Windows\\system32\\AUDIODG.EXE", "EventData_TargetObject": "HKU\\S-1-5-19\\SOFTWARE\\Microsoft\\Multimedia", "EventData_User": "NT AUTHORITY\\LOCAL SERVICE"}
{"Provider_Name": "Microsoft-Windows-Sysmon", "Provider_Guid": "{5770385f-c22a-43e0-bf4c-06f5698ffbd9}", "Provider": null, "EventID_Qualifiers": "", "EventID": "12", "Version": "2", "Level": "4", "Task": "12", "Opcode": "0", "Keywords": "0x8000000000000000", "TimeCreated_SystemTime": "2023-09-27 07:33:51.104687", "TimeCreated": null, "EventRecordID": "32309", "Correlation_ActivityID": "", "Correlation_RelatedActivityID": "", "Correlation": null, "Execution_ProcessID": "3408", "Execution_ThreadID": "1072", "Execution": null, "Channel": "Microsoft-Windows-Sysmon/Operational", "Computer": "DESKTOP-P5C3MUD", "Security_UserID": "S-1-5-18", "Security": null, "EventData_RuleName": "-", "EventData_EventType": "CreateKey", "EventData_UtcTime": "2023-09-27 07:33:51.092", "EventData_ProcessGuid": "{4557fbaa-d9c0-6513-6301-000000000f00}", "EventData_ProcessId": "3348", "EventData_Image": "C:\\Windows\\system32\\AUDIODG.EXE", "EventData_TargetObject": "HKU\\S-1-5-19\\SOFTWARE\\Microsoft\\Multimedia\\msacm.imaadpcm", "EventData_User": "NT AUTHORITY\\LOCAL SERVICE"}
{"Provider_Name": "Microsoft-Windows-Sysmon", "Provider_Guid": "{5770385f-c22a-43e0-bf4c-06f5698ffbd9}", "Provider": null, "EventID_Qualifiers": "", "EventID": "12", "Version": "2", "Level": "4", "Task": "12", "Opcode": "0", "Keywords": "0x8000000000000000", "TimeCreated_SystemTime": "2023-09-27 07:33:51.104704", "TimeCreated": null, "EventRecordID": "32310", "Correlation_ActivityID": "", "Correlation_RelatedActivityID": "", "Correlation": null, "Execution_ProcessID": "3408", "Execution_ThreadID": "1072", "Execution": null, "Channel": "Microsoft-Windows-Sysmon/Operational", "Computer": "DESKTOP-P5C3MUD", "Security_UserID": "S-1-5-18", "Security": null, "EventData_RuleName": "-", "EventData_EventType": "CreateKey", "EventData_UtcTime": "2023-09-27 07:33:51.092", "EventData_ProcessGuid": "{4557fbaa-d9c0-6513-6301-000000000f00}", "EventData_ProcessId": "3348", "EventData_Image": "C:\\Windows\\system32\\AUDIODG.EXE", "EventData_TargetObject": "HKU\\S-1-5-19\\SOFTWARE\\Microsoft\\Multimedia", "EventData_User": "NT AUTHORITY\\LOCAL SERVICE"}
{"Provider_Name": "Microsoft-Windows-Sysmon", "Provider_Guid": "{5770385f-c22a-43e0-bf4c-06f5698ffbd9}", "Provider": null, "EventID_Qualifiers": "", "EventID": "12", "Version": "2", "Level": "4", "Task": "12", "Opcode": "0", "Keywords": "0x8000000000000000", "TimeCreated_SystemTime": "2023-09-27 07:33:51.104723", "TimeCreated": null, "EventRecordID": "32311", "Correlation_ActivityID": "", "Correlation_RelatedActivityID": "", "Correlation": null, "Execution_ProcessID": "3408", "Execution_ThreadID": "1072", "Execution": null, "Channel": "Microsoft-Windows-Sysmon/Operational", "Computer": "DESKTOP-P5C3MUD", "Security_UserID": "S-1-5-18", "Security": null, "EventData_RuleName": "-", "EventData_EventType": "CreateKey", "EventData_UtcTime": "2023-09-27 07:33:51.092", "EventData_ProcessGuid": "{4557fbaa-d9c0-6513-6301-000000000f00}", "EventData_ProcessId": "3348", "EventData_Image": "C:\\Windows\\system32\\AUDIODG.EXE", "EventData_TargetObject": "HKU\\S-1-5-19\\SOFTWARE\\Microsoft\\Multimedia\\msacm.msgsm610", "EventData_User": "NT AUTHORITY\\LOCAL SERVICE"}
{"Provider_Name": "Microsoft-Windows-Sysmon", "Provider_Guid": "{5770385f-c22a-43e0-bf4c-06f5698ffbd9}", "Provider": null, "EventID_Qualifiers": "", "EventID": "12", "Version": "2", "Level": "4", "Task": "12", "Opcode": "0", "Keywords": "0x8000000000000000", "TimeCreated_SystemTime": "2023-09-27 07:33:51.104740", "TimeCreated": null, "EventRecordID": "32312", "Correlation_ActivityID": "", "Correlation_RelatedActivityID": "", "Correlation": null, "Execution_ProcessID": "3408", "Execution_ThreadID": "1072", "Execution": null, "Channel": "Microsoft-Windows-Sysmon/Operational", "Computer": "DESKTOP-P5C3MUD", "Security_UserID": "S-1-5-18", "Security": null, "EventData_RuleName": "-", "EventData_EventType": "CreateKey", "EventData_UtcTime": "2023-09-27 07:33:51.092", "EventData_ProcessGuid": "{4557fbaa-d9c0-6513-6301-000000000f00}", "EventData_ProcessId": "3348", "EventData_Image": "C:\\Windows\\system32\\AUDIODG.EXE", "EventData_TargetObject": "HKU\\S-1-5-19\\SOFTWARE\\Microsoft\\Multimedia\\Audio Compression Manager", "EventData_User": "NT AUTHORITY\\LOCAL SERVICE"}
{"Provider_Name": "Microsoft-Windows-Sysmon", "Provider_Guid": "{5770385f-c22a-43e0-bf4c-06f5698ffbd9}", "Provider": null, "EventID_Qualifiers": "", "EventID": "12", "Version": "2", "Level": "4", "Task": "12", "Opcode": "0", "Keywords": "0x8000000000000000", "TimeCreated_SystemTime": "2023-09-27 07:33:51.104820", "TimeCreated": null, "EventRecordID": "32313", "Correlation_ActivityID": "", "Correlation_RelatedActivityID": "", "Correlation": null, "Execution_ProcessID": "3408", "Execution_ThreadID": "1072", "Execution": null, "Channel": "Microsoft-Windows-Sysmon/Operational", "Computer": "DESKTOP-P5C3MUD", "Security_UserID": "S-1-5-18", "Security": null, "EventData_RuleName": "-", "EventData_EventType": "CreateKey", "EventData_UtcTime": "2023-09-27 07:33:51.092", "EventData_ProcessGuid": "{4557fbaa-d9c0-6513-6301-000000000f00}", "EventData_ProcessId": "3348", "EventData_Image": "C:\\Windows\\system32\\AUDIODG.EXE", "EventData_TargetObject": "HKU\\S-1-5-19\\SOFTWARE\\Microsoft\\Multimedia\\Audio Compression Manager\\Priority v4.00", "EventData_User": "NT AUTHORITY\\LOCAL SERVICE"}
{"Provider_Name": "Microsoft-Windows-Sysmon", "Provider_Guid": "{5770385f-c22a-43e0-bf4c-06f5698ffbd9}", "Provider": null, "EventID_Qualifiers": "", "EventID": "12", "Version": "2", "Level": "4", "Task": "12", "Opcode": "0", "Keywords": "0x8000000000000000", "TimeCreated_SystemTime": "2023-09-27 07:33:51.104866", "TimeCreated": null, "EventRecordID": "32314", "Correlation_ActivityID": "", "Correlation_RelatedActivityID": "", "Correlation": null, "Execution_ProcessID": "3408", "Execution_ThreadID": "1072", "Execution": null, "Channel": "Microsoft-Windows-Sysmon/Operational", "Computer": "DESKTOP-P5C3MUD", "Security_UserID": "S-1-5-18", "Security": null, "EventData_RuleName": "-", "EventData_EventType": "CreateKey", "EventData_UtcTime": "2023-09-27 07:33:51.092", "EventData_ProcessGuid": "{4557fbaa-d9c0-6513-6301-000000000f00}", "EventData_ProcessId": "3348", "EventData_Image": "C:\\Windows\\system32\\AUDIODG.EXE", "EventData_TargetObject": "HKU\\S-1-5-19\\SOFTWARE\\Microsoft\\Multimedia\\Audio Compression Manager", "EventData_User": "NT AUTHORITY\\LOCAL SERVICE"}
{"Provider_Name": "Microsoft-Windows-Sysmon", "Provider_Guid": "{5770385f-c22a-43e0-bf4c-06f5698ffbd9}", "Provider": null, "EventID_Qualifiers": "", "EventID": "12", "Version": "2", "Level": "4", "Task": "12", "Opcode": "0", "Keywords": "0x8000000000000000", "TimeCreated_SystemTime": "2023-09-27 07:33:51.104889", "TimeCreated": null, "EventRecordID": "32315", "Correlation_ActivityID": "", "Correlation_RelatedActivityID": "", "Correlation": null, "Execution_ProcessID": "3408", "Execution_ThreadID": "1072", "Execution": null, "Channel": "Microsoft-Windows-Sysmon/Operational", "Computer": "DESKTOP-P5C3MUD", "Security_UserID": "S-1-5-18", "Security": null, "EventData_RuleName": "-", "EventData_EventType": "CreateKey", "EventData_UtcTime": "2023-09-27 07:33:51.092", "EventData_ProcessGuid": "{4557fbaa-d9c0-6513-6301-000000000f00}", "EventData_ProcessId": "3348", "EventData_Image": "C:\\Windows\\system32\\AUDIODG.EXE", "EventData_TargetObject": "HKU\\S-1-5-19\\SOFTWARE\\Microsoft\\Multimedia\\Audio Compression Manager\\Priority v4.00", "EventData_User": "NT AUTHORITY\\LOCAL SERVICE"}
{"Provider_Name": "Microsoft-Windows-Sysmon", "Provider_Guid": "{5770385f-c22a-43e0-bf4c-06f5698ffbd9}", "Provider": null, "EventID_Qualifiers": "", "EventID": "12", "Version": "2", "Level": "4", "Task": "12", "Opcode": "0", "Keywords": "0x8000000000000000", "TimeCreated_SystemTime": "2023-09-27 07:33:51.104908", "TimeCreated": null, "EventRecordID": "32316", "Correlation_ActivityID": "", "Correlation_RelatedActivityID": "", "Correlation": null, "Execution_ProcessID": "3408", "Execution_ThreadID": "1072", "Execution": null, "Channel": "Microsoft-Windows-Sysmon/Operational", "Computer": "DESKTOP-P5C3MUD", "Security_UserID": "S-1-5-18", "Security": null, "EventData_RuleName": "-", "EventData_EventType": "CreateKey", "EventData_UtcTime": "2023-09-27 07:33:51.092", "EventData_ProcessGuid": "{4557fbaa-d9c0-6513-6301-000000000f00}", "EventData_ProcessId": "3348", "EventData_Image": "C:\\Windows\\system32\\AUDIODG.EXE", "EventData_TargetObject": "HKU\\S-1-5-19\\SOFTWARE\\Microsoft\\Multimedia", "EventData_User": "NT AUTHORITY\\LOCAL SERVICE"}
{"Provider_Name": "Microsoft-Windows-Sysmon", "Provider_Guid": "{5770385f-c22a-43e0-bf4c-06f5698ffbd9}", "Provider": null, "EventID_Qualifiers": "", "EventID": "12", "Version": "2", "Level": "4", "Task": "12", "Opcode": "0", "Keywords": "0x8000000000000000", "TimeCreated_SystemTime": "2023-09-27 07:33:51.104925", "TimeCreated": null, "EventRecordID": "32317", "Correlation_ActivityID": "", "Correlation_RelatedActivityID": "", "Correlation": null, "Execution_ProcessID": "3408", "Execution_ThreadID": "1072", "Execution": null, "Channel": "Microsoft-Windows-Sysmon/Operational", "Computer": "DESKTOP-P5C3MUD", "Security_UserID": "S-1-5-18", "Security": null, "EventData_RuleName": "-", "EventData_EventType": "CreateKey", "EventData_UtcTime": "2023-09-27 07:33:51.092", "EventData_ProcessGuid": "{4557fbaa-d9c0-6513-6301-000000000f00}", "EventData_ProcessId": "3348", "EventData_Image": "C:\\Windows\\system32\\AUDIODG.EXE", "EventData_TargetObject": "HKU\\S-1-5-19\\SOFTWARE\\Microsoft\\Multimedia\\msacm.imaadpcm", "EventData_User": "NT AUTHORITY\\LOCAL SERVICE"}
{"Provider_Name": "Microsoft-Windows-Sysmon", "Provider_Guid": "{5770385f-c22a-43e0-bf4c-06f5698ffbd9}", "Provider": null, "EventID_Qualifiers": "", "EventID": "12", "Version": "2", "Level": "4", "Task": "12", "Opcode": "0", "Keywords": "0x8000000000000000", "TimeCreated_SystemTime": "2023-09-27 07:33:51.104971", "TimeCreated": null, "EventRecordID": "32318", "Correlation_ActivityID": "", "Correlation_RelatedActivityID": "", "Correlation": null, "Execution_ProcessID": "3408", "Execution_ThreadID": "1072", "Execution": null, "Channel": "Microsoft-Windows-Sysmon/Operational", "Computer": "DESKTOP-P5C3MUD", "Security_UserID": "S-1-5-18", "Security": null, "EventData_RuleName": "-", "EventData_EventType": "CreateKey", "EventData_UtcTime": "2023-09-27 07:33:51.092", "EventData_ProcessGuid": "{4557fbaa-d9c0-6513-6301-000000000f00}", "EventData_ProcessId": "3348", "EventData_Image": "C:\\Windows\\system32\\AUDIODG.EXE", "EventData_TargetObject": "HKU\\S-1-5-19\\SOFTWARE\\Microsoft\\Multimedia\\Audio Compression Manager", "EventData_User": "NT AUTHORITY\\LOCAL SERVICE"}
{"Provider_Name": "Microsoft-Windows-Sysmon", "Provider_Guid": "{5770385f-c22a-43e0-bf4c-06f5698ffbd9}", "Provider": null, "EventID_Qualifiers": "", "EventID": "12", "Version": "2", "Level": "4", "Task": "12", "Opcode": "0", "Keywords": "0x8000000000000000", "TimeCreated_SystemTime": "2023-09-27 07:33:51.105007", "TimeCreated": null, "EventRecordID": "32319", "Correlation_ActivityID": "", "Correlation_RelatedActivityID": "", "Correlation": null, "Execution_ProcessID": "3408", "Execution_ThreadID": "1072", "Execution": null, "Channel": "Microsoft-Windows-Sysmon/Operational", "Computer": "DESKTOP-P5C3MUD", "Security_UserID": "S-1-5-18", "Security": null, "EventData_RuleName": "-", "EventData_EventType": "CreateKey", "EventData_UtcTime": "2023-09-27 07:33:51.092", "EventData_ProcessGuid": "{4557fbaa-d9c0-6513-6301-000000000f00}", "EventData_ProcessId": "3348", "EventData_Image": "C:\\Windows\\system32\\AUDIODG.EXE", "EventData_TargetObject": "HKU\\S-1-5-19\\SOFTWARE\\Microsoft\\Multimedia\\Audio Compression Manager\\Priority v4.00", "EventData_User": "NT AUTHORITY\\LOCAL SERVICE"}
{"Provider_Name": "Microsoft-Windows-Sysmon", "Provider_Guid": "{5770385f-c22a-43e0-bf4c-06f5698ffbd9}", "Provider": null, "EventID_Qualifiers": "", "EventID": "12", "Version": "2", "Level": "4", "Task": "12", "Opcode": "0", "Keywords": "0x8000000000000000", "TimeCreated_SystemTime": "2023-09-27 07:33:51.105125", "TimeCreated": null, "EventRecordID": "32320", "Correlation_ActivityID": "", "Correlation_RelatedActivityID": "", "Correlation": null, "Execution_ProcessID": "3408", "Execution_ThreadID": "1072", "Execution": null, "Channel": "Microsoft-Windows-Sysmon/Operational", "Computer": "DESKTOP-P5C3MUD", "Security_UserID": "S-1-5-18", "Security": null, "EventData_RuleName": "-", "EventData_EventType": "CreateKey", "EventData_UtcTime": "2023-09-27 07:33:51.092", "EventData_ProcessGuid": "{4557fbaa-d9c0-6513-6301-000000000f00}", "EventData_ProcessId": "3348", "EventData_Image": "C:\\Windows\\system32\\AUDIODG.EXE", "EventData_TargetObject": "HKU\\S-1-5-19\\SOFTWARE\\Microsoft\\Multimedia\\Audio Compression Manager", "EventData_User": "NT AUTHORITY\\LOCAL SERVICE"}
{"Provider_Name": "Microsoft-Windows-Sysmon", "Provider_Guid": "{5770385f-c22a-43e0-bf4c-06f5698ffbd9}", "Provider": null, "EventID_Qualifiers": "", "EventID": "12", "Version": "2", "Level": "4", "Task": "12", "Opcode": "0", "Keywords": "0x8000000000000000", "TimeCreated_SystemTime": "2023-09-27 07:33:51.105183", "TimeCreated": null, "EventRecordID": "32321", "Correlation_ActivityID": "", "Correlation_RelatedActivityID": "", "Correlation": null, "Execution_ProcessID": "3408", "Execution_ThreadID": "1072", "Execution": null, "Channel": "Microsoft-Windows-Sysmon/Operational", "Computer": "DESKTOP-P5C3MUD", "Security_UserID": "S-1-5-18", "Security": null, "EventData_RuleName": "-", "EventData_EventType": "CreateKey", "EventData_UtcTime": "2023-09-27 07:33:51.092", "EventData_ProcessGuid": "{4557fbaa-d9c0-6513-6301-000000000f00}", "EventData_ProcessId": "3348", "EventData_Image": "C:\\Windows\\system32\\AUDIODG.EXE", "EventData_TargetObject": "HKU\\S-1-5-19\\SOFTWARE\\Microsoft\\Multimedia\\Audio Compression Manager\\Priority v4.00", "EventData_User": "NT AUTHORITY\\LOCAL SERVICE"}
{"Provider_Name": "Microsoft-Windows-Sysmon", "Provider_Guid": "{5770385f-c22a-43e0-bf4c-06f5698ffbd9}", "Provider": null, "EventID_Qualifiers": "", "EventID": "12", "Version": "2", "Level": "4", "Task": "12", "Opcode": "0", "Keywords": "0x8000000000000000", "TimeCreated_SystemTime": "2023-09-27 07:33:51.105272", "TimeCreated": null, "EventRecordID": "32322", "Correlation_ActivityID": "", "Correlation_RelatedActivityID": "", "Correlation": null, "Execution_ProcessID": "3408", "Execution_ThreadID": "1072", "Execution": null, "Channel": "Microsoft-Windows-Sysmon/Operational", "Computer": "DESKTOP-P5C3MUD", "Security_UserID": "S-1-5-18", "Security": null, "EventData_RuleName": "-", "EventData_EventType": "CreateKey", "EventData_UtcTime": "2023-09-27 07:33:51.092", "EventData_ProcessGuid": "{4557fbaa-d9c0-6513-6301-000000000f00}", "EventData_ProcessId": "3348", "EventData_Image": "C:\\Windows\\system32\\AUDIODG.EXE", "EventData_TargetObject": "HKU\\S-1-5-19\\SOFTWARE\\Microsoft\\Multimedia\\Audio Compression Manager", "EventData_User": "NT AUTHORITY\\LOCAL SERVICE"}
{"Provider_Name": "Microsoft-Windows-Sysmon", "Provider_Guid": "{5770385f-c22a-43e0-bf4c-06f5698ffbd9}", "Provider": null, "EventID_Qualifiers": "", "EventID": "12", "Version": "2", "Level": "4", "Task": "12", "Opcode": "0", "Keywords": "0x8000000000000000", "TimeCreated_SystemTime": "2023-09-27 07:33:51.105354", "TimeCreated": null, "EventRecordID": "32323", "Correlation_ActivityID": "", "Correlation_RelatedActivityID": "", "Correlation": null, "Execution_ProcessID": "3408", "Execution_ThreadID": "1072", "Execution": null, "Channel": "Microsoft-Windows-Sysmon/Operational", "Computer": "DESKTOP-P5C3MUD", "Security_UserID": "S-1-5-18", "Security": null, "EventData_RuleName": "-", "EventData_EventType": "CreateKey", "EventData_UtcTime": "2023-09-27 07:33:51.092", "EventData_ProcessGuid": "{4557fbaa-d9c0-6513-6301-000000000f00}", "EventData_ProcessId": "3348", "EventData_Image": "C:\\Windows\\system32\\AUDIODG.EXE", "EventData_TargetObject": "HKU\\S-1-5-19\\SOFTWARE\\Microsoft\\Multimedia\\Audio Compression Manager\\Priority v4.00", "EventData_User": "NT AUTHORITY\\LOCAL SERVICE"}
{"Provider_Name": "Microsoft-Windows-Sysmon", "Provider_Guid": "{5770385f-c22a-43e0-bf4c-06f5698ffbd9}", "Provider": null, "EventID_Qualifiers": "", "EventID": "12", "Version": "2", "Level": "4", "Task": "12", "Opcode": "0", "Keywords": "0x8000000000000000", "TimeCreated_SystemTime": "2023-09-27 07:33:51.105440", "TimeCreated": null, "EventRecordID": "32324", "Correlation_ActivityID": "", "Correlation_RelatedActivityID": "", "Correlation": null, "Execution_ProcessID": "3408", "Execution_ThreadID": "1072", "Execution": null, "Channel": "Microsoft-Windows-Sysmon/Operational", "Computer": "DESKTOP-P5C3MUD", "Security_UserID": "S-1-5-18", "Security": null, "EventData_RuleName": "-", "EventData_EventType": "CreateKey", "EventData_UtcTime": "2023-09-27 07:33:51.092", "EventData_ProcessGuid": "{4557fbaa-d9c0-6513-6301-000000000f00}", "EventData_ProcessId": "3348", "EventData_Image": "C:\\Windows\\system32\\AUDIODG.EXE", "EventData_TargetObject": "HKU\\S-1-5-19\\SOFTWARE\\Microsoft\\Multimedia", "EventData_User": "NT AUTHORITY\\LOCAL SERVICE"}
{"Provider_Name": "Microsoft-Windows-Sysmon", "Provider_Guid": "{5770385f-c22a-43e0-bf4c-06f5698ffbd9}", "Provider": null, "EventID_Qualifiers": "", "EventID": "12", "Version": "2", "Level": "4", "Task": "12", "Opcode": "0", "Keywords": "0x8000000000000000", "TimeCreated_SystemTime": "2023-09-27 07:33:51.105471", "TimeCreated": null, "EventRecordID": "32325", "Correlation_ActivityID": "", "Correlation_RelatedActivityID": "", "Correlation": null, "Execution_ProcessID": "3408", "Execution_ThreadID": "1072", "Execution": null, "Channel": "Microsoft-Windows-Sysmon/Operational", "Computer": "DESKTOP-P5C3MUD", "Security_UserID": "S-1-5-18", "Security": null, "EventData_RuleName": "-", "EventData_EventType": "CreateKey", "EventData_UtcTime": "2023-09-27 07:33:51.092", "EventData_ProcessGuid": "{4557fbaa-d9c0-6513-6301-000000000f00}", "EventData_ProcessId": "3348", "EventData_Image": "C:\\Windows\\system32\\AUDIODG.EXE", "EventData_TargetObject": "HKU\\S-1-5-19\\SOFTWARE\\Microsoft\\Multimedia\\msacm.imaadpcm", "EventData_User": "NT AUTHORITY\\LOCAL SERVICE"}
{"Provider_Name": "Microsoft-Windows-Sysmon", "Provider_Guid": "{5770385f-c22a-43e0-bf4c-06f5698ffbd9}", "Provider": null, "EventID_Qualifiers": "", "EventID": "12", "Version": "2", "Level": "4", "Task": "12", "Opcode": "0", "Keywords": "0x8000000000000000", "TimeCreated_SystemTime": "2023-09-27 07:33:51.105530", "TimeCreated": null, "EventRecordID": "32326", "Correlation_ActivityID": "", "Correlation_RelatedActivityID": "", "Correlation": null, "Execution_ProcessID": "3408", "Execution_ThreadID": "1072", "Execution": null, "Channel": "Microsoft-Windows-Sysmon/Operational", "Computer": "DESKTOP-P5C3MUD", "Security_UserID": "S-1-5-18", "Security": null, "EventData_RuleName": "-", "EventData_EventType": "CreateKey", "EventData_UtcTime": "2023-09-27 07:33:51.092", "EventData_ProcessGuid": "{4557fbaa-d9c0-6513-6301-000000000f00}", "EventData_ProcessId": "3348", "EventData_Image": "C:\\Windows\\system32\\AUDIODG.EXE", "EventData_TargetObject": "HKU\\S-1-5-19\\SOFTWARE\\Microsoft\\Multimedia\\Audio Compression Manager", "EventData_User": "NT AUTHORITY\\LOCAL SERVICE"}
{"Provider_Name": "Microsoft-Windows-Sysmon", "Provider_Guid": "{5770385f-c22a-43e0-bf4c-06f5698ffbd9}", "Provider": null, "EventID_Qualifiers": "", "EventID": "12", "Version": "2", "Level": "4", "Task": "12", "Opcode": "0", "Keywords": "0x8000000000000000", "TimeCreated_SystemTime": "2023-09-27 07:33:51.105562", "TimeCreated": null, "EventRecordID": "32327", "Correlation_ActivityID": "", "Correlation_RelatedActivityID": "", "Correlation": null, "Execution_ProcessID": "3408", "Execution_ThreadID": "1072", "Execution": null, "Channel": "Microsoft-Windows-Sysmon/Operational", "Computer": "DESKTOP-P5C3MUD", "Security_UserID": "S-1-5-18", "Security": null, "EventData_RuleName": "-", "EventData_EventType": "CreateKey", "EventData_UtcTime": "2023-09-27 07:33:51.092", "EventData_ProcessGuid": "{4557fbaa-d9c0-6513-6301-000000000f00}", "EventData_ProcessId": "3348", "EventData_Image": "C:\\Windows\\system32\\AUDIODG.EXE", "EventData_TargetObject": "HKU\\S-1-5-19\\SOFTWARE\\Microsoft\\Multimedia\\Audio Compression Manager\\Priority v4.00", "EventData_User": "NT AUTHORITY\\LOCAL SERVICE"}
{"Provider_Name": "Microsoft-Windows-Sysmon", "Provider_Guid": "{5770385f-c22a-43e0-bf4c-06f5698ffbd9}", "Provider": null, "EventID_Qualifiers": "", "EventID": "12", "Version": "2", "Level": "4", "Task": "12", "Opcode": "0", "Keywords": "0x8000000000000000", "TimeCreated_SystemTime": "2023-09-27 07:33:51.105579", "TimeCreated": null, "EventRecordID": "32328", "Correlation_ActivityID": "", "Correlation_RelatedActivityID": "", "Correlation": null, "Execution_ProcessID": "3408", "Execution_ThreadID": "1072", "Execution": null, "Channel": "Microsoft-Windows-Sysmon/Operational", "Computer": "DESKTOP-P5C3MUD", "Security_UserID": "S-1-5-18", "Security": null, "EventData_RuleName": "-", "EventData_EventType": "CreateKey", "EventData_UtcTime": "2023-09-27 07:33:51.092", "EventData_ProcessGuid": "{4557fbaa-d9c0-6513-6301-000000000f00}", "EventData_ProcessId": "3348", "EventData_Image": "C:\\Windows\\system32\\AUDIODG.EXE", "EventData_TargetObject": "HKU\\S-1-5-19\\SOFTWARE\\Microsoft\\Multimedia\\Audio Compression Manager", "EventData_User": "NT AUTHORITY\\LOCAL SERVICE"}
{"Provider_Name": "Microsoft-Windows-Sysmon", "Provider_Guid": "{5770385f-c22a-43e0-bf4c-06f5698ffbd9}", "Provider": null, "EventID_Qualifiers": "", "EventID": "12", "Version": "2", "Level": "4", "Task": "12", "Opcode": "0", "Keywords": "0x8000000000000000", "TimeCreated_SystemTime": "2023-09-27 07:33:51.105598", "TimeCreated": null, "EventRecordID": "32329", "Correlation_ActivityID": "", "Correlation_RelatedActivityID": "", "Correlation": null, "Execution_ProcessID": "3408", "Execution_ThreadID": "1072", "Execution": null, "Channel": "Microsoft-Windows-Sysmon/Operational", "Computer": "DESKTOP-P5C3MUD", "Security_UserID": "S-1-5-18", "Security": null, "EventData_RuleName": "-", "EventData_EventType": "CreateKey", "EventData_UtcTime": "2023-09-27 07:33:51.092", "EventData_ProcessGuid": "{4557fbaa-d9c0-6513-6301-000000000f00}", "EventData_ProcessId": "3348", "EventData_Image": "C:\\Windows\\system32\\AUDIODG.EXE", "EventData_TargetObject": "HKU\\S-1-5-19\\SOFTWARE\\Microsoft\\Multimedia\\Audio Compression Manager\\Priority v4.00", "EventData_User": "NT AUTHORITY\\LOCAL SERVICE"}
{"Provider_Name": "Microsoft-Windows-Sysmon", "Provider_Guid": "{5770385f-c22a-43e0-bf4c-06f5698ffbd9}", "Provider": null, "EventID_Qualifiers": "", "EventID": "12", "Version": "2", "Level": "4", "Task": "12", "Opcode": "0", "Keywords": "0x8000000000000000", "TimeCreated_SystemTime": "2023-09-27 07:33:51.105616", "TimeCreated": null, "EventRecordID": "32330", "Correlation_ActivityID": "", "Correlation_RelatedActivityID": "", "Correlation": null, "Execution_ProcessID": "3408", "Execution_ThreadID": "1072", "Execution": null, "Channel": "Microsoft-Windows-Sysmon/Operational", "Computer": "DESKTOP-P5C3MUD", "Security_UserID": "S-1-5-18", "Security": null, "EventData_RuleName": "-", "EventData_EventType": "CreateKey", "EventData_UtcTime": "2023-09-27 07:33:51.092", "EventData_ProcessGuid": "{4557fbaa-d9c0-6513-6301-000000000f00}", "EventData_ProcessId": "3348", "EventData_Image": "C:\\Windows\\system32\\AUDIODG.EXE", "EventData_TargetObject": "HKU\\S-1-5-19\\SOFTWARE\\Microsoft\\Multimedia", "EventData_User": "NT AUTHORITY\\LOCAL SERVICE"}
{"Provider_Name": "Microsoft-Windows-Sysmon", "Provider_Guid": "{5770385f-c22a-43e0-bf4c-06f5698ffbd9}", "Provider": null, "EventID_Qualifiers": "", "EventID": "12", "Version": "2", "Level": "4", "Task": "12", "Opcode": "0", "Keywords": "0x8000000000000000", "TimeCreated_SystemTime": "2023-09-27 07:33:51.105633", "TimeCreated": null, "EventRecordID": "32331", "Correlation_ActivityID": "", "Correlation_RelatedActivityID": "", "Correlation": null, "Execution_ProcessID": "3408", "Execution_ThreadID": "1072", "Execution": null, "Channel": "Microsoft-Windows-Sysmon/Operational", "Computer": "DESKTOP-P5C3MUD", "Security_UserID": "S-1-5-18", "Security": null, "EventData_RuleName": "-", "EventData_EventType": "CreateKey", "EventData_UtcTime": "2023-09-27 07:33:51.092", "EventData_ProcessGuid": "{4557fbaa-d9c0-6513-6301-000000000f00}", "EventData_ProcessId": "3348", "EventData_Image": "C:\\Windows\\system32\\AUDIODG.EXE", "EventData_TargetObject": "HKU\\S-1-5-19\\SOFTWARE\\Microsoft\\Multimedia\\msacm.imaadpcm", "EventData_User": "NT AUTHORITY\\LOCAL SERVICE"}
{"Provider_Name": "Microsoft-Windows-Sysmon", "Provider_Guid": "{5770385f-c22a-43e0-bf4c-06f5698ffbd9}", "Provider": null, "EventID_Qualifiers": "", "EventID": "12", "Version": "2", "Level": "4", "Task": "12", "Opcode": "0", "Keywords": "0x8000000000000000", "TimeCreated_SystemTime": "2023-09-27 07:33:51.105652", "TimeCreated": null, "EventRecordID": "32332", "Correlation_ActivityID": "", "Correlation_RelatedActivityID": "", "Correlation": null, "Execution_ProcessID": "3408", "Execution_ThreadID": "1072", "Execution": null, "Channel": "Microsoft-Windows-Sysmon/Operational", "Computer": "DESKTOP-P5C3MUD", "Security_UserID": "S-1-5-18", "Security": null, "EventData_RuleName": "-", "EventData_EventType": "CreateKey", "EventData_UtcTime": "2023-09-27 07:33:51.092", "EventData_ProcessGuid": "{4557fbaa-d9c0-6513-6301-000000000f00}", "EventData_ProcessId": "3348", "EventData_Image": "C:\\Windows\\system32\\AUDIODG.EXE", "EventData_TargetObject": "HKU\\S-1-5-19\\SOFTWARE\\Microsoft\\Multimedia\\Audio Compression Manager", "EventData_User": "NT AUTHORITY\\LOCAL SERVICE"}
{"Provider_Name": "Microsoft-Windows-Sysmon", "Provider_Guid": "{5770385f-c22a-43e0-bf4c-06f5698ffbd9}", "Provider": null, "EventID_Qualifiers": "", "EventID": "12", "Version": "2", "Level": "4", "Task": "12", "Opcode": "0", "Keywords": "0x8000000000000000", "TimeCreated_SystemTime": "2023-09-27 07:33:51.105669", "TimeCreated": null, "EventRecordID": "32333", "Correlation_ActivityID": "", "Correlation_RelatedActivityID": "", "Correlation": null, "Execution_ProcessID": "3408", "Execution_ThreadID": "1072", "Execution": null, "Channel": "Microsoft-Windows-Sysmon/Operational", "Computer": "DESKTOP-P5C3MUD", "Security_UserID": "S-1-5-18", "Security": null, "EventData_RuleName": "-", "EventData_EventType": "CreateKey", "EventData_UtcTime": "2023-09-27 07:33:51.092", "EventData_ProcessGuid": "{4557fbaa-d9c0-6513-6301-000000000f00}", "EventData_ProcessId": "3348", "EventData_Image": "C:\\Windows\\system32\\AUDIODG.EXE", "EventData_TargetObject": "HKU\\S-1-5-19\\SOFTWARE\\Microsoft\\Multimedia\\Audio Compression Manager\\Priority v4.00", "EventData_User": "NT AUTHORITY\\LOCAL SERVICE"}
{"Provider_Name": "Microsoft-Windows-Sysmon", "Provider_Guid": "{5770385f-c22a-43e0-bf4c-06f5698ffbd9}", "Provider": null, "EventID_Qualifiers": "", "EventID": "12", "Version": "2", "Level": "4", "Task": "12", "Opcode": "0", "Keywords": "0x8000000000000000", "TimeCreated_SystemTime": "2023-09-27 07:33:51.105688", "TimeCreated": null, "EventRecordID": "32334", "Correlation_ActivityID": "", "Correlation_RelatedActivityID": "", "Correlation": null, "Execution_ProcessID": "3408", "Execution_ThreadID": "1072", "Execution": null, "Channel": "Microsoft-Windows-Sysmon/Operational", "Computer": "DESKTOP-P5C3MUD", "Security_UserID": "S-1-5-18", "Security": null, "EventData_RuleName": "-", "EventData_EventType": "CreateKey", "EventData_UtcTime": "2023-09-27 07:33:51.092", "EventData_ProcessGuid": "{4557fbaa-d9c0-6513-6301-000000000f00}", "EventData_ProcessId": "3348", "EventData_Image": "C:\\Windows\\system32\\AUDIODG.EXE", "EventData_TargetObject": "HKU\\S-1-5-19\\SOFTWARE\\Microsoft\\Multimedia\\Audio Compression Manager", "EventData_User": "NT AUTHORITY\\LOCAL SERVICE"}
{"Provider_Name": "Microsoft-Windows-Sysmon", "Provider_Guid": "{5770385f-c22a-43e0-bf4c-06f5698ffbd9}", "Provider": null, "EventID_Qualifiers": "", "EventID": "12", "Version": "2", "Level": "4", "Task": "12", "Opcode": "0", "Keywords": "0x8000000000000000", "TimeCreated_SystemTime": "2023-09-27 07:33:51.105707", "TimeCreated": null, "EventRecordID": "32335", "Correlation_ActivityID": "", "Correlation_RelatedActivityID": "", "Correlation": null, "Execution_ProcessID": "3408", "Execution_ThreadID": "1072", "Execution": null, "Channel": "Microsoft-Windows-Sysmon/Operational", "Computer": "DESKTOP-P5C3MUD", "Security_UserID": "S-1-5-18", "Security": null, "EventData_RuleName": "-", "EventData_EventType": "CreateKey", "EventData_UtcTime": "2023-09-27 07:33:51.092", "EventData_ProcessGuid": "{4557fbaa-d9c0-6513-6301-000000000f00}", "EventData_ProcessId": "3348", "EventData_Image": "C:\\Windows\\system32\\AUDIODG.EXE", "EventData_TargetObject": "HKU\\S-1-5-19\\SOFTWARE\\Microsoft\\Multimedia\\Audio Compression Manager\\Priority v4.00", "EventData_User": "NT AUTHORITY\\LOCAL SERVICE"}
{"Provider_Name": "Microsoft-Windows-Sysmon", "Provider_Guid": "{5770385f-c22a-43e0-bf4c-06f5698ffbd9}", "Provider": null, "EventID_Qualifiers": "", "EventID": "12", "Version": "2", "Level": "4", "Task": "12", "Opcode": "0", "Keywords": "0x8000000000000000", "TimeCreated_SystemTime": "2023-09-27 07:33:51.105724", "TimeCreated": null, "EventRecordID": "32336", "Correlation_ActivityID": "", "Correlation_RelatedActivityID": "", "Correlation": null, "Execution_ProcessID": "3408", "Execution_ThreadID": "1072", "Execution": null, "Channel": "Microsoft-Windows-Sysmon/Operational", "Computer": "DESKTOP-P5C3MUD", "Security_UserID": "S-1-5-18", "Security": null, "EventData_RuleName": "-", "EventData_EventType": "CreateKey", "EventData_UtcTime": "2023-09-27 07:33:51.092", "EventData_ProcessGuid": "{4557fbaa-d9c0-6513-6301-000000000f00}", "EventData_ProcessId": "3348", "EventData_Image": "C:\\Windows\\system32\\AUDIODG.EXE", "EventData_TargetObject": "HKU\\S-1-5-19\\SOFTWARE\\Microsoft\\Multimedia", "EventData_User": "NT AUTHORITY\\LOCAL SERVICE"}
{"Provider_Name": "Microsoft-Windows-Sysmon", "Provider_Guid": "{5770385f-c22a-43e0-bf4c-06f5698ffbd9}", "Provider": null, "EventID_Qualifiers": "", "EventID": "12", "Version": "2", "Level": "4", "Task": "12", "Opcode": "0", "Keywords": "0x8000000000000000", "TimeCreated_SystemTime": "2023-09-27 07:33:51.105742", "TimeCreated": null, "EventRecordID": "32337", "Correlation_ActivityID": "", "Correlation_RelatedActivityID": "", "Correlation": null, "Execution_ProcessID": "3408", "Execution_ThreadID": "1072", "Execution": null, "Channel": "Microsoft-Windows-Sysmon/Operational", "Computer": "DESKTOP-P5C3MUD", "Security_UserID": "S-1-5-18", "Security": null, "EventData_RuleName": "-", "EventData_EventType": "CreateKey", "EventData_UtcTime": "2023-09-27 07:33:51.092", "EventData_ProcessGuid": "{4557fbaa-d9c0-6513-6301-000000000f00}", "EventData_ProcessId": "3348", "EventData_Image": "C:\\Windows\\system32\\AUDIODG.EXE", "EventData_TargetObject": "HKU\\S-1-5-19\\SOFTWARE\\Microsoft\\Multimedia\\msacm.imaadpcm", "EventData_User": "NT AUTHORITY\\LOCAL SERVICE"}
{"Provider_Name": "Microsoft-Windows-Sysmon", "Provider_Guid": "{5770385f-c22a-43e0-bf4c-06f5698ffbd9}", "Provider": null, "EventID_Qualifiers": "", "EventID": "12", "Version": "2", "Level": "4", "Task": "12", "Opcode": "0", "Keywords": "0x8000000000000000", "TimeCreated_SystemTime": "2023-09-27 07:33:51.105759", "TimeCreated": null, "EventRecordID": "32338", "Correlation_ActivityID": "", "Correlation_RelatedActivityID": "", "Correlation": null, "Execution_ProcessID": "3408", "Execution_ThreadID": "1072", "Execution": null, "Channel": "Microsoft-Windows-Sysmon/Operational", "Computer": "DESKTOP-P5C3MUD", "Security_UserID": "S-1-5-18", "Security": null, "EventData_RuleName": "-", "EventData_EventType": "CreateKey", "EventData_UtcTime": "2023-09-27 07:33:51.092", "EventData_ProcessGuid": "{4557fbaa-d9c0-6513-6301-000000000f00}", "EventData_ProcessId": "3348", "EventData_Image": "C:\\Windows\\system32\\AUDIODG.EXE", "EventData_TargetObject": "HKU\\S-1-5-19\\SOFTWARE\\Microsoft\\Multimedia\\Audio Compression Manager", "EventData_User": "NT AUTHORITY\\LOCAL SERVICE"}
{"Provider_Name": "Microsoft-Windows-Sysmon", "Provider_Guid": "{5770385f-c22a-43e0-bf4c-06f5698ffbd9}", "Provider": null, "EventID_Qualifiers": "", "EventID": "12", "Version": "2", "Level": "4", "Task": "12", "Opcode": "0", "Keywords": "0x8000000000000000", "TimeCreated_SystemTime": "2023-09-27 07:33:51.105778", "TimeCreated": null, "EventRecordID": "32339", "Correlation_ActivityID": "", "Correlation_RelatedActivityID": "", "Correlation": null, "Execution_ProcessID": "3408", "Execution_ThreadID": "1072", "Execution": null, "Channel": "Microsoft-Windows-Sysmon/Operational", "Computer": "DESKTOP-P5C3MUD", "Security_UserID": "S-1-5-18", "Security": null, "EventData_RuleName": "-", "EventData_EventType": "CreateKey", "EventData_UtcTime": "2023-09-27 07:33:51.092", "EventData_ProcessGuid": "{4557fbaa-d9c0-6513-6301-000000000f00}", "EventData_ProcessId": "3348", "EventData_Image": "C:\\Windows\\system32\\AUDIODG.EXE", "EventData_TargetObject": "HKU\\S-1-5-19\\SOFTWARE\\Microsoft\\Multimedia\\Audio Compression Manager\\Priority v4.00", "EventData_User": "NT AUTHORITY\\LOCAL SERVICE"}
{"Provider_Name": "Microsoft-Windows-Sysmon", "Provider_Guid": "{5770385f-c22a-43e0-bf4c-06f5698ffbd9}", "Provider": null, "EventID_Qualifiers": "", "EventID": "12", "Version": "2", "Level": "4", "Task": "12", "Opcode": "0", "Keywords": "0x8000000000000000", "TimeCreated_SystemTime": "2023-09-27 07:33:51.105814", "TimeCreated": null, "EventRecordID": "32340", "Correlation_ActivityID": "", "Correlation_RelatedActivityID": "", "Correlation": null, "Execution_ProcessID": "3408", "Execution_ThreadID": "1072", "Execution": null, "Channel": "Microsoft-Windows-Sysmon/Operational", "Computer": "DESKTOP-P5C3MUD", "Security_UserID": "S-1-5-18", "Security": null, "EventData_RuleName": "-", "EventData_EventType": "CreateKey", "EventData_UtcTime": "2023-09-27 07:33:51.092", "EventData_ProcessGuid": "{4557fbaa-d9c0-6513-6301-000000000f00}", "EventData_ProcessId": "3348", "EventData_Image": "C:\\Windows\\system32\\AUDIODG.EXE", "EventData_TargetObject": "HKU\\S-1-5-19\\SOFTWARE\\Microsoft\\Multimedia\\Audio Compression Manager", "EventData_User": "NT AUTHORITY\\LOCAL SERVICE"}
{"Provider_Name": "Microsoft-Windows-Sysmon", "Provider_Guid": "{5770385f-c22a-43e0-bf4c-06f5698ffbd9}", "Provider": null, "EventID_Qualifiers": "", "EventID": "12", "Version": "2", "Level": "4", "Task": "12", "Opcode": "0", "Keywords": "0x8000000000000000", "TimeCreated_SystemTime": "2023-09-27 07:33:51.105831", "TimeCreated": null, "EventRecordID": "32341", "Correlation_ActivityID": "", "Correlation_RelatedActivityID": "", "Correlation": null, "Execution_ProcessID": "3408", "Execution_ThreadID": "1072", "Execution": null, "Channel": "Microsoft-Windows-Sysmon/Operational", "Computer": "DESKTOP-P5C3MUD", "Security_UserID": "S-1-5-18", "Security": null, "EventData_RuleName": "-", "EventData_EventType": "CreateKey", "EventData_UtcTime": "2023-09-27 07:33:51.092", "EventData_ProcessGuid": "{4557fbaa-d9c0-6513-6301-000000000f00}", "EventData_ProcessId": "3348", "EventData_Image": "C:\\Windows\\system32\\AUDIODG.EXE", "EventData_TargetObject": "HKU\\S-1-5-19\\SOFTWARE\\Microsoft\\Multimedia\\Audio Compression Manager\\Priority v4.00", "EventData_User": "NT AUTHORITY\\LOCAL SERVICE"}
{"Provider_Name": "Microsoft-Windows-Sysmon", "Provider_Guid": "{5770385f-c22a-43e0-bf4c-06f5698ffbd9}", "Provider": null, "EventID_Qualifiers": "", "EventID": "12", "Version": "2", "Level": "4", "Task": "12", "Opcode": "0", "Keywords": "0x8000000000000000", "TimeCreated_SystemTime": "2023-09-27 07:33:51.105848", "TimeCreated": null, "EventRecordID": "32342", "Correlation_ActivityID": "", "Correlation_RelatedActivityID": "", "Correlation": null, "Execution_ProcessID": "3408", "Execution_ThreadID": "1072", "Execution": null, "Channel": "Microsoft-Windows-Sysmon/Operational", "Computer": "DESKTOP-P5C3MUD", "Security_UserID": "S-1-5-18", "Security": null, "EventData_RuleName": "-", "EventData_EventType": "CreateKey", "EventData_UtcTime": "2023-09-27 07:33:51.092", "EventData_ProcessGuid": "{4557fbaa-d9c0-6513-6301-000000000f00}", "EventData_ProcessId": "3348", "EventData_Image": "C:\\Windows\\system32\\AUDIODG.EXE", "EventData_TargetObject": "HKU\\S-1-5-19\\SOFTWARE\\Microsoft\\Multimedia", "EventData_User": "NT AUTHORITY\\LOCAL SERVICE"}
{"Provider_Name": "Microsoft-Windows-Sysmon", "Provider_Guid": "{5770385f-c22a-43e0-bf4c-06f5698ffbd9}", "Provider": null, "EventID_Qualifiers": "", "EventID": "12", "Version": "2", "Level": "4", "Task": "12", "Opcode": "0", "Keywords": "0x8000000000000000", "TimeCreated_SystemTime": "2023-09-27 07:33:51.105867", "TimeCreated": null, "EventRecordID": "32343", "Correlation_ActivityID": "", "Correlation_RelatedActivityID": "", "Correlation": null, "Execution_ProcessID": "3408", "Execution_ThreadID": "1072", "Execution": null, "Channel": "Microsoft-Windows-Sysmon/Operational", "Computer": "DESKTOP-P5C3MUD", "Security_UserID": "S-1-5-18", "Security": null, "EventData_RuleName": "-", "EventData_EventType": "CreateKey", "EventData_UtcTime": "2023-09-27 07:33:51.092", "EventData_ProcessGuid": "{4557fbaa-d9c0-6513-6301-000000000f00}", "EventData_ProcessId": "3348", "EventData_Image": "C:\\Windows\\system32\\AUDIODG.EXE", "EventData_TargetObject": "HKU\\S-1-5-19\\SOFTWARE\\Microsoft\\Multimedia\\msacm.imaadpcm", "EventData_User": "NT AUTHORITY\\LOCAL SERVICE"}
{"Provider_Name": "Microsoft-Windows-Sysmon", "Provider_Guid": "{5770385f-c22a-43e0-bf4c-06f5698ffbd9}", "Provider": null, "EventID_Qualifiers": "", "EventID": "12", "Version": "2", "Level": "4", "Task": "12", "Opcode": "0", "Keywords": "0x8000000000000000", "TimeCreated_SystemTime": "2023-09-27 07:33:51.105885", "TimeCreated": null, "EventRecordID": "32344", "Correlation_ActivityID": "", "Correlation_RelatedActivityID": "", "Correlation": null, "Execution_ProcessID": "3408", "Execution_ThreadID": "1072", "Execution": null, "Channel": "Microsoft-Windows-Sysmon/Operational", "Computer": "DESKTOP-P5C3MUD", "Security_UserID": "S-1-5-18", "Security": null, "EventData_RuleName": "-", "EventData_EventType": "CreateKey", "EventData_UtcTime": "2023-09-27 07:33:51.092", "EventData_ProcessGuid": "{4557fbaa-d9c0-6513-6301-000000000f00}", "EventData_ProcessId": "3348", "EventData_Image": "C:\\Windows\\system32\\AUDIODG.EXE", "EventData_TargetObject": "HKU\\S-1-5-19\\SOFTWARE\\Microsoft\\Multimedia\\Audio Compression Manager", "EventData_User": "NT AUTHORITY\\LOCAL SERVICE"}
{"Provider_Name": "Microsoft-Windows-Sysmon", "Provider_Guid": "{5770385f-c22a-43e0-bf4c-06f5698ffbd9}", "Provider": null, "EventID_Qualifiers": "", "EventID": "12", "Version": "2", "Level": "4", "Task": "12", "Opcode": "0", "Keywords": "0x8000000000000000", "TimeCreated_SystemTime": "2023-09-27 07:33:51.105904", "TimeCreated": null, "EventRecordID": "32345", "Correlation_ActivityID": "", "Correlation_RelatedActivityID": "", "Correlation": null, "Execution_ProcessID": "3408", "Execution_ThreadID": "1072", "Execution": null, "Channel": "Microsoft-Windows-Sysmon/Operational", "Computer": "DESKTOP-P5C3MUD", "Security_UserID": "S-1-5-18", "Security": null, "EventData_RuleName": "-", "EventData_EventType": "CreateKey", "EventData_UtcTime": "2023-09-27 07:33:51.092", "EventData_ProcessGuid": "{4557fbaa-d9c0-6513-6301-000000000f00}", "EventData_ProcessId": "3348", "EventData_Image": "C:\\Windows\\system32\\AUDIODG.EXE", "EventData_TargetObject": "HKU\\S-1-5-19\\SOFTWARE\\Microsoft\\Multimedia\\Audio Compression Manager\\Priority v4.00", "EventData_User": "NT AUTHORITY\\LOCAL SERVICE"}
{"Provider_Name": "Microsoft-Windows-Sysmon", "Provider_Guid": "{5770385f-c22a-43e0-bf4c-06f5698ffbd9}", "Provider": null, "EventID_Qualifiers": "", "EventID": "12", "Version": "2", "Level": "4", "Task": "12", "Opcode": "0", "Keywords": "0x8000000000000000", "TimeCreated_SystemTime": "2023-09-27 07:33:51.105936", "TimeCreated": null, "EventRecordID": "32346", "Correlation_ActivityID": "", "Correlation_RelatedActivityID": "", "Correlation": null, "Execution_ProcessID": "3408", "Execution_ThreadID": "1072", "Execution": null, "Channel": "Microsoft-Windows-Sysmon/Operational", "Computer": "DESKTOP-P5C3MUD", "Security_UserID": "S-1-5-18", "Security": null, "EventData_RuleName": "-", "EventData_EventType": "CreateKey", "EventData_UtcTime": "2023-09-27 07:33:51.092", "EventData_ProcessGuid": "{4557fbaa-d9c0-6513-6301-000000000f00}", "EventData_ProcessId": "3348", "EventData_Image": "C:\\Windows\\system32\\AUDIODG.EXE", "EventData_TargetObject": "HKU\\S-1-5-19\\SOFTWARE\\Microsoft\\Multimedia", "EventData_User": "NT AUTHORITY\\LOCAL SERVICE"}
{"Provider_Name": "Microsoft-Windows-Sysmon", "Provider_Guid": "{5770385f-c22a-43e0-bf4c-06f5698ffbd9}", "Provider": null, "EventID_Qualifiers": "", "EventID": "12", "Version": "2", "Level": "4", "Task": "12", "Opcode": "0", "Keywords": "0x8000000000000000", "TimeCreated_SystemTime": "2023-09-27 07:33:51.105955", "TimeCreated": null, "EventRecordID": "32347", "Correlation_ActivityID": "", "Correlation_RelatedActivityID": "", "Correlation": null, "Execution_ProcessID": "3408", "Execution_ThreadID": "1072", "Execution": null, "Channel": "Microsoft-Windows-Sysmon/Operational", "Computer": "DESKTOP-P5C3MUD", "Security_UserID": "S-1-5-18", "Security": null, "EventData_RuleName": "-", "EventData_EventType": "CreateKey", "EventData_UtcTime": "2023-09-27 07:33:51.092", "EventData_ProcessGuid": "{4557fbaa-d9c0-6513-6301-000000000f00}", "EventData_ProcessId": "3348", "EventData_Image": "C:\\Windows\\system32\\AUDIODG.EXE", "EventData_TargetObject": "HKU\\S-1-5-19\\SOFTWARE\\Microsoft\\Multimedia\\msacm.msgsm610", "EventData_User": "NT AUTHORITY\\LOCAL SERVICE"}
{"Provider_Name": "Microsoft-Windows-Sysmon", "Provider_Guid": "{5770385f-c22a-43e0-bf4c-06f5698ffbd9}", "Provider": null, "EventID_Qualifiers": "", "EventID": "12", "Version": "2", "Level": "4", "Task": "12", "Opcode": "0", "Keywords": "0x8000000000000000", "TimeCreated_SystemTime": "2023-09-27 07:33:51.105972", "TimeCreated": null, "EventRecordID": "32348", "Correlation_ActivityID": "", "Correlation_RelatedActivityID": "", "Correlation": null, "Execution_ProcessID": "3408", "Execution_ThreadID": "1072", "Execution": null, "Channel": "Microsoft-Windows-Sysmon/Operational", "Computer": "DESKTOP-P5C3MUD", "Security_UserID": "S-1-5-18", "Security": null, "EventData_RuleName": "-", "EventData_EventType": "CreateKey", "EventData_UtcTime": "2023-09-27 07:33:51.092", "EventData_ProcessGuid": "{4557fbaa-d9c0-6513-6301-000000000f00}", "EventData_ProcessId": "3348", "EventData_Image": "C:\\Windows\\system32\\AUDIODG.EXE", "EventData_TargetObject": "HKU\\S-1-5-19\\SOFTWARE\\Microsoft\\Multimedia\\Audio Compression Manager", "EventData_User": "NT AUTHORITY\\LOCAL SERVICE"}
{"Provider_Name": "Microsoft-Windows-Sysmon", "Provider_Guid": "{5770385f-c22a-43e0-bf4c-06f5698ffbd9}", "Provider": null, "EventID_Qualifiers": "", "EventID": "12", "Version": "2", "Level": "4", "Task": "12", "Opcode": "0", "Keywords": "0x8000000000000000", "TimeCreated_SystemTime": "2023-09-27 07:33:51.105991", "TimeCreated": null, "EventRecordID": "32349", "Correlation_ActivityID": "", "Correlation_RelatedActivityID": "", "Correlation": null, "Execution_ProcessID": "3408", "Execution_ThreadID": "1072", "Execution": null, "Channel": "Microsoft-Windows-Sysmon/Operational", "Computer": "DESKTOP-P5C3MUD", "Security_UserID": "S-1-5-18", "Security": null, "EventData_RuleName": "-", "EventData_EventType": "CreateKey", "EventData_UtcTime": "2023-09-27 07:33:51.092", "EventData_ProcessGuid": "{4557fbaa-d9c0-6513-6301-000000000f00}", "EventData_ProcessId": "3348", "EventData_Image": "C:\\Windows\\system32\\AUDIODG.EXE", "EventData_TargetObject": "HKU\\S-1-5-19\\SOFTWARE\\Microsoft\\Multimedia\\Audio Compression Manager\\Priority v4.00", "EventData_User": "NT AUTHORITY\\LOCAL SERVICE"}
