{"Provider_Name": "Microsoft-Windows-Sysmon", "Provider_Guid": "{5770385f-c22a-43e0-bf4c-06f5698ffbd9}", "Provider": null, "EventID_Qualifiers": "", "EventID": "7", "Version": "3", "Level": "4", "Task": "7", "Opcode": "0", "Keywords": "0x8000000000000000", "TimeCreated_SystemTime": "2023-09-27 07:33:54.007252", "TimeCreated": null, "EventRecordID": "32712", "Correlation_ActivityID": "", "Correlation_RelatedActivityID": "", "Correlation": null, "Execution_ProcessID": "3408", "Execution_ThreadID": "1072", "Execution": null, "Channel": "Microsoft-Windows-Sysmon/Operational", "Computer": "DESKTOP-P5C3MUD", "Security_UserID": "S-1-5-18", "Security": null, "EventData_RuleName": "-", "EventData_UtcTime": "2023-09-27 07:33:53.998", "EventData_ProcessGuid": "{4557fbaa-dae1-6513-b101-000000000f00}", "EventData_ProcessId": "6488", "EventData_Image": "C:\\Windows\\SysWOW64\\cmd.exe", "EventData_ImageLoaded": "C:\\Windows\\SysWOW64\\ucrtbase.dll", "EventData_FileVersion": "10.0.19041.789 (WinBuild.160101.0800)", "EventData_Description": "Microsoft\u00ae C Runtime Library", "EventData_Product": "Microsoft\u00ae Windows\u00ae Operating System", "EventData_Company": "Microsoft Corporation", "EventData_OriginalFileName": "ucrtbase.dll", "EventData_Hashes": "SHA1=54D14ACE2F00A93C28984A577EBB47929D29E3CF,MD5=DF160B9471E9CE9AA4EFCFE625673310,SHA256=C8DBD811BB85D7E17D457C7938C15EF39DBDE395F82E967387E082F2C9860748,IMPHASH=EA37CB467EA2ADB2B776C1C8C105007C", "EventData_Signed": "true", "EventData_Signature": "Microsoft Windows", "EventData_SignatureStatus": "Valid", "EventData_User": "DESKTOP-P5C3MUD\\user"}
{"Provider_Name": "Microsoft-Windows-Sysmon", "Provider_Guid": "{5770385f-c22a-43e0-bf4c-06f5698ffbd9}", "Provider": null, "EventID_Qualifiers": "", "EventID": "7", "Version": "3", "Level": "4", "Task": "7", "Opcode": "0", "Keywords": "0x8000000000000000", "TimeCreated_SystemTime": "2023-09-27 07:33:54.007463", "TimeCreated": null, "EventRecordID": "32713", "Correlation_ActivityID": "", "Correlation_RelatedActivityID": "", "Correlation": null, "Execution_ProcessID": "3408", "Execution_ThreadID": "1072", "Execution": null, "Channel": "Microsoft-Windows-Sysmon/Operational", "Computer": "DESKTOP-P5C3MUD", "Security_UserID": "S-1-5-18", "Security": null, "EventData_RuleName": "-", "EventData_UtcTime": "2023-09-27 07:33:53.998", "EventData_ProcessGuid": "{4557fbaa-dae1-6513-b101-000000000f00}", "EventData_ProcessId": "6488", "EventData_Image": "C:\\Windows\\SysWOW64\\cmd.exe", "EventData_ImageLoaded": "C:\\Windows\\SysWOW64\\rpcrt4.dll", "EventData_FileVersion": "10.0.19041.3448 (WinBuild.160101.0800)", "EventData_Description": "Remote Procedure Call Runtime", "EventData_Product": "Microsoft\u00ae Windows\u00ae Operating System", "EventData_Company": "Microsoft Corporation", "EventData_OriginalFileName": "rpcrt4.dll", "EventData_Hashes": "SHA1=A86C6B7883654CDB2D6B446B84C749293B40E27A,MD5=D9A3FD4E06F4BB6005BEF228A9BC08D7,SHA256=8E4F558FC90B69911E72E3F7018065C7AAD748F14B7FBA08E8B33895342BF055,IMPHASH=D37A3BA972D11ECDBBDCA2130202D5AC", "EventData_Signed": "true", "EventData_Signature": "Microsoft Windows", "EventData_SignatureStatus": "Valid", "EventData_User": "DESKTOP-P5C3MUD\\user"}
{"Provider_Name": "Microsoft-Windows-Sysmon", "Provider_Guid": "{5770385f-c22a-43e0-bf4c-06f5698ffbd9}", "Provider": null, "EventID_Qualifiers": "", "EventID": "12", "Version": "2", "Level": "4", "Task": "12", "Opcode": "0", "Keywords": "0x8000000000000000", "TimeCreated_SystemTime": "2023-09-27 07:33:54.219162", "TimeCreated": null, "EventRecordID": "32714", "Correlation_ActivityID": "", "Correlation_RelatedActivityID": "", "Correlation": null, "Execution_ProcessID": "3408", "Execution_ThreadID": "1072", "Execution": null, "Channel": "Microsoft-Windows-Sysmon/Operational", "Computer": "DESKTOP-P5C3MUD", "Security_UserID": "S-1-5-18", "Security": null, "EventData_RuleName": "-", "EventData_EventType": "CreateKey", "EventData_UtcTime": "2023-09-27 07:33:54.217", "EventData_ProcessGuid": "{4557fbaa-d56c-6513-5000-000000000f00}", "EventData_ProcessId": "3440", "EventData_Image": "C:\\ProgramData\\Microsoft\\Windows Defender\\Platform\\4.18.23080.2006-0\\MsMpEng.exe", "EventData_TargetObject": "HKLM\\SOFTWARE\\Microsoft\\Windows NT\\CurrentVersion\\ProfileList", "EventData_User": "NT AUTHORITY\\SYSTEM"}
{"Provider_Name": "Microsoft-Windows-Sysmon", "Provider_Guid": "{5770385f-c22a-43e0-bf4c-06f5698ffbd9}", "Provider": null, "EventID_Qualifiers": "", "EventID": "9", "Version": "2", "Level": "4", "Task": "9", "Opcode": "0", "Keywords": "0x8000000000000000", "TimeCreated_SystemTime": "2023-09-27 07:33:54.654747", "TimeCreated": null, "EventRecordID": "32715", "Correlation_ActivityID": "", "Correlation_RelatedActivityID": "", "Correlation": null, "Execution_ProcessID": "3408", "Execution_ThreadID": "1072", "Execution": null, "Channel": "Microsoft-Windows-Sysmon/Operational", "Computer": "DESKTOP-P5C3MUD", "Security_UserID": "S-1-5-18", "Security": null, "EventData_RuleName": "-", "EventData_UtcTime": "2023-09-27 07:33:54.639", "EventData_ProcessGuid": "{4557fbaa-d56c-6513-5000-000000000f00}", "EventData_ProcessId": "3440", "EventData_Image": "C:\\ProgramData\\Microsoft\\Windows Defender\\Platform\\4.18.23080.2006-0\\MsMpEng.exe", "EventData_Device": "\\Device\\HarddiskVolume6", "EventData_User": "NT AUTHORITY\\SYSTEM"}
{"Provider_Name": "Microsoft-Windows-Sysmon", "Provider_Guid": "{5770385f-c22a-43e0-bf4c-06f5698ffbd9}", "Provider": null, "EventID_Qualifiers": "", "EventID": "12", "Version": "2", "Level": "4", "Task": "12", "Opcode": "0", "Keywords": "0x8000000000000000", "TimeCreated_SystemTime": "2023-09-27 07:33:55.561533", "TimeCreated": null, "EventRecordID": "32716", "Correlation_ActivityID": "", "Correlation_RelatedActivityID": "", "Correlation": null, "Execution_ProcessID": "3408", "Execution_ThreadID": "1072", "Execution": null, "Channel": "Microsoft-Windows-Sysmon/Operational", "Computer": "DESKTOP-P5C3MUD", "Security_UserID": "S-1-5-18", "Security": null, "EventData_RuleName": "-", "EventData_EventType": "CreateKey", "EventData_UtcTime": "2023-09-27 07:33:55.561", "EventData_ProcessGuid": "{4557fbaa-d9c4-6513-6401-000000000f00}", "EventData_ProcessId": "1044", "EventData_Image": "E:\\Software\\Microsoft Visual Studio\\Common7\\IDE\\devenv.exe", "EventData_TargetObject": "HKU\\S-1-5-21-2994737283-653069417-2221972583-1001\\SOFTWARE\\Microsoft\\VSCommon\\17.0\\SQM\\PIDs\\1044", "EventData_User": "DESKTOP-P5C3MUD\\user"}
{"Provider_Name": "Microsoft-Windows-Sysmon", "Provider_Guid": "{5770385f-c22a-43e0-bf4c-06f5698ffbd9}", "Provider": null, "EventID_Qualifiers": "", "EventID": "13", "Version": "2", "Level": "4", "Task": "13", "Opcode": "0", "Keywords": "0x8000000000000000", "TimeCreated_SystemTime": "2023-09-27 07:33:55.561569", "TimeCreated": null, "EventRecordID": "32717", "Correlation_ActivityID": "", "Correlation_RelatedActivityID": "", "Correlation": null, "Execution_ProcessID": "3408", "Execution_ThreadID": "1072", "Execution": null, "Channel": "Microsoft-Windows-Sysmon/Operational", "Computer": "DESKTOP-P5C3MUD", "Security_UserID": "S-1-5-18", "Security": null, "EventData_RuleName": "-", "EventData_EventType": "SetValue", "EventData_UtcTime": "2023-09-27 07:33:55.561", "EventData_ProcessGuid": "{4557fbaa-d9c4-6513-6401-000000000f00}", "EventData_ProcessId": "1044", "EventData_Image": "E:\\Software\\Microsoft Visual Studio\\Common7\\IDE\\devenv.exe", "EventData_TargetObject": "HKU\\S-1-5-21-2994737283-653069417-2221972583-1001\\SOFTWARE\\Microsoft\\VSCommon\\17.0\\SQM\\PIDs\\1044\\DebuggerPresent", "EventData_Details": "DWORD (0x00000000)", "EventData_User": "DESKTOP-P5C3MUD\\user"}
{"Provider_Name": "Microsoft-Windows-Sysmon", "Provider_Guid": "{5770385f-c22a-43e0-bf4c-06f5698ffbd9}", "Provider": null, "EventID_Qualifiers": "", "EventID": "5", "Version": "3", "Level": "4", "Task": "5", "Opcode": "0", "Keywords": "0x8000000000000000", "TimeCreated_SystemTime": "2023-09-27 07:33:55.974398", "TimeCreated": null, "EventRecordID": "32718", "Correlation_ActivityID": "", "Correlation_RelatedActivityID": "", "Correlation": null, "Execution_ProcessID": "3408", "Execution_ThreadID": "1072", "Execution": null, "Channel": "Microsoft-Windows-Sysmon/Operational", "Computer": "DESKTOP-P5C3MUD", "Security_UserID": "S-1-5-18", "Security": null, "EventData_RuleName": "-", "EventData_UtcTime": "2023-09-27 07:33:55.967", "EventData_ProcessGuid": "{4557fbaa-dae1-6513-b101-000000000f00}", "EventData_ProcessId": "6488", "EventData_Image": "C:\\Windows\\SysWOW64\\cmd.exe", "EventData_User": "DESKTOP-P5C3MUD\\user"}
{"Provider_Name": "Microsoft-Windows-Sysmon", "Provider_Guid": "{5770385f-c22a-43e0-bf4c-06f5698ffbd9}", "Provider": null, "EventID_Qualifiers": "", "EventID": "13", "Version": "2", "Level": "4", "Task": "13", "Opcode": "0", "Keywords": "0x8000000000000000", "TimeCreated_SystemTime": "2023-09-27 07:33:55.974548", "TimeCreated": null, "EventRecordID": "32719", "Correlation_ActivityID": "", "Correlation_RelatedActivityID": "", "Correlation": null, "Execution_ProcessID": "3408", "Execution_ThreadID": "1072", "Execution": null, "Channel": "Microsoft-Windows-Sysmon/Operational", "Computer": "DESKTOP-P5C3MUD", "Security_UserID": "S-1-5-18", "Security": null, "EventData_RuleName": "-", "EventData_EventType": "SetValue", "EventData_UtcTime": "2023-09-27 07:33:55.967", "EventData_ProcessGuid": "{4557fbaa-dae1-6513-b101-000000000f00}", "EventData_ProcessId": "6488", "EventData_Image": "C:\\Windows\\SysWOW64\\cmd.exe", "EventData_TargetObject": "HKLM\\System\\CurrentControlSet\\Services\\bam\\State\\UserSettings\\S-1-5-21-2994737283-653069417-2221972583-1001\\\\Device\\HarddiskVolume3\\Windows\\SysWOW64\\cmd.exe", "EventData_Details": "Binary Data", "EventData_User": "DESKTOP-P5C3MUD\\user"}
{"Provider_Name": "Microsoft-Windows-Sysmon", "Provider_Guid": "{5770385f-c22a-43e0-bf4c-06f5698ffbd9}", "Provider": null, "EventID_Qualifiers": "", "EventID": "26", "Version": "5", "Level": "4", "Task": "26", "Opcode": "0", "Keywords": "0x8000000000000000", "TimeCreated_SystemTime": "2023-09-27 07:33:55.975437", "TimeCreated": null, "EventRecordID": "32720", "Correlation_ActivityID": "", "Correlation_RelatedActivityID": "", "Correlation": null, "Execution_ProcessID": "3408", "Execution_ThreadID": "1072", "Execution": null, "Channel": "Microsoft-Windows-Sysmon/Operational", "Computer": "DESKTOP-P5C3MUD", "Security_UserID": "S-1-5-18", "Security": null, "EventData_RuleName": "-", "EventData_UtcTime": "2023-09-27 07:33:55.967", "EventData_ProcessGuid": "{4557fbaa-d56b-6513-2700-000000000f00}", "EventData_ProcessId": "1804", "EventData_User": "NT AUTHORITY\\SYSTEM", "EventData_Image": "C:\\Windows\\system32\\svchost.exe", "EventData_TargetFilename": "C:\\Windows\\Prefetch\\CMD.EXE-6D6290C5.pf", "EventData_Hashes": "SHA1=C55317155C9B5140E295FF27E77099E840A40D4F,MD5=685A036D37B73C609B58FCAB3FB754EF,SHA256=2D4E0D72353F15B6154CE3B0CE4EEA84E529133D7C4868BFECCDE62E9575BAA1,IMPHASH=00000000000000000000000000000000", "EventData_IsExecutable": "False"}
{"Provider_Name": "Microsoft-Windows-Sysmon", "Provider_Guid": "{5770385f-c22a-43e0-bf4c-06f5698ffbd9}", "Provider": null, "EventID_Qualifiers": "", "EventID": "11", "Version": "2", "Level": "4", "Task": "11", "Opcode": "0", "Keywords": "0x8000000000000000", "TimeCreated_SystemTime": "2023-09-27 07:33:55.975920", "TimeCreated": null, "EventRecordID": "32721", "Correlation_ActivityID": "", "Correlation_RelatedActivityID": "", "Correlation": null, "Execution_ProcessID": "3408", "Execution_ThreadID": "1072", "Execution": null, "Channel": "Microsoft-Windows-Sysmon/Operational", "Computer": "DESKTOP-P5C3MUD", "Security_UserID": "S-1-5-18", "Security": null, "EventData_RuleName": "-", "EventData_UtcTime": "2023-09-27 07:33:55.967", "EventData_ProcessGuid": "{4557fbaa-d56b-6513-2700-000000000f00}", "EventData_ProcessId": "1804", "EventData_Image": "C:\\Windows\\system32\\svchost.exe", "EventData_TargetFilename": "C:\\Windows\\Prefetch\\CMD.EXE-6D6290C5.pf", "EventData_CreationUtcTime": "2023-09-25 07:09:28.057", "EventData_User": "NT AUTHORITY\\SYSTEM"}
{"Provider_Name": "Microsoft-Windows-Sysmon", "Provider_Guid": "{5770385f-c22a-43e0-bf4c-06f5698ffbd9}", "Provider": null, "EventID_Qualifiers": "", "EventID": "26", "Version": "5", "Level": "4", "Task": "26", "Opcode": "0", "Keywords": "0x8000000000000000", "TimeCreated_SystemTime": "2023-09-27 07:33:55.976063", "TimeCreated": null, "EventRecordID": "32722", "Correlation_ActivityID": "", "Correlation_RelatedActivityID": "", "Correlation": null, "Execution_ProcessID": "3408", "Execution_ThreadID": "1072", "Execution": null, "Channel": "Microsoft-Windows-Sysmon/Operational", "Computer": "DESKTOP-P5C3MUD", "Security_UserID": "S-1-5-18", "Security": null, "EventData_RuleName": "-", "EventData_UtcTime": "2023-09-27 07:33:55.967", "EventData_ProcessGuid": "{4557fbaa-d56b-6513-1b00-000000000f00}", "EventData_ProcessId": "1308", "EventData_User": "NT AUTHORITY\\SYSTEM", "EventData_Image": "C:\\Windows\\system32\\svchost.exe", "EventData_TargetFilename": "C:\\Windows\\System32\\Tasks\\520", "EventData_Hashes": "SHA1=05AA8653B2D8141630F93A0893626CD40F5751F3,MD5=FC5DD604F5855463BC6BCC3F2044F6F7,SHA256=0EC7CF90277460F3AF8BE1A5A9BFDD1D5C4515CBF5BADF60E2699E4033957B07,IMPHASH=00000000000000000000000000000000", "EventData_IsExecutable": "False"}
{"Provider_Name": "Microsoft-Windows-Sysmon", "Provider_Guid": "{5770385f-c22a-43e0-bf4c-06f5698ffbd9}", "Provider": null, "EventID_Qualifiers": "", "EventID": "5", "Version": "3", "Level": "4", "Task": "5", "Opcode": "0", "Keywords": "0x8000000000000000", "TimeCreated_SystemTime": "2023-09-27 07:33:55.977163", "TimeCreated": null, "EventRecordID": "32723", "Correlation_ActivityID": "", "Correlation_RelatedActivityID": "", "Correlation": null, "Execution_ProcessID": "3408", "Execution_ThreadID": "1072", "Execution": null, "Channel": "Microsoft-Windows-Sysmon/Operational", "Computer": "DESKTOP-P5C3MUD", "Security_UserID": "S-1-5-18", "Security": null, "EventData_RuleName": "-", "EventData_UtcTime": "2023-09-27 07:33:55.967", "EventData_ProcessGuid": "{4557fbaa-dae1-6513-af01-000000000f00}", "EventData_ProcessId": "2328", "EventData_Image": "E:\\Experiment\\Windows Hacker Attack Program\\5\\\u8ba1\u5212\u4efb\u52a1\\AutoRun_Task_Test.exe", "EventData_User": "DESKTOP-P5C3MUD\\user"}
{"Provider_Name": "Microsoft-Windows-Sysmon", "Provider_Guid": "{5770385f-c22a-43e0-bf4c-06f5698ffbd9}", "Provider": null, "EventID_Qualifiers": "", "EventID": "13", "Version": "2", "Level": "4", "Task": "13", "Opcode": "0", "Keywords": "0x8000000000000000", "TimeCreated_SystemTime": "2023-09-27 07:33:55.977289", "TimeCreated": null, "EventRecordID": "32724", "Correlation_ActivityID": "", "Correlation_RelatedActivityID": "", "Correlation": null, "Execution_ProcessID": "3408", "Execution_ThreadID": "1072", "Execution": null, "Channel": "Microsoft-Windows-Sysmon/Operational", "Computer": "DESKTOP-P5C3MUD", "Security_UserID": "S-1-5-18", "Security": null, "EventData_RuleName": "-", "EventData_EventType": "SetValue", "EventData_UtcTime": "2023-09-27 07:33:55.967", "EventData_ProcessGuid": "{4557fbaa-dae1-6513-af01-000000000f00}", "EventData_ProcessId": "2328", "EventData_Image": "E:\\Experiment\\Windows Hacker Attack Program\\5\\\u8ba1\u5212\u4efb\u52a1\\AutoRun_Task_Test.exe", "EventData_TargetObject": "HKLM\\System\\CurrentControlSet\\Services\\bam\\State\\UserSettings\\S-1-5-21-2994737283-653069417-2221972583-1001\\\\Device\\HarddiskVolume6\\Experiment\\Windows Hacker Attack Program\\5\\\u8ba1\u5212\u4efb\u52a1\\AutoRun_Task_Test.exe", "EventData_Details": "Binary Data", "EventData_User": "DESKTOP-P5C3MUD\\user"}
{"Provider_Name": "Microsoft-Windows-Sysmon", "Provider_Guid": "{5770385f-c22a-43e0-bf4c-06f5698ffbd9}", "Provider": null, "EventID_Qualifiers": "", "EventID": "12", "Version": "2", "Level": "4", "Task": "12", "Opcode": "0", "Keywords": "0x8000000000000000", "TimeCreated_SystemTime": "2023-09-27 07:33:55.977320", "TimeCreated": null, "EventRecordID": "32725", "Correlation_ActivityID": "", "Correlation_RelatedActivityID": "", "Correlation": null, "Execution_ProcessID": "3408", "Execution_ThreadID": "1072", "Execution": null, "Channel": "Microsoft-Windows-Sysmon/Operational", "Computer": "DESKTOP-P5C3MUD", "Security_UserID": "S-1-5-18", "Security": null, "EventData_RuleName": "-", "EventData_EventType": "DeleteKey", "EventData_UtcTime": "2023-09-27 07:33:55.967", "EventData_ProcessGuid": "{4557fbaa-d56b-6513-1b00-000000000f00}", "EventData_ProcessId": "1308", "EventData_Image": "C:\\Windows\\system32\\svchost.exe", "EventData_TargetObject": "HKLM\\SOFTWARE\\Microsoft\\Windows NT\\CurrentVersion\\Schedule\\TaskCache\\Logon\\{B2289F91-F622-4F77-8E16-1844F2AB57E3}", "EventData_User": "NT AUTHORITY\\SYSTEM"}
{"Provider_Name": "Microsoft-Windows-Sysmon", "Provider_Guid": "{5770385f-c22a-43e0-bf4c-06f5698ffbd9}", "Provider": null, "EventID_Qualifiers": "", "EventID": "12", "Version": "2", "Level": "4", "Task": "12", "Opcode": "0", "Keywords": "0x8000000000000000", "TimeCreated_SystemTime": "2023-09-27 07:33:55.977352", "TimeCreated": null, "EventRecordID": "32726", "Correlation_ActivityID": "", "Correlation_RelatedActivityID": "", "Correlation": null, "Execution_ProcessID": "3408", "Execution_ThreadID": "1072", "Execution": null, "Channel": "Microsoft-Windows-Sysmon/Operational", "Computer": "DESKTOP-P5C3MUD", "Security_UserID": "S-1-5-18", "Security": null, "EventData_RuleName": "-", "EventData_EventType": "DeleteKey", "EventData_UtcTime": "2023-09-27 07:33:55.967", "EventData_ProcessGuid": "{4557fbaa-d56b-6513-1b00-000000000f00}", "EventData_ProcessId": "1308", "EventData_Image": "C:\\Windows\\system32\\svchost.exe", "EventData_TargetObject": "HKLM\\SOFTWARE\\Microsoft\\Windows NT\\CurrentVersion\\Schedule\\TaskCache\\Tree\\520", "EventData_User": "NT AUTHORITY\\SYSTEM"}
{"Provider_Name": "Microsoft-Windows-Sysmon", "Provider_Guid": "{5770385f-c22a-43e0-bf4c-06f5698ffbd9}", "Provider": null, "EventID_Qualifiers": "", "EventID": "13", "Version": "2", "Level": "4", "Task": "13", "Opcode": "0", "Keywords": "0x8000000000000000", "TimeCreated_SystemTime": "2023-09-27 07:33:55.980549", "TimeCreated": null, "EventRecordID": "32727", "Correlation_ActivityID": "", "Correlation_RelatedActivityID": "", "Correlation": null, "Execution_ProcessID": "3408", "Execution_ThreadID": "1072", "Execution": null, "Channel": "Microsoft-Windows-Sysmon/Operational", "Computer": "DESKTOP-P5C3MUD", "Security_UserID": "S-1-5-18", "Security": null, "EventData_RuleName": "-", "EventData_EventType": "SetValue", "EventData_UtcTime": "2023-09-27 07:33:55.967", "EventData_ProcessGuid": "{4557fbaa-d572-6513-8800-000000000f00}", "EventData_ProcessId": "5640", "EventData_Image": "C:\\Windows\\Explorer.EXE", "EventData_TargetObject": "HKU\\S-1-5-21-2994737283-653069417-2221972583-1001\\SOFTWARE\\Microsoft\\Windows\\CurrentVersion\\Explorer\\UserAssist\\{CEBFF5CD-ACE2-4F4F-9178-9926F41749EA}\\Count\\R:\\Rkcrevzrag\\Jvaqbjf Unpxre Nggnpx Cebtenz\\5\\\u8ba1\u5212\u4efb\u52a1\\NhgbEha_Gnfx_Grfg.rkr", "EventData_Details": "Binary Data", "EventData_User": "DESKTOP-P5C3MUD\\user"}
{"Provider_Name": "Microsoft-Windows-Sysmon", "Provider_Guid": "{5770385f-c22a-43e0-bf4c-06f5698ffbd9}", "Provider": null, "EventID_Qualifiers": "", "EventID": "13", "Version": "2", "Level": "4", "Task": "13", "Opcode": "0", "Keywords": "0x8000000000000000", "TimeCreated_SystemTime": "2023-09-27 07:33:55.980751", "TimeCreated": null, "EventRecordID": "32728", "Correlation_ActivityID": "", "Correlation_RelatedActivityID": "", "Correlation": null, "Execution_ProcessID": "3408", "Execution_ThreadID": "1072", "Execution": null, "Channel": "Microsoft-Windows-Sysmon/Operational", "Computer": "DESKTOP-P5C3MUD", "Security_UserID": "S-1-5-18", "Security": null, "EventData_RuleName": "-", "EventData_EventType": "SetValue", "EventData_UtcTime": "2023-09-27 07:33:55.967", "EventData_ProcessGuid": "{4557fbaa-d572-6513-8800-000000000f00}", "EventData_ProcessId": "5640", "EventData_Image": "C:\\Windows\\Explorer.EXE", "EventData_TargetObject": "HKU\\S-1-5-21-2994737283-653069417-2221972583-1001\\SOFTWARE\\Microsoft\\Windows\\CurrentVersion\\Explorer\\UserAssist\\{CEBFF5CD-ACE2-4F4F-9178-9926F41749EA}\\Count\\HRZR_PGYFRFFVBA", "EventData_Details": "Binary Data", "EventData_User": "DESKTOP-P5C3MUD\\user"}
{"Provider_Name": "Microsoft-Windows-Sysmon", "Provider_Guid": "{5770385f-c22a-43e0-bf4c-06f5698ffbd9}", "Provider": null, "EventID_Qualifiers": "", "EventID": "5", "Version": "3", "Level": "4", "Task": "5", "Opcode": "0", "Keywords": "0x8000000000000000", "TimeCreated_SystemTime": "2023-09-27 07:33:55.980806", "TimeCreated": null, "EventRecordID": "32729", "Correlation_ActivityID": "", "Correlation_RelatedActivityID": "", "Correlation": null, "Execution_ProcessID": "3408", "Execution_ThreadID": "1072", "Execution": null, "Channel": "Microsoft-Windows-Sysmon/Operational", "Computer": "DESKTOP-P5C3MUD", "Security_UserID": "S-1-5-18", "Security": null, "EventData_RuleName": "-", "EventData_UtcTime": "2023-09-27 07:33:55.967", "EventData_ProcessGuid": "{4557fbaa-dae1-6513-b001-000000000f00}", "EventData_ProcessId": "5592", "EventData_Image": "C:\\Windows\\System32\\conhost.exe", "EventData_User": "DESKTOP-P5C3MUD\\user"}
{"Provider_Name": "Microsoft-Windows-Sysmon", "Provider_Guid": "{5770385f-c22a-43e0-bf4c-06f5698ffbd9}", "Provider": null, "EventID_Qualifiers": "", "EventID": "12", "Version": "2", "Level": "4", "Task": "12", "Opcode": "0", "Keywords": "0x8000000000000000", "TimeCreated_SystemTime": "2023-09-27 07:33:55.980837", "TimeCreated": null, "EventRecordID": "32730", "Correlation_ActivityID": "", "Correlation_RelatedActivityID": "", "Correlation": null, "Execution_ProcessID": "3408", "Execution_ThreadID": "1072", "Execution": null, "Channel": "Microsoft-Windows-Sysmon/Operational", "Computer": "DESKTOP-P5C3MUD", "Security_UserID": "S-1-5-18", "Security": null, "EventData_RuleName": "-", "EventData_EventType": "CreateKey", "EventData_UtcTime": "2023-09-27 07:33:55.967", "EventData_ProcessGuid": "{4557fbaa-d592-6513-d700-000000000f00}", "EventData_ProcessId": "10936", "EventData_Image": "C:\\Windows\\system32\\ctfmon.exe", "EventData_TargetObject": "HKU\\S-1-5-21-2994737283-653069417-2221972583-1001\\SOFTWARE\\Microsoft\\Input\\TypingInsights", "EventData_User": "DESKTOP-P5C3MUD\\user"}
{"Provider_Name": "Microsoft-Windows-Sysmon", "Provider_Guid": "{5770385f-c22a-43e0-bf4c-06f5698ffbd9}", "Provider": null, "EventID_Qualifiers": "", "EventID": "13", "Version": "2", "Level": "4", "Task": "13", "Opcode": "0", "Keywords": "0x8000000000000000", "TimeCreated_SystemTime": "2023-09-27 07:33:55.980917", "TimeCreated": null, "EventRecordID": "32731", "Correlation_ActivityID": "", "Correlation_RelatedActivityID": "", "Correlation": null, "Execution_ProcessID": "3408", "Execution_ThreadID": "1072", "Execution": null, "Channel": "Microsoft-Windows-Sysmon/Operational", "Computer": "DESKTOP-P5C3MUD", "Security_UserID": "S-1-5-18", "Security": null, "EventData_RuleName": "-", "EventData_EventType": "SetValue", "EventData_UtcTime": "2023-09-27 07:33:55.967", "EventData_ProcessGuid": "{4557fbaa-d592-6513-d700-000000000f00}", "EventData_ProcessId": "10936", "EventData_Image": "C:\\Windows\\system32\\ctfmon.exe", "EventData_TargetObject": "HKU\\S-1-5-21-2994737283-653069417-2221972583-1001\\SOFTWARE\\Microsoft\\Input\\TypingInsights\\Insights", "EventData_Details": "Binary Data", "EventData_User": "DESKTOP-P5C3MUD\\user"}
{"Provider_Name": "Microsoft-Windows-Sysmon", "Provider_Guid": "{5770385f-c22a-43e0-bf4c-06f5698ffbd9}", "Provider": null, "EventID_Qualifiers": "", "EventID": "12", "Version": "2", "Level": "4", "Task": "12", "Opcode": "0", "Keywords": "0x8000000000000000", "TimeCreated_SystemTime": "2023-09-27 07:33:55.981033", "TimeCreated": null, "EventRecordID": "32732", "Correlation_ActivityID": "", "Correlation_RelatedActivityID": "", "Correlation": null, "Execution_ProcessID": "3408", "Execution_ThreadID": "1072", "Execution": null, "Channel": "Microsoft-Windows-Sysmon/Operational", "Computer": "DESKTOP-P5C3MUD", "Security_UserID": "S-1-5-18", "Security": null, "EventData_RuleName": "-", "EventData_EventType": "DeleteKey", "EventData_UtcTime": "2023-09-27 07:33:55.967", "EventData_ProcessGuid": "{4557fbaa-d572-6513-8800-000000000f00}", "EventData_ProcessId": "5640", "EventData_Image": "C:\\Windows\\Explorer.EXE", "EventData_TargetObject": "HKU\\S-1-5-21-2994737283-653069417-2221972583-1001\\SOFTWARE\\Microsoft\\Windows\\CurrentVersion\\Explorer\\SessionInfo\\1\\ApplicationViewManagement\\W32:0000000000040758", "EventData_User": "DESKTOP-P5C3MUD\\user"}
{"Provider_Name": "Microsoft-Windows-Sysmon", "Provider_Guid": "{5770385f-c22a-43e0-bf4c-06f5698ffbd9}", "Provider": null, "EventID_Qualifiers": "", "EventID": "11", "Version": "2", "Level": "4", "Task": "11", "Opcode": "0", "Keywords": "0x8000000000000000", "TimeCreated_SystemTime": "2023-09-27 07:33:55.985710", "TimeCreated": null, "EventRecordID": "32733", "Correlation_ActivityID": "", "Correlation_RelatedActivityID": "", "Correlation": null, "Execution_ProcessID": "3408", "Execution_ThreadID": "1072", "Execution": null, "Channel": "Microsoft-Windows-Sysmon/Operational", "Computer": "DESKTOP-P5C3MUD", "Security_UserID": "S-1-5-18", "Security": null, "EventData_RuleName": "-", "EventData_UtcTime": "2023-09-27 07:33:55.983", "EventData_ProcessGuid": "{4557fbaa-d56b-6513-2700-000000000f00}", "EventData_ProcessId": "1804", "EventData_Image": "C:\\Windows\\system32\\svchost.exe", "EventData_TargetFilename": "C:\\Windows\\Prefetch\\AUTORUN_TASK_TEST.EXE-1F632951.pf", "EventData_CreationUtcTime": "2023-09-27 07:33:55.983", "EventData_User": "NT AUTHORITY\\SYSTEM"}
{"Provider_Name": "Microsoft-Windows-Sysmon", "Provider_Guid": "{5770385f-c22a-43e0-bf4c-06f5698ffbd9}", "Provider": null, "EventID_Qualifiers": "", "EventID": "26", "Version": "5", "Level": "4", "Task": "26", "Opcode": "0", "Keywords": "0x8000000000000000", "TimeCreated_SystemTime": "2023-09-27 07:33:55.989008", "TimeCreated": null, "EventRecordID": "32734", "Correlation_ActivityID": "", "Correlation_RelatedActivityID": "", "Correlation": null, "Execution_ProcessID": "3408", "Execution_ThreadID": "1072", "Execution": null, "Channel": "Microsoft-Windows-Sysmon/Operational", "Computer": "DESKTOP-P5C3MUD", "Security_UserID": "S-1-5-18", "Security": null, "EventData_RuleName": "-", "EventData_UtcTime": "2023-09-27 07:33:55.983", "EventData_ProcessGuid": "{4557fbaa-d56b-6513-2700-000000000f00}", "EventData_ProcessId": "1804", "EventData_User": "NT AUTHORITY\\SYSTEM", "EventData_Image": "C:\\Windows\\system32\\svchost.exe", "EventData_TargetFilename": "C:\\Windows\\Prefetch\\CONHOST.EXE-0C6456FB.pf", "EventData_Hashes": "SHA1=DC20D911C0486063059CC008CA1A6A6DBA818FD6,MD5=EE8A7F5B58E20F1682F888F086AE1CF1,SHA256=96FBF4370B42C42F4544BA2FAC894C8EC0595CD3372BE331A96BDC179CBA2F47,IMPHASH=00000000000000000000000000000000", "EventData_IsExecutable": "False"}
{"Provider_Name": "Microsoft-Windows-Sysmon", "Provider_Guid": "{5770385f-c22a-43e0-bf4c-06f5698ffbd9}", "Provider": null, "EventID_Qualifiers": "", "EventID": "11", "Version": "2", "Level": "4", "Task": "11", "Opcode": "0", "Keywords": "0x8000000000000000", "TimeCreated_SystemTime": "2023-09-27 07:33:55.989216", "TimeCreated": null, "EventRecordID": "32735", "Correlation_ActivityID": "", "Correlation_RelatedActivityID": "", "Correlation": null, "Execution_ProcessID": "3408", "Execution_ThreadID": "1072", "Execution": null, "Channel": "Microsoft-Windows-Sysmon/Operational", "Computer": "DESKTOP-P5C3MUD", "Security_UserID": "S-1-5-18", "Security": null, "EventData_RuleName": "-", "EventData_UtcTime": "2023-09-27 07:33:55.983", "EventData_ProcessGuid": "{4557fbaa-d56b-6513-2700-000000000f00}", "EventData_ProcessId": "1804", "EventData_Image": "C:\\Windows\\system32\\svchost.exe", "EventData_TargetFilename": "C:\\Windows\\Prefetch\\CONHOST.EXE-0C6456FB.pf", "EventData_CreationUtcTime": "2023-08-07 23:43:17.150", "EventData_User": "NT AUTHORITY\\SYSTEM"}
{"Provider_Name": "Microsoft-Windows-Sysmon", "Provider_Guid": "{5770385f-c22a-43e0-bf4c-06f5698ffbd9}", "Provider": null, "EventID_Qualifiers": "", "EventID": "13", "Version": "2", "Level": "4", "Task": "13", "Opcode": "0", "Keywords": "0x8000000000000000", "TimeCreated_SystemTime": "2023-09-27 07:33:55.996447", "TimeCreated": null, "EventRecordID": "32736", "Correlation_ActivityID": "", "Correlation_RelatedActivityID": "", "Correlation": null, "Execution_ProcessID": "3408", "Execution_ThreadID": "1072", "Execution": null, "Channel": "Microsoft-Windows-Sysmon/Operational", "Computer": "DESKTOP-P5C3MUD", "Security_UserID": "S-1-5-18", "Security": null, "EventData_RuleName": "-", "EventData_EventType": "SetValue", "EventData_UtcTime": "2023-09-27 07:33:55.983", "EventData_ProcessGuid": "{4557fbaa-d572-6513-8800-000000000f00}", "EventData_ProcessId": "5640", "EventData_Image": "C:\\Windows\\Explorer.EXE", "EventData_TargetObject": "HKU\\S-1-5-21-2994737283-653069417-2221972583-1001\\SOFTWARE\\Microsoft\\Windows\\CurrentVersion\\ActivityDataModel\\ReaderRevisionInfo\\C576D885-A342-B9F1-2607-4651ECE05371", "EventData_Details": "Binary Data", "EventData_User": "DESKTOP-P5C3MUD\\user"}
{"Provider_Name": "Microsoft-Windows-Sysmon", "Provider_Guid": "{5770385f-c22a-43e0-bf4c-06f5698ffbd9}", "Provider": null, "EventID_Qualifiers": "", "EventID": "13", "Version": "2", "Level": "4", "Task": "13", "Opcode": "0", "Keywords": "0x8000000000000000", "TimeCreated_SystemTime": "2023-09-27 07:33:55.997807", "TimeCreated": null, "EventRecordID": "32737", "Correlation_ActivityID": "", "Correlation_RelatedActivityID": "", "Correlation": null, "Execution_ProcessID": "3408", "Execution_ThreadID": "1072", "Execution": null, "Channel": "Microsoft-Windows-Sysmon/Operational", "Computer": "DESKTOP-P5C3MUD", "Security_UserID": "S-1-5-18", "Security": null, "EventData_RuleName": "-", "EventData_EventType": "SetValue", "EventData_UtcTime": "2023-09-27 07:33:55.983", "EventData_ProcessGuid": "{4557fbaa-d572-6513-8800-000000000f00}", "EventData_ProcessId": "5640", "EventData_Image": "C:\\Windows\\Explorer.EXE", "EventData_TargetObject": "HKU\\S-1-5-21-2994737283-653069417-2221972583-1001\\SOFTWARE\\Microsoft\\Windows\\CurrentVersion\\ActivityDataModel\\ReaderRevisionInfo\\C576D885-A342-B9F1-2607-4651ECE05371", "EventData_Details": "Binary Data", "EventData_User": "DESKTOP-P5C3MUD\\user"}
{"Provider_Name": "Microsoft-Windows-Sysmon", "Provider_Guid": "{5770385f-c22a-43e0-bf4c-06f5698ffbd9}", "Provider": null, "EventID_Qualifiers": "", "EventID": "10", "Version": "3", "Level": "4", "Task": "10", "Opcode": "0", "Keywords": "0x8000000000000000", "TimeCreated_SystemTime": "2023-09-27 07:33:56.005621", "TimeCreated": null, "EventRecordID": "32738", "Correlation_ActivityID": "", "Correlation_RelatedActivityID": "", "Correlation": null, "Execution_ProcessID": "3408", "Execution_ThreadID": "1072", "Execution": null, "Channel": "Microsoft-Windows-Sysmon/Operational", "Computer": "DESKTOP-P5C3MUD", "Security_UserID": "S-1-5-18", "Security": null, "EventData_RuleName": "-", "EventData_UtcTime": "2023-09-27 07:33:55.998", "EventData_SourceProcessGUID": "{4557fbaa-d56b-6513-0d00-000000000f00}", "EventData_SourceProcessId": "864", "EventData_SourceThreadId": "10236", "EventData_SourceImage": "C:\\Windows\\system32\\svchost.exe", "EventData_TargetProcessGUID": "{4557fbaa-d572-6513-8800-000000000f00}", "EventData_TargetProcessId": "5640", "EventData_TargetImage": "C:\\Windows\\Explorer.EXE", "EventData_GrantedAccess": "0x00002000", "EventData_CallTrace": "C:\\Windows\\SYSTEM32\\ntdll.dll+9d314|C:\\Windows\\SYSTEM32\\psmserviceexthost.dll+9f49|C:\\Windows\\SYSTEM32\\psmserviceexthost.dll+9d43|C:\\Windows\\SYSTEM32\\ntdll.dll+62dc9|C:\\Windows\\SYSTEM32\\ntdll.dll+62a51|C:\\Windows\\SYSTEM32\\ntdll.dll+628b0|C:\\Windows\\SYSTEM32\\ntdll.dll+10ebc|C:\\Windows\\SYSTEM32\\ntdll.dll+52f86|C:\\Windows\\System32\\KERNEL32.DLL+17344|C:\\Windows\\SYSTEM32\\ntdll.dll+526b1", "EventData_SourceUser": "NT AUTHORITY\\SYSTEM", "EventData_TargetUser": "DESKTOP-P5C3MUD\\user"}
{"Provider_Name": "Microsoft-Windows-Sysmon", "Provider_Guid": "{5770385f-c22a-43e0-bf4c-06f5698ffbd9}", "Provider": null, "EventID_Qualifiers": "", "EventID": "12", "Version": "2", "Level": "4", "Task": "12", "Opcode": "0", "Keywords": "0x8000000000000000", "TimeCreated_SystemTime": "2023-09-27 07:33:56.016245", "TimeCreated": null, "EventRecordID": "32739", "Correlation_ActivityID": "", "Correlation_RelatedActivityID": "", "Correlation": null, "Execution_ProcessID": "3408", "Execution_ThreadID": "1072", "Execution": null, "Channel": "Microsoft-Windows-Sysmon/Operational", "Computer": "DESKTOP-P5C3MUD", "Security_UserID": "S-1-5-18", "Security": null, "EventData_RuleName": "-", "EventData_EventType": "CreateKey", "EventData_UtcTime": "2023-09-27 07:33:56.014", "EventData_ProcessGuid": "{4557fbaa-d57e-6513-a700-000000000f00}", "EventData_ProcessId": "6288", "EventData_Image": "C:\\Windows\\SystemApps\\MicrosoftWindows.Client.CBS_cw5n1h2txyewy\\TextInputHost.exe", "EventData_TargetObject": "\\REGISTRY\\A\\{4675f397-c2bd-ba48-e21d-fed5cdde9267}\\LocalState", "EventData_User": "DESKTOP-P5C3MUD\\user"}
{"Provider_Name": "Microsoft-Windows-Sysmon", "Provider_Guid": "{5770385f-c22a-43e0-bf4c-06f5698ffbd9}", "Provider": null, "EventID_Qualifiers": "", "EventID": "12", "Version": "2", "Level": "4", "Task": "12", "Opcode": "0", "Keywords": "0x8000000000000000", "TimeCreated_SystemTime": "2023-09-27 07:33:56.016415", "TimeCreated": null, "EventRecordID": "32740", "Correlation_ActivityID": "", "Correlation_RelatedActivityID": "", "Correlation": null, "Execution_ProcessID": "3408", "Execution_ThreadID": "1072", "Execution": null, "Channel": "Microsoft-Windows-Sysmon/Operational", "Computer": "DESKTOP-P5C3MUD", "Security_UserID": "S-1-5-18", "Security": null, "EventData_RuleName": "-", "EventData_EventType": "CreateKey", "EventData_UtcTime": "2023-09-27 07:33:56.014", "EventData_ProcessGuid": "{4557fbaa-d57e-6513-a700-000000000f00}", "EventData_ProcessId": "6288", "EventData_Image": "C:\\Windows\\SystemApps\\MicrosoftWindows.Client.CBS_cw5n1h2txyewy\\TextInputHost.exe", "EventData_TargetObject": "\\REGISTRY\\A\\{4675f397-c2bd-ba48-e21d-fed5cdde9267}\\LocalState", "EventData_User": "DESKTOP-P5C3MUD\\user"}
{"Provider_Name": "Microsoft-Windows-Sysmon", "Provider_Guid": "{5770385f-c22a-43e0-bf4c-06f5698ffbd9}", "Provider": null, "EventID_Qualifiers": "", "EventID": "10", "Version": "3", "Level": "4", "Task": "10", "Opcode": "0", "Keywords": "0x8000000000000000", "TimeCreated_SystemTime": "2023-09-27 07:33:56.017630", "TimeCreated": null, "EventRecordID": "32741", "Correlation_ActivityID": "", "Correlation_RelatedActivityID": "", "Correlation": null, "Execution_ProcessID": "3408", "Execution_ThreadID": "1072", "Execution": null, "Channel": "Microsoft-Windows-Sysmon/Operational", "Computer": "DESKTOP-P5C3MUD", "Security_UserID": "S-1-5-18", "Security": null, "EventData_RuleName": "-", "EventData_UtcTime": "2023-09-27 07:33:56.014", "EventData_SourceProcessGUID": "{4557fbaa-d572-6513-8800-000000000f00}", "EventData_SourceProcessId": "5640", "EventData_SourceThreadId": "5216", "EventData_SourceImage": "C:\\Windows\\Explorer.EXE", "EventData_TargetProcessGUID": "{4557fbaa-d57e-6513-a700-000000000f00}", "EventData_TargetProcessId": "6288", "EventData_TargetImage": "C:\\Windows\\SystemApps\\MicrosoftWindows.Client.CBS_cw5n1h2txyewy\\TextInputHost.exe", "EventData_GrantedAccess": "0x00002000", "EventData_CallTrace": "C:\\Windows\\SYSTEM32\\ntdll.dll+9d314|C:\\Windows\\System32\\KERNELBASE.dll+308ee|C:\\Windows\\system32\\twinui.dll+331cb|C:\\Windows\\system32\\twinui.dll+32a3c|C:\\Windows\\system32\\twinui.dll+68bdc|C:\\Windows\\system32\\twinui.dll+68b3c|C:\\Windows\\system32\\twinui.dll+60c7a|C:\\Windows\\system32\\twinui.dll+605aa|C:\\Windows\\system32\\twinui.dll+60e4b|C:\\Windows\\system32\\twinui.dll+6066d|C:\\Windows\\System32\\user32.dll+e858|C:\\Windows\\System32\\user32.dll+e299|C:\\Windows\\System32\\windows.immersiveshell.serviceprovider.dll+c7e3|C:\\Windows\\System32\\windows.immersiveshell.serviceprovider.dll+c377|C:\\Windows\\System32\\windows.immersiveshell.serviceprovider.dll+c9c7|C:\\Windows\\System32\\windows.immersiveshell.serviceprovider.dll+ca22|C:\\Windows\\System32\\KERNEL32.DLL+17344|C:\\Windows\\SYSTEM32\\ntdll.dll+526b1", "EventData_SourceUser": "DESKTOP-P5C3MUD\\user", "EventData_TargetUser": "DESKTOP-P5C3MUD\\user"}
{"Provider_Name": "Microsoft-Windows-Sysmon", "Provider_Guid": "{5770385f-c22a-43e0-bf4c-06f5698ffbd9}", "Provider": null, "EventID_Qualifiers": "", "EventID": "10", "Version": "3", "Level": "4", "Task": "10", "Opcode": "0", "Keywords": "0x8000000000000000", "TimeCreated_SystemTime": "2023-09-27 07:33:56.017708", "TimeCreated": null, "EventRecordID": "32742", "Correlation_ActivityID": "", "Correlation_RelatedActivityID": "", "Correlation": null, "Execution_ProcessID": "3408", "Execution_ThreadID": "1072", "Execution": null, "Channel": "Microsoft-Windows-Sysmon/Operational", "Computer": "DESKTOP-P5C3MUD", "Security_UserID": "S-1-5-18", "Security": null, "EventData_RuleName": "-", "EventData_UtcTime": "2023-09-27 07:33:56.014", "EventData_SourceProcessGUID": "{4557fbaa-d572-6513-8800-000000000f00}", "EventData_SourceProcessId": "5640", "EventData_SourceThreadId": "5216", "EventData_SourceImage": "C:\\Windows\\Explorer.EXE", "EventData_TargetProcessGUID": "{4557fbaa-d57c-6513-a100-000000000f00}", "EventData_TargetProcessId": "7924", "EventData_TargetImage": "C:\\Windows\\SystemApps\\Microsoft.LockApp_cw5n1h2txyewy\\LockApp.exe", "EventData_GrantedAccess": "0x00002000", "EventData_CallTrace": "C:\\Windows\\SYSTEM32\\ntdll.dll+9d314|C:\\Windows\\System32\\KERNELBASE.dll+308ee|C:\\Windows\\system32\\twinui.dll+331cb|C:\\Windows\\system32\\twinui.dll+32a3c|C:\\Windows\\system32\\twinui.dll+68bdc|C:\\Windows\\system32\\twinui.dll+68b3c|C:\\Windows\\system32\\twinui.dll+60c7a|C:\\Windows\\system32\\twinui.dll+605aa|C:\\Windows\\system32\\twinui.dll+60e4b|C:\\Windows\\system32\\twinui.dll+6066d|C:\\Windows\\System32\\user32.dll+e858|C:\\Windows\\System32\\user32.dll+e299|C:\\Windows\\System32\\windows.immersiveshell.serviceprovider.dll+c7e3|C:\\Windows\\System32\\windows.immersiveshell.serviceprovider.dll+c377|C:\\Windows\\System32\\windows.immersiveshell.serviceprovider.dll+c9c7|C:\\Windows\\System32\\windows.immersiveshell.serviceprovider.dll+ca22|C:\\Windows\\System32\\KERNEL32.DLL+17344|C:\\Windows\\SYSTEM32\\ntdll.dll+526b1", "EventData_SourceUser": "DESKTOP-P5C3MUD\\user", "EventData_TargetUser": "DESKTOP-P5C3MUD\\user"}
{"Provider_Name": "Microsoft-Windows-Sysmon", "Provider_Guid": "{5770385f-c22a-43e0-bf4c-06f5698ffbd9}", "Provider": null, "EventID_Qualifiers": "", "EventID": "10", "Version": "3", "Level": "4", "Task": "10", "Opcode": "0", "Keywords": "0x8000000000000000", "TimeCreated_SystemTime": "2023-09-27 07:33:56.017761", "TimeCreated": null, "EventRecordID": "32743", "Correlation_ActivityID": "", "Correlation_RelatedActivityID": "", "Correlation": null, "Execution_ProcessID": "3408", "Execution_ThreadID": "1072", "Execution": null, "Channel": "Microsoft-Windows-Sysmon/Operational", "Computer": "DESKTOP-P5C3MUD", "Security_UserID": "S-1-5-18", "Security": null, "EventData_RuleName": "-", "EventData_UtcTime": "2023-09-27 07:33:56.014", "EventData_SourceProcessGUID": "{4557fbaa-d572-6513-8800-000000000f00}", "EventData_SourceProcessId": "5640", "EventData_SourceThreadId": "5216", "EventData_SourceImage": "C:\\Windows\\Explorer.EXE", "EventData_TargetProcessGUID": "{4557fbaa-d6be-6513-2101-000000000f00}", "EventData_TargetProcessId": "3672", "EventData_TargetImage": "C:\\Windows\\SystemApps\\ShellExperienceHost_cw5n1h2txyewy\\ShellExperienceHost.exe", "EventData_GrantedAccess": "0x00002000", "EventData_CallTrace": "C:\\Windows\\SYSTEM32\\ntdll.dll+9d314|C:\\Windows\\System32\\KERNELBASE.dll+308ee|C:\\Windows\\system32\\twinui.dll+331cb|C:\\Windows\\system32\\twinui.dll+32a3c|C:\\Windows\\system32\\twinui.dll+68bdc|C:\\Windows\\system32\\twinui.dll+68b3c|C:\\Windows\\system32\\twinui.dll+60c7a|C:\\Windows\\system32\\twinui.dll+605aa|C:\\Windows\\system32\\twinui.dll+60e4b|C:\\Windows\\system32\\twinui.dll+6066d|C:\\Windows\\System32\\user32.dll+e858|C:\\Windows\\System32\\user32.dll+e299|C:\\Windows\\System32\\windows.immersiveshell.serviceprovider.dll+c7e3|C:\\Windows\\System32\\windows.immersiveshell.serviceprovider.dll+c377|C:\\Windows\\System32\\windows.immersiveshell.serviceprovider.dll+c9c7|C:\\Windows\\System32\\windows.immersiveshell.serviceprovider.dll+ca22|C:\\Windows\\System32\\KERNEL32.DLL+17344|C:\\Windows\\SYSTEM32\\ntdll.dll+526b1", "EventData_SourceUser": "DESKTOP-P5C3MUD\\user", "EventData_TargetUser": "DESKTOP-P5C3MUD\\user"}
{"Provider_Name": "Microsoft-Windows-Sysmon", "Provider_Guid": "{5770385f-c22a-43e0-bf4c-06f5698ffbd9}", "Provider": null, "EventID_Qualifiers": "", "EventID": "10", "Version": "3", "Level": "4", "Task": "10", "Opcode": "0", "Keywords": "0x8000000000000000", "TimeCreated_SystemTime": "2023-09-27 07:33:56.017855", "TimeCreated": null, "EventRecordID": "32744", "Correlation_ActivityID": "", "Correlation_RelatedActivityID": "", "Correlation": null, "Execution_ProcessID": "3408", "Execution_ThreadID": "1072", "Execution": null, "Channel": "Microsoft-Windows-Sysmon/Operational", "Computer": "DESKTOP-P5C3MUD", "Security_UserID": "S-1-5-18", "Security": null, "EventData_RuleName": "-", "EventData_UtcTime": "2023-09-27 07:33:56.014", "EventData_SourceProcessGUID": "{4557fbaa-d572-6513-8800-000000000f00}", "EventData_SourceProcessId": "5640", "EventData_SourceThreadId": "5216", "EventData_SourceImage": "C:\\Windows\\Explorer.EXE", "EventData_TargetProcessGUID": "{4557fbaa-d576-6513-9600-000000000f00}", "EventData_TargetProcessId": "6812", "EventData_TargetImage": "C:\\Windows\\SystemApps\\Microsoft.Windows.Search_cw5n1h2txyewy\\SearchApp.exe", "EventData_GrantedAccess": "0x00002000", "EventData_CallTrace": "C:\\Windows\\SYSTEM32\\ntdll.dll+9d314|C:\\Windows\\System32\\KERNELBASE.dll+308ee|C:\\Windows\\system32\\twinui.dll+331cb|C:\\Windows\\system32\\twinui.dll+32a3c|C:\\Windows\\system32\\twinui.dll+68bdc|C:\\Windows\\system32\\twinui.dll+68b3c|C:\\Windows\\system32\\twinui.dll+60c7a|C:\\Windows\\system32\\twinui.dll+605aa|C:\\Windows\\system32\\twinui.dll+60e4b|C:\\Windows\\system32\\twinui.dll+6066d|C:\\Windows\\System32\\user32.dll+e858|C:\\Windows\\System32\\user32.dll+e299|C:\\Windows\\System32\\windows.immersiveshell.serviceprovider.dll+c7e3|C:\\Windows\\System32\\windows.immersiveshell.serviceprovider.dll+c377|C:\\Windows\\System32\\windows.immersiveshell.serviceprovider.dll+c9c7|C:\\Windows\\System32\\windows.immersiveshell.serviceprovider.dll+ca22|C:\\Windows\\System32\\KERNEL32.DLL+17344|C:\\Windows\\SYSTEM32\\ntdll.dll+526b1", "EventData_SourceUser": "DESKTOP-P5C3MUD\\user", "EventData_TargetUser": "DESKTOP-P5C3MUD\\user"}
{"Provider_Name": "Microsoft-Windows-Sysmon", "Provider_Guid": "{5770385f-c22a-43e0-bf4c-06f5698ffbd9}", "Provider": null, "EventID_Qualifiers": "", "EventID": "10", "Version": "3", "Level": "4", "Task": "10", "Opcode": "0", "Keywords": "0x8000000000000000", "TimeCreated_SystemTime": "2023-09-27 07:33:56.017923", "TimeCreated": null, "EventRecordID": "32745", "Correlation_ActivityID": "", "Correlation_RelatedActivityID": "", "Correlation": null, "Execution_ProcessID": "3408", "Execution_ThreadID": "1072", "Execution": null, "Channel": "Microsoft-Windows-Sysmon/Operational", "Computer": "DESKTOP-P5C3MUD", "Security_UserID": "S-1-5-18", "Security": null, "EventData_RuleName": "-", "EventData_UtcTime": "2023-09-27 07:33:56.014", "EventData_SourceProcessGUID": "{4557fbaa-d572-6513-8800-000000000f00}", "EventData_SourceProcessId": "5640", "EventData_SourceThreadId": "5216", "EventData_SourceImage": "C:\\Windows\\Explorer.EXE", "EventData_TargetProcessGUID": "{4557fbaa-d574-6513-9000-000000000f00}", "EventData_TargetProcessId": "6264", "EventData_TargetImage": "C:\\Windows\\SystemApps\\Microsoft.Windows.StartMenuExperienceHost_cw5n1h2txyewy\\StartMenuExperienceHost.exe", "EventData_GrantedAccess": "0x00002000", "EventData_CallTrace": "C:\\Windows\\SYSTEM32\\ntdll.dll+9d314|C:\\Windows\\System32\\KERNELBASE.dll+308ee|C:\\Windows\\system32\\twinui.dll+331cb|C:\\Windows\\system32\\twinui.dll+32a3c|C:\\Windows\\system32\\twinui.dll+68bdc|C:\\Windows\\system32\\twinui.dll+68b3c|C:\\Windows\\system32\\twinui.dll+60c7a|C:\\Windows\\system32\\twinui.dll+605aa|C:\\Windows\\system32\\twinui.dll+60e4b|C:\\Windows\\system32\\twinui.dll+6066d|C:\\Windows\\System32\\user32.dll+e858|C:\\Windows\\System32\\user32.dll+e299|C:\\Windows\\System32\\windows.immersiveshell.serviceprovider.dll+c7e3|C:\\Windows\\System32\\windows.immersiveshell.serviceprovider.dll+c377|C:\\Windows\\System32\\windows.immersiveshell.serviceprovider.dll+c9c7|C:\\Windows\\System32\\windows.immersiveshell.serviceprovider.dll+ca22|C:\\Windows\\System32\\KERNEL32.DLL+17344|C:\\Windows\\SYSTEM32\\ntdll.dll+526b1", "EventData_SourceUser": "DESKTOP-P5C3MUD\\user", "EventData_TargetUser": "DESKTOP-P5C3MUD\\user"}
{"Provider_Name": "Microsoft-Windows-Sysmon", "Provider_Guid": "{5770385f-c22a-43e0-bf4c-06f5698ffbd9}", "Provider": null, "EventID_Qualifiers": "", "EventID": "12", "Version": "2", "Level": "4", "Task": "12", "Opcode": "0", "Keywords": "0x8000000000000000", "TimeCreated_SystemTime": "2023-09-27 07:33:56.593414", "TimeCreated": null, "EventRecordID": "32746", "Correlation_ActivityID": "", "Correlation_RelatedActivityID": "", "Correlation": null, "Execution_ProcessID": "3408", "Execution_ThreadID": "1072", "Execution": null, "Channel": "Microsoft-Windows-Sysmon/Operational", "Computer": "DESKTOP-P5C3MUD", "Security_UserID": "S-1-5-18", "Security": null, "EventData_RuleName": "-", "EventData_EventType": "CreateKey", "EventData_UtcTime": "2023-09-27 07:33:56.592", "EventData_ProcessGuid": "{4557fbaa-d56c-6513-4600-000000000f00}", "EventData_ProcessId": "3188", "EventData_Image": "C:\\Windows\\System32\\svchost.exe", "EventData_TargetObject": "\\REGISTRY\\A\\{411f110e-c68c-e201-c483-ed82cf01b33d}\\Root", "EventData_User": "NT AUTHORITY\\SYSTEM"}
{"Provider_Name": "Microsoft-Windows-Sysmon", "Provider_Guid": "{5770385f-c22a-43e0-bf4c-06f5698ffbd9}", "Provider": null, "EventID_Qualifiers": "", "EventID": "12", "Version": "2", "Level": "4", "Task": "12", "Opcode": "0", "Keywords": "0x8000000000000000", "TimeCreated_SystemTime": "2023-09-27 07:33:56.593447", "TimeCreated": null, "EventRecordID": "32747", "Correlation_ActivityID": "", "Correlation_RelatedActivityID": "", "Correlation": null, "Execution_ProcessID": "3408", "Execution_ThreadID": "1072", "Execution": null, "Channel": "Microsoft-Windows-Sysmon/Operational", "Computer": "DESKTOP-P5C3MUD", "Security_UserID": "S-1-5-18", "Security": null, "EventData_RuleName": "-", "EventData_EventType": "CreateKey", "EventData_UtcTime": "2023-09-27 07:33:56.592", "EventData_ProcessGuid": "{4557fbaa-d56c-6513-4600-000000000f00}", "EventData_ProcessId": "3188", "EventData_Image": "C:\\Windows\\System32\\svchost.exe", "EventData_TargetObject": "\\REGISTRY\\A\\{411f110e-c68c-e201-c483-ed82cf01b33d}\\Root\\InventoryApplicationFile", "EventData_User": "NT AUTHORITY\\SYSTEM"}
{"Provider_Name": "Microsoft-Windows-Sysmon", "Provider_Guid": "{5770385f-c22a-43e0-bf4c-06f5698ffbd9}", "Provider": null, "EventID_Qualifiers": "", "EventID": "13", "Version": "2", "Level": "4", "Task": "13", "Opcode": "0", "Keywords": "0x8000000000000000", "TimeCreated_SystemTime": "2023-09-27 07:33:56.593472", "TimeCreated": null, "EventRecordID": "32748", "Correlation_ActivityID": "", "Correlation_RelatedActivityID": "", "Correlation": null, "Execution_ProcessID": "3408", "Execution_ThreadID": "1072", "Execution": null, "Channel": "Microsoft-Windows-Sysmon/Operational", "Computer": "DESKTOP-P5C3MUD", "Security_UserID": "S-1-5-18", "Security": null, "EventData_RuleName": "-", "EventData_EventType": "SetValue", "EventData_UtcTime": "2023-09-27 07:33:56.592", "EventData_ProcessGuid": "{4557fbaa-d56c-6513-4600-000000000f00}", "EventData_ProcessId": "3188", "EventData_Image": "C:\\Windows\\System32\\svchost.exe", "EventData_TargetObject": "\\REGISTRY\\A\\{411f110e-c68c-e201-c483-ed82cf01b33d}\\Root\\InventoryApplicationFile\\WritePermissionsCheck", "EventData_Details": "DWORD (0x00000001)", "EventData_User": "NT AUTHORITY\\SYSTEM"}
{"Provider_Name": "Microsoft-Windows-Sysmon", "Provider_Guid": "{5770385f-c22a-43e0-bf4c-06f5698ffbd9}", "Provider": null, "EventID_Qualifiers": "", "EventID": "12", "Version": "2", "Level": "4", "Task": "12", "Opcode": "0", "Keywords": "0x8000000000000000", "TimeCreated_SystemTime": "2023-09-27 07:33:56.593493", "TimeCreated": null, "EventRecordID": "32749", "Correlation_ActivityID": "", "Correlation_RelatedActivityID": "", "Correlation": null, "Execution_ProcessID": "3408", "Execution_ThreadID": "1072", "Execution": null, "Channel": "Microsoft-Windows-Sysmon/Operational", "Computer": "DESKTOP-P5C3MUD", "Security_UserID": "S-1-5-18", "Security": null, "EventData_RuleName": "-", "EventData_EventType": "CreateKey", "EventData_UtcTime": "2023-09-27 07:33:56.592", "EventData_ProcessGuid": "{4557fbaa-d56c-6513-4600-000000000f00}", "EventData_ProcessId": "3188", "EventData_Image": "C:\\Windows\\System32\\svchost.exe", "EventData_TargetObject": "\\REGISTRY\\A\\{411f110e-c68c-e201-c483-ed82cf01b33d}\\Root\\InventoryApplicationFile\\PermissionsCheckTestKey", "EventData_User": "NT AUTHORITY\\SYSTEM"}
